	at java.base/sun.net.www.http.HttpClient.<init>(HttpClient.java:281)
	at java.base/sun.net.www.http.HttpClient.New(HttpClient.java:386)
	at java.base/sun.net.www.http.HttpClient.New(HttpClient.java:408)
	at java.base/sun.net.www.protocol.http.HttpURLConnection.getNewHttpClient(HttpURLConnection.java:1308)
	at java.base/sun.net.www.protocol.http.HttpURLConnection.plainConnect0(HttpURLConnection.java:1241)
	at java.base/sun.net.www.protocol.http.HttpURLConnection.plainConnect(HttpURLConnection.java:1127)
	at java.base/sun.net.www.protocol.http.HttpURLConnection.connect(HttpURLConnection.java:1056)
	at java.base/sun.net.www.protocol.http.HttpURLConnection.getOutputStream0(HttpURLConnection.java:1450)
	at java.base/sun.net.www.protocol.http.HttpURLConnection.getOutputStream(HttpURLConnection.java:1421)
	at io.micrometer@1.12.4//io.micrometer.core.ipc.http.HttpUrlConnectionSender.send(HttpUrlConnectionSender.java:98)
	at io.micrometer@1.12.4//io.micrometer.core.ipc.http.HttpSender$Request$Builder.send(HttpSender.java:306)
	at io.micrometer@1.12.4//io.micrometer.registry.otlp.OtlpMeterRegistry.publish(OtlpMeterRegistry.java:168)
	at io.micrometer@1.12.4//io.micrometer.core.instrument.push.PushMeterRegistry.publishSafelyOrSkipIfInProgress(PushMeterRegistry.java:64)
	at java.base/java.util.concurrent.Executors$RunnableAdapter.call(Executors.java:539)
	at java.base/java.util.concurrent.FutureTask.runAndReset(FutureTask.java:305)
	at java.base/java.util.concurrent.ScheduledThreadPoolExecutor$ScheduledFutureTask.run(ScheduledThreadPoolExecutor.java:305)
	at java.base/java.util.concurrent.ThreadPoolExecutor.runWorker(ThreadPoolExecutor.java:1136)
	at java.base/java.util.concurrent.ThreadPoolExecutor$Worker.run(ThreadPoolExecutor.java:635)
	at java.base/java.lang.Thread.run(Thread.java:840)

[0m[0m21:37:15,256 INFO  [open.dolphin] (default task-1) 192.168.65.1 anonymous PUT /appo traceId=trace-appo-20251110T123655Z
[0m[0m21:37:15,256 INFO  [open.dolphin] (default task-1) 192.168.65.1 anonymous PUT /appo traceId=trace-appo-20251110T123655Z
[0m[0m21:37:18,758 INFO  [open.dolphin] (default task-1) 127.0.0.1 anonymous GET /dolphin traceId=d69607dd-368c-41c8-b4bf-d8bddc994c6f
[0m[0m21:37:18,758 INFO  [open.dolphin] (default task-1) 127.0.0.1 anonymous GET /dolphin traceId=4f87639f-71a5-4743-a245-28c80c0dd31c
[0m[0m21:37:48,805 INFO  [open.dolphin] (default task-1) 127.0.0.1 anonymous GET /dolphin traceId=58d4bb92-246b-4433-9b78-b7d77cd72227
[0m[0m21:37:48,805 INFO  [open.dolphin] (default task-1) 127.0.0.1 anonymous GET /dolphin traceId=dca2b8ea-85dd-44e7-90b2-eb2eeee328e5
[0m[33m21:38:04,049 WARNING [io.micrometer.registry.otlp.OtlpMeterRegistry] (otlp-metrics-publisher) Failed to publish metrics to OTLP receiver: java.net.UnknownHostException: otel-collector
	at java.base/sun.nio.ch.NioSocketImpl.connect(NioSocketImpl.java:572)
	at java.base/java.net.Socket.connect(Socket.java:633)
	at java.base/sun.net.NetworkClient.doConnect(NetworkClient.java:178)
	at java.base/sun.net.www.http.HttpClient.openServer(HttpClient.java:533)
	at java.base/sun.net.www.http.HttpClient.openServer(HttpClient.java:638)
	at java.base/sun.net.www.http.HttpClient.<init>(HttpClient.java:281)
	at java.base/sun.net.www.http.HttpClient.New(HttpClient.java:386)
	at java.base/sun.net.www.http.HttpClient.New(HttpClient.java:408)
	at java.base/sun.net.www.protocol.http.HttpURLConnection.getNewHttpClient(HttpURLConnection.java:1308)
	at java.base/sun.net.www.protocol.http.HttpURLConnection.plainConnect0(HttpURLConnection.java:1241)
	at java.base/sun.net.www.protocol.http.HttpURLConnection.plainConnect(HttpURLConnection.java:1127)
	at java.base/sun.net.www.protocol.http.HttpURLConnection.connect(HttpURLConnection.java:1056)
	at java.base/sun.net.www.protocol.http.HttpURLConnection.getOutputStream0(HttpURLConnection.java:1450)
	at java.base/sun.net.www.protocol.http.HttpURLConnection.getOutputStream(HttpURLConnection.java:1421)
	at io.micrometer@1.12.4//io.micrometer.core.ipc.http.HttpUrlConnectionSender.send(HttpUrlConnectionSender.java:98)
--
	at io.undertow.core@2.3.17.Final//io.undertow.server.HttpServerExchange$1.run(HttpServerExchange.java:859)
	at org.jboss.threads@2.4.0.Final//org.jboss.threads.ContextClassLoaderSavingRunnable.run(ContextClassLoaderSavingRunnable.java:35)
	at org.jboss.threads@2.4.0.Final//org.jboss.threads.EnhancedQueueExecutor.safeRun(EnhancedQueueExecutor.java:1990)
	at org.jboss.threads@2.4.0.Final//org.jboss.threads.EnhancedQueueExecutor$ThreadBody.doRunTask(EnhancedQueueExecutor.java:1486)
	at org.jboss.threads@2.4.0.Final//org.jboss.threads.EnhancedQueueExecutor$ThreadBody.run(EnhancedQueueExecutor.java:1377)
	at org.jboss.xnio@3.8.16.Final//org.xnio.XnioWorker$WorkerThreadFactory$1$1.run(XnioWorker.java:1282)
	at java.base/java.lang.Thread.run(Thread.java:840)
Caused by: jakarta.persistence.NoResultException: No result found for query [from PatientModel p where p.facilityId=:fid and p.patientId like :pid]
	at org.hibernate@6.4.4.Final//org.hibernate.query.spi.AbstractSelectionQuery.getSingleResult(AbstractSelectionQuery.java:567)
	at deployment.opendolphin-server.war//open.dolphin.session.PatientServiceBean.getPatientById(PatientServiceBean.java:231)
	at deployment.opendolphin-server.war//open.dolphin.session.PatientServiceBean$Proxy$_$$_WeldSubclass.getPatientById$$super(Unknown Source)
	at java.base/jdk.internal.reflect.NativeMethodAccessorImpl.invoke0(Native Method)
	at java.base/jdk.internal.reflect.NativeMethodAccessorImpl.invoke(NativeMethodAccessorImpl.java:77)
	at java.base/jdk.internal.reflect.DelegatingMethodAccessorImpl.invoke(DelegatingMethodAccessorImpl.java:43)
	at java.base/java.lang.reflect.Method.invoke(Method.java:569)
	at org.jboss.weld.core@5.1.2.Final//org.jboss.weld.interceptor.proxy.TerminalAroundInvokeInvocationContext.proceedInternal(TerminalAroundInvokeInvocationContext.java:55)
	at org.jboss.weld.core@5.1.2.Final//org.jboss.weld.interceptor.proxy.AroundInvokeInvocationContext.proceed(AroundInvokeInvocationContext.java:86)
	at deployment.opendolphin-server.war//open.dolphin.session.framework.SessionOperationInterceptor.aroundInvoke(SessionOperationInterceptor.java:37)
	... 101 more

[0m[0m21:38:07,548 INFO  [open.dolphin] (default task-1) 192.168.65.1 anonymous PUT /appo traceId=trace-appo-20251110T123655Z
[0m[0m21:38:07,548 INFO  [open.dolphin] (default task-1) 192.168.65.1 anonymous PUT /appo traceId=trace-appo-20251110T123655Z
[0m[0m21:38:07,557 INFO  [stdout] (default task-1) Hibernate: select am1_0.id,am1_0.confirmed,am1_0.creator_id,c1_0.id,c1_0.commonName,c1_0.department,c1_0.departmentCodeSys,c1_0.departmentDesc,c1_0.email,c1_0.facility_id,f1_0.id,f1_0.address,f1_0.facilityId,f1_0.facilityName,f1_0.facsimile,f1_0.memberType,f1_0.registeredDate,f1_0.s3AccessKey,f1_0.s3SecretKey,f1_0.s3URL,f1_0.telephone,f1_0.url,f1_0.zipCode,c1_0.factor2Auth,c1_0.givenName,c1_0.license,c1_0.licenseCodeSys,c1_0.licenseDesc,c1_0.mainMobile,c1_0.memberType,c1_0.memo,c1_0.orcaId,c1_0.password,c1_0.registeredDate,c1_0.sirName,c1_0.subMobile,c1_0.useDrugId,c1_0.userId,r1_0.c_user,r1_0.id,r1_0.c_role,r1_0.user_id,am1_0.c_date,am1_0.ended,am1_0.karte_id,k1_0.id,k1_0.created,k1_0.patient_id,p1_0.id,p1_0.address,p1_0.zipCode,p1_0.appMemo,p1_0.birthday,p1_0.email,p1_0.facilityId,p1_0.familyName,p1_0.fullName,p1_0.gender,p1_0.genderDesc,p1_0.givenName,p1_0.jpegPhoto,p1_0.kanaFamilyName,p1_0.kanaGivenName,p1_0.kanaName,p1_0.maritalStatus,p1_0.memo,p1_0.mobilePhone,p1_0.nationality,p1_0.ownerUUID,p1_0.patientId,p1_0.relations,p1_0.reserve1,p1_0.reserve2,p1_0.reserve3,p1_0.reserve4,p1_0.reserve5,p1_0.reserve6,p1_0.romanFamilyName,p1_0.romanGivenName,p1_0.romanName,p1_0.telephone,am1_0.linkId,am1_0.linkRelation,am1_0.memo,am1_0.c_name,am1_0.patientId,am1_0.recorded,am1_0.started,am1_0.status from d_appo am1_0 join d_users c1_0 on c1_0.id=am1_0.creator_id left join d_facility f1_0 on f1_0.id=c1_0.facility_id left join d_roles r1_0 on c1_0.id=r1_0.c_user join d_karte k1_0 on k1_0.id=am1_0.karte_id left join d_patient p1_0 on p1_0.id=k1_0.patient_id where am1_0.id=?
[0m[31m21:38:07,559 ERROR [open.dolphin.session.framework.SessionOperationInterceptor] (default task-1) Session operation failed [traceId=trace-appo-20251110T123655Z, operation=open.dolphin.session.AppoServiceBean$Proxy$_$$_WeldSubclass#putAppointments]: open.dolphin.session.framework.SessionServiceException: Session layer failure in open.dolphin.session.AppoServiceBean$Proxy$_$$_WeldSubclass#putAppointments
	at deployment.opendolphin-server.war//open.dolphin.session.framework.SessionOperationInterceptor.wrapException(SessionOperationInterceptor.java:54)
	at deployment.opendolphin-server.war//open.dolphin.session.framework.SessionOperationInterceptor.aroundInvoke(SessionOperationInterceptor.java:39)
	at jdk.internal.reflect.GeneratedMethodAccessor66.invoke(Unknown Source)
	at java.base/jdk.internal.reflect.DelegatingMethodAccessorImpl.invoke(DelegatingMethodAccessorImpl.java:43)
	at java.base/java.lang.reflect.Method.invoke(Method.java:569)
	at org.jboss.weld.core@5.1.2.Final//org.jboss.weld.interceptor.reader.SimpleInterceptorInvocation$SimpleMethodInvocation.invoke(SimpleInterceptorInvocation.java:75)
	at org.jboss.weld.core@5.1.2.Final//org.jboss.weld.interceptor.proxy.NonTerminalAroundInvokeInvocationContext.proceedInternal(NonTerminalAroundInvokeInvocationContext.java:72)
	at org.jboss.weld.core@5.1.2.Final//org.jboss.weld.interceptor.proxy.AroundInvokeInvocationContext.proceed(AroundInvokeInvocationContext.java:86)
	at org.jboss.jts//com.arjuna.ats.jta.cdi.transactional.TransactionalInterceptorBase.invokeInOurTx(TransactionalInterceptorBase.java:181)
	at org.jboss.jts//com.arjuna.ats.jta.cdi.transactional.TransactionalInterceptorBase.invokeInOurTx(TransactionalInterceptorBase.java:169)
	at org.jboss.jts//com.arjuna.ats.jta.cdi.transactional.TransactionalInterceptorRequired.doIntercept(TransactionalInterceptorRequired.java:37)
	at org.jboss.jts//com.arjuna.ats.jta.cdi.transactional.TransactionalInterceptorBase.intercept(TransactionalInterceptorBase.java:74)
	at org.jboss.jts//com.arjuna.ats.jta.cdi.transactional.TransactionalInterceptorRequired.intercept(TransactionalInterceptorRequired.java:31)
	at jdk.internal.reflect.GeneratedMethodAccessor64.invoke(Unknown Source)
	at java.base/jdk.internal.reflect.DelegatingMethodAccessorImpl.invoke(DelegatingMethodAccessorImpl.java:43)
	at java.base/java.lang.reflect.Method.invoke(Method.java:569)
	at org.jboss.weld.core@5.1.2.Final//org.jboss.weld.interceptor.reader.SimpleInterceptorInvocation$SimpleMethodInvocation.invoke(SimpleInterceptorInvocation.java:75)
	at org.jboss.weld.core@5.1.2.Final//org.jboss.weld.interceptor.proxy.InterceptorMethodHandler.executeAroundInvoke(InterceptorMethodHandler.java:90)
	at org.jboss.weld.core@5.1.2.Final//org.jboss.weld.interceptor.proxy.InterceptorMethodHandler.executeInterception(InterceptorMethodHandler.java:73)
	at org.jboss.weld.core@5.1.2.Final//org.jboss.weld.interceptor.proxy.InterceptorMethodHandler.invoke(InterceptorMethodHandler.java:56)
