	at org.jboss.threads@2.4.0.Final//org.jboss.threads.EnhancedQueueExecutor.safeRun(EnhancedQueueExecutor.java:1990)
	at org.jboss.threads@2.4.0.Final//org.jboss.threads.EnhancedQueueExecutor$ThreadBody.doRunTask(EnhancedQueueExecutor.java:1486)
	at org.jboss.threads@2.4.0.Final//org.jboss.threads.EnhancedQueueExecutor$ThreadBody.run(EnhancedQueueExecutor.java:1377)
	at org.jboss.xnio@3.8.16.Final//org.xnio.XnioWorker$WorkerThreadFactory$1$1.run(XnioWorker.java:1282)
	at java.base/java.lang.Thread.run(Thread.java:840)
Caused by: java.lang.IllegalArgumentException: attempt to create delete event with null entity
	at org.hibernate@6.4.4.Final//org.hibernate.event.spi.DeleteEvent.<init>(DeleteEvent.java:31)
	at org.hibernate@6.4.4.Final//org.hibernate.internal.SessionImpl.delete(SessionImpl.java:891)
	at org.hibernate@6.4.4.Final//org.hibernate.internal.SessionImpl.remove(SessionImpl.java:2377)
	at org.jboss.as.jpa@33.0.2.Final//org.jboss.as.jpa.container.AbstractEntityManager.remove(AbstractEntityManager.java:641)
	at deployment.opendolphin-server.war//open.dolphin.session.AppoServiceBean.putAppointments(AppoServiceBean.java:54)
--
	at org.jboss.threads@2.4.0.Final//org.jboss.threads.EnhancedQueueExecutor.safeRun(EnhancedQueueExecutor.java:1990)
	at org.jboss.threads@2.4.0.Final//org.jboss.threads.EnhancedQueueExecutor$ThreadBody.doRunTask(EnhancedQueueExecutor.java:1486)
	at org.jboss.threads@2.4.0.Final//org.jboss.threads.EnhancedQueueExecutor$ThreadBody.run(EnhancedQueueExecutor.java:1377)
	at org.jboss.xnio@3.8.16.Final//org.xnio.XnioWorker$WorkerThreadFactory$1$1.run(XnioWorker.java:1282)
	at java.base/java.lang.Thread.run(Thread.java:840)
Caused by: java.lang.IllegalArgumentException: attempt to create delete event with null entity
	at org.hibernate@6.4.4.Final//org.hibernate.event.spi.DeleteEvent.<init>(DeleteEvent.java:31)
	at org.hibernate@6.4.4.Final//org.hibernate.internal.SessionImpl.delete(SessionImpl.java:891)
	at org.hibernate@6.4.4.Final//org.hibernate.internal.SessionImpl.remove(SessionImpl.java:2377)
	at org.jboss.as.jpa@33.0.2.Final//org.jboss.as.jpa.container.AbstractEntityManager.remove(AbstractEntityManager.java:641)
	at deployment.opendolphin-server.war//open.dolphin.session.AppoServiceBean.putAppointments(AppoServiceBean.java:54)
--
	at org.jboss.threads@2.4.0.Final//org.jboss.threads.EnhancedQueueExecutor.safeRun(EnhancedQueueExecutor.java:1990)
	at org.jboss.threads@2.4.0.Final//org.jboss.threads.EnhancedQueueExecutor$ThreadBody.doRunTask(EnhancedQueueExecutor.java:1486)
	at org.jboss.threads@2.4.0.Final//org.jboss.threads.EnhancedQueueExecutor$ThreadBody.run(EnhancedQueueExecutor.java:1377)
	at org.jboss.xnio@3.8.16.Final//org.xnio.XnioWorker$WorkerThreadFactory$1$1.run(XnioWorker.java:1282)
	at java.base/java.lang.Thread.run(Thread.java:840)
Caused by: java.lang.IllegalArgumentException: attempt to create delete event with null entity
	at org.hibernate@6.4.4.Final//org.hibernate.event.spi.DeleteEvent.<init>(DeleteEvent.java:31)
	at org.hibernate@6.4.4.Final//org.hibernate.internal.SessionImpl.delete(SessionImpl.java:891)
	at org.hibernate@6.4.4.Final//org.hibernate.internal.SessionImpl.remove(SessionImpl.java:2377)
	at org.jboss.as.jpa@33.0.2.Final//org.jboss.as.jpa.container.AbstractEntityManager.remove(AbstractEntityManager.java:641)
	at deployment.opendolphin-server.war//open.dolphin.session.AppoServiceBean.putAppointments(AppoServiceBean.java:54)
--
	at org.jboss.threads@2.4.0.Final//org.jboss.threads.EnhancedQueueExecutor.safeRun(EnhancedQueueExecutor.java:1990)
	at org.jboss.threads@2.4.0.Final//org.jboss.threads.EnhancedQueueExecutor$ThreadBody.doRunTask(EnhancedQueueExecutor.java:1486)
	at org.jboss.threads@2.4.0.Final//org.jboss.threads.EnhancedQueueExecutor$ThreadBody.run(EnhancedQueueExecutor.java:1377)
	at org.jboss.xnio@3.8.16.Final//org.xnio.XnioWorker$WorkerThreadFactory$1$1.run(XnioWorker.java:1282)
	at java.base/java.lang.Thread.run(Thread.java:840)
Caused by: java.lang.IllegalArgumentException: attempt to create delete event with null entity
	at org.hibernate@6.4.4.Final//org.hibernate.event.spi.DeleteEvent.<init>(DeleteEvent.java:31)
	at org.hibernate@6.4.4.Final//org.hibernate.internal.SessionImpl.delete(SessionImpl.java:891)
	at org.hibernate@6.4.4.Final//org.hibernate.internal.SessionImpl.remove(SessionImpl.java:2377)
	at org.jboss.as.jpa@33.0.2.Final//org.jboss.as.jpa.container.AbstractEntityManager.remove(AbstractEntityManager.java:641)
	at deployment.opendolphin-server.war//open.dolphin.session.AppoServiceBean.putAppointments(AppoServiceBean.java:54)
--
	at org.jboss.threads@2.4.0.Final//org.jboss.threads.EnhancedQueueExecutor.safeRun(EnhancedQueueExecutor.java:1990)
	at org.jboss.threads@2.4.0.Final//org.jboss.threads.EnhancedQueueExecutor$ThreadBody.doRunTask(EnhancedQueueExecutor.java:1486)
	at org.jboss.threads@2.4.0.Final//org.jboss.threads.EnhancedQueueExecutor$ThreadBody.run(EnhancedQueueExecutor.java:1377)
	at org.jboss.xnio@3.8.16.Final//org.xnio.XnioWorker$WorkerThreadFactory$1$1.run(XnioWorker.java:1282)
	at java.base/java.lang.Thread.run(Thread.java:840)
Caused by: java.lang.IllegalArgumentException: attempt to create delete event with null entity
	at org.hibernate@6.4.4.Final//org.hibernate.event.spi.DeleteEvent.<init>(DeleteEvent.java:31)
	at org.hibernate@6.4.4.Final//org.hibernate.internal.SessionImpl.delete(SessionImpl.java:891)
	at org.hibernate@6.4.4.Final//org.hibernate.internal.SessionImpl.remove(SessionImpl.java:2377)
	at org.jboss.as.jpa@33.0.2.Final//org.jboss.as.jpa.container.AbstractEntityManager.remove(AbstractEntityManager.java:641)
	at deployment.opendolphin-server.war//open.dolphin.session.AppoServiceBean.putAppointments(AppoServiceBean.java:54)
--
	at org.jboss.threads@2.4.0.Final//org.jboss.threads.EnhancedQueueExecutor.safeRun(EnhancedQueueExecutor.java:1990)
	at org.jboss.threads@2.4.0.Final//org.jboss.threads.EnhancedQueueExecutor$ThreadBody.doRunTask(EnhancedQueueExecutor.java:1486)
	at org.jboss.threads@2.4.0.Final//org.jboss.threads.EnhancedQueueExecutor$ThreadBody.run(EnhancedQueueExecutor.java:1377)
	at org.jboss.xnio@3.8.16.Final//org.xnio.XnioWorker$WorkerThreadFactory$1$1.run(XnioWorker.java:1282)
	at java.base/java.lang.Thread.run(Thread.java:840)
Caused by: java.lang.IllegalArgumentException: attempt to create delete event with null entity
	at org.hibernate@6.4.4.Final//org.hibernate.event.spi.DeleteEvent.<init>(DeleteEvent.java:31)
	at org.hibernate@6.4.4.Final//org.hibernate.internal.SessionImpl.delete(SessionImpl.java:891)
	at org.hibernate@6.4.4.Final//org.hibernate.internal.SessionImpl.remove(SessionImpl.java:2377)
	at org.jboss.as.jpa@33.0.2.Final//org.jboss.as.jpa.container.AbstractEntityManager.remove(AbstractEntityManager.java:641)
	at deployment.opendolphin-server.war//open.dolphin.session.AppoServiceBean.putAppointments(AppoServiceBean.java:54)
