[0m[33m18:14:36,195 WARN  [org.jboss.as.controller] (Controller Boot Thread) WFLYCTL0414: Could not create a timestamped backup of current history dir /opt/jboss/wildfly/standalone/configuration/standalone_xml_history/current, so it may still include versions from the previous boot.
[0m[0m18:14:36,205 INFO  [org.jboss.as] (Controller Boot Thread) WFLYSRV0060: Http management interface listening on http://0.0.0.0:9990/management
[0m[0m18:14:36,207 INFO  [org.jboss.as] (Controller Boot Thread) WFLYSRV0051: Admin console listening on http://0.0.0.0:9990
[0m[0m18:14:36,208 INFO  [org.jboss.as] (Controller Boot Thread) WFLYSRV0025: WildFly Full 10.1.0.Final (WildFly Core 2.2.0.Final) started in 41090ms - Started 1016 of 1251 services (424 services are lazy, passive or on-demand)
[0m[0m18:29:16,872 INFO  [stdout] (default task-1) Hibernate: select usermodel0_.id as id1_46_, usermodel0_.commonName as commonNa2_46_, usermodel0_.department as departme3_46_, usermodel0_.departmentCodeSys as departme4_46_, usermodel0_.departmentDesc as departme5_46_, usermodel0_.email as email6_46_, usermodel0_.facility_id as facilit22_46_, usermodel0_.factor2Auth as factor7_46_, usermodel0_.givenName as givenNam8_46_, usermodel0_.license as license9_46_, usermodel0_.licenseCodeSys as license10_46_, usermodel0_.licenseDesc as license11_46_, usermodel0_.mainMobile as mainMob12_46_, usermodel0_.memberType as memberT13_46_, usermodel0_.memo as memo14_46_, usermodel0_.orcaId as orcaId15_46_, usermodel0_.password as passwor16_46_, usermodel0_.registeredDate as registe17_46_, usermodel0_.sirName as sirName18_46_, usermodel0_.subMobile as subMobi19_46_, usermodel0_.useDrugId as useDrug20_46_, usermodel0_.userId as userId21_46_ from d_users usermodel0_ where usermodel0_.userId=?
[0m[33m18:29:16,926 WARNING [open.dolphin] (default task-1) Unauthorized user: LOCAL.FACILITY.0001:dolphin: /openDolphin/resources/dolphin/license traceId=license-license-20251120TlicenseNightlyZ1
[0m[0m18:29:16,949 INFO  [stdout] (default task-1) Hibernate: select auditevent0_.event_hash as col_0_0_ from d_audit_event auditevent0_ order by auditevent0_.event_time desc limit ?
[0m[0m18:29:17,058 INFO  [stdout] (default task-1) Hibernate: select nextval ('d_audit_event_id_seq')
[0m[0m18:29:17,266 INFO  [stdout] (default task-1) Hibernate: insert into d_audit_event (action, actor_display_name, actor_id, actor_role, event_hash, event_time, ip_address, patient_id, payload, payload_hash, previous_hash, request_id, resource, trace_id, user_agent, id) values (?, ?, ?, ?, ?, ?, ?, ?, ?, ?, ?, ?, ?, ?, ?, ?)
[0m[0m18:29:17,514 INFO  [stdout] (default task-2) Hibernate: select usermodel0_.id as id1_46_, usermodel0_.commonName as commonNa2_46_, usermodel0_.department as departme3_46_, usermodel0_.departmentCodeSys as departme4_46_, usermodel0_.departmentDesc as departme5_46_, usermodel0_.email as email6_46_, usermodel0_.facility_id as facilit22_46_, usermodel0_.factor2Auth as factor7_46_, usermodel0_.givenName as givenNam8_46_, usermodel0_.license as license9_46_, usermodel0_.licenseCodeSys as license10_46_, usermodel0_.licenseDesc as license11_46_, usermodel0_.mainMobile as mainMob12_46_, usermodel0_.memberType as memberT13_46_, usermodel0_.memo as memo14_46_, usermodel0_.orcaId as orcaId15_46_, usermodel0_.password as passwor16_46_, usermodel0_.registeredDate as registe17_46_, usermodel0_.sirName as sirName18_46_, usermodel0_.subMobile as subMobi19_46_, usermodel0_.useDrugId as useDrug20_46_, usermodel0_.userId as userId21_46_ from d_users usermodel0_ where usermodel0_.userId=?
[0m[33m18:29:17,530 WARNING [open.dolphin] (default task-2) Unauthorized user: LOCAL.FACILITY.0001:dolphin: /openDolphin/resources/dolphin/license traceId=license-license-20251120TlicenseNightlyZ1
[0m[0m18:29:17,532 INFO  [stdout] (default task-2) Hibernate: select auditevent0_.event_hash as col_0_0_ from d_audit_event auditevent0_ order by auditevent0_.event_time desc limit ?
[0m[0m18:29:17,544 INFO  [stdout] (default task-2) Hibernate: select nextval ('d_audit_event_id_seq')
[0m[0m18:29:17,549 INFO  [stdout] (default task-2) Hibernate: insert into d_audit_event (action, actor_display_name, actor_id, actor_role, event_hash, event_time, ip_address, patient_id, payload, payload_hash, previous_hash, request_id, resource, trace_id, user_agent, id) values (?, ?, ?, ?, ?, ?, ?, ?, ?, ?, ?, ?, ?, ?, ?, ?)
[0m[0m18:29:17,642 INFO  [stdout] (default task-3) Hibernate: select usermodel0_.id as id1_46_, usermodel0_.commonName as commonNa2_46_, usermodel0_.department as departme3_46_, usermodel0_.departmentCodeSys as departme4_46_, usermodel0_.departmentDesc as departme5_46_, usermodel0_.email as email6_46_, usermodel0_.facility_id as facilit22_46_, usermodel0_.factor2Auth as factor7_46_, usermodel0_.givenName as givenNam8_46_, usermodel0_.license as license9_46_, usermodel0_.licenseCodeSys as license10_46_, usermodel0_.licenseDesc as license11_46_, usermodel0_.mainMobile as mainMob12_46_, usermodel0_.memberType as memberT13_46_, usermodel0_.memo as memo14_46_, usermodel0_.orcaId as orcaId15_46_, usermodel0_.password as passwor16_46_, usermodel0_.registeredDate as registe17_46_, usermodel0_.sirName as sirName18_46_, usermodel0_.subMobile as subMobi19_46_, usermodel0_.useDrugId as useDrug20_46_, usermodel0_.userId as userId21_46_ from d_users usermodel0_ where usermodel0_.userId=?
[0m[33m18:29:17,646 WARNING [open.dolphin] (default task-3) Unauthorized user: LOCAL.FACILITY.0001:dolphin: /openDolphin/resources/system/license traceId=license-license-20251120TlicenseNightlyZ1
[0m[0m18:29:17,647 INFO  [stdout] (default task-3) Hibernate: select auditevent0_.event_hash as col_0_0_ from d_audit_event auditevent0_ order by auditevent0_.event_time desc limit ?
[0m[0m18:29:17,649 INFO  [stdout] (default task-3) Hibernate: select nextval ('d_audit_event_id_seq')
[0m[0m18:29:17,650 INFO  [stdout] (default task-3) Hibernate: insert into d_audit_event (action, actor_display_name, actor_id, actor_role, event_hash, event_time, ip_address, patient_id, payload, payload_hash, previous_hash, request_id, resource, trace_id, user_agent, id) values (?, ?, ?, ?, ?, ?, ?, ?, ?, ?, ?, ?, ?, ?, ?, ?)
[0m[0m18:33:56,565 INFO  [stdout] (default task-4) Hibernate: select usermodel0_.id as id1_46_, usermodel0_.commonName as commonNa2_46_, usermodel0_.department as departme3_46_, usermodel0_.departmentCodeSys as departme4_46_, usermodel0_.departmentDesc as departme5_46_, usermodel0_.email as email6_46_, usermodel0_.facility_id as facilit22_46_, usermodel0_.factor2Auth as factor7_46_, usermodel0_.givenName as givenNam8_46_, usermodel0_.license as license9_46_, usermodel0_.licenseCodeSys as license10_46_, usermodel0_.licenseDesc as license11_46_, usermodel0_.mainMobile as mainMob12_46_, usermodel0_.memberType as memberT13_46_, usermodel0_.memo as memo14_46_, usermodel0_.orcaId as orcaId15_46_, usermodel0_.password as passwor16_46_, usermodel0_.registeredDate as registe17_46_, usermodel0_.sirName as sirName18_46_, usermodel0_.subMobile as subMobi19_46_, usermodel0_.useDrugId as useDrug20_46_, usermodel0_.userId as userId21_46_ from d_users usermodel0_ where usermodel0_.userId=?
[0m[0m18:33:56,642 INFO  [stdout] (default task-4) Hibernate: select facilitymo0_.id as id1_9_0_, facilitymo0_.address as address2_9_0_, facilitymo0_.facilityId as facility3_9_0_, facilitymo0_.facilityName as facility4_9_0_, facilitymo0_.facsimile as facsimil5_9_0_, facilitymo0_.memberType as memberTy6_9_0_, facilitymo0_.registeredDate as register7_9_0_, facilitymo0_.s3AccessKey as s8_9_0_, facilitymo0_.s3SecretKey as s9_9_0_, facilitymo0_.s3URL as s10_9_0_, facilitymo0_.telephone as telepho11_9_0_, facilitymo0_.url as url12_9_0_, facilitymo0_.zipCode as zipCode13_9_0_ from d_facility facilitymo0_ where facilitymo0_.id=?
[0m[0m18:33:56,672 INFO  [stdout] (default task-4) Hibernate: select roles0_.c_user as c_user4_41_0_, roles0_.id as id1_41_0_, roles0_.id as id1_41_1_, roles0_.c_role as c_role2_41_1_, roles0_.c_user as c_user4_41_1_, roles0_.user_id as user_id3_41_1_ from d_roles roles0_ where roles0_.c_user=?
[0m[0m18:33:56,686 INFO  [open.dolphin] (default task-4) 172.24.0.8 dolphin POST /dolphin/license traceId=license-license-20251120TlicenseNightlyZ1
[0m[0m18:33:56,692 INFO  [open.dolphin] (default task-4) 172.24.0.8 dolphin POST /dolphin/license traceId=license-license-20251120TlicenseNightlyZ1
[0m[0m18:33:56,856 INFO  [open.dolphin] (default task-4) ?????????
[0m[0m18:33:57,016 INFO  [open.dolphin] (default task-5) 172.24.0.8 dolphin GET /dolphin/license traceId=license-license-20251120TlicenseNightlyZ1
[0m[0m18:33:57,017 INFO  [open.dolphin] (default task-5) 172.24.0.8 dolphin GET /dolphin/license traceId=license-license-20251120TlicenseNightlyZ1
[0m[31m18:33:57,037 ERROR [org.jboss.resteasy.resteasy_jaxrs.i18n] (default task-5) RESTEASY002010: Failed to execute: javax.ws.rs.NotAllowedException: RESTEASY003650: No resource method found for GET, return 405 with Allow header
	at org.jboss.resteasy.core.registry.SegmentNode.match(SegmentNode.java:382)
	at org.jboss.resteasy.core.registry.SegmentNode.match(SegmentNode.java:121)
	at org.jboss.resteasy.core.registry.RootNode.match(RootNode.java:43)
	at org.jboss.resteasy.core.registry.RootClassNode.match(RootClassNode.java:48)
	at org.jboss.resteasy.core.ResourceMethodRegistry.getResourceInvoker(ResourceMethodRegistry.java:445)
	at org.jboss.resteasy.core.SynchronousDispatcher.getInvoker(SynchronousDispatcher.java:264)
	at org.jboss.resteasy.core.SynchronousDispatcher.invoke(SynchronousDispatcher.java:201)
	at org.jboss.resteasy.plugins.server.servlet.ServletContainerDispatcher.service(ServletContainerDispatcher.java:221)
	at org.jboss.resteasy.plugins.server.servlet.HttpServletDispatcher.service(HttpServletDispatcher.java:56)
	at org.jboss.resteasy.plugins.server.servlet.HttpServletDispatcher.service(HttpServletDispatcher.java:51)
	at javax.servlet.http.HttpServlet.service(HttpServlet.java:790)
	at io.undertow.servlet.handlers.ServletHandler.handleRequest(ServletHandler.java:85)
	at io.undertow.servlet.handlers.FilterHandler$FilterChainImpl.doFilter(FilterHandler.java:129)
	at open.dolphin.rest.LogFilter.doFilter(LogFilter.java:111)
	at io.undertow.servlet.core.ManagedFilter.doFilter(ManagedFilter.java:61)
	at io.undertow.servlet.handlers.FilterHandler$FilterChainImpl.doFilter(FilterHandler.java:131)
	at open.dolphin.rest.LogFilter.doFilter(LogFilter.java:111)
	at io.undertow.servlet.core.ManagedFilter.doFilter(ManagedFilter.java:61)
	at io.undertow.servlet.handlers.FilterHandler$FilterChainImpl.doFilter(FilterHandler.java:131)
	at io.undertow.servlet.handlers.FilterHandler.handleRequest(FilterHandler.java:84)
	at io.undertow.servlet.handlers.security.ServletSecurityRoleHandler.handleRequest(ServletSecurityRoleHandler.java:62)
	at io.undertow.servlet.handlers.ServletDispatchingHandler.handleRequest(ServletDispatchingHandler.java:36)
	at org.wildfly.extension.undertow.security.SecurityContextAssociationHandler.handleRequest(SecurityContextAssociationHandler.java:78)
	at io.undertow.server.handlers.PredicateHandler.handleRequest(PredicateHandler.java:43)
	at io.undertow.servlet.handlers.security.SSLInformationAssociationHandler.handleRequest(SSLInformationAssociationHandler.java:131)
	at io.undertow.servlet.handlers.security.ServletAuthenticationCallHandler.handleRequest(ServletAuthenticationCallHandler.java:57)
	at io.undertow.server.handlers.PredicateHandler.handleRequest(PredicateHandler.java:43)
	at io.undertow.security.handlers.AbstractConfidentialityHandler.handleRequest(AbstractConfidentialityHandler.java:46)
	at io.undertow.servlet.handlers.security.ServletConfidentialityConstraintHandler.handleRequest(ServletConfidentialityConstraintHandler.java:64)
	at io.undertow.security.handlers.AuthenticationMechanismsHandler.handleRequest(AuthenticationMechanismsHandler.java:60)
	at io.undertow.servlet.handlers.security.CachedAuthenticatedSessionHandler.handleRequest(CachedAuthenticatedSessionHandler.java:77)
	at io.undertow.security.handlers.NotificationReceiverHandler.handleRequest(NotificationReceiverHandler.java:50)
	at io.undertow.security.handlers.AbstractSecurityContextAssociationHandler.handleRequest(AbstractSecurityContextAssociationHandler.java:43)
	at io.undertow.server.handlers.PredicateHandler.handleRequest(PredicateHandler.java:43)
	at org.wildfly.extension.undertow.security.jacc.JACCContextIdHandler.handleRequest(JACCContextIdHandler.java:61)
	at io.undertow.server.handlers.PredicateHandler.handleRequest(PredicateHandler.java:43)
	at io.undertow.server.handlers.PredicateHandler.handleRequest(PredicateHandler.java:43)
	at io.undertow.servlet.handlers.ServletInitialHandler.handleFirstRequest(ServletInitialHandler.java:292)
	at io.undertow.servlet.handlers.ServletInitialHandler.access$100(ServletInitialHandler.java:81)
	at io.undertow.servlet.handlers.ServletInitialHandler$2.call(ServletInitialHandler.java:138)
	at io.undertow.servlet.handlers.ServletInitialHandler$2.call(ServletInitialHandler.java:135)
	at io.undertow.servlet.core.ServletRequestContextThreadSetupAction$1.call(ServletRequestContextThreadSetupAction.java:48)
	at io.undertow.servlet.core.ContextClassLoaderSetupAction$1.call(ContextClassLoaderSetupAction.java:43)
	at io.undertow.servlet.api.LegacyThreadSetupActionWrapper$1.call(LegacyThreadSetupActionWrapper.java:44)
	at io.undertow.servlet.api.LegacyThreadSetupActionWrapper$1.call(LegacyThreadSetupActionWrapper.java:44)
	at io.undertow.servlet.api.LegacyThreadSetupActionWrapper$1.call(LegacyThreadSetupActionWrapper.java:44)
	at io.undertow.servlet.api.LegacyThreadSetupActionWrapper$1.call(LegacyThreadSetupActionWrapper.java:44)
	at io.undertow.servlet.api.LegacyThreadSetupActionWrapper$1.call(LegacyThreadSetupActionWrapper.java:44)
	at io.undertow.servlet.api.LegacyThreadSetupActionWrapper$1.call(LegacyThreadSetupActionWrapper.java:44)
	at io.undertow.servlet.handlers.ServletInitialHandler.dispatchRequest(ServletInitialHandler.java:272)
	at io.undertow.servlet.handlers.ServletInitialHandler.access$000(ServletInitialHandler.java:81)
	at io.undertow.servlet.handlers.ServletInitialHandler$1.handleRequest(ServletInitialHandler.java:104)
	at io.undertow.server.Connectors.executeRootHandler(Connectors.java:202)
	at io.undertow.server.HttpServerExchange$1.run(HttpServerExchange.java:805)
	at java.util.concurrent.ThreadPoolExecutor.runWorker(ThreadPoolExecutor.java:1149)
	at java.util.concurrent.ThreadPoolExecutor$Worker.run(ThreadPoolExecutor.java:624)
	at java.lang.Thread.run(Thread.java:748)

[0m[0m18:33:57,109 INFO  [open.dolphin] (default task-6) 172.24.0.8 dolphin GET /system/license traceId=license-license-20251120TlicenseNightlyZ1
[0m[0m18:33:57,114 INFO  [open.dolphin] (default task-6) 172.24.0.8 dolphin GET /system/license traceId=license-license-20251120TlicenseNightlyZ1
[0m[31m18:33:57,274 ERROR [org.jboss.resteasy.resteasy_jaxrs.i18n] (default task-6) RESTEASY002010: Failed to execute: javax.ws.rs.NotAllowedException: RESTEASY003650: No resource method found for GET, return 405 with Allow header
	at org.jboss.resteasy.core.registry.SegmentNode.match(SegmentNode.java:382)
	at org.jboss.resteasy.core.registry.SegmentNode.match(SegmentNode.java:121)
	at org.jboss.resteasy.core.registry.RootNode.match(RootNode.java:43)
	at org.jboss.resteasy.core.registry.RootClassNode.match(RootClassNode.java:48)
	at org.jboss.resteasy.core.ResourceMethodRegistry.getResourceInvoker(ResourceMethodRegistry.java:445)
	at org.jboss.resteasy.core.SynchronousDispatcher.getInvoker(SynchronousDispatcher.java:264)
	at org.jboss.resteasy.core.SynchronousDispatcher.invoke(SynchronousDispatcher.java:201)
	at org.jboss.resteasy.plugins.server.servlet.ServletContainerDispatcher.service(ServletContainerDispatcher.java:221)
	at org.jboss.resteasy.plugins.server.servlet.HttpServletDispatcher.service(HttpServletDispatcher.java:56)
	at org.jboss.resteasy.plugins.server.servlet.HttpServletDispatcher.service(HttpServletDispatcher.java:51)
	at javax.servlet.http.HttpServlet.service(HttpServlet.java:790)
	at io.undertow.servlet.handlers.ServletHandler.handleRequest(ServletHandler.java:85)
	at io.undertow.servlet.handlers.FilterHandler$FilterChainImpl.doFilter(FilterHandler.java:129)
	at open.dolphin.rest.LogFilter.doFilter(LogFilter.java:111)
	at io.undertow.servlet.core.ManagedFilter.doFilter(ManagedFilter.java:61)
	at io.undertow.servlet.handlers.FilterHandler$FilterChainImpl.doFilter(FilterHandler.java:131)
	at open.dolphin.rest.LogFilter.doFilter(LogFilter.java:111)
	at io.undertow.servlet.core.ManagedFilter.doFilter(ManagedFilter.java:61)
	at io.undertow.servlet.handlers.FilterHandler$FilterChainImpl.doFilter(FilterHandler.java:131)
	at io.undertow.servlet.handlers.FilterHandler.handleRequest(FilterHandler.java:84)
	at io.undertow.servlet.handlers.security.ServletSecurityRoleHandler.handleRequest(ServletSecurityRoleHandler.java:62)
	at io.undertow.servlet.handlers.ServletDispatchingHandler.handleRequest(ServletDispatchingHandler.java:36)
	at org.wildfly.extension.undertow.security.SecurityContextAssociationHandler.handleRequest(SecurityContextAssociationHandler.java:78)
	at io.undertow.server.handlers.PredicateHandler.handleRequest(PredicateHandler.java:43)
	at io.undertow.servlet.handlers.security.SSLInformationAssociationHandler.handleRequest(SSLInformationAssociationHandler.java:131)
	at io.undertow.servlet.handlers.security.ServletAuthenticationCallHandler.handleRequest(ServletAuthenticationCallHandler.java:57)
	at io.undertow.server.handlers.PredicateHandler.handleRequest(PredicateHandler.java:43)
	at io.undertow.security.handlers.AbstractConfidentialityHandler.handleRequest(AbstractConfidentialityHandler.java:46)
	at io.undertow.servlet.handlers.security.ServletConfidentialityConstraintHandler.handleRequest(ServletConfidentialityConstraintHandler.java:64)
	at io.undertow.security.handlers.AuthenticationMechanismsHandler.handleRequest(AuthenticationMechanismsHandler.java:60)
	at io.undertow.servlet.handlers.security.CachedAuthenticatedSessionHandler.handleRequest(CachedAuthenticatedSessionHandler.java:77)
	at io.undertow.security.handlers.NotificationReceiverHandler.handleRequest(NotificationReceiverHandler.java:50)
	at io.undertow.security.handlers.AbstractSecurityContextAssociationHandler.handleRequest(AbstractSecurityContextAssociationHandler.java:43)
	at io.undertow.server.handlers.PredicateHandler.handleRequest(PredicateHandler.java:43)
	at org.wildfly.extension.undertow.security.jacc.JACCContextIdHandler.handleRequest(JACCContextIdHandler.java:61)
	at io.undertow.server.handlers.PredicateHandler.handleRequest(PredicateHandler.java:43)
	at io.undertow.server.handlers.PredicateHandler.handleRequest(PredicateHandler.java:43)
	at io.undertow.servlet.handlers.ServletInitialHandler.handleFirstRequest(ServletInitialHandler.java:292)
	at io.undertow.servlet.handlers.ServletInitialHandler.access$100(ServletInitialHandler.java:81)
	at io.undertow.servlet.handlers.ServletInitialHandler$2.call(ServletInitialHandler.java:138)
	at io.undertow.servlet.handlers.ServletInitialHandler$2.call(ServletInitialHandler.java:135)
	at io.undertow.servlet.core.ServletRequestContextThreadSetupAction$1.call(ServletRequestContextThreadSetupAction.java:48)
	at io.undertow.servlet.core.ContextClassLoaderSetupAction$1.call(ContextClassLoaderSetupAction.java:43)
	at io.undertow.servlet.api.LegacyThreadSetupActionWrapper$1.call(LegacyThreadSetupActionWrapper.java:44)
	at io.undertow.servlet.api.LegacyThreadSetupActionWrapper$1.call(LegacyThreadSetupActionWrapper.java:44)
	at io.undertow.servlet.api.LegacyThreadSetupActionWrapper$1.call(LegacyThreadSetupActionWrapper.java:44)
	at io.undertow.servlet.api.LegacyThreadSetupActionWrapper$1.call(LegacyThreadSetupActionWrapper.java:44)
	at io.undertow.servlet.api.LegacyThreadSetupActionWrapper$1.call(LegacyThreadSetupActionWrapper.java:44)
	at io.undertow.servlet.api.LegacyThreadSetupActionWrapper$1.call(LegacyThreadSetupActionWrapper.java:44)
	at io.undertow.servlet.handlers.ServletInitialHandler.dispatchRequest(ServletInitialHandler.java:272)
	at io.undertow.servlet.handlers.ServletInitialHandler.access$000(ServletInitialHandler.java:81)
	at io.undertow.servlet.handlers.ServletInitialHandler$1.handleRequest(ServletInitialHandler.java:104)
	at io.undertow.server.Connectors.executeRootHandler(Connectors.java:202)
	at io.undertow.server.HttpServerExchange$1.run(HttpServerExchange.java:805)
	at java.util.concurrent.ThreadPoolExecutor.runWorker(ThreadPoolExecutor.java:1149)
	at java.util.concurrent.ThreadPoolExecutor$Worker.run(ThreadPoolExecutor.java:624)
	at java.lang.Thread.run(Thread.java:748)

[0m[0m18:38:14,881 INFO  [open.dolphin] (default task-7) 172.24.0.8 dolphin POST /dolphin/license traceId=license-license-20251120TlicenseNightlyZ1
[0m[0m18:38:14,890 INFO  [open.dolphin] (default task-7) 172.24.0.8 dolphin POST /dolphin/license traceId=license-license-20251120TlicenseNightlyZ1
[0m[0m18:38:14,925 INFO  [open.dolphin] (default task-7) ????????
[0m[0m18:39:01,047 INFO  [open.dolphin] (default task-8) 172.24.0.8 dolphin POST /dolphin/license traceId=license-license-20251120TlicenseNightlyZ1
[0m[0m18:39:01,051 INFO  [open.dolphin] (default task-8) 172.24.0.8 dolphin POST /dolphin/license traceId=license-license-20251120TlicenseNightlyZ1
[0m[0m18:39:01,068 INFO  [open.dolphin] (default task-8) ????????
[0m[0m18:39:01,142 INFO  [open.dolphin] (default task-9) 172.24.0.8 dolphin GET /dolphin/license traceId=license-license-20251120TlicenseNightlyZ1
[0m[0m18:39:01,145 INFO  [open.dolphin] (default task-9) 172.24.0.8 dolphin GET /dolphin/license traceId=license-license-20251120TlicenseNightlyZ1
[0m[31m18:39:01,150 ERROR [org.jboss.resteasy.resteasy_jaxrs.i18n] (default task-9) RESTEASY002010: Failed to execute: javax.ws.rs.NotAllowedException: RESTEASY003650: No resource method found for GET, return 405 with Allow header
	at org.jboss.resteasy.core.registry.SegmentNode.match(SegmentNode.java:382)
	at org.jboss.resteasy.core.registry.SegmentNode.match(SegmentNode.java:121)
	at org.jboss.resteasy.core.registry.RootNode.match(RootNode.java:43)
	at org.jboss.resteasy.core.registry.RootClassNode.match(RootClassNode.java:48)
	at org.jboss.resteasy.core.ResourceMethodRegistry.getResourceInvoker(ResourceMethodRegistry.java:445)
	at org.jboss.resteasy.core.SynchronousDispatcher.getInvoker(SynchronousDispatcher.java:264)
	at org.jboss.resteasy.core.SynchronousDispatcher.invoke(SynchronousDispatcher.java:201)
	at org.jboss.resteasy.plugins.server.servlet.ServletContainerDispatcher.service(ServletContainerDispatcher.java:221)
	at org.jboss.resteasy.plugins.server.servlet.HttpServletDispatcher.service(HttpServletDispatcher.java:56)
	at org.jboss.resteasy.plugins.server.servlet.HttpServletDispatcher.service(HttpServletDispatcher.java:51)
	at javax.servlet.http.HttpServlet.service(HttpServlet.java:790)
	at io.undertow.servlet.handlers.ServletHandler.handleRequest(ServletHandler.java:85)
	at io.undertow.servlet.handlers.FilterHandler$FilterChainImpl.doFilter(FilterHandler.java:129)
	at open.dolphin.rest.LogFilter.doFilter(LogFilter.java:111)
	at io.undertow.servlet.core.ManagedFilter.doFilter(ManagedFilter.java:61)
	at io.undertow.servlet.handlers.FilterHandler$FilterChainImpl.doFilter(FilterHandler.java:131)
	at open.dolphin.rest.LogFilter.doFilter(LogFilter.java:111)
	at io.undertow.servlet.core.ManagedFilter.doFilter(ManagedFilter.java:61)
	at io.undertow.servlet.handlers.FilterHandler$FilterChainImpl.doFilter(FilterHandler.java:131)
	at io.undertow.servlet.handlers.FilterHandler.handleRequest(FilterHandler.java:84)
	at io.undertow.servlet.handlers.security.ServletSecurityRoleHandler.handleRequest(ServletSecurityRoleHandler.java:62)
	at io.undertow.servlet.handlers.ServletDispatchingHandler.handleRequest(ServletDispatchingHandler.java:36)
	at org.wildfly.extension.undertow.security.SecurityContextAssociationHandler.handleRequest(SecurityContextAssociationHandler.java:78)
	at io.undertow.server.handlers.PredicateHandler.handleRequest(PredicateHandler.java:43)
	at io.undertow.servlet.handlers.security.SSLInformationAssociationHandler.handleRequest(SSLInformationAssociationHandler.java:131)
	at io.undertow.servlet.handlers.security.ServletAuthenticationCallHandler.handleRequest(ServletAuthenticationCallHandler.java:57)
	at io.undertow.server.handlers.PredicateHandler.handleRequest(PredicateHandler.java:43)
	at io.undertow.security.handlers.AbstractConfidentialityHandler.handleRequest(AbstractConfidentialityHandler.java:46)
	at io.undertow.servlet.handlers.security.ServletConfidentialityConstraintHandler.handleRequest(ServletConfidentialityConstraintHandler.java:64)
	at io.undertow.security.handlers.AuthenticationMechanismsHandler.handleRequest(AuthenticationMechanismsHandler.java:60)
	at io.undertow.servlet.handlers.security.CachedAuthenticatedSessionHandler.handleRequest(CachedAuthenticatedSessionHandler.java:77)
	at io.undertow.security.handlers.NotificationReceiverHandler.handleRequest(NotificationReceiverHandler.java:50)
	at io.undertow.security.handlers.AbstractSecurityContextAssociationHandler.handleRequest(AbstractSecurityContextAssociationHandler.java:43)
	at io.undertow.server.handlers.PredicateHandler.handleRequest(PredicateHandler.java:43)
	at org.wildfly.extension.undertow.security.jacc.JACCContextIdHandler.handleRequest(JACCContextIdHandler.java:61)
	at io.undertow.server.handlers.PredicateHandler.handleRequest(PredicateHandler.java:43)
	at io.undertow.server.handlers.PredicateHandler.handleRequest(PredicateHandler.java:43)
	at io.undertow.servlet.handlers.ServletInitialHandler.handleFirstRequest(ServletInitialHandler.java:292)
	at io.undertow.servlet.handlers.ServletInitialHandler.access$100(ServletInitialHandler.java:81)
	at io.undertow.servlet.handlers.ServletInitialHandler$2.call(ServletInitialHandler.java:138)
	at io.undertow.servlet.handlers.ServletInitialHandler$2.call(ServletInitialHandler.java:135)
	at io.undertow.servlet.core.ServletRequestContextThreadSetupAction$1.call(ServletRequestContextThreadSetupAction.java:48)
	at io.undertow.servlet.core.ContextClassLoaderSetupAction$1.call(ContextClassLoaderSetupAction.java:43)
	at io.undertow.servlet.api.LegacyThreadSetupActionWrapper$1.call(LegacyThreadSetupActionWrapper.java:44)
	at io.undertow.servlet.api.LegacyThreadSetupActionWrapper$1.call(LegacyThreadSetupActionWrapper.java:44)
	at io.undertow.servlet.api.LegacyThreadSetupActionWrapper$1.call(LegacyThreadSetupActionWrapper.java:44)
	at io.undertow.servlet.api.LegacyThreadSetupActionWrapper$1.call(LegacyThreadSetupActionWrapper.java:44)
	at io.undertow.servlet.api.LegacyThreadSetupActionWrapper$1.call(LegacyThreadSetupActionWrapper.java:44)
	at io.undertow.servlet.api.LegacyThreadSetupActionWrapper$1.call(LegacyThreadSetupActionWrapper.java:44)
	at io.undertow.servlet.handlers.ServletInitialHandler.dispatchRequest(ServletInitialHandler.java:272)
	at io.undertow.servlet.handlers.ServletInitialHandler.access$000(ServletInitialHandler.java:81)
	at io.undertow.servlet.handlers.ServletInitialHandler$1.handleRequest(ServletInitialHandler.java:104)
	at io.undertow.server.Connectors.executeRootHandler(Connectors.java:202)
	at io.undertow.server.HttpServerExchange$1.run(HttpServerExchange.java:805)
	at java.util.concurrent.ThreadPoolExecutor.runWorker(ThreadPoolExecutor.java:1149)
	at java.util.concurrent.ThreadPoolExecutor$Worker.run(ThreadPoolExecutor.java:624)
	at java.lang.Thread.run(Thread.java:748)

[0m[0m18:39:01,211 INFO  [open.dolphin] (default task-10) 172.24.0.8 dolphin GET /system/license traceId=license-license-20251120TlicenseNightlyZ1
[0m[0m18:39:01,223 INFO  [open.dolphin] (default task-10) 172.24.0.8 dolphin GET /system/license traceId=license-license-20251120TlicenseNightlyZ1
[0m[31m18:39:01,232 ERROR [org.jboss.resteasy.resteasy_jaxrs.i18n] (default task-10) RESTEASY002010: Failed to execute: javax.ws.rs.NotAllowedException: RESTEASY003650: No resource method found for GET, return 405 with Allow header
	at org.jboss.resteasy.core.registry.SegmentNode.match(SegmentNode.java:382)
	at org.jboss.resteasy.core.registry.SegmentNode.match(SegmentNode.java:121)
	at org.jboss.resteasy.core.registry.RootNode.match(RootNode.java:43)
	at org.jboss.resteasy.core.registry.RootClassNode.match(RootClassNode.java:48)
	at org.jboss.resteasy.core.ResourceMethodRegistry.getResourceInvoker(ResourceMethodRegistry.java:445)
	at org.jboss.resteasy.core.SynchronousDispatcher.getInvoker(SynchronousDispatcher.java:264)
	at org.jboss.resteasy.core.SynchronousDispatcher.invoke(SynchronousDispatcher.java:201)
	at org.jboss.resteasy.plugins.server.servlet.ServletContainerDispatcher.service(ServletContainerDispatcher.java:221)
	at org.jboss.resteasy.plugins.server.servlet.HttpServletDispatcher.service(HttpServletDispatcher.java:56)
	at org.jboss.resteasy.plugins.server.servlet.HttpServletDispatcher.service(HttpServletDispatcher.java:51)
	at javax.servlet.http.HttpServlet.service(HttpServlet.java:790)
	at io.undertow.servlet.handlers.ServletHandler.handleRequest(ServletHandler.java:85)
	at io.undertow.servlet.handlers.FilterHandler$FilterChainImpl.doFilter(FilterHandler.java:129)
	at open.dolphin.rest.LogFilter.doFilter(LogFilter.java:111)
	at io.undertow.servlet.core.ManagedFilter.doFilter(ManagedFilter.java:61)
	at io.undertow.servlet.handlers.FilterHandler$FilterChainImpl.doFilter(FilterHandler.java:131)
	at open.dolphin.rest.LogFilter.doFilter(LogFilter.java:111)
	at io.undertow.servlet.core.ManagedFilter.doFilter(ManagedFilter.java:61)
	at io.undertow.servlet.handlers.FilterHandler$FilterChainImpl.doFilter(FilterHandler.java:131)
	at io.undertow.servlet.handlers.FilterHandler.handleRequest(FilterHandler.java:84)
	at io.undertow.servlet.handlers.security.ServletSecurityRoleHandler.handleRequest(ServletSecurityRoleHandler.java:62)
	at io.undertow.servlet.handlers.ServletDispatchingHandler.handleRequest(ServletDispatchingHandler.java:36)
	at org.wildfly.extension.undertow.security.SecurityContextAssociationHandler.handleRequest(SecurityContextAssociationHandler.java:78)
	at io.undertow.server.handlers.PredicateHandler.handleRequest(PredicateHandler.java:43)
	at io.undertow.servlet.handlers.security.SSLInformationAssociationHandler.handleRequest(SSLInformationAssociationHandler.java:131)
	at io.undertow.servlet.handlers.security.ServletAuthenticationCallHandler.handleRequest(ServletAuthenticationCallHandler.java:57)
	at io.undertow.server.handlers.PredicateHandler.handleRequest(PredicateHandler.java:43)
	at io.undertow.security.handlers.AbstractConfidentialityHandler.handleRequest(AbstractConfidentialityHandler.java:46)
	at io.undertow.servlet.handlers.security.ServletConfidentialityConstraintHandler.handleRequest(ServletConfidentialityConstraintHandler.java:64)
	at io.undertow.security.handlers.AuthenticationMechanismsHandler.handleRequest(AuthenticationMechanismsHandler.java:60)
	at io.undertow.servlet.handlers.security.CachedAuthenticatedSessionHandler.handleRequest(CachedAuthenticatedSessionHandler.java:77)
	at io.undertow.security.handlers.NotificationReceiverHandler.handleRequest(NotificationReceiverHandler.java:50)
	at io.undertow.security.handlers.AbstractSecurityContextAssociationHandler.handleRequest(AbstractSecurityContextAssociationHandler.java:43)
	at io.undertow.server.handlers.PredicateHandler.handleRequest(PredicateHandler.java:43)
	at org.wildfly.extension.undertow.security.jacc.JACCContextIdHandler.handleRequest(JACCContextIdHandler.java:61)
	at io.undertow.server.handlers.PredicateHandler.handleRequest(PredicateHandler.java:43)
	at io.undertow.server.handlers.PredicateHandler.handleRequest(PredicateHandler.java:43)
	at io.undertow.servlet.handlers.ServletInitialHandler.handleFirstRequest(ServletInitialHandler.java:292)
	at io.undertow.servlet.handlers.ServletInitialHandler.access$100(ServletInitialHandler.java:81)
	at io.undertow.servlet.handlers.ServletInitialHandler$2.call(ServletInitialHandler.java:138)
	at io.undertow.servlet.handlers.ServletInitialHandler$2.call(ServletInitialHandler.java:135)
	at io.undertow.servlet.core.ServletRequestContextThreadSetupAction$1.call(ServletRequestContextThreadSetupAction.java:48)
	at io.undertow.servlet.core.ContextClassLoaderSetupAction$1.call(ContextClassLoaderSetupAction.java:43)
	at io.undertow.servlet.api.LegacyThreadSetupActionWrapper$1.call(LegacyThreadSetupActionWrapper.java:44)
	at io.undertow.servlet.api.LegacyThreadSetupActionWrapper$1.call(LegacyThreadSetupActionWrapper.java:44)
	at io.undertow.servlet.api.LegacyThreadSetupActionWrapper$1.call(LegacyThreadSetupActionWrapper.java:44)
	at io.undertow.servlet.api.LegacyThreadSetupActionWrapper$1.call(LegacyThreadSetupActionWrapper.java:44)
	at io.undertow.servlet.api.LegacyThreadSetupActionWrapper$1.call(LegacyThreadSetupActionWrapper.java:44)
	at io.undertow.servlet.api.LegacyThreadSetupActionWrapper$1.call(LegacyThreadSetupActionWrapper.java:44)
	at io.undertow.servlet.handlers.ServletInitialHandler.dispatchRequest(ServletInitialHandler.java:272)
	at io.undertow.servlet.handlers.ServletInitialHandler.access$000(ServletInitialHandler.java:81)
	at io.undertow.servlet.handlers.ServletInitialHandler$1.handleRequest(ServletInitialHandler.java:104)
	at io.undertow.server.Connectors.executeRootHandler(Connectors.java:202)
	at io.undertow.server.HttpServerExchange$1.run(HttpServerExchange.java:805)
	at java.util.concurrent.ThreadPoolExecutor.runWorker(ThreadPoolExecutor.java:1149)
	at java.util.concurrent.ThreadPoolExecutor$Worker.run(ThreadPoolExecutor.java:624)
	at java.lang.Thread.run(Thread.java:748)

[0m[0m21:54:51,598 INFO  [open.dolphin] (default task-11) 172.24.0.8 dolphin POST /dolphin/license traceId=20251121TlicenseNightlyZ1
[0m[0m21:54:51,626 INFO  [open.dolphin] (default task-11) 172.24.0.8 dolphin POST /dolphin/license traceId=20251121TlicenseNightlyZ1
[0m[0m21:54:51,706 INFO  [open.dolphin] (default task-11) ?????????
[0m[0m21:54:51,860 INFO  [open.dolphin] (default task-12) 172.24.0.8 dolphin GET /dolphin/license traceId=20251121TlicenseNightlyZ1
[0m[0m21:54:51,860 INFO  [open.dolphin] (default task-12) 172.24.0.8 dolphin GET /dolphin/license traceId=20251121TlicenseNightlyZ1
[0m[31m21:54:51,862 ERROR [org.jboss.resteasy.resteasy_jaxrs.i18n] (default task-12) RESTEASY002010: Failed to execute: javax.ws.rs.NotAllowedException: RESTEASY003650: No resource method found for GET, return 405 with Allow header
	at org.jboss.resteasy.core.registry.SegmentNode.match(SegmentNode.java:382)
	at org.jboss.resteasy.core.registry.SegmentNode.match(SegmentNode.java:121)
	at org.jboss.resteasy.core.registry.RootNode.match(RootNode.java:43)
	at org.jboss.resteasy.core.registry.RootClassNode.match(RootClassNode.java:48)
	at org.jboss.resteasy.core.ResourceMethodRegistry.getResourceInvoker(ResourceMethodRegistry.java:445)
	at org.jboss.resteasy.core.SynchronousDispatcher.getInvoker(SynchronousDispatcher.java:264)
	at org.jboss.resteasy.core.SynchronousDispatcher.invoke(SynchronousDispatcher.java:201)
	at org.jboss.resteasy.plugins.server.servlet.ServletContainerDispatcher.service(ServletContainerDispatcher.java:221)
	at org.jboss.resteasy.plugins.server.servlet.HttpServletDispatcher.service(HttpServletDispatcher.java:56)
	at org.jboss.resteasy.plugins.server.servlet.HttpServletDispatcher.service(HttpServletDispatcher.java:51)
	at javax.servlet.http.HttpServlet.service(HttpServlet.java:790)
	at io.undertow.servlet.handlers.ServletHandler.handleRequest(ServletHandler.java:85)
	at io.undertow.servlet.handlers.FilterHandler$FilterChainImpl.doFilter(FilterHandler.java:129)
	at open.dolphin.rest.LogFilter.doFilter(LogFilter.java:111)
	at io.undertow.servlet.core.ManagedFilter.doFilter(ManagedFilter.java:61)
	at io.undertow.servlet.handlers.FilterHandler$FilterChainImpl.doFilter(FilterHandler.java:131)
	at open.dolphin.rest.LogFilter.doFilter(LogFilter.java:111)
	at io.undertow.servlet.core.ManagedFilter.doFilter(ManagedFilter.java:61)
	at io.undertow.servlet.handlers.FilterHandler$FilterChainImpl.doFilter(FilterHandler.java:131)
	at io.undertow.servlet.handlers.FilterHandler.handleRequest(FilterHandler.java:84)
	at io.undertow.servlet.handlers.security.ServletSecurityRoleHandler.handleRequest(ServletSecurityRoleHandler.java:62)
	at io.undertow.servlet.handlers.ServletDispatchingHandler.handleRequest(ServletDispatchingHandler.java:36)
	at org.wildfly.extension.undertow.security.SecurityContextAssociationHandler.handleRequest(SecurityContextAssociationHandler.java:78)
	at io.undertow.server.handlers.PredicateHandler.handleRequest(PredicateHandler.java:43)
	at io.undertow.servlet.handlers.security.SSLInformationAssociationHandler.handleRequest(SSLInformationAssociationHandler.java:131)
	at io.undertow.servlet.handlers.security.ServletAuthenticationCallHandler.handleRequest(ServletAuthenticationCallHandler.java:57)
	at io.undertow.server.handlers.PredicateHandler.handleRequest(PredicateHandler.java:43)
	at io.undertow.security.handlers.AbstractConfidentialityHandler.handleRequest(AbstractConfidentialityHandler.java:46)
	at io.undertow.servlet.handlers.security.ServletConfidentialityConstraintHandler.handleRequest(ServletConfidentialityConstraintHandler.java:64)
	at io.undertow.security.handlers.AuthenticationMechanismsHandler.handleRequest(AuthenticationMechanismsHandler.java:60)
	at io.undertow.servlet.handlers.security.CachedAuthenticatedSessionHandler.handleRequest(CachedAuthenticatedSessionHandler.java:77)
	at io.undertow.security.handlers.NotificationReceiverHandler.handleRequest(NotificationReceiverHandler.java:50)
	at io.undertow.security.handlers.AbstractSecurityContextAssociationHandler.handleRequest(AbstractSecurityContextAssociationHandler.java:43)
	at io.undertow.server.handlers.PredicateHandler.handleRequest(PredicateHandler.java:43)
	at org.wildfly.extension.undertow.security.jacc.JACCContextIdHandler.handleRequest(JACCContextIdHandler.java:61)
	at io.undertow.server.handlers.PredicateHandler.handleRequest(PredicateHandler.java:43)
	at io.undertow.server.handlers.PredicateHandler.handleRequest(PredicateHandler.java:43)
	at io.undertow.servlet.handlers.ServletInitialHandler.handleFirstRequest(ServletInitialHandler.java:292)
	at io.undertow.servlet.handlers.ServletInitialHandler.access$100(ServletInitialHandler.java:81)
	at io.undertow.servlet.handlers.ServletInitialHandler$2.call(ServletInitialHandler.java:138)
	at io.undertow.servlet.handlers.ServletInitialHandler$2.call(ServletInitialHandler.java:135)
	at io.undertow.servlet.core.ServletRequestContextThreadSetupAction$1.call(ServletRequestContextThreadSetupAction.java:48)
	at io.undertow.servlet.core.ContextClassLoaderSetupAction$1.call(ContextClassLoaderSetupAction.java:43)
	at io.undertow.servlet.api.LegacyThreadSetupActionWrapper$1.call(LegacyThreadSetupActionWrapper.java:44)
	at io.undertow.servlet.api.LegacyThreadSetupActionWrapper$1.call(LegacyThreadSetupActionWrapper.java:44)
	at io.undertow.servlet.api.LegacyThreadSetupActionWrapper$1.call(LegacyThreadSetupActionWrapper.java:44)
	at io.undertow.servlet.api.LegacyThreadSetupActionWrapper$1.call(LegacyThreadSetupActionWrapper.java:44)
	at io.undertow.servlet.api.LegacyThreadSetupActionWrapper$1.call(LegacyThreadSetupActionWrapper.java:44)
	at io.undertow.servlet.api.LegacyThreadSetupActionWrapper$1.call(LegacyThreadSetupActionWrapper.java:44)
	at io.undertow.servlet.handlers.ServletInitialHandler.dispatchRequest(ServletInitialHandler.java:272)
	at io.undertow.servlet.handlers.ServletInitialHandler.access$000(ServletInitialHandler.java:81)
	at io.undertow.servlet.handlers.ServletInitialHandler$1.handleRequest(ServletInitialHandler.java:104)
	at io.undertow.server.Connectors.executeRootHandler(Connectors.java:202)
	at io.undertow.server.HttpServerExchange$1.run(HttpServerExchange.java:805)
	at java.util.concurrent.ThreadPoolExecutor.runWorker(ThreadPoolExecutor.java:1149)
	at java.util.concurrent.ThreadPoolExecutor$Worker.run(ThreadPoolExecutor.java:624)
	at java.lang.Thread.run(Thread.java:748)

[0m[0m21:54:51,919 INFO  [open.dolphin] (default task-13) 172.24.0.8 dolphin GET /system/license traceId=20251121TlicenseNightlyZ1
[0m[0m21:54:51,921 INFO  [open.dolphin] (default task-13) 172.24.0.8 dolphin GET /system/license traceId=20251121TlicenseNightlyZ1
[0m[31m21:54:51,921 ERROR [org.jboss.resteasy.resteasy_jaxrs.i18n] (default task-13) RESTEASY002010: Failed to execute: javax.ws.rs.NotAllowedException: RESTEASY003650: No resource method found for GET, return 405 with Allow header
	at org.jboss.resteasy.core.registry.SegmentNode.match(SegmentNode.java:382)
	at org.jboss.resteasy.core.registry.SegmentNode.match(SegmentNode.java:121)
	at org.jboss.resteasy.core.registry.RootNode.match(RootNode.java:43)
	at org.jboss.resteasy.core.registry.RootClassNode.match(RootClassNode.java:48)
	at org.jboss.resteasy.core.ResourceMethodRegistry.getResourceInvoker(ResourceMethodRegistry.java:445)
	at org.jboss.resteasy.core.SynchronousDispatcher.getInvoker(SynchronousDispatcher.java:264)
	at org.jboss.resteasy.core.SynchronousDispatcher.invoke(SynchronousDispatcher.java:201)
	at org.jboss.resteasy.plugins.server.servlet.ServletContainerDispatcher.service(ServletContainerDispatcher.java:221)
	at org.jboss.resteasy.plugins.server.servlet.HttpServletDispatcher.service(HttpServletDispatcher.java:56)
	at org.jboss.resteasy.plugins.server.servlet.HttpServletDispatcher.service(HttpServletDispatcher.java:51)
	at javax.servlet.http.HttpServlet.service(HttpServlet.java:790)
	at io.undertow.servlet.handlers.ServletHandler.handleRequest(ServletHandler.java:85)
	at io.undertow.servlet.handlers.FilterHandler$FilterChainImpl.doFilter(FilterHandler.java:129)
	at open.dolphin.rest.LogFilter.doFilter(LogFilter.java:111)
	at io.undertow.servlet.core.ManagedFilter.doFilter(ManagedFilter.java:61)
	at io.undertow.servlet.handlers.FilterHandler$FilterChainImpl.doFilter(FilterHandler.java:131)
	at open.dolphin.rest.LogFilter.doFilter(LogFilter.java:111)
	at io.undertow.servlet.core.ManagedFilter.doFilter(ManagedFilter.java:61)
	at io.undertow.servlet.handlers.FilterHandler$FilterChainImpl.doFilter(FilterHandler.java:131)
	at io.undertow.servlet.handlers.FilterHandler.handleRequest(FilterHandler.java:84)
	at io.undertow.servlet.handlers.security.ServletSecurityRoleHandler.handleRequest(ServletSecurityRoleHandler.java:62)
	at io.undertow.servlet.handlers.ServletDispatchingHandler.handleRequest(ServletDispatchingHandler.java:36)
	at org.wildfly.extension.undertow.security.SecurityContextAssociationHandler.handleRequest(SecurityContextAssociationHandler.java:78)
	at io.undertow.server.handlers.PredicateHandler.handleRequest(PredicateHandler.java:43)
	at io.undertow.servlet.handlers.security.SSLInformationAssociationHandler.handleRequest(SSLInformationAssociationHandler.java:131)
	at io.undertow.servlet.handlers.security.ServletAuthenticationCallHandler.handleRequest(ServletAuthenticationCallHandler.java:57)
	at io.undertow.server.handlers.PredicateHandler.handleRequest(PredicateHandler.java:43)
	at io.undertow.security.handlers.AbstractConfidentialityHandler.handleRequest(AbstractConfidentialityHandler.java:46)
	at io.undertow.servlet.handlers.security.ServletConfidentialityConstraintHandler.handleRequest(ServletConfidentialityConstraintHandler.java:64)
	at io.undertow.security.handlers.AuthenticationMechanismsHandler.handleRequest(AuthenticationMechanismsHandler.java:60)
	at io.undertow.servlet.handlers.security.CachedAuthenticatedSessionHandler.handleRequest(CachedAuthenticatedSessionHandler.java:77)
	at io.undertow.security.handlers.NotificationReceiverHandler.handleRequest(NotificationReceiverHandler.java:50)
	at io.undertow.security.handlers.AbstractSecurityContextAssociationHandler.handleRequest(AbstractSecurityContextAssociationHandler.java:43)
	at io.undertow.server.handlers.PredicateHandler.handleRequest(PredicateHandler.java:43)
	at org.wildfly.extension.undertow.security.jacc.JACCContextIdHandler.handleRequest(JACCContextIdHandler.java:61)
	at io.undertow.server.handlers.PredicateHandler.handleRequest(PredicateHandler.java:43)
	at io.undertow.server.handlers.PredicateHandler.handleRequest(PredicateHandler.java:43)
	at io.undertow.servlet.handlers.ServletInitialHandler.handleFirstRequest(ServletInitialHandler.java:292)
	at io.undertow.servlet.handlers.ServletInitialHandler.access$100(ServletInitialHandler.java:81)
	at io.undertow.servlet.handlers.ServletInitialHandler$2.call(ServletInitialHandler.java:138)
	at io.undertow.servlet.handlers.ServletInitialHandler$2.call(ServletInitialHandler.java:135)
	at io.undertow.servlet.core.ServletRequestContextThreadSetupAction$1.call(ServletRequestContextThreadSetupAction.java:48)
	at io.undertow.servlet.core.ContextClassLoaderSetupAction$1.call(ContextClassLoaderSetupAction.java:43)
	at io.undertow.servlet.api.LegacyThreadSetupActionWrapper$1.call(LegacyThreadSetupActionWrapper.java:44)
	at io.undertow.servlet.api.LegacyThreadSetupActionWrapper$1.call(LegacyThreadSetupActionWrapper.java:44)
	at io.undertow.servlet.api.LegacyThreadSetupActionWrapper$1.call(LegacyThreadSetupActionWrapper.java:44)
	at io.undertow.servlet.api.LegacyThreadSetupActionWrapper$1.call(LegacyThreadSetupActionWrapper.java:44)
	at io.undertow.servlet.api.LegacyThreadSetupActionWrapper$1.call(LegacyThreadSetupActionWrapper.java:44)
	at io.undertow.servlet.api.LegacyThreadSetupActionWrapper$1.call(LegacyThreadSetupActionWrapper.java:44)
	at io.undertow.servlet.handlers.ServletInitialHandler.dispatchRequest(ServletInitialHandler.java:272)
	at io.undertow.servlet.handlers.ServletInitialHandler.access$000(ServletInitialHandler.java:81)
	at io.undertow.servlet.handlers.ServletInitialHandler$1.handleRequest(ServletInitialHandler.java:104)
	at io.undertow.server.Connectors.executeRootHandler(Connectors.java:202)
	at io.undertow.server.HttpServerExchange$1.run(HttpServerExchange.java:805)
	at java.util.concurrent.ThreadPoolExecutor.runWorker(ThreadPoolExecutor.java:1149)
	at java.util.concurrent.ThreadPoolExecutor$Worker.run(ThreadPoolExecutor.java:624)
	at java.lang.Thread.run(Thread.java:748)

