[0m[0m06:26:02,356 INFO  [open.dolphin] (default task-31) 192.168.65.1 doctor1 PUT /appo
[0m[0m06:26:02,358 INFO  [open.dolphin] (default task-31) 192.168.65.1 doctor1 PUT /appo
[0m[0m06:26:02,666 INFO  [stdout] (default task-31) Hibernate: select appointmen0_.id as id1_0_0_, appointmen0_.confirmed as confirme2_0_0_, appointmen0_.creator_id as creator13_0_0_, appointmen0_.ended as ended3_0_0_, appointmen0_.karte_id as karte_i14_0_0_, appointmen0_.linkId as linkId4_0_0_, appointmen0_.linkRelation as linkRela5_0_0_, appointmen0_.recorded as recorded6_0_0_, appointmen0_.started as started7_0_0_, appointmen0_.status as status8_0_0_, appointmen0_.c_date as c_date9_0_0_, appointmen0_.memo as memo10_0_0_, appointmen0_.c_name as c_name11_0_0_, appointmen0_.patientId as patient12_0_0_, usermodel1_.id as id1_46_1_, usermodel1_.commonName as commonNa2_46_1_, usermodel1_.department as departme3_46_1_, usermodel1_.departmentCodeSys as departme4_46_1_, usermodel1_.departmentDesc as departme5_46_1_, usermodel1_.email as email6_46_1_, usermodel1_.facility_id as facilit22_46_1_, usermodel1_.factor2Auth as factor7_46_1_, usermodel1_.givenName as givenNam8_46_1_, usermodel1_.license as license9_46_1_, usermodel1_.licenseCodeSys as license10_46_1_, usermodel1_.licenseDesc as license11_46_1_, usermodel1_.mainMobile as mainMob12_46_1_, usermodel1_.memberType as memberT13_46_1_, usermodel1_.memo as memo14_46_1_, usermodel1_.orcaId as orcaId15_46_1_, usermodel1_.password as passwor16_46_1_, usermodel1_.registeredDate as registe17_46_1_, usermodel1_.sirName as sirName18_46_1_, usermodel1_.subMobile as subMobi19_46_1_, usermodel1_.useDrugId as useDrug20_46_1_, usermodel1_.userId as userId21_46_1_, facilitymo2_.id as id1_9_2_, facilitymo2_.address as address2_9_2_, facilitymo2_.facilityId as facility3_9_2_, facilitymo2_.facilityName as facility4_9_2_, facilitymo2_.facsimile as facsimil5_9_2_, facilitymo2_.memberType as memberTy6_9_2_, facilitymo2_.registeredDate as register7_9_2_, facilitymo2_.s3AccessKey as s8_9_2_, facilitymo2_.s3SecretKey as s9_9_2_, facilitymo2_.s3URL as s10_9_2_, facilitymo2_.telephone as telepho11_9_2_, facilitymo2_.url as url12_9_2_, facilitymo2_.zipCode as zipCode13_9_2_, roles3_.c_user as c_user4_41_3_, roles3_.id as id1_41_3_, roles3_.id as id1_41_4_, roles3_.c_role as c_role2_41_4_, roles3_.c_user as c_user4_41_4_, roles3_.user_id as user_id3_41_4_, kartebean4_.id as id1_18_5_, kartebean4_.created as created2_18_5_, kartebean4_.patient_id as patient_3_18_5_, patientmod5_.id as id1_34_6_, patientmod5_.address as address2_34_6_, patientmod5_.zipCode as zipCode3_34_6_, patientmod5_.appMemo as appMemo4_34_6_, patientmod5_.birthday as birthday5_34_6_, patientmod5_.email as email6_34_6_, patientmod5_.facilityId as facility7_34_6_, patientmod5_.familyName as familyNa8_34_6_, patientmod5_.fullName as fullName9_34_6_, patientmod5_.gender as gender10_34_6_, patientmod5_.genderDesc as genderD11_34_6_, patientmod5_.givenName as givenNa12_34_6_, patientmod5_.jpegPhoto as jpegPho13_34_6_, patientmod5_.kanaFamilyName as kanaFam14_34_6_, patientmod5_.kanaGivenName as kanaGiv15_34_6_, patientmod5_.kanaName as kanaNam16_34_6_, patientmod5_.maritalStatus as marital17_34_6_, patientmod5_.memo as memo18_34_6_, patientmod5_.mobilePhone as mobileP19_34_6_, patientmod5_.nationality as nationa20_34_6_, patientmod5_.ownerUUID as ownerUU21_34_6_, patientmod5_.patientId as patient22_34_6_, patientmod5_.relations as relatio23_34_6_, patientmod5_.reserve1 as reserve24_34_6_, patientmod5_.reserve2 as reserve25_34_6_, patientmod5_.reserve3 as reserve26_34_6_, patientmod5_.reserve4 as reserve27_34_6_, patientmod5_.reserve5 as reserve28_34_6_, patientmod5_.reserve6 as reserve29_34_6_, patientmod5_.romanFamilyName as romanFa30_34_6_, patientmod5_.romanGivenName as romanGi31_34_6_, patientmod5_.romanName as romanNa32_34_6_, patientmod5_.telephone as telepho33_34_6_ from d_appo appointmen0_ inner join d_users usermodel1_ on appointmen0_.creator_id=usermodel1_.id inner join d_facility facilitymo2_ on usermodel1_.facility_id=facilitymo2_.id left outer join d_roles roles3_ on usermodel1_.id=roles3_.c_user inner join d_karte kartebean4_ on appointmen0_.karte_id=kartebean4_.id inner join d_patient patientmod5_ on kartebean4_.patient_id=patientmod5_.id where appointmen0_.id=?
[0m[0m06:26:02,709 INFO  [stdout] (default task-31) Hibernate: delete from d_appo where id=?
[0m[0m06:26:08,699 INFO  [open.dolphin] (default task-32) 192.168.65.1 doctor1 PUT /appo
[0m[0m06:26:08,700 INFO  [open.dolphin] (default task-32) 192.168.65.1 doctor1 PUT /appo
[0m[31m06:26:08,707 ERROR [org.jboss.resteasy.resteasy_jaxrs.i18n] (default task-32) RESTEASY002010: Failed to execute: javax.ws.rs.NotAcceptableException: RESTEASY003635: No match for accept header
	at org.jboss.resteasy.core.registry.SegmentNode.match(SegmentNode.java:389)
	at org.jboss.resteasy.core.registry.SegmentNode.match(SegmentNode.java:121)
	at org.jboss.resteasy.core.registry.RootNode.match(RootNode.java:43)
	at org.jboss.resteasy.core.registry.RootClassNode.match(RootClassNode.java:48)
	at org.jboss.resteasy.core.ResourceMethodRegistry.getResourceInvoker(ResourceMethodRegistry.java:445)
	at org.jboss.resteasy.core.SynchronousDispatcher.getInvoker(SynchronousDispatcher.java:264)
	at org.jboss.resteasy.core.SynchronousDispatcher.invoke(SynchronousDispatcher.java:201)
	at org.jboss.resteasy.plugins.server.servlet.ServletContainerDispatcher.service(ServletContainerDispatcher.java:221)
	at org.jboss.resteasy.plugins.server.servlet.HttpServletDispatcher.service(HttpServletDispatcher.java:56)
	at org.jboss.resteasy.plugins.server.servlet.HttpServletDispatcher.service(HttpServletDispatcher.java:51)
	at javax.servlet.http.HttpServlet.service(HttpServlet.java:790)
	at io.undertow.servlet.handlers.ServletHandler.handleRequest(ServletHandler.java:85)
	at io.undertow.servlet.handlers.FilterHandler$FilterChainImpl.doFilter(FilterHandler.java:129)
	at open.dolphin.rest.LogFilter.doFilter(LogFilter.java:98)
	at io.undertow.servlet.core.ManagedFilter.doFilter(ManagedFilter.java:61)
	at io.undertow.servlet.handlers.FilterHandler$FilterChainImpl.doFilter(FilterHandler.java:131)
	at open.dolphin.rest.LogFilter.doFilter(LogFilter.java:98)
	at io.undertow.servlet.core.ManagedFilter.doFilter(ManagedFilter.java:61)
	at io.undertow.servlet.handlers.FilterHandler$FilterChainImpl.doFilter(FilterHandler.java:131)
	at io.undertow.servlet.handlers.FilterHandler.handleRequest(FilterHandler.java:84)
	at io.undertow.servlet.handlers.security.ServletSecurityRoleHandler.handleRequest(ServletSecurityRoleHandler.java:62)
	at io.undertow.servlet.handlers.ServletDispatchingHandler.handleRequest(ServletDispatchingHandler.java:36)
	at org.wildfly.extension.undertow.security.SecurityContextAssociationHandler.handleRequest(SecurityContextAssociationHandler.java:78)
	at io.undertow.server.handlers.PredicateHandler.handleRequest(PredicateHandler.java:43)
	at io.undertow.servlet.handlers.security.SSLInformationAssociationHandler.handleRequest(SSLInformationAssociationHandler.java:131)
	at io.undertow.servlet.handlers.security.ServletAuthenticationCallHandler.handleRequest(ServletAuthenticationCallHandler.java:57)
	at io.undertow.server.handlers.PredicateHandler.handleRequest(PredicateHandler.java:43)
	at io.undertow.security.handlers.AbstractConfidentialityHandler.handleRequest(AbstractConfidentialityHandler.java:46)
	at io.undertow.servlet.handlers.security.ServletConfidentialityConstraintHandler.handleRequest(ServletConfidentialityConstraintHandler.java:64)
	at io.undertow.security.handlers.AuthenticationMechanismsHandler.handleRequest(AuthenticationMechanismsHandler.java:60)
	at io.undertow.servlet.handlers.security.CachedAuthenticatedSessionHandler.handleRequest(CachedAuthenticatedSessionHandler.java:77)
	at io.undertow.security.handlers.NotificationReceiverHandler.handleRequest(NotificationReceiverHandler.java:50)
	at io.undertow.security.handlers.AbstractSecurityContextAssociationHandler.handleRequest(AbstractSecurityContextAssociationHandler.java:43)
	at io.undertow.server.handlers.PredicateHandler.handleRequest(PredicateHandler.java:43)
	at org.wildfly.extension.undertow.security.jacc.JACCContextIdHandler.handleRequest(JACCContextIdHandler.java:61)
	at io.undertow.server.handlers.PredicateHandler.handleRequest(PredicateHandler.java:43)
	at io.undertow.server.handlers.PredicateHandler.handleRequest(PredicateHandler.java:43)
	at io.undertow.servlet.handlers.ServletInitialHandler.handleFirstRequest(ServletInitialHandler.java:292)
	at io.undertow.servlet.handlers.ServletInitialHandler.access$100(ServletInitialHandler.java:81)
	at io.undertow.servlet.handlers.ServletInitialHandler$2.call(ServletInitialHandler.java:138)
	at io.undertow.servlet.handlers.ServletInitialHandler$2.call(ServletInitialHandler.java:135)
	at io.undertow.servlet.core.ServletRequestContextThreadSetupAction$1.call(ServletRequestContextThreadSetupAction.java:48)
	at io.undertow.servlet.core.ContextClassLoaderSetupAction$1.call(ContextClassLoaderSetupAction.java:43)
	at io.undertow.servlet.api.LegacyThreadSetupActionWrapper$1.call(LegacyThreadSetupActionWrapper.java:44)
	at io.undertow.servlet.api.LegacyThreadSetupActionWrapper$1.call(LegacyThreadSetupActionWrapper.java:44)
	at io.undertow.servlet.api.LegacyThreadSetupActionWrapper$1.call(LegacyThreadSetupActionWrapper.java:44)
	at io.undertow.servlet.api.LegacyThreadSetupActionWrapper$1.call(LegacyThreadSetupActionWrapper.java:44)
	at io.undertow.servlet.api.LegacyThreadSetupActionWrapper$1.call(LegacyThreadSetupActionWrapper.java:44)
	at io.undertow.servlet.api.LegacyThreadSetupActionWrapper$1.call(LegacyThreadSetupActionWrapper.java:44)
	at io.undertow.servlet.handlers.ServletInitialHandler.dispatchRequest(ServletInitialHandler.java:272)
	at io.undertow.servlet.handlers.ServletInitialHandler.access$000(ServletInitialHandler.java:81)
	at io.undertow.servlet.handlers.ServletInitialHandler$1.handleRequest(ServletInitialHandler.java:104)
	at io.undertow.server.Connectors.executeRootHandler(Connectors.java:202)
	at io.undertow.server.HttpServerExchange$1.run(HttpServerExchange.java:805)
	at java.util.concurrent.ThreadPoolExecutor.runWorker(ThreadPoolExecutor.java:1149)
	at java.util.concurrent.ThreadPoolExecutor$Worker.run(ThreadPoolExecutor.java:624)
	at java.lang.Thread.run(Thread.java:748)

[0m[0m06:26:11,210 INFO  [open.dolphin] (default task-33) 127.0.0.1 dolphin GET /dolphin
[0m[0m06:26:11,211 INFO  [open.dolphin] (default task-33) 127.0.0.1 dolphin GET /dolphin
