[INFO] Scanning for projects...
[INFO] ------------------------------------------------------------------------
[INFO] Reactor Build Order:
[INFO] 
[INFO] opendolphin                                                        [pom]
[INFO] opendolphin-common                                                 [jar]
[INFO] opendolphin-server                                                 [war]
[INFO] 
[INFO] ----------------------< opendolphin:opendolphin >-----------------------
[INFO] Building opendolphin 2.7.1                                         [1/3]
[INFO]   from pom.server-modernized.xml
[INFO] --------------------------------[ pom ]---------------------------------
[INFO] 
[INFO] -------------------< opendolphin:opendolphin-common >-------------------
[INFO] Building opendolphin-common 2.7.1                                  [2/3]
[INFO]   from common/pom.xml
[INFO] --------------------------------[ jar ]---------------------------------
[INFO] 
[INFO] --- resources:3.3.1:resources (default-resources) @ opendolphin-common ---
[INFO] Copying 1 resource from src/main/resources to target/classes
[INFO] 
[INFO] --- compiler:3.11.0:compile (default-compile) @ opendolphin-common ---
[INFO] Nothing to compile - all classes are up to date
[INFO] 
[INFO] --- resources:3.3.1:testResources (default-testResources) @ opendolphin-common ---
[INFO] skip non existing resourceDirectory /Users/Hayato/Documents/GitHub/OpenDolphin_WebClient/common/src/test/resources
[INFO] 
[INFO] --- compiler:3.11.0:testCompile (default-testCompile) @ opendolphin-common ---
[INFO] Nothing to compile - all classes are up to date
[INFO] 
[INFO] --- surefire:3.2.5:test (default-test) @ opendolphin-common ---
[INFO] Tests are skipped.
[INFO] 
[INFO] --- jar:3.3.0:jar (default-jar) @ opendolphin-common ---
[INFO] 
[INFO] --- jar:3.3.0:jar (jakarta-no-persistence) @ opendolphin-common ---
[INFO] 
[INFO] --- build-helper:3.5.0:attach-artifact (attach-jakarta-jar) @ opendolphin-common ---
[WARNING] artifact opendolphin:opendolphin-common:jar:jakarta:2.7.1 already attached, replace previous instance
[INFO] 
[INFO] -------------------< opendolphin:opendolphin-server >-------------------
[INFO] Building opendolphin-server 2.7.1                                  [3/3]
[INFO]   from server-modernized/pom.xml
[INFO] --------------------------------[ war ]---------------------------------
[WARNING] The artifact jdom:jdom:jar:1.1 has been relocated to org.jdom:jdom:jar:1.1
[INFO] 
[INFO] --- resources:3.3.1:resources (default-resources) @ opendolphin-server ---
[INFO] Copying 3 resources from src/main/resources to target/classes
[INFO] Copying 4 resources from reporting/templates to target/classes/reporting/templates
[INFO] Copying 1 resource from reporting/glossary to target/classes/reporting/glossary
[INFO] 
[INFO] --- compiler:3.11.0:compile (default-compile) @ opendolphin-server ---
[INFO] Changes detected - recompiling the module! :source
[INFO] Compiling 336 source files with javac [debug deprecation release 17] to target/classes
[WARNING] /Users/Hayato/Documents/GitHub/OpenDolphin_WebClient/server-modernized/src/main/java/open/dolphin/touch/DemoResource.java:[1306,47] open.dolphin.touchのopen.dolphin.touch.Base64Utilsは推奨されておらず、削除用にマークされています
[WARNING] /Users/Hayato/Documents/GitHub/OpenDolphin_WebClient/server-modernized/src/main/java/open/dolphin/touch/DemoResource.java:[1654,51] open.dolphin.touchのopen.dolphin.touch.Base64Utilsは推奨されておらず、削除用にマークされています
[WARNING] /Users/Hayato/Documents/GitHub/OpenDolphin_WebClient/server-modernized/src/main/java/open/dolphin/touch/DolphinResourceASP.java:[1150,47] open.dolphin.touchのopen.dolphin.touch.Base64Utilsは推奨されておらず、削除用にマークされています
[WARNING] /Users/Hayato/Documents/GitHub/OpenDolphin_WebClient/server-modernized/src/main/java/open/dolphin/touch/DolphinResourceASP.java:[1296,51] open.dolphin.touchのopen.dolphin.touch.Base64Utilsは推奨されておらず、削除用にマークされています
[WARNING] /Users/Hayato/Documents/GitHub/OpenDolphin_WebClient/server-modernized/src/main/java/open/dolphin/session/KarteServiceBean.java:[602,92] java.lang.LongのLong(long)は推奨されておらず、削除用にマークされています
[WARNING] /Users/Hayato/Documents/GitHub/OpenDolphin_WebClient/server-modernized/src/main/java/open/dolphin/session/KarteServiceBean.java:[925,25] java.lang.LongのLong(long)は推奨されておらず、削除用にマークされています
[WARNING] /Users/Hayato/Documents/GitHub/OpenDolphin_WebClient/server-modernized/src/main/java/open/dolphin/session/KarteServiceBean.java:[952,21] java.lang.LongのLong(long)は推奨されておらず、削除用にマークされています
[WARNING] /Users/Hayato/Documents/GitHub/OpenDolphin_WebClient/server-modernized/src/main/java/open/dolphin/session/KarteServiceBean.java:[1049,25] java.lang.LongのLong(long)は推奨されておらず、削除用にマークされています
[WARNING] /Users/Hayato/Documents/GitHub/OpenDolphin_WebClient/server-modernized/src/main/java/open/dolphin/session/PVTServiceBean.java:[713,88] java.lang.LongのLong(long)は推奨されておらず、削除用にマークされています
[WARNING] /Users/Hayato/Documents/GitHub/OpenDolphin_WebClient/server-modernized/src/main/java/open/dolphin/session/PVTServiceBean.java:[770,88] java.lang.LongのLong(long)は推奨されておらず、削除用にマークされています
[WARNING] /Users/Hayato/Documents/GitHub/OpenDolphin_WebClient/server-modernized/src/main/java/open/dolphin/rest/AbstractResource.java:[57,46] com.fasterxml.jackson.databind.SerializationFeatureのWRITE_NULL_MAP_VALUESは推奨されません
[WARNING] /Users/Hayato/Documents/GitHub/OpenDolphin_WebClient/server-modernized/src/main/java/open/dolphin/session/StampServiceBean.java:[335,21] java.lang.LongのLong(long)は推奨されておらず、削除用にマークされています
[WARNING] /Users/Hayato/Documents/GitHub/OpenDolphin_WebClient/server-modernized/src/main/java/open/orca/rest/StringTool.java:[21,55] java.lang.CharacterのCharacter(char)は推奨されておらず、削除用にマークされています
[WARNING] /Users/Hayato/Documents/GitHub/OpenDolphin_WebClient/server-modernized/src/main/java/open/orca/rest/StringTool.java:[21,75] java.lang.CharacterのCharacter(char)は推奨されておらず、削除用にマークされています
[WARNING] /Users/Hayato/Documents/GitHub/OpenDolphin_WebClient/server-modernized/src/main/java/open/orca/rest/StringTool.java:[23,55] java.lang.CharacterのCharacter(char)は推奨されておらず、削除用にマークされています
[WARNING] /Users/Hayato/Documents/GitHub/OpenDolphin_WebClient/server-modernized/src/main/java/open/orca/rest/StringTool.java:[23,75] java.lang.CharacterのCharacter(char)は推奨されておらず、削除用にマークされています
[WARNING] /Users/Hayato/Documents/GitHub/OpenDolphin_WebClient/server-modernized/src/main/java/open/orca/rest/StringTool.java:[25,55] java.lang.CharacterのCharacter(char)は推奨されておらず、削除用にマークされています
[WARNING] /Users/Hayato/Documents/GitHub/OpenDolphin_WebClient/server-modernized/src/main/java/open/orca/rest/StringTool.java:[25,75] java.lang.CharacterのCharacter(char)は推奨されておらず、削除用にマークされています
[WARNING] /Users/Hayato/Documents/GitHub/OpenDolphin_WebClient/server-modernized/src/main/java/open/orca/rest/StringTool.java:[27,55] java.lang.CharacterのCharacter(char)は推奨されておらず、削除用にマークされています
[WARNING] /Users/Hayato/Documents/GitHub/OpenDolphin_WebClient/server-modernized/src/main/java/open/orca/rest/StringTool.java:[27,75] java.lang.CharacterのCharacter(char)は推奨されておらず、削除用にマークされています
[WARNING] /Users/Hayato/Documents/GitHub/OpenDolphin_WebClient/server-modernized/src/main/java/open/orca/rest/StringTool.java:[183,26] java.lang.CharacterのCharacter(char)は推奨されておらず、削除用にマークされています
[WARNING] /Users/Hayato/Documents/GitHub/OpenDolphin_WebClient/server-modernized/src/main/java/open/orca/rest/StringTool.java:[188,26] java.lang.CharacterのCharacter(char)は推奨されておらず、削除用にマークされています
[WARNING] /Users/Hayato/Documents/GitHub/OpenDolphin_WebClient/server-modernized/src/main/java/open/orca/rest/StringTool.java:[193,26] java.lang.CharacterのCharacter(char)は推奨されておらず、削除用にマークされています
[WARNING] /Users/Hayato/Documents/GitHub/OpenDolphin_WebClient/server-modernized/src/main/java/open/orca/rest/StringTool.java:[198,26] java.lang.CharacterのCharacter(char)は推奨されておらず、削除用にマークされています
[WARNING] /Users/Hayato/Documents/GitHub/OpenDolphin_WebClient/server-modernized/src/main/java/open/dolphin/touch/session/EHTServiceBean.java:[831,25] java.lang.LongのLong(long)は推奨されておらず、削除用にマークされています
[WARNING] /Users/Hayato/Documents/GitHub/OpenDolphin_WebClient/server-modernized/src/main/java/open/dolphin/session/SystemServiceBean.java:[88,25] java.lang.LongのLong(long)は推奨されておらず、削除用にマークされています
[WARNING] /Users/Hayato/Documents/GitHub/OpenDolphin_WebClient/server-modernized/src/main/java/open/dolphin/session/ScheduleServiceBean.java:[382,87] java.lang.LongのLong(long)は推奨されておらず、削除用にマークされています
[WARNING] /Users/Hayato/Documents/GitHub/OpenDolphin_WebClient/server-modernized/src/main/java/open/dolphin/adm20/session/ADM20_EHTServiceBean.java:[1282,41] com.yubico.webauthn.AssertionResultのgetCredentialId()は推奨されません
[WARNING] /Users/Hayato/Documents/GitHub/OpenDolphin_WebClient/server-modernized/src/main/java/open/dolphin/touch/DemoResourceASP.java:[1290,51] open.dolphin.touchのopen.dolphin.touch.Base64Utilsは推奨されておらず、削除用にマークされています
[WARNING] /Users/Hayato/Documents/GitHub/OpenDolphin_WebClient/server-modernized/src/main/java/open/dolphin/touch/DemoResourceASP.java:[1638,51] open.dolphin.touchのopen.dolphin.touch.Base64Utilsは推奨されておらず、削除用にマークされています
[INFO] /Users/Hayato/Documents/GitHub/OpenDolphin_WebClient/server-modernized/src/main/java/open/dolphin/touch/session/IPhoneServiceBean.java: 入力ファイルの操作のうち、未チェックまたは安全ではないものがあります。
[INFO] /Users/Hayato/Documents/GitHub/OpenDolphin_WebClient/server-modernized/src/main/java/open/dolphin/touch/session/IPhoneServiceBean.java: 詳細は、-Xlint:uncheckedオプションを指定して再コンパイルしてください。
[INFO] 
[INFO] --- resources:3.3.1:testResources (default-testResources) @ opendolphin-server ---
[INFO] Copying 16 resources from src/test/resources to target/test-classes
[INFO] 
[INFO] --- compiler:3.11.0:testCompile (default-testCompile) @ opendolphin-server ---
[INFO] Changes detected - recompiling the module! :dependency
[INFO] Compiling 34 source files with javac [debug deprecation release 17] to target/test-classes
[WARNING] /Users/Hayato/Documents/GitHub/OpenDolphin_WebClient/server-modernized/src/test/java/open/dolphin/touch/Base64UtilsTest.java:[15,26] open.dolphin.touchのopen.dolphin.touch.Base64Utilsは推奨されておらず、削除用にマークされています
[WARNING] /Users/Hayato/Documents/GitHub/OpenDolphin_WebClient/server-modernized/src/test/java/open/dolphin/touch/Base64UtilsTest.java:[24,26] open.dolphin.touchのopen.dolphin.touch.Base64Utilsは推奨されておらず、削除用にマークされています
[WARNING] /Users/Hayato/Documents/GitHub/OpenDolphin_WebClient/server-modernized/src/test/java/open/dolphin/touch/Base64UtilsTest.java:[25,37] open.dolphin.touchのopen.dolphin.touch.Base64Utilsは推奨されておらず、削除用にマークされています
[INFO] /Users/Hayato/Documents/GitHub/OpenDolphin_WebClient/server-modernized/src/test/java/open/dolphin/touch/patient/TouchPatientServiceTest.java: 入力ファイルの操作のうち、未チェックまたは安全ではないものがあります。
[INFO] /Users/Hayato/Documents/GitHub/OpenDolphin_WebClient/server-modernized/src/test/java/open/dolphin/touch/patient/TouchPatientServiceTest.java: 詳細は、-Xlint:uncheckedオプションを指定して再コンパイルしてください。
[INFO] 
[INFO] --- surefire:3.1.2:test (default-test) @ opendolphin-server ---
[INFO] Tests are skipped.
[INFO] 
[INFO] --- dependency:3.6.1:copy (copy-jakarta-common) @ opendolphin-server ---
[INFO] Configured Artifact: opendolphin:opendolphin-common:jakarta:2.7.1:jar
[INFO] Copying opendolphin-common-2.7.1-jakarta.jar to /Users/Hayato/Documents/GitHub/OpenDolphin_WebClient/server-modernized/target/jakarta-libs/opendolphin-common-2.7.1-jakarta.jar
[INFO] 
[INFO] --- war:3.4.0:war (default-war) @ opendolphin-server ---
[INFO] Packaging webapp
[INFO] Assembling webapp [opendolphin-server] in [/Users/Hayato/Documents/GitHub/OpenDolphin_WebClient/server-modernized/target/opendolphin-server-2.7.1]
[INFO] Processing war project
[INFO] Copying webapp webResources [/Users/Hayato/Documents/GitHub/OpenDolphin_WebClient/server-modernized/target/jakarta-libs] to [/Users/Hayato/Documents/GitHub/OpenDolphin_WebClient/server-modernized/target/opendolphin-server-2.7.1]
[INFO] Copying webapp resources [/Users/Hayato/Documents/GitHub/OpenDolphin_WebClient/server-modernized/src/main/webapp]
[INFO] Building war: /Users/Hayato/Documents/GitHub/OpenDolphin_WebClient/server-modernized/target/opendolphin-server-2.7.1.war
[INFO] ------------------------------------------------------------------------
[INFO] Reactor Summary for opendolphin 2.7.1:
[INFO] 
[INFO] opendolphin ........................................ SUCCESS [  0.001 s]
[INFO] opendolphin-common ................................. SUCCESS [  0.515 s]
[INFO] opendolphin-server ................................. SUCCESS [  5.346 s]
[INFO] ------------------------------------------------------------------------
[INFO] BUILD SUCCESS
[INFO] ------------------------------------------------------------------------
[INFO] Total time:  5.937 s
[INFO] Finished at: 2025-11-09T06:27:23+09:00
[INFO] ------------------------------------------------------------------------
