=========================================================================

  JBoss Bootstrap Environment

  JBOSS_HOME: /opt/jboss/wildfly

  JAVA: /usr/lib/jvm/java/bin/java

  JAVA_OPTS:  -server -Xms64m -Xmx512m -XX:MetaspaceSize=96M -XX:MaxMetaspaceSize=256m -Djava.net.preferIPv4Stack=true -Djboss.modules.system.pkgs=org.jboss.byteman -Djava.awt.headless=true

=========================================================================

[0m04:44:34,348 INFO  [org.jboss.modules] (main) JBoss Modules version 1.5.2.Final
[0m[0m04:44:34,710 INFO  [org.jboss.msc] (main) JBoss MSC version 1.2.6.Final
[0m[0m04:44:34,777 INFO  [org.jboss.as] (MSC service thread 1-8) WFLYSRV0049: WildFly Full 10.1.0.Final (WildFly Core 2.2.0.Final) starting
[0m[0m04:44:37,752 INFO  [org.jboss.as.repository] (ServerService Thread Pool -- 16) WFLYDR0001: Content added at location /opt/jboss/wildfly/standalone/data/content/1f/4a69d6dc8f41f378db2325691e4ebf9a8060f8/content
[0m[0m04:44:37,790 INFO  [org.jboss.as.server] (Controller Boot Thread) WFLYSRV0039: Creating http management service using socket-binding (management-http)
[0m[0m04:44:37,878 INFO  [org.xnio] (MSC service thread 1-1) XNIO version 3.4.0.Final
[0m[0m04:44:37,902 INFO  [org.xnio.nio] (MSC service thread 1-1) XNIO NIO Implementation Version 3.4.0.Final
[0m[0m04:44:38,103 INFO  [org.jboss.as.clustering.infinispan] (ServerService Thread Pool -- 41) WFLYCLINF0001: Activating Infinispan subsystem.
[0m[33m04:44:38,177 WARN  [org.jboss.as.txn] (ServerService Thread Pool -- 60) WFLYTX0013: Node identifier property is set to the default value. Please make sure it is unique.
[0m[0m04:44:38,297 INFO  [org.wildfly.iiop.openjdk] (ServerService Thread Pool -- 42) WFLYIIOP0001: Activating IIOP Subsystem
[0m[0m04:44:38,296 INFO  [org.jboss.as.naming] (ServerService Thread Pool -- 52) WFLYNAM0001: Activating Naming Subsystem
[0m[0m04:44:38,336 INFO  [org.jboss.as.jsf] (ServerService Thread Pool -- 48) WFLYJSF0007: Activated the following JSF Implementations: [main]
[0m[0m04:44:38,336 INFO  [org.jboss.as.security] (ServerService Thread Pool -- 59) WFLYSEC0002: Activating Security Subsystem
[0m[0m04:44:38,368 INFO  [org.jboss.as.webservices] (ServerService Thread Pool -- 62) WFLYWS0002: Activating WebServices Extension
[0m[0m04:44:38,691 INFO  [org.jboss.as.security] (MSC service thread 1-5) WFLYSEC0001: Current PicketBox version=4.9.6.Final
[0m[0m04:44:38,553 INFO  [org.wildfly.extension.io] (ServerService Thread Pool -- 40) WFLYIO001: Worker 'default' has auto-configured to 16 core threads with 128 task threads based on your 8 available processors
[0m[0m04:44:38,800 INFO  [org.jboss.as.connector] (MSC service thread 1-3) WFLYJCA0009: Starting JCA Subsystem (WildFly/IronJacamar 1.3.4.Final)
[0m[0m04:44:38,893 INFO  [org.jboss.remoting] (MSC service thread 1-8) JBoss Remoting version 4.0.21.Final
[0m[0m04:44:39,009 INFO  [org.jboss.as.naming] (MSC service thread 1-7) WFLYNAM0003: Starting Naming Service
[0m[0m04:44:39,227 INFO  [org.wildfly.extension.undertow] (MSC service thread 1-6) WFLYUT0003: Undertow 1.4.0.Final starting
[0m[0m04:44:39,435 INFO  [org.jboss.as.mail.extension] (MSC service thread 1-6) WFLYMAIL0001: Bound mail session [java:jboss/mail/Default]
[0m[0m04:44:39,719 INFO  [org.jboss.as.connector.subsystems.datasources] (ServerService Thread Pool -- 36) WFLYJCA0004: Deploying JDBC-compliant driver class org.h2.Driver (version 1.3)
[0m[0m04:44:39,873 INFO  [org.jboss.as.connector.deployers.jdbc] (MSC service thread 1-3) WFLYJCA0018: Started Driver service with driver-name = h2
[0m[0m04:44:40,225 INFO  [org.jboss.as.connector.subsystems.datasources] (ServerService Thread Pool -- 36) WFLYJCA0005: Deploying non-JDBC-compliant driver class org.postgresql.Driver (version 42.7)
[0m[0m04:44:40,317 INFO  [org.jboss.as.connector.deployers.jdbc] (MSC service thread 1-5) WFLYJCA0018: Started Driver service with driver-name = postgresql
[0m[0m04:44:40,488 INFO  [org.jboss.as.ejb3] (MSC service thread 1-5) WFLYEJB0481: Strict pool slsb-strict-max-pool is using a max instance size of 128 (per class), which is derived from thread worker pool sizing.
[0m[0m04:44:40,495 INFO  [org.jboss.as.ejb3] (MSC service thread 1-2) WFLYEJB0482: Strict pool mdb-strict-max-pool is using a max instance size of 32 (per class), which is derived from the number of CPUs on this host.
[0m[0m04:44:40,655 INFO  [org.wildfly.iiop.openjdk] (MSC service thread 1-4) WFLYIIOP0009: CORBA ORB Service started
[0m[0m04:44:40,687 INFO  [org.wildfly.extension.undertow] (MSC service thread 1-6) WFLYUT0012: Started server default-server.
[0m[0m04:44:40,669 INFO  [org.wildfly.extension.undertow] (ServerService Thread Pool -- 61) WFLYUT0014: Creating file handler for path '/opt/jboss/wildfly/welcome-content' with options [directory-listing: 'false', follow-symlink: 'false', case-sensitive: 'true', safe-symlink-paths: '[]']
[0m[0m04:44:40,717 INFO  [org.wildfly.extension.undertow] (MSC service thread 1-6) WFLYUT0018: Host default-host starting
[0m[0m04:44:41,226 INFO  [org.wildfly.extension.undertow] (MSC service thread 1-1) WFLYUT0006: Undertow HTTP listener default listening on 0.0.0.0:8080
[0m[0m04:44:41,651 INFO  [org.jboss.as.connector.subsystems.datasources] (MSC service thread 1-5) WFLYJCA0001: Bound data source [java:jboss/datasources/ORCADS]
[0m[0m04:44:41,651 INFO  [org.jboss.as.connector.subsystems.datasources] (MSC service thread 1-8) WFLYJCA0001: Bound data source [java:jboss/datasources/ExampleDS]
[0m[0m04:44:41,651 INFO  [org.jboss.as.connector.subsystems.datasources] (MSC service thread 1-3) WFLYJCA0001: Bound data source [java:jboss/datasources/PostgresDS]
[0m[0m04:44:42,049 INFO  [org.wildfly.extension.messaging-activemq] (MSC service thread 1-8) WFLYMSGAMQ0075: AIO wasn't located on this platform, it will fall back to using pure Java NIO. Your platform is Linux, install LibAIO to enable the AIO journal and achieve optimal performance.
[0m[0m04:44:42,298 INFO  [org.apache.activemq.artemis.core.server] (ServerService Thread Pool -- 64) AMQ221000: live Message Broker is starting with configuration Broker Configuration (clustered=false,journalDirectory=/opt/jboss/wildfly/standalone/data/activemq/journal,bindingsDirectory=/opt/jboss/wildfly/standalone/data/activemq/bindings,largeMessagesDirectory=/opt/jboss/wildfly/standalone/data/activemq/largemessages,pagingDirectory=/opt/jboss/wildfly/standalone/data/activemq/paging)
[0m[33m04:44:42,347 WARN  [org.jboss.as.domain.management.security] (MSC service thread 1-8) WFLYDM0111: Keystore /opt/jboss/wildfly/standalone/configuration/application.keystore not found, it will be auto generated on first use with a self signed certificate for host localhost
[0m[0m04:44:42,398 INFO  [org.apache.activemq.artemis.core.server] (ServerService Thread Pool -- 64) AMQ221013: Using NIO Journal
[0m[0m04:44:42,439 INFO  [org.jboss.as.server.deployment] (MSC service thread 1-2) WFLYSRV0027: Starting deployment of "opendolphin-server.war" (runtime-name: "opendolphin-server.war")
[0m[0m04:44:42,613 INFO  [org.jboss.as.server.deployment.scanner] (MSC service thread 1-6) WFLYDS0013: Started FileSystemDeploymentService for directory /opt/jboss/wildfly/standalone/deployments
[0m[0m04:44:43,315 INFO  [org.apache.activemq.artemis.core.server] (ServerService Thread Pool -- 64) AMQ221043: Protocol module found: [artemis-server]. Adding protocol support for: CORE
[0m[0m04:44:43,754 INFO  [org.apache.activemq.artemis.core.server] (ServerService Thread Pool -- 64) AMQ221043: Protocol module found: [artemis-amqp-protocol]. Adding protocol support for: AMQP
[0m[0m04:44:43,795 INFO  [org.apache.activemq.artemis.core.server] (ServerService Thread Pool -- 64) AMQ221043: Protocol module found: [artemis-hornetq-protocol]. Adding protocol support for: HORNETQ
[0m[0m04:44:43,803 INFO  [org.apache.activemq.artemis.core.server] (ServerService Thread Pool -- 64) AMQ221043: Protocol module found: [artemis-stomp-protocol]. Adding protocol support for: STOMP
[0m[0m04:44:44,272 INFO  [org.infinispan.factories.GlobalComponentRegistry] (MSC service thread 1-3) ISPN000128: Infinispan version: Infinispan 'Chakra' 8.2.4.Final
[0m[0m04:44:44,332 INFO  [org.wildfly.extension.undertow] (MSC service thread 1-8) WFLYUT0006: Undertow HTTPS listener https listening on 0.0.0.0:8443
[0m[0m04:44:44,642 INFO  [org.infinispan.configuration.cache.EvictionConfigurationBuilder] (ServerService Thread Pool -- 70) ISPN000152: Passivation configured without an eviction policy being selected. Only manually evicted entities will be passivated.
[0m[0m04:44:44,642 INFO  [org.infinispan.configuration.cache.EvictionConfigurationBuilder] (ServerService Thread Pool -- 67) ISPN000152: Passivation configured without an eviction policy being selected. Only manually evicted entities will be passivated.
[0m[0m04:44:44,641 INFO  [org.infinispan.configuration.cache.EvictionConfigurationBuilder] (ServerService Thread Pool -- 68) ISPN000152: Passivation configured without an eviction policy being selected. Only manually evicted entities will be passivated.
[0m[0m04:44:44,688 INFO  [org.infinispan.configuration.cache.EvictionConfigurationBuilder] (ServerService Thread Pool -- 68) ISPN000152: Passivation configured without an eviction policy being selected. Only manually evicted entities will be passivated.
[0m[0m04:44:44,688 INFO  [org.infinispan.configuration.cache.EvictionConfigurationBuilder] (ServerService Thread Pool -- 67) ISPN000152: Passivation configured without an eviction policy being selected. Only manually evicted entities will be passivated.
[0m[0m04:44:44,689 INFO  [org.infinispan.configuration.cache.EvictionConfigurationBuilder] (ServerService Thread Pool -- 70) ISPN000152: Passivation configured without an eviction policy being selected. Only manually evicted entities will be passivated.
[0m[0m04:44:44,905 INFO  [org.wildfly.extension.messaging-activemq] (MSC service thread 1-1) WFLYMSGAMQ0016: Registered HTTP upgrade for activemq-remoting protocol handled by http-acceptor acceptor
[0m[0m04:44:44,904 INFO  [org.wildfly.extension.messaging-activemq] (MSC service thread 1-4) WFLYMSGAMQ0016: Registered HTTP upgrade for activemq-remoting protocol handled by http-acceptor-throughput acceptor
[0m[0m04:44:44,904 INFO  [org.wildfly.extension.messaging-activemq] (MSC service thread 1-7) WFLYMSGAMQ0016: Registered HTTP upgrade for activemq-remoting protocol handled by http-acceptor-throughput acceptor
[0m[0m04:44:44,905 INFO  [org.wildfly.extension.messaging-activemq] (MSC service thread 1-3) WFLYMSGAMQ0016: Registered HTTP upgrade for activemq-remoting protocol handled by http-acceptor acceptor
[0m[0m04:44:45,103 INFO  [org.jboss.ws.common.management] (MSC service thread 1-6) JBWS022052: Starting JBossWS 5.1.5.Final (Apache CXF 3.1.6) 
[0m[0m04:44:45,122 INFO  [org.apache.activemq.artemis.core.server] (ServerService Thread Pool -- 64) AMQ221007: Server is now live
[0m[0m04:44:45,122 INFO  [org.apache.activemq.artemis.core.server] (ServerService Thread Pool -- 64) AMQ221001: Apache ActiveMQ Artemis Message Broker version 1.1.0.wildfly-017 [nodeID=5ecc91ce-bcdb-11f0-9d19-4d0e8d49105a] 
[0m[0m04:44:45,132 INFO  [org.apache.activemq.artemis.core.server] (ServerService Thread Pool -- 64) AMQ221003: trying to deploy queue jms.queue.dolphinQueue
[0m[0m04:44:45,215 INFO  [org.apache.activemq.artemis.core.server] (ServerService Thread Pool -- 71) AMQ221003: trying to deploy queue jms.queue.ExpiryQueue
[0m[0m04:44:45,253 INFO  [org.apache.activemq.artemis.jms.server] (ServerService Thread Pool -- 68) AMQ121005: Invalid "host" value "0.0.0.0" detected for "http-connector" connector. Switching to "ebe18685a5f9". If this new address is incorrect please manually configure the connector to use the proper one.
[0m[0m04:44:45,390 INFO  [org.jboss.as.connector.deployment] (MSC service thread 1-8) WFLYJCA0007: Registered connection factory java:/JmsXA
[0m[0m04:44:45,361 INFO  [org.wildfly.extension.messaging-activemq] (ServerService Thread Pool -- 68) WFLYMSGAMQ0002: Bound messaging object to jndi name java:jboss/exported/jms/RemoteConnectionFactory
[0m[0m04:44:45,420 INFO  [org.apache.activemq.artemis.core.server] (ServerService Thread Pool -- 67) AMQ221003: trying to deploy queue jms.queue.DLQ
[0m[0m04:44:45,467 INFO  [org.wildfly.extension.messaging-activemq] (ServerService Thread Pool -- 70) WFLYMSGAMQ0002: Bound messaging object to jndi name java:/ConnectionFactory
[0m[0m04:44:45,545 INFO  [org.apache.activemq.artemis.ra] (MSC service thread 1-8) Resource adaptor started
[0m[0m04:44:45,550 INFO  [org.jboss.as.connector.services.resourceadapters.ResourceAdapterActivatorService$ResourceAdapterActivator] (MSC service thread 1-8) IJ020002: Deployed: file://RaActivatoractivemq-ra
[0m[0m04:44:45,559 INFO  [org.jboss.as.connector.deployment] (MSC service thread 1-8) WFLYJCA0002: Bound JCA ConnectionFactory [java:/JmsXA]
[0m[0m04:44:45,560 INFO  [org.wildfly.extension.messaging-activemq] (MSC service thread 1-4) WFLYMSGAMQ0002: Bound messaging object to jndi name java:jboss/DefaultJMSConnectionFactory
[0m[33m04:44:45,604 WARN  [org.jboss.as.server.deployment] (MSC service thread 1-2) WFLYSRV0003: Could not index class META-INF/versions/9/module-info.class at /content/opendolphin-server.war/WEB-INF/lib/commons-codec-1.17.1.jar: java.lang.IllegalStateException: Unknown tag! pos=3 poolCount = 22
	at org.jboss.jandex.Indexer.processConstantPool(Indexer.java:1416)
	at org.jboss.jandex.Indexer.index(Indexer.java:1450)
	at org.jboss.as.server.deployment.annotation.ResourceRootIndexer.indexResourceRoot(ResourceRootIndexer.java:99)
	at org.jboss.as.server.deployment.annotation.AnnotationIndexProcessor.deploy(AnnotationIndexProcessor.java:51)
	at org.jboss.as.server.deployment.DeploymentUnitPhaseService.start(DeploymentUnitPhaseService.java:147)
	at org.jboss.msc.service.ServiceControllerImpl$StartTask.startService(ServiceControllerImpl.java:1948)
	at org.jboss.msc.service.ServiceControllerImpl$StartTask.run(ServiceControllerImpl.java:1881)
	at java.util.concurrent.ThreadPoolExecutor.runWorker(ThreadPoolExecutor.java:1149)
	at java.util.concurrent.ThreadPoolExecutor$Worker.run(ThreadPoolExecutor.java:624)
	at java.lang.Thread.run(Thread.java:748)

[0m[0m04:44:46,408 INFO  [org.jboss.as.jpa] (MSC service thread 1-3) WFLYJPA0002: Read persistence.xml for opendolphinPU
[0m[0m04:44:46,603 INFO  [org.jboss.as.jpa] (ServerService Thread Pool -- 70) WFLYJPA0010: Starting Persistence Unit (phase 1 of 2) Service 'opendolphin-server.war#opendolphinPU'
[0m[0m04:44:46,635 INFO  [org.hibernate.jpa.internal.util.LogHelper] (ServerService Thread Pool -- 70) HHH000204: Processing PersistenceUnitInfo [
	name: opendolphinPU
	...]
[0m[0m04:44:46,753 INFO  [org.hibernate.Version] (ServerService Thread Pool -- 70) HHH000412: Hibernate Core {5.0.10.Final}
[0m[0m04:44:46,758 INFO  [org.hibernate.cfg.Environment] (ServerService Thread Pool -- 70) HHH000206: hibernate.properties not found
[0m[0m04:44:46,759 INFO  [org.hibernate.cfg.Environment] (ServerService Thread Pool -- 70) HHH000021: Bytecode provider name : javassist
[0m[0m04:44:46,802 INFO  [org.hibernate.annotations.common.Version] (ServerService Thread Pool -- 70) HCANN000001: Hibernate Commons Annotations {5.0.1.Final}
[0m[0m04:44:46,844 INFO  [org.jboss.weld.deployer] (MSC service thread 1-8) WFLYWELD0003: Processing weld deployment opendolphin-server.war
[0m[0m04:44:46,956 INFO  [org.hibernate.validator.internal.util.Version] (MSC service thread 1-8) HV000001: Hibernate Validator 5.2.4.Final
[0m[0m04:44:47,033 INFO  [org.jboss.as.ejb3.deployment] (MSC service thread 1-8) WFLYEJB0473: JNDI bindings for session bean named 'ADM20_EHTServiceBean' in deployment unit 'deployment "opendolphin-server.war"' are as follows:

	java:global/opendolphin-server/ADM20_EHTServiceBean!open.dolphin.adm20.session.ADM20_EHTServiceBean
	java:app/opendolphin-server/ADM20_EHTServiceBean!open.dolphin.adm20.session.ADM20_EHTServiceBean
	java:module/ADM20_EHTServiceBean!open.dolphin.adm20.session.ADM20_EHTServiceBean
	java:global/opendolphin-server/ADM20_EHTServiceBean
	java:app/opendolphin-server/ADM20_EHTServiceBean
	java:module/ADM20_EHTServiceBean

[0m[0m04:44:47,035 INFO  [org.jboss.as.ejb3.deployment] (MSC service thread 1-8) WFLYEJB0473: JNDI bindings for session bean named 'PvtService' in deployment unit 'deployment "opendolphin-server.war"' are as follows:

	java:global/opendolphin-server/PvtService!java.lang.Runnable
	java:app/opendolphin-server/PvtService!java.lang.Runnable
	java:module/PvtService!java.lang.Runnable
	java:global/opendolphin-server/PvtService
	java:app/opendolphin-server/PvtService
	java:module/PvtService

[0m[0m04:44:47,035 INFO  [org.jboss.as.ejb3.deployment] (MSC service thread 1-8) WFLYEJB0473: JNDI bindings for session bean named 'IPhoneServiceBean' in deployment unit 'deployment "opendolphin-server.war"' are as follows:

	java:global/opendolphin-server/IPhoneServiceBean!open.dolphin.touch.session.IPhoneServiceBean
	java:app/opendolphin-server/IPhoneServiceBean!open.dolphin.touch.session.IPhoneServiceBean
	java:module/IPhoneServiceBean!open.dolphin.touch.session.IPhoneServiceBean
	java:global/opendolphin-server/IPhoneServiceBean
	java:app/opendolphin-server/IPhoneServiceBean
	java:module/IPhoneServiceBean

[0m[0m04:44:47,035 INFO  [org.jboss.as.ejb3.deployment] (MSC service thread 1-8) WFLYEJB0473: JNDI bindings for session bean named 'OrcaResource' in deployment unit 'deployment "opendolphin-server.war"' are as follows:

	java:global/opendolphin-server/OrcaResource!open.orca.rest.OrcaResource
	java:app/opendolphin-server/OrcaResource!open.orca.rest.OrcaResource
	java:module/OrcaResource!open.orca.rest.OrcaResource
	java:global/opendolphin-server/OrcaResource
	java:app/opendolphin-server/OrcaResource
	java:module/OrcaResource

[0m[0m04:44:47,035 INFO  [org.jboss.as.ejb3.deployment] (MSC service thread 1-8) WFLYEJB0473: JNDI bindings for session bean named 'KarteServiceBean' in deployment unit 'deployment "opendolphin-server.war"' are as follows:

	java:global/opendolphin-server/KarteServiceBean!open.dolphin.session.KarteServiceBean
	java:app/opendolphin-server/KarteServiceBean!open.dolphin.session.KarteServiceBean
	java:module/KarteServiceBean!open.dolphin.session.KarteServiceBean
	java:global/opendolphin-server/KarteServiceBean
	java:app/opendolphin-server/KarteServiceBean
	java:module/KarteServiceBean

[0m[0m04:44:47,036 INFO  [org.jboss.as.ejb3.deployment] (MSC service thread 1-8) WFLYEJB0473: JNDI bindings for session bean named 'IdentityService' in deployment unit 'deployment "opendolphin-server.war"' are as follows:

	java:global/opendolphin-server/IdentityService!open.dolphin.adm20.mbean.IdentityService
	java:app/opendolphin-server/IdentityService!open.dolphin.adm20.mbean.IdentityService
	java:module/IdentityService!open.dolphin.adm20.mbean.IdentityService
	java:global/opendolphin-server/IdentityService
	java:app/opendolphin-server/IdentityService
	java:module/IdentityService

[0m[0m04:44:47,036 INFO  [org.jboss.as.ejb3.deployment] (MSC service thread 1-8) WFLYEJB0473: JNDI bindings for session bean named 'StampServiceBean' in deployment unit 'deployment "opendolphin-server.war"' are as follows:

	java:global/opendolphin-server/StampServiceBean!open.dolphin.session.StampServiceBean
	java:app/opendolphin-server/StampServiceBean!open.dolphin.session.StampServiceBean
	java:module/StampServiceBean!open.dolphin.session.StampServiceBean
	java:global/opendolphin-server/StampServiceBean
	java:app/opendolphin-server/StampServiceBean
	java:module/StampServiceBean

[0m[0m04:44:47,037 INFO  [org.jboss.as.ejb3.deployment] (MSC service thread 1-8) WFLYEJB0473: JNDI bindings for session bean named 'ADM10_EHTServiceBean' in deployment unit 'deployment "opendolphin-server.war"' are as follows:

	java:global/opendolphin-server/ADM10_EHTServiceBean!open.dolphin.adm10.session.ADM10_EHTServiceBean
	java:app/opendolphin-server/ADM10_EHTServiceBean!open.dolphin.adm10.session.ADM10_EHTServiceBean
	java:module/ADM10_EHTServiceBean!open.dolphin.adm10.session.ADM10_EHTServiceBean
	java:global/opendolphin-server/ADM10_EHTServiceBean
	java:app/opendolphin-server/ADM10_EHTServiceBean
	java:module/ADM10_EHTServiceBean

[0m[0m04:44:47,037 INFO  [org.jboss.as.ejb3.deployment] (MSC service thread 1-8) WFLYEJB0473: JNDI bindings for session bean named 'MmlServiceBean' in deployment unit 'deployment "opendolphin-server.war"' are as follows:

	java:global/opendolphin-server/MmlServiceBean!open.dolphin.session.MmlServiceBean
	java:app/opendolphin-server/MmlServiceBean!open.dolphin.session.MmlServiceBean
	java:module/MmlServiceBean!open.dolphin.session.MmlServiceBean
	java:global/opendolphin-server/MmlServiceBean
	java:app/opendolphin-server/MmlServiceBean
	java:module/MmlServiceBean

[0m[0m04:44:47,037 INFO  [org.jboss.as.ejb3.deployment] (MSC service thread 1-8) WFLYEJB0473: JNDI bindings for session bean named 'PVTServiceBean' in deployment unit 'deployment "opendolphin-server.war"' are as follows:

	java:global/opendolphin-server/PVTServiceBean!open.dolphin.session.PVTServiceBean
	java:app/opendolphin-server/PVTServiceBean!open.dolphin.session.PVTServiceBean
	java:module/PVTServiceBean!open.dolphin.session.PVTServiceBean
	java:global/opendolphin-server/PVTServiceBean
	java:app/opendolphin-server/PVTServiceBean
	java:module/PVTServiceBean

[0m[0m04:44:47,037 INFO  [org.jboss.as.ejb3.deployment] (MSC service thread 1-8) WFLYEJB0473: JNDI bindings for session bean named 'ScheduleServiceBean' in deployment unit 'deployment "opendolphin-server.war"' are as follows:

	java:global/opendolphin-server/ScheduleServiceBean!open.dolphin.session.ScheduleServiceBean
	java:app/opendolphin-server/ScheduleServiceBean!open.dolphin.session.ScheduleServiceBean
	java:module/ScheduleServiceBean!open.dolphin.session.ScheduleServiceBean
	java:global/opendolphin-server/ScheduleServiceBean
	java:app/opendolphin-server/ScheduleServiceBean
	java:module/ScheduleServiceBean

[0m[0m04:44:47,037 INFO  [org.jboss.as.ejb3.deployment] (MSC service thread 1-8) WFLYEJB0473: JNDI bindings for session bean named 'AMD20_PHRServiceBean' in deployment unit 'deployment "opendolphin-server.war"' are as follows:

	java:global/opendolphin-server/AMD20_PHRServiceBean!open.dolphin.adm20.session.AMD20_PHRServiceBean
	java:app/opendolphin-server/AMD20_PHRServiceBean!open.dolphin.adm20.session.AMD20_PHRServiceBean
	java:module/AMD20_PHRServiceBean!open.dolphin.adm20.session.AMD20_PHRServiceBean
	java:global/opendolphin-server/AMD20_PHRServiceBean
	java:app/opendolphin-server/AMD20_PHRServiceBean
	java:module/AMD20_PHRServiceBean

[0m[0m04:44:47,037 INFO  [org.jboss.as.ejb3.deployment] (MSC service thread 1-8) WFLYEJB0473: JNDI bindings for session bean named 'ADM20_IPhoneServiceBean' in deployment unit 'deployment "opendolphin-server.war"' are as follows:

	java:global/opendolphin-server/ADM20_IPhoneServiceBean!open.dolphin.adm20.session.ADM20_IPhoneServiceBean
	java:app/opendolphin-server/ADM20_IPhoneServiceBean!open.dolphin.adm20.session.ADM20_IPhoneServiceBean
	java:module/ADM20_IPhoneServiceBean!open.dolphin.adm20.session.ADM20_IPhoneServiceBean
	java:global/opendolphin-server/ADM20_IPhoneServiceBean
	java:app/opendolphin-server/ADM20_IPhoneServiceBean
	java:module/ADM20_IPhoneServiceBean

[0m[0m04:44:47,037 INFO  [org.jboss.as.ejb3.deployment] (MSC service thread 1-8) WFLYEJB0473: JNDI bindings for session bean named 'AppoServiceBean' in deployment unit 'deployment "opendolphin-server.war"' are as follows:

	java:global/opendolphin-server/AppoServiceBean!open.dolphin.session.AppoServiceBean
	java:app/opendolphin-server/AppoServiceBean!open.dolphin.session.AppoServiceBean
	java:module/AppoServiceBean!open.dolphin.session.AppoServiceBean
	java:global/opendolphin-server/AppoServiceBean
	java:app/opendolphin-server/AppoServiceBean
	java:module/AppoServiceBean

[0m[0m04:44:47,037 INFO  [org.jboss.as.ejb3.deployment] (MSC service thread 1-8) WFLYEJB0473: JNDI bindings for session bean named 'ChartEventServiceBean' in deployment unit 'deployment "opendolphin-server.war"' are as follows:

	java:global/opendolphin-server/ChartEventServiceBean!open.dolphin.session.ChartEventServiceBean
	java:app/opendolphin-server/ChartEventServiceBean!open.dolphin.session.ChartEventServiceBean
	java:module/ChartEventServiceBean!open.dolphin.session.ChartEventServiceBean
	java:global/opendolphin-server/ChartEventServiceBean
	java:app/opendolphin-server/ChartEventServiceBean
	java:module/ChartEventServiceBean

[0m[0m04:44:47,037 INFO  [org.jboss.as.ejb3.deployment] (MSC service thread 1-8) WFLYEJB0473: JNDI bindings for session bean named 'ADM10_IPhoneServiceBean' in deployment unit 'deployment "opendolphin-server.war"' are as follows:

	java:global/opendolphin-server/ADM10_IPhoneServiceBean!open.dolphin.adm10.session.ADM10_IPhoneServiceBean
	java:app/opendolphin-server/ADM10_IPhoneServiceBean!open.dolphin.adm10.session.ADM10_IPhoneServiceBean
	java:module/ADM10_IPhoneServiceBean!open.dolphin.adm10.session.ADM10_IPhoneServiceBean
	java:global/opendolphin-server/ADM10_IPhoneServiceBean
	java:app/opendolphin-server/ADM10_IPhoneServiceBean
	java:module/ADM10_IPhoneServiceBean

[0m[0m04:44:47,037 INFO  [org.jboss.as.ejb3.deployment] (MSC service thread 1-8) WFLYEJB0473: JNDI bindings for session bean named 'ServletStartup' in deployment unit 'deployment "opendolphin-server.war"' are as follows:

	java:global/opendolphin-server/ServletStartup!open.dolphin.mbean.ServletStartup
	java:app/opendolphin-server/ServletStartup!open.dolphin.mbean.ServletStartup
	java:module/ServletStartup!open.dolphin.mbean.ServletStartup
	java:global/opendolphin-server/ServletStartup
	java:app/opendolphin-server/ServletStartup
	java:module/ServletStartup

[0m[0m04:44:47,037 INFO  [org.jboss.as.ejb3.deployment] (MSC service thread 1-8) WFLYEJB0473: JNDI bindings for session bean named 'UserServiceBean' in deployment unit 'deployment "opendolphin-server.war"' are as follows:

	java:global/opendolphin-server/UserServiceBean!open.dolphin.session.UserServiceBean
	java:app/opendolphin-server/UserServiceBean!open.dolphin.session.UserServiceBean
	java:module/UserServiceBean!open.dolphin.session.UserServiceBean
	java:global/opendolphin-server/UserServiceBean
	java:app/opendolphin-server/UserServiceBean
	java:module/UserServiceBean

[0m[0m04:44:47,037 INFO  [org.jboss.as.ejb3.deployment] (MSC service thread 1-8) WFLYEJB0473: JNDI bindings for session bean named 'PatientServiceBean' in deployment unit 'deployment "opendolphin-server.war"' are as follows:

	java:global/opendolphin-server/PatientServiceBean!open.dolphin.session.PatientServiceBean
	java:app/opendolphin-server/PatientServiceBean!open.dolphin.session.PatientServiceBean
	java:module/PatientServiceBean!open.dolphin.session.PatientServiceBean
	java:global/opendolphin-server/PatientServiceBean
	java:app/opendolphin-server/PatientServiceBean
	java:module/PatientServiceBean

[0m[0m04:44:47,038 INFO  [org.jboss.as.ejb3.deployment] (MSC service thread 1-8) WFLYEJB0473: JNDI bindings for session bean named 'ADM20_AdmissionServiceBean' in deployment unit 'deployment "opendolphin-server.war"' are as follows:

	java:global/opendolphin-server/ADM20_AdmissionServiceBean!open.dolphin.adm20.session.ADM20_AdmissionServiceBean
	java:app/opendolphin-server/ADM20_AdmissionServiceBean!open.dolphin.adm20.session.ADM20_AdmissionServiceBean
	java:module/ADM20_AdmissionServiceBean!open.dolphin.adm20.session.ADM20_AdmissionServiceBean
	java:global/opendolphin-server/ADM20_AdmissionServiceBean
	java:app/opendolphin-server/ADM20_AdmissionServiceBean
	java:module/ADM20_AdmissionServiceBean

[0m[0m04:44:47,038 INFO  [org.jboss.as.ejb3.deployment] (MSC service thread 1-8) WFLYEJB0473: JNDI bindings for session bean named 'EHTServiceBean' in deployment unit 'deployment "opendolphin-server.war"' are as follows:

	java:global/opendolphin-server/EHTServiceBean!open.dolphin.touch.session.EHTServiceBean
	java:app/opendolphin-server/EHTServiceBean!open.dolphin.touch.session.EHTServiceBean
	java:module/EHTServiceBean!open.dolphin.touch.session.EHTServiceBean
	java:global/opendolphin-server/EHTServiceBean
	java:app/opendolphin-server/EHTServiceBean
	java:module/EHTServiceBean

[0m[0m04:44:47,038 INFO  [org.jboss.as.ejb3.deployment] (MSC service thread 1-8) WFLYEJB0473: JNDI bindings for session bean named 'SystemServiceBean' in deployment unit 'deployment "opendolphin-server.war"' are as follows:

	java:global/opendolphin-server/SystemServiceBean!open.dolphin.session.SystemServiceBean
	java:app/opendolphin-server/SystemServiceBean!open.dolphin.session.SystemServiceBean
	java:module/SystemServiceBean!open.dolphin.session.SystemServiceBean
	java:global/opendolphin-server/SystemServiceBean
	java:app/opendolphin-server/SystemServiceBean
	java:module/SystemServiceBean

[0m[0m04:44:47,039 INFO  [org.jboss.as.ejb3.deployment] (MSC service thread 1-8) WFLYEJB0473: JNDI bindings for session bean named 'NLabServiceBean' in deployment unit 'deployment "opendolphin-server.war"' are as follows:

	java:global/opendolphin-server/NLabServiceBean!open.dolphin.session.NLabServiceBean
	java:app/opendolphin-server/NLabServiceBean!open.dolphin.session.NLabServiceBean
	java:module/NLabServiceBean!open.dolphin.session.NLabServiceBean
	java:global/opendolphin-server/NLabServiceBean
	java:app/opendolphin-server/NLabServiceBean
	java:module/NLabServiceBean

[0m[0m04:44:47,040 INFO  [org.jboss.as.ejb3.deployment] (MSC service thread 1-8) WFLYEJB0473: JNDI bindings for session bean named 'InitialAccountMaker' in deployment unit 'deployment "opendolphin-server.war"' are as follows:

	java:global/opendolphin-server/InitialAccountMaker!open.dolphin.mbean.InitialAccountMaker
	java:app/opendolphin-server/InitialAccountMaker!open.dolphin.mbean.InitialAccountMaker
	java:module/InitialAccountMaker!open.dolphin.mbean.InitialAccountMaker
	java:global/opendolphin-server/InitialAccountMaker
	java:app/opendolphin-server/InitialAccountMaker
	java:module/InitialAccountMaker

[0m[0m04:44:47,040 INFO  [org.jboss.as.ejb3.deployment] (MSC service thread 1-8) WFLYEJB0473: JNDI bindings for session bean named 'LetterServiceBean' in deployment unit 'deployment "opendolphin-server.war"' are as follows:

	java:global/opendolphin-server/LetterServiceBean!open.dolphin.session.LetterServiceBean
	java:app/opendolphin-server/LetterServiceBean!open.dolphin.session.LetterServiceBean
	java:module/LetterServiceBean!open.dolphin.session.LetterServiceBean
	java:global/opendolphin-server/LetterServiceBean
	java:app/opendolphin-server/LetterServiceBean
	java:module/LetterServiceBean

[0m[0m04:44:47,041 INFO  [org.jboss.as.ejb3.deployment] (MSC service thread 1-8) WFLYEJB0473: JNDI bindings for session bean named 'VitalServiceBean' in deployment unit 'deployment "opendolphin-server.war"' are as follows:

	java:global/opendolphin-server/VitalServiceBean!open.dolphin.session.VitalServiceBean
	java:app/opendolphin-server/VitalServiceBean!open.dolphin.session.VitalServiceBean
	java:module/VitalServiceBean!open.dolphin.session.VitalServiceBean
	java:global/opendolphin-server/VitalServiceBean
	java:app/opendolphin-server/VitalServiceBean
	java:module/VitalServiceBean

[0m[0m04:44:47,754 INFO  [org.infinispan.configuration.cache.EvictionConfigurationBuilder] (ServerService Thread Pool -- 70) ISPN000152: Passivation configured without an eviction policy being selected. Only manually evicted entities will be passivated.
[0m[0m04:44:47,777 INFO  [org.infinispan.configuration.cache.EvictionConfigurationBuilder] (ServerService Thread Pool -- 70) ISPN000152: Passivation configured without an eviction policy being selected. Only manually evicted entities will be passivated.
[0m[0m04:44:47,883 INFO  [org.jboss.as.connector.deployers.jdbc] (MSC service thread 1-8) WFLYJCA0005: Deploying non-JDBC-compliant driver class org.postgresql.Driver (version 9.2)
[0m[0m04:44:47,922 INFO  [org.jboss.weld.Version] (MSC service thread 1-8) WELD-000900: 2.3.5 (Final)
[0m[0m04:44:48,000 INFO  [org.jboss.as.connector.deployers.jdbc] (MSC service thread 1-3) WFLYJCA0018: Started Driver service with driver-name = opendolphin-server.war_org.postgresql.Driver_9_2
[0m[0m04:44:48,269 INFO  [org.jboss.as.clustering.infinispan] (ServerService Thread Pool -- 70) WFLYCLINF0002: Started client-mappings cache from ejb container
[0m[0m04:44:48,283 INFO  [org.jboss.as.jpa] (ServerService Thread Pool -- 67) WFLYJPA0010: Starting Persistence Unit (phase 2 of 2) Service 'opendolphin-server.war#opendolphinPU'
[0m[33m04:44:48,594 WARN  [org.jboss.jca.core.connectionmanager.pool.strategy.OnePool] (ServerService Thread Pool -- 67) IJ000407: No lazy enlistment available for PostgresDS
[0m[0m04:44:48,607 INFO  [org.hibernate.dialect.Dialect] (ServerService Thread Pool -- 67) HHH000400: Using dialect: org.hibernate.dialect.PostgreSQL81Dialect
[0m[0m04:44:48,687 INFO  [org.hibernate.engine.jdbc.env.internal.LobCreatorBuilderImpl] (ServerService Thread Pool -- 67) HHH000424: Disabling contextual LOB creation as createClob() method threw error : java.lang.reflect.InvocationTargetException
[0m[0m04:44:48,705 INFO  [org.hibernate.envers.boot.internal.EnversServiceImpl] (ServerService Thread Pool -- 67) Envers integration enabled? : true
[0m[0m04:44:50,834 INFO  [org.hibernate.tool.hbm2ddl.SchemaUpdate] (ServerService Thread Pool -- 67) HHH000228: Running hbm2ddl schema update
[0m[0m04:44:57,519 INFO  [open.dolphin] (ServerService Thread Pool -- 65) ChartEventServiceBean: start did call
[0m[0m04:44:57,538 INFO  [open.dolphin] (ServerService Thread Pool -- 65) ServerUUID=fd319d76-560f-4294-894c-47efcfeb34f8
[0m[0m04:44:57,568 INFO  [open.dolphin] (ServerService Thread Pool -- 72) pvt_idx3 exists
[0m[0m04:44:57,573 INFO  [open.dolphin] (ServerService Thread Pool -- 72) d_karte_idx exists
[0m[0m04:44:57,578 INFO  [open.dolphin] (ServerService Thread Pool -- 72) d_document_idx exists
[0m[0m04:44:57,585 INFO  [open.dolphin] (ServerService Thread Pool -- 72) d_diagnosis_idx exists
[0m[0m04:44:57,591 INFO  [open.dolphin] (ServerService Thread Pool -- 72) d_patient_memo_idx exists
[0m[0m04:44:57,597 INFO  [open.dolphin] (ServerService Thread Pool -- 72) d_letter_module_idx exists
[0m[0m04:44:57,600 INFO  [open.dolphin] (ServerService Thread Pool -- 72) d_observation_idx exists
[0m[0m04:44:57,604 INFO  [open.dolphin] (ServerService Thread Pool -- 72) d_module_idx exists
[0m[0m04:44:57,608 INFO  [open.dolphin] (ServerService Thread Pool -- 72) d_image_idx exists
[0m[0m04:44:57,610 INFO  [open.dolphin] (ServerService Thread Pool -- 72) d_attachment_idx exists
[0m[0m04:44:57,612 INFO  [open.dolphin] (ServerService Thread Pool -- 72) d_nlabo_module_idx exists
[0m[0m04:44:57,612 INFO  [open.dolphin] (ServerService Thread Pool -- 72) d_nlabo_item_idx exists
[0m[0m04:44:57,614 INFO  [open.dolphin] (ServerService Thread Pool -- 72) fid_pid_idx exists
[0m[0m04:44:57,615 INFO  [open.dolphin] (ServerService Thread Pool -- 72) pvt_idx1 exists
[0m[0m04:44:57,616 INFO  [open.dolphin] (ServerService Thread Pool -- 72) pub_tree_idx1 exists
[0m[0m04:44:57,617 INFO  [open.dolphin] (ServerService Thread Pool -- 72) patient_idx1 dose not exists
[0m[0m04:44:57,650 INFO  [org.hibernate.hql.internal.QueryTranslatorFactoryInitiator] (ServerService Thread Pool -- 65) HHH000397: Using ASTQueryTranslatorFactory
[0m[0m04:44:57,764 INFO  [stdout] (ServerService Thread Pool -- 65) Hibernate: select patientvis0_.id as id1_37_, patientvis0_.department as departme2_37_, patientvis0_.deptCode as deptCode3_37_, patientvis0_.deptName as deptName4_37_, patientvis0_.doctorId as doctorId5_37_, patientvis0_.doctorName as doctorNa6_37_, patientvis0_.facilityId as facility7_37_, patientvis0_.firstInsurance as firstIns8_37_, patientvis0_.insuranceUid as insuranc9_37_, patientvis0_.jmariNumber as jmariNu10_37_, patientvis0_.memo as memo11_37_, patientvis0_.patient_id as patient14_37_, patientvis0_.pvtDate as pvtDate12_37_, patientvis0_.status as status13_37_ from d_patient_visit patientvis0_ where patientvis0_.pvtDate>=? and patientvis0_.pvtDate<? order by patientvis0_.id
[0m[0m04:44:57,787 INFO  [open.dolphin] (ServerService Thread Pool -- 65) ChartEventService: initializePvtList did done
[0m[0m04:44:59,202 INFO  [javax.enterprise.resource.webcontainer.jsf.config] (ServerService Thread Pool -- 65) Initializing Mojarra 2.2.13.SP1 20160303-1204 for context '/openDolphin'
[0m[0m04:45:00,568 INFO  [org.wildfly.extension.undertow] (ServerService Thread Pool -- 65) WFLYUT0021: Registered web context: /openDolphin
[0m[0m04:45:00,663 INFO  [org.jboss.as.server] (ServerService Thread Pool -- 37) WFLYSRV0010: Deployed "opendolphin-server.war" (runtime-name : "opendolphin-server.war")
[0m[31m04:45:00,942 ERROR [org.jboss.as.controller] (Controller Boot Thread) WFLYCTL0056: Could not rename /opt/jboss/wildfly/standalone/configuration/standalone_xml_history/current to /opt/jboss/wildfly/standalone/configuration/standalone_xml_history/20251109-044500937: java.nio.file.DirectoryNotEmptyException: /opt/jboss/wildfly/standalone/configuration/standalone_xml_history/current
	at sun.nio.fs.UnixCopyFile.move(UnixCopyFile.java:498)
	at sun.nio.fs.UnixFileSystemProvider.move(UnixFileSystemProvider.java:262)
	at java.nio.file.Files.move(Files.java:1395)
	at org.jboss.as.controller.persistence.ConfigurationFile.forcedMove(ConfigurationFile.java:738)
	at org.jboss.as.controller.persistence.ConfigurationFile.createHistoryDirectory(ConfigurationFile.java:627)
	at org.jboss.as.controller.persistence.ConfigurationFile.successfulBoot(ConfigurationFile.java:471)
	at org.jboss.as.controller.persistence.BackupXmlConfigurationPersister.successfulBoot(BackupXmlConfigurationPersister.java:94)
	at org.jboss.as.controller.AbstractControllerService.finishBoot(AbstractControllerService.java:452)
	at org.jboss.as.server.ServerService.boot(ServerService.java:368)
	at org.jboss.as.controller.AbstractControllerService$1.run(AbstractControllerService.java:299)
	at java.lang.Thread.run(Thread.java:748)

[0m[33m04:45:00,943 WARN  [org.jboss.as.controller] (Controller Boot Thread) WFLYCTL0414: Could not create a timestamped backup of current history dir /opt/jboss/wildfly/standalone/configuration/standalone_xml_history/current, so it may still include versions from the previous boot.
[0m[0m04:45:00,947 INFO  [org.jboss.as] (Controller Boot Thread) WFLYSRV0060: Http management interface listening on http://0.0.0.0:9990/management
[0m[0m04:45:00,947 INFO  [org.jboss.as] (Controller Boot Thread) WFLYSRV0051: Admin console listening on http://0.0.0.0:9990
[0m[0m04:45:00,948 INFO  [org.jboss.as] (Controller Boot Thread) WFLYSRV0025: WildFly Full 10.1.0.Final (WildFly Core 2.2.0.Final) started in 27177ms - Started 964 of 1199 services (424 services are lazy, passive or on-demand)
[0m[0m04:45:03,273 INFO  [open.dolphin] (default task-1) 127.0.0.1 dolphin GET /dolphin
[0m[0m04:45:03,275 INFO  [open.dolphin] (default task-1) 127.0.0.1 dolphin GET /dolphin
