06:26:21,843 INFO  [open.dolphin] (default task-1) 192.168.65.1 anonymous PUT /appo traceId=trace-appo-jpql
06:26:21,843 INFO  [open.dolphin] (default task-1) 192.168.65.1 anonymous PUT /appo traceId=trace-appo-jpql
06:26:21,871 INFO  [stdout] (default task-1) Hibernate: select am1_0.id,am1_0.confirmed,am1_0.creator_id,c1_0.id,c1_0.commonName,c1_0.department,c1_0.departmentCodeSys,c1_0.departmentDesc,c1_0.email,c1_0.facility_id,f1_0.id,f1_0.address,f1_0.facilityId,f1_0.facilityName,f1_0.facsimile,f1_0.memberType,f1_0.registeredDate,f1_0.s3AccessKey,f1_0.s3SecretKey,f1_0.s3URL,f1_0.telephone,f1_0.url,f1_0.zipCode,c1_0.factor2Auth,c1_0.givenName,c1_0.license,c1_0.licenseCodeSys,c1_0.licenseDesc,c1_0.mainMobile,c1_0.memberType,c1_0.memo,c1_0.orcaId,c1_0.password,c1_0.registeredDate,c1_0.sirName,c1_0.subMobile,c1_0.useDrugId,c1_0.userId,r1_0.c_user,r1_0.id,r1_0.c_role,r1_0.user_id,am1_0.c_date,am1_0.ended,am1_0.karte_id,k1_0.id,k1_0.created,k1_0.patient_id,p1_0.id,p1_0.address,p1_0.zipCode,p1_0.appMemo,p1_0.birthday,p1_0.email,p1_0.facilityId,p1_0.familyName,p1_0.fullName,p1_0.gender,p1_0.genderDesc,p1_0.givenName,p1_0.jpegPhoto,p1_0.kanaFamilyName,p1_0.kanaGivenName,p1_0.kanaName,p1_0.maritalStatus,p1_0.memo,p1_0.mobilePhone,p1_0.nationality,p1_0.ownerUUID,p1_0.patientId,p1_0.relations,p1_0.reserve1,p1_0.reserve2,p1_0.reserve3,p1_0.reserve4,p1_0.reserve5,p1_0.reserve6,p1_0.romanFamilyName,p1_0.romanGivenName,p1_0.romanName,p1_0.telephone,am1_0.linkId,am1_0.linkRelation,am1_0.memo,am1_0.c_name,am1_0.patientId,am1_0.recorded,am1_0.started,am1_0.status from d_appo am1_0 join d_users c1_0 on c1_0.id=am1_0.creator_id left join d_facility f1_0 on f1_0.id=c1_0.facility_id left join d_roles r1_0 on c1_0.id=r1_0.c_user join d_karte k1_0 on k1_0.id=am1_0.karte_id left join d_patient p1_0 on p1_0.id=k1_0.patient_id where am1_0.id=?
06:26:21,876 ERROR [open.dolphin.session.framework.SessionOperationInterceptor] (default task-1) Session operation failed [traceId=trace-appo-jpql, operation=open.dolphin.session.AppoServiceBean$Proxy$_$$_WeldSubclass#putAppointments]: open.dolphin.session.framework.SessionServiceException: Session layer failure in open.dolphin.session.AppoServiceBean$Proxy$_$$_WeldSubclass#putAppointments
	at deployment.opendolphin-server.war//open.dolphin.session.framework.SessionOperationInterceptor.wrapException(SessionOperationInterceptor.java:54)
	at deployment.opendolphin-server.war//open.dolphin.session.framework.SessionOperationInterceptor.aroundInvoke(SessionOperationInterceptor.java:39)
	at java.base/jdk.internal.reflect.NativeMethodAccessorImpl.invoke0(Native Method)
	at java.base/jdk.internal.reflect.NativeMethodAccessorImpl.invoke(NativeMethodAccessorImpl.java:77)
	at java.base/jdk.internal.reflect.DelegatingMethodAccessorImpl.invoke(DelegatingMethodAccessorImpl.java:43)
	at java.base/java.lang.reflect.Method.invoke(Method.java:569)
	at org.jboss.weld.core@5.1.2.Final//org.jboss.weld.interceptor.reader.SimpleInterceptorInvocation$SimpleMethodInvocation.invoke(SimpleInterceptorInvocation.java:75)
	at org.jboss.weld.core@5.1.2.Final//org.jboss.weld.interceptor.proxy.NonTerminalAroundInvokeInvocationContext.proceedInternal(NonTerminalAroundInvokeInvocationContext.java:72)
	at org.jboss.weld.core@5.1.2.Final//org.jboss.weld.interceptor.proxy.AroundInvokeInvocationContext.proceed(AroundInvokeInvocationContext.java:86)
	at org.jboss.jts//com.arjuna.ats.jta.cdi.transactional.TransactionalInterceptorBase.invokeInOurTx(TransactionalInterceptorBase.java:181)
	at org.jboss.jts//com.arjuna.ats.jta.cdi.transactional.TransactionalInterceptorBase.invokeInOurTx(TransactionalInterceptorBase.java:169)
	at org.jboss.jts//com.arjuna.ats.jta.cdi.transactional.TransactionalInterceptorRequired.doIntercept(TransactionalInterceptorRequired.java:37)
	at org.jboss.jts//com.arjuna.ats.jta.cdi.transactional.TransactionalInterceptorBase.intercept(TransactionalInterceptorBase.java:74)
	at org.jboss.jts//com.arjuna.ats.jta.cdi.transactional.TransactionalInterceptorRequired.intercept(TransactionalInterceptorRequired.java:31)
	at java.base/jdk.internal.reflect.NativeMethodAccessorImpl.invoke0(Native Method)
	at java.base/jdk.internal.reflect.NativeMethodAccessorImpl.invoke(NativeMethodAccessorImpl.java:77)
	at java.base/jdk.internal.reflect.DelegatingMethodAccessorImpl.invoke(DelegatingMethodAccessorImpl.java:43)
	at java.base/java.lang.reflect.Method.invoke(Method.java:569)
	at org.jboss.weld.core@5.1.2.Final//org.jboss.weld.interceptor.reader.SimpleInterceptorInvocation$SimpleMethodInvocation.invoke(SimpleInterceptorInvocation.java:75)
	at org.jboss.weld.core@5.1.2.Final//org.jboss.weld.interceptor.proxy.InterceptorMethodHandler.executeAroundInvoke(InterceptorMethodHandler.java:90)
	at org.jboss.weld.core@5.1.2.Final//org.jboss.weld.interceptor.proxy.InterceptorMethodHandler.executeInterception(InterceptorMethodHandler.java:73)
	at org.jboss.weld.core@5.1.2.Final//org.jboss.weld.interceptor.proxy.InterceptorMethodHandler.invoke(InterceptorMethodHandler.java:56)
	at org.jboss.weld.core@5.1.2.Final//org.jboss.weld.bean.proxy.CombinedInterceptorAndDecoratorStackMethodHandler.invoke(CombinedInterceptorAndDecoratorStackMethodHandler.java:80)
	at org.jboss.weld.core@5.1.2.Final//org.jboss.weld.bean.proxy.CombinedInterceptorAndDecoratorStackMethodHandler.invoke(CombinedInterceptorAndDecoratorStackMethodHandler.java:68)
	at deployment.opendolphin-server.war//open.dolphin.session.AppoServiceBean$Proxy$_$$_WeldSubclass.putAppointments(Unknown Source)
	at deployment.opendolphin-server.war//open.dolphin.session.AppoServiceBean$Proxy$_$$_WeldClientProxy.putAppointments(Unknown Source)
	at deployment.opendolphin-server.war//open.dolphin.rest.AppoResource.putXml(AppoResource.java:40)
	at deployment.opendolphin-server.war//open.dolphin.rest.AppoResource$Proxy$_$$_WeldClientProxy.putXml(Unknown Source)
	at java.base/jdk.internal.reflect.NativeMethodAccessorImpl.invoke0(Native Method)
	at java.base/jdk.internal.reflect.NativeMethodAccessorImpl.invoke(NativeMethodAccessorImpl.java:77)
	at java.base/jdk.internal.reflect.DelegatingMethodAccessorImpl.invoke(DelegatingMethodAccessorImpl.java:43)
	at java.base/java.lang.reflect.Method.invoke(Method.java:569)
	at org.jboss.resteasy.resteasy-core@6.2.10.Final//org.jboss.resteasy.core.MethodInjectorImpl.invoke(MethodInjectorImpl.java:154)
	at org.jboss.resteasy.resteasy-core@6.2.10.Final//org.jboss.resteasy.core.MethodInjectorImpl.invoke(MethodInjectorImpl.java:118)
	at org.jboss.resteasy.resteasy-core@6.2.10.Final//org.jboss.resteasy.core.ResourceMethodInvoker.internalInvokeOnTarget(ResourceMethodInvoker.java:560)
	at org.jboss.resteasy.resteasy-core@6.2.10.Final//org.jboss.resteasy.core.ResourceMethodInvoker.invokeOnTargetAfterFilter(ResourceMethodInvoker.java:452)
	at org.jboss.resteasy.resteasy-core@6.2.10.Final//org.jboss.resteasy.core.ResourceMethodInvoker.lambda$invokeOnTarget$2(ResourceMethodInvoker.java:413)
	at org.jboss.resteasy.resteasy-core@6.2.10.Final//org.jboss.resteasy.core.interception.jaxrs.PreMatchContainerRequestContext.filter(PreMatchContainerRequestContext.java:321)
	at org.jboss.resteasy.resteasy-core@6.2.10.Final//org.jboss.resteasy.core.ResourceMethodInvoker.invokeOnTarget(ResourceMethodInvoker.java:415)
	at org.jboss.resteasy.resteasy-core@6.2.10.Final//org.jboss.resteasy.core.ResourceMethodInvoker.invoke(ResourceMethodInvoker.java:378)
	at org.jboss.resteasy.resteasy-core@6.2.10.Final//org.jboss.resteasy.core.ResourceMethodInvoker.invoke(ResourceMethodInvoker.java:356)
	at org.jboss.resteasy.resteasy-core@6.2.10.Final//org.jboss.resteasy.core.ResourceMethodInvoker.invoke(ResourceMethodInvoker.java:70)
	at org.jboss.resteasy.resteasy-core@6.2.10.Final//org.jboss.resteasy.core.SynchronousDispatcher.invoke(SynchronousDispatcher.java:429)
	at org.jboss.resteasy.resteasy-core@6.2.10.Final//org.jboss.resteasy.core.SynchronousDispatcher.lambda$invoke$4(SynchronousDispatcher.java:240)
	at org.jboss.resteasy.resteasy-core@6.2.10.Final//org.jboss.resteasy.core.SynchronousDispatcher.lambda$preprocess$0(SynchronousDispatcher.java:154)
	at org.jboss.resteasy.resteasy-core@6.2.10.Final//org.jboss.resteasy.core.interception.jaxrs.PreMatchContainerRequestContext.filter(PreMatchContainerRequestContext.java:321)
	at org.jboss.resteasy.resteasy-core@6.2.10.Final//org.jboss.resteasy.core.SynchronousDispatcher.preprocess(SynchronousDispatcher.java:157)
	at org.jboss.resteasy.resteasy-core@6.2.10.Final//org.jboss.resteasy.core.SynchronousDispatcher.invoke(SynchronousDispatcher.java:229)
	at org.jboss.resteasy.resteasy-core@6.2.10.Final//org.jboss.resteasy.plugins.server.servlet.ServletContainerDispatcher.service(ServletContainerDispatcher.java:222)
	at org.jboss.resteasy.resteasy-core@6.2.10.Final//org.jboss.resteasy.plugins.server.servlet.HttpServletDispatcher.service(HttpServletDispatcher.java:55)
	at org.jboss.resteasy.resteasy-core@6.2.10.Final//org.jboss.resteasy.plugins.server.servlet.HttpServletDispatcher.service(HttpServletDispatcher.java:51)
	at jakarta.servlet.api@6.0.0//jakarta.servlet.http.HttpServlet.service(HttpServlet.java:614)
	at io.undertow.servlet@2.3.17.Final//io.undertow.servlet.handlers.ServletHandler.handleRequest(ServletHandler.java:74)
	at io.undertow.servlet@2.3.17.Final//io.undertow.servlet.handlers.FilterHandler$FilterChainImpl.doFilter(FilterHandler.java:129)
	at deployment.opendolphin-server.war//open.dolphin.rest.LogFilter.doFilter(LogFilter.java:111)
	at io.undertow.servlet@2.3.17.Final//io.undertow.servlet.core.ManagedFilter.doFilter(ManagedFilter.java:67)
	at io.undertow.servlet@2.3.17.Final//io.undertow.servlet.handlers.FilterHandler$FilterChainImpl.doFilter(FilterHandler.java:131)
	at deployment.opendolphin-server.war//open.dolphin.rest.LogFilter.doFilter(LogFilter.java:111)
	at io.undertow.servlet@2.3.17.Final//io.undertow.servlet.core.ManagedFilter.doFilter(ManagedFilter.java:67)
	at io.undertow.servlet@2.3.17.Final//io.undertow.servlet.handlers.FilterHandler$FilterChainImpl.doFilter(FilterHandler.java:131)
	at io.undertow.servlet@2.3.17.Final//io.undertow.servlet.handlers.FilterHandler.handleRequest(FilterHandler.java:84)
	at io.undertow.servlet@2.3.17.Final//io.undertow.servlet.handlers.security.ServletSecurityRoleHandler.handleRequest(ServletSecurityRoleHandler.java:62)
	at io.undertow.servlet@2.3.17.Final//io.undertow.servlet.handlers.ServletChain$1.handleRequest(ServletChain.java:68)
	at io.undertow.servlet@2.3.17.Final//io.undertow.servlet.handlers.ServletDispatchingHandler.handleRequest(ServletDispatchingHandler.java:36)
	at org.wildfly.security.elytron-web.undertow-server@4.1.0.Final//org.wildfly.elytron.web.undertow.server.ElytronRunAsHandler.lambda$handleRequest$1(ElytronRunAsHandler.java:68)
	at org.wildfly.security.elytron-base@2.5.2.Final//org.wildfly.security.auth.server.FlexibleIdentityAssociation.runAsFunctionEx(FlexibleIdentityAssociation.java:103)
	at org.wildfly.security.elytron-base@2.5.2.Final//org.wildfly.security.auth.server.Scoped.runAsFunctionEx(Scoped.java:161)
	at org.wildfly.security.elytron-base@2.5.2.Final//org.wildfly.security.auth.server.Scoped.runAs(Scoped.java:73)
	at org.wildfly.security.elytron-web.undertow-server@4.1.0.Final//org.wildfly.elytron.web.undertow.server.ElytronRunAsHandler.handleRequest(ElytronRunAsHandler.java:67)
	at io.undertow.servlet@2.3.17.Final//io.undertow.servlet.handlers.RedirectDirHandler.handleRequest(RedirectDirHandler.java:68)
	at io.undertow.servlet@2.3.17.Final//io.undertow.servlet.handlers.security.SSLInformationAssociationHandler.handleRequest(SSLInformationAssociationHandler.java:117)
	at io.undertow.servlet@2.3.17.Final//io.undertow.servlet.handlers.security.ServletAuthenticationCallHandler.handleRequest(ServletAuthenticationCallHandler.java:57)
	at io.undertow.core@2.3.17.Final//io.undertow.server.handlers.PredicateHandler.handleRequest(PredicateHandler.java:43)
	at io.undertow.core@2.3.17.Final//io.undertow.security.handlers.AbstractConfidentialityHandler.handleRequest(AbstractConfidentialityHandler.java:46)
	at io.undertow.servlet@2.3.17.Final//io.undertow.servlet.handlers.security.ServletConfidentialityConstraintHandler.handleRequest(ServletConfidentialityConstraintHandler.java:64)
	at io.undertow.core@2.3.17.Final//io.undertow.security.handlers.AbstractSecurityContextAssociationHandler.handleRequest(AbstractSecurityContextAssociationHandler.java:43)
	at org.wildfly.security.elytron-web.undertow-server-servlet@4.1.0.Final//org.wildfly.elytron.web.undertow.server.servlet.CleanUpHandler.handleRequest(CleanUpHandler.java:38)
	at io.undertow.core@2.3.17.Final//io.undertow.server.handlers.PredicateHandler.handleRequest(PredicateHandler.java:43)
	at org.wildfly.extension.undertow@33.0.2.Final//org.wildfly.extension.undertow.security.jacc.JACCContextIdHandler.handleRequest(JACCContextIdHandler.java:44)
	at io.undertow.core@2.3.17.Final//io.undertow.server.handlers.PredicateHandler.handleRequest(PredicateHandler.java:43)
	at org.wildfly.extension.undertow@33.0.2.Final//org.wildfly.extension.undertow.deployment.GlobalRequestControllerHandler.handleRequest(GlobalRequestControllerHandler.java:51)
	at io.undertow.servlet@2.3.17.Final//io.undertow.servlet.handlers.SendErrorPageHandler.handleRequest(SendErrorPageHandler.java:52)
	at io.undertow.core@2.3.17.Final//io.undertow.server.handlers.PredicateHandler.handleRequest(PredicateHandler.java:43)
	at io.undertow.core@2.3.17.Final//io.undertow.server.handlers.MetricsHandler.handleRequest(MetricsHandler.java:64)
	at io.undertow.servlet@2.3.17.Final//io.undertow.servlet.core.MetricsChainHandler.handleRequest(MetricsChainHandler.java:59)
	at io.undertow.servlet@2.3.17.Final//io.undertow.servlet.handlers.ServletInitialHandler.handleFirstRequest(ServletInitialHandler.java:276)
	at io.undertow.servlet@2.3.17.Final//io.undertow.servlet.handlers.ServletInitialHandler$2.call(ServletInitialHandler.java:135)
	at io.undertow.servlet@2.3.17.Final//io.undertow.servlet.handlers.ServletInitialHandler$2.call(ServletInitialHandler.java:132)
	at io.undertow.servlet@2.3.17.Final//io.undertow.servlet.core.ServletRequestContextThreadSetupAction$1.call(ServletRequestContextThreadSetupAction.java:48)
	at io.undertow.servlet@2.3.17.Final//io.undertow.servlet.core.ContextClassLoaderSetupAction$1.call(ContextClassLoaderSetupAction.java:43)
	at org.wildfly.extension.undertow@33.0.2.Final//org.wildfly.extension.undertow.deployment.UndertowDeploymentInfoService$UndertowThreadSetupAction.lambda$create$0(UndertowDeploymentInfoService.java:1421)
	at org.wildfly.extension.undertow@33.0.2.Final//org.wildfly.extension.undertow.deployment.UndertowDeploymentInfoService$UndertowThreadSetupAction.lambda$create$0(UndertowDeploymentInfoService.java:1421)
	at org.wildfly.extension.undertow@33.0.2.Final//org.wildfly.extension.undertow.deployment.UndertowDeploymentInfoService$UndertowThreadSetupAction.lambda$create$0(UndertowDeploymentInfoService.java:1421)
	at org.wildfly.extension.undertow@33.0.2.Final//org.wildfly.extension.undertow.deployment.UndertowDeploymentInfoService$UndertowThreadSetupAction.lambda$create$0(UndertowDeploymentInfoService.java:1421)
	at org.wildfly.extension.undertow@33.0.2.Final//org.wildfly.extension.undertow.deployment.UndertowDeploymentInfoService$UndertowThreadSetupAction.lambda$create$0(UndertowDeploymentInfoService.java:1421)
	at io.undertow.servlet@2.3.17.Final//io.undertow.servlet.handlers.ServletInitialHandler.dispatchRequest(ServletInitialHandler.java:256)
	at io.undertow.servlet@2.3.17.Final//io.undertow.servlet.handlers.ServletInitialHandler$1.handleRequest(ServletInitialHandler.java:101)
	at io.undertow.core@2.3.17.Final//io.undertow.server.Connectors.executeRootHandler(Connectors.java:395)
	at io.undertow.core@2.3.17.Final//io.undertow.server.HttpServerExchange$1.run(HttpServerExchange.java:859)
	at org.jboss.threads@2.4.0.Final//org.jboss.threads.ContextClassLoaderSavingRunnable.run(ContextClassLoaderSavingRunnable.java:35)
	at org.jboss.threads@2.4.0.Final//org.jboss.threads.EnhancedQueueExecutor.safeRun(EnhancedQueueExecutor.java:1990)
	at org.jboss.threads@2.4.0.Final//org.jboss.threads.EnhancedQueueExecutor$ThreadBody.doRunTask(EnhancedQueueExecutor.java:1486)
	at org.jboss.threads@2.4.0.Final//org.jboss.threads.EnhancedQueueExecutor$ThreadBody.run(EnhancedQueueExecutor.java:1377)
	at org.jboss.xnio@3.8.16.Final//org.xnio.XnioWorker$WorkerThreadFactory$1$1.run(XnioWorker.java:1282)
	at java.base/java.lang.Thread.run(Thread.java:840)
Caused by: java.lang.IllegalArgumentException: attempt to create delete event with null entity
	at org.hibernate@6.4.4.Final//org.hibernate.event.spi.DeleteEvent.<init>(DeleteEvent.java:31)
	at org.hibernate@6.4.4.Final//org.hibernate.internal.SessionImpl.delete(SessionImpl.java:891)
	at org.hibernate@6.4.4.Final//org.hibernate.internal.SessionImpl.remove(SessionImpl.java:2377)
	at org.jboss.as.jpa@33.0.2.Final//org.jboss.as.jpa.container.AbstractEntityManager.remove(AbstractEntityManager.java:641)
	at deployment.opendolphin-server.war//open.dolphin.session.AppoServiceBean.putAppointments(AppoServiceBean.java:54)
	at deployment.opendolphin-server.war//open.dolphin.session.AppoServiceBean$Proxy$_$$_WeldSubclass.putAppointments$$super(Unknown Source)
	at java.base/jdk.internal.reflect.NativeMethodAccessorImpl.invoke0(Native Method)
	at java.base/jdk.internal.reflect.NativeMethodAccessorImpl.invoke(NativeMethodAccessorImpl.java:77)
	at java.base/jdk.internal.reflect.DelegatingMethodAccessorImpl.invoke(DelegatingMethodAccessorImpl.java:43)
	at java.base/java.lang.reflect.Method.invoke(Method.java:569)
	at org.jboss.weld.core@5.1.2.Final//org.jboss.weld.interceptor.proxy.TerminalAroundInvokeInvocationContext.proceedInternal(TerminalAroundInvokeInvocationContext.java:55)
	at org.jboss.weld.core@5.1.2.Final//org.jboss.weld.interceptor.proxy.AroundInvokeInvocationContext.proceed(AroundInvokeInvocationContext.java:86)
	at deployment.opendolphin-server.war//open.dolphin.session.framework.SessionOperationInterceptor.aroundInvoke(SessionOperationInterceptor.java:37)
	... 103 more

06:26:21,878 ERROR [org.jboss.resteasy.core.providerfactory.DefaultExceptionMapper] (default task-1) RESTEASY002375: Error processing request PUT /openDolphin/resources/appo - open.dolphin.rest.AppoResource.putXml: open.dolphin.session.framework.SessionServiceException: Session layer failure in open.dolphin.session.AppoServiceBean$Proxy$_$$_WeldSubclass#putAppointments
	at deployment.opendolphin-server.war//open.dolphin.session.framework.SessionOperationInterceptor.wrapException(SessionOperationInterceptor.java:54)
	at deployment.opendolphin-server.war//open.dolphin.session.framework.SessionOperationInterceptor.aroundInvoke(SessionOperationInterceptor.java:39)
	at java.base/jdk.internal.reflect.NativeMethodAccessorImpl.invoke0(Native Method)
	at java.base/jdk.internal.reflect.NativeMethodAccessorImpl.invoke(NativeMethodAccessorImpl.java:77)
	at java.base/jdk.internal.reflect.DelegatingMethodAccessorImpl.invoke(DelegatingMethodAccessorImpl.java:43)
	at java.base/java.lang.reflect.Method.invoke(Method.java:569)
	at org.jboss.weld.core@5.1.2.Final//org.jboss.weld.interceptor.reader.SimpleInterceptorInvocation$SimpleMethodInvocation.invoke(SimpleInterceptorInvocation.java:75)
	at org.jboss.weld.core@5.1.2.Final//org.jboss.weld.interceptor.proxy.NonTerminalAroundInvokeInvocationContext.proceedInternal(NonTerminalAroundInvokeInvocationContext.java:72)
	at org.jboss.weld.core@5.1.2.Final//org.jboss.weld.interceptor.proxy.AroundInvokeInvocationContext.proceed(AroundInvokeInvocationContext.java:86)
	at org.jboss.jts//com.arjuna.ats.jta.cdi.transactional.TransactionalInterceptorBase.invokeInOurTx(TransactionalInterceptorBase.java:181)
	at org.jboss.jts//com.arjuna.ats.jta.cdi.transactional.TransactionalInterceptorBase.invokeInOurTx(TransactionalInterceptorBase.java:169)
	at org.jboss.jts//com.arjuna.ats.jta.cdi.transactional.TransactionalInterceptorRequired.doIntercept(TransactionalInterceptorRequired.java:37)
	at org.jboss.jts//com.arjuna.ats.jta.cdi.transactional.TransactionalInterceptorBase.intercept(TransactionalInterceptorBase.java:74)
	at org.jboss.jts//com.arjuna.ats.jta.cdi.transactional.TransactionalInterceptorRequired.intercept(TransactionalInterceptorRequired.java:31)
	at java.base/jdk.internal.reflect.NativeMethodAccessorImpl.invoke0(Native Method)
	at java.base/jdk.internal.reflect.NativeMethodAccessorImpl.invoke(NativeMethodAccessorImpl.java:77)
	at java.base/jdk.internal.reflect.DelegatingMethodAccessorImpl.invoke(DelegatingMethodAccessorImpl.java:43)
	at java.base/java.lang.reflect.Method.invoke(Method.java:569)
	at org.jboss.weld.core@5.1.2.Final//org.jboss.weld.interceptor.reader.SimpleInterceptorInvocation$SimpleMethodInvocation.invoke(SimpleInterceptorInvocation.java:75)
	at org.jboss.weld.core@5.1.2.Final//org.jboss.weld.interceptor.proxy.InterceptorMethodHandler.executeAroundInvoke(InterceptorMethodHandler.java:90)
	at org.jboss.weld.core@5.1.2.Final//org.jboss.weld.interceptor.proxy.InterceptorMethodHandler.executeInterception(InterceptorMethodHandler.java:73)
	at org.jboss.weld.core@5.1.2.Final//org.jboss.weld.interceptor.proxy.InterceptorMethodHandler.invoke(InterceptorMethodHandler.java:56)
	at org.jboss.weld.core@5.1.2.Final//org.jboss.weld.bean.proxy.CombinedInterceptorAndDecoratorStackMethodHandler.invoke(CombinedInterceptorAndDecoratorStackMethodHandler.java:80)
	at org.jboss.weld.core@5.1.2.Final//org.jboss.weld.bean.proxy.CombinedInterceptorAndDecoratorStackMethodHandler.invoke(CombinedInterceptorAndDecoratorStackMethodHandler.java:68)
	at deployment.opendolphin-server.war//open.dolphin.session.AppoServiceBean$Proxy$_$$_WeldSubclass.putAppointments(Unknown Source)
	at deployment.opendolphin-server.war//open.dolphin.session.AppoServiceBean$Proxy$_$$_WeldClientProxy.putAppointments(Unknown Source)
	at deployment.opendolphin-server.war//open.dolphin.rest.AppoResource.putXml(AppoResource.java:40)
	at deployment.opendolphin-server.war//open.dolphin.rest.AppoResource$Proxy$_$$_WeldClientProxy.putXml(Unknown Source)
	at java.base/jdk.internal.reflect.NativeMethodAccessorImpl.invoke0(Native Method)
	at java.base/jdk.internal.reflect.NativeMethodAccessorImpl.invoke(NativeMethodAccessorImpl.java:77)
	at java.base/jdk.internal.reflect.DelegatingMethodAccessorImpl.invoke(DelegatingMethodAccessorImpl.java:43)
	at java.base/java.lang.reflect.Method.invoke(Method.java:569)
	at org.jboss.resteasy.resteasy-core@6.2.10.Final//org.jboss.resteasy.core.MethodInjectorImpl.invoke(MethodInjectorImpl.java:154)
	at org.jboss.resteasy.resteasy-core@6.2.10.Final//org.jboss.resteasy.core.MethodInjectorImpl.invoke(MethodInjectorImpl.java:118)
	at org.jboss.resteasy.resteasy-core@6.2.10.Final//org.jboss.resteasy.core.ResourceMethodInvoker.internalInvokeOnTarget(ResourceMethodInvoker.java:560)
	at org.jboss.resteasy.resteasy-core@6.2.10.Final//org.jboss.resteasy.core.ResourceMethodInvoker.invokeOnTargetAfterFilter(ResourceMethodInvoker.java:452)
	at org.jboss.resteasy.resteasy-core@6.2.10.Final//org.jboss.resteasy.core.ResourceMethodInvoker.lambda$invokeOnTarget$2(ResourceMethodInvoker.java:413)
	at org.jboss.resteasy.resteasy-core@6.2.10.Final//org.jboss.resteasy.core.interception.jaxrs.PreMatchContainerRequestContext.filter(PreMatchContainerRequestContext.java:321)
	at org.jboss.resteasy.resteasy-core@6.2.10.Final//org.jboss.resteasy.core.ResourceMethodInvoker.invokeOnTarget(ResourceMethodInvoker.java:415)
	at org.jboss.resteasy.resteasy-core@6.2.10.Final//org.jboss.resteasy.core.ResourceMethodInvoker.invoke(ResourceMethodInvoker.java:378)
	at org.jboss.resteasy.resteasy-core@6.2.10.Final//org.jboss.resteasy.core.ResourceMethodInvoker.invoke(ResourceMethodInvoker.java:356)
	at org.jboss.resteasy.resteasy-core@6.2.10.Final//org.jboss.resteasy.core.ResourceMethodInvoker.invoke(ResourceMethodInvoker.java:70)
	at org.jboss.resteasy.resteasy-core@6.2.10.Final//org.jboss.resteasy.core.SynchronousDispatcher.invoke(SynchronousDispatcher.java:429)
	at org.jboss.resteasy.resteasy-core@6.2.10.Final//org.jboss.resteasy.core.SynchronousDispatcher.lambda$invoke$4(SynchronousDispatcher.java:240)
	at org.jboss.resteasy.resteasy-core@6.2.10.Final//org.jboss.resteasy.core.SynchronousDispatcher.lambda$preprocess$0(SynchronousDispatcher.java:154)
	at org.jboss.resteasy.resteasy-core@6.2.10.Final//org.jboss.resteasy.core.interception.jaxrs.PreMatchContainerRequestContext.filter(PreMatchContainerRequestContext.java:321)
	at org.jboss.resteasy.resteasy-core@6.2.10.Final//org.jboss.resteasy.core.SynchronousDispatcher.preprocess(SynchronousDispatcher.java:157)
	at org.jboss.resteasy.resteasy-core@6.2.10.Final//org.jboss.resteasy.core.SynchronousDispatcher.invoke(SynchronousDispatcher.java:229)
	at org.jboss.resteasy.resteasy-core@6.2.10.Final//org.jboss.resteasy.plugins.server.servlet.ServletContainerDispatcher.service(ServletContainerDispatcher.java:222)
	at org.jboss.resteasy.resteasy-core@6.2.10.Final//org.jboss.resteasy.plugins.server.servlet.HttpServletDispatcher.service(HttpServletDispatcher.java:55)
	at org.jboss.resteasy.resteasy-core@6.2.10.Final//org.jboss.resteasy.plugins.server.servlet.HttpServletDispatcher.service(HttpServletDispatcher.java:51)
	at jakarta.servlet.api@6.0.0//jakarta.servlet.http.HttpServlet.service(HttpServlet.java:614)
	at io.undertow.servlet@2.3.17.Final//io.undertow.servlet.handlers.ServletHandler.handleRequest(ServletHandler.java:74)
	at io.undertow.servlet@2.3.17.Final//io.undertow.servlet.handlers.FilterHandler$FilterChainImpl.doFilter(FilterHandler.java:129)
	at deployment.opendolphin-server.war//open.dolphin.rest.LogFilter.doFilter(LogFilter.java:111)
	at io.undertow.servlet@2.3.17.Final//io.undertow.servlet.core.ManagedFilter.doFilter(ManagedFilter.java:67)
	at io.undertow.servlet@2.3.17.Final//io.undertow.servlet.handlers.FilterHandler$FilterChainImpl.doFilter(FilterHandler.java:131)
	at deployment.opendolphin-server.war//open.dolphin.rest.LogFilter.doFilter(LogFilter.java:111)
	at io.undertow.servlet@2.3.17.Final//io.undertow.servlet.core.ManagedFilter.doFilter(ManagedFilter.java:67)
	at io.undertow.servlet@2.3.17.Final//io.undertow.servlet.handlers.FilterHandler$FilterChainImpl.doFilter(FilterHandler.java:131)
	at io.undertow.servlet@2.3.17.Final//io.undertow.servlet.handlers.FilterHandler.handleRequest(FilterHandler.java:84)
	at io.undertow.servlet@2.3.17.Final//io.undertow.servlet.handlers.security.ServletSecurityRoleHandler.handleRequest(ServletSecurityRoleHandler.java:62)
	at io.undertow.servlet@2.3.17.Final//io.undertow.servlet.handlers.ServletChain$1.handleRequest(ServletChain.java:68)
	at io.undertow.servlet@2.3.17.Final//io.undertow.servlet.handlers.ServletDispatchingHandler.handleRequest(ServletDispatchingHandler.java:36)
	at org.wildfly.security.elytron-web.undertow-server@4.1.0.Final//org.wildfly.elytron.web.undertow.server.ElytronRunAsHandler.lambda$handleRequest$1(ElytronRunAsHandler.java:68)
	at org.wildfly.security.elytron-base@2.5.2.Final//org.wildfly.security.auth.server.FlexibleIdentityAssociation.runAsFunctionEx(FlexibleIdentityAssociation.java:103)
	at org.wildfly.security.elytron-base@2.5.2.Final//org.wildfly.security.auth.server.Scoped.runAsFunctionEx(Scoped.java:161)
	at org.wildfly.security.elytron-base@2.5.2.Final//org.wildfly.security.auth.server.Scoped.runAs(Scoped.java:73)
	at org.wildfly.security.elytron-web.undertow-server@4.1.0.Final//org.wildfly.elytron.web.undertow.server.ElytronRunAsHandler.handleRequest(ElytronRunAsHandler.java:67)
	at io.undertow.servlet@2.3.17.Final//io.undertow.servlet.handlers.RedirectDirHandler.handleRequest(RedirectDirHandler.java:68)
	at io.undertow.servlet@2.3.17.Final//io.undertow.servlet.handlers.security.SSLInformationAssociationHandler.handleRequest(SSLInformationAssociationHandler.java:117)
	at io.undertow.servlet@2.3.17.Final//io.undertow.servlet.handlers.security.ServletAuthenticationCallHandler.handleRequest(ServletAuthenticationCallHandler.java:57)
	at io.undertow.core@2.3.17.Final//io.undertow.server.handlers.PredicateHandler.handleRequest(PredicateHandler.java:43)
	at io.undertow.core@2.3.17.Final//io.undertow.security.handlers.AbstractConfidentialityHandler.handleRequest(AbstractConfidentialityHandler.java:46)
	at io.undertow.servlet@2.3.17.Final//io.undertow.servlet.handlers.security.ServletConfidentialityConstraintHandler.handleRequest(ServletConfidentialityConstraintHandler.java:64)
	at io.undertow.core@2.3.17.Final//io.undertow.security.handlers.AbstractSecurityContextAssociationHandler.handleRequest(AbstractSecurityContextAssociationHandler.java:43)
	at org.wildfly.security.elytron-web.undertow-server-servlet@4.1.0.Final//org.wildfly.elytron.web.undertow.server.servlet.CleanUpHandler.handleRequest(CleanUpHandler.java:38)
	at io.undertow.core@2.3.17.Final//io.undertow.server.handlers.PredicateHandler.handleRequest(PredicateHandler.java:43)
	at org.wildfly.extension.undertow@33.0.2.Final//org.wildfly.extension.undertow.security.jacc.JACCContextIdHandler.handleRequest(JACCContextIdHandler.java:44)
	at io.undertow.core@2.3.17.Final//io.undertow.server.handlers.PredicateHandler.handleRequest(PredicateHandler.java:43)
	at org.wildfly.extension.undertow@33.0.2.Final//org.wildfly.extension.undertow.deployment.GlobalRequestControllerHandler.handleRequest(GlobalRequestControllerHandler.java:51)
	at io.undertow.servlet@2.3.17.Final//io.undertow.servlet.handlers.SendErrorPageHandler.handleRequest(SendErrorPageHandler.java:52)
	at io.undertow.core@2.3.17.Final//io.undertow.server.handlers.PredicateHandler.handleRequest(PredicateHandler.java:43)
	at io.undertow.core@2.3.17.Final//io.undertow.server.handlers.MetricsHandler.handleRequest(MetricsHandler.java:64)
	at io.undertow.servlet@2.3.17.Final//io.undertow.servlet.core.MetricsChainHandler.handleRequest(MetricsChainHandler.java:59)
	at io.undertow.servlet@2.3.17.Final//io.undertow.servlet.handlers.ServletInitialHandler.handleFirstRequest(ServletInitialHandler.java:276)
	at io.undertow.servlet@2.3.17.Final//io.undertow.servlet.handlers.ServletInitialHandler$2.call(ServletInitialHandler.java:135)
	at io.undertow.servlet@2.3.17.Final//io.undertow.servlet.handlers.ServletInitialHandler$2.call(ServletInitialHandler.java:132)
	at io.undertow.servlet@2.3.17.Final//io.undertow.servlet.core.ServletRequestContextThreadSetupAction$1.call(ServletRequestContextThreadSetupAction.java:48)
	at io.undertow.servlet@2.3.17.Final//io.undertow.servlet.core.ContextClassLoaderSetupAction$1.call(ContextClassLoaderSetupAction.java:43)
	at org.wildfly.extension.undertow@33.0.2.Final//org.wildfly.extension.undertow.deployment.UndertowDeploymentInfoService$UndertowThreadSetupAction.lambda$create$0(UndertowDeploymentInfoService.java:1421)
	at org.wildfly.extension.undertow@33.0.2.Final//org.wildfly.extension.undertow.deployment.UndertowDeploymentInfoService$UndertowThreadSetupAction.lambda$create$0(UndertowDeploymentInfoService.java:1421)
	at org.wildfly.extension.undertow@33.0.2.Final//org.wildfly.extension.undertow.deployment.UndertowDeploymentInfoService$UndertowThreadSetupAction.lambda$create$0(UndertowDeploymentInfoService.java:1421)
	at org.wildfly.extension.undertow@33.0.2.Final//org.wildfly.extension.undertow.deployment.UndertowDeploymentInfoService$UndertowThreadSetupAction.lambda$create$0(UndertowDeploymentInfoService.java:1421)
	at org.wildfly.extension.undertow@33.0.2.Final//org.wildfly.extension.undertow.deployment.UndertowDeploymentInfoService$UndertowThreadSetupAction.lambda$create$0(UndertowDeploymentInfoService.java:1421)
	at io.undertow.servlet@2.3.17.Final//io.undertow.servlet.handlers.ServletInitialHandler.dispatchRequest(ServletInitialHandler.java:256)
	at io.undertow.servlet@2.3.17.Final//io.undertow.servlet.handlers.ServletInitialHandler$1.handleRequest(ServletInitialHandler.java:101)
	at io.undertow.core@2.3.17.Final//io.undertow.server.Connectors.executeRootHandler(Connectors.java:395)
	at io.undertow.core@2.3.17.Final//io.undertow.server.HttpServerExchange$1.run(HttpServerExchange.java:859)
	at org.jboss.threads@2.4.0.Final//org.jboss.threads.ContextClassLoaderSavingRunnable.run(ContextClassLoaderSavingRunnable.java:35)
	at org.jboss.threads@2.4.0.Final//org.jboss.threads.EnhancedQueueExecutor.safeRun(EnhancedQueueExecutor.java:1990)
	at org.jboss.threads@2.4.0.Final//org.jboss.threads.EnhancedQueueExecutor$ThreadBody.doRunTask(EnhancedQueueExecutor.java:1486)
	at org.jboss.threads@2.4.0.Final//org.jboss.threads.EnhancedQueueExecutor$ThreadBody.run(EnhancedQueueExecutor.java:1377)
	at org.jboss.xnio@3.8.16.Final//org.xnio.XnioWorker$WorkerThreadFactory$1$1.run(XnioWorker.java:1282)
	at java.base/java.lang.Thread.run(Thread.java:840)
Caused by: java.lang.IllegalArgumentException: attempt to create delete event with null entity
	at org.hibernate@6.4.4.Final//org.hibernate.event.spi.DeleteEvent.<init>(DeleteEvent.java:31)
	at org.hibernate@6.4.4.Final//org.hibernate.internal.SessionImpl.delete(SessionImpl.java:891)
	at org.hibernate@6.4.4.Final//org.hibernate.internal.SessionImpl.remove(SessionImpl.java:2377)
	at org.jboss.as.jpa@33.0.2.Final//org.jboss.as.jpa.container.AbstractEntityManager.remove(AbstractEntityManager.java:641)
	at deployment.opendolphin-server.war//open.dolphin.session.AppoServiceBean.putAppointments(AppoServiceBean.java:54)
	at deployment.opendolphin-server.war//open.dolphin.session.AppoServiceBean$Proxy$_$$_WeldSubclass.putAppointments$$super(Unknown Source)
	at java.base/jdk.internal.reflect.NativeMethodAccessorImpl.invoke0(Native Method)
	at java.base/jdk.internal.reflect.NativeMethodAccessorImpl.invoke(NativeMethodAccessorImpl.java:77)
	at java.base/jdk.internal.reflect.DelegatingMethodAccessorImpl.invoke(DelegatingMethodAccessorImpl.java:43)
	at java.base/java.lang.reflect.Method.invoke(Method.java:569)
	at org.jboss.weld.core@5.1.2.Final//org.jboss.weld.interceptor.proxy.TerminalAroundInvokeInvocationContext.proceedInternal(TerminalAroundInvokeInvocationContext.java:55)
	at org.jboss.weld.core@5.1.2.Final//org.jboss.weld.interceptor.proxy.AroundInvokeInvocationContext.proceed(AroundInvokeInvocationContext.java:86)
	at deployment.opendolphin-server.war//open.dolphin.session.framework.SessionOperationInterceptor.aroundInvoke(SessionOperationInterceptor.java:37)
	... 103 more

