15:44:54.572121 == Info:   Trying 100.102.17.40:8000...
15:44:54.575339 == Info: Connected to 100.102.17.40 (100.102.17.40) port 8000
15:44:54.575351 == Info: Server auth using Basic with user 'ormaster'
15:44:54.575374 => Send header, 226 bytes (0xe2)
0000: POST /api01rv2/appointlstv2?class=01 HTTP/1.1
002f: Host: 100.102.17.40:8000
0049: Authorization: Basic **masked**
0078: User-Agent: curl/8.5.0
0090: Accept: */*
009d: Content-Type: application/xml; charset=UTF-8
00cb: Content-Length: 396
00e0: 
15:44:54.575665 => Send data, 396 bytes (0x18c)
0000: <?xml version="1.0" encoding="UTF-8"?>.<!-- orca-meta:.path=/api
0040: 01rv2/appointlstv2.method=POST.query=class=01.content-type=appli
0080: cation/xml; charset=UTF-8.-->.<data>.  <appointlstreq>.    <Appo
00c0: intment_Date>2025-11-20</Appointment_Date>.    <Medical_Informat
0100: ion>01</Medical_Information>.    <Physician_Code>0001</Physician
0140: _Code>.    <Department_Code>01</Department_Code>.  </appointlstr
0180: eq>.</data>.
15:44:54.616034 <= Recv header, 17 bytes (0x11)
0000: HTTP/1.1 200 OK
15:44:54.616650 <= Recv header, 46 bytes (0x2e)
0000: Content-Type: application/xml; charset=UTF-8
15:44:54.616950 <= Recv header, 22 bytes (0x16)
0000: X-Hybridmode: normal
15:44:54.617264 <= Recv header, 37 bytes (0x25)
0000: Date: Fri, 21 Nov 2025 06:44:59 GMT
15:44:54.617542 <= Recv header, 21 bytes (0x15)
0000: Content-Length: 656
15:44:54.617950 <= Recv header, 2 bytes (0x2)
0000: 
15:44:54.618069 <= Recv data, 656 bytes (0x290)
0000: <?xml version="1.0" encoding="UTF-8"?>.<xmlio2>.<appointlstres t
0040: ype="record">.<Information_Date type="string">2025-11-21</Inform
0080: ation_Date>.<Information_Time type="string">15:44:59</Informatio
00c0: n_Time>.<Api_Result type="string">12</Api_Result>.<Api_Result_Me
0100: ssage type="string">.................................</Api_Resul
0140: t_Message>.<Reskey type="string">Patient Info</Reskey>.<Appointm
0180: ent_Date type="string">2025-11-20</Appointment_Date>.<Appointlst
01c0: _Information type="array">.<Appointlst_Information_child type="r
0200: ecord">.<Physician_Code type="string">0001</Physician_Code>.</Ap
0240: pointlst_Information_child>.</Appointlst_Information>.</appointl
0280: stres>.</xmlio2>
15:44:54.624063 == Info: Connection #0 to host 100.102.17.40 left intact
