15:45:19.215875 == Info:   Trying 100.102.17.40:8000...
15:45:19.219444 == Info: Connected to 100.102.17.40 (100.102.17.40) port 8000
15:45:19.219452 == Info: Server auth using Basic with user 'ormaster'
15:45:19.219674 => Send header, 228 bytes (0xe4)
0000: POST /api/api21/medicalmodv2?class=01 HTTP/1.1
0030: Host: 100.102.17.40:8000
004a: Authorization: Basic **masked**
0079: User-Agent: curl/8.5.0
0091: Accept: */*
009e: Content-Type: application/xml; charset=UTF-8
00cc: Content-Length: 2810
00e2: 
15:45:19.219878 => Send data, 2810 bytes (0xafa)
0000: <?xml version="1.0" encoding="UTF-8"?>.<!-- orca-meta:.path=/api
0040: /api21/medicalmodv2.method=POST.query=class=01.content-type=appl
0080: ication/xml; charset=UTF-8.-->.<data>.  <medicalreq>.    <Reques
00c0: t_Number>01</Request_Number>.    <InOut>O</InOut>.    <Patient_I
0100: D>00000001</Patient_ID>.    <Perform_Date>2025-11-20</Perform_Da
0140: te>.    <Perform_Time>15:30:00</Perform_Time>.    <Medical_Uid><
0180: /Medical_Uid>.    <Medical_Push>1</Medical_Push>.    <Patient_In
01c0: formation type="record">.      <Patient_ID type="string">0000000
0200: 1</Patient_ID>.      <WholeName type="string">............000000
0240: 01</WholeName>.      <WholeName_inKana type="string">...........
0280: ..........</WholeName_inKana>.      <BirthDate type="string">198
02c0: 0-01-01</BirthDate>.      <Sex type="string">1</Sex>.    </Patie
0300: nt_Information>.    <Diagnosis_Information type="record">.      
0340: <Department_Code type="string">01</Department_Code>.      <Physi
0380: cian_Code type="string">0001</Physician_Code>.      <HealthInsur
03c0: ance_Information type="record">.        <InsuranceProvider_Class
0400:  type="string">006</InsuranceProvider_Class>.        <InsuranceP
0440: rovider_Number type="string">06123456</InsuranceProvider_Number>
0480: .        <HealthInsuredPerson_Symbol type="string">AB</HealthIns
04c0: uredPerson_Symbol>.        <HealthInsuredPerson_Number type="str
0500: ing">1234567</HealthInsuredPerson_Number>.        <HealthInsured
0540: Person_Branch_Number type="string">00</HealthInsuredPerson_Branc
0580: h_Number>.        <RelationToInsuredPerson type="string">1</Rela
05c0: tionToInsuredPerson>.      </HealthInsurance_Information>.      
0600: <Medical_Information type="array">.        <Medical_Information_
0640: child type="record">.          <Medical_Class type="string">11</
0680: Medical_Class>.          <Medical_Class_Name type="string">.....
06c0: ..........</Medical_Class_Name>.          <Medical_Class_Number 
0700: type="string">1</Medical_Class_Number>.          <Medication_inf
0740: o type="array">.            <Medication_info_child type="record"
0780: >.              <Medication_Code type="string">110000010</Medica
07c0: tion_Code>.              <Medication_Name type="string">........
0800: .</Medication_Name>.              <Medication_Number type="strin
0840: g">1</Medication_Number>.            </Medication_info_child>.  
0880:         </Medication_info>.        </Medical_Information_child>.
08c0:       </Medical_Information>.      <Disease_Information type="ar
0900: ray">.        <Disease_Information_child type="record">.        
0940:   <Disease_Code type="string">8841239</Disease_Code>.          <
0980: Disease_Name type="string">......</Disease_Name>.          <Dise
09c0: ase_Category type="string">1</Disease_Category>.          <Disea
0a00: se_SuspectedFlag type="string">0</Disease_SuspectedFlag>.       
0a40:    <Disease_StartDate type="string">2025-11-15</Disease_StartDat
0a80: e>.        </Disease_Information_child>.      </Disease_Informat
0ac0: ion>.    </Diagnosis_Information>.  </medicalreq>.</data>.
15:45:19.261991 <= Recv header, 17 bytes (0x11)
0000: HTTP/1.1 200 OK
15:45:19.262604 <= Recv header, 46 bytes (0x2e)
0000: Content-Type: application/xml; charset=UTF-8
15:45:19.262962 <= Recv header, 22 bytes (0x16)
0000: X-Hybridmode: normal
15:45:19.263292 <= Recv header, 37 bytes (0x25)
0000: Date: Fri, 21 Nov 2025 06:45:22 GMT
15:45:19.263601 <= Recv header, 21 bytes (0x15)
0000: Content-Length: 783
15:45:19.264065 <= Recv header, 2 bytes (0x2)
0000: 
15:45:19.264246 <= Recv data, 783 bytes (0x30f)
0000: <?xml version="1.0" encoding="UTF-8"?>.<xmlio2>.<medicalres type
0040: ="record">.<Information_Date type="string">2025-11-21</Informati
0080: on_Date>.<Information_Time type="string">15:45:22</Information_T
00c0: ime>.<Api_Result type="string">10</Api_Result>.<Api_Result_Messa
0100: ge type="string">...............................................
0140: .......</Api_Result_Message>.<Request_Number type="string">01</R
0180: equest_Number>.<Reskey type="string">Medical Info</Reskey>.<Perf
01c0: orm_Date type="string">2025-11-20</Perform_Date>.<Perform_Time t
0200: ype="string">15:30:00</Perform_Time>.<Department_Code type="stri
0240: ng">01</Department_Code>.<Physician_Code type="string">0001</Phy
0280: sician_Code>.<Patient_Information type="record">.<Patient_ID typ
02c0: e="string">00000001</Patient_ID>.</Patient_Information>.</medica
0300: lres>.</xmlio2>
15:45:19.265444 == Info: Connection #0 to host 100.102.17.40 left intact
