15:43:35.733242 == Info:   Trying 100.102.17.40:8000...
15:43:35.736056 == Info: Connected to 100.102.17.40 (100.102.17.40) port 8000
15:43:35.736065 == Info: Server auth using Basic with user 'ormaster'
15:43:35.736081 => Send header, 220 bytes (0xdc)
0000: POST /api01rv2/system01dailyv2 HTTP/1.1
0029: Host: 100.102.17.40:8000
0043: Authorization: Basic **masked**
0072: User-Agent: curl/8.5.0
008a: Accept: */*
0097: Content-Type: application/xml; charset=UTF-8
00c5: Content-Length: 177
00da: 
15:43:35.736301 => Send data, 177 bytes (0xb1)
0000: <?xml version="1.0" encoding="UTF-8"?>.<data>.  <system01_dailyr
0040: eq>.    <Request_Number>01</Request_Number>.    <Base_Date>2025-
0080: 11-21</Base_Date>.  </system01_dailyreq>.</data>.
15:43:35.769116 <= Recv header, 17 bytes (0x11)
0000: HTTP/1.1 200 OK
15:43:35.769784 <= Recv header, 46 bytes (0x2e)
0000: Content-Type: application/xml; charset=UTF-8
15:43:35.770151 <= Recv header, 22 bytes (0x16)
0000: X-Hybridmode: normal
15:43:35.770476 <= Recv header, 37 bytes (0x25)
0000: Date: Fri, 21 Nov 2025 06:43:38 GMT
15:43:35.770795 <= Recv header, 28 bytes (0x1c)
0000: Transfer-Encoding: chunked
15:43:35.771268 <= Recv header, 2 bytes (0x2)
0000: 
15:43:35.771430 <= Recv data, 2048 bytes (0x800)
0000: <?xml version="1.0" encoding="UTF-8"?>.<xmlio2>.<system01_dailyr
0040: es type="record">.<Information_Date type="string">2025-11-21</In
0080: formation_Date>.<Information_Time type="string">15:43:38</Inform
00c0: ation_Time>.<Api_Result type="string">00</Api_Result>.<Api_Resul
0100: t_Message type="string">............</Api_Result_Message>.<Reske
0140: y type="string">Patient Info</Reskey>.<Base_Date type="string">2
0180: 025-11-21</Base_Date>.<Patient_Information type="record">.<Dupli
01c0: cation_Class type="string">0</Duplication_Class>.<Duplication_Cl
0200: ass_Name type="string">....................................</Dup
0240: lication_Class_Name>.<ZipCode_Auto_Class type="string">1</ZipCod
0280: e_Auto_Class>.<ZipCode_Auto_Class_Name type="string">...........
02c0: .......</ZipCode_Auto_Class_Name>.<P_WholeName_Auto_Class type="
0300: string">1</P_WholeName_Auto_Class>.<P_WholeName_Auto_Class_Name 
0340: type="string">............</P_WholeName_Auto_Class_Name>.</Patie
0380: nt_Information>.<Medical_Information type="record">.<Medical_Set
03c0: 01_Information type="record">.<Outside_Class type="string">0</Ou
0400: tside_Class>.<Outside_Class_Name type="string">......</Outside_C
0440: lass_Name>.<Tax_Rounding_Class type="string">2</Tax_Rounding_Cla
0480: ss>.<Tax_Rounding_Class_Name type="string">.....................
04c0: ...</Tax_Rounding_Class_Name>.<Oe_Rounding_Class type="string">2
0500: </Oe_Rounding_Class>.<Oe_Rounding_Class_Name type="string">.....
0540: ...................</Oe_Rounding_Class_Name>.<Medical_Change_Cla
0580: ss type="string">0</Medical_Change_Class>.<Medical_Change_Class_
05c0: Name type="string">............</Medical_Change_Class_Name>.<Cla
0600: ss_Change_Class type="string">0</Class_Change_Class>.<Class_Chan
0640: ge_Class_Name type="string">............</Class_Change_Class_Nam
0680: e>.<Set_Mode_Class type="string">0</Set_Mode_Class>.<Set_Mode_Cl
06c0: ass_Name type="string">............</Set_Mode_Class_Name>.</Medi
0700: cal_Set01_Information>.<Medical_Set02_Information type="record">
0740: .<Medical_Auto_Class type="string">1</Medical_Auto_Class>.<Medic
0780: al_Auto_Class_Name type="string">............</Medical_Auto_Clas
07c0: s_Name>.<Child_Med_Auto_Class type="string">0</Child_Med_Auto_Cl
15:43:35.772862 <= Recv data, 4143 bytes (0x102f)
0000: ass>.<Child_Med_Auto_Class_Name type="string">...............</C
0040: hild_Med_Auto_Class_Name>.<Disease_Med_Auto_Class type="string">
0080: 1</Disease_Med_Auto_Class>.<Disease_Med_Auto_Class_Name type="st
00c0: ring">............</Disease_Med_Auto_Class_Name>.<MeTeratment_Au
0100: to_Class type="string">0</MeTeratment_Auto_Class>.<MeTeratment_A
0140: uto_Class_Name type="string">...............</MeTeratment_Auto_C
0180: lass_Name>.<Outpatient_Med_Chk_Class type="string">1</Outpatient
01c0: _Med_Chk_Class>.<Outpatient_Med_Chk_Class_Name type="string">...
0200: ...............</Outpatient_Med_Chk_Class_Name>.<Child_Time_Clas
0240: s type="string">0</Child_Time_Class>.<Child_Time_Class_Name type
0280: ="string">...............</Child_Time_Class_Name>.<LastVisit_Ter
02c0: m type="string">00</LastVisit_Term>.<Combination_Number_Chk_Clas
0300: s type="string">0</Combination_Number_Chk_Class>.<Combination_Nu
0340: mber_Chk_Class_Name type="string">.....................</Combina
0380: tion_Number_Chk_Class_Name>.</Medical_Set02_Information>.<Medica
03c0: l_Set03_Information type="record">.<Dosage_Chk_Class type="strin
0400: g">0</Dosage_Chk_Class>.<Dosage_Chk_Class_Name type="string">...
0440: ..............................</Dosage_Chk_Class_Name>.<Dosage_3
0480: 0Over_Chk_Class type="string">0</Dosage_30Over_Chk_Class>.<Dosag
04c0: e_30Over_Chk_Class_Name type="string">.....................</Dos
0500: age_30Over_Chk_Class_Name>.<DrugInf_Chk_Class type="string">1</D
0540: rugInf_Chk_Class>.<DrugInf_Chk_Class_Name type="string">........
0580: ..........</DrugInf_Chk_Class_Name>.<Medication_Notebook_Chk_Cla
05c0: ss type="string">0</Medication_Notebook_Chk_Class>.<Medication_N
0600: otebook_Chk_Class_Name type="string">.....................</Medi
0640: cation_Notebook_Chk_Class_Name>.<Time_Chk_Class type="string">1<
0680: /Time_Chk_Class>.<Time_Chk_Class_Name type="string">............
06c0: ......</Time_Chk_Class_Name>.<Psy20_Addition_Auto_Class type="st
0700: ring">0</Psy20_Addition_Auto_Class>.<Psy20_Addition_Auto_Class_N
0740: ame type="string">..................</Psy20_Addition_Auto_Class_
0780: Name>.<Mind20_Addition_Auto_Class type="string">0</Mind20_Additi
07c0: on_Auto_Class>.<Mind20_Addition_Auto_Class_Name type="string">..
0800: ................</Mind20_Addition_Auto_Class_Name>.<Rem_Addition
0840: _Auto_Class type="string">1</Rem_Addition_Auto_Class>.<Rem_Addit
0880: ion_Auto_Class_Name type="string">............</Rem_Addition_Aut
08c0: o_Class_Name>.<Dispensing_Auto_Class type="string">0</Dispensing
0900: _Auto_Class>.<Dispensing_Auto_Class_Name type="string">.........
0940: ......</Dispensing_Auto_Class_Name>.<DrugInf_Auto_Class type="st
0980: ring">0</DrugInf_Auto_Class>.<DrugInf_Auto_Class_Name type="stri
09c0: ng">...............</DrugInf_Auto_Class_Name>.<Om_DrugInf_Auto_C
0a00: lass type="string">0</Om_DrugInf_Auto_Class>.<Om_DrugInf_Auto_Cl
0a40: ass_Name type="string">...............</Om_DrugInf_Auto_Class_Na
0a80: me>.<Specific_Drug_Auto_Class type="string">0</Specific_Drug_Aut
0ac0: o_Class>.<Specific_Drug_Auto_Class_Name type="string">..........
0b00: .....</Specific_Drug_Auto_Class_Name>.<Outpatient_Modify_Auto_Cl
0b40: ass type="string">1</Outpatient_Modify_Auto_Class>.<Outpatient_M
0b80: odify_Auto_Class_Name type="string">............</Outpatient_Mod
0bc0: ify_Auto_Class_Name>.<Modify_Disease_Med_Auto_Class type="string
0c00: ">0</Modify_Disease_Med_Auto_Class>.<Modify_Disease_Med_Auto_Cla
0c40: ss_Name type="string">...............</Modify_Disease_Med_Auto_C
0c80: lass_Name>.<Laboratory_text_Med_Auto_Class type="string">0</Labo
0cc0: ratory_text_Med_Auto_Class>.<Laboratory_text_Med_Auto_Class_Name
0d00:  type="string">...............</Laboratory_text_Med_Auto_Class_N
0d40: ame>.<Image_Addition_Auto_Class type="string">1</Image_Addition_
0d80: Auto_Class>.<Image_Addition_Auto_Class_Name type="string">......
0dc0: ......</Image_Addition_Auto_Class_Name>.</Medical_Set03_Informat
0e00: ion>.<Medical_Set04_Information type="record">.<Ic_Request_Code 
0e40: type="string">1</Ic_Request_Code>.<Ic_Request_Code_Name type="st
0e80: ring">...........................</Ic_Request_Code_Name>.<Ic_Re_
0ec0: Code type="string">0</Ic_Re_Code>.<Ic_Re_Code_Name type="string"
0f00: >.....................</Ic_Re_Code_Name>.<Modify_Invoice_Receipt
0f40: _Code type="string">0</Modify_Invoice_Receipt_Code>.<Modify_Invo
0f80: ice_Receipt_Code_Name type="string">.....................</Modif
0fc0: y_Invoice_Receipt_Code_Name>.</Medical_Set04_Information>.</Medi
1000: cal_Information>.</system01_dailyres>.</xmlio2>
15:43:35.773539 == Info: Connection #0 to host 100.102.17.40 left intact
