== Info: Host weborca-trial.orca.med.or.jp:443 was resolved.
== Info: IPv6: (none)
== Info: IPv4: 172.192.77.103
== Info:   Trying 172.192.77.103:443...
== Info: Connected to weborca-trial.orca.med.or.jp (172.192.77.103) port 443
== Info: ALPN: curl offers h2,http/1.1
== Info: (304) (OUT), TLS handshake, Client hello (1):
=> Send SSL data, 333 bytes (0x14d)
0000: ...I....P.Q...."...z.^h<...?!...M.{m.. .2..o..?.H.....G....8....
0040: P~!.d...b.............0.,.(.$.......k.9...........=.5...../.+.'.
0080: #.......g.3...E...<./...A.......................+............3.&
00c0: .$... Q.....ow.X..?V..X.t.O..w&.65...G...!.....weborca-trial.orc
0100: a.med.or.jp.....................................................
0140: ..h2.http/1.1
== Info:  CAfile: /etc/ssl/cert.pem
== Info:  CApath: none
== Info: (304) (IN), TLS handshake, Server hello (2):
<= Recv SSL data, 108 bytes (0x6c)
0000: ...h..Q._..y..e..=.L..&j,....~...P.... .....k.....F..d..xI...f..
0040: :.y.....0.. ........................http/1.1
== Info: TLSv1.2 (IN), TLS handshake, Certificate (11):
<= Recv SSL data, 5164 bytes (0x142c)
0000: ...(..%..30../0..........\...\..7.....L..0...*.H........0`1.0...
0040: U....GB1.0...U....Sectigo Limited1705..U....Sectigo Public Serve
0080: r Authentication CA OV R360...250521000000Z..260621235959Z0i1.0.
00c0: ..U....JP1.0...U....Tokyo1/0-..U...&ORCA Management Organization
0100:  Co., Ltd.1.0...U....*.orca.med.or.jp0.."0...*.H.............0..
0140: .......?.`'s..7x.3j..R0W.B.....qX...w.S...*..xc..F..<...@\..8).B
0180: YY.H.....m.......d...z..%..........P......~q).>.(.<...>.........
01c0: k.ya.......]!.........qR.&.,...rey.c......R+U........r.Q...r..E.
0200: ?.N.;,....s.......%......+..@...k.._.....s..@\......<......b.g..
0240: .4,..w........Z0..V0...U.#..0....ft.ph.,]N..J..7"...0...U......A
0280: .V.....W<OI..j.....0...U...........0...U.......0.0...U.%..0...+.
02c0: ........+.......0J..U. .C0A05..+.....1.....0%0#..+.........https
0300: ://sectigo.com/CPS0...g.....0T..U...M0K0I.G.E.Chttp://crl.sectig
0340: o.com/SectigoPublicServerAuthenticationCAOVR36.crl0....+........
0380: x0v0O..+.....0..Chttp://crt.sectigo.com/SectigoPublicServerAuthe
03c0: nticationCAOVR36.crt0#..+.....0...http://ocsp.sectigo.com0+..U..
0400: .$0"..*.orca.med.or.jp..orca.med.or.jp0.....+.....y......o...k.i
0440: .v...d.UX...C.h7.Bw..:....6nF.?.........)?......G0E.!...Z.7.....
0480: M.d.d......j\.u..z.A.,. .....8g..&.1......O...2."V..)x.r.v.....(
04c0: .o...ox*M....-r1...]pA-%L.......)?......G0E.!.....D...g.S/..l..p
0500: @A.%.(.a.O~'(.. )..d{w...F...o|...k..#....H...k`.w..W.....>3.,..
0540: ......=q2%.!.%.a.N!.....)?......H0F.!....v.\e...l...z3E..t.....:
0580: ...WC..!...Z.......GLKS-{zfM..b.fw..1....0...*.H.............Ui.
05c0: ....N{2..J+D.......Bm.P5=..5..*..a.VT....C.Q.N..Q../.H.n......._
0600: y:.SQ..|......L0.B...v..Q.[......r.....5.("....A.0..\.U.}.k.U...
0640: .....&.+[....%..}.P>$.6.B......^.......8[.......@J.Z........a.ZM
0680: ..8.......c..............g...x..^L..........pr...Y..&Ud......Q@.
06c0: v.^5.Z..3S/..V......x. .f{..=......a\..\..{..j..?{..j..t.`....L.
0700: ....d..GM...g....w,.`...*.C.@.y.$.g.....&1..2 P.e.....a.]Kp.v..P
0740: 0..L0..4.......,.<v.C.....1...q0...*.H........0_1.0...U....GB1.0
0780: ...U....Sectigo Limited1604..U...-Sectigo Public Server Authenti
07c0: cation Root R460...210322000000Z..360321235959Z0`1.0...U....GB1.
0800: 0...U....Sectigo Limited1705..U....Sectigo Public Server Authent
0840: ication CA OV R360...0...*.H.............0.........C-'tt.:4}....
0880: v...O#......@U....{.;."..5..[.I].kY@..a:.^q.^........N.+1.Lf..'.
08c0: ..y.:...:...b3....#M....x..".-q......~|L...W..v\.....By|c.....v.
0900: ...{`]...[..k.E..[..y.....M.l.......NY.....M...z.vEer.z@.(Y.....
0940: UH.4..+TV.+(]g!....H.AG.j...x.aa..R...O.....94..j.>.isBJ........
0980: Y.....|.O......1..K."...v....".>.p..N.tU....xX..n.;.... .i.y#@..
09c0: @.h.....Fj.+..d0.^......o.w.@...;..W..F.6.w..'.f{M.........0..}0
0a00: ...U.#..0...VsXd......*.by.@..!I0...U.......ft.ph.,]N..J..7"...0
0a40: ...U...........0...U.......0.......0...U.%..0...+.........+.....
0a80: ..0...U. ..0.0...U. .0...g.....0T..U...M0K0I.G.E.Chttp://crl.sec
0ac0: tigo.com/SectigoPublicServerAuthenticationRootR46.crl0....+.....
0b00: ...x0v0O..+.....0..Chttp://crt.sectigo.com/SectigoPublicServerAu
0b40: thenticationRootR46.p7c0#..+.....0...http://ocsp.sectigo.com0...
0b80: *.H.................u....o..#Y3..O.".eJ.....S.s..`..*E.{....0(R.
0bc0: ....o..SA..._..........*. ..N....s...Q....C.....1.......n^.O...@
0c00: @R.......3rJ......S7D./.......l..R.e[.5R......0...Hr.E.Qj..g.e..
0c40: ..Jg....,...&}..{........'...,O..-.....'.@..0..|...v.0..N.x.....
0c80: .....Q..%qDF.....F.t..'.3z....12... .6Ub..).mXB.2.]...^....s....
0cc0: 4_B.f.tq...*...C.cY...&.u.x...\...+..Cc....!......).U........>..
0d00: Q.T6....pKT.."..A|8U.....s...*.s.....S.l.h......L.V3M6.A.w..N3G0
0d40: .Z|..@..\.qXZ..{..5b...W.<.c..eEy..,.#.E).}.0$3............)...}
0d80: ..k"....O..|..pL...0...0..}.............5.R..aIX`..0...*.H......
0dc0: ..0..1.0...U....US1.0...U....New Jersey1.0...U....Jersey City1.0
0e00: ...U....The USERTRUST Network1.0,..U...%USERTrust RSA Certificat
0e40: ion Authority0...210322000000Z..380118235959Z0_1.0...U....GB1.0.
0e80: ..U....Sectigo Limited1604..U...-Sectigo Public Server Authentic
0ec0: ation Root R460.."0...*.H.............0...........6Ru..#..GBI.c.
0f00: .!....H+&|.S..y.+.-..,..2.I....H={Z.T..]1tO..P!...hO..cm%.L*..H0
0f40: a..|...J.>+...Lq.5...n.;J.........m.O3.P.7.3._...T.H..C.f...8C..
0f80: Q...#..][..K......7..9.!Q0..m.0N.[..p$..E.dC..!:/<.... .B'..o..d
0fc0: 0.9..e.!1.#P37".8..10.E.b..]2yB..j.V.@M.....vI..'.......c.....U.
1000: .;f.9.-........M..]Wr.;.GV.....a..M..4[...u...H...(........V.{IL
1040: Y. ....).8.i.I....y.....z.......x(..D..}&..Xr.y..._..8b4h..0...a
1080: .2l..6..Ln..6.....Dp.|..9...k..%#W....I.u......T(.!<.|...{ku....
10c0: .....+.B.8.....=....N..)...V..............GC|m......... 0...0...
1100: U.#..0...Sy.Z.+J.T.........f.0...U......VsXd......*.by.@..!I0...
1140: U...........0...U.......0....0...U.%..0...+.........+.......0...
1180: U. ..0.0...U. .0P..U...I0G0E.C.A.?http://crl.usertrust.com/USERT
11c0: rustRSACertificationAuthority.crl05..+........)0'0%..+.....0...h
1200: ttp://ocsp.usertrust.com0...*.H.............:o..j.....CO.O..l.).
1240: ..4K._..R.c....Tk..-!...+`H5..n.l..*..7.,.V}...+...FWQ....FCLP}.
1280: /Gb.m.qt.w../..Ze..3(.!>..#..q=.}5..X.l. K........./.w..-IKr...U
12c0: ..f...*.....JY..L......n.k....^.......5...o..\.,P.+....Q..f...5.
1300: .f.C....TW..........8...........>.Bc..3k..=...[.j.uT.....[...,iG
1340: d....=.l+!b.....U......5.....Y......Yg..F......U5....[...;y./...
1380: .'...5...R..^s...%.F.b.2hK4Kky........ ..K..'.q@r.(............=
13c0: ..D...6...+!.D....Dl;.9q.2G..H=.$ ...[.k......S....lr.....:v....
1400: bG.....O)Ye....IO...EF..#.n..t....vFy....E+I
== Info: TLSv1.2 (IN), TLS handshake, Server key exchange (12):
<= Recv SSL data, 300 bytes (0x12c)
0000: ...(... .....B..c.~FZ`..r.n'..h....._.......E........|........vo
0040: .<..L..\.....2.3.%$.22....#uP[.Z.qi~H...YS0.#.1...M.....jw.=d]..
0080: ...b.'t.M..H/..-..#....&.....P.}.>xR.9+.Ek....Y3.R.O.Ba..Bl..n.e
00c0: ..<W...%...H;t.L..O..........D.}a.-..).FP...W.]..@_D].........1.
0100: .....3.*..A......_%.1.{..4.....;.Fm..FOYk...
== Info: TLSv1.2 (IN), TLS handshake, Server finished (14):
<= Recv SSL data, 4 bytes (0x4)
0000: ....
== Info: TLSv1.2 (OUT), TLS handshake, Client key exchange (16):
=> Send SSL data, 37 bytes (0x25)
0000: ...! @.'_n....]...3...C..n..{".u=..C5
== Info: TLSv1.2 (OUT), TLS change cipher, Change cipher spec (1):
=> Send SSL data, 1 bytes (0x1)
0000: .
== Info: TLSv1.2 (OUT), TLS handshake, Finished (20):
=> Send SSL data, 16 bytes (0x10)
0000: ......v7.0..7..-
== Info: TLSv1.2 (IN), TLS change cipher, Change cipher spec (1):
<= Recv SSL data, 1 bytes (0x1)
0000: .
== Info: TLSv1.2 (IN), TLS handshake, Finished (20):
<= Recv SSL data, 16 bytes (0x10)
0000: ..........@9]...
== Info: SSL connection using TLSv1.2 / ECDHE-RSA-AES256-GCM-SHA384 / [blank] / UNDEF
== Info: ALPN: server accepted http/1.1
== Info: Server certificate:
== Info:  subject: C=JP; ST=Tokyo; O=ORCA Management Organization Co., Ltd.; CN=*.orca.med.or.jp
== Info:  start date: May 21 00:00:00 2025 GMT
== Info:  expire date: Jun 21 23:59:59 2026 GMT
== Info:  subjectAltName: host "weborca-trial.orca.med.or.jp" matched cert's "*.orca.med.or.jp"
== Info:  issuer: C=GB; O=Sectigo Limited; CN=Sectigo Public Server Authentication CA OV R36
== Info:  SSL certificate verify ok.
== Info: using HTTP/1.x
== Info: Server auth using Basic with user 'trial'
=> Send header, 254 bytes (0xfe)
0000: POST /api/api01rv2/patientlst2v2?class=01 HTTP/1.1
0034: Host: weborca-trial.orca.med.or.jp
0058: Authorization: Basic <MASKED>
0087: User-Agent: curl/8.7.1
009f: Content-Type: application/xml; charset=UTF-8
00cd: Accept: application/xml
00e6: Content-Length: 1565
00fc: 
=> Send data, 1565 bytes (0x61d)
0000: <?xml version="1.0" encoding="UTF-8"?>.<data>.  <patientlst2req 
0040: type="record">.    <Patient_ID_Information type="array">.      <
0080: Patient_ID_Information_child type="record"><Patient_ID type="str
00c0: ing">00001</Patient_ID></Patient_ID_Information_child>.      <Pa
0100: tient_ID_Information_child type="record"><Patient_ID type="strin
0140: g">00002</Patient_ID></Patient_ID_Information_child>.      <Pati
0180: ent_ID_Information_child type="record"><Patient_ID type="string"
01c0: >00003</Patient_ID></Patient_ID_Information_child>.      <Patien
0200: t_ID_Information_child type="record"><Patient_ID type="string">0
0240: 0004</Patient_ID></Patient_ID_Information_child>.      <Patient_
0280: ID_Information_child type="record"><Patient_ID type="string">000
02c0: 05</Patient_ID></Patient_ID_Information_child>.      <Patient_ID
0300: _Information_child type="record"><Patient_ID type="string">00006
0340: </Patient_ID></Patient_ID_Information_child>.      <Patient_ID_I
0380: nformation_child type="record"><Patient_ID type="string">00007</
03c0: Patient_ID></Patient_ID_Information_child>.      <Patient_ID_Inf
0400: ormation_child type="record"><Patient_ID type="string">00008</Pa
0440: tient_ID></Patient_ID_Information_child>.      <Patient_ID_Infor
0480: mation_child type="record"><Patient_ID type="string">00009</Pati
04c0: ent_ID></Patient_ID_Information_child>.      <Patient_ID_Informa
0500: tion_child type="record"><Patient_ID type="string">00010</Patien
0540: t_ID></Patient_ID_Information_child>.      <Patient_ID_Informati
0580: on_child type="record"><Patient_ID type="string">00011</Patient_
05c0: ID></Patient_ID_Information_child>.    </Patient_ID_Information>
0600: .  </patientlst2req>.</data>.
== Info: upload completely sent off: 1565 bytes
<= Recv header, 17 bytes (0x11)
0000: HTTP/1.1 200 OK
<= Recv header, 31 bytes (0x1f)
0000: Server: nginx/1.18.0 (Ubuntu)
<= Recv header, 37 bytes (0x25)
0000: Date: Mon, 12 Jan 2026 11:56:25 GMT
<= Recv header, 46 bytes (0x2e)
0000: Content-Type: application/xml; charset=UTF-8
<= Recv header, 28 bytes (0x1c)
0000: Transfer-Encoding: chunked
<= Recv header, 24 bytes (0x18)
0000: Connection: keep-alive
<= Recv header, 22 bytes (0x16)
0000: X-Hybridmode: normal
<= Recv header, 2 bytes (0x2)
0000: 
<= Recv data, 13848 bytes (0x3618)
0000: 360b
0006: <?xml version="1.0" encoding="UTF-8"?>.<xmlio2>.<patientlst2res 
0046: type="record">.<Information_Date type="string">2026-01-12</Infor
0086: mation_Date>.<Information_Time type="string">20:56:25</Informati
00c6: on_Time>.<Api_Result type="string">00</Api_Result>.<Api_Result_M
0106: essage type="string">............</Api_Result_Message>.<Reskey t
0146: ype="string">Patient Info</Reskey>.<Target_Patient_Count type="s
0186: tring">011</Target_Patient_Count>.<No_Target_Patient_Count type=
01c6: "string">000</No_Target_Patient_Count>.<Patient_Information type
0206: ="array">.<Patient_Information_child type="record">.<Patient_ID 
0246: type="string">00001</Patient_ID>.<WholeName type="string">......
0286: ......</WholeName>.<WholeName_inKana type="string">.............
02c6: .....</WholeName_inKana>.<BirthDate type="string">2015-05-05</Bi
0306: rthDate>.<Sex type="string">1</Sex>.<HealthInsurance_Information
0346:  type="array">.<HealthInsurance_Information_child type="record">
0386: .<InsuranceProvider_Class type="string">980</InsuranceProvider_C
03c6: lass>.<InsuranceProvider_WholeName type="string">......</Insuran
0406: ceProvider_WholeName>.<HealthInsuredPerson_Assistance type="stri
0446: ng">1</HealthInsuredPerson_Assistance>.<RelationToInsuredPerson 
0486: type="string">1</RelationToInsuredPerson>.<HealthInsuredPerson_W
04c6: holeName type="string">............</HealthInsuredPerson_WholeNa
0506: me>.<Certificate_StartDate type="string">2024-11-25</Certificate
0546: _StartDate>.<Certificate_ExpiredDate type="string">9999-12-31</C
0586: ertificate_ExpiredDate>.</HealthInsurance_Information_child>.<He
05c6: althInsurance_Information_child type="record">.<InsuranceProvide
0606: r_Class type="string">060</InsuranceProvider_Class>.<InsurancePr
0646: ovider_WholeName type="string">......</InsuranceProvider_WholeNa
0686: me>.<InsuranceProvider_Number type="string">138057</InsurancePro
06c6: vider_Number>.<HealthInsuredPerson_Symbol type="string">........
0706: .</HealthInsuredPerson_Symbol>.<HealthInsuredPerson_Number type=
0746: "string">...............</HealthInsuredPerson_Number>.<HealthIns
0786: uredPerson_Branch_Number type="string">00</HealthInsuredPerson_B
07c6: ranch_Number>.<HealthInsuredPerson_Assistance type="string">3</H
0806: ealthInsuredPerson_Assistance>.<RelationToInsuredPerson type="st
0846: ring">2</RelationToInsuredPerson>.<HealthInsuredPerson_WholeName
0886:  type="string">............</HealthInsuredPerson_WholeName>.<Cer
08c6: tificate_StartDate type="string">2015-05-05</Certificate_StartDa
0906: te>.<Certificate_ExpiredDate type="string">9999-12-31</Certifica
0946: te_ExpiredDate>.</HealthInsurance_Information_child>.</HealthIns
0986: urance_Information>.</Patient_Information_child>.<Patient_Inform
09c6: ation_child type="record">.<Patient_ID type="string">00002</Pati
0a06: ent_ID>.<WholeName type="string">............</WholeName>.<Whole
0a46: Name_inKana type="string">...............</WholeName_inKana>.<Bi
0a86: rthDate type="string">1957-12-10</BirthDate>.<Sex type="string">
0ac6: 1</Sex>.<HealthInsurance_Information type="array">.<HealthInsura
0b06: nce_Information_child type="record">.<InsuranceProvider_Class ty
0b46: pe="string">060</InsuranceProvider_Class>.<InsuranceProvider_Who
0b86: leName type="string">......</InsuranceProvider_WholeName>.<Insur
0bc6: anceProvider_Number type="string">138164</InsuranceProvider_Numb
0c06: er>.<HealthInsuredPerson_Symbol type="string">......</HealthInsu
0c46: redPerson_Symbol>.<HealthInsuredPerson_Number type="string">....
0c86: ..............</HealthInsuredPerson_Number>.<HealthInsuredPerson
0cc6: _Branch_Number type="string">00</HealthInsuredPerson_Branch_Numb
0d06: er>.<HealthInsuredPerson_Assistance type="string">3</HealthInsur
0d46: edPerson_Assistance>.<RelationToInsuredPerson type="string">1</R
0d86: elationToInsuredPerson>.<HealthInsuredPerson_WholeName type="str
0dc6: ing">............</HealthInsuredPerson_WholeName>.<Certificate_S
0e06: tartDate type="string">2023-02-22</Certificate_StartDate>.<Certi
0e46: ficate_ExpiredDate type="string">9999-12-31</Certificate_Expired
0e86: Date>.</HealthInsurance_Information_child>.</HealthInsurance_Inf
0ec6: ormation>.</Patient_Information_child>.<Patient_Information_chil
0f06: d type="record">.<Patient_ID type="string">00003</Patient_ID>.<W
0f46: holeName type="string">............</WholeName>.<WholeName_inKan
0f86: a type="string">..................</WholeName_inKana>.<BirthDate
0fc6:  type="string">1965-08-10</BirthDate>.<Sex type="string">2</Sex>
1006: .<HealthInsurance_Information type="array">.<HealthInsurance_Inf
1046: ormation_child type="record">.<InsuranceProvider_Class type="str
1086: ing">032</InsuranceProvider_Class>.<InsuranceProvider_WholeName 
10c6: type="string">......</InsuranceProvider_WholeName>.<InsurancePro
1106: vider_Number type="string">32130213</InsuranceProvider_Number>.<
1146: HealthInsuredPerson_Symbol type="string">.........</HealthInsure
1186: dPerson_Symbol>.<HealthInsuredPerson_Number type="string">......
11c6: </HealthInsuredPerson_Number>.<HealthInsuredPerson_Branch_Number
1206:  type="string">00</HealthInsuredPerson_Branch_Number>.<RelationT
1246: oInsuredPerson type="string">2</RelationToInsuredPerson>.<Health
1286: InsuredPerson_WholeName type="string">...............</HealthIns
12c6: uredPerson_WholeName>.<Certificate_StartDate type="string">2010-
1306: 01-31</Certificate_StartDate>.<Certificate_ExpiredDate type="str
1346: ing">9999-12-31</Certificate_ExpiredDate>.</HealthInsurance_Info
1386: rmation_child>.</HealthInsurance_Information>.</Patient_Informat
13c6: ion_child>.<Patient_Information_child type="record">.<Patient_ID
1406:  type="string">00004</Patient_ID>.<WholeName type="string">.....
1446: .......</WholeName>.<WholeName_inKana type="string">............
1486: ......</WholeName_inKana>.<BirthDate type="string">1983-02-18</B
14c6: irthDate>.<Sex type="string">1</Sex>.<HealthInsurance_Informatio
1506: n type="array">.<HealthInsurance_Information_child type="record"
1546: >.<InsuranceProvider_Class type="string">034</InsuranceProvider_
1586: Class>.<InsuranceProvider_WholeName type="string">......</Insura
15c6: nceProvider_WholeName>.<InsuranceProvider_Number type="string">3
1606: 4130013</InsuranceProvider_Number>.<HealthInsuredPerson_Symbol t
1646: ype="string">............</HealthInsuredPerson_Symbol>.<HealthIn
1686: suredPerson_Number type="string">............</HealthInsuredPers
16c6: on_Number>.<HealthInsuredPerson_Branch_Number type="string">00</
1706: HealthInsuredPerson_Branch_Number>.<RelationToInsuredPerson type
1746: ="string">1</RelationToInsuredPerson>.<HealthInsuredPerson_Whole
1786: Name type="string">............</HealthInsuredPerson_WholeName>.
17c6: <Certificate_StartDate type="string">2012-02-16</Certificate_Sta
1806: rtDate>.<Certificate_ExpiredDate type="string">9999-12-31</Certi
1846: ficate_ExpiredDate>.</HealthInsurance_Information_child>.</Healt
1886: hInsurance_Information>.</Patient_Information_child>.<Patient_In
18c6: formation_child type="record">.<Patient_ID type="string">00005</
1906: Patient_ID>.<WholeName type="string">............</WholeName>.<W
1946: holeName_inKana type="string">...............</WholeName_inKana>
1986: .<BirthDate type="string">1955-06-15</BirthDate>.<Sex type="stri
19c6: ng">1</Sex>.<HealthInsurance_Information type="array">.<HealthIn
1a06: surance_Information_child type="record">.<InsuranceProvider_Clas
1a46: s type="string">060</InsuranceProvider_Class>.<InsuranceProvider
1a86: _WholeName type="string">......</InsuranceProvider_WholeName>.<I
1ac6: nsuranceProvider_Number type="string">138313</InsuranceProvider_
1b06: Number>.<HealthInsuredPerson_Symbol type="string">..............
1b46: ....</HealthInsuredPerson_Symbol>.<HealthInsuredPerson_Number ty
1b86: pe="string">............</HealthInsuredPerson_Number>.<HealthIns
1bc6: uredPerson_Assistance type="string">3</HealthInsuredPerson_Assis
1c06: tance>.<RelationToInsuredPerson type="string">1</RelationToInsur
1c46: edPerson>.<HealthInsuredPerson_WholeName type="string">.........
1c86: ...</HealthInsuredPerson_WholeName>.<Certificate_StartDate type=
1cc6: "string">2014-04-04</Certificate_StartDate>.<Certificate_Expired
1d06: Date type="string">9999-12-31</Certificate_ExpiredDate>.</Health
1d46: Insurance_Information_child>.</HealthInsurance_Information>.</Pa
1d86: tient_Information_child>.<Patient_Information_child type="record
1dc6: ">.<Patient_ID type="string">00006</Patient_ID>.<WholeName type=
1e06: "string">............</WholeName>.<WholeName_inKana type="string
1e46: ">..................</WholeName_inKana>.<BirthDate type="string"
1e86: >1934-07-12</BirthDate>.<Sex type="string">2</Sex>.<HealthInsura
1ec6: nce_Information type="array">.<HealthInsurance_Information_child
1f06:  type="record">.<InsuranceProvider_Class type="string">039</Insu
1f46: ranceProvider_Class>.<InsuranceProvider_WholeName type="string">
1f86: ...............</InsuranceProvider_WholeName>.<InsuranceProvider
1fc6: _Number type="string">39131123</InsuranceProvider_Number>.<Healt
2006: hInsuredPerson_Number type="string">........................</He
2046: althInsuredPerson_Number>.<HealthInsuredPerson_Assistance type="
2086: string">1</HealthInsuredPerson_Assistance>.<RelationToInsuredPer
20c6: son type="string">1</RelationToInsuredPerson>.<HealthInsuredPers
2106: on_WholeName type="string">............</HealthInsuredPerson_Who
2146: leName>.<Certificate_StartDate type="string">2014-02-03</Certifi
2186: cate_StartDate>.<Certificate_ExpiredDate type="string">9999-12-3
21c6: 1</Certificate_ExpiredDate>.</HealthInsurance_Information_child>
2206: .</HealthInsurance_Information>.</Patient_Information_child>.<Pa
2246: tient_Information_child type="record">.<Patient_ID type="string"
2286: >00007</Patient_ID>.<WholeName type="string">............</Whole
22c6: Name>.<WholeName_inKana type="string">..................</WholeN
2306: ame_inKana>.<BirthDate type="string">1974-06-10</BirthDate>.<Sex
2346:  type="string">1</Sex>.<PublicInsurance_Information type="array"
2386: >.<PublicInsurance_Information_child type="record">.<PublicInsur
23c6: ance_Class type="string">012</PublicInsurance_Class>.<PublicInsu
2406: rance_Name type="string">............</PublicInsurance_Name>.<Pu
2446: blicInsurer_Number type="string">12132379</PublicInsurer_Number>
2486: .<PublicInsuredPerson_Number type="string">0045971</PublicInsure
24c6: dPerson_Number>.<Certificate_IssuedDate type="string">2008-01-01
2506: </Certificate_IssuedDate>.<Certificate_ExpiredDate type="string"
2546: >9999-12-31</Certificate_ExpiredDate>.</PublicInsurance_Informat
2586: ion_child>.</PublicInsurance_Information>.</Patient_Information_
25c6: child>.<Patient_Information_child type="record">.<Patient_ID typ
2606: e="string">00008</Patient_ID>.<WholeName type="string">.........
2646: ...</WholeName>.<WholeName_inKana type="string">................
2686: ..</WholeName_inKana>.<BirthDate type="string">1991-07-03</Birth
26c6: Date>.<Sex type="string">2</Sex>.<HealthInsurance_Information ty
2706: pe="array">.<HealthInsurance_Information_child type="record">.<I
2746: nsuranceProvider_Class type="string">973</InsuranceProvider_Clas
2786: s>.<InsuranceProvider_WholeName type="string">...............</I
27c6: nsuranceProvider_WholeName>.<HealthInsuredPerson_Symbol type="st
2806: ring">...............</HealthInsuredPerson_Symbol>.<HealthInsure
2846: dPerson_Number type="string">...............</HealthInsuredPerso
2886: n_Number>.<Certificate_StartDate type="string">2023-02-13</Certi
28c6: ficate_StartDate>.<Certificate_ExpiredDate type="string">9999-12
2906: -31</Certificate_ExpiredDate>.</HealthInsurance_Information_chil
2946: d>.</HealthInsurance_Information>.</Patient_Information_child>.<
2986: Patient_Information_child type="record">.<Patient_ID type="strin
29c6: g">00009</Patient_ID>.<WholeName type="string">............</Who
2a06: leName>.<WholeName_inKana type="string">.....................</W
2a46: holeName_inKana>.<BirthDate type="string">1978-05-23</BirthDate>
2a86: .<Sex type="string">1</Sex>.<HealthInsurance_Information type="a
2ac6: rray">.<HealthInsurance_Information_child type="record">.<Insura
2b06: nceProvider_Class type="string">971</InsuranceProvider_Class>.<I
2b46: nsuranceProvider_WholeName type="string">............</Insurance
2b86: Provider_WholeName>.<HealthInsuredPerson_Symbol type="string">..
2bc6: ..........</HealthInsuredPerson_Symbol>.<HealthInsuredPerson_Num
2c06: ber type="string">...............</HealthInsuredPerson_Number>.<
2c46: Certificate_StartDate type="string">2023-02-16</Certificate_Star
2c86: tDate>.<Certificate_ExpiredDate type="string">9999-12-31</Certif
2cc6: icate_ExpiredDate>.</HealthInsurance_Information_child>.</Health
2d06: Insurance_Information>.</Patient_Information_child>.<Patient_Inf
2d46: ormation_child type="record">.<Patient_ID type="string">00010</P
2d86: atient_ID>.<WholeName type="string">............</WholeName>.<Wh
2dc6: oleName_inKana type="string">.....................</WholeName_in
2e06: Kana>.<BirthDate type="string">1967-10-12</BirthDate>.<Sex type=
2e46: "string">2</Sex>.<HealthInsurance_Information type="array">.<Hea
2e86: lthInsurance_Information_child type="record">.<InsuranceProvider
2ec6: _Class type="string">980</InsuranceProvider_Class>.<InsurancePro
2f06: vider_WholeName type="string">......</InsuranceProvider_WholeNam
2f46: e>.<HealthInsuredPerson_Assistance type="string">1</HealthInsure
2f86: dPerson_Assistance>.<RelationToInsuredPerson type="string">1</Re
2fc6: lationToInsuredPerson>.<HealthInsuredPerson_WholeName type="stri
3006: ng">............</HealthInsuredPerson_WholeName>.<Certificate_St
3046: artDate type="string">2023-02-16</Certificate_StartDate>.<Certif
3086: icate_ExpiredDate type="string">9999-12-31</Certificate_ExpiredD
30c6: ate>.</HealthInsurance_Information_child>.</HealthInsurance_Info
3106: rmation>.</Patient_Information_child>.<Patient_Information_child
3146:  type="record">.<Patient_ID type="string">00011</Patient_ID>.<Wh
3186: oleName type="string">...............</WholeName>.<WholeName_inK
31c6: ana type="string">...........................</WholeName_inKana>
3206: .<BirthDate type="string">1940-08-08</BirthDate>.<Sex type="stri
3246: ng">1</Sex>.<HealthInsurance_Information type="array">.<HealthIn
3286: surance_Information_child type="record">.<InsuranceProvider_Clas
32c6: s type="string">039</InsuranceProvider_Class>.<InsuranceProvider
3306: _WholeName type="string">...............</InsuranceProvider_Whol
3346: eName>.<InsuranceProvider_Number type="string">39131123</Insuran
3386: ceProvider_Number>.<HealthInsuredPerson_Number type="string">...
33c6: .....................</HealthInsuredPerson_Number>.<HealthInsure
3406: dPerson_Assistance type="string">3</HealthInsuredPerson_Assistan
3446: ce>.<RelationToInsuredPerson type="string">1</RelationToInsuredP
3486: erson>.<HealthInsuredPerson_WholeName type="string">............
34c6: ...</HealthInsuredPerson_WholeName>.<Certificate_StartDate type=
3506: "string">2010-04-12</Certificate_StartDate>.<Certificate_Expired
3546: Date type="string">9999-12-31</Certificate_ExpiredDate>.</Health
3586: Insurance_Information_child>.</HealthInsurance_Information>.</Pa
35c6: tient_Information_child>.</Patient_Information>.</patientlst2res
3606: >.</xmlio2>
3613: 0
3616: 
== Info: Connection #0 to host weborca-trial.orca.med.or.jp left intact
