== Info: Host localhost:9080 was resolved.
== Info: IPv6: ::1
== Info: IPv4: 127.0.0.1
== Info:   Trying [::1]:9080...
== Info: Connected to localhost (::1) port 9080
=> Send header, 325 bytes (0x145)
0000: GET /openDolphin/resources/20/adm/phr/abnormal/WEB1001 HTTP/1.1
0041: Host: localhost:9080
0057: User-Agent: curl/8.7.1
006f: userName:1.3.6.1.4.1.9414.72.103:doctor1
0099: password:632080fabdb968f9ac4f31fb55104648
00c4: X-Facility-Id:1.3.6.1.4.1.9414.72.103
00eb: X-Touch-TraceId:20251121TrialPHRSeqZ1-E2E
0116: X-Access-Reason:phr-e2e
012f: Accept: text/plain
0143: 
== Info: Request completely sent off
<= Recv header, 17 bytes (0x11)
0000: HTTP/1.1 200 OK
<= Recv header, 30 bytes (0x1e)
0000: Referrer-Policy: no-referrer
<= Recv header, 45 bytes (0x2d)
0000: Content-Security-Policy: default-src 'self'
<= Recv header, 50 bytes (0x32)
0000: X-Trace-Id: 119992de-06c5-4509-8226-692f968a22cf
<= Recv header, 37 bytes (0x25)
0000: Date: Sun, 16 Nov 2025 00:20:31 GMT
<= Recv header, 24 bytes (0x18)
0000: Connection: keep-alive
<= Recv header, 64 bytes (0x40)
0000: Strict-Transport-Security: max-age=63072000; includeSubDomains
<= Recv header, 33 bytes (0x21)
0000: X-Content-Type-Options: nosniff
<= Recv header, 40 bytes (0x28)
0000: Content-Type: text/plain;charset=UTF-8
<= Recv header, 20 bytes (0x14)
0000: Content-Length: 75
<= Recv header, 2 bytes (0x2)
0000: 
<= Recv data, 75 bytes (0x4b)
0000: 2024...11...2......................=15.2g/dL(N).............=10.
0040: 210^3/uL(H)
== Info: Connection #0 to host localhost left intact
