== Info: Host localhost:9080 was resolved.
== Info: IPv6: ::1
== Info: IPv4: 127.0.0.1
== Info:   Trying [::1]:9080...
== Info: Connected to localhost (::1) port 9080
=> Send header, 385 bytes (0x181)
0000: PUT /openDolphin/resources/20/adm/phr/accessKey HTTP/1.1
003a: Host: localhost:9080
0050: User-Agent: curl/8.7.1
0068: userName:1.3.6.1.4.1.9414.72.103:doctor1
0092: password:632080fabdb968f9ac4f31fb55104648
00bd: X-Facility-Id:1.3.6.1.4.1.9414.72.103
00e4: X-Touch-TraceId:20251121TrialPHRSeqZ1-E2E
010f: X-Access-Reason:phr-e2e
0128: Accept: application/octet-stream
014a: Content-Type: application/json
016a: Content-Length: 133
017f: 
=> Send data, 133 bytes (0x85)
0000: {  "patientId": "WEB1001",  "accessKey": "PHR-WEB1001-ACCESS",  
0040: "secretKey": "SECRET-KEY-001",  "registered": "2025-11-15T00:00:
0080: 00Z"}
== Info: upload completely sent off: 133 bytes
<= Recv header, 36 bytes (0x24)
0000: HTTP/1.1 500 Internal Server Error
<= Recv header, 30 bytes (0x1e)
0000: Referrer-Policy: no-referrer
<= Recv header, 45 bytes (0x2d)
0000: Content-Security-Policy: default-src 'self'
<= Recv header, 50 bytes (0x32)
0000: X-Trace-Id: d9042563-4d79-4c0c-997e-bc60fc6eb8bb
<= Recv header, 37 bytes (0x25)
0000: Date: Sun, 16 Nov 2025 00:20:31 GMT
<= Recv header, 24 bytes (0x18)
0000: Connection: keep-alive
<= Recv header, 64 bytes (0x40)
0000: Strict-Transport-Security: max-age=63072000; includeSubDomains
<= Recv header, 33 bytes (0x21)
0000: X-Content-Type-Options: nosniff
<= Recv header, 32 bytes (0x20)
0000: Content-Type: application/json
<= Recv header, 21 bytes (0x15)
0000: Content-Length: 170
<= Recv header, 2 bytes (0x2)
0000: 
<= Recv data, 170 bytes (0xaa)
0000: {"type":"error.phr.internal","message":"PHR.....................
0040: ..........................................","traceId":"d9042563-
0080: 4d79-4c0c-997e-bc60fc6eb8bb","status":500}
== Info: Connection #0 to host localhost left intact
