== Info: Host localhost:9080 was resolved.
== Info: IPv6: ::1
== Info: IPv4: 127.0.0.1
== Info:   Trying [::1]:9080...
== Info: Connected to localhost (::1) port 9080
=> Send header, 410 bytes (0x19a)
0000: POST /openDolphin/resources/20/adm/phr/identityToken HTTP/1.1
003f: Host: localhost:9080
0055: User-Agent: curl/8.7.1
006d: userName:1.3.6.1.4.1.9414.72.103:doctor1
0097: password:632080fabdb968f9ac4f31fb55104648
00c2: X-Facility-Id:1.3.6.1.4.1.9414.72.103
00e9: X-Touch-TraceId:20251121TrialPHRSeqZ1-E2E
0114: X-Access-Reason:phr-e2e
012d: Accept: text/plain
0141: Content-Type: application/json
0161: X-Consent-Token: consent-20251115
0184: Content-Length: 74
0198: 
=> Send data, 74 bytes (0x4a)
0000: {  "nonce": "layer-nonce-20251115",  "user": "phr-worker@opendol
0040: phin.dev"}
== Info: upload completely sent off: 74 bytes
<= Recv header, 37 bytes (0x25)
0000: HTTP/1.1 415 Unsupported Media Type
<= Recv header, 24 bytes (0x18)
0000: Connection: keep-alive
<= Recv header, 64 bytes (0x40)
0000: Strict-Transport-Security: max-age=63072000; includeSubDomains
<= Recv header, 33 bytes (0x21)
0000: X-Content-Type-Options: nosniff
<= Recv header, 30 bytes (0x1e)
0000: Referrer-Policy: no-referrer
<= Recv header, 19 bytes (0x13)
0000: Content-Length: 0
<= Recv header, 45 bytes (0x2d)
0000: Content-Security-Policy: default-src 'self'
<= Recv header, 50 bytes (0x32)
0000: X-Trace-Id: 5244295a-7a02-4384-b461-9e204e88a824
<= Recv header, 37 bytes (0x25)
0000: Date: Sun, 16 Nov 2025 00:20:31 GMT
<= Recv header, 2 bytes (0x2)
0000: 
== Info: Connection #0 to host localhost left intact
