== Info: Host localhost:9080 was resolved.
== Info: IPv6: ::1
== Info: IPv4: 127.0.0.1
== Info:   Trying [::1]:9080...
== Info: Connected to localhost (::1) port 9080
=> Send header, 364 bytes (0x16c)
0000: GET /openDolphin/resources/20/adm/phr/1.3.6.1.4.1.9414.72.103,WE
0040: B1001,20240101,20240101 HTTP/1.1
0062: Host: localhost:9080
0078: User-Agent: curl/8.7.1
0090: userName:1.3.6.1.4.1.9414.72.103:doctor1
00ba: password:632080fabdb968f9ac4f31fb55104648
00e5: X-Facility-Id:1.3.6.1.4.1.9414.72.103
010c: X-Touch-TraceId:20251121TrialPHRSeqZ1-E2E
0137: X-Access-Reason:phr-e2e
0150: Accept: application/json
016a: 
== Info: Request completely sent off
<= Recv header, 29 bytes (0x1d)
0000: HTTP/1.1 406 Not Acceptable
<= Recv header, 24 bytes (0x18)
0000: Connection: keep-alive
<= Recv header, 64 bytes (0x40)
0000: Strict-Transport-Security: max-age=63072000; includeSubDomains
<= Recv header, 33 bytes (0x21)
0000: X-Content-Type-Options: nosniff
<= Recv header, 30 bytes (0x1e)
0000: Referrer-Policy: no-referrer
<= Recv header, 19 bytes (0x13)
0000: Content-Length: 0
<= Recv header, 45 bytes (0x2d)
0000: Content-Security-Policy: default-src 'self'
<= Recv header, 50 bytes (0x32)
0000: X-Trace-Id: feab5077-7479-45c2-b2a2-f37cbb0d2f7e
<= Recv header, 37 bytes (0x25)
0000: Date: Sun, 16 Nov 2025 00:20:31 GMT
<= Recv header, 2 bytes (0x2)
0000: 
== Info: Connection #0 to host localhost left intact
