== Info: Host localhost:9080 was resolved.
== Info: IPv6: ::1
== Info: IPv4: 127.0.0.1
== Info:   Trying [::1]:9080...
== Info: Connected to localhost (::1) port 9080
=> Send header, 375 bytes (0x177)
0000: POST /openDolphin/resources/20/adm/phr/export HTTP/1.1
0038: Host: localhost:9080
004e: User-Agent: curl/8.7.1
0066: userName:1.3.6.1.4.1.9414.72.103:doctor1
0090: password:632080fabdb968f9ac4f31fb55104648
00bb: X-Facility-Id:1.3.6.1.4.1.9414.72.103
00e2: X-Touch-TraceId:20251121TrialPHRSeqZ1-E2E
010d: X-Access-Reason:phr-e2e
0126: Accept: application/json
0140: Content-Type: application/json
0160: Content-Length: 107
0175: 
=> Send data, 107 bytes (0x6b)
0000: {  "patientIds": ["WEB1001"],  "documentSince": "2024-01-01",  "
0040: labSince": "2024-01-01",  "format": "json"}
== Info: upload completely sent off: 107 bytes
<= Recv header, 36 bytes (0x24)
0000: HTTP/1.1 500 Internal Server Error
<= Recv header, 30 bytes (0x1e)
0000: Referrer-Policy: no-referrer
<= Recv header, 45 bytes (0x2d)
0000: Content-Security-Policy: default-src 'self'
<= Recv header, 50 bytes (0x32)
0000: X-Trace-Id: c80c2868-ee58-4add-bfa2-ed6e03294dcd
<= Recv header, 37 bytes (0x25)
0000: Date: Sun, 16 Nov 2025 00:20:31 GMT
<= Recv header, 24 bytes (0x18)
0000: Connection: keep-alive
<= Recv header, 64 bytes (0x40)
0000: Strict-Transport-Security: max-age=63072000; includeSubDomains
<= Recv header, 33 bytes (0x21)
0000: X-Content-Type-Options: nosniff
<= Recv header, 32 bytes (0x20)
0000: Content-Type: application/json
<= Recv header, 21 bytes (0x15)
0000: Content-Length: 183
<= Recv header, 2 bytes (0x2)
0000: 
<= Recv data, 183 bytes (0xb7)
0000: {"type":"error.phr.internal","message":"PHR ....................
0040: .......................................................","traceI
0080: d":"c80c2868-ee58-4add-bfa2-ed6e03294dcd","status":500}
== Info: Connection #0 to host localhost left intact
