== Info: Host localhost:9080 was resolved.
== Info: IPv6: ::1
== Info: IPv4: 127.0.0.1
== Info:   Trying [::1]:9080...
== Info: Connected to localhost (::1) port 9080
=> Send header, 326 bytes (0x146)
0000: GET /openDolphin/resources/20/adm/phr/status/null HTTP/1.1
003c: Host: localhost:9080
0052: User-Agent: curl/8.7.1
006a: userName:1.3.6.1.4.1.9414.72.103:doctor1
0094: password:632080fabdb968f9ac4f31fb55104648
00bf: X-Facility-Id:1.3.6.1.4.1.9414.72.103
00e6: X-Touch-TraceId:20251121TrialPHRSeqZ1-E2E
0111: X-Access-Reason:phr-e2e
012a: Accept: application/json
0144: 
== Info: Request completely sent off
<= Recv header, 26 bytes (0x1a)
0000: HTTP/1.1 400 Bad Request
<= Recv header, 30 bytes (0x1e)
0000: Referrer-Policy: no-referrer
<= Recv header, 45 bytes (0x2d)
0000: Content-Security-Policy: default-src 'self'
<= Recv header, 50 bytes (0x32)
0000: X-Trace-Id: e751921f-bd61-4aef-9087-5f1bc024567f
<= Recv header, 37 bytes (0x25)
0000: Date: Sun, 16 Nov 2025 00:20:41 GMT
<= Recv header, 24 bytes (0x18)
0000: Connection: keep-alive
<= Recv header, 64 bytes (0x40)
0000: Strict-Transport-Security: max-age=63072000; includeSubDomains
<= Recv header, 33 bytes (0x21)
0000: X-Content-Type-Options: nosniff
<= Recv header, 32 bytes (0x20)
0000: Content-Type: application/json
<= Recv header, 21 bytes (0x15)
0000: Content-Length: 148
<= Recv header, 2 bytes (0x2)
0000: 
<= Recv data, 148 bytes (0x94)
0000: {"type":"error.phr.invalidJobId","message":"......... ID .......
0040: ....................","traceId":"e751921f-bd61-4aef-9087-5f1bc02
0080: 4567f","status":400}
== Info: Connection #0 to host localhost left intact
