RUN_ID=20260124T144121Z
copy_command: docker cp ops/db/local-baseline/local_synthetic_seed.sql opendolphin-postgres-modernized-task-1769265594481-043e7f:/tmp/modern_seed.sql
apply_command: docker exec -i opendolphin-postgres-modernized-task-1769265594481-043e7f psql -U opendolphin -d opendolphin_modern -v ON_ERROR_STOP=1 -f /tmp/modern_seed.sql
BEGIN
SET
CREATE SEQUENCE
INSERT 0 1
INSERT 0 0
INSERT 0 0
INSERT 0 1
INSERT 0 0
INSERT 0 0
 setval 
--------
     17
(1 row)

DO
COMMIT
query1: SELECT facilityid, patientid, fullname FROM d_patient WHERE patientid='00001' ORDER BY facilityid;
       facilityid        | patientid |   fullname   
-------------------------+-----------+--------------
 1.3.6.1.4.1.9414.72.103 | 00001     | Seed Patient
 LOCAL.FACILITY.0001     | 00001     | Seed Patient
(2 rows)

query2: SELECT p.facilityid, p.patientid, k.id AS karte_id, k.created FROM d_karte k JOIN d_patient p ON p.id=k.patient_id WHERE p.patientid='00001' ORDER BY p.facilityid;
       facilityid        | patientid | karte_id |  created   
-------------------------+-----------+----------+------------
 1.3.6.1.4.1.9414.72.103 | 00001     |       14 | 2026-01-24
 LOCAL.FACILITY.0001     | 00001     |        7 | 2026-01-24
(2 rows)

