== Info:   Trying 100.102.17.40:8000...
== Info: Connected to 100.102.17.40 (100.102.17.40) port 8000
== Info: Server auth using Basic with user 'ormaster'
=> Send header, 221 bytes (0xdd)
0000: POST /orca11/acceptmodv2?class=01 HTTP/1.1
002c: Host: 100.102.17.40:8000
0046: Authorization: Basic b3JtYXN0ZXI6Y2hhbmdlX21l
0075: User-Agent: curl/8.7.1
008d: Accept: application/xml
00a6: Content-Type: application/xml
00c5: Content-Length: 1181
00db: 
=> Send data, 1181 bytes (0x49d)
0000: <?xml version="1.0" encoding="UTF-8"?>.<!-- orca-meta:.path=/orc
0040: a11/acceptmodv2.method=POST.query=class=01.content-type=applicat
0080: ion/xml; charset=UTF-8.-->.<data>.  <acceptreq>.    <Request_Num
00c0: ber>01</Request_Number>.    <Patient_ID>00000001</Patient_ID>.  
0100:   <Acceptance_Date>2025-11-20</Acceptance_Date>.    <Acceptance_
0140: Time>09:30:00</Acceptance_Time>.    <Acceptance_Id></Acceptance_
0180: Id>.    <Department_Code>01</Department_Code>.    <Physician_Cod
01c0: e>0001</Physician_Code>.    <Medical_Information>01</Medical_Inf
0200: ormation>.    <HealthInsurance_Information>.      <Insurance_Com
0240: bination_Number>0001</Insurance_Combination_Number>.      <Insur
0280: anceProvider_Class>006</InsuranceProvider_Class>.      <Insuranc
02c0: eProvider_Number>06123456</InsuranceProvider_Number>.      <Insu
0300: ranceProvider_WholeName>........................</InsuranceProvi
0340: der_WholeName>.      <HealthInsuredPerson_Symbol>AB</HealthInsur
0380: edPerson_Symbol>.      <HealthInsuredPerson_Number>1234567</Heal
03c0: thInsuredPerson_Number>.      <HealthInsuredPerson_Branch_Number
0400: >00</HealthInsuredPerson_Branch_Number>.      <RelationToInsured
0440: Person>1</RelationToInsuredPerson>.    </HealthInsurance_Informa
0480: tion>.  </acceptreq>.</data>.
== Info: upload completely sent off: 1181 bytes
<= Recv header, 33 bytes (0x21)
0000: HTTP/1.1 405 Method Not Allowed
<= Recv header, 21 bytes (0x15)
0000: Allow: OPTIONS, GET
<= Recv header, 32 bytes (0x20)
0000: Content-Type: application/json
<= Recv header, 37 bytes (0x25)
0000: Date: Fri, 21 Nov 2025 13:16:08 GMT
<= Recv header, 20 bytes (0x14)
0000: Content-Length: 62
<= Recv header, 2 bytes (0x2)
0000: 
<= Recv data, 62 bytes (0x3e)
0000: {"Code":405,"Message":"code=405, message=Method Not Allowed"}.
== Info: Connection #0 to host 100.102.17.40 left intact
