== Info:   Trying 100.102.17.40:8000...
== Info: Connected to 100.102.17.40 (100.102.17.40) port 8000
== Info: Server auth using Basic with user 'ormaster'
=> Send header, 226 bytes (0xe2)
0000: POST /api/api01rv2/acceptlstv2?class=01 HTTP/1.1
0032: Host: 100.102.17.40:8000
004c: Authorization: <MASKED>
007b: User-Agent: curl/8.7.1
0093: Accept: application/xml
00ac: Content-Type: application/xml
00cb: Content-Length: 408
00e0: 
=> Send data, 408 bytes (0x198)
0000: <?xml version="1.0" encoding="UTF-8"?>.<data>.  <acceptlstreq ty
0040: pe="record">.    <Acceptance_Date type="string">2025-11-22</Acce
0080: ptance_Date>.    <Department_Code type="string">01</Department_C
00c0: ode>.    <Physician_Code type="string">10001</Physician_Code>.  
0100:   <Medical_Information type="string">01</Medical_Information>.  
0140:   <Display_Order_Sort type="string">True</Display_Order_Sort>.  
0180: </acceptlstreq>.</data>.
== Info: upload completely sent off: 408 bytes
<= Recv header, 17 bytes (0x11)
0000: HTTP/1.1 200 OK
<= Recv header, 46 bytes (0x2e)
0000: Content-Type: application/xml; charset=UTF-8
<= Recv header, 22 bytes (0x16)
0000: X-Hybridmode: normal
<= Recv header, 37 bytes (0x25)
0000: Date: Fri, 21 Nov 2025 22:25:58 GMT
<= Recv header, 21 bytes (0x15)
0000: Content-Length: 912
<= Recv header, 2 bytes (0x2)
0000: 
<= Recv data, 912 bytes (0x390)
0000: <?xml version="1.0" encoding="UTF-8"?>.<xmlio2>.<acceptlstres ty
0040: pe="record">.<Information_Date type="string">2025-11-22</Informa
0080: tion_Date>.<Information_Time type="string">07:25:58</Information
00c0: _Time>.<Api_Result type="string">21</Api_Result>.<Api_Result_Mes
0100: sage type="string">.............................................
0140: </Api_Result_Message>.<Reskey type="string">Patient Info</Reskey
0180: >.<Acceptance_Date type="string">2025-11-22</Acceptance_Date>.<A
01c0: cceptlst_Information type="array">.<Acceptlst_Information_child 
0200: type="record">.<Department_Code type="string">01</Department_Cod
0240: e>.<Department_WholeName type="string">......</Department_WholeN
0280: ame>.<Physician_Code type="string">10001</Physician_Code>.<Physi
02c0: cian_WholeName type="string">...............</Physician_WholeNam
0300: e>.<Medical_Information type="string">01</Medical_Information>.<
0340: /Acceptlst_Information_child>.</Acceptlst_Information>.</acceptl
0380: stres>.</xmlio2>
== Info: Connection #0 to host 100.102.17.40 left intact
