== Info:   Trying 100.102.17.40:8000...
== Info: Connected to 100.102.17.40 (100.102.17.40) port 8000
== Info: Server auth using Basic with user 'ormaster'
=> Send header, 227 bytes (0xe3)
0000: POST /api/api01rv2/appointlstv2?class=01 HTTP/1.1
0033: Host: 100.102.17.40:8000
004d: Authorization: <MASKED>
007c: User-Agent: curl/8.7.1
0094: Accept: application/xml
00ad: Content-Type: application/xml
00cc: Content-Length: 348
00e1: 
=> Send data, 348 bytes (0x15c)
0000: <?xml version="1.0" encoding="UTF-8"?>.<data>.  <appointlstreq t
0040: ype="record">.    <Appointment_Date type="string">2025-11-22</Ap
0080: pointment_Date>.    <Medical_Information type="string">01</Medic
00c0: al_Information>.    <Physician_Code type="string">10000</Physici
0100: an_Code>.    <Department_Code type="string">01</Department_Code>
0140: .  </appointlstreq>.</data>.
== Info: upload completely sent off: 348 bytes
<= Recv header, 17 bytes (0x11)
0000: HTTP/1.1 200 OK
<= Recv header, 46 bytes (0x2e)
0000: Content-Type: application/xml; charset=UTF-8
<= Recv header, 22 bytes (0x16)
0000: X-Hybridmode: normal
<= Recv header, 37 bytes (0x25)
0000: Date: Fri, 21 Nov 2025 22:25:58 GMT
<= Recv header, 21 bytes (0x15)
0000: Content-Length: 805
<= Recv header, 2 bytes (0x2)
0000: 
<= Recv data, 805 bytes (0x325)
0000: <?xml version="1.0" encoding="UTF-8"?>.<xmlio2>.<appointlstres t
0040: ype="record">.<Information_Date type="string">2025-11-22</Inform
0080: ation_Date>.<Information_Time type="string">07:25:58</Informatio
00c0: n_Time>.<Api_Result type="string">21</Api_Result>.<Api_Result_Me
0100: ssage type="string">............................................
0140: .</Api_Result_Message>.<Reskey type="string">Patient Info</Reske
0180: y>.<Appointment_Date type="string">2025-11-22</Appointment_Date>
01c0: .<Appointlst_Information type="array">.<Appointlst_Information_c
0200: hild type="record">.<Medical_Information type="string">01</Medic
0240: al_Information>.<Physician_Code type="string">10000</Physician_C
0280: ode>.<Physician_WholeName type="string">..................</Phys
02c0: ician_WholeName>.</Appointlst_Information_child>.</Appointlst_In
0300: formation>.</appointlstres>.</xmlio2>
== Info: Connection #0 to host 100.102.17.40 left intact
