== Info:   Trying 100.102.17.40:8000...
== Info: Connected to 100.102.17.40 (100.102.17.40) port 8000
== Info: Server auth using Basic with user 'ormaster'
=> Send header, 224 bytes (0xe0)
0000: POST /api/api21/medicalmodv2?class=01 HTTP/1.1
0030: Host: 100.102.17.40:8000
004a: Authorization: <MASKED>
0079: User-Agent: curl/8.7.1
0091: Accept: application/xml
00aa: Content-Type: application/xml
00c9: Content-Length: 539
00de: 
=> Send data, 539 bytes (0x21b)
0000: <?xml version="1.0" encoding="UTF-8"?>.<data>.  <medicalreq type
0040: ="record">.    <Request_Number type="string">01</Request_Number>
0080: .    <InOut type="string">O</InOut>.    <Patient_ID type="string
00c0: ">00001</Patient_ID>.    <Perform_Date type="string">2025-11-22<
0100: /Perform_Date>.    <Perform_Time type="string">09:55:00</Perform
0140: _Time>.    <Diagnosis_Information type="record">.      <Departme
0180: nt_Code type="string">01</Department_Code>.      <Physician_Code
01c0:  type="string">10001</Physician_Code>.    </Diagnosis_Informatio
0200: n>.  </medicalreq>.</data>.
== Info: upload completely sent off: 539 bytes
<= Recv header, 17 bytes (0x11)
0000: HTTP/1.1 200 OK
<= Recv header, 46 bytes (0x2e)
0000: Content-Type: application/xml; charset=UTF-8
<= Recv header, 22 bytes (0x16)
0000: X-Hybridmode: normal
<= Recv header, 37 bytes (0x25)
0000: Date: Fri, 21 Nov 2025 22:25:58 GMT
<= Recv header, 22 bytes (0x16)
0000: Content-Length: 1260
<= Recv header, 2 bytes (0x2)
0000: 
<= Recv data, 1260 bytes (0x4ec)
0000: <?xml version="1.0" encoding="UTF-8"?>.<xmlio2>.<medicalres type
0040: ="record">.<Information_Date type="string">2025-11-22</Informati
0080: on_Date>.<Information_Time type="string">07:25:58</Information_T
00c0: ime>.<Api_Result type="string">22</Api_Result>.<Api_Result_Messa
0100: ge type="string">..........................................</Api
0140: _Result_Message>.<Request_Number type="string">01</Request_Numbe
0180: r>.<Reskey type="string">Medical Info</Reskey>.<Perform_Date typ
01c0: e="string">2025-11-22</Perform_Date>.<Perform_Time type="string"
0200: >09:55:00</Perform_Time>.<Department_Code type="string">01</Depa
0240: rtment_Code>.<Department_Name type="string">......</Department_N
0280: ame>.<Physician_Code type="string">10001</Physician_Code>.<Physi
02c0: cian_WholeName type="string">...............</Physician_WholeNam
0300: e>.<Patient_Information type="record">.<Patient_ID type="string"
0340: >00001</Patient_ID>.<WholeName type="string">..................<
0380: /WholeName>.<WholeName_inKana type="string">....................
03c0: ....</WholeName_inKana>.<BirthDate type="string">1980-01-01</Bir
0400: thDate>.<Sex type="string">1</Sex>.<HealthInsurance_Information 
0440: type="record">.<Insurance_Combination_Number type="string">0000<
0480: /Insurance_Combination_Number>.</HealthInsurance_Information>.</
04c0: Patient_Information>.</medicalres>.</xmlio2>
== Info: Connection #0 to host 100.102.17.40 left intact
