== Info:   Trying 100.102.17.40:8000...
== Info: Connected to 100.102.17.40 (100.102.17.40) port 8000
== Info: Server auth using Basic with user 'ormaster'
=> Send header, 224 bytes (0xe0)
0000: POST /api/api21/medicalmodv2?class=01 HTTP/1.1
0030: Host: 100.102.17.40:8000
004a: Authorization: Basic b3JtYXN0ZXI6Y2hhbmdlX21l
0079: User-Agent: curl/8.7.1
0091: Accept: application/xml
00aa: Content-Type: application/xml
00c9: Content-Length: 425
00de: 
=> Send data, 425 bytes (0x1a9)
0000: <?xml version="1.0" encoding="UTF-8"?>\n<data>\n  <medicalreq>\n
0040:     <Request_Number>01</Request_Number>\n    <InOut>O</InOut>\n 
0080:    <Patient_ID>00001</Patient_ID>\n    <Perform_Date>2025-11-21<
00c0: /Perform_Date>\n    <Perform_Time>15:30:00</Perform_Time>\n    <
0100: Diagnosis_Information>\n      <Department_Code>01</Department_Co
0140: de>\n      <Physician_Code>0001</Physician_Code>\n    </Diagnosi
0180: s_Information>\n  </medicalreq>\n</data>.
== Info: upload completely sent off: 425 bytes
== Info: Empty reply from server
== Info: Closing connection
