== Info:   Trying 100.102.17.40:8000...
== Info: Connected to 100.102.17.40 (100.102.17.40) port 8000
== Info: Server auth using Basic with user 'ormaster'
=> Send header, 221 bytes (0xdd)
0000: POST /api01rv2/patientgetv2?id=00001 HTTP/1.1
002f: Host: 100.102.17.40:8000
0049: Authorization: <MASKED>
0078: User-Agent: curl/8.7.1
0090: Accept: application/xml
00a9: Content-Type: application/xml
00c8: Content-Length: 0
00db: 
== Info: Request completely sent off
<= Recv header, 17 bytes (0x11)
0000: HTTP/1.1 200 OK
<= Recv header, 46 bytes (0x2e)
0000: Content-Type: application/xml; charset=UTF-8
<= Recv header, 22 bytes (0x16)
0000: X-Hybridmode: normal
<= Recv header, 37 bytes (0x25)
0000: Date: Fri, 21 Nov 2025 14:38:09 GMT
<= Recv header, 28 bytes (0x1c)
0000: Transfer-Encoding: chunked
<= Recv header, 2 bytes (0x2)
0000: 
<= Recv data, 3944 bytes (0xf68)
0000: 800
0005: <?xml version="1.0" encoding="UTF-8"?>.<xmlio2>.<patientinfores 
0045: type="record">.<Information_Date type="string">2025-11-21</Infor
0085: mation_Date>.<Information_Time type="string">23:38:09</Informati
00c5: on_Time>.<Api_Result type="string">00</Api_Result>.<Api_Result_M
0105: essage type="string">............</Api_Result_Message>.<Reskey t
0145: ype="string">Patient Info</Reskey>.<Patient_Information type="re
0185: cord">.<Patient_ID type="string">00001</Patient_ID>.<Patient_Int
01c5: ernal_ID type="string">0000000001</Patient_Internal_ID>.<WholeNa
0205: me type="string">..................</WholeName>.<WholeName_inKan
0245: a type="string">........................</WholeName_inKana>.<Bir
0285: thDate type="string">1980-01-01</BirthDate>.<Sex type="string">1
02c5: </Sex>.<HouseHolder_WholeName type="string">..................</
0305: HouseHolder_WholeName>.<Relationship type="string">......</Relat
0345: ionship>.<Home_Address_Information type="record">.<Address_ZipCo
0385: de type="string">1130021</Address_ZipCode>.<WholeAddress1 type="
03c5: string">...........................</WholeAddress1>.<WholeAddres
0405: s2 type="string">..................</WholeAddress2>.<PhoneNumber
0445: 1 type="string">03-3333-2222</PhoneNumber1>.</Home_Address_Infor
0485: mation>.<WorkPlace_Information type="record">.<WholeName type="s
04c5: tring">.....................</WholeName>.<Address_ZipCode type="
0505: string">1130022</Address_ZipCode>.<WholeAddress1 type="string">.
0545: ..........................</WholeAddress1>.<WholeAddress2 type="
0585: string">.....................</WholeAddress2>.<PhoneNumber type=
05c5: "string">03-3333-2211</PhoneNumber>.</WorkPlace_Information>.<Te
0605: stPatient_Flag type="string">0</TestPatient_Flag>.<Occupation ty
0645: pe="string">.........</Occupation>.<CellularNumber type="string"
0685: >09012345678</CellularNumber>.<EmailAddress type="string">test@e
06c5: xample.com</EmailAddress>.<Reduction_Reason type="string">00</Re
0705: duction_Reason>.<Reduction_Reason_Name type="string">...........
0745: .</Reduction_Reason_Name>.<Discount type="string">00</Discount>.
0785: <Discount_Name type="string">............</Discount_Name>.<Condi
07c5: tion1 type="string">00</Condition1>.<Condition1_Name type="strin
0807: 78b
080c: g">............</Condition1_Name>.<Condition2 type="string">00</
084c: Condition2>.<Condition2_Name type="string">............</Conditi
088c: on2_Name>.<Condition3 type="string">00</Condition3>.<Condition3_
08cc: Name type="string">............</Condition3_Name>.<Ic_Code type=
090c: "string">01</Ic_Code>.<Ic_Code_Name type="string">......</Ic_Cod
094c: e_Name>.<Community_Cid_Agree type="string">False</Community_Cid_
098c: Agree>.<HealthInsurance_Information type="array">.<HealthInsuran
09cc: ce_Information_child type="record">.<Insurance_Combination_Numbe
0a0c: r type="string">0001</Insurance_Combination_Number>.<InsuranceCo
0a4c: mbination_Rate_Admission type="string">0.30</InsuranceCombinatio
0a8c: n_Rate_Admission>.<InsuranceCombination_Rate_Outpatient type="st
0acc: ring">0.30</InsuranceCombination_Rate_Outpatient>.<Insurance_Non
0b0c: display type="string">N</Insurance_Nondisplay>.<InsuranceProvide
0b4c: r_Class type="string">060</InsuranceProvider_Class>.<InsurancePr
0b8c: ovider_Number type="string">138057</InsuranceProvider_Number>.<I
0bcc: nsuranceProvider_WholeName type="string">......</InsuranceProvid
0c0c: er_WholeName>.<HealthInsuredPerson_Symbol type="string">......</
0c4c: HealthInsuredPerson_Symbol>.<HealthInsuredPerson_Number type="st
0c8c: ring">.....................</HealthInsuredPerson_Number>.<Health
0ccc: InsuredPerson_Assistance type="string">3</HealthInsuredPerson_As
0d0c: sistance>.<HealthInsuredPerson_Assistance_Name type="string">...
0d4c: ...</HealthInsuredPerson_Assistance_Name>.<RelationToInsuredPers
0d8c: on type="string">1</RelationToInsuredPerson>.<Certificate_StartD
0dcc: ate type="string">2025-01-01</Certificate_StartDate>.<Certificat
0e0c: e_ExpiredDate type="string">9999-12-31</Certificate_ExpiredDate>
0e4c: .<Insurance_CheckDate type="string">2025-11-21</Insurance_CheckD
0e8c: ate>.</HealthInsurance_Information_child>.</HealthInsurance_Info
0ecc: rmation>.<ResultOfQualificationConfirmation type="record">.<Face
0f0c: InfExistence type="string">False</FaceInfExistence>.</ResultOfQu
0f4c: alificationConfirmation>.</P
<= Recv data, 54 bytes (0x36)
0000: atient_Information>.</patientinfores>.</xmlio2>
0031: 0
0034: 
== Info: Connection #0 to host 100.102.17.40 left intact
