== Info:   Trying 100.102.17.40:8000...
== Info: Connected to 100.102.17.40 (100.102.17.40) port 8000
== Info: Server auth using Basic with user 'ormaster'
=> Send header, 222 bytes (0xde)
0000: POST /api01rv2/system01lstv2?class=02 HTTP/1.1
0030: Host: 100.102.17.40:8000
004a: Authorization: <MASKED>
0079: User-Agent: curl/8.7.1
0091: Accept: application/xml
00aa: Content-Type: application/xml
00c9: Content-Length: 0
00dc: 
== Info: Request completely sent off
<= Recv header, 36 bytes (0x24)
0000: HTTP/1.1 500 Internal Server Error
<= Recv header, 32 bytes (0x20)
0000: Content-Type: application/json
<= Recv header, 22 bytes (0x16)
0000: X-Hybridmode: normal
<= Recv header, 37 bytes (0x25)
0000: Date: Fri, 21 Nov 2025 15:00:23 GMT
<= Recv header, 21 bytes (0x15)
0000: Content-Length: 103
<= Recv header, 2 bytes (0x2)
0000: 
<= Recv data, 103 bytes (0x67)
0000: {"Code":500,"Message":"Recover orca runtime error: invalid memor
0040: y address or nil pointer dereference"}.
== Info: Connection #0 to host 100.102.17.40 left intact
