== Info:   Trying 100.102.17.40:8000...
== Info: Connected to 100.102.17.40 (100.102.17.40) port 8000
== Info: Server auth using Basic with user 'ormaster'
=> Send header, 222 bytes (0xde)
0000: POST /api01rv2/system01lstv2?class=02 HTTP/1.1
0030: Host: 100.102.17.40:8000
004a: Authorization: <MASKED>
0079: User-Agent: curl/8.7.1
0091: Accept: application/xml
00aa: Content-Type: application/xml
00c9: Content-Length: 1
00dc: 
=> Send data, 1 bytes (0x1)
0000: .
== Info: upload completely sent off: 1 bytes
<= Recv header, 17 bytes (0x11)
0000: HTTP/1.1 200 OK
<= Recv header, 46 bytes (0x2e)
0000: Content-Type: application/xml; charset=UTF-8
<= Recv header, 22 bytes (0x16)
0000: X-Hybridmode: normal
<= Recv header, 37 bytes (0x25)
0000: Date: Fri, 21 Nov 2025 15:33:21 GMT
<= Recv header, 22 bytes (0x16)
0000: Content-Length: 1058
<= Recv header, 2 bytes (0x2)
0000: 
<= Recv data, 1058 bytes (0x422)
0000: <?xml version="1.0" encoding="UTF-8"?>.<xmlio2>.<physicianres ty
0040: pe="record">.<Information_Date type="string">2025-11-22</Informa
0080: tion_Date>.<Information_Time type="string">00:33:21</Information
00c0: _Time>.<Api_Result type="string">00</Api_Result>.<Api_Result_Mes
0100: sage type="string">............</Api_Result_Message>.<Reskey typ
0140: e="string">Patient Info</Reskey>.<Base_Date type="string">2025-1
0180: 1-22</Base_Date>.<Physician_Information type="array">.<Physician
01c0: _Information_child type="record">.<Code type="string">10000</Cod
0200: e>.<WholeName type="string">..................</WholeName>.<Whol
0240: eName_inKana type="string">..................</WholeName_inKana>
0280: .<Department_Code1 type="string">01</Department_Code1>.</Physici
02c0: an_Information_child>.<Physician_Information_child type="record"
0300: >.<Code type="string">10001</Code>.<WholeName type="string">....
0340: ...........</WholeName>.<WholeName_inKana type="string">........
0380: .......</WholeName_inKana>.<Department_Code1 type="string">01</D
03c0: epartment_Code1>.</Physician_Information_child>.</Physician_Info
0400: rmation>.</physicianres>.</xmlio2>
== Info: Connection #0 to host 100.102.17.40 left intact
