== Info: Host weborca-trial.orca.med.or.jp:443 was resolved.
== Info: IPv6: (none)
== Info: IPv4: 172.192.77.103
== Info:   Trying 172.192.77.103:443...
== Info: Connected to weborca-trial.orca.med.or.jp (172.192.77.103) port 443
== Info: ALPN: curl offers h2,http/1.1
== Info: (304) (OUT), TLS handshake, Client hello (1):
=> Send SSL data, 333 bytes (0x14d)
0000: ...I..H..x.`.....,./........W..K..p... .3e....oRQ%..ox1._../A..Y
0040: C.E..v..b.............0.,.(.$.......k.9...........=.5...../.+.'.
0080: #.......g.3...E...<./...A.......................+............3.&
00c0: .$... 4.d..\0.....C. $..^IW/.....X..`v...!.....weborca-trial.orc
0100: a.med.or.jp.....................................................
0140: ..h2.http/1.1
== Info:  CAfile: /etc/ssl/cert.pem
== Info:  CApath: none
== Info: (304) (IN), TLS handshake, Server hello (2):
<= Recv SSL data, 108 bytes (0x6c)
0000: ...h..P...,...LH<z.e2.....C.....*....f @.....}...:...O&.B..Vx,.2
0040: ...X..P.0.. ........................http/1.1
== Info: TLSv1.2 (IN), TLS handshake, Certificate (11):
<= Recv SSL data, 5164 bytes (0x142c)
0000: ...(..%..30../0..........\...\..7.....L..0...*.H........0`1.0...
0040: U....GB1.0...U....Sectigo Limited1705..U....Sectigo Public Serve
0080: r Authentication CA OV R360...250521000000Z..260621235959Z0i1.0.
00c0: ..U....JP1.0...U....Tokyo1/0-..U...&ORCA Management Organization
0100:  Co., Ltd.1.0...U....*.orca.med.or.jp0.."0...*.H.............0..
0140: .......?.`'s..7x.3j..R0W.B.....qX...w.S...*..xc..F..<...@\..8).B
0180: YY.H.....m.......d...z..%..........P......~q).>.(.<...>.........
01c0: k.ya.......]!.........qR.&.,...rey.c......R+U........r.Q...r..E.
0200: ?.N.;,....s.......%......+..@...k.._.....s..@\......<......b.g..
0240: .4,..w........Z0..V0...U.#..0....ft.ph.,]N..J..7"...0...U......A
0280: .V.....W<OI..j.....0...U...........0...U.......0.0...U.%..0...+.
02c0: ........+.......0J..U. .C0A05..+.....1.....0%0#..+.........https
0300: ://sectigo.com/CPS0...g.....0T..U...M0K0I.G.E.Chttp://crl.sectig
0340: o.com/SectigoPublicServerAuthenticationCAOVR36.crl0....+........
0380: x0v0O..+.....0..Chttp://crt.sectigo.com/SectigoPublicServerAuthe
03c0: nticationCAOVR36.crt0#..+.....0...http://ocsp.sectigo.com0+..U..
0400: .$0"..*.orca.med.or.jp..orca.med.or.jp0.....+.....y......o...k.i
0440: .v...d.UX...C.h7.Bw..:....6nF.?.........)?......G0E.!...Z.7.....
0480: M.d.d......j\.u..z.A.,. .....8g..&.1......O...2."V..)x.r.v.....(
04c0: .o...ox*M....-r1...]pA-%L.......)?......G0E.!.....D...g.S/..l..p
0500: @A.%.(.a.O~'(.. )..d{w...F...o|...k..#....H...k`.w..W.....>3.,..
0540: ......=q2%.!.%.a.N!.....)?......H0F.!....v.\e...l...z3E..t.....:
0580: ...WC..!...Z.......GLKS-{zfM..b.fw..1....0...*.H.............Ui.
05c0: ....N{2..J+D.......Bm.P5=..5..*..a.VT....C.Q.N..Q../.H.n......._
0600: y:.SQ..|......L0.B...v..Q.[......r.....5.("....A.0..\.U.}.k.U...
0640: .....&.+[....%..}.P>$.6.B......^.......8[.......@J.Z........a.ZM
0680: ..8.......c..............g...x..^L..........pr...Y..&Ud......Q@.
06c0: v.^5.Z..3S/..V......x. .f{..=......a\..\..{..j..?{..j..t.`....L.
0700: ....d..GM...g....w,.`...*.C.@.y.$.g.....&1..2 P.e.....a.]Kp.v..P
0740: 0..L0..4.......,.<v.C.....1...q0...*.H........0_1.0...U....GB1.0
0780: ...U....Sectigo Limited1604..U...-Sectigo Public Server Authenti
07c0: cation Root R460...210322000000Z..360321235959Z0`1.0...U....GB1.
0800: 0...U....Sectigo Limited1705..U....Sectigo Public Server Authent
0840: ication CA OV R360...0...*.H.............0.........C-'tt.:4}....
0880: v...O#......@U....{.;."..5..[.I].kY@..a:.^q.^........N.+1.Lf..'.
08c0: ..y.:...:...b3....#M....x..".-q......~|L...W..v\.....By|c.....v.
0900: ...{`]...[..k.E..[..y.....M.l.......NY.....M...z.vEer.z@.(Y.....
0940: UH.4..+TV.+(]g!....H.AG.j...x.aa..R...O.....94..j.>.isBJ........
0980: Y.....|.O......1..K."...v....".>.p..N.tU....xX..n.;.... .i.y#@..
09c0: @.h.....Fj.+..d0.^......o.w.@...;..W..F.6.w..'.f{M.........0..}0
0a00: ...U.#..0...VsXd......*.by.@..!I0...U.......ft.ph.,]N..J..7"...0
0a40: ...U...........0...U.......0.......0...U.%..0...+.........+.....
0a80: ..0...U. ..0.0...U. .0...g.....0T..U...M0K0I.G.E.Chttp://crl.sec
0ac0: tigo.com/SectigoPublicServerAuthenticationRootR46.crl0....+.....
0b00: ...x0v0O..+.....0..Chttp://crt.sectigo.com/SectigoPublicServerAu
0b40: thenticationRootR46.p7c0#..+.....0...http://ocsp.sectigo.com0...
0b80: *.H.................u....o..#Y3..O.".eJ.....S.s..`..*E.{....0(R.
0bc0: ....o..SA..._..........*. ..N....s...Q....C.....1.......n^.O...@
0c00: @R.......3rJ......S7D./.......l..R.e[.5R......0...Hr.E.Qj..g.e..
0c40: ..Jg....,...&}..{........'...,O..-.....'.@..0..|...v.0..N.x.....
0c80: .....Q..%qDF.....F.t..'.3z....12... .6Ub..).mXB.2.]...^....s....
0cc0: 4_B.f.tq...*...C.cY...&.u.x...\...+..Cc....!......).U........>..
0d00: Q.T6....pKT.."..A|8U.....s...*.s.....S.l.h......L.V3M6.A.w..N3G0
0d40: .Z|..@..\.qXZ..{..5b...W.<.c..eEy..,.#.E).}.0$3............)...}
0d80: ..k"....O..|..pL...0...0..}.............5.R..aIX`..0...*.H......
0dc0: ..0..1.0...U....US1.0...U....New Jersey1.0...U....Jersey City1.0
0e00: ...U....The USERTRUST Network1.0,..U...%USERTrust RSA Certificat
0e40: ion Authority0...210322000000Z..380118235959Z0_1.0...U....GB1.0.
0e80: ..U....Sectigo Limited1604..U...-Sectigo Public Server Authentic
0ec0: ation Root R460.."0...*.H.............0...........6Ru..#..GBI.c.
0f00: .!....H+&|.S..y.+.-..,..2.I....H={Z.T..]1tO..P!...hO..cm%.L*..H0
0f40: a..|...J.>+...Lq.5...n.;J.........m.O3.P.7.3._...T.H..C.f...8C..
0f80: Q...#..][..K......7..9.!Q0..m.0N.[..p$..E.dC..!:/<.... .B'..o..d
0fc0: 0.9..e.!1.#P37".8..10.E.b..]2yB..j.V.@M.....vI..'.......c.....U.
1000: .;f.9.-........M..]Wr.;.GV.....a..M..4[...u...H...(........V.{IL
1040: Y. ....).8.i.I....y.....z.......x(..D..}&..Xr.y..._..8b4h..0...a
1080: .2l..6..Ln..6.....Dp.|..9...k..%#W....I.u......T(.!<.|...{ku....
10c0: .....+.B.8.....=....N..)...V..............GC|m......... 0...0...
1100: U.#..0...Sy.Z.+J.T.........f.0...U......VsXd......*.by.@..!I0...
1140: U...........0...U.......0....0...U.%..0...+.........+.......0...
1180: U. ..0.0...U. .0P..U...I0G0E.C.A.?http://crl.usertrust.com/USERT
11c0: rustRSACertificationAuthority.crl05..+........)0'0%..+.....0...h
1200: ttp://ocsp.usertrust.com0...*.H.............:o..j.....CO.O..l.).
1240: ..4K._..R.c....Tk..-!...+`H5..n.l..*..7.,.V}...+...FWQ....FCLP}.
1280: /Gb.m.qt.w../..Ze..3(.!>..#..q=.}5..X.l. K........./.w..-IKr...U
12c0: ..f...*.....JY..L......n.k....^.......5...o..\.,P.+....Q..f...5.
1300: .f.C....TW..........8...........>.Bc..3k..=...[.j.uT.....[...,iG
1340: d....=.l+!b.....U......5.....Y......Yg..F......U5....[...;y./...
1380: .'...5...R..^s...%.F.b.2hK4Kky........ ..K..'.q@r.(............=
13c0: ..D...6...+!.D....Dl;.9q.2G..H=.$ ...[.k......S....lr.....:v....
1400: bG.....O)Ye....IO...EF..#.n..t....vFy....E+I
== Info: TLSv1.2 (IN), TLS handshake, Server key exchange (12):
<= Recv SSL data, 300 bytes (0x12c)
0000: ...(... ?..&.h..?....v......;...G#.s...>..........+....S..!....y
0040: .....E'2uP.r.tk...k..a..,..<#....r..v.9...9.)..V.Y.w..)4t.......
0080: ..9F.3>..\Qk.KG$._J............)([B.%.Dn..1fe@...%..E.....-~..,.
00c0: .S.J.Br....7 .|".....h.c.M...P3.]..a......W.<FMf_.2.`.......v...
0100: :.U....,..]..z?..[...e._/....c3...w...p...E&
== Info: TLSv1.2 (IN), TLS handshake, Server finished (14):
<= Recv SSL data, 4 bytes (0x4)
0000: ....
== Info: TLSv1.2 (OUT), TLS handshake, Client key exchange (16):
=> Send SSL data, 37 bytes (0x25)
0000: ...! W.R..dLw.zPkF..*.[..hL.,J.o..p.7
== Info: TLSv1.2 (OUT), TLS change cipher, Change cipher spec (1):
=> Send SSL data, 1 bytes (0x1)
0000: .
== Info: TLSv1.2 (OUT), TLS handshake, Finished (20):
=> Send SSL data, 16 bytes (0x10)
0000: ........c.>.t.O.
== Info: TLSv1.2 (IN), TLS change cipher, Change cipher spec (1):
<= Recv SSL data, 1 bytes (0x1)
0000: .
== Info: TLSv1.2 (IN), TLS handshake, Finished (20):
<= Recv SSL data, 16 bytes (0x10)
0000: ..........8.Z...
== Info: SSL connection using TLSv1.2 / ECDHE-RSA-AES256-GCM-SHA384 / [blank] / UNDEF
== Info: ALPN: server accepted http/1.1
== Info: Server certificate:
== Info:  subject: C=JP; ST=Tokyo; O=ORCA Management Organization Co., Ltd.; CN=*.orca.med.or.jp
== Info:  start date: May 21 00:00:00 2025 GMT
== Info:  expire date: Jun 21 23:59:59 2026 GMT
== Info:  subjectAltName: host "weborca-trial.orca.med.or.jp" matched cert's "*.orca.med.or.jp"
== Info:  issuer: C=GB; O=Sectigo Limited; CN=Sectigo Public Server Authentication CA OV R36
== Info:  SSL certificate verify ok.
== Info: using HTTP/1.x
== Info: Server auth using Basic with user 'trial'
=> Send header, 253 bytes (0xfd)
0000: POST /api/api01rv2/acsimulatev2?class=01 HTTP/1.1
0033: Host: weborca-trial.orca.med.or.jp
0057: Authorization: Basic <MASKED>
0086: User-Agent: curl/8.7.1
009e: Content-Type: application/xml; charset=UTF-8
00cc: Accept: application/xml
00e5: Content-Length: 1093
00fb: 
=> Send data, 1093 bytes (0x445)
0000: <?xml version="1.0" encoding="UTF-8"?>.<data>.  <acsimulatereq t
0040: ype="record">.    <Patient_ID type="string">000001</Patient_ID>.
0080:     <Perform_Date type="string">2026-01-11</Perform_Date>.    <P
00c0: erform_Time type="string"></Perform_Time>.    <Time_Class type="
0100: string">0</Time_Class>.    <Diagnosis_Information type="record">
0140: .      <Department_Code type="string">01</Department_Code>.     
0180:  <Medical_Information type="array">.        <Medical_Information
01c0: _child type="record">.          <Medical_Class type="string">11<
0200: /Medical_Class>.          <Medical_Class_Name type="string">Medi
0240: cal</Medical_Class_Name>.          <Medical_Class_Number type="s
0280: tring">1</Medical_Class_Number>.          <Medication_info type=
02c0: "array">.            <Medication_info_child type="record">.     
0300:          <Medication_Code type="string">110000001</Medication_Co
0340: de>.              <Medication_Number type="string">1</Medication
0380: _Number>.            </Medication_info_child>.          </Medica
03c0: tion_info>.        </Medical_Information_child>.      </Medical_
0400: Information>.    </Diagnosis_Information>.  </acsimulatereq>.</d
0440: ata>.
== Info: upload completely sent off: 1093 bytes
<= Recv header, 17 bytes (0x11)
0000: HTTP/1.1 200 OK
<= Recv header, 31 bytes (0x1f)
0000: Server: nginx/1.18.0 (Ubuntu)
<= Recv header, 37 bytes (0x25)
0000: Date: Mon, 12 Jan 2026 11:44:24 GMT
<= Recv header, 46 bytes (0x2e)
0000: Content-Type: application/xml; charset=UTF-8
<= Recv header, 21 bytes (0x15)
0000: Content-Length: 674
<= Recv header, 24 bytes (0x18)
0000: Connection: keep-alive
<= Recv header, 22 bytes (0x16)
0000: X-Hybridmode: normal
<= Recv header, 2 bytes (0x2)
0000: 
<= Recv data, 674 bytes (0x2a2)
0000: <?xml version="1.0" encoding="UTF-8"?>.<xmlio2>.<acsimulateres t
0040: ype="record">.<Information_Date type="string">2026-01-12</Inform
0080: ation_Date>.<Information_Time type="string">20:44:24</Informatio
00c0: n_Time>.<Api_Result type="string">10</Api_Result>.<Api_Result_Me
0100: ssage type="string">............................................
0140: ..........</Api_Result_Message>.<Reskey type="string">Medical In
0180: fo</Reskey>.<Perform_Date type="string">2026-01-11</Perform_Date
01c0: >.<Time_Class type="string">0</Time_Class>.<Department_Code type
0200: ="string">01</Department_Code>.<Patient_Information type="record
0240: ">.<Patient_ID type="string">000001</Patient_ID>.</Patient_Infor
0280: mation>.</acsimulateres>.</xmlio2>
== Info: Connection #0 to host weborca-trial.orca.med.or.jp left intact
