=========================================================================

  JBoss Bootstrap Environment

  JBOSS_HOME: /opt/jboss/wildfly

  JAVA: /usr/lib/jvm/java/bin/java

  JAVA_OPTS:  -server -Xms64m -Xmx512m -XX:MetaspaceSize=96M -XX:MaxMetaspaceSize=256m -Djava.net.preferIPv4Stack=true -Djboss.modules.system.pkgs=org.jboss.byteman -Djava.awt.headless=true

=========================================================================

[0m05:02:09,596 INFO  [org.jboss.modules] (main) JBoss Modules version 1.5.2.Final
[0m[0m05:02:10,426 INFO  [org.jboss.msc] (main) JBoss MSC version 1.2.6.Final
[0m[0m05:02:10,536 INFO  [org.jboss.as] (MSC service thread 1-7) WFLYSRV0049: WildFly Full 10.1.0.Final (WildFly Core 2.2.0.Final) starting
[0m[0m05:02:16,934 INFO  [org.jboss.as.repository] (ServerService Thread Pool -- 26) WFLYDR0001: Content added at location /opt/jboss/wildfly/standalone/data/content/80/cae3c175cb7c1a73cb42bdb3354be1536842fd/content
[0m[0m05:02:16,961 INFO  [org.jboss.as.server] (Controller Boot Thread) WFLYSRV0039: Creating http management service using socket-binding (management-http)
[0m[0m05:02:17,015 INFO  [org.xnio] (MSC service thread 1-6) XNIO version 3.4.0.Final
[0m[0m05:02:17,038 INFO  [org.xnio.nio] (MSC service thread 1-6) XNIO NIO Implementation Version 3.4.0.Final
[0m[33m05:02:17,204 WARN  [org.jboss.as.txn] (ServerService Thread Pool -- 60) WFLYTX0013: Node identifier property is set to the default value. Please make sure it is unique.
[0m[0m05:02:17,354 INFO  [org.jboss.as.security] (ServerService Thread Pool -- 59) WFLYSEC0002: Activating Security Subsystem
[0m[0m05:02:17,352 INFO  [org.jboss.as.webservices] (ServerService Thread Pool -- 62) WFLYWS0002: Activating WebServices Extension
[0m[0m05:02:17,353 INFO  [org.jboss.as.clustering.infinispan] (ServerService Thread Pool -- 41) WFLYCLINF0001: Activating Infinispan subsystem.
[0m[0m05:02:17,352 INFO  [org.jboss.as.naming] (ServerService Thread Pool -- 52) WFLYNAM0001: Activating Naming Subsystem
[0m[0m05:02:17,352 INFO  [org.wildfly.iiop.openjdk] (ServerService Thread Pool -- 42) WFLYIIOP0001: Activating IIOP Subsystem
[0m[0m05:02:17,444 INFO  [org.jboss.as.jsf] (ServerService Thread Pool -- 48) WFLYJSF0007: Activated the following JSF Implementations: [main]
[0m[0m05:02:17,501 INFO  [org.jboss.as.security] (MSC service thread 1-5) WFLYSEC0001: Current PicketBox version=4.9.6.Final
[0m[0m05:02:17,831 INFO  [org.jboss.as.naming] (MSC service thread 1-1) WFLYNAM0003: Starting Naming Service
[0m[0m05:02:17,877 INFO  [org.jboss.as.mail.extension] (MSC service thread 1-6) WFLYMAIL0001: Bound mail session [java:jboss/mail/Default]
[0m[0m05:02:18,048 INFO  [org.jboss.remoting] (MSC service thread 1-7) JBoss Remoting version 4.0.21.Final
[0m[0m05:02:18,116 INFO  [org.wildfly.extension.io] (ServerService Thread Pool -- 40) WFLYIO001: Worker 'default' has auto-configured to 16 core threads with 128 task threads based on your 8 available processors
[0m[0m05:02:18,243 INFO  [org.jboss.as.connector] (MSC service thread 1-5) WFLYJCA0009: Starting JCA Subsystem (WildFly/IronJacamar 1.3.4.Final)
[0m[0m05:02:18,462 INFO  [org.wildfly.extension.undertow] (MSC service thread 1-7) WFLYUT0003: Undertow 1.4.0.Final starting
[0m[0m05:02:18,578 INFO  [org.jboss.as.connector.subsystems.datasources] (ServerService Thread Pool -- 36) WFLYJCA0004: Deploying JDBC-compliant driver class org.h2.Driver (version 1.3)
[0m[0m05:02:18,720 INFO  [org.jboss.as.connector.deployers.jdbc] (MSC service thread 1-4) WFLYJCA0018: Started Driver service with driver-name = h2
[0m[0m05:02:18,884 INFO  [org.jboss.as.connector.subsystems.datasources] (ServerService Thread Pool -- 36) WFLYJCA0005: Deploying non-JDBC-compliant driver class org.postgresql.Driver (version 42.7)
[0m[0m05:02:18,937 INFO  [org.jboss.as.connector.deployers.jdbc] (MSC service thread 1-4) WFLYJCA0018: Started Driver service with driver-name = postgresql
[0m[0m05:02:19,318 INFO  [org.wildfly.iiop.openjdk] (MSC service thread 1-5) WFLYIIOP0009: CORBA ORB Service started
[0m[0m05:02:19,488 INFO  [org.wildfly.extension.undertow] (MSC service thread 1-5) WFLYUT0012: Started server default-server.
[0m[0m05:02:19,444 INFO  [org.jboss.as.ejb3] (MSC service thread 1-4) WFLYEJB0481: Strict pool slsb-strict-max-pool is using a max instance size of 128 (per class), which is derived from thread worker pool sizing.
[0m[0m05:02:19,472 INFO  [org.wildfly.extension.undertow] (ServerService Thread Pool -- 61) WFLYUT0014: Creating file handler for path '/opt/jboss/wildfly/welcome-content' with options [directory-listing: 'false', follow-symlink: 'false', case-sensitive: 'true', safe-symlink-paths: '[]']
[0m[0m05:02:19,444 INFO  [org.jboss.as.ejb3] (MSC service thread 1-3) WFLYEJB0482: Strict pool mdb-strict-max-pool is using a max instance size of 32 (per class), which is derived from the number of CPUs on this host.
[0m[0m05:02:19,494 INFO  [org.wildfly.extension.undertow] (MSC service thread 1-5) WFLYUT0018: Host default-host starting
[0m[0m05:02:20,237 INFO  [org.wildfly.extension.undertow] (MSC service thread 1-8) WFLYUT0006: Undertow HTTP listener default listening on 0.0.0.0:8080
[0m[0m05:02:20,737 INFO  [org.jboss.as.connector.subsystems.datasources] (MSC service thread 1-7) WFLYJCA0001: Bound data source [java:jboss/datasources/PostgresDS]
[0m[0m05:02:20,736 INFO  [org.jboss.as.connector.subsystems.datasources] (MSC service thread 1-4) WFLYJCA0001: Bound data source [java:jboss/datasources/ORCADS]
[0m[0m05:02:20,737 INFO  [org.jboss.as.connector.subsystems.datasources] (MSC service thread 1-6) WFLYJCA0001: Bound data source [java:jboss/datasources/ExampleDS]
[0m[0m05:02:21,158 INFO  [org.wildfly.extension.messaging-activemq] (MSC service thread 1-7) WFLYMSGAMQ0075: AIO wasn't located on this platform, it will fall back to using pure Java NIO. Your platform is Linux, install LibAIO to enable the AIO journal and achieve optimal performance.
[0m[33m05:02:21,281 WARN  [org.jboss.as.domain.management.security] (MSC service thread 1-5) WFLYDM0111: Keystore /opt/jboss/wildfly/standalone/configuration/application.keystore not found, it will be auto generated on first use with a self signed certificate for host localhost
[0m[0m05:02:21,345 INFO  [org.apache.activemq.artemis.core.server] (ServerService Thread Pool -- 64) AMQ221000: live Message Broker is starting with configuration Broker Configuration (clustered=false,journalDirectory=/opt/jboss/wildfly/standalone/data/activemq/journal,bindingsDirectory=/opt/jboss/wildfly/standalone/data/activemq/bindings,largeMessagesDirectory=/opt/jboss/wildfly/standalone/data/activemq/largemessages,pagingDirectory=/opt/jboss/wildfly/standalone/data/activemq/paging)
[0m[0m05:02:21,440 INFO  [org.jboss.as.server.deployment] (MSC service thread 1-7) WFLYSRV0027: Starting deployment of "opendolphin-server.war" (runtime-name: "opendolphin-server.war")
[0m[0m05:02:21,501 INFO  [org.apache.activemq.artemis.core.server] (ServerService Thread Pool -- 64) AMQ221013: Using NIO Journal
[0m[0m05:02:21,573 INFO  [org.jboss.as.server.deployment.scanner] (MSC service thread 1-8) WFLYDS0013: Started FileSystemDeploymentService for directory /opt/jboss/wildfly/standalone/deployments
[0m[0m05:02:21,859 INFO  [org.apache.activemq.artemis.core.server] (ServerService Thread Pool -- 64) AMQ221043: Protocol module found: [artemis-server]. Adding protocol support for: CORE
[0m[0m05:02:22,168 INFO  [org.apache.activemq.artemis.core.server] (ServerService Thread Pool -- 64) AMQ221043: Protocol module found: [artemis-amqp-protocol]. Adding protocol support for: AMQP
[0m[0m05:02:22,180 INFO  [org.wildfly.extension.undertow] (MSC service thread 1-6) WFLYUT0006: Undertow HTTPS listener https listening on 0.0.0.0:8443
[0m[0m05:02:22,263 INFO  [org.apache.activemq.artemis.core.server] (ServerService Thread Pool -- 64) AMQ221043: Protocol module found: [artemis-hornetq-protocol]. Adding protocol support for: HORNETQ
[0m[0m05:02:22,363 INFO  [org.apache.activemq.artemis.core.server] (ServerService Thread Pool -- 64) AMQ221043: Protocol module found: [artemis-stomp-protocol]. Adding protocol support for: STOMP
[0m[0m05:02:22,393 INFO  [org.infinispan.factories.GlobalComponentRegistry] (MSC service thread 1-1) ISPN000128: Infinispan version: Infinispan 'Chakra' 8.2.4.Final
[0m[0m05:02:22,707 INFO  [org.infinispan.configuration.cache.EvictionConfigurationBuilder] (ServerService Thread Pool -- 68) ISPN000152: Passivation configured without an eviction policy being selected. Only manually evicted entities will be passivated.
[0m[0m05:02:22,707 INFO  [org.infinispan.configuration.cache.EvictionConfigurationBuilder] (ServerService Thread Pool -- 69) ISPN000152: Passivation configured without an eviction policy being selected. Only manually evicted entities will be passivated.
[0m[0m05:02:22,707 INFO  [org.infinispan.configuration.cache.EvictionConfigurationBuilder] (ServerService Thread Pool -- 66) ISPN000152: Passivation configured without an eviction policy being selected. Only manually evicted entities will be passivated.
[0m[0m05:02:22,754 INFO  [org.infinispan.configuration.cache.EvictionConfigurationBuilder] (ServerService Thread Pool -- 68) ISPN000152: Passivation configured without an eviction policy being selected. Only manually evicted entities will be passivated.
[0m[0m05:02:22,754 INFO  [org.infinispan.configuration.cache.EvictionConfigurationBuilder] (ServerService Thread Pool -- 69) ISPN000152: Passivation configured without an eviction policy being selected. Only manually evicted entities will be passivated.
[0m[0m05:02:22,764 INFO  [org.infinispan.configuration.cache.EvictionConfigurationBuilder] (ServerService Thread Pool -- 66) ISPN000152: Passivation configured without an eviction policy being selected. Only manually evicted entities will be passivated.
[0m[0m05:02:22,859 INFO  [org.jboss.ws.common.management] (MSC service thread 1-6) JBWS022052: Starting JBossWS 5.1.5.Final (Apache CXF 3.1.6) 
[0m[0m05:02:23,006 INFO  [org.wildfly.extension.messaging-activemq] (MSC service thread 1-6) WFLYMSGAMQ0016: Registered HTTP upgrade for activemq-remoting protocol handled by http-acceptor-throughput acceptor
[0m[0m05:02:23,004 INFO  [org.wildfly.extension.messaging-activemq] (MSC service thread 1-1) WFLYMSGAMQ0016: Registered HTTP upgrade for activemq-remoting protocol handled by http-acceptor-throughput acceptor
[0m[0m05:02:23,008 INFO  [org.wildfly.extension.messaging-activemq] (MSC service thread 1-4) WFLYMSGAMQ0016: Registered HTTP upgrade for activemq-remoting protocol handled by http-acceptor acceptor
[0m[0m05:02:23,006 INFO  [org.wildfly.extension.messaging-activemq] (MSC service thread 1-2) WFLYMSGAMQ0016: Registered HTTP upgrade for activemq-remoting protocol handled by http-acceptor acceptor
[0m[0m05:02:23,221 INFO  [org.apache.activemq.artemis.core.server] (ServerService Thread Pool -- 64) AMQ221007: Server is now live
[0m[0m05:02:23,227 INFO  [org.apache.activemq.artemis.core.server] (ServerService Thread Pool -- 64) AMQ221001: Apache ActiveMQ Artemis Message Broker version 1.1.0.wildfly-017 [nodeID=d6060bb7-bcdd-11f0-9995-c1456b085adb] 
[0m[0m05:02:23,305 INFO  [org.wildfly.extension.messaging-activemq] (ServerService Thread Pool -- 64) WFLYMSGAMQ0002: Bound messaging object to jndi name java:/ConnectionFactory
[0m[0m05:02:23,335 INFO  [org.apache.activemq.artemis.core.server] (ServerService Thread Pool -- 67) AMQ221003: trying to deploy queue jms.queue.ExpiryQueue
[0m[0m05:02:23,469 INFO  [org.jboss.as.connector.deployment] (MSC service thread 1-2) WFLYJCA0007: Registered connection factory java:/JmsXA
[0m[0m05:02:23,529 INFO  [org.apache.activemq.artemis.core.server] (ServerService Thread Pool -- 69) AMQ221003: trying to deploy queue jms.queue.dolphinQueue
[0m[0m05:02:23,582 INFO  [org.apache.activemq.artemis.jms.server] (ServerService Thread Pool -- 68) AMQ121005: Invalid "host" value "0.0.0.0" detected for "http-connector" connector. Switching to "3d09400ad2cf". If this new address is incorrect please manually configure the connector to use the proper one.
[0m[0m05:02:23,584 INFO  [org.wildfly.extension.messaging-activemq] (ServerService Thread Pool -- 68) WFLYMSGAMQ0002: Bound messaging object to jndi name java:jboss/exported/jms/RemoteConnectionFactory
[0m[0m05:02:23,586 INFO  [org.apache.activemq.artemis.core.server] (ServerService Thread Pool -- 66) AMQ221003: trying to deploy queue jms.queue.DLQ
[0m[0m05:02:23,622 INFO  [org.apache.activemq.artemis.ra] (MSC service thread 1-2) Resource adaptor started
[0m[0m05:02:23,625 INFO  [org.jboss.as.connector.services.resourceadapters.ResourceAdapterActivatorService$ResourceAdapterActivator] (MSC service thread 1-2) IJ020002: Deployed: file://RaActivatoractivemq-ra
[0m[0m05:02:23,631 INFO  [org.jboss.as.connector.deployment] (MSC service thread 1-1) WFLYJCA0002: Bound JCA ConnectionFactory [java:/JmsXA]
[0m[0m05:02:23,648 INFO  [org.wildfly.extension.messaging-activemq] (MSC service thread 1-6) WFLYMSGAMQ0002: Bound messaging object to jndi name java:jboss/DefaultJMSConnectionFactory
[0m[33m05:02:23,687 WARN  [org.jboss.as.server.deployment] (MSC service thread 1-7) WFLYSRV0003: Could not index class META-INF/versions/9/module-info.class at /content/opendolphin-server.war/WEB-INF/lib/commons-codec-1.17.1.jar: java.lang.IllegalStateException: Unknown tag! pos=3 poolCount = 22
	at org.jboss.jandex.Indexer.processConstantPool(Indexer.java:1416)
	at org.jboss.jandex.Indexer.index(Indexer.java:1450)
	at org.jboss.as.server.deployment.annotation.ResourceRootIndexer.indexResourceRoot(ResourceRootIndexer.java:99)
	at org.jboss.as.server.deployment.annotation.AnnotationIndexProcessor.deploy(AnnotationIndexProcessor.java:51)
	at org.jboss.as.server.deployment.DeploymentUnitPhaseService.start(DeploymentUnitPhaseService.java:147)
	at org.jboss.msc.service.ServiceControllerImpl$StartTask.startService(ServiceControllerImpl.java:1948)
	at org.jboss.msc.service.ServiceControllerImpl$StartTask.run(ServiceControllerImpl.java:1881)
	at java.util.concurrent.ThreadPoolExecutor.runWorker(ThreadPoolExecutor.java:1149)
	at java.util.concurrent.ThreadPoolExecutor$Worker.run(ThreadPoolExecutor.java:624)
	at java.lang.Thread.run(Thread.java:748)

[0m[0m05:02:24,588 INFO  [org.jboss.as.jpa] (MSC service thread 1-5) WFLYJPA0002: Read persistence.xml for opendolphinPU
[0m[0m05:02:24,765 INFO  [org.jboss.as.jpa] (ServerService Thread Pool -- 66) WFLYJPA0010: Starting Persistence Unit (phase 1 of 2) Service 'opendolphin-server.war#opendolphinPU'
[0m[0m05:02:24,797 INFO  [org.hibernate.jpa.internal.util.LogHelper] (ServerService Thread Pool -- 66) HHH000204: Processing PersistenceUnitInfo [
	name: opendolphinPU
	...]
[0m[0m05:02:24,866 INFO  [org.hibernate.Version] (ServerService Thread Pool -- 66) HHH000412: Hibernate Core {5.0.10.Final}
[0m[0m05:02:24,870 INFO  [org.hibernate.cfg.Environment] (ServerService Thread Pool -- 66) HHH000206: hibernate.properties not found
[0m[0m05:02:24,872 INFO  [org.hibernate.cfg.Environment] (ServerService Thread Pool -- 66) HHH000021: Bytecode provider name : javassist
[0m[0m05:02:24,945 INFO  [org.hibernate.annotations.common.Version] (ServerService Thread Pool -- 66) HCANN000001: Hibernate Commons Annotations {5.0.1.Final}
[0m[0m05:02:24,998 INFO  [org.jboss.weld.deployer] (MSC service thread 1-3) WFLYWELD0003: Processing weld deployment opendolphin-server.war
[0m[0m05:02:25,207 INFO  [org.hibernate.validator.internal.util.Version] (MSC service thread 1-3) HV000001: Hibernate Validator 5.2.4.Final
[0m[0m05:02:25,313 INFO  [org.jboss.as.ejb3.deployment] (MSC service thread 1-3) WFLYEJB0473: JNDI bindings for session bean named 'ADM20_EHTServiceBean' in deployment unit 'deployment "opendolphin-server.war"' are as follows:

	java:global/opendolphin-server/ADM20_EHTServiceBean!open.dolphin.adm20.session.ADM20_EHTServiceBean
	java:app/opendolphin-server/ADM20_EHTServiceBean!open.dolphin.adm20.session.ADM20_EHTServiceBean
	java:module/ADM20_EHTServiceBean!open.dolphin.adm20.session.ADM20_EHTServiceBean
	java:global/opendolphin-server/ADM20_EHTServiceBean
	java:app/opendolphin-server/ADM20_EHTServiceBean
	java:module/ADM20_EHTServiceBean

[0m[0m05:02:25,314 INFO  [org.jboss.as.ejb3.deployment] (MSC service thread 1-3) WFLYEJB0473: JNDI bindings for session bean named 'PvtService' in deployment unit 'deployment "opendolphin-server.war"' are as follows:

	java:global/opendolphin-server/PvtService!java.lang.Runnable
	java:app/opendolphin-server/PvtService!java.lang.Runnable
	java:module/PvtService!java.lang.Runnable
	java:global/opendolphin-server/PvtService
	java:app/opendolphin-server/PvtService
	java:module/PvtService

[0m[0m05:02:25,314 INFO  [org.jboss.as.ejb3.deployment] (MSC service thread 1-3) WFLYEJB0473: JNDI bindings for session bean named 'IPhoneServiceBean' in deployment unit 'deployment "opendolphin-server.war"' are as follows:

	java:global/opendolphin-server/IPhoneServiceBean!open.dolphin.touch.session.IPhoneServiceBean
	java:app/opendolphin-server/IPhoneServiceBean!open.dolphin.touch.session.IPhoneServiceBean
	java:module/IPhoneServiceBean!open.dolphin.touch.session.IPhoneServiceBean
	java:global/opendolphin-server/IPhoneServiceBean
	java:app/opendolphin-server/IPhoneServiceBean
	java:module/IPhoneServiceBean

[0m[0m05:02:25,314 INFO  [org.jboss.as.ejb3.deployment] (MSC service thread 1-3) WFLYEJB0473: JNDI bindings for session bean named 'OrcaResource' in deployment unit 'deployment "opendolphin-server.war"' are as follows:

	java:global/opendolphin-server/OrcaResource!open.orca.rest.OrcaResource
	java:app/opendolphin-server/OrcaResource!open.orca.rest.OrcaResource
	java:module/OrcaResource!open.orca.rest.OrcaResource
	java:global/opendolphin-server/OrcaResource
	java:app/opendolphin-server/OrcaResource
	java:module/OrcaResource

[0m[0m05:02:25,314 INFO  [org.jboss.as.ejb3.deployment] (MSC service thread 1-3) WFLYEJB0473: JNDI bindings for session bean named 'KarteServiceBean' in deployment unit 'deployment "opendolphin-server.war"' are as follows:

	java:global/opendolphin-server/KarteServiceBean!open.dolphin.session.KarteServiceBean
	java:app/opendolphin-server/KarteServiceBean!open.dolphin.session.KarteServiceBean
	java:module/KarteServiceBean!open.dolphin.session.KarteServiceBean
	java:global/opendolphin-server/KarteServiceBean
	java:app/opendolphin-server/KarteServiceBean
	java:module/KarteServiceBean

[0m[0m05:02:25,315 INFO  [org.jboss.as.ejb3.deployment] (MSC service thread 1-3) WFLYEJB0473: JNDI bindings for session bean named 'IdentityService' in deployment unit 'deployment "opendolphin-server.war"' are as follows:

	java:global/opendolphin-server/IdentityService!open.dolphin.adm20.mbean.IdentityService
	java:app/opendolphin-server/IdentityService!open.dolphin.adm20.mbean.IdentityService
	java:module/IdentityService!open.dolphin.adm20.mbean.IdentityService
	java:global/opendolphin-server/IdentityService
	java:app/opendolphin-server/IdentityService
	java:module/IdentityService

[0m[0m05:02:25,315 INFO  [org.jboss.as.ejb3.deployment] (MSC service thread 1-3) WFLYEJB0473: JNDI bindings for session bean named 'StampServiceBean' in deployment unit 'deployment "opendolphin-server.war"' are as follows:

	java:global/opendolphin-server/StampServiceBean!open.dolphin.session.StampServiceBean
	java:app/opendolphin-server/StampServiceBean!open.dolphin.session.StampServiceBean
	java:module/StampServiceBean!open.dolphin.session.StampServiceBean
	java:global/opendolphin-server/StampServiceBean
	java:app/opendolphin-server/StampServiceBean
	java:module/StampServiceBean

[0m[0m05:02:25,315 INFO  [org.jboss.as.ejb3.deployment] (MSC service thread 1-3) WFLYEJB0473: JNDI bindings for session bean named 'ADM10_EHTServiceBean' in deployment unit 'deployment "opendolphin-server.war"' are as follows:

	java:global/opendolphin-server/ADM10_EHTServiceBean!open.dolphin.adm10.session.ADM10_EHTServiceBean
	java:app/opendolphin-server/ADM10_EHTServiceBean!open.dolphin.adm10.session.ADM10_EHTServiceBean
	java:module/ADM10_EHTServiceBean!open.dolphin.adm10.session.ADM10_EHTServiceBean
	java:global/opendolphin-server/ADM10_EHTServiceBean
	java:app/opendolphin-server/ADM10_EHTServiceBean
	java:module/ADM10_EHTServiceBean

[0m[0m05:02:25,315 INFO  [org.jboss.as.ejb3.deployment] (MSC service thread 1-3) WFLYEJB0473: JNDI bindings for session bean named 'MmlServiceBean' in deployment unit 'deployment "opendolphin-server.war"' are as follows:

	java:global/opendolphin-server/MmlServiceBean!open.dolphin.session.MmlServiceBean
	java:app/opendolphin-server/MmlServiceBean!open.dolphin.session.MmlServiceBean
	java:module/MmlServiceBean!open.dolphin.session.MmlServiceBean
	java:global/opendolphin-server/MmlServiceBean
	java:app/opendolphin-server/MmlServiceBean
	java:module/MmlServiceBean

[0m[0m05:02:25,315 INFO  [org.jboss.as.ejb3.deployment] (MSC service thread 1-3) WFLYEJB0473: JNDI bindings for session bean named 'PVTServiceBean' in deployment unit 'deployment "opendolphin-server.war"' are as follows:

	java:global/opendolphin-server/PVTServiceBean!open.dolphin.session.PVTServiceBean
	java:app/opendolphin-server/PVTServiceBean!open.dolphin.session.PVTServiceBean
	java:module/PVTServiceBean!open.dolphin.session.PVTServiceBean
	java:global/opendolphin-server/PVTServiceBean
	java:app/opendolphin-server/PVTServiceBean
	java:module/PVTServiceBean

[0m[0m05:02:25,315 INFO  [org.jboss.as.ejb3.deployment] (MSC service thread 1-3) WFLYEJB0473: JNDI bindings for session bean named 'ScheduleServiceBean' in deployment unit 'deployment "opendolphin-server.war"' are as follows:

	java:global/opendolphin-server/ScheduleServiceBean!open.dolphin.session.ScheduleServiceBean
	java:app/opendolphin-server/ScheduleServiceBean!open.dolphin.session.ScheduleServiceBean
	java:module/ScheduleServiceBean!open.dolphin.session.ScheduleServiceBean
	java:global/opendolphin-server/ScheduleServiceBean
	java:app/opendolphin-server/ScheduleServiceBean
	java:module/ScheduleServiceBean

[0m[0m05:02:25,316 INFO  [org.jboss.as.ejb3.deployment] (MSC service thread 1-3) WFLYEJB0473: JNDI bindings for session bean named 'AMD20_PHRServiceBean' in deployment unit 'deployment "opendolphin-server.war"' are as follows:

	java:global/opendolphin-server/AMD20_PHRServiceBean!open.dolphin.adm20.session.AMD20_PHRServiceBean
	java:app/opendolphin-server/AMD20_PHRServiceBean!open.dolphin.adm20.session.AMD20_PHRServiceBean
	java:module/AMD20_PHRServiceBean!open.dolphin.adm20.session.AMD20_PHRServiceBean
	java:global/opendolphin-server/AMD20_PHRServiceBean
	java:app/opendolphin-server/AMD20_PHRServiceBean
	java:module/AMD20_PHRServiceBean

[0m[0m05:02:25,316 INFO  [org.jboss.as.ejb3.deployment] (MSC service thread 1-3) WFLYEJB0473: JNDI bindings for session bean named 'ADM20_IPhoneServiceBean' in deployment unit 'deployment "opendolphin-server.war"' are as follows:

	java:global/opendolphin-server/ADM20_IPhoneServiceBean!open.dolphin.adm20.session.ADM20_IPhoneServiceBean
	java:app/opendolphin-server/ADM20_IPhoneServiceBean!open.dolphin.adm20.session.ADM20_IPhoneServiceBean
	java:module/ADM20_IPhoneServiceBean!open.dolphin.adm20.session.ADM20_IPhoneServiceBean
	java:global/opendolphin-server/ADM20_IPhoneServiceBean
	java:app/opendolphin-server/ADM20_IPhoneServiceBean
	java:module/ADM20_IPhoneServiceBean

[0m[0m05:02:25,316 INFO  [org.jboss.as.ejb3.deployment] (MSC service thread 1-3) WFLYEJB0473: JNDI bindings for session bean named 'AppoServiceBean' in deployment unit 'deployment "opendolphin-server.war"' are as follows:

	java:global/opendolphin-server/AppoServiceBean!open.dolphin.session.AppoServiceBean
	java:app/opendolphin-server/AppoServiceBean!open.dolphin.session.AppoServiceBean
	java:module/AppoServiceBean!open.dolphin.session.AppoServiceBean
	java:global/opendolphin-server/AppoServiceBean
	java:app/opendolphin-server/AppoServiceBean
	java:module/AppoServiceBean

[0m[0m05:02:25,316 INFO  [org.jboss.as.ejb3.deployment] (MSC service thread 1-3) WFLYEJB0473: JNDI bindings for session bean named 'ChartEventServiceBean' in deployment unit 'deployment "opendolphin-server.war"' are as follows:

	java:global/opendolphin-server/ChartEventServiceBean!open.dolphin.session.ChartEventServiceBean
	java:app/opendolphin-server/ChartEventServiceBean!open.dolphin.session.ChartEventServiceBean
	java:module/ChartEventServiceBean!open.dolphin.session.ChartEventServiceBean
	java:global/opendolphin-server/ChartEventServiceBean
	java:app/opendolphin-server/ChartEventServiceBean
	java:module/ChartEventServiceBean

[0m[0m05:02:25,316 INFO  [org.jboss.as.ejb3.deployment] (MSC service thread 1-3) WFLYEJB0473: JNDI bindings for session bean named 'ADM10_IPhoneServiceBean' in deployment unit 'deployment "opendolphin-server.war"' are as follows:

	java:global/opendolphin-server/ADM10_IPhoneServiceBean!open.dolphin.adm10.session.ADM10_IPhoneServiceBean
	java:app/opendolphin-server/ADM10_IPhoneServiceBean!open.dolphin.adm10.session.ADM10_IPhoneServiceBean
	java:module/ADM10_IPhoneServiceBean!open.dolphin.adm10.session.ADM10_IPhoneServiceBean
	java:global/opendolphin-server/ADM10_IPhoneServiceBean
	java:app/opendolphin-server/ADM10_IPhoneServiceBean
	java:module/ADM10_IPhoneServiceBean

[0m[0m05:02:25,316 INFO  [org.jboss.as.ejb3.deployment] (MSC service thread 1-3) WFLYEJB0473: JNDI bindings for session bean named 'ServletStartup' in deployment unit 'deployment "opendolphin-server.war"' are as follows:

	java:global/opendolphin-server/ServletStartup!open.dolphin.mbean.ServletStartup
	java:app/opendolphin-server/ServletStartup!open.dolphin.mbean.ServletStartup
	java:module/ServletStartup!open.dolphin.mbean.ServletStartup
	java:global/opendolphin-server/ServletStartup
	java:app/opendolphin-server/ServletStartup
	java:module/ServletStartup

[0m[0m05:02:25,316 INFO  [org.jboss.as.ejb3.deployment] (MSC service thread 1-3) WFLYEJB0473: JNDI bindings for session bean named 'UserServiceBean' in deployment unit 'deployment "opendolphin-server.war"' are as follows:

	java:global/opendolphin-server/UserServiceBean!open.dolphin.session.UserServiceBean
	java:app/opendolphin-server/UserServiceBean!open.dolphin.session.UserServiceBean
	java:module/UserServiceBean!open.dolphin.session.UserServiceBean
	java:global/opendolphin-server/UserServiceBean
	java:app/opendolphin-server/UserServiceBean
	java:module/UserServiceBean

[0m[0m05:02:25,316 INFO  [org.jboss.as.ejb3.deployment] (MSC service thread 1-3) WFLYEJB0473: JNDI bindings for session bean named 'PatientServiceBean' in deployment unit 'deployment "opendolphin-server.war"' are as follows:

	java:global/opendolphin-server/PatientServiceBean!open.dolphin.session.PatientServiceBean
	java:app/opendolphin-server/PatientServiceBean!open.dolphin.session.PatientServiceBean
	java:module/PatientServiceBean!open.dolphin.session.PatientServiceBean
	java:global/opendolphin-server/PatientServiceBean
	java:app/opendolphin-server/PatientServiceBean
	java:module/PatientServiceBean

[0m[0m05:02:25,317 INFO  [org.jboss.as.ejb3.deployment] (MSC service thread 1-3) WFLYEJB0473: JNDI bindings for session bean named 'ADM20_AdmissionServiceBean' in deployment unit 'deployment "opendolphin-server.war"' are as follows:

	java:global/opendolphin-server/ADM20_AdmissionServiceBean!open.dolphin.adm20.session.ADM20_AdmissionServiceBean
	java:app/opendolphin-server/ADM20_AdmissionServiceBean!open.dolphin.adm20.session.ADM20_AdmissionServiceBean
	java:module/ADM20_AdmissionServiceBean!open.dolphin.adm20.session.ADM20_AdmissionServiceBean
	java:global/opendolphin-server/ADM20_AdmissionServiceBean
	java:app/opendolphin-server/ADM20_AdmissionServiceBean
	java:module/ADM20_AdmissionServiceBean

[0m[0m05:02:25,317 INFO  [org.jboss.as.ejb3.deployment] (MSC service thread 1-3) WFLYEJB0473: JNDI bindings for session bean named 'EHTServiceBean' in deployment unit 'deployment "opendolphin-server.war"' are as follows:

	java:global/opendolphin-server/EHTServiceBean!open.dolphin.touch.session.EHTServiceBean
	java:app/opendolphin-server/EHTServiceBean!open.dolphin.touch.session.EHTServiceBean
	java:module/EHTServiceBean!open.dolphin.touch.session.EHTServiceBean
	java:global/opendolphin-server/EHTServiceBean
	java:app/opendolphin-server/EHTServiceBean
	java:module/EHTServiceBean

[0m[0m05:02:25,317 INFO  [org.jboss.as.ejb3.deployment] (MSC service thread 1-3) WFLYEJB0473: JNDI bindings for session bean named 'SystemServiceBean' in deployment unit 'deployment "opendolphin-server.war"' are as follows:

	java:global/opendolphin-server/SystemServiceBean!open.dolphin.session.SystemServiceBean
	java:app/opendolphin-server/SystemServiceBean!open.dolphin.session.SystemServiceBean
	java:module/SystemServiceBean!open.dolphin.session.SystemServiceBean
	java:global/opendolphin-server/SystemServiceBean
	java:app/opendolphin-server/SystemServiceBean
	java:module/SystemServiceBean

[0m[0m05:02:25,317 INFO  [org.jboss.as.ejb3.deployment] (MSC service thread 1-3) WFLYEJB0473: JNDI bindings for session bean named 'NLabServiceBean' in deployment unit 'deployment "opendolphin-server.war"' are as follows:

	java:global/opendolphin-server/NLabServiceBean!open.dolphin.session.NLabServiceBean
	java:app/opendolphin-server/NLabServiceBean!open.dolphin.session.NLabServiceBean
	java:module/NLabServiceBean!open.dolphin.session.NLabServiceBean
	java:global/opendolphin-server/NLabServiceBean
	java:app/opendolphin-server/NLabServiceBean
	java:module/NLabServiceBean

[0m[0m05:02:25,318 INFO  [org.jboss.as.ejb3.deployment] (MSC service thread 1-3) WFLYEJB0473: JNDI bindings for session bean named 'InitialAccountMaker' in deployment unit 'deployment "opendolphin-server.war"' are as follows:

	java:global/opendolphin-server/InitialAccountMaker!open.dolphin.mbean.InitialAccountMaker
	java:app/opendolphin-server/InitialAccountMaker!open.dolphin.mbean.InitialAccountMaker
	java:module/InitialAccountMaker!open.dolphin.mbean.InitialAccountMaker
	java:global/opendolphin-server/InitialAccountMaker
	java:app/opendolphin-server/InitialAccountMaker
	java:module/InitialAccountMaker

[0m[0m05:02:25,319 INFO  [org.jboss.as.ejb3.deployment] (MSC service thread 1-3) WFLYEJB0473: JNDI bindings for session bean named 'LetterServiceBean' in deployment unit 'deployment "opendolphin-server.war"' are as follows:

	java:global/opendolphin-server/LetterServiceBean!open.dolphin.session.LetterServiceBean
	java:app/opendolphin-server/LetterServiceBean!open.dolphin.session.LetterServiceBean
	java:module/LetterServiceBean!open.dolphin.session.LetterServiceBean
	java:global/opendolphin-server/LetterServiceBean
	java:app/opendolphin-server/LetterServiceBean
	java:module/LetterServiceBean

[0m[0m05:02:25,320 INFO  [org.jboss.as.ejb3.deployment] (MSC service thread 1-3) WFLYEJB0473: JNDI bindings for session bean named 'VitalServiceBean' in deployment unit 'deployment "opendolphin-server.war"' are as follows:

	java:global/opendolphin-server/VitalServiceBean!open.dolphin.session.VitalServiceBean
	java:app/opendolphin-server/VitalServiceBean!open.dolphin.session.VitalServiceBean
	java:module/VitalServiceBean!open.dolphin.session.VitalServiceBean
	java:global/opendolphin-server/VitalServiceBean
	java:app/opendolphin-server/VitalServiceBean
	java:module/VitalServiceBean

[0m[0m05:02:25,991 INFO  [org.infinispan.configuration.cache.EvictionConfigurationBuilder] (ServerService Thread Pool -- 66) ISPN000152: Passivation configured without an eviction policy being selected. Only manually evicted entities will be passivated.
[0m[0m05:02:26,005 INFO  [org.infinispan.configuration.cache.EvictionConfigurationBuilder] (ServerService Thread Pool -- 66) ISPN000152: Passivation configured without an eviction policy being selected. Only manually evicted entities will be passivated.
[0m[0m05:02:26,116 INFO  [org.jboss.as.connector.deployers.jdbc] (MSC service thread 1-1) WFLYJCA0005: Deploying non-JDBC-compliant driver class org.postgresql.Driver (version 9.2)
[0m[0m05:02:26,147 INFO  [org.jboss.weld.Version] (MSC service thread 1-1) WELD-000900: 2.3.5 (Final)
[0m[0m05:02:26,227 INFO  [org.jboss.as.connector.deployers.jdbc] (MSC service thread 1-6) WFLYJCA0018: Started Driver service with driver-name = opendolphin-server.war_org.postgresql.Driver_9_2
[0m[0m05:02:26,428 INFO  [org.jboss.as.clustering.infinispan] (ServerService Thread Pool -- 66) WFLYCLINF0002: Started client-mappings cache from ejb container
[0m[0m05:02:26,452 INFO  [org.jboss.as.jpa] (ServerService Thread Pool -- 66) WFLYJPA0010: Starting Persistence Unit (phase 2 of 2) Service 'opendolphin-server.war#opendolphinPU'
[0m[33m05:02:26,676 WARN  [org.jboss.jca.core.connectionmanager.pool.strategy.OnePool] (ServerService Thread Pool -- 66) IJ000407: No lazy enlistment available for PostgresDS
[0m[0m05:02:26,691 INFO  [org.hibernate.dialect.Dialect] (ServerService Thread Pool -- 66) HHH000400: Using dialect: org.hibernate.dialect.PostgreSQL81Dialect
[0m[0m05:02:26,798 INFO  [org.hibernate.engine.jdbc.env.internal.LobCreatorBuilderImpl] (ServerService Thread Pool -- 66) HHH000424: Disabling contextual LOB creation as createClob() method threw error : java.lang.reflect.InvocationTargetException
[0m[0m05:02:26,814 INFO  [org.hibernate.envers.boot.internal.EnversServiceImpl] (ServerService Thread Pool -- 66) Envers integration enabled? : true
[0m[0m05:02:28,611 INFO  [org.hibernate.tool.hbm2ddl.SchemaUpdate] (ServerService Thread Pool -- 66) HHH000228: Running hbm2ddl schema update
[0m[0m05:02:34,281 INFO  [open.dolphin] (ServerService Thread Pool -- 67) ChartEventServiceBean: start did call
[0m[0m05:02:34,289 INFO  [open.dolphin] (ServerService Thread Pool -- 67) ServerUUID=59d1728e-0dd7-4b56-8644-2fff23777dac
[0m[0m05:02:34,319 INFO  [open.dolphin] (ServerService Thread Pool -- 64) pvt_idx3 exists
[0m[0m05:02:34,322 INFO  [open.dolphin] (ServerService Thread Pool -- 64) d_karte_idx exists
[0m[0m05:02:34,323 INFO  [open.dolphin] (ServerService Thread Pool -- 64) d_document_idx exists
[0m[0m05:02:34,325 INFO  [open.dolphin] (ServerService Thread Pool -- 64) d_diagnosis_idx exists
[0m[0m05:02:34,327 INFO  [open.dolphin] (ServerService Thread Pool -- 64) d_patient_memo_idx exists
[0m[0m05:02:34,331 INFO  [open.dolphin] (ServerService Thread Pool -- 64) d_letter_module_idx exists
[0m[0m05:02:34,334 INFO  [open.dolphin] (ServerService Thread Pool -- 64) d_observation_idx exists
[0m[0m05:02:34,338 INFO  [open.dolphin] (ServerService Thread Pool -- 64) d_module_idx exists
[0m[0m05:02:34,341 INFO  [open.dolphin] (ServerService Thread Pool -- 64) d_image_idx exists
[0m[0m05:02:34,342 INFO  [open.dolphin] (ServerService Thread Pool -- 64) d_attachment_idx exists
[0m[0m05:02:34,342 INFO  [open.dolphin] (ServerService Thread Pool -- 64) d_nlabo_module_idx exists
[0m[0m05:02:34,342 INFO  [open.dolphin] (ServerService Thread Pool -- 64) d_nlabo_item_idx exists
[0m[0m05:02:34,343 INFO  [open.dolphin] (ServerService Thread Pool -- 64) fid_pid_idx exists
[0m[0m05:02:34,343 INFO  [open.dolphin] (ServerService Thread Pool -- 64) pvt_idx1 exists
[0m[0m05:02:34,343 INFO  [open.dolphin] (ServerService Thread Pool -- 64) pub_tree_idx1 exists
[0m[0m05:02:34,343 INFO  [open.dolphin] (ServerService Thread Pool -- 64) patient_idx1 dose not exists
[0m[0m05:02:34,365 INFO  [org.hibernate.hql.internal.QueryTranslatorFactoryInitiator] (ServerService Thread Pool -- 67) HHH000397: Using ASTQueryTranslatorFactory
[0m[0m05:02:34,445 INFO  [stdout] (ServerService Thread Pool -- 67) Hibernate: select patientvis0_.id as id1_37_, patientvis0_.department as departme2_37_, patientvis0_.deptCode as deptCode3_37_, patientvis0_.deptName as deptName4_37_, patientvis0_.doctorId as doctorId5_37_, patientvis0_.doctorName as doctorNa6_37_, patientvis0_.facilityId as facility7_37_, patientvis0_.firstInsurance as firstIns8_37_, patientvis0_.insuranceUid as insuranc9_37_, patientvis0_.jmariNumber as jmariNu10_37_, patientvis0_.memo as memo11_37_, patientvis0_.patient_id as patient14_37_, patientvis0_.pvtDate as pvtDate12_37_, patientvis0_.status as status13_37_ from d_patient_visit patientvis0_ where patientvis0_.pvtDate>=? and patientvis0_.pvtDate<? order by patientvis0_.id
[0m[0m05:02:34,456 INFO  [open.dolphin] (ServerService Thread Pool -- 67) ChartEventService: initializePvtList did done
[0m[0m05:02:35,539 INFO  [javax.enterprise.resource.webcontainer.jsf.config] (ServerService Thread Pool -- 67) Initializing Mojarra 2.2.13.SP1 20160303-1204 for context '/openDolphin'
[0m[0m05:02:36,556 INFO  [org.wildfly.extension.undertow] (ServerService Thread Pool -- 67) WFLYUT0021: Registered web context: /openDolphin
[0m[0m05:02:36,648 INFO  [org.jboss.as.server] (ServerService Thread Pool -- 37) WFLYSRV0010: Deployed "opendolphin-server.war" (runtime-name : "opendolphin-server.war")
[0m[31m05:02:37,497 ERROR [org.jboss.as.controller] (Controller Boot Thread) WFLYCTL0056: Could not rename /opt/jboss/wildfly/standalone/configuration/standalone_xml_history/current to /opt/jboss/wildfly/standalone/configuration/standalone_xml_history/20251109-050237476: java.nio.file.DirectoryNotEmptyException: /opt/jboss/wildfly/standalone/configuration/standalone_xml_history/current
	at sun.nio.fs.UnixCopyFile.move(UnixCopyFile.java:498)
	at sun.nio.fs.UnixFileSystemProvider.move(UnixFileSystemProvider.java:262)
	at java.nio.file.Files.move(Files.java:1395)
	at org.jboss.as.controller.persistence.ConfigurationFile.forcedMove(ConfigurationFile.java:738)
	at org.jboss.as.controller.persistence.ConfigurationFile.createHistoryDirectory(ConfigurationFile.java:627)
	at org.jboss.as.controller.persistence.ConfigurationFile.successfulBoot(ConfigurationFile.java:471)
	at org.jboss.as.controller.persistence.BackupXmlConfigurationPersister.successfulBoot(BackupXmlConfigurationPersister.java:94)
	at org.jboss.as.controller.AbstractControllerService.finishBoot(AbstractControllerService.java:452)
	at org.jboss.as.server.ServerService.boot(ServerService.java:368)
	at org.jboss.as.controller.AbstractControllerService$1.run(AbstractControllerService.java:299)
	at java.lang.Thread.run(Thread.java:748)

[0m[33m05:02:37,508 WARN  [org.jboss.as.controller] (Controller Boot Thread) WFLYCTL0414: Could not create a timestamped backup of current history dir /opt/jboss/wildfly/standalone/configuration/standalone_xml_history/current, so it may still include versions from the previous boot.
[0m[0m05:02:37,517 INFO  [org.jboss.as] (Controller Boot Thread) WFLYSRV0060: Http management interface listening on http://0.0.0.0:9990/management
[0m[0m05:02:37,518 INFO  [org.jboss.as] (Controller Boot Thread) WFLYSRV0051: Admin console listening on http://0.0.0.0:9990
[0m[0m05:02:37,518 INFO  [org.jboss.as] (Controller Boot Thread) WFLYSRV0025: WildFly Full 10.1.0.Final (WildFly Core 2.2.0.Final) started in 28889ms - Started 964 of 1199 services (424 services are lazy, passive or on-demand)
[0m[0m05:02:38,227 INFO  [open.dolphin] (default task-1) 127.0.0.1 dolphin GET /dolphin
[0m[0m05:02:38,230 INFO  [open.dolphin] (default task-1) 127.0.0.1 dolphin GET /dolphin
[0m[0m05:03:08,605 INFO  [open.dolphin] (default task-2) 127.0.0.1 dolphin GET /dolphin
[0m[0m05:03:08,610 INFO  [open.dolphin] (default task-2) 127.0.0.1 dolphin GET /dolphin
[0m[0m05:03:21,084 INFO  [stdout] (default task-3) Hibernate: select usermodel0_.id as id1_46_, usermodel0_.commonName as commonNa2_46_, usermodel0_.department as departme3_46_, usermodel0_.departmentCodeSys as departme4_46_, usermodel0_.departmentDesc as departme5_46_, usermodel0_.email as email6_46_, usermodel0_.facility_id as facilit22_46_, usermodel0_.factor2Auth as factor7_46_, usermodel0_.givenName as givenNam8_46_, usermodel0_.license as license9_46_, usermodel0_.licenseCodeSys as license10_46_, usermodel0_.licenseDesc as license11_46_, usermodel0_.mainMobile as mainMob12_46_, usermodel0_.memberType as memberT13_46_, usermodel0_.memo as memo14_46_, usermodel0_.orcaId as orcaId15_46_, usermodel0_.password as passwor16_46_, usermodel0_.registeredDate as registe17_46_, usermodel0_.sirName as sirName18_46_, usermodel0_.subMobile as subMobi19_46_, usermodel0_.useDrugId as useDrug20_46_, usermodel0_.userId as userId21_46_ from d_users usermodel0_ where usermodel0_.userId=?
[0m[0m05:03:21,132 INFO  [stdout] (default task-3) Hibernate: select facilitymo0_.id as id1_9_0_, facilitymo0_.address as address2_9_0_, facilitymo0_.facilityId as facility3_9_0_, facilitymo0_.facilityName as facility4_9_0_, facilitymo0_.facsimile as facsimil5_9_0_, facilitymo0_.memberType as memberTy6_9_0_, facilitymo0_.registeredDate as register7_9_0_, facilitymo0_.s3AccessKey as s8_9_0_, facilitymo0_.s3SecretKey as s9_9_0_, facilitymo0_.s3URL as s10_9_0_, facilitymo0_.telephone as telepho11_9_0_, facilitymo0_.url as url12_9_0_, facilitymo0_.zipCode as zipCode13_9_0_ from d_facility facilitymo0_ where facilitymo0_.id=?
[0m[0m05:03:21,159 INFO  [stdout] (default task-3) Hibernate: select roles0_.c_user as c_user4_41_0_, roles0_.id as id1_41_0_, roles0_.id as id1_41_1_, roles0_.c_role as c_role2_41_1_, roles0_.c_user as c_user4_41_1_, roles0_.user_id as user_id3_41_1_ from d_roles roles0_ where roles0_.c_user=?
[0m[0m05:03:21,173 INFO  [open.dolphin] (default task-3) 192.168.65.1 doctor1 PUT /20/adm/eht/sendClaim
[0m[0m05:03:21,173 INFO  [open.dolphin] (default task-3) 192.168.65.1 doctor1 PUT /20/adm/eht/sendClaim
[0m[0m05:03:35,134 INFO  [open.dolphin] (default task-4) 192.168.65.1 doctor1 POST /karte/diagnosis/claim
[0m[0m05:03:35,145 INFO  [open.dolphin] (default task-4) 192.168.65.1 doctor1 POST /karte/diagnosis/claim
[0m[0m05:03:35,483 INFO  [stdout] (default task-4) Hibernate: select nextval ('hibernate_sequence')
[0m[0m05:03:35,506 INFO  [open.dolphin] (default task-4) DiagnosisSendWrapper message has received. Sending ORCA will start(Not Que).
[0m[31m05:03:35,511 ERROR [org.jboss.as.ejb3.invocation] (default task-4) WFLYEJB0034: EJB Invocation failed on component KarteServiceBean for method public java.util.List open.dolphin.session.KarteServiceBean.postPutSendDiagnosis(open.dolphin.infomodel.DiagnosisSendWrapper): javax.ejb.EJBException: java.lang.NullPointerException
	at org.jboss.as.ejb3.tx.CMTTxInterceptor.handleExceptionInOurTx(CMTTxInterceptor.java:187)
	at org.jboss.as.ejb3.tx.CMTTxInterceptor.invokeInOurTx(CMTTxInterceptor.java:277)
	at org.jboss.as.ejb3.tx.CMTTxInterceptor.required(CMTTxInterceptor.java:327)
	at org.jboss.as.ejb3.tx.CMTTxInterceptor.processInvocation(CMTTxInterceptor.java:239)
	at org.jboss.invocation.InterceptorContext.proceed(InterceptorContext.java:340)
	at org.jboss.as.ejb3.component.interceptors.CurrentInvocationContextInterceptor.processInvocation(CurrentInvocationContextInterceptor.java:41)
	at org.jboss.invocation.InterceptorContext.proceed(InterceptorContext.java:340)
	at org.jboss.as.ejb3.component.invocationmetrics.WaitTimeInterceptor.processInvocation(WaitTimeInterceptor.java:47)
	at org.jboss.invocation.InterceptorContext.proceed(InterceptorContext.java:340)
	at org.jboss.as.ejb3.security.SecurityContextInterceptor.processInvocation(SecurityContextInterceptor.java:100)
	at org.jboss.invocation.InterceptorContext.proceed(InterceptorContext.java:340)
	at org.jboss.as.ejb3.deployment.processors.StartupAwaitInterceptor.processInvocation(StartupAwaitInterceptor.java:22)
	at org.jboss.invocation.InterceptorContext.proceed(InterceptorContext.java:340)
	at org.jboss.as.ejb3.component.interceptors.ShutDownInterceptorFactory$1.processInvocation(ShutDownInterceptorFactory.java:64)
	at org.jboss.invocation.InterceptorContext.proceed(InterceptorContext.java:340)
	at org.jboss.as.ejb3.component.interceptors.LoggingInterceptor.processInvocation(LoggingInterceptor.java:67)
	at org.jboss.invocation.InterceptorContext.proceed(InterceptorContext.java:340)
	at org.jboss.as.ee.component.NamespaceContextInterceptor.processInvocation(NamespaceContextInterceptor.java:50)
	at org.jboss.invocation.InterceptorContext.proceed(InterceptorContext.java:340)
	at org.jboss.as.ejb3.component.interceptors.AdditionalSetupInterceptor.processInvocation(AdditionalSetupInterceptor.java:54)
	at org.jboss.invocation.InterceptorContext.proceed(InterceptorContext.java:340)
	at org.jboss.invocation.ContextClassLoaderInterceptor.processInvocation(ContextClassLoaderInterceptor.java:64)
	at org.jboss.invocation.InterceptorContext.proceed(InterceptorContext.java:340)
	at org.jboss.invocation.InterceptorContext.run(InterceptorContext.java:356)
	at org.wildfly.security.manager.WildFlySecurityManager.doChecked(WildFlySecurityManager.java:636)
	at org.jboss.invocation.AccessCheckingInterceptor.processInvocation(AccessCheckingInterceptor.java:61)
	at org.jboss.invocation.InterceptorContext.proceed(InterceptorContext.java:340)
	at org.jboss.invocation.InterceptorContext.run(InterceptorContext.java:356)
	at org.jboss.invocation.PrivilegedWithCombinerInterceptor.processInvocation(PrivilegedWithCombinerInterceptor.java:80)
	at org.jboss.invocation.InterceptorContext.proceed(InterceptorContext.java:340)
	at org.jboss.invocation.ChainedInterceptor.processInvocation(ChainedInterceptor.java:61)
	at org.jboss.as.ee.component.ViewService$View.invoke(ViewService.java:198)
	at org.jboss.as.ee.component.ViewDescription$1.processInvocation(ViewDescription.java:185)
	at org.jboss.invocation.InterceptorContext.proceed(InterceptorContext.java:340)
	at org.jboss.invocation.ChainedInterceptor.processInvocation(ChainedInterceptor.java:61)
	at org.jboss.as.ee.component.ProxyInvocationHandler.invoke(ProxyInvocationHandler.java:73)
	at open.dolphin.session.KarteServiceBean$$$view5.postPutSendDiagnosis(Unknown Source)
	at sun.reflect.NativeMethodAccessorImpl.invoke0(Native Method)
	at sun.reflect.NativeMethodAccessorImpl.invoke(NativeMethodAccessorImpl.java:62)
	at sun.reflect.DelegatingMethodAccessorImpl.invoke(DelegatingMethodAccessorImpl.java:43)
	at java.lang.reflect.Method.invoke(Method.java:498)
	at org.jboss.weld.util.reflection.Reflections.invokeAndUnwrap(Reflections.java:433)
	at org.jboss.weld.bean.proxy.EnterpriseBeanProxyMethodHandler.invoke(EnterpriseBeanProxyMethodHandler.java:128)
	at org.jboss.weld.bean.proxy.EnterpriseTargetBeanInstance.invoke(EnterpriseTargetBeanInstance.java:56)
	at org.jboss.weld.bean.proxy.InjectionPointPropagatingEnterpriseTargetBeanInstance.invoke(InjectionPointPropagatingEnterpriseTargetBeanInstance.java:67)
	at org.jboss.weld.bean.proxy.ProxyMethodHandler.invoke(ProxyMethodHandler.java:100)
	at open.dolphin.session.KarteServiceBean$Proxy$_$$_Weld$EnterpriseProxy$.postPutSendDiagnosis(Unknown Source)
	at open.dolphin.rest.KarteResource.postPutSendDiagnosis(KarteResource.java:380)
	at open.dolphin.rest.KarteResource$Proxy$_$$_WeldClientProxy.postPutSendDiagnosis(Unknown Source)
	at sun.reflect.NativeMethodAccessorImpl.invoke0(Native Method)
	at sun.reflect.NativeMethodAccessorImpl.invoke(NativeMethodAccessorImpl.java:62)
	at sun.reflect.DelegatingMethodAccessorImpl.invoke(DelegatingMethodAccessorImpl.java:43)
	at java.lang.reflect.Method.invoke(Method.java:498)
	at org.jboss.resteasy.core.MethodInjectorImpl.invoke(MethodInjectorImpl.java:139)
	at org.jboss.resteasy.core.ResourceMethodInvoker.invokeOnTarget(ResourceMethodInvoker.java:295)
	at org.jboss.resteasy.core.ResourceMethodInvoker.invoke(ResourceMethodInvoker.java:249)
	at org.jboss.resteasy.core.ResourceMethodInvoker.invoke(ResourceMethodInvoker.java:236)
	at org.jboss.resteasy.core.SynchronousDispatcher.invoke(SynchronousDispatcher.java:402)
	at org.jboss.resteasy.core.SynchronousDispatcher.invoke(SynchronousDispatcher.java:209)
	at org.jboss.resteasy.plugins.server.servlet.ServletContainerDispatcher.service(ServletContainerDispatcher.java:221)
	at org.jboss.resteasy.plugins.server.servlet.HttpServletDispatcher.service(HttpServletDispatcher.java:56)
	at org.jboss.resteasy.plugins.server.servlet.HttpServletDispatcher.service(HttpServletDispatcher.java:51)
	at javax.servlet.http.HttpServlet.service(HttpServlet.java:790)
	at io.undertow.servlet.handlers.ServletHandler.handleRequest(ServletHandler.java:85)
	at io.undertow.servlet.handlers.FilterHandler$FilterChainImpl.doFilter(FilterHandler.java:129)
	at open.dolphin.rest.LogFilter.doFilter(LogFilter.java:98)
	at io.undertow.servlet.core.ManagedFilter.doFilter(ManagedFilter.java:61)
	at io.undertow.servlet.handlers.FilterHandler$FilterChainImpl.doFilter(FilterHandler.java:131)
	at open.dolphin.rest.LogFilter.doFilter(LogFilter.java:98)
	at io.undertow.servlet.core.ManagedFilter.doFilter(ManagedFilter.java:61)
	at io.undertow.servlet.handlers.FilterHandler$FilterChainImpl.doFilter(FilterHandler.java:131)
	at io.undertow.servlet.handlers.FilterHandler.handleRequest(FilterHandler.java:84)
	at io.undertow.servlet.handlers.security.ServletSecurityRoleHandler.handleRequest(ServletSecurityRoleHandler.java:62)
	at io.undertow.servlet.handlers.ServletDispatchingHandler.handleRequest(ServletDispatchingHandler.java:36)
	at org.wildfly.extension.undertow.security.SecurityContextAssociationHandler.handleRequest(SecurityContextAssociationHandler.java:78)
	at io.undertow.server.handlers.PredicateHandler.handleRequest(PredicateHandler.java:43)
	at io.undertow.servlet.handlers.security.SSLInformationAssociationHandler.handleRequest(SSLInformationAssociationHandler.java:131)
	at io.undertow.servlet.handlers.security.ServletAuthenticationCallHandler.handleRequest(ServletAuthenticationCallHandler.java:57)
	at io.undertow.server.handlers.PredicateHandler.handleRequest(PredicateHandler.java:43)
	at io.undertow.security.handlers.AbstractConfidentialityHandler.handleRequest(AbstractConfidentialityHandler.java:46)
	at io.undertow.servlet.handlers.security.ServletConfidentialityConstraintHandler.handleRequest(ServletConfidentialityConstraintHandler.java:64)
	at io.undertow.security.handlers.AuthenticationMechanismsHandler.handleRequest(AuthenticationMechanismsHandler.java:60)
	at io.undertow.servlet.handlers.security.CachedAuthenticatedSessionHandler.handleRequest(CachedAuthenticatedSessionHandler.java:77)
	at io.undertow.security.handlers.NotificationReceiverHandler.handleRequest(NotificationReceiverHandler.java:50)
	at io.undertow.security.handlers.AbstractSecurityContextAssociationHandler.handleRequest(AbstractSecurityContextAssociationHandler.java:43)
	at io.undertow.server.handlers.PredicateHandler.handleRequest(PredicateHandler.java:43)
	at org.wildfly.extension.undertow.security.jacc.JACCContextIdHandler.handleRequest(JACCContextIdHandler.java:61)
	at io.undertow.server.handlers.PredicateHandler.handleRequest(PredicateHandler.java:43)
	at io.undertow.server.handlers.PredicateHandler.handleRequest(PredicateHandler.java:43)
	at io.undertow.servlet.handlers.ServletInitialHandler.handleFirstRequest(ServletInitialHandler.java:292)
	at io.undertow.servlet.handlers.ServletInitialHandler.access$100(ServletInitialHandler.java:81)
	at io.undertow.servlet.handlers.ServletInitialHandler$2.call(ServletInitialHandler.java:138)
	at io.undertow.servlet.handlers.ServletInitialHandler$2.call(ServletInitialHandler.java:135)
	at io.undertow.servlet.core.ServletRequestContextThreadSetupAction$1.call(ServletRequestContextThreadSetupAction.java:48)
	at io.undertow.servlet.core.ContextClassLoaderSetupAction$1.call(ContextClassLoaderSetupAction.java:43)
	at io.undertow.servlet.api.LegacyThreadSetupActionWrapper$1.call(LegacyThreadSetupActionWrapper.java:44)
	at io.undertow.servlet.api.LegacyThreadSetupActionWrapper$1.call(LegacyThreadSetupActionWrapper.java:44)
	at io.undertow.servlet.api.LegacyThreadSetupActionWrapper$1.call(LegacyThreadSetupActionWrapper.java:44)
	at io.undertow.servlet.api.LegacyThreadSetupActionWrapper$1.call(LegacyThreadSetupActionWrapper.java:44)
	at io.undertow.servlet.api.LegacyThreadSetupActionWrapper$1.call(LegacyThreadSetupActionWrapper.java:44)
	at io.undertow.servlet.api.LegacyThreadSetupActionWrapper$1.call(LegacyThreadSetupActionWrapper.java:44)
	at io.undertow.servlet.handlers.ServletInitialHandler.dispatchRequest(ServletInitialHandler.java:272)
	at io.undertow.servlet.handlers.ServletInitialHandler.access$000(ServletInitialHandler.java:81)
	at io.undertow.servlet.handlers.ServletInitialHandler$1.handleRequest(ServletInitialHandler.java:104)
	at io.undertow.server.Connectors.executeRootHandler(Connectors.java:202)
	at io.undertow.server.HttpServerExchange$1.run(HttpServerExchange.java:805)
	at java.util.concurrent.ThreadPoolExecutor.runWorker(ThreadPoolExecutor.java:1149)
	at java.util.concurrent.ThreadPoolExecutor$Worker.run(ThreadPoolExecutor.java:624)
	at java.lang.Thread.run(Thread.java:748)
Caused by: java.lang.NullPointerException
	at open.dolphin.msg.DiagnosisSender.<init>(DiagnosisSender.java:58)
	at open.dolphin.session.KarteServiceBean.postPutSendDiagnosis(KarteServiceBean.java:1002)
	at sun.reflect.NativeMethodAccessorImpl.invoke0(Native Method)
	at sun.reflect.NativeMethodAccessorImpl.invoke(NativeMethodAccessorImpl.java:62)
	at sun.reflect.DelegatingMethodAccessorImpl.invoke(DelegatingMethodAccessorImpl.java:43)
	at java.lang.reflect.Method.invoke(Method.java:498)
	at org.jboss.as.ee.component.ManagedReferenceMethodInterceptor.processInvocation(ManagedReferenceMethodInterceptor.java:52)
	at org.jboss.invocation.InterceptorContext.proceed(InterceptorContext.java:340)
	at org.jboss.invocation.InterceptorContext$Invocation.proceed(InterceptorContext.java:437)
	at org.jboss.as.weld.ejb.Jsr299BindingsInterceptor.doMethodInterception(Jsr299BindingsInterceptor.java:82)
	at org.jboss.as.weld.ejb.Jsr299BindingsInterceptor.processInvocation(Jsr299BindingsInterceptor.java:93)
	at org.jboss.as.ee.component.interceptors.UserInterceptorFactory$1.processInvocation(UserInterceptorFactory.java:63)
	at org.jboss.invocation.InterceptorContext.proceed(InterceptorContext.java:340)
	at org.jboss.as.ejb3.component.invocationmetrics.ExecutionTimeInterceptor.processInvocation(ExecutionTimeInterceptor.java:43)
	at org.jboss.invocation.InterceptorContext.proceed(InterceptorContext.java:340)
	at org.jboss.as.jpa.interceptor.SBInvocationInterceptor.processInvocation(SBInvocationInterceptor.java:47)
	at org.jboss.invocation.InterceptorContext.proceed(InterceptorContext.java:340)
	at org.jboss.invocation.InterceptorContext$Invocation.proceed(InterceptorContext.java:437)
	at org.jboss.weld.ejb.AbstractEJBRequestScopeActivationInterceptor.aroundInvoke(AbstractEJBRequestScopeActivationInterceptor.java:64)
	at org.jboss.as.weld.ejb.EjbRequestScopeActivationInterceptor.processInvocation(EjbRequestScopeActivationInterceptor.java:83)
	at org.jboss.invocation.InterceptorContext.proceed(InterceptorContext.java:340)
	at org.jboss.as.ee.concurrent.ConcurrentContextInterceptor.processInvocation(ConcurrentContextInterceptor.java:45)
	at org.jboss.invocation.InterceptorContext.proceed(InterceptorContext.java:340)
	at org.jboss.invocation.InitialInterceptor.processInvocation(InitialInterceptor.java:21)
	at org.jboss.invocation.InterceptorContext.proceed(InterceptorContext.java:340)
	at org.jboss.invocation.ChainedInterceptor.processInvocation(ChainedInterceptor.java:61)
	at org.jboss.as.ee.component.interceptors.ComponentDispatcherInterceptor.processInvocation(ComponentDispatcherInterceptor.java:52)
	at org.jboss.invocation.InterceptorContext.proceed(InterceptorContext.java:340)
	at org.jboss.as.ejb3.component.pool.PooledInstanceInterceptor.processInvocation(PooledInstanceInterceptor.java:51)
	at org.jboss.invocation.InterceptorContext.proceed(InterceptorContext.java:340)
	at org.jboss.as.ejb3.tx.CMTTxInterceptor.invokeInOurTx(CMTTxInterceptor.java:275)
	... 107 more

[0m[31m05:03:35,515 ERROR [io.undertow.request] (default task-4) UT005023: Exception handling request to /openDolphin/resources/karte/diagnosis/claim: org.jboss.resteasy.spi.UnhandledException: javax.ejb.EJBException: java.lang.NullPointerException
	at org.jboss.resteasy.core.ExceptionHandler.handleApplicationException(ExceptionHandler.java:77)
	at org.jboss.resteasy.core.ExceptionHandler.handleException(ExceptionHandler.java:220)
	at org.jboss.resteasy.core.SynchronousDispatcher.writeException(SynchronousDispatcher.java:175)
	at org.jboss.resteasy.core.SynchronousDispatcher.invoke(SynchronousDispatcher.java:418)
	at org.jboss.resteasy.core.SynchronousDispatcher.invoke(SynchronousDispatcher.java:209)
	at org.jboss.resteasy.plugins.server.servlet.ServletContainerDispatcher.service(ServletContainerDispatcher.java:221)
	at org.jboss.resteasy.plugins.server.servlet.HttpServletDispatcher.service(HttpServletDispatcher.java:56)
	at org.jboss.resteasy.plugins.server.servlet.HttpServletDispatcher.service(HttpServletDispatcher.java:51)
	at javax.servlet.http.HttpServlet.service(HttpServlet.java:790)
	at io.undertow.servlet.handlers.ServletHandler.handleRequest(ServletHandler.java:85)
	at io.undertow.servlet.handlers.FilterHandler$FilterChainImpl.doFilter(FilterHandler.java:129)
	at open.dolphin.rest.LogFilter.doFilter(LogFilter.java:98)
	at io.undertow.servlet.core.ManagedFilter.doFilter(ManagedFilter.java:61)
	at io.undertow.servlet.handlers.FilterHandler$FilterChainImpl.doFilter(FilterHandler.java:131)
	at open.dolphin.rest.LogFilter.doFilter(LogFilter.java:98)
	at io.undertow.servlet.core.ManagedFilter.doFilter(ManagedFilter.java:61)
	at io.undertow.servlet.handlers.FilterHandler$FilterChainImpl.doFilter(FilterHandler.java:131)
	at io.undertow.servlet.handlers.FilterHandler.handleRequest(FilterHandler.java:84)
	at io.undertow.servlet.handlers.security.ServletSecurityRoleHandler.handleRequest(ServletSecurityRoleHandler.java:62)
	at io.undertow.servlet.handlers.ServletDispatchingHandler.handleRequest(ServletDispatchingHandler.java:36)
	at org.wildfly.extension.undertow.security.SecurityContextAssociationHandler.handleRequest(SecurityContextAssociationHandler.java:78)
	at io.undertow.server.handlers.PredicateHandler.handleRequest(PredicateHandler.java:43)
	at io.undertow.servlet.handlers.security.SSLInformationAssociationHandler.handleRequest(SSLInformationAssociationHandler.java:131)
	at io.undertow.servlet.handlers.security.ServletAuthenticationCallHandler.handleRequest(ServletAuthenticationCallHandler.java:57)
	at io.undertow.server.handlers.PredicateHandler.handleRequest(PredicateHandler.java:43)
	at io.undertow.security.handlers.AbstractConfidentialityHandler.handleRequest(AbstractConfidentialityHandler.java:46)
	at io.undertow.servlet.handlers.security.ServletConfidentialityConstraintHandler.handleRequest(ServletConfidentialityConstraintHandler.java:64)
	at io.undertow.security.handlers.AuthenticationMechanismsHandler.handleRequest(AuthenticationMechanismsHandler.java:60)
	at io.undertow.servlet.handlers.security.CachedAuthenticatedSessionHandler.handleRequest(CachedAuthenticatedSessionHandler.java:77)
	at io.undertow.security.handlers.NotificationReceiverHandler.handleRequest(NotificationReceiverHandler.java:50)
	at io.undertow.security.handlers.AbstractSecurityContextAssociationHandler.handleRequest(AbstractSecurityContextAssociationHandler.java:43)
	at io.undertow.server.handlers.PredicateHandler.handleRequest(PredicateHandler.java:43)
	at org.wildfly.extension.undertow.security.jacc.JACCContextIdHandler.handleRequest(JACCContextIdHandler.java:61)
	at io.undertow.server.handlers.PredicateHandler.handleRequest(PredicateHandler.java:43)
	at io.undertow.server.handlers.PredicateHandler.handleRequest(PredicateHandler.java:43)
	at io.undertow.servlet.handlers.ServletInitialHandler.handleFirstRequest(ServletInitialHandler.java:292)
	at io.undertow.servlet.handlers.ServletInitialHandler.access$100(ServletInitialHandler.java:81)
	at io.undertow.servlet.handlers.ServletInitialHandler$2.call(ServletInitialHandler.java:138)
	at io.undertow.servlet.handlers.ServletInitialHandler$2.call(ServletInitialHandler.java:135)
	at io.undertow.servlet.core.ServletRequestContextThreadSetupAction$1.call(ServletRequestContextThreadSetupAction.java:48)
	at io.undertow.servlet.core.ContextClassLoaderSetupAction$1.call(ContextClassLoaderSetupAction.java:43)
	at io.undertow.servlet.api.LegacyThreadSetupActionWrapper$1.call(LegacyThreadSetupActionWrapper.java:44)
	at io.undertow.servlet.api.LegacyThreadSetupActionWrapper$1.call(LegacyThreadSetupActionWrapper.java:44)
	at io.undertow.servlet.api.LegacyThreadSetupActionWrapper$1.call(LegacyThreadSetupActionWrapper.java:44)
	at io.undertow.servlet.api.LegacyThreadSetupActionWrapper$1.call(LegacyThreadSetupActionWrapper.java:44)
	at io.undertow.servlet.api.LegacyThreadSetupActionWrapper$1.call(LegacyThreadSetupActionWrapper.java:44)
	at io.undertow.servlet.api.LegacyThreadSetupActionWrapper$1.call(LegacyThreadSetupActionWrapper.java:44)
	at io.undertow.servlet.handlers.ServletInitialHandler.dispatchRequest(ServletInitialHandler.java:272)
	at io.undertow.servlet.handlers.ServletInitialHandler.access$000(ServletInitialHandler.java:81)
	at io.undertow.servlet.handlers.ServletInitialHandler$1.handleRequest(ServletInitialHandler.java:104)
	at io.undertow.server.Connectors.executeRootHandler(Connectors.java:202)
	at io.undertow.server.HttpServerExchange$1.run(HttpServerExchange.java:805)
	at java.util.concurrent.ThreadPoolExecutor.runWorker(ThreadPoolExecutor.java:1149)
	at java.util.concurrent.ThreadPoolExecutor$Worker.run(ThreadPoolExecutor.java:624)
	at java.lang.Thread.run(Thread.java:748)
Caused by: javax.ejb.EJBException: java.lang.NullPointerException
	at org.jboss.as.ejb3.tx.CMTTxInterceptor.handleExceptionInOurTx(CMTTxInterceptor.java:187)
	at org.jboss.as.ejb3.tx.CMTTxInterceptor.invokeInOurTx(CMTTxInterceptor.java:277)
	at org.jboss.as.ejb3.tx.CMTTxInterceptor.required(CMTTxInterceptor.java:327)
	at org.jboss.as.ejb3.tx.CMTTxInterceptor.processInvocation(CMTTxInterceptor.java:239)
	at org.jboss.invocation.InterceptorContext.proceed(InterceptorContext.java:340)
	at org.jboss.as.ejb3.component.interceptors.CurrentInvocationContextInterceptor.processInvocation(CurrentInvocationContextInterceptor.java:41)
	at org.jboss.invocation.InterceptorContext.proceed(InterceptorContext.java:340)
	at org.jboss.as.ejb3.component.invocationmetrics.WaitTimeInterceptor.processInvocation(WaitTimeInterceptor.java:47)
	at org.jboss.invocation.InterceptorContext.proceed(InterceptorContext.java:340)
	at org.jboss.as.ejb3.security.SecurityContextInterceptor.processInvocation(SecurityContextInterceptor.java:100)
	at org.jboss.invocation.InterceptorContext.proceed(InterceptorContext.java:340)
	at org.jboss.as.ejb3.deployment.processors.StartupAwaitInterceptor.processInvocation(StartupAwaitInterceptor.java:22)
	at org.jboss.invocation.InterceptorContext.proceed(InterceptorContext.java:340)
	at org.jboss.as.ejb3.component.interceptors.ShutDownInterceptorFactory$1.processInvocation(ShutDownInterceptorFactory.java:64)
	at org.jboss.invocation.InterceptorContext.proceed(InterceptorContext.java:340)
	at org.jboss.as.ejb3.component.interceptors.LoggingInterceptor.processInvocation(LoggingInterceptor.java:67)
	at org.jboss.invocation.InterceptorContext.proceed(InterceptorContext.java:340)
	at org.jboss.as.ee.component.NamespaceContextInterceptor.processInvocation(NamespaceContextInterceptor.java:50)
	at org.jboss.invocation.InterceptorContext.proceed(InterceptorContext.java:340)
	at org.jboss.as.ejb3.component.interceptors.AdditionalSetupInterceptor.processInvocation(AdditionalSetupInterceptor.java:54)
	at org.jboss.invocation.InterceptorContext.proceed(InterceptorContext.java:340)
	at org.jboss.invocation.ContextClassLoaderInterceptor.processInvocation(ContextClassLoaderInterceptor.java:64)
	at org.jboss.invocation.InterceptorContext.proceed(InterceptorContext.java:340)
	at org.jboss.invocation.InterceptorContext.run(InterceptorContext.java:356)
	at org.wildfly.security.manager.WildFlySecurityManager.doChecked(WildFlySecurityManager.java:636)
	at org.jboss.invocation.AccessCheckingInterceptor.processInvocation(AccessCheckingInterceptor.java:61)
	at org.jboss.invocation.InterceptorContext.proceed(InterceptorContext.java:340)
	at org.jboss.invocation.InterceptorContext.run(InterceptorContext.java:356)
	at org.jboss.invocation.PrivilegedWithCombinerInterceptor.processInvocation(PrivilegedWithCombinerInterceptor.java:80)
	at org.jboss.invocation.InterceptorContext.proceed(InterceptorContext.java:340)
	at org.jboss.invocation.ChainedInterceptor.processInvocation(ChainedInterceptor.java:61)
	at org.jboss.as.ee.component.ViewService$View.invoke(ViewService.java:198)
	at org.jboss.as.ee.component.ViewDescription$1.processInvocation(ViewDescription.java:185)
	at org.jboss.invocation.InterceptorContext.proceed(InterceptorContext.java:340)
	at org.jboss.invocation.ChainedInterceptor.processInvocation(ChainedInterceptor.java:61)
	at org.jboss.as.ee.component.ProxyInvocationHandler.invoke(ProxyInvocationHandler.java:73)
	at open.dolphin.session.KarteServiceBean$$$view5.postPutSendDiagnosis(Unknown Source)
	at sun.reflect.NativeMethodAccessorImpl.invoke0(Native Method)
	at sun.reflect.NativeMethodAccessorImpl.invoke(NativeMethodAccessorImpl.java:62)
	at sun.reflect.DelegatingMethodAccessorImpl.invoke(DelegatingMethodAccessorImpl.java:43)
	at java.lang.reflect.Method.invoke(Method.java:498)
	at org.jboss.weld.util.reflection.Reflections.invokeAndUnwrap(Reflections.java:433)
	at org.jboss.weld.bean.proxy.EnterpriseBeanProxyMethodHandler.invoke(EnterpriseBeanProxyMethodHandler.java:128)
	at org.jboss.weld.bean.proxy.EnterpriseTargetBeanInstance.invoke(EnterpriseTargetBeanInstance.java:56)
	at org.jboss.weld.bean.proxy.InjectionPointPropagatingEnterpriseTargetBeanInstance.invoke(InjectionPointPropagatingEnterpriseTargetBeanInstance.java:67)
	at org.jboss.weld.bean.proxy.ProxyMethodHandler.invoke(ProxyMethodHandler.java:100)
	at open.dolphin.session.KarteServiceBean$Proxy$_$$_Weld$EnterpriseProxy$.postPutSendDiagnosis(Unknown Source)
	at open.dolphin.rest.KarteResource.postPutSendDiagnosis(KarteResource.java:380)
	at open.dolphin.rest.KarteResource$Proxy$_$$_WeldClientProxy.postPutSendDiagnosis(Unknown Source)
	at sun.reflect.NativeMethodAccessorImpl.invoke0(Native Method)
	at sun.reflect.NativeMethodAccessorImpl.invoke(NativeMethodAccessorImpl.java:62)
	at sun.reflect.DelegatingMethodAccessorImpl.invoke(DelegatingMethodAccessorImpl.java:43)
	at java.lang.reflect.Method.invoke(Method.java:498)
	at org.jboss.resteasy.core.MethodInjectorImpl.invoke(MethodInjectorImpl.java:139)
	at org.jboss.resteasy.core.ResourceMethodInvoker.invokeOnTarget(ResourceMethodInvoker.java:295)
	at org.jboss.resteasy.core.ResourceMethodInvoker.invoke(ResourceMethodInvoker.java:249)
	at org.jboss.resteasy.core.ResourceMethodInvoker.invoke(ResourceMethodInvoker.java:236)
	at org.jboss.resteasy.core.SynchronousDispatcher.invoke(SynchronousDispatcher.java:402)
	... 51 more
Caused by: java.lang.NullPointerException
	at open.dolphin.msg.DiagnosisSender.<init>(DiagnosisSender.java:58)
	at open.dolphin.session.KarteServiceBean.postPutSendDiagnosis(KarteServiceBean.java:1002)
	at sun.reflect.NativeMethodAccessorImpl.invoke0(Native Method)
	at sun.reflect.NativeMethodAccessorImpl.invoke(NativeMethodAccessorImpl.java:62)
	at sun.reflect.DelegatingMethodAccessorImpl.invoke(DelegatingMethodAccessorImpl.java:43)
	at java.lang.reflect.Method.invoke(Method.java:498)
	at org.jboss.as.ee.component.ManagedReferenceMethodInterceptor.processInvocation(ManagedReferenceMethodInterceptor.java:52)
	at org.jboss.invocation.InterceptorContext.proceed(InterceptorContext.java:340)
	at org.jboss.invocation.InterceptorContext$Invocation.proceed(InterceptorContext.java:437)
	at org.jboss.as.weld.ejb.Jsr299BindingsInterceptor.doMethodInterception(Jsr299BindingsInterceptor.java:82)
	at org.jboss.as.weld.ejb.Jsr299BindingsInterceptor.processInvocation(Jsr299BindingsInterceptor.java:93)
	at org.jboss.as.ee.component.interceptors.UserInterceptorFactory$1.processInvocation(UserInterceptorFactory.java:63)
	at org.jboss.invocation.InterceptorContext.proceed(InterceptorContext.java:340)
	at org.jboss.as.ejb3.component.invocationmetrics.ExecutionTimeInterceptor.processInvocation(ExecutionTimeInterceptor.java:43)
	at org.jboss.invocation.InterceptorContext.proceed(InterceptorContext.java:340)
	at org.jboss.as.jpa.interceptor.SBInvocationInterceptor.processInvocation(SBInvocationInterceptor.java:47)
	at org.jboss.invocation.InterceptorContext.proceed(InterceptorContext.java:340)
	at org.jboss.invocation.InterceptorContext$Invocation.proceed(InterceptorContext.java:437)
	at org.jboss.weld.ejb.AbstractEJBRequestScopeActivationInterceptor.aroundInvoke(AbstractEJBRequestScopeActivationInterceptor.java:64)
	at org.jboss.as.weld.ejb.EjbRequestScopeActivationInterceptor.processInvocation(EjbRequestScopeActivationInterceptor.java:83)
	at org.jboss.invocation.InterceptorContext.proceed(InterceptorContext.java:340)
	at org.jboss.as.ee.concurrent.ConcurrentContextInterceptor.processInvocation(ConcurrentContextInterceptor.java:45)
	at org.jboss.invocation.InterceptorContext.proceed(InterceptorContext.java:340)
	at org.jboss.invocation.InitialInterceptor.processInvocation(InitialInterceptor.java:21)
	at org.jboss.invocation.InterceptorContext.proceed(InterceptorContext.java:340)
	at org.jboss.invocation.ChainedInterceptor.processInvocation(ChainedInterceptor.java:61)
	at org.jboss.as.ee.component.interceptors.ComponentDispatcherInterceptor.processInvocation(ComponentDispatcherInterceptor.java:52)
	at org.jboss.invocation.InterceptorContext.proceed(InterceptorContext.java:340)
	at org.jboss.as.ejb3.component.pool.PooledInstanceInterceptor.processInvocation(PooledInstanceInterceptor.java:51)
	at org.jboss.invocation.InterceptorContext.proceed(InterceptorContext.java:340)
	at org.jboss.as.ejb3.tx.CMTTxInterceptor.invokeInOurTx(CMTTxInterceptor.java:275)
	... 107 more

[0m[0m05:03:38,752 INFO  [open.dolphin] (default task-5) 127.0.0.1 dolphin GET /dolphin
[0m[0m05:03:38,753 INFO  [open.dolphin] (default task-5) 127.0.0.1 dolphin GET /dolphin
