Note: Unnecessary use of -X or --request, POST is already inferred.
* Host localhost:9080 was resolved.
* IPv6: ::1
* IPv4: 127.0.0.1
  % Total    % Received % Xferd  Average Speed   Time    Time     Time  Current
                                 Dload  Upload   Total   Spent    Left  Speed
  0     0    0     0    0     0      0      0 --:--:-- --:--:-- --:--:--     0*   Trying [::1]:9080...
* Connected to localhost (::1) port 9080
> POST /openDolphin/resources/orca21/medicalmodv2/outpatient HTTP/1.1
> Host: localhost:9080
> User-Agent: curl/8.7.1
> Accept: */*
> Content-Type: application/json
> userName: dolphindev
> password: 1cc2f4c06fd32d0a6e2fa33f6e1c9164
> clientUUID: devclient
> X-Facility-Id: 1.3.6.1.4.1.9414.10.1
> Content-Length: 2
> 
} [2 bytes data]
* upload completely sent off: 2 bytes
< HTTP/1.1 200 OK
< Referrer-Policy: no-referrer
< Content-Security-Policy: default-src 'self'
< X-Trace-Id: 95a18c24-2adf-4177-bbe2-bde9323989b5
< Date: Tue, 09 Dec 2025 11:26:57 GMT
< Connection: keep-alive
< Strict-Transport-Security: max-age=63072000; includeSubDomains
< X-Content-Type-Options: nosniff
< Content-Type: application/json
< Content-Length: 697
< 
{ [697 bytes data]
100   699  100   697  100     2  14938     42 --:--:-- --:--:-- --:--:-- 15195
* Connection #0 to host localhost left intact
