== Info: Host localhost:9086 was resolved.
== Info: IPv6: ::1
== Info: IPv4: 127.0.0.1
== Info:   Trying [::1]:9086...
== Info: Connected to localhost (::1) port 9086
=> Send header, 403 bytes (0x193)
0000: POST /openDolphin/resources/orca/disease HTTP/1.1
0033: Host: localhost:9086
0049: User-Agent: curl/8.7.1
0061: userName: <MASKED>
0088: password: <MASKED>
00b4: Accept: application/json
00ce: Content-Type: application/json
00ee: X-Trace-Id: orca-claim-deprecation-20260105T215636Z-disease_muta
012e: tion
0134: X-Request-Id: orca-claim-deprecation-20260105T215636Z-disease_mu
0174: tation
017c: Content-Length: 237
0191: 
=> Send data, 237 bytes (0xed)
0000: {  "patientId": "000101",  "operations": [    {      "operation"
0040: : "create",      "diagnosisName": "Common Cold",      "diagnosis
0080: Code": "J00",      "departmentCode": "01",      "startDate": "20
00c0: 26-01-05",      "outcome": "ongoing"    }  ]}
== Info: upload completely sent off: 237 bytes
<= Recv header, 17 bytes (0x11)
0000: HTTP/1.1 200 OK
<= Recv header, 30 bytes (0x1e)
0000: Referrer-Policy: no-referrer
<= Recv header, 45 bytes (0x2d)
0000: Content-Security-Policy: default-src 'self'
<= Recv header, 70 bytes (0x46)
0000: X-Trace-Id: orca-claim-deprecation-20260105T215636Z-disease_muta
0040: tion
<= Recv header, 37 bytes (0x25)
0000: Date: Mon, 05 Jan 2026 22:16:03 GMT
<= Recv header, 24 bytes (0x18)
0000: Connection: keep-alive
<= Recv header, 64 bytes (0x40)
0000: Strict-Transport-Security: max-age=63072000; includeSubDomains
<= Recv header, 33 bytes (0x21)
0000: X-Content-Type-Options: nosniff
<= Recv header, 32 bytes (0x20)
0000: Content-Type: application/json
<= Recv header, 21 bytes (0x15)
0000: Content-Length: 156
<= Recv header, 2 bytes (0x2)
0000: 
<= Recv data, 156 bytes (0x9c)
0000: {"apiResult":"00","apiResultMessage":"............","runId":"202
0040: 51116T170500Z","createdDiagnosisIds":[11],"updatedDiagnosisIds":
0080: [],"removedDiagnosisIds":[]}
== Info: Connection #0 to host localhost left intact
