== Info: Host localhost:9086 was resolved.
== Info: IPv6: ::1
== Info: IPv4: 127.0.0.1
== Info:   Trying [::1]:9086...
== Info: Connected to localhost (::1) port 9086
=> Send header, 409 bytes (0x199)
0000: POST /openDolphin/resources/orca/medical/records HTTP/1.1
003b: Host: localhost:9086
0051: User-Agent: curl/8.7.1
0069: userName: <MASKED>
0090: password: <MASKED>
00bc: Accept: application/json
00d6: Content-Type: application/json
00f6: X-Trace-Id: orca-claim-deprecation-20260105T215636Z-medical_reco
0136: rds
013b: X-Request-Id: orca-claim-deprecation-20260105T215636Z-medical_re
017b: cords
0182: Content-Length: 106
0197: 
=> Send data, 106 bytes (0x6a)
0000: {  "patientId": "000101",  "fromDate": "2025-12-01",  "toDate": 
0040: "2026-01-05",  "includeVisitStatus": true}
== Info: upload completely sent off: 106 bytes
<= Recv header, 17 bytes (0x11)
0000: HTTP/1.1 200 OK
<= Recv header, 30 bytes (0x1e)
0000: Referrer-Policy: no-referrer
<= Recv header, 45 bytes (0x2d)
0000: Content-Security-Policy: default-src 'self'
<= Recv header, 69 bytes (0x45)
0000: X-Trace-Id: orca-claim-deprecation-20260105T215636Z-medical_reco
0040: rds
<= Recv header, 37 bytes (0x25)
0000: Date: Mon, 05 Jan 2026 22:16:03 GMT
<= Recv header, 24 bytes (0x18)
0000: Connection: keep-alive
<= Recv header, 64 bytes (0x40)
0000: Strict-Transport-Security: max-age=63072000; includeSubDomains
<= Recv header, 33 bytes (0x21)
0000: X-Content-Type-Options: nosniff
<= Recv header, 32 bytes (0x20)
0000: Content-Type: application/json
<= Recv header, 21 bytes (0x15)
0000: Content-Length: 381
<= Recv header, 2 bytes (0x2)
0000: 
<= Recv data, 381 bytes (0x17d)
0000: {"apiResult":"00","apiResultMessage":"............","runId":"202
0040: 51116T170500Z","generatedAt":"2026-01-05T22:16:03.468723302Z","p
0080: atient":{"patientId":"000101","wholeName":"Test Taro","wholeName
00c0: Kana":"TEST TARO","birthDate":"1980-01-01","sex":"M"},"records":
0100: [{"performDate":"2026-01-05","sequentialNumber":"1.0","documentI
0140: d":"7dd349a0a64b48aaabb780923a5d9cd5","documentStatus":"F"}]}
== Info: Connection #0 to host localhost left intact
