== Info: Host localhost:9086 was resolved.
== Info: IPv6: ::1
== Info: IPv4: 127.0.0.1
== Info:   Trying [::1]:9086...
== Info: Connected to localhost (::1) port 9086
=> Send header, 415 bytes (0x19f)
0000: POST /openDolphin/resources/orca/order/bundles HTTP/1.1
0039: Host: localhost:9086
004f: User-Agent: curl/8.7.1
0067: userName: <MASKED>
008e: password: <MASKED>
00ba: Accept: application/json
00d4: Content-Type: application/json
00f4: X-Trace-Id: orca-claim-deprecation-20260105T215636Z-order_bundle
0134: _create
013d: X-Request-Id: orca-claim-deprecation-20260105T215636Z-order_bund
017d: le_create
0188: Content-Length: 423
019d: 
=> Send data, 423 bytes (0x1a7)
0000: {  "patientId": "000101",  "operations": [    {      "operation"
0040: : "create",      "entity": "medOrder",      "bundleName": "Test 
0080: Medication",      "classCode": "001",      "classCodeSystem": "c
00c0: laim",      "className": "Medication",      "startDate": "2026-0
0100: 1-05",      "items": [        {          "name": "Amoxicillin", 
0140:          "code": "610443001",          "quantity": "1",         
0180:  "unit": "TAB"        }      ]    }  ]}
== Info: upload completely sent off: 423 bytes
<= Recv header, 17 bytes (0x11)
0000: HTTP/1.1 200 OK
<= Recv header, 30 bytes (0x1e)
0000: Referrer-Policy: no-referrer
<= Recv header, 45 bytes (0x2d)
0000: Content-Security-Policy: default-src 'self'
<= Recv header, 73 bytes (0x49)
0000: X-Trace-Id: orca-claim-deprecation-20260105T215636Z-order_bundle
0040: _create
<= Recv header, 37 bytes (0x25)
0000: Date: Mon, 05 Jan 2026 22:16:03 GMT
<= Recv header, 24 bytes (0x18)
0000: Connection: keep-alive
<= Recv header, 64 bytes (0x40)
0000: Strict-Transport-Security: max-age=63072000; includeSubDomains
<= Recv header, 33 bytes (0x21)
0000: X-Content-Type-Options: nosniff
<= Recv header, 32 bytes (0x20)
0000: Content-Type: application/json
<= Recv header, 21 bytes (0x15)
0000: Content-Length: 153
<= Recv header, 2 bytes (0x2)
0000: 
<= Recv data, 153 bytes (0x99)
0000: {"apiResult":"00","apiResultMessage":"............","runId":"202
0040: 51116T170500Z","createdDocumentIds":[13],"updatedDocumentIds":[]
0080: ,"deletedDocumentIds":[]}
== Info: Connection #0 to host localhost left intact
