== Info: Host localhost:9086 was resolved.
== Info: IPv6: ::1
== Info: IPv4: 127.0.0.1
== Info:   Trying [::1]:9086...
== Info: Connected to localhost (::1) port 9086
=> Send header, 408 bytes (0x198)
0000: POST /openDolphin/resources/orca21/medicalmodv2/outpatient HTTP/
0040: 1.1
0045: Host: localhost:9086
005b: User-Agent: curl/8.7.1
0073: userName: <MASKED>
009a: password: <MASKED>
00c6: Accept: application/json
00e0: Content-Type: application/json
0100: X-Trace-Id: orca-claim-deprecation-20260105T215636Z-outpatient
0140: X-Request-Id: orca-claim-deprecation-20260105T215636Z-outpatient
0182: Content-Length: 49
0196: 
=> Send data, 49 bytes (0x31)
0000: {  "Patient_ID": "000101",  "date": "2026-01-05"}
== Info: upload completely sent off: 49 bytes
<= Recv header, 17 bytes (0x11)
0000: HTTP/1.1 200 OK
<= Recv header, 30 bytes (0x1e)
0000: Referrer-Policy: no-referrer
<= Recv header, 45 bytes (0x2d)
0000: Content-Security-Policy: default-src 'self'
<= Recv header, 64 bytes (0x40)
0000: X-Trace-Id: orca-claim-deprecation-20260105T215636Z-outpatient
<= Recv header, 37 bytes (0x25)
0000: Date: Mon, 05 Jan 2026 22:04:30 GMT
<= Recv header, 24 bytes (0x18)
0000: Connection: keep-alive
<= Recv header, 64 bytes (0x40)
0000: Strict-Transport-Security: max-age=63072000; includeSubDomains
<= Recv header, 33 bytes (0x21)
0000: X-Content-Type-Options: nosniff
<= Recv header, 32 bytes (0x20)
0000: Content-Type: application/json
<= Recv header, 21 bytes (0x15)
0000: Content-Length: 975
<= Recv header, 2 bytes (0x2)
0000: 
<= Recv data, 975 bytes (0x3cf)
0000: {"runId":"20260105T220430Z","traceId":"orca-claim-deprecation-20
0040: 260105T215636Z-outpatient","requestId":"orca-claim-deprecation-2
0080: 0260105T215636Z-outpatient","dataSource":"server","dataSourceTra
00c0: nsition":"server","cacheHit":false,"missingMaster":false,"fallba
0100: ckUsed":false,"fetchedAt":"2026-01-05T22:04:30.624175963Z","reco
0140: rdsReturned":0,"outcome":"MISSING","outpatientList":[],"auditEve
0180: nt":{"action":"ORCA_MEDICAL_GET","resource":"/orca21/medicalmodv
01c0: 2/outpatient","outcome":"SUCCESS","details":{"facilityId":"LOCAL
0200: .FACILITY.0001","runId":"20260105T220430Z","dataSource":"server"
0240: ,"dataSourceTransition":"server","cacheHit":false,"missingMaster
0280: ":false,"fallbackUsed":false,"fetchedAt":"2026-01-05T22:04:30.62
02c0: 4175963Z","recordsReturned":0,"outcome":"MISSING","resource":"/o
0300: rca21/medicalmodv2/outpatient","telemetryFunnelStage":"charts_or
0340: chestration"},"traceId":"orca-claim-deprecation-20260105T215636Z
0380: -outpatient","requestId":"orca-claim-deprecation-20260105T215636
03c0: Z-outpatient"}}
== Info: Connection #0 to host localhost left intact
