== Info: Host localhost:9086 was resolved.
== Info: IPv6: ::1
== Info: IPv4: 127.0.0.1
== Info:   Trying [::1]:9086...
== Info: Connected to localhost (::1) port 9086
=> Send header, 412 bytes (0x19c)
0000: POST /openDolphin/resources/orca/patient/mutation HTTP/1.1
003c: Host: localhost:9086
0052: User-Agent: curl/8.7.1
006a: userName: <MASKED>
0091: password: <MASKED>
00bd: Accept: application/json
00d7: Content-Type: application/json
00f7: X-Trace-Id: orca-claim-deprecation-20260105T215636Z-patient_muta
0137: tion
013d: X-Request-Id: orca-claim-deprecation-20260105T215636Z-patient_mu
017d: tation
0185: Content-Length: 234
019a: 
=> Send data, 234 bytes (0xea)
0000: {  "operation": "create",  "patient": {    "patientId": "000101"
0040: ,    "wholeName": "Test Taro",    "wholeNameKana": "TEST TARO", 
0080:    "birthDate": "1980-01-01",    "sex": "M",    "telephone": "03
00c0: -0000-0000",    "addressLine": "Tokyo"  }}
== Info: upload completely sent off: 234 bytes
<= Recv header, 17 bytes (0x11)
0000: HTTP/1.1 200 OK
<= Recv header, 30 bytes (0x1e)
0000: Referrer-Policy: no-referrer
<= Recv header, 45 bytes (0x2d)
0000: Content-Security-Policy: default-src 'self'
<= Recv header, 70 bytes (0x46)
0000: X-Trace-Id: orca-claim-deprecation-20260105T215636Z-patient_muta
0040: tion
<= Recv header, 37 bytes (0x25)
0000: Date: Mon, 05 Jan 2026 22:04:30 GMT
<= Recv header, 24 bytes (0x18)
0000: Connection: keep-alive
<= Recv header, 64 bytes (0x40)
0000: Strict-Transport-Security: max-age=63072000; includeSubDomains
<= Recv header, 33 bytes (0x21)
0000: X-Content-Type-Options: nosniff
<= Recv header, 32 bytes (0x20)
0000: Content-Type: application/json
<= Recv header, 21 bytes (0x15)
0000: Content-Length: 116
<= Recv header, 2 bytes (0x2)
0000: 
<= Recv data, 116 bytes (0x74)
0000: {"apiResult":"00","apiResultMessage":"............","runId":"202
0040: 51116T170500Z","patientDbId":1,"patientId":"000101"}
== Info: Connection #0 to host localhost left intact
