[0m[0m21:45:25,549 INFO  [open.dolphin] (default task-1) 127.0.0.1 dolphin GET /dolphin traceId=deb873e2-49a6-417d-89f5-a7863b616a50
[0m[0m21:45:25,550 INFO  [open.dolphin] (default task-1) 127.0.0.1 dolphin GET /dolphin traceId=db67bc51-bcfa-4e79-8540-40cb96f0a485
[0m[0m21:45:55,651 INFO  [open.dolphin] (default task-1) 127.0.0.1 dolphin GET /dolphin traceId=31441f74-8527-4d6e-993e-3ddb3e08973c
[0m[0m21:45:55,652 INFO  [open.dolphin] (default task-1) 127.0.0.1 dolphin GET /dolphin traceId=310944fe-f537-455c-8031-8111b9d248a2
[0m[0m21:46:25,786 INFO  [open.dolphin] (default task-1) 127.0.0.1 dolphin GET /dolphin traceId=1bffb56f-a6fa-42b8-8952-e51241ddc60e
[0m[0m21:46:25,788 INFO  [open.dolphin] (default task-1) 127.0.0.1 dolphin GET /dolphin traceId=68760ca8-8f20-4778-8a1e-82a74c2b21d2
[0m[0m21:46:55,885 INFO  [open.dolphin] (default task-1) 127.0.0.1 dolphin GET /dolphin traceId=bb8c3a53-e6cc-4ec7-a03f-f1caf4bf9141
[0m[0m21:46:55,887 INFO  [open.dolphin] (default task-1) 127.0.0.1 dolphin GET /dolphin traceId=2a43f001-7c70-41f0-9625-cf1588ba5ae0
[0m[0m21:47:25,983 INFO  [open.dolphin] (default task-1) 127.0.0.1 dolphin GET /dolphin traceId=63356577-1118-4139-a2f6-a7b83346b7e5
[0m[0m21:47:25,984 INFO  [open.dolphin] (default task-1) 127.0.0.1 dolphin GET /dolphin traceId=1c178c0b-ea4e-4db4-aab7-c27a1fdf1f30
[0m[0m21:47:56,094 INFO  [open.dolphin] (default task-1) 127.0.0.1 dolphin GET /dolphin traceId=401c1549-96d0-48b7-bfb3-c897c12f971e
[0m[0m21:47:56,095 INFO  [open.dolphin] (default task-1) 127.0.0.1 dolphin GET /dolphin traceId=69d23ac7-43fd-45ac-8c7f-a69bc47332df
[0m[0m21:48:23,573 INFO  [org.jboss.as.repository] (DeploymentScanner-threads - 1) WFLYDR0001: Content added at location /opt/jboss/wildfly/standalone/data/content/64/eb88845d09990d6f21195388baa57c8212de3b/content
[0m[0m21:48:23,930 INFO  [org.jboss.as.connector.deployers.jdbc] (MSC service thread 1-6) WFLYJCA0019: Stopped Driver service with driver-name = opendolphin-server.war_org.postgresql.Driver_42_7
[0m[0m21:48:23,994 INFO  [org.wildfly.extension.undertow] (ServerService Thread Pool -- 2) WFLYUT0022: Unregistered web context: '/openDolphin' from server 'default-server'
[0m[0m21:48:24,139 INFO  [open.dolphin] (ServerService Thread Pool -- 100) PreDestroy did call
[0m[0m21:48:24,928 INFO  [org.jboss.as.jpa] (ServerService Thread Pool -- 107) WFLYJPA0011: Stopping Persistence Unit (phase 2 of 2) Service 'opendolphin-server.war#opendolphinPU'
[0m[0m21:48:24,993 INFO  [org.hibernate.orm.beans] (ServerService Thread Pool -- 107) HHH10005004: Stopping BeanContainer : org.hibernate.resource.beans.container.internal.CdiBeanContainerExtendedAccessImpl@6b084fd8
[0m[0m21:48:25,038 INFO  [org.jboss.as.jpa] (ServerService Thread Pool -- 107) WFLYJPA0011: Stopping Persistence Unit (phase 1 of 2) Service 'opendolphin-server.war#opendolphinPU'
[0m[0m21:48:26,517 INFO  [org.jboss.as.server.deployment] (MSC service thread 1-3) WFLYSRV0028: Stopped deployment opendolphin-server.war (runtime-name: opendolphin-server.war) in 2691ms
[0m[0m21:48:26,549 INFO  [org.jboss.as.server.deployment] (MSC service thread 1-6) WFLYSRV0027: Starting deployment of "opendolphin-server.war" (runtime-name: "opendolphin-server.war")
[0m[0m21:48:33,593 INFO  [org.jboss.as.jpa] (MSC service thread 1-6) WFLYJPA0002: Read persistence.xml for opendolphinPU
[0m[0m21:48:34,023 INFO  [org.jipijapa] (MSC service thread 1-8) JIPIORMV6020260: Second level cache enabled for opendolphin-server.war#opendolphinPU
[0m[0m21:48:34,088 INFO  [org.infinispan.CONTAINER] (ServerService Thread Pool -- 107) ISPN000556: Starting user marshaller 'org.wildfly.clustering.infinispan.marshalling.jboss.JBossMarshaller'
[0m[0m21:48:34,120 INFO  [org.jboss.weld.deployer] (MSC service thread 1-1) WFLYWELD0003: Processing weld deployment opendolphin-server.war
[0m[0m21:48:34,129 INFO  [org.jboss.as.jpa] (ServerService Thread Pool -- 107) WFLYJPA0010: Starting Persistence Unit (phase 1 of 2) Service 'opendolphin-server.war#opendolphinPU'
[0m[0m21:48:34,129 INFO  [org.hibernate.jpa.internal.util.LogHelper] (ServerService Thread Pool -- 107) HHH000204: Processing PersistenceUnitInfo [name: opendolphinPU]
[0m[33m21:48:34,143 WARN  [org.hibernate.orm.deprecation] (ServerService Thread Pool -- 107) HHH90000025: PostgreSQLDialect does not need to be specified explicitly using 'hibernate.dialect' (remove the property setting and it will be selected by default)
[0m[0m21:48:34,144 INFO  [org.hibernate.cache.internal.RegionFactoryInitiator] (ServerService Thread Pool -- 107) HHH000025: Second-level cache region factory [org.infinispan.hibernate.cache.v62.InfinispanRegionFactory]
[0m[0m21:48:34,162 INFO  [org.hibernate.envers.boot.internal.EnversServiceImpl] (ServerService Thread Pool -- 107) Envers integration enabled? : true
[0m[0m21:48:34,317 INFO  [org.jboss.as.ejb3.deployment] (MSC service thread 1-1) WFLYEJB0473: JNDI bindings for session bean named 'PvtService' in deployment unit 'deployment "opendolphin-server.war"' are as follows:

	java:global/opendolphin-server/PvtService!java.lang.Runnable
	java:app/opendolphin-server/PvtService!java.lang.Runnable
	java:module/PvtService!java.lang.Runnable
	java:global/opendolphin-server/PvtService
	java:app/opendolphin-server/PvtService
	java:module/PvtService

[0m[0m21:48:34,320 INFO  [org.jboss.as.ejb3.deployment] (MSC service thread 1-1) WFLYEJB0473: JNDI bindings for session bean named 'IPhoneServiceBean' in deployment unit 'deployment "opendolphin-server.war"' are as follows:

	java:global/opendolphin-server/IPhoneServiceBean!open.dolphin.touch.session.IPhoneServiceBean
	java:app/opendolphin-server/IPhoneServiceBean!open.dolphin.touch.session.IPhoneServiceBean
	java:module/IPhoneServiceBean!open.dolphin.touch.session.IPhoneServiceBean
	java:global/opendolphin-server/IPhoneServiceBean
	java:app/opendolphin-server/IPhoneServiceBean
	java:module/IPhoneServiceBean

[0m[0m21:48:34,321 INFO  [org.jboss.as.ejb3.deployment] (MSC service thread 1-1) WFLYEJB0473: JNDI bindings for session bean named 'ADM20_AdmissionServiceBean' in deployment unit 'deployment "opendolphin-server.war"' are as follows:

	java:global/opendolphin-server/ADM20_AdmissionServiceBean!open.dolphin.adm20.session.ADM20_AdmissionServiceBean
	java:app/opendolphin-server/ADM20_AdmissionServiceBean!open.dolphin.adm20.session.ADM20_AdmissionServiceBean
	java:module/ADM20_AdmissionServiceBean!open.dolphin.adm20.session.ADM20_AdmissionServiceBean
	java:global/opendolphin-server/ADM20_AdmissionServiceBean
	java:app/opendolphin-server/ADM20_AdmissionServiceBean
	java:module/ADM20_AdmissionServiceBean

[0m[0m21:48:34,324 INFO  [org.jboss.as.ejb3.deployment] (MSC service thread 1-1) WFLYEJB0473: JNDI bindings for session bean named 'EHTServiceBean' in deployment unit 'deployment "opendolphin-server.war"' are as follows:

	java:global/opendolphin-server/EHTServiceBean!open.dolphin.touch.session.EHTServiceBean
	java:app/opendolphin-server/EHTServiceBean!open.dolphin.touch.session.EHTServiceBean
	java:module/EHTServiceBean!open.dolphin.touch.session.EHTServiceBean
	java:global/opendolphin-server/EHTServiceBean
	java:app/opendolphin-server/EHTServiceBean
	java:module/EHTServiceBean

[0m[0m21:48:34,325 INFO  [org.jboss.as.ejb3.deployment] (MSC service thread 1-1) WFLYEJB0473: JNDI bindings for session bean named 'PHRAsyncJobServiceBean' in deployment unit 'deployment "opendolphin-server.war"' are as follows:

	java:global/opendolphin-server/PHRAsyncJobServiceBean!open.dolphin.adm20.session.PHRAsyncJobServiceBean
	java:app/opendolphin-server/PHRAsyncJobServiceBean!open.dolphin.adm20.session.PHRAsyncJobServiceBean
	java:module/PHRAsyncJobServiceBean!open.dolphin.adm20.session.PHRAsyncJobServiceBean
	java:global/opendolphin-server/PHRAsyncJobServiceBean
	java:app/opendolphin-server/PHRAsyncJobServiceBean
	java:module/PHRAsyncJobServiceBean

[0m[0m21:48:34,325 INFO  [org.jboss.as.ejb3.deployment] (MSC service thread 1-1) WFLYEJB0473: JNDI bindings for session bean named 'OrcaResource' in deployment unit 'deployment "opendolphin-server.war"' are as follows:

	java:global/opendolphin-server/OrcaResource!open.orca.rest.OrcaResource
	java:app/opendolphin-server/OrcaResource!open.orca.rest.OrcaResource
	java:module/OrcaResource!open.orca.rest.OrcaResource
	java:global/opendolphin-server/OrcaResource
	java:app/opendolphin-server/OrcaResource
	java:module/OrcaResource

[0m[0m21:48:34,326 INFO  [org.jboss.as.ejb3.deployment] (MSC service thread 1-1) WFLYEJB0473: JNDI bindings for session bean named 'IdentityService' in deployment unit 'deployment "opendolphin-server.war"' are as follows:

	java:global/opendolphin-server/IdentityService!open.dolphin.adm20.mbean.IdentityService
	java:app/opendolphin-server/IdentityService!open.dolphin.adm20.mbean.IdentityService
	java:module/IdentityService!open.dolphin.adm20.mbean.IdentityService
	java:global/opendolphin-server/IdentityService
	java:app/opendolphin-server/IdentityService
	java:module/IdentityService

[0m[0m21:48:34,326 INFO  [org.jboss.as.ejb3.deployment] (MSC service thread 1-1) WFLYEJB0473: JNDI bindings for session bean named 'InitialAccountMaker' in deployment unit 'deployment "opendolphin-server.war"' are as follows:

	java:global/opendolphin-server/InitialAccountMaker!open.dolphin.mbean.InitialAccountMaker
	java:app/opendolphin-server/InitialAccountMaker!open.dolphin.mbean.InitialAccountMaker
	java:module/InitialAccountMaker!open.dolphin.mbean.InitialAccountMaker
	java:global/opendolphin-server/InitialAccountMaker
	java:app/opendolphin-server/InitialAccountMaker
	java:module/InitialAccountMaker

[0m[0m21:48:34,327 INFO  [org.jboss.as.ejb3.deployment] (MSC service thread 1-1) WFLYEJB0473: JNDI bindings for session bean named 'ADM10_EHTServiceBean' in deployment unit 'deployment "opendolphin-server.war"' are as follows:

	java:global/opendolphin-server/ADM10_EHTServiceBean!open.dolphin.adm10.session.ADM10_EHTServiceBean
	java:app/opendolphin-server/ADM10_EHTServiceBean!open.dolphin.adm10.session.ADM10_EHTServiceBean
	java:module/ADM10_EHTServiceBean!open.dolphin.adm10.session.ADM10_EHTServiceBean
	java:global/opendolphin-server/ADM10_EHTServiceBean
	java:app/opendolphin-server/ADM10_EHTServiceBean
	java:module/ADM10_EHTServiceBean

[0m[0m21:48:34,329 INFO  [org.jboss.as.ejb3.deployment] (MSC service thread 1-1) WFLYEJB0473: JNDI bindings for session bean named 'AMD20_PHRServiceBean' in deployment unit 'deployment "opendolphin-server.war"' are as follows:

	java:global/opendolphin-server/AMD20_PHRServiceBean!open.dolphin.adm20.session.AMD20_PHRServiceBean
	java:app/opendolphin-server/AMD20_PHRServiceBean!open.dolphin.adm20.session.AMD20_PHRServiceBean
	java:module/AMD20_PHRServiceBean!open.dolphin.adm20.session.AMD20_PHRServiceBean
	java:global/opendolphin-server/AMD20_PHRServiceBean
	java:app/opendolphin-server/AMD20_PHRServiceBean
	java:module/AMD20_PHRServiceBean

[0m[0m21:48:34,330 INFO  [org.jboss.as.ejb3.deployment] (MSC service thread 1-1) WFLYEJB0473: JNDI bindings for session bean named 'ADM20_IPhoneServiceBean' in deployment unit 'deployment "opendolphin-server.war"' are as follows:

	java:global/opendolphin-server/ADM20_IPhoneServiceBean!open.dolphin.adm20.session.ADM20_IPhoneServiceBean
	java:app/opendolphin-server/ADM20_IPhoneServiceBean!open.dolphin.adm20.session.ADM20_IPhoneServiceBean
	java:module/ADM20_IPhoneServiceBean!open.dolphin.adm20.session.ADM20_IPhoneServiceBean
	java:global/opendolphin-server/ADM20_IPhoneServiceBean
	java:app/opendolphin-server/ADM20_IPhoneServiceBean
	java:module/ADM20_IPhoneServiceBean

[0m[0m21:48:34,333 INFO  [org.jboss.as.ejb3.deployment] (MSC service thread 1-1) WFLYEJB0473: JNDI bindings for session bean named 'ADM10_IPhoneServiceBean' in deployment unit 'deployment "opendolphin-server.war"' are as follows:

	java:global/opendolphin-server/ADM10_IPhoneServiceBean!open.dolphin.adm10.session.ADM10_IPhoneServiceBean
	java:app/opendolphin-server/ADM10_IPhoneServiceBean!open.dolphin.adm10.session.ADM10_IPhoneServiceBean
	java:module/ADM10_IPhoneServiceBean!open.dolphin.adm10.session.ADM10_IPhoneServiceBean
	java:global/opendolphin-server/ADM10_IPhoneServiceBean
	java:app/opendolphin-server/ADM10_IPhoneServiceBean
	java:module/ADM10_IPhoneServiceBean

[0m[0m21:48:34,727 INFO  [org.jipijapa] (MSC service thread 1-7) JIPIORMV6020260: Second level cache enabled for opendolphin-server.war#opendolphinPU
[0m[33m21:48:34,737 WARN  [org.jboss.as.jaxrs] (MSC service thread 1-7) WFLYRS0018: Explicit usage of Jackson annotation in a Jakarta RESTful Web Services deployment; the system will disable Jakarta JSON Binding processing for the current deployment. Consider setting the 'resteasy.preferJacksonOverJsonB' property to 'false' to restore Jakarta JSON Binding.
[0m[0m21:48:34,741 INFO  [org.jboss.as.connector.deployers.jdbc] (MSC service thread 1-7) WFLYJCA0005: Deploying non-JDBC-compliant driver class org.postgresql.Driver (version 42.7)
[0m[0m21:48:34,791 INFO  [org.jboss.as.connector.deployers.jdbc] (MSC service thread 1-4) WFLYJCA0018: Started Driver service with driver-name = opendolphin-server.war_org.postgresql.Driver_42_7
[0m[0m21:48:34,796 INFO  [org.jboss.as.ejb3] (MSC service thread 1-6) WFLYEJB0042: Started message driven bean 'MessageSender' with 'activemq-ra.rar' resource adapter
[0m[0m21:48:34,804 INFO  [org.jboss.as.jpa] (ServerService Thread Pool -- 107) WFLYJPA0010: Starting Persistence Unit (phase 2 of 2) Service 'opendolphin-server.war#opendolphinPU'
[0m[0m21:48:35,256 INFO  [org.jboss.weld.Bootstrap] (Weld Thread Pool -- 4) WELD-000119: Not generating any bean definitions from open.dolphin.metrics.DatasourceMetricsRegistrar because of underlying class loading error: Type io.agroal.api.AgroalDataSource from [Module "deployment.opendolphin-server.war" from Service Module Loader] not found.  If this is unexpected, enable DEBUG logging to see the full error.
[0m[33m21:48:35,285 WARN  [org.jboss.weld.Validator] (MSC service thread 1-8) WELD-001478: Interceptor class open.dolphin.session.framework.SessionOperationInterceptor is enabled for the application and for the bean archive opendolphin-server.war/. It will only be invoked in the @Priority part of the chain.
[0m[0m21:48:35,590 INFO  [open.dolphin] (ServerService Thread Pool -- 108) pvt_idx3 exists
[0m[0m21:48:35,593 INFO  [open.dolphin] (ServerService Thread Pool -- 108) d_karte_idx exists
[0m[0m21:48:35,593 INFO  [open.dolphin] (ServerService Thread Pool -- 108) d_document_idx exists
[0m[0m21:48:35,594 INFO  [open.dolphin] (ServerService Thread Pool -- 108) d_diagnosis_idx exists
[0m[0m21:48:35,599 INFO  [open.dolphin] (ServerService Thread Pool -- 108) d_patient_memo_idx exists
[0m[0m21:48:35,600 INFO  [open.dolphin] (ServerService Thread Pool -- 108) d_letter_module_idx exists
[0m[0m21:48:35,601 INFO  [open.dolphin] (ServerService Thread Pool -- 108) d_observation_idx exists
[0m[0m21:48:35,601 INFO  [open.dolphin] (ServerService Thread Pool -- 108) d_module_idx exists
[0m[0m21:48:35,601 INFO  [open.dolphin] (ServerService Thread Pool -- 108) d_image_idx exists
[0m[0m21:48:35,602 INFO  [open.dolphin] (ServerService Thread Pool -- 108) d_attachment_idx exists
[0m[0m21:48:35,602 INFO  [open.dolphin] (ServerService Thread Pool -- 108) d_nlabo_module_idx exists
[0m[0m21:48:35,602 INFO  [open.dolphin] (ServerService Thread Pool -- 108) d_nlabo_item_idx exists
[0m[0m21:48:35,602 INFO  [open.dolphin] (ServerService Thread Pool -- 108) fid_pid_idx exists
[0m[0m21:48:35,603 INFO  [open.dolphin] (ServerService Thread Pool -- 108) pvt_idx1 exists
[0m[0m21:48:35,603 INFO  [open.dolphin] (ServerService Thread Pool -- 108) pub_tree_idx1 exists
[0m[0m21:48:35,604 INFO  [open.dolphin] (ServerService Thread Pool -- 108) patient_idx1 dose not exists
[0m[0m21:48:35,610 INFO  [org.wildfly.security.soteria.original.SamRegistrationInstaller] (ServerService Thread Pool -- 108) Initializing Soteria 3.0.3.Final for context '/openDolphin'
[0m[0m21:48:35,717 INFO  [org.wildfly.extension.undertow] (ServerService Thread Pool -- 108) WFLYUT0021: Registered web context: '/openDolphin' for server 'default-server'
[0m[0m21:48:35,859 INFO  [org.jboss.as.server] (DeploymentScanner-threads - 1) WFLYSRV0016: Replaced deployment "opendolphin-server.war" with deployment "opendolphin-server.war"
[0m[0m21:48:35,884 INFO  [org.jboss.as.repository] (DeploymentScanner-threads - 1) WFLYDR0002: Content removed from location /opt/jboss/wildfly/standalone/data/content/35/f6a899de58e7825dd8c4713b995d33364f13a8/content
[0m[0m21:48:56,636 INFO  [open.dolphin.rest.LogFilter] (default task-1) LogFilter header fallback is enabled
[0m[0m21:48:56,638 INFO  [open.dolphin.rest.LogFilter] (default task-1) LogFilter header fallback is enabled
[0m[0m21:48:56,648 INFO  [open.dolphin] (default task-1) 127.0.0.1 dolphin GET /dolphin traceId=86ac979c-469a-4ca7-bbd0-59879b724c32
[0m[0m21:48:56,648 INFO  [open.dolphin] (default task-1) 127.0.0.1 dolphin GET /dolphin traceId=9f265450-7df6-4bb4-a23a-c5a1742b5729
[0m[33m21:48:56,681 WARN  [open.dolphin.metrics.MeterRegistryProducer] (default task-1) Micrometer registry not found under java:jboss/micrometer/registry; falling back to global registry.
[0m[0m21:48:58,226 INFO  [stdout] (default task-1) Hibernate: select um1_0.id,um1_0.commonName,um1_0.department,um1_0.departmentCodeSys,um1_0.departmentDesc,um1_0.email,um1_0.facility_id,um1_0.factor2Auth,um1_0.givenName,um1_0.license,um1_0.licenseCodeSys,um1_0.licenseDesc,um1_0.mainMobile,um1_0.memberType,um1_0.memo,um1_0.orcaId,um1_0.password,um1_0.registeredDate,um1_0.sirName,um1_0.subMobile,um1_0.useDrugId,um1_0.userId from d_users um1_0 where um1_0.userId=?
[0m[0m21:48:58,250 INFO  [stdout] (default task-1) Hibernate: select fm1_0.id,fm1_0.address,fm1_0.facilityId,fm1_0.facilityName,fm1_0.facsimile,fm1_0.memberType,fm1_0.registeredDate,fm1_0.s3AccessKey,fm1_0.s3SecretKey,fm1_0.s3URL,fm1_0.telephone,fm1_0.url,fm1_0.zipCode from d_facility fm1_0 where fm1_0.id=?
[0m[0m21:48:58,253 INFO  [stdout] (default task-1) Hibernate: select r1_0.c_user,r1_0.id,r1_0.c_role,r1_0.user_id from d_roles r1_0 where r1_0.c_user=?
[0m[0m21:48:58,259 INFO  [open.dolphin] (default task-1) 172.217.161.36 dolphin POST /dolphin/license traceId=TESTTRACE-VERIFY-001
[0m[0m21:48:58,259 INFO  [open.dolphin] (default task-1) 172.217.161.36 dolphin POST /dolphin/license traceId=TESTTRACE-VERIFY-001
[0m[0m21:48:58,261 INFO  [open.dolphin.rest.SystemResource] (default task-1) ライセンス登録済: UIDSEEDMOCK-20251120TlicenseNightlyZ1

[0m[0m21:48:58,266 INFO  [stdout] (default task-1) Hibernate: select ae1_0.event_hash from d_audit_event ae1_0 order by ae1_0.event_time desc fetch first ? rows only
[0m[0m21:48:58,275 INFO  [stdout] (default task-1) Hibernate: select nextval('d_audit_event_id_seq')
[0m[0m21:48:58,281 INFO  [stdout] (default task-1) Hibernate: insert into d_audit_event (action,actor_display_name,actor_id,actor_role,event_hash,event_time,ip_address,patient_id,payload,payload_hash,previous_hash,request_id,resource,trace_id,user_agent,id) values (?,?,?,?,?,?,?,?,?,?,?,?,?,?,?,?)
[0m[0m21:48:58,557 INFO  [open.dolphin.session.MessageSender] (Thread-9 (ActiveMQ-client-global-threads)) Audit envelope drained from JMS queue [traceId=TESTTRACE-VERIFY-001, action=SYSTEM_LICENSE_CHECK, resource=/openDolphin/resources/dolphin/license, outcome=SUCCESS]
[0m[0m21:49:26,846 INFO  [open.dolphin] (default task-1) 127.0.0.1 dolphin GET /dolphin traceId=c26c0e42-3c9e-4293-bb42-8360c7f28dda
[0m[0m21:49:26,855 INFO  [open.dolphin] (default task-1) 127.0.0.1 dolphin GET /dolphin traceId=95078767-fcba-45ae-8433-c36c98f0bafc
[0m[0m21:49:56,968 INFO  [open.dolphin] (default task-1) 127.0.0.1 dolphin GET /dolphin traceId=6fb8671f-eace-4512-a7e3-f4cf3c73e42b
[0m[0m21:49:56,971 INFO  [open.dolphin] (default task-1) 127.0.0.1 dolphin GET /dolphin traceId=13fc5b97-cfa2-443e-adc3-91bba0a76c1b
[0m[0m21:50:27,087 INFO  [open.dolphin] (default task-1) 127.0.0.1 dolphin GET /dolphin traceId=d5334a36-3064-4bd2-9576-227a0d10897d
[0m[0m21:50:27,088 INFO  [open.dolphin] (default task-1) 127.0.0.1 dolphin GET /dolphin traceId=2f32bf81-e484-44ca-9876-84b52faacafa
[0m[0m21:50:57,182 INFO  [open.dolphin] (default task-1) 127.0.0.1 dolphin GET /dolphin traceId=0cc59543-b056-473f-bfc8-8d4852067332
[0m[0m21:50:57,186 INFO  [open.dolphin] (default task-1) 127.0.0.1 dolphin GET /dolphin traceId=0eab8420-c8b9-44df-8442-b8d746cf9cd7
[0m[0m21:51:27,275 INFO  [open.dolphin] (default task-1) 127.0.0.1 dolphin GET /dolphin traceId=8dd48929-ace7-440d-acdd-8da297131bc8
[0m[0m21:51:27,276 INFO  [open.dolphin] (default task-1) 127.0.0.1 dolphin GET /dolphin traceId=a366469c-472f-4ed8-9190-ffb4a37b7d4e
[0m[0m21:51:57,374 INFO  [open.dolphin] (default task-1) 127.0.0.1 dolphin GET /dolphin traceId=ca3d4fea-1b15-4e86-9a4b-9dba2a0d7d52
[0m[0m21:51:57,375 INFO  [open.dolphin] (default task-1) 127.0.0.1 dolphin GET /dolphin traceId=ad4941ed-e0b4-49f1-afc5-b4f09aedb61b
[0m[0m21:52:27,491 INFO  [open.dolphin] (default task-1) 127.0.0.1 dolphin GET /dolphin traceId=cae51311-19c4-478a-bcbe-3f49601b5a97
[0m[0m21:52:27,492 INFO  [open.dolphin] (default task-1) 127.0.0.1 dolphin GET /dolphin traceId=a4b2449f-b11a-4b6a-9670-1a560d64da27
[0m[0m21:52:42,164 INFO  [org.jboss.as.repository] (DeploymentScanner-threads - 1) WFLYDR0001: Content added at location /opt/jboss/wildfly/standalone/data/content/e2/93916b9df65b55c26a8e7ed0e2ee09e5008b03/content
[0m[0m21:52:42,196 INFO  [org.jboss.as.connector.deployers.jdbc] (MSC service thread 1-6) WFLYJCA0019: Stopped Driver service with driver-name = opendolphin-server.war_org.postgresql.Driver_42_7
[0m[0m21:52:42,207 INFO  [org.wildfly.extension.undertow] (ServerService Thread Pool -- 108) WFLYUT0022: Unregistered web context: '/openDolphin' from server 'default-server'
[0m[0m21:52:42,247 INFO  [open.dolphin] (ServerService Thread Pool -- 122) PreDestroy did call
[0m[0m21:52:42,423 INFO  [org.jboss.as.jpa] (ServerService Thread Pool -- 115) WFLYJPA0011: Stopping Persistence Unit (phase 2 of 2) Service 'opendolphin-server.war#opendolphinPU'
[0m[0m21:52:42,429 INFO  [org.hibernate.orm.beans] (ServerService Thread Pool -- 115) HHH10005004: Stopping BeanContainer : org.hibernate.resource.beans.container.internal.CdiBeanContainerExtendedAccessImpl@28d3e899
[0m[0m21:52:42,432 INFO  [org.jboss.as.jpa] (ServerService Thread Pool -- 115) WFLYJPA0011: Stopping Persistence Unit (phase 1 of 2) Service 'opendolphin-server.war#opendolphinPU'
[0m[0m21:52:42,749 INFO  [org.jboss.as.server.deployment] (MSC service thread 1-1) WFLYSRV0028: Stopped deployment opendolphin-server.war (runtime-name: opendolphin-server.war) in 559ms
[0m[0m21:52:42,751 INFO  [org.jboss.as.server.deployment] (MSC service thread 1-5) WFLYSRV0027: Starting deployment of "opendolphin-server.war" (runtime-name: "opendolphin-server.war")
[0m[0m21:52:45,979 INFO  [org.jboss.as.jpa] (MSC service thread 1-5) WFLYJPA0002: Read persistence.xml for opendolphinPU
[0m[0m21:52:46,103 INFO  [org.jipijapa] (MSC service thread 1-3) JIPIORMV6020260: Second level cache enabled for opendolphin-server.war#opendolphinPU
[0m[0m21:52:46,126 INFO  [org.infinispan.CONTAINER] (ServerService Thread Pool -- 115) ISPN000556: Starting user marshaller 'org.wildfly.clustering.infinispan.marshalling.jboss.JBossMarshaller'
[0m[0m21:52:46,157 INFO  [org.jboss.as.jpa] (ServerService Thread Pool -- 115) WFLYJPA0010: Starting Persistence Unit (phase 1 of 2) Service 'opendolphin-server.war#opendolphinPU'
[0m[0m21:52:46,158 INFO  [org.hibernate.jpa.internal.util.LogHelper] (ServerService Thread Pool -- 115) HHH000204: Processing PersistenceUnitInfo [name: opendolphinPU]
[0m[33m21:52:46,171 WARN  [org.hibernate.orm.deprecation] (ServerService Thread Pool -- 115) HHH90000025: PostgreSQLDialect does not need to be specified explicitly using 'hibernate.dialect' (remove the property setting and it will be selected by default)
[0m[0m21:52:46,172 INFO  [org.hibernate.cache.internal.RegionFactoryInitiator] (ServerService Thread Pool -- 115) HHH000025: Second-level cache region factory [org.infinispan.hibernate.cache.v62.InfinispanRegionFactory]
[0m[0m21:52:46,178 INFO  [org.hibernate.envers.boot.internal.EnversServiceImpl] (ServerService Thread Pool -- 115) Envers integration enabled? : true
[0m[0m21:52:46,182 INFO  [org.jboss.weld.deployer] (MSC service thread 1-7) WFLYWELD0003: Processing weld deployment opendolphin-server.war
[0m[0m21:52:46,216 INFO  [org.jboss.as.ejb3.deployment] (MSC service thread 1-7) WFLYEJB0473: JNDI bindings for session bean named 'PvtService' in deployment unit 'deployment "opendolphin-server.war"' are as follows:

	java:global/opendolphin-server/PvtService!java.lang.Runnable
	java:app/opendolphin-server/PvtService!java.lang.Runnable
	java:module/PvtService!java.lang.Runnable
	java:global/opendolphin-server/PvtService
	java:app/opendolphin-server/PvtService
	java:module/PvtService

[0m[0m21:52:46,216 INFO  [org.jboss.as.ejb3.deployment] (MSC service thread 1-7) WFLYEJB0473: JNDI bindings for session bean named 'IPhoneServiceBean' in deployment unit 'deployment "opendolphin-server.war"' are as follows:

	java:global/opendolphin-server/IPhoneServiceBean!open.dolphin.touch.session.IPhoneServiceBean
	java:app/opendolphin-server/IPhoneServiceBean!open.dolphin.touch.session.IPhoneServiceBean
	java:module/IPhoneServiceBean!open.dolphin.touch.session.IPhoneServiceBean
	java:global/opendolphin-server/IPhoneServiceBean
	java:app/opendolphin-server/IPhoneServiceBean
	java:module/IPhoneServiceBean

[0m[0m21:52:46,216 INFO  [org.jboss.as.ejb3.deployment] (MSC service thread 1-7) WFLYEJB0473: JNDI bindings for session bean named 'ADM20_AdmissionServiceBean' in deployment unit 'deployment "opendolphin-server.war"' are as follows:

	java:global/opendolphin-server/ADM20_AdmissionServiceBean!open.dolphin.adm20.session.ADM20_AdmissionServiceBean
	java:app/opendolphin-server/ADM20_AdmissionServiceBean!open.dolphin.adm20.session.ADM20_AdmissionServiceBean
	java:module/ADM20_AdmissionServiceBean!open.dolphin.adm20.session.ADM20_AdmissionServiceBean
	java:global/opendolphin-server/ADM20_AdmissionServiceBean
	java:app/opendolphin-server/ADM20_AdmissionServiceBean
	java:module/ADM20_AdmissionServiceBean

[0m[0m21:52:46,216 INFO  [org.jboss.as.ejb3.deployment] (MSC service thread 1-7) WFLYEJB0473: JNDI bindings for session bean named 'EHTServiceBean' in deployment unit 'deployment "opendolphin-server.war"' are as follows:

	java:global/opendolphin-server/EHTServiceBean!open.dolphin.touch.session.EHTServiceBean
	java:app/opendolphin-server/EHTServiceBean!open.dolphin.touch.session.EHTServiceBean
	java:module/EHTServiceBean!open.dolphin.touch.session.EHTServiceBean
	java:global/opendolphin-server/EHTServiceBean
	java:app/opendolphin-server/EHTServiceBean
	java:module/EHTServiceBean

[0m[0m21:52:46,216 INFO  [org.jboss.as.ejb3.deployment] (MSC service thread 1-7) WFLYEJB0473: JNDI bindings for session bean named 'PHRAsyncJobServiceBean' in deployment unit 'deployment "opendolphin-server.war"' are as follows:

	java:global/opendolphin-server/PHRAsyncJobServiceBean!open.dolphin.adm20.session.PHRAsyncJobServiceBean
	java:app/opendolphin-server/PHRAsyncJobServiceBean!open.dolphin.adm20.session.PHRAsyncJobServiceBean
	java:module/PHRAsyncJobServiceBean!open.dolphin.adm20.session.PHRAsyncJobServiceBean
	java:global/opendolphin-server/PHRAsyncJobServiceBean
	java:app/opendolphin-server/PHRAsyncJobServiceBean
	java:module/PHRAsyncJobServiceBean

[0m[0m21:52:46,216 INFO  [org.jboss.as.ejb3.deployment] (MSC service thread 1-7) WFLYEJB0473: JNDI bindings for session bean named 'OrcaResource' in deployment unit 'deployment "opendolphin-server.war"' are as follows:

	java:global/opendolphin-server/OrcaResource!open.orca.rest.OrcaResource
	java:app/opendolphin-server/OrcaResource!open.orca.rest.OrcaResource
	java:module/OrcaResource!open.orca.rest.OrcaResource
	java:global/opendolphin-server/OrcaResource
	java:app/opendolphin-server/OrcaResource
	java:module/OrcaResource

[0m[0m21:52:46,216 INFO  [org.jboss.as.ejb3.deployment] (MSC service thread 1-7) WFLYEJB0473: JNDI bindings for session bean named 'IdentityService' in deployment unit 'deployment "opendolphin-server.war"' are as follows:

	java:global/opendolphin-server/IdentityService!open.dolphin.adm20.mbean.IdentityService
	java:app/opendolphin-server/IdentityService!open.dolphin.adm20.mbean.IdentityService
	java:module/IdentityService!open.dolphin.adm20.mbean.IdentityService
	java:global/opendolphin-server/IdentityService
	java:app/opendolphin-server/IdentityService
	java:module/IdentityService

[0m[0m21:52:46,216 INFO  [org.jboss.as.ejb3.deployment] (MSC service thread 1-7) WFLYEJB0473: JNDI bindings for session bean named 'InitialAccountMaker' in deployment unit 'deployment "opendolphin-server.war"' are as follows:

	java:global/opendolphin-server/InitialAccountMaker!open.dolphin.mbean.InitialAccountMaker
	java:app/opendolphin-server/InitialAccountMaker!open.dolphin.mbean.InitialAccountMaker
	java:module/InitialAccountMaker!open.dolphin.mbean.InitialAccountMaker
	java:global/opendolphin-server/InitialAccountMaker
	java:app/opendolphin-server/InitialAccountMaker
	java:module/InitialAccountMaker

[0m[0m21:52:46,216 INFO  [org.jboss.as.ejb3.deployment] (MSC service thread 1-7) WFLYEJB0473: JNDI bindings for session bean named 'ADM10_EHTServiceBean' in deployment unit 'deployment "opendolphin-server.war"' are as follows:

	java:global/opendolphin-server/ADM10_EHTServiceBean!open.dolphin.adm10.session.ADM10_EHTServiceBean
	java:app/opendolphin-server/ADM10_EHTServiceBean!open.dolphin.adm10.session.ADM10_EHTServiceBean
	java:module/ADM10_EHTServiceBean!open.dolphin.adm10.session.ADM10_EHTServiceBean
	java:global/opendolphin-server/ADM10_EHTServiceBean
	java:app/opendolphin-server/ADM10_EHTServiceBean
	java:module/ADM10_EHTServiceBean

[0m[0m21:52:46,216 INFO  [org.jboss.as.ejb3.deployment] (MSC service thread 1-7) WFLYEJB0473: JNDI bindings for session bean named 'AMD20_PHRServiceBean' in deployment unit 'deployment "opendolphin-server.war"' are as follows:

	java:global/opendolphin-server/AMD20_PHRServiceBean!open.dolphin.adm20.session.AMD20_PHRServiceBean
	java:app/opendolphin-server/AMD20_PHRServiceBean!open.dolphin.adm20.session.AMD20_PHRServiceBean
	java:module/AMD20_PHRServiceBean!open.dolphin.adm20.session.AMD20_PHRServiceBean
	java:global/opendolphin-server/AMD20_PHRServiceBean
	java:app/opendolphin-server/AMD20_PHRServiceBean
	java:module/AMD20_PHRServiceBean

[0m[0m21:52:46,216 INFO  [org.jboss.as.ejb3.deployment] (MSC service thread 1-7) WFLYEJB0473: JNDI bindings for session bean named 'ADM20_IPhoneServiceBean' in deployment unit 'deployment "opendolphin-server.war"' are as follows:

	java:global/opendolphin-server/ADM20_IPhoneServiceBean!open.dolphin.adm20.session.ADM20_IPhoneServiceBean
	java:app/opendolphin-server/ADM20_IPhoneServiceBean!open.dolphin.adm20.session.ADM20_IPhoneServiceBean
	java:module/ADM20_IPhoneServiceBean!open.dolphin.adm20.session.ADM20_IPhoneServiceBean
	java:global/opendolphin-server/ADM20_IPhoneServiceBean
	java:app/opendolphin-server/ADM20_IPhoneServiceBean
	java:module/ADM20_IPhoneServiceBean

[0m[0m21:52:46,217 INFO  [org.jboss.as.ejb3.deployment] (MSC service thread 1-7) WFLYEJB0473: JNDI bindings for session bean named 'ADM10_IPhoneServiceBean' in deployment unit 'deployment "opendolphin-server.war"' are as follows:

	java:global/opendolphin-server/ADM10_IPhoneServiceBean!open.dolphin.adm10.session.ADM10_IPhoneServiceBean
	java:app/opendolphin-server/ADM10_IPhoneServiceBean!open.dolphin.adm10.session.ADM10_IPhoneServiceBean
	java:module/ADM10_IPhoneServiceBean!open.dolphin.adm10.session.ADM10_IPhoneServiceBean
	java:global/opendolphin-server/ADM10_IPhoneServiceBean
	java:app/opendolphin-server/ADM10_IPhoneServiceBean
	java:module/ADM10_IPhoneServiceBean

[0m[0m21:52:46,293 INFO  [org.jipijapa] (MSC service thread 1-4) JIPIORMV6020260: Second level cache enabled for opendolphin-server.war#opendolphinPU
[0m[33m21:52:46,299 WARN  [org.jboss.as.jaxrs] (MSC service thread 1-4) WFLYRS0018: Explicit usage of Jackson annotation in a Jakarta RESTful Web Services deployment; the system will disable Jakarta JSON Binding processing for the current deployment. Consider setting the 'resteasy.preferJacksonOverJsonB' property to 'false' to restore Jakarta JSON Binding.
[0m[0m21:52:46,302 INFO  [org.jboss.as.connector.deployers.jdbc] (MSC service thread 1-4) WFLYJCA0005: Deploying non-JDBC-compliant driver class org.postgresql.Driver (version 42.7)
[0m[0m21:52:46,314 INFO  [org.jboss.as.connector.deployers.jdbc] (MSC service thread 1-6) WFLYJCA0018: Started Driver service with driver-name = opendolphin-server.war_org.postgresql.Driver_42_7
[0m[0m21:52:46,324 INFO  [org.jboss.as.ejb3] (MSC service thread 1-1) WFLYEJB0042: Started message driven bean 'MessageSender' with 'activemq-ra.rar' resource adapter
[0m[0m21:52:46,329 INFO  [org.jboss.as.jpa] (ServerService Thread Pool -- 115) WFLYJPA0010: Starting Persistence Unit (phase 2 of 2) Service 'opendolphin-server.war#opendolphinPU'
[0m[0m21:52:46,628 INFO  [org.jboss.weld.Bootstrap] (Weld Thread Pool -- 5) WELD-000119: Not generating any bean definitions from open.dolphin.metrics.DatasourceMetricsRegistrar because of underlying class loading error: Type io.agroal.api.AgroalDataSource from [Module "deployment.opendolphin-server.war" from Service Module Loader] not found.  If this is unexpected, enable DEBUG logging to see the full error.
[0m[33m21:52:46,648 WARN  [org.jboss.weld.Validator] (MSC service thread 1-8) WELD-001478: Interceptor class open.dolphin.session.framework.SessionOperationInterceptor is enabled for the application and for the bean archive opendolphin-server.war/. It will only be invoked in the @Priority part of the chain.
[0m[0m21:52:46,794 INFO  [open.dolphin] (ServerService Thread Pool -- 113) pvt_idx3 exists
[0m[0m21:52:46,795 INFO  [open.dolphin] (ServerService Thread Pool -- 113) d_karte_idx exists
[0m[0m21:52:46,795 INFO  [open.dolphin] (ServerService Thread Pool -- 113) d_document_idx exists
[0m[0m21:52:46,796 INFO  [open.dolphin] (ServerService Thread Pool -- 113) d_diagnosis_idx exists
[0m[0m21:52:46,796 INFO  [open.dolphin] (ServerService Thread Pool -- 113) d_patient_memo_idx exists
[0m[0m21:52:46,797 INFO  [open.dolphin] (ServerService Thread Pool -- 113) d_letter_module_idx exists
[0m[0m21:52:46,797 INFO  [open.dolphin] (ServerService Thread Pool -- 113) d_observation_idx exists
[0m[0m21:52:46,797 INFO  [open.dolphin] (ServerService Thread Pool -- 113) d_module_idx exists
[0m[0m21:52:46,797 INFO  [open.dolphin] (ServerService Thread Pool -- 113) d_image_idx exists
[0m[0m21:52:46,797 INFO  [open.dolphin] (ServerService Thread Pool -- 113) d_attachment_idx exists
[0m[0m21:52:46,797 INFO  [open.dolphin] (ServerService Thread Pool -- 113) d_nlabo_module_idx exists
[0m[0m21:52:46,798 INFO  [open.dolphin] (ServerService Thread Pool -- 113) d_nlabo_item_idx exists
[0m[0m21:52:46,798 INFO  [open.dolphin] (ServerService Thread Pool -- 113) fid_pid_idx exists
[0m[0m21:52:46,798 INFO  [open.dolphin] (ServerService Thread Pool -- 113) pvt_idx1 exists
[0m[0m21:52:46,798 INFO  [open.dolphin] (ServerService Thread Pool -- 113) pub_tree_idx1 exists
[0m[0m21:52:46,799 INFO  [open.dolphin] (ServerService Thread Pool -- 113) patient_idx1 dose not exists
[0m[0m21:52:46,803 INFO  [org.wildfly.security.soteria.original.SamRegistrationInstaller] (ServerService Thread Pool -- 113) Initializing Soteria 3.0.3.Final for context '/openDolphin'
[0m[0m21:52:46,841 INFO  [org.wildfly.extension.undertow] (ServerService Thread Pool -- 113) WFLYUT0021: Registered web context: '/openDolphin' for server 'default-server'
[0m[0m21:52:46,860 INFO  [org.jboss.as.server] (DeploymentScanner-threads - 1) WFLYSRV0016: Replaced deployment "opendolphin-server.war" with deployment "opendolphin-server.war"
[0m[0m21:52:46,874 INFO  [org.jboss.as.repository] (DeploymentScanner-threads - 1) WFLYDR0002: Content removed from location /opt/jboss/wildfly/standalone/data/content/64/eb88845d09990d6f21195388baa57c8212de3b/content
[0m[0m21:52:57,622 INFO  [open.dolphin.rest.LogFilter] (default task-1) LogFilter header fallback is enabled
[0m[0m21:52:57,623 INFO  [open.dolphin.rest.LogFilter] (default task-1) LogFilter header fallback is enabled
[0m[0m21:52:57,631 INFO  [open.dolphin] (default task-1) 127.0.0.1 dolphin GET /dolphin traceId=a4f80a02-21db-4360-85a4-9d6acb14f279
[0m[0m21:52:57,631 INFO  [open.dolphin] (default task-1) 127.0.0.1 dolphin GET /dolphin traceId=39cb973c-29ad-4264-a6b8-94c5e7878363
[0m[33m21:52:57,642 WARN  [open.dolphin.metrics.MeterRegistryProducer] (default task-1) Micrometer registry not found under java:jboss/micrometer/registry; falling back to global registry.
[0m[0m21:53:06,919 INFO  [stdout] (default task-1) Hibernate: select um1_0.id,um1_0.commonName,um1_0.department,um1_0.departmentCodeSys,um1_0.departmentDesc,um1_0.email,um1_0.facility_id,um1_0.factor2Auth,um1_0.givenName,um1_0.license,um1_0.licenseCodeSys,um1_0.licenseDesc,um1_0.mainMobile,um1_0.memberType,um1_0.memo,um1_0.orcaId,um1_0.password,um1_0.registeredDate,um1_0.sirName,um1_0.subMobile,um1_0.useDrugId,um1_0.userId from d_users um1_0 where um1_0.userId=?
[0m[0m21:53:06,928 INFO  [stdout] (default task-1) Hibernate: select fm1_0.id,fm1_0.address,fm1_0.facilityId,fm1_0.facilityName,fm1_0.facsimile,fm1_0.memberType,fm1_0.registeredDate,fm1_0.s3AccessKey,fm1_0.s3SecretKey,fm1_0.s3URL,fm1_0.telephone,fm1_0.url,fm1_0.zipCode from d_facility fm1_0 where fm1_0.id=?
[0m[0m21:53:06,931 INFO  [stdout] (default task-1) Hibernate: select r1_0.c_user,r1_0.id,r1_0.c_role,r1_0.user_id from d_roles r1_0 where r1_0.c_user=?
[0m[0m21:53:06,936 INFO  [open.dolphin] (default task-1) 172.217.161.36 dolphin POST /dolphin/license traceId=TESTTRACE-VERIFY-002
[0m[0m21:53:06,936 INFO  [open.dolphin] (default task-1) 172.217.161.36 dolphin POST /dolphin/license traceId=TESTTRACE-VERIFY-002
[0m[0m21:53:06,943 INFO  [open.dolphin.rest.SystemResource] (default task-1) ライセンス登録済: UIDSEEDMOCK-20251120TlicenseNightlyZ1

[0m[0m21:53:06,964 INFO  [stdout] (default task-1) Hibernate: select ae1_0.event_hash from d_audit_event ae1_0 order by ae1_0.event_time desc fetch first ? rows only
[0m[0m21:53:06,973 INFO  [stdout] (default task-1) Hibernate: select nextval('d_audit_event_id_seq')
[0m[0m21:53:06,980 INFO  [stdout] (default task-1) Hibernate: insert into d_audit_event (action,actor_display_name,actor_id,actor_role,event_hash,event_time,ip_address,patient_id,payload,payload_hash,previous_hash,request_id,resource,trace_id,user_agent,id) values (?,?,?,?,?,?,?,?,?,?,?,?,?,?,?,?)
[0m[0m21:53:07,034 INFO  [stdout] (default task-1) Hibernate: update d_audit_event set trace_id = ?, payload = ? where id = ?
[0m[0m21:53:07,083 INFO  [open.dolphin.session.MessageSender] (Thread-14 (ActiveMQ-client-global-threads)) Audit envelope drained from JMS queue [traceId=TESTTRACE-VERIFY-002, action=SYSTEM_LICENSE_CHECK, resource=/openDolphin/resources/dolphin/license, outcome=SUCCESS]
[0m[0m21:53:27,774 INFO  [open.dolphin] (default task-1) 127.0.0.1 dolphin GET /dolphin traceId=9359c52c-31f4-450e-97a1-3d3ecf8496bf
[0m[0m21:53:27,775 INFO  [open.dolphin] (default task-1) 127.0.0.1 dolphin GET /dolphin traceId=cdc6b487-86f3-448a-8628-a5e215eeeb1c
[0m[0m21:53:57,861 INFO  [open.dolphin] (default task-1) 127.0.0.1 dolphin GET /dolphin traceId=427811cd-f8ec-4715-9ff8-78d8211f99a0
[0m[0m21:53:57,862 INFO  [open.dolphin] (default task-1) 127.0.0.1 dolphin GET /dolphin traceId=946c76fd-3c54-4940-bf16-6fc8cf5afa05
[0m[0m21:54:27,974 INFO  [open.dolphin] (default task-1) 127.0.0.1 dolphin GET /dolphin traceId=52cc2e58-a6fa-472d-821b-76e6431981c8
[0m[0m21:54:27,976 INFO  [open.dolphin] (default task-1) 127.0.0.1 dolphin GET /dolphin traceId=ea033247-5865-4fd4-b929-f1d58d0d0102
[0m[0m21:54:51,741 INFO  [open.dolphin] (default task-1) 172.24.0.8 dolphin POST /dolphin/license traceId=20251121TlicenseNightlyZ1
[0m[0m21:54:51,744 INFO  [open.dolphin] (default task-1) 172.24.0.8 dolphin POST /dolphin/license traceId=20251121TlicenseNightlyZ1
[0m[0m21:54:51,764 INFO  [open.dolphin.rest.SystemResource] (default task-1) ライセンス新規登録: cec2afe2-b22a-4e5d-a6b1-26cddd527170-20251121TlicenseNightlyZ1

[0m[0m21:54:51,775 INFO  [stdout] (default task-1) Hibernate: select ae1_0.event_hash from d_audit_event ae1_0 order by ae1_0.event_time desc fetch first ? rows only
[0m[0m21:54:51,788 INFO  [stdout] (default task-1) Hibernate: select nextval('d_audit_event_id_seq')
[0m[0m21:54:51,792 INFO  [stdout] (default task-1) Hibernate: insert into d_audit_event (action,actor_display_name,actor_id,actor_role,event_hash,event_time,ip_address,patient_id,payload,payload_hash,previous_hash,request_id,resource,trace_id,user_agent,id) values (?,?,?,?,?,?,?,?,?,?,?,?,?,?,?,?)
[0m[0m21:54:51,805 INFO  [stdout] (default task-1) Hibernate: update d_audit_event set trace_id = ?, payload = ? where id = ?
[0m[0m21:54:51,835 INFO  [open.dolphin.session.MessageSender] (Thread-16 (ActiveMQ-client-global-threads)) Audit envelope drained from JMS queue [traceId=20251121TlicenseNightlyZ1, action=SYSTEM_LICENSE_CHECK, resource=/openDolphin/resources/dolphin/license, outcome=SUCCESS]
[0m[0m21:54:51,885 INFO  [open.dolphin] (default task-1) 172.24.0.8 dolphin GET /dolphin/license traceId=20251121TlicenseNightlyZ1
[0m[0m21:54:51,885 INFO  [open.dolphin] (default task-1) 172.24.0.8 dolphin GET /dolphin/license traceId=20251121TlicenseNightlyZ1
[0m[0m21:54:51,943 INFO  [open.dolphin] (default task-1) 172.24.0.8 dolphin GET /system/license traceId=20251121TlicenseNightlyZ1
[0m[0m21:54:51,943 INFO  [open.dolphin] (default task-1) 172.24.0.8 dolphin GET /system/license traceId=20251121TlicenseNightlyZ1
[0m[0m21:54:58,074 INFO  [open.dolphin] (default task-1) 127.0.0.1 dolphin GET /dolphin traceId=ad2e9450-d7b8-4b45-8dde-c8213942c3d6
[0m[0m21:54:58,075 INFO  [open.dolphin] (default task-1) 127.0.0.1 dolphin GET /dolphin traceId=59b0b1b8-efbf-4ec6-9546-b86d46977032
