-- file: artifacts/api-stability/20251124T130000Z/seed/templates/seed-orca05.sql
-- RUN_ID=20251124T130000Z (ORCA-05 seed template)
-- 薬剤分類 / 最低薬価 / 用法 / 特定器材 / 検査分類
BEGIN;
BEGIN
-- 用法 (TBL_YOUHOU)
INSERT INTO TBL_YOUHOU (youhoucode, youhouname, kana_name, start_date, end_date)
VALUES ('10', '1日1回 朝食後', 'イチニチイッカイ チョウショクゴ', '20240401', '99991231');
INSERT 0 1
-- 薬剤分類 (TBL_GENERIC_CLASS)
INSERT INTO TBL_GENERIC_CLASS (class_code, class_name, category_code, unit, start_date, end_date, note)
VALUES
  ('211', '降圧薬', 'generic', 'tablet', '20240401', '99991231', 'seed-run-20251124T130000Z'),
  ('21101', 'ACE 阻害薬', 'generic', 'tablet', '20240401', '99991231', 'seed-run-20251124T130000Z');
INSERT 0 2
-- 最低薬価 (TBL_GENERIC_PRICE)
INSERT INTO TBL_GENERIC_PRICE (srycd, name, unit, price, youhoucode, start_date, end_date)
VALUES
  ('610008123', 'アムロジピン錠 5mg', 'TAB', 12.5, '10', '20240401', '99991231'),
  ('699999999', '未収載薬', 'TAB', NULL, NULL, '20240401', '99991231');
INSERT 0 2
-- 特定器材 (TBL_MATERIAL)
INSERT INTO TBL_MATERIAL (material_code, material_name, material_category, unit, price, start_date, end_date, maker)
VALUES
  ('5001001', '注射器 2.5mL', 'A1', 'EA', 35.0, '20240401', '20250331', 'seed-maker');
INSERT 0 1
-- 検査分類 (TBL_KENSASORT)
INSERT INTO TBL_KENSASORT (kensa_code, kensa_name, kensa_sort, start_date, end_date)
VALUES ('1101', '血液検査', '11', '20240401', '99991231');
INSERT 0 1
COMMIT;
COMMIT
ROLLBACK;
ROLLBACK
-- file: artifacts/api-stability/20251124T130000Z/seed/templates/seed-orca06.sql
-- RUN_ID=20251124T130000Z (ORCA-06 seed template)
-- 保険者 / 住所
BEGIN;
BEGIN
-- 住所 (TBL_ADRS)
INSERT INTO TBL_ADRS (zip, pref_code, city_code, city, town, kana, roman, full_address, start_date, end_date)
VALUES ('1000001', '13', '13101', '千代田区', '千代田', 'チヨダク チヨダ', 'Chiyoda-ku Chiyoda', '東京都千代田区千代田', '20240401', '99991231');
INSERT 0 1
-- 保険者 (TBL_HKNJAINF)
INSERT INTO TBL_HKNJAINF (hknjanum, hknjaname, hknjakbn, hknjafutankeiritsu, pref_code, city_code, zip, address, tel, start_date, end_date)
VALUES ('06123456', '札幌市国民健康保険', 1, 0.7, '01', '01100', '0600001', '北海道札幌市中央区北一条西2', '011-123-4567', '20240401', '99991231');
INSERT 0 1
COMMIT;
COMMIT
ROLLBACK;
ROLLBACK
-- file: artifacts/api-stability/20251124T130000Z/seed/templates/seed-orca08.sql
-- RUN_ID=20251124T130000Z (ORCA-08 seed template)
-- 電子点数表 (例: TBL_ETENSU_1)
BEGIN;
BEGIN
INSERT INTO TBL_ETENSU_1 (srycd, kubun, name, tanka, tani, category, ymd_start, ymd_end, tensu_version)
VALUES
  ('110000001', '11', '初診料', 288, 'visit', '診察', '20240401', '99991231', '202404'),
  ('110000101', '11', '再診料', 75, 'visit', '診察', '20240401', '99991231', '202404');
INSERT 0 2
COMMIT;
COMMIT
ROLLBACK;
ROLLBACK
