[0m[0m06:25:10,013 INFO  [open.dolphin] (default task-1) 127.0.0.1 anonymous GET /dolphin traceId=3a6e9fe3-ff04-4999-95b5-cf6965fec60f
[0m[0m06:25:10,016 INFO  [open.dolphin] (default task-1) 127.0.0.1 anonymous GET /dolphin traceId=9738add9-767e-49f1-95e3-f64d974980dc
[0m[0m06:25:10,558 INFO  [open.dolphin] (default task-1) 192.168.65.1 anonymous GET /schedule/pvt/2025-11-09 traceId=trace-schedule-jpql
[0m[0m06:25:10,559 INFO  [open.dolphin] (default task-1) 192.168.65.1 anonymous GET /schedule/pvt/2025-11-09 traceId=trace-schedule-jpql
[0m[0m06:25:10,565 INFO  [stdout] (default task-1) Hibernate: select pvm1_0.id,pvm1_0.department,pvm1_0.deptCode,pvm1_0.deptName,pvm1_0.doctorId,pvm1_0.doctorName,pvm1_0.facilityId,pvm1_0.firstInsurance,pvm1_0.insuranceUid,pvm1_0.jmariNumber,pvm1_0.memo,pvm1_0.patient_id,pvm1_0.pvtDate,pvm1_0.status from d_patient_visit pvm1_0 where pvm1_0.facilityId=? and pvm1_0.pvtDate like ? escape '' order by pvm1_0.pvtDate
[0m[33m06:25:20,688 WARNING [io.micrometer.registry.otlp.OtlpMeterRegistry] (otlp-metrics-publisher) Failed to publish metrics to OTLP receiver: java.net.UnknownHostException: otel-collector
	at java.base/sun.nio.ch.NioSocketImpl.connect(NioSocketImpl.java:572)
	at java.base/java.net.Socket.connect(Socket.java:633)
	at java.base/sun.net.NetworkClient.doConnect(NetworkClient.java:178)
	at java.base/sun.net.www.http.HttpClient.openServer(HttpClient.java:533)
	at java.base/sun.net.www.http.HttpClient.openServer(HttpClient.java:638)
	at java.base/sun.net.www.http.HttpClient.<init>(HttpClient.java:281)
	at java.base/sun.net.www.http.HttpClient.New(HttpClient.java:386)
	at java.base/sun.net.www.http.HttpClient.New(HttpClient.java:408)
	at java.base/sun.net.www.protocol.http.HttpURLConnection.getNewHttpClient(HttpURLConnection.java:1308)
	at java.base/sun.net.www.protocol.http.HttpURLConnection.plainConnect0(HttpURLConnection.java:1241)
	at java.base/sun.net.www.protocol.http.HttpURLConnection.plainConnect(HttpURLConnection.java:1127)
	at java.base/sun.net.www.protocol.http.HttpURLConnection.connect(HttpURLConnection.java:1056)
	at java.base/sun.net.www.protocol.http.HttpURLConnection.getOutputStream0(HttpURLConnection.java:1450)
	at java.base/sun.net.www.protocol.http.HttpURLConnection.getOutputStream(HttpURLConnection.java:1421)
	at io.micrometer@1.12.4//io.micrometer.core.ipc.http.HttpUrlConnectionSender.send(HttpUrlConnectionSender.java:98)
	at io.micrometer@1.12.4//io.micrometer.core.ipc.http.HttpSender$Request$Builder.send(HttpSender.java:306)
	at io.micrometer@1.12.4//io.micrometer.registry.otlp.OtlpMeterRegistry.publish(OtlpMeterRegistry.java:168)
	at io.micrometer@1.12.4//io.micrometer.core.instrument.push.PushMeterRegistry.publishSafelyOrSkipIfInProgress(PushMeterRegistry.java:64)
	at java.base/java.util.concurrent.Executors$RunnableAdapter.call(Executors.java:539)
	at java.base/java.util.concurrent.FutureTask.runAndReset(FutureTask.java:305)
	at java.base/java.util.concurrent.ScheduledThreadPoolExecutor$ScheduledFutureTask.run(ScheduledThreadPoolExecutor.java:305)
	at java.base/java.util.concurrent.ThreadPoolExecutor.runWorker(ThreadPoolExecutor.java:1136)
	at java.base/java.util.concurrent.ThreadPoolExecutor$Worker.run(ThreadPoolExecutor.java:635)
	at java.base/java.lang.Thread.run(Thread.java:840)

