A more recent version of Flyway is available. Find out more about Flyway 11.17.0 at https://rd.gt/3rXiSlV

Flyway OSS Edition 10.17.3 by Redgate

See release notes here: https://rd.gt/416ObMi
Database: jdbc:postgresql://localhost:5432/opendolphin (PostgreSQL 14.19)
Schema version: 0227

+-----------+---------+----------------------------+----------+---------------------+----------+----------+
| Category  | Version | Description                | Type     | Installed On        | State    | Undoable |
+-----------+---------+----------------------------+----------+---------------------+----------+----------+
|           | 0       | << Flyway Baseline >>      | BASELINE | 2025-11-13 13:09:34 | Baseline | No       |
| Versioned | 0001    | baseline tag               | SQL      | 2025-11-13 13:09:40 | Success  | No       |
| Versioned | 0002    | performance indexes        | SQL      | 2025-11-13 13:09:40 | Success  | No       |
| Versioned | 0003    | security phase3 stage7     | SQL      | 2025-11-13 13:09:40 | Success  | No       |
| Versioned | 0220    | phr async job              | SQL      | 2025-11-13 13:09:41 | Success  | No       |
| Versioned | 0221    | doc module flag columns    | SQL      | 2025-11-13 13:09:41 | Success  | No       |
| Versioned | 0222    | diagnosis legacy tables    | SQL      | 2025-11-13 13:09:41 | Success  | No       |
| Versioned | 0223    | schedule appo tables       | SQL      | 2025-11-13 13:09:41 | Success  | No       |
| Versioned | 0224    | document module tables     | SQL      | 2025-11-13 13:09:41 | Success  | No       |
| Versioned | 0225    | letter lab stamp tables    | SQL      | 2025-11-13 13:09:41 | Success  | No       |
| Versioned | 0226    | audit event sequence owned | SQL      | 2025-11-13 13:09:41 | Success  | No       |
| Versioned | 0227    | audit event trace id       | SQL      | 2025-11-13 13:09:41 | Success  | No       |
+-----------+---------+----------------------------+----------+---------------------+----------+----------+

