[2025-11-13T13:15:28+09:00] Waiting for PostgreSQL at db:5432 (timeout: 300s)
[2025-11-13T13:15:28+09:00] PostgreSQL is reachable
[2025-11-13T13:15:28+09:00] Rendering /opt/jma/weborca/conf/db.conf
[2025-11-13T13:15:29+09:00] jma-setup already executed; skipping
[2025-11-13T13:15:29+09:00] ormaster password already configured; skipping
[2025-11-13T13:15:29+09:00] Starting WebORCA middleware

   ____    __
  / __/___/ /  ___
 / _// __/ _ \/ _ \
/___/\__/_//_/\___/ v4.13.4
High performance, minimalist Go web framework
https://echo.labstack.com
____________________________________O/_______
                                    O\
⇨ http server started on [::]:8000
libcob:create_context
libcob:update_context
cob_init start
cob_init end
***************
* accept start*
***************
MDCRES-OBJECT not low_value
***************
* accept end  *
***************
DestroySessionWithWS: ormaster
