	 WHERE hospnum=1 AND ukeymd='20251113' AND ukeid=1;
2025-11-13 11:58:04.026 JST [41894] LOG:  statement: BEGIN;
2025-11-13 11:58:04.029 JST [41894] LOG:  statement: DELETE FROM public.tbl_list_doctor
	 WHERE hospnum = 1 AND sryka = '01' AND rennum = 1;
2025-11-13 11:58:04.037 JST [41894] LOG:  statement: INSERT INTO public.tbl_list_doctor (
	    hospnum,
	    sryka,
	    rennum,
	    drcd,
	    termid,
	    opid,
	    creymd,
	    upymd,
	    uphms
	) VALUES (
	    1,
	    '01',
	    1,
	    '00001',
	    'W41',
	    'api21',
	    '20251113',
	    '20251113',
	    '093000'
	);
2025-11-13 11:58:04.038 JST [41894] LOG:  statement: DELETE FROM public.tbl_ptnum_public
	 WHERE hospnum = 1 AND ptid = 1;
2025-11-13 11:58:04.038 JST [41894] LOG:  statement: INSERT INTO public.tbl_ptnum_public (
	    hospnum,
	    ptid,
	    patient_id_1,
	    termid,
	    opid,
	    creymd,
	    upymd,
	    uphms,
	    agreement
	) VALUES (
	    1,
	    1,
	    '000001',
	    'W41',
	    'api21',
	    '20251113',
	    '20251113',
	    '093200',
	    '1'
	);
2025-11-13 11:58:04.038 JST [41894] LOG:  statement: DELETE FROM public.tbl_srykarrk
	 WHERE hospnum = 1 AND ptid = 1 AND sryka = '01';
2025-11-13 11:58:04.039 JST [41894] LOG:  statement: INSERT INTO public.tbl_srykarrk (
	    ptid,
	    sryka,
	    syosinymd1,
	    syosinymd2,
	    lastymd,
	    termid,
	    opid,
	    creymd,
	    upymd,
	    uphms,
	    hospnum
	) VALUES (
	    1,
	    '01',
	    '20251113',
	    '20251113',
	    '20251113',
	    'W41',
	    'api21',
	    '20251113',
	    '20251113',
	    '093500',
	    1
	);
2025-11-13 11:58:04.039 JST [41894] LOG:  statement: DELETE FROM public.tbl_sryact
	 WHERE hospnum = 1
	   AND nyugaikbn = 'O'
	   AND ptid = 1
	   AND sryka = '01'
	   AND sryym = '202511'
	   AND zainum = 1
	   AND rennum = 1;
2025-11-13 11:58:04.040 JST [41894] LOG:  statement: INSERT INTO public.tbl_sryact (
	    nyugaikbn,
	    ptid,
	    sryka,
	    sryym,
	    zainum,
	    rennum,
	    srykbn,
	    srycd1,
	    srysuryo1,
	    srykaisu1,
	    meiskyflg1,
	    termid,
	    opid,
	    creymd,
	    upymd,
	    uphms,
	    hospnum
	) VALUES (
	    'O',
	    1,
	    '01',
	    '202511',
	    1,
	    1,
	    '11',
	    '110000010',
	    1,
	    1,
	    '0',
	    'W41',
	    'api21',
	    '20251113',
	    '20251113',
	    '094000',
	    1
	);
2025-11-13 11:58:04.040 JST [41894] LOG:  statement: COMMIT;
2025-11-13 11:58:15.045 JST [41904] LOG:  execute stmtcache_e8c9ddbd9ca010f076d588a886d7ee78fd4f109411528a60: SELECT password FROM tbl_passwd INNER JOIN tbl_sysuser ON tbl_sysuser.userid = tbl_passwd.userid WHERE tbl_passwd.userid = $1
2025-11-13 11:58:15.045 JST [41904] DETAIL:  parameters: $1 = 'ormaster'
2025-11-13 11:58:15.054 JST [41906] LOG:  execute stmtcache_9e4018135a290f02f686df3894049b1ed69da411481bc5db:  SELECT * FROM tbl_sysuser WHERE USERID = $1::varchar ;
2025-11-13 11:58:15.054 JST [41906] DETAIL:  parameters: $1 = 'ormaster'
2025-11-13 11:58:15.055 JST [41906] LOG:  statement: -- ping
2025-11-13 11:58:15.055 JST [41906] LOG:  execute stmtcache_c57d24dd01b2dbbe96ebb5de3f8442cbb50f683d45bf5d94:  SELECT * FROM tbl_sysbase ORDER BY HOSPNUM ;
2025-11-13 11:58:15.057 JST [41906] LOG:  execute stmtcache_5b352ee63806d9c6899dc47a6da47ecc307800fedb3d77da:  SELECT * FROM tbl_syskanri WHERE HOSPNUM = $1::integer AND KANRICD = $2::varchar AND KBNCD = $3::varchar AND STYUKYMD <= $4::varchar AND EDYUKYMD >= $5::varchar ;
2025-11-13 11:58:15.057 JST [41906] DETAIL:  parameters: $1 = '1', $2 = '1001', $3 = '*', $4 = '20251113', $5 = '20251113'
2025-11-13 11:58:15.057 JST [41906] LOG:  execute stmtcache_5b352ee63806d9c6899dc47a6da47ecc307800fedb3d77da:  SELECT * FROM tbl_syskanri WHERE HOSPNUM = $1::integer AND KANRICD = $2::varchar AND KBNCD = $3::varchar AND STYUKYMD <= $4::varchar AND EDYUKYMD >= $5::varchar ;
2025-11-13 11:58:15.057 JST [41906] DETAIL:  parameters: $1 = '1', $2 = '1009', $3 = '*', $4 = '20251113', $5 = '20251113'
2025-11-13 11:58:15.057 JST [41906] LOG:  execute stmtcache_5b352ee63806d9c6899dc47a6da47ecc307800fedb3d77da:  SELECT * FROM tbl_syskanri WHERE HOSPNUM = $1::integer AND KANRICD = $2::varchar AND KBNCD = $3::varchar AND STYUKYMD <= $4::varchar AND EDYUKYMD >= $5::varchar ;
2025-11-13 11:58:15.057 JST [41906] DETAIL:  parameters: $1 = '1', $2 = '9800', $3 = '*', $4 = '20251113', $5 = '20251113'
2025-11-13 11:58:15.058 JST [41906] LOG:  execute stmtcache_3dd41b3cb4b687465c34fd4aecbfb94435468784f6e96a2f:  SELECT * FROM tbl_syskanri WHERE HOSPNUM = $1::integer AND KANRICD = $2::varchar AND STYUKYMD <= $3::varchar AND EDYUKYMD >= $4::varchar AND KANRITBL LIKE $5::varchar ;
2025-11-13 11:58:15.058 JST [41906] DETAIL:  parameters: $1 = '1', $2 = '1010', $3 = '20251113', $4 = '20251113', $5 = 'ormaster%'
2025-11-13 11:58:15.058 JST [41906] LOG:  execute stmtcache_5b352ee63806d9c6899dc47a6da47ecc307800fedb3d77da:  SELECT * FROM tbl_syskanri WHERE HOSPNUM = $1::integer AND KANRICD = $2::varchar AND KBNCD = $3::varchar AND STYUKYMD <= $4::varchar AND EDYUKYMD >= $5::varchar ;
2025-11-13 11:58:15.058 JST [41906] DETAIL:  parameters: $1 = '1', $2 = '1050', $3 = '00001', $4 = '20251113', $5 = '20251113'
2025-11-13 11:58:15.058 JST [41906] LOG:  execute stmtcache_5b352ee63806d9c6899dc47a6da47ecc307800fedb3d77da:  SELECT * FROM tbl_syskanri WHERE HOSPNUM = $1::integer AND KANRICD = $2::varchar AND KBNCD = $3::varchar AND STYUKYMD <= $4::varchar AND EDYUKYMD >= $5::varchar ;
2025-11-13 11:58:15.058 JST [41906] DETAIL:  parameters: $1 = '1', $2 = '2009', $3 = '*', $4 = '20251113', $5 = '20251113'
2025-11-13 11:58:15.058 JST [41906] LOG:  execute stmtcache_482927ed8ab97718fedd869c1fe5762566e89cfc3a97afbf:  SELECT * FROM tbl_sysbase WHERE HOSPNUM = $1::integer ;
2025-11-13 11:58:15.058 JST [41906] DETAIL:  parameters: $1 = '1'
2025-11-13 11:58:15.059 JST [41906] LOG:  execute stmtcache_06fca2a60a8ad809a18f69da0b3b797ce9afaf904c5751e7:  select pg_encoding_to_char ( encoding ) as INFO_1 from pg_database where datname = current_database ( ) ;
2025-11-13 11:58:15.060 JST [41906] LOG:  execute stmtcache_46b2485b35d9e396e3d595661aa39b77b9ba3ace94ac283a:  select setting as INFO_1 FROM pg_settings WHERE name = 'lc_collate' ;
2025-11-13 11:58:15.061 JST [41906] LOG:  execute stmtcache_5b352ee63806d9c6899dc47a6da47ecc307800fedb3d77da:  SELECT * FROM tbl_syskanri WHERE HOSPNUM = $1::integer AND KANRICD = $2::varchar AND KBNCD = $3::varchar AND STYUKYMD <= $4::varchar AND EDYUKYMD >= $5::varchar ;
2025-11-13 11:58:15.061 JST [41906] DETAIL:  parameters: $1 = '1', $2 = '9901', $3 = '0001', $4 = '00000000', $5 = '99999999'
2025-11-13 12:00:32.219 JST [42024] LOG:  execute stmtcache_e8c9ddbd9ca010f076d588a886d7ee78fd4f109411528a60: SELECT password FROM tbl_passwd INNER JOIN tbl_sysuser ON tbl_sysuser.userid = tbl_passwd.userid WHERE tbl_passwd.userid = $1
2025-11-13 12:00:32.219 JST [42024] DETAIL:  parameters: $1 = 'ormaster'
2025-11-13 12:00:32.351 JST [42026] LOG:  execute stmtcache_9e4018135a290f02f686df3894049b1ed69da411481bc5db:  SELECT * FROM tbl_sysuser WHERE USERID = $1::varchar ;
2025-11-13 12:00:32.351 JST [42026] DETAIL:  parameters: $1 = 'ormaster'
2025-11-13 12:00:32.351 JST [42026] LOG:  statement: -- ping
2025-11-13 12:00:32.352 JST [42026] LOG:  execute stmtcache_c57d24dd01b2dbbe96ebb5de3f8442cbb50f683d45bf5d94:  SELECT * FROM tbl_sysbase ORDER BY HOSPNUM ;
2025-11-13 12:00:32.353 JST [42026] LOG:  execute stmtcache_5b352ee63806d9c6899dc47a6da47ecc307800fedb3d77da:  SELECT * FROM tbl_syskanri WHERE HOSPNUM = $1::integer AND KANRICD = $2::varchar AND KBNCD = $3::varchar AND STYUKYMD <= $4::varchar AND EDYUKYMD >= $5::varchar ;
2025-11-13 12:00:32.353 JST [42026] DETAIL:  parameters: $1 = '1', $2 = '1001', $3 = '*', $4 = '20251113', $5 = '20251113'
2025-11-13 12:00:32.353 JST [42026] LOG:  execute stmtcache_5b352ee63806d9c6899dc47a6da47ecc307800fedb3d77da:  SELECT * FROM tbl_syskanri WHERE HOSPNUM = $1::integer AND KANRICD = $2::varchar AND KBNCD = $3::varchar AND STYUKYMD <= $4::varchar AND EDYUKYMD >= $5::varchar ;
2025-11-13 12:00:32.353 JST [42026] DETAIL:  parameters: $1 = '1', $2 = '1009', $3 = '*', $4 = '20251113', $5 = '20251113'
2025-11-13 12:00:32.354 JST [42026] LOG:  execute stmtcache_5b352ee63806d9c6899dc47a6da47ecc307800fedb3d77da:  SELECT * FROM tbl_syskanri WHERE HOSPNUM = $1::integer AND KANRICD = $2::varchar AND KBNCD = $3::varchar AND STYUKYMD <= $4::varchar AND EDYUKYMD >= $5::varchar ;
2025-11-13 12:00:32.354 JST [42026] DETAIL:  parameters: $1 = '1', $2 = '9800', $3 = '*', $4 = '20251113', $5 = '20251113'
2025-11-13 12:00:32.354 JST [42026] LOG:  execute stmtcache_3dd41b3cb4b687465c34fd4aecbfb94435468784f6e96a2f:  SELECT * FROM tbl_syskanri WHERE HOSPNUM = $1::integer AND KANRICD = $2::varchar AND STYUKYMD <= $3::varchar AND EDYUKYMD >= $4::varchar AND KANRITBL LIKE $5::varchar ;
2025-11-13 12:00:32.354 JST [42026] DETAIL:  parameters: $1 = '1', $2 = '1010', $3 = '20251113', $4 = '20251113', $5 = 'ormaster%'
2025-11-13 12:00:32.354 JST [42026] LOG:  execute stmtcache_5b352ee63806d9c6899dc47a6da47ecc307800fedb3d77da:  SELECT * FROM tbl_syskanri WHERE HOSPNUM = $1::integer AND KANRICD = $2::varchar AND KBNCD = $3::varchar AND STYUKYMD <= $4::varchar AND EDYUKYMD >= $5::varchar ;
2025-11-13 12:00:32.354 JST [42026] DETAIL:  parameters: $1 = '1', $2 = '1050', $3 = '00001', $4 = '20251113', $5 = '20251113'
2025-11-13 12:00:32.354 JST [42026] LOG:  execute stmtcache_5b352ee63806d9c6899dc47a6da47ecc307800fedb3d77da:  SELECT * FROM tbl_syskanri WHERE HOSPNUM = $1::integer AND KANRICD = $2::varchar AND KBNCD = $3::varchar AND STYUKYMD <= $4::varchar AND EDYUKYMD >= $5::varchar ;
2025-11-13 12:00:32.354 JST [42026] DETAIL:  parameters: $1 = '1', $2 = '2009', $3 = '*', $4 = '20251113', $5 = '20251113'
2025-11-13 12:00:32.355 JST [42026] LOG:  execute stmtcache_482927ed8ab97718fedd869c1fe5762566e89cfc3a97afbf:  SELECT * FROM tbl_sysbase WHERE HOSPNUM = $1::integer ;
2025-11-13 12:00:32.355 JST [42026] DETAIL:  parameters: $1 = '1'
2025-11-13 12:00:32.356 JST [42026] LOG:  execute stmtcache_06fca2a60a8ad809a18f69da0b3b797ce9afaf904c5751e7:  select pg_encoding_to_char ( encoding ) as INFO_1 from pg_database where datname = current_database ( ) ;
2025-11-13 12:00:32.356 JST [42026] LOG:  execute stmtcache_46b2485b35d9e396e3d595661aa39b77b9ba3ace94ac283a:  select setting as INFO_1 FROM pg_settings WHERE name = 'lc_collate' ;
2025-11-13 12:00:32.357 JST [42026] LOG:  execute stmtcache_5b352ee63806d9c6899dc47a6da47ecc307800fedb3d77da:  SELECT * FROM tbl_syskanri WHERE HOSPNUM = $1::integer AND KANRICD = $2::varchar AND KBNCD = $3::varchar AND STYUKYMD <= $4::varchar AND EDYUKYMD >= $5::varchar ;
2025-11-13 12:00:32.357 JST [42026] DETAIL:  parameters: $1 = '1', $2 = '9901', $3 = '0001', $4 = '00000000', $5 = '99999999'
2025-11-13 12:01:34.930 JST [42077] LOG:  execute stmtcache_e8c9ddbd9ca010f076d588a886d7ee78fd4f109411528a60: SELECT password FROM tbl_passwd INNER JOIN tbl_sysuser ON tbl_sysuser.userid = tbl_passwd.userid WHERE tbl_passwd.userid = $1
2025-11-13 12:01:34.930 JST [42077] DETAIL:  parameters: $1 = 'ormaster'
2025-11-13 12:01:35.008 JST [42079] LOG:  execute stmtcache_9e4018135a290f02f686df3894049b1ed69da411481bc5db:  SELECT * FROM tbl_sysuser WHERE USERID = $1::varchar ;
2025-11-13 12:01:35.008 JST [42079] DETAIL:  parameters: $1 = 'ormaster'
2025-11-13 12:01:35.008 JST [42079] LOG:  statement: -- ping
2025-11-13 12:01:35.008 JST [42079] LOG:  execute stmtcache_c57d24dd01b2dbbe96ebb5de3f8442cbb50f683d45bf5d94:  SELECT * FROM tbl_sysbase ORDER BY HOSPNUM ;
2025-11-13 12:01:35.010 JST [42079] LOG:  execute stmtcache_5b352ee63806d9c6899dc47a6da47ecc307800fedb3d77da:  SELECT * FROM tbl_syskanri WHERE HOSPNUM = $1::integer AND KANRICD = $2::varchar AND KBNCD = $3::varchar AND STYUKYMD <= $4::varchar AND EDYUKYMD >= $5::varchar ;
2025-11-13 12:01:35.010 JST [42079] DETAIL:  parameters: $1 = '1', $2 = '1001', $3 = '*', $4 = '20251113', $5 = '20251113'
2025-11-13 12:01:35.010 JST [42079] LOG:  execute stmtcache_5b352ee63806d9c6899dc47a6da47ecc307800fedb3d77da:  SELECT * FROM tbl_syskanri WHERE HOSPNUM = $1::integer AND KANRICD = $2::varchar AND KBNCD = $3::varchar AND STYUKYMD <= $4::varchar AND EDYUKYMD >= $5::varchar ;
2025-11-13 12:01:35.010 JST [42079] DETAIL:  parameters: $1 = '1', $2 = '1009', $3 = '*', $4 = '20251113', $5 = '20251113'
2025-11-13 12:01:35.011 JST [42079] LOG:  execute stmtcache_5b352ee63806d9c6899dc47a6da47ecc307800fedb3d77da:  SELECT * FROM tbl_syskanri WHERE HOSPNUM = $1::integer AND KANRICD = $2::varchar AND KBNCD = $3::varchar AND STYUKYMD <= $4::varchar AND EDYUKYMD >= $5::varchar ;
2025-11-13 12:01:35.011 JST [42079] DETAIL:  parameters: $1 = '1', $2 = '9800', $3 = '*', $4 = '20251113', $5 = '20251113'
2025-11-13 12:01:35.011 JST [42079] LOG:  execute stmtcache_3dd41b3cb4b687465c34fd4aecbfb94435468784f6e96a2f:  SELECT * FROM tbl_syskanri WHERE HOSPNUM = $1::integer AND KANRICD = $2::varchar AND STYUKYMD <= $3::varchar AND EDYUKYMD >= $4::varchar AND KANRITBL LIKE $5::varchar ;
2025-11-13 12:01:35.011 JST [42079] DETAIL:  parameters: $1 = '1', $2 = '1010', $3 = '20251113', $4 = '20251113', $5 = 'ormaster%'
2025-11-13 12:01:35.011 JST [42079] LOG:  execute stmtcache_5b352ee63806d9c6899dc47a6da47ecc307800fedb3d77da:  SELECT * FROM tbl_syskanri WHERE HOSPNUM = $1::integer AND KANRICD = $2::varchar AND KBNCD = $3::varchar AND STYUKYMD <= $4::varchar AND EDYUKYMD >= $5::varchar ;
2025-11-13 12:01:35.011 JST [42079] DETAIL:  parameters: $1 = '1', $2 = '1050', $3 = '00001', $4 = '20251113', $5 = '20251113'
2025-11-13 12:01:35.011 JST [42079] LOG:  execute stmtcache_5b352ee63806d9c6899dc47a6da47ecc307800fedb3d77da:  SELECT * FROM tbl_syskanri WHERE HOSPNUM = $1::integer AND KANRICD = $2::varchar AND KBNCD = $3::varchar AND STYUKYMD <= $4::varchar AND EDYUKYMD >= $5::varchar ;
2025-11-13 12:01:35.011 JST [42079] DETAIL:  parameters: $1 = '1', $2 = '2009', $3 = '*', $4 = '20251113', $5 = '20251113'
2025-11-13 12:01:35.011 JST [42079] LOG:  execute stmtcache_482927ed8ab97718fedd869c1fe5762566e89cfc3a97afbf:  SELECT * FROM tbl_sysbase WHERE HOSPNUM = $1::integer ;
2025-11-13 12:01:35.011 JST [42079] DETAIL:  parameters: $1 = '1'
2025-11-13 12:01:35.012 JST [42079] LOG:  execute stmtcache_06fca2a60a8ad809a18f69da0b3b797ce9afaf904c5751e7:  select pg_encoding_to_char ( encoding ) as INFO_1 from pg_database where datname = current_database ( ) ;
2025-11-13 12:01:35.013 JST [42079] LOG:  execute stmtcache_46b2485b35d9e396e3d595661aa39b77b9ba3ace94ac283a:  select setting as INFO_1 FROM pg_settings WHERE name = 'lc_collate' ;
2025-11-13 12:01:35.013 JST [42079] LOG:  execute stmtcache_5b352ee63806d9c6899dc47a6da47ecc307800fedb3d77da:  SELECT * FROM tbl_syskanri WHERE HOSPNUM = $1::integer AND KANRICD = $2::varchar AND KBNCD = $3::varchar AND STYUKYMD <= $4::varchar AND EDYUKYMD >= $5::varchar ;
2025-11-13 12:01:35.013 JST [42079] DETAIL:  parameters: $1 = '1', $2 = '9901', $3 = '0001', $4 = '00000000', $5 = '99999999'
2025-11-13 12:06:13.183 JST [42317] LOG:  statement: ALTER SYSTEM SET log_statement='none'; SELECT pg_reload_conf();
2025-11-13 12:06:13.183 JST [42317] ERROR:  ALTER SYSTEM cannot be executed from a function or multi-command string
2025-11-13 12:06:13.183 JST [42317] STATEMENT:  ALTER SYSTEM SET log_statement='none'; SELECT pg_reload_conf();
2025-11-13 12:06:23.428 JST [42339] LOG:  statement: ALTER SYSTEM SET log_statement='none';
2025-11-13 12:06:31.771 JST [42362] LOG:  statement: SELECT pg_reload_conf();
2025-11-13 12:06:31.775 JST [1] LOG:  received SIGHUP, reloading configuration files
2025-11-13 12:06:31.780 JST [1] LOG:  parameter "log_statement" changed to "none"
