curl: (7) Failed to connect to localhost port 8080 after 0 ms: Couldn't connect to server
GET /serverinfo/jamri -> legacy (trace_http_200) (status=000, time=0.000163, exit=7)
curl: (7) Failed to connect to localhost port 9080 after 0 ms: Couldn't connect to server
GET /serverinfo/jamri -> modern (trace_http_200) (status=000, time=0.000183, exit=7)
curl: (7) Failed to connect to localhost port 8080 after 0 ms: Couldn't connect to server
GET /dolphin/activity/2025,04 -> legacy (trace_http_400) (status=000, time=0.000185, exit=7)
curl: (7) Failed to connect to localhost port 9080 after 0 ms: Couldn't connect to server
GET /dolphin/activity/2025,04 -> modern (trace_http_400) (status=000, time=0.000155, exit=7)
curl: (7) Failed to connect to localhost port 8080 after 0 ms: Couldn't connect to server
GET /touch/user/doctor1,1.3.6.1.4.1.9414.72.103,dolphin -> legacy (trace_http_401) (status=000, time=0.000159, exit=7)
curl: (7) Failed to connect to localhost port 9080 after 0 ms: Couldn't connect to server
GET /touch/user/doctor1,1.3.6.1.4.1.9414.72.103,dolphin -> modern (trace_http_401) (status=000, time=0.000166, exit=7)
curl: (7) Failed to connect to localhost port 8080 after 0 ms: Couldn't connect to server
GET /karte/pid/INVALID,%5Bdate%5D -> legacy (trace_http_500) (status=000, time=0.000142, exit=7)
curl: (7) Failed to connect to localhost port 9080 after 0 ms: Couldn't connect to server
GET /karte/pid/INVALID,%5Bdate%5D -> modern (trace_http_500) (status=000, time=0.000145, exit=7)
curl: (7) Failed to connect to localhost port 8080 after 0 ms: Couldn't connect to server
GET /schedule/pvt/2025-11-09 -> legacy (trace-schedule-jpql) (status=000, time=0.000140, exit=7)
curl: (7) Failed to connect to localhost port 9080 after 0 ms: Couldn't connect to server
GET /schedule/pvt/2025-11-09 -> modern (trace-schedule-jpql) (status=000, time=0.000156, exit=7)
curl: (7) Failed to connect to localhost port 8080 after 0 ms: Couldn't connect to server
PUT /appo -> legacy (trace-appo-jpql) (status=000, time=0.000162, exit=7)
curl: (7) Failed to connect to localhost port 9080 after 0 ms: Couldn't connect to server
PUT /appo -> modern (trace-appo-jpql) (status=000, time=0.000143, exit=7)
