[2025-11-13T13:15:28+09:00] Waiting for PostgreSQL at db:5432 (timeout: 300s)
[2025-11-13T13:15:28+09:00] PostgreSQL is reachable
[2025-11-13T13:15:28+09:00] Rendering /opt/jma/weborca/conf/db.conf
[2025-11-13T13:15:29+09:00] jma-setup already executed; skipping
[2025-11-13T13:15:29+09:00] ormaster password already configured; skipping
[2025-11-13T13:15:29+09:00] Starting WebORCA middleware

   ____    __
  / __/___/ /  ___
 / _// __/ _ \/ _ \
/___/\__/_//_/\___/ v4.13.4
High performance, minimalist Go web framework
https://echo.labstack.com
____________________________________O/_______
                                    O\
⇨ http server started on [::]:8000
libcob:create_context
libcob:update_context
cob_init start
cob_init end
***************
* accept start*
***************
MDCRES-OBJECT not low_value
***************
* accept end  *
***************
DestroySessionWithWS: ormaster
&{POST /orca12/patientmodv2?class=01 HTTP/1.1 1 1 map[Accept:[*/*] Authorization:[Basic b3JtYXN0ZXI6Y2hhbmdlX21l] Content-Length:[1324] Content-Type:[application/json; charset=Shift_JIS] User-Agent:[curl/7.81.0]] 0xc001dea340 <nil> 1324 [] false localhost:8000 map[] map[] <nil> map[] 127.0.0.1:39468 /orca12/patientmodv2?class=01 <nil> <nil> <nil>  0xc00219c1e0 <nil> [] map[]}
&{POST /orca12/patientmodv2?class=01 HTTP/1.1 1 1 map[Accept:[application/xml] Authorization:[Basic b3JtYXN0ZXI6Y2hhbmdlX21l] Content-Length:[1623] Content-Type:[application/xml; charset=UTF-8] User-Agent:[curl/8.7.1]] 0xc001deaa80 <nil> 1623 [] false orca:8000 map[] map[] <nil> map[] 172.21.0.3:45854 /orca12/patientmodv2?class=01 <nil> <nil> <nil>  0xc00219c2d0 <nil> [] map[]}
libcob:cancel_context
libcob:destroy_context
libcob:create_context
libcob:update_context
cob_init start
cob_init end
*********************
* patient res start *
*********************
MDCRES-OBJECT not low_value
MDCRES-OBJECT not low_value
*******************
* patient res end *
*******************
DestroySessionWithWS: ormaster
