=========================================================================

  JBoss Bootstrap Environment

  JBOSS_HOME: /opt/jboss/wildfly

  JAVA: /opt/java/openjdk/bin/java

  JAVA_OPTS:  -Djdk.serialFilter="maxbytes=10485760;maxdepth=128;maxarray=100000;maxrefs=300000" -Xms64m -Xmx512m -XX:MetaspaceSize=96M -XX:MaxMetaspaceSize=256m -Djava.net.preferIPv4Stack=true -Djboss.modules.system.pkgs=org.jboss.byteman -Djava.awt.headless=true  --add-exports=java.desktop/sun.awt=ALL-UNNAMED --add-exports=java.naming/com.sun.jndi.ldap=ALL-UNNAMED --add-exports=java.naming/com.sun.jndi.url.ldap=ALL-UNNAMED --add-exports=java.naming/com.sun.jndi.url.ldaps=ALL-UNNAMED --add-exports=jdk.naming.dns/com.sun.jndi.dns=ALL-UNNAMED --add-opens=java.base/java.lang=ALL-UNNAMED --add-opens=java.base/java.lang.invoke=ALL-UNNAMED --add-opens=java.base/java.lang.reflect=ALL-UNNAMED --add-opens=java.base/java.io=ALL-UNNAMED --add-opens=java.base/java.net=ALL-UNNAMED --add-opens=java.base/java.security=ALL-UNNAMED --add-opens=java.base/java.util=ALL-UNNAMED --add-opens=java.base/java.util.concurrent=ALL-UNNAMED --add-opens=java.management/javax.management=ALL-UNNAMED --add-opens=java.naming/javax.naming=ALL-UNNAMED -Djava.security.manager=allow

=========================================================================

[0m06:19:01,912 INFO  [org.jboss.modules] (main) JBoss Modules version 2.1.5.Final
[0m[0m06:19:02,149 INFO  [org.jboss.msc] (main) JBoss MSC version 1.5.5.Final
[0m[0m06:19:02,156 INFO  [org.jboss.threads] (main) JBoss Threads version 2.4.0.Final
[0m[0m06:19:02,203 INFO  [org.jboss.as] (MSC service thread 1-1) WFLYSRV0049: WildFly 33.0.2.Final (WildFly Core 25.0.2.Final) starting
[0m[0m06:19:02,227 INFO  [org.jboss.vfs] (MSC service thread 1-7) VFS000002: Failed to clean existing content for temp file provider of type temp. Enable DEBUG level log to find what caused this
[0m[0m06:19:02,721 INFO  [org.wildfly.security] (Controller Boot Thread) ELY00001: WildFly Elytron version 2.5.2.Final
[0m[0m06:19:03,045 INFO  [org.jboss.as.controller.management-deprecated] (ServerService Thread Pool -- 24) WFLYCTL0028: Attribute 'use-transaction-setup-provider' in the resource at address '/subsystem=ee/context-service=DolphinContext' is deprecated, and may be removed in a future version. See the attribute description in the output of the read-resource-description operation to learn more about the deprecation.
[0m[0m06:19:03,215 INFO  [org.jboss.as.repository] (ServerService Thread Pool -- 39) WFLYDR0001: Content added at location /opt/jboss/wildfly/standalone/data/content/b7/5215e5fa0325b5dda35a01cbae069dfb290ea7/content
[0m[0m06:19:03,233 INFO  [org.jboss.as.server] (Controller Boot Thread) WFLYSRV0039: Creating http management service using socket-binding (management-http)
[0m[0m06:19:03,238 INFO  [org.xnio] (MSC service thread 1-8) XNIO version 3.8.16.Final
[0m[0m06:19:03,242 INFO  [org.xnio.nio] (MSC service thread 1-8) XNIO NIO Implementation Version 3.8.16.Final
[0m[0m06:19:03,258 INFO  [org.wildfly.extension.elytron.oidc._private] (ServerService Thread Pool -- 56) WFLYOIDC0001: Activating WildFly Elytron OIDC Subsystem
[0m[0m06:19:03,260 INFO  [org.jboss.as.clustering.infinispan] (ServerService Thread Pool -- 59) WFLYCLINF0001: Activating Infinispan subsystem.
[0m[0m06:19:03,264 INFO  [org.wildfly.iiop.openjdk] (ServerService Thread Pool -- 58) WFLYIIOP0001: Activating IIOP Subsystem
[0m[0m06:19:03,264 INFO  [org.wildfly.extension.microprofile.config.smallrye] (ServerService Thread Pool -- 71) WFLYCONF0001: Activating MicroProfile Config Subsystem
[0m[0m06:19:03,267 INFO  [org.wildfly.extension.microprofile.jwt.smallrye] (ServerService Thread Pool -- 72) WFLYJWT0001: Activating MicroProfile JWT Subsystem
[0m[0m06:19:03,274 INFO  [org.jboss.as.naming] (ServerService Thread Pool -- 73) WFLYNAM0001: Activating Naming Subsystem
[0m[33m06:19:03,274 WARN  [org.jboss.as.txn] (ServerService Thread Pool -- 80) WFLYTX0013: The node-identifier attribute on the /subsystem=transactions is set to the default value. This is a danger for environments running multiple servers. Please make sure the attribute value is unique.
[0m[0m06:19:03,279 INFO  [org.jboss.as.jaxrs] (ServerService Thread Pool -- 61) WFLYRS0016: RESTEasy version 6.2.10.Final
[0m[0m06:19:03,282 INFO  [org.wildfly.extension.health] (ServerService Thread Pool -- 57) WFLYHEALTH0001: Activating Base Health Subsystem
[0m[0m06:19:03,285 INFO  [org.jboss.as.connector] (MSC service thread 1-7) WFLYJCA0009: Starting Jakarta Connectors Subsystem (WildFly/IronJacamar 3.0.9.Final)
[0m[0m06:19:03,286 INFO  [org.wildfly.extension.metrics] (ServerService Thread Pool -- 69) WFLYMETRICS0001: Activating Base Metrics Subsystem
[0m[0m06:19:03,285 INFO  [org.jboss.as.jsf] (ServerService Thread Pool -- 66) WFLYJSF0007: Activated the following Jakarta Server Faces Implementations: [main]
[0m[0m06:19:03,291 INFO  [org.jboss.as.webservices] (ServerService Thread Pool -- 82) WFLYWS0002: Activating WebServices Extension
[0m[0m06:19:03,297 INFO  [org.wildfly.extension.io] (ServerService Thread Pool -- 60) WFLYIO001: Worker 'default' has auto-configured to 16 IO threads with 128 max task threads based on your 8 available processors
[0m[0m06:19:03,315 INFO  [org.jboss.as.server.deployment] (MSC service thread 1-1) WFLYSRV0027: Starting deployment of "opendolphin-server.war" (runtime-name: "opendolphin-server.war")
[0m[0m06:19:03,321 INFO  [org.jboss.as.connector.subsystems.datasources] (ServerService Thread Pool -- 47) WFLYJCA0004: Deploying JDBC-compliant driver class org.h2.Driver (version 2.2)
[0m[0m06:19:03,332 INFO  [org.jboss.as.connector.deployers.jdbc] (MSC service thread 1-6) WFLYJCA0018: Started Driver service with driver-name = h2
[0m[0m06:19:03,340 INFO  [org.wildfly.extension.undertow] (MSC service thread 1-6) WFLYUT0003: Undertow 2.3.17.Final starting
[0m[0m06:19:03,341 INFO  [org.jboss.as.connector.subsystems.datasources] (ServerService Thread Pool -- 47) WFLYJCA0005: Deploying non-JDBC-compliant driver class org.postgresql.Driver (version 42.7)
[0m[0m06:19:03,343 INFO  [org.jboss.as.connector.deployers.jdbc] (MSC service thread 1-1) WFLYJCA0018: Started Driver service with driver-name = postgresql
[0m[0m06:19:03,343 INFO  [org.jboss.as.naming] (MSC service thread 1-1) WFLYNAM0003: Starting Naming Service
[0m[0m06:19:03,344 INFO  [org.jboss.as.mail.extension] (MSC service thread 1-1) WFLYMAIL0001: Bound mail session [java:jboss/mail/Default]
[0m[0m06:19:03,349 INFO  [org.jboss.remoting] (MSC service thread 1-7) JBoss Remoting version 5.0.29.Final
[0m[33m06:19:03,425 WARN  [org.wildfly.extension.elytron] (MSC service thread 1-3) WFLYELY00023: KeyStore file '/opt/jboss/wildfly/standalone/configuration/application.keystore' does not exist. Used blank.
[0m[33m06:19:03,438 WARN  [org.wildfly.extension.elytron] (MSC service thread 1-7) WFLYELY01084: KeyStore /opt/jboss/wildfly/standalone/configuration/application.keystore not found, it will be auto-generated on first use with a self-signed certificate for host localhost
[0m[0m06:19:03,443 INFO  [org.jboss.as.ejb3] (MSC service thread 1-6) WFLYEJB0482: Strict pool mdb-strict-max-pool is using a max instance size of 32 (per class), which is derived from the number of CPUs on this host.
[0m[0m06:19:03,443 INFO  [org.jboss.as.ejb3] (MSC service thread 1-3) WFLYEJB0481: Strict pool slsb-strict-max-pool is using a max instance size of 128 (per class), which is derived from thread worker pool sizing.
[0m[0m06:19:03,492 INFO  [org.wildfly.extension.undertow] (ServerService Thread Pool -- 81) WFLYUT0014: Creating file handler for path '/opt/jboss/wildfly/welcome-content' with options [directory-listing: 'false', follow-symlink: 'false', case-sensitive: 'true', safe-symlink-paths: '[]']
[0m[0m06:19:03,503 INFO  [org.wildfly.extension.undertow] (MSC service thread 1-2) WFLYUT0012: Started server default-server.
[0m[0m06:19:03,515 INFO  [org.wildfly.extension.undertow] (MSC service thread 1-8) Queuing requests.
[0m[0m06:19:03,517 INFO  [org.wildfly.extension.undertow] (MSC service thread 1-8) WFLYUT0018: Host default-host starting
[0m[0m06:19:03,534 INFO  [io.micrometer.core.instrument.push.PushMeterRegistry] (ServerService Thread Pool -- 70) publishing metrics for WildFlyOtlpRegistry every 1m
[0m[0m06:19:03,550 INFO  [org.wildfly.extension.undertow] (MSC service thread 1-2) WFLYUT0006: Undertow HTTP listener default listening on 0.0.0.0:8080
[0m[0m06:19:03,656 INFO  [org.wildfly.extension.undertow] (MSC service thread 1-1) WFLYUT0006: Undertow HTTPS listener https listening on 0.0.0.0:8443
[0m[0m06:19:03,679 INFO  [org.jboss.as.ejb3] (MSC service thread 1-1) WFLYEJB0493: Jakarta Enterprise Beans subsystem suspension complete
[0m[0m06:19:03,721 INFO  [org.jboss.as.server.deployment.scanner] (MSC service thread 1-2) WFLYDS0013: Started FileSystemDeploymentService for directory /opt/jboss/wildfly/standalone/deployments
[0m[0m06:19:03,722 INFO  [org.wildfly.iiop.openjdk] (MSC service thread 1-4) WFLYIIOP0009: CORBA ORB Service started
[0m[0m06:19:03,723 INFO  [org.wildfly.extension.messaging-activemq] (MSC service thread 1-6) WFLYMSGAMQ0075: AIO wasn't located on this platform, it will fall back to using pure Java NIO. Your platform is Linux, install LibAIO to enable the AIO journal and achieve optimal performance.
[0m[0m06:19:03,750 INFO  [org.jboss.as.connector.subsystems.datasources] (MSC service thread 1-5) WFLYJCA0001: Bound data source [java:jboss/datasources/ExampleDS]
[0m[0m06:19:03,751 INFO  [org.jboss.as.connector.subsystems.datasources] (MSC service thread 1-5) WFLYJCA0001: Bound data source [java:jboss/datasources/ORCADS]
[0m[0m06:19:03,751 INFO  [org.jboss.as.connector.subsystems.datasources] (MSC service thread 1-7) WFLYJCA0001: Bound data source [java:jboss/datasources/PostgresDS]
[0m[0m06:19:03,792 INFO  [org.jboss.ws.common.management] (MSC service thread 1-3) JBWS022052: Starting JBossWS 7.1.0.Final (Apache CXF 4.0.5) 
[0m[0m06:19:03,844 INFO  [org.apache.activemq.artemis.core.server] (ServerService Thread Pool -- 84) AMQ221000: Primary message broker is starting with configuration Broker Configuration (clustered=false,journalDirectory=/opt/jboss/wildfly/standalone/data/activemq/journal,bindingsDirectory=/opt/jboss/wildfly/standalone/data/activemq/bindings,largeMessagesDirectory=/opt/jboss/wildfly/standalone/data/activemq/largemessages,pagingDirectory=/opt/jboss/wildfly/standalone/data/activemq/paging)
[0m[0m06:19:03,867 INFO  [org.apache.activemq.artemis.core.server] (ServerService Thread Pool -- 84) AMQ221013: Using NIO Journal
[0m[0m06:19:03,939 INFO  [org.apache.activemq.artemis.core.server] (ServerService Thread Pool -- 84) AMQ221043: Protocol module found: [artemis-server]. Adding protocol support for: CORE
[0m[0m06:19:03,939 INFO  [org.apache.activemq.artemis.core.server] (ServerService Thread Pool -- 84) AMQ221043: Protocol module found: [artemis-amqp-protocol]. Adding protocol support for: AMQP
[0m[0m06:19:03,939 INFO  [org.apache.activemq.artemis.core.server] (ServerService Thread Pool -- 84) AMQ221043: Protocol module found: [artemis-hornetq-protocol]. Adding protocol support for: HORNETQ
[0m[0m06:19:03,940 INFO  [org.apache.activemq.artemis.core.server] (ServerService Thread Pool -- 84) AMQ221043: Protocol module found: [artemis-stomp-protocol]. Adding protocol support for: STOMP
[0m[0m06:19:03,983 INFO  [org.apache.activemq.artemis.core.server] (ServerService Thread Pool -- 84) AMQ221034: Waiting indefinitely to obtain primary lock
[0m[0m06:19:03,983 INFO  [org.apache.activemq.artemis.core.server] (ServerService Thread Pool -- 84) AMQ221035: Primary Server Obtained primary lock
[0m[0m06:19:04,090 INFO  [org.apache.activemq.artemis.core.server] (ServerService Thread Pool -- 84) AMQ221003: Deploying ANYCAST queue jms.queue.ExpiryQueue on address jms.queue.ExpiryQueue
[0m[0m06:19:04,145 INFO  [org.apache.activemq.artemis.core.server] (ServerService Thread Pool -- 84) AMQ221003: Deploying ANYCAST queue jms.queue.DLQ on address jms.queue.DLQ
[0m[0m06:19:04,146 INFO  [org.apache.activemq.artemis.core.server] (ServerService Thread Pool -- 84) AMQ221003: Deploying ANYCAST queue jms.queue.dolphinQueue on address jms.queue.dolphinQueue
[0m[0m06:19:04,167 INFO  [org.wildfly.extension.messaging-activemq] (MSC service thread 1-6) WFLYMSGAMQ0016: Registered HTTP upgrade for activemq-remoting protocol handled by http-acceptor-throughput acceptor
[0m[0m06:19:04,167 INFO  [org.wildfly.extension.messaging-activemq] (MSC service thread 1-8) WFLYMSGAMQ0016: Registered HTTP upgrade for activemq-remoting protocol handled by http-acceptor acceptor
[0m[0m06:19:04,168 INFO  [org.wildfly.extension.messaging-activemq] (MSC service thread 1-4) WFLYMSGAMQ0016: Registered HTTP upgrade for activemq-remoting protocol handled by http-acceptor acceptor
[0m[0m06:19:04,168 INFO  [org.wildfly.extension.messaging-activemq] (MSC service thread 1-7) WFLYMSGAMQ0016: Registered HTTP upgrade for activemq-remoting protocol handled by http-acceptor-throughput acceptor
[0m[0m06:19:04,311 INFO  [org.apache.activemq.artemis.core.server] (ServerService Thread Pool -- 84) AMQ221007: Server is now active
[0m[0m06:19:04,311 INFO  [org.apache.activemq.artemis.core.server] (ServerService Thread Pool -- 84) AMQ221001: Apache ActiveMQ Artemis Message Broker version 2.35.0 [default, nodeID=8d588ac4-bce8-11f0-a3e5-be67bf1f619c] 
[0m[33m06:19:04,317 WARN  [org.apache.activemq.artemis.jms.server] (ServerService Thread Pool -- 84) AMQ122005: Invalid "host" value "0.0.0.0" detected for "http-connector" connector. Switching to "c4912499f71f". If this new address is incorrect please manually configure the connector to use the proper one.
[0m[0m06:19:04,330 INFO  [org.wildfly.extension.messaging-activemq] (ServerService Thread Pool -- 84) WFLYMSGAMQ0002: Bound messaging object to jndi name java:jboss/exported/jms/RemoteConnectionFactory
[0m[0m06:19:04,343 INFO  [org.wildfly.extension.messaging-activemq] (ServerService Thread Pool -- 85) WFLYMSGAMQ0002: Bound messaging object to jndi name java:/ConnectionFactory
[0m[0m06:19:04,344 INFO  [org.wildfly.extension.messaging-activemq] (ServerService Thread Pool -- 85) WFLYMSGAMQ0002: Bound messaging object to jndi name java:jboss/exported/jms/ConnectionFactory
[0m[0m06:19:04,381 INFO  [org.jboss.as.connector.deployment] (MSC service thread 1-6) WFLYJCA0007: Registered connection factory java:/JmsXA
[0m[0m06:19:04,418 INFO  [org.apache.activemq.artemis.ra.ActiveMQRALogger] (MSC service thread 1-6) AMQ151007: Resource adaptor started
[0m[0m06:19:04,419 INFO  [org.jboss.as.connector.services.resourceadapters.ResourceAdapterActivatorService$ResourceAdapterActivator] (MSC service thread 1-6) IJ020002: Deployed: file://RaActivatoractivemq-ra
[0m[0m06:19:04,420 INFO  [org.jboss.as.connector.deployment] (MSC service thread 1-4) WFLYJCA0002: Bound Jakarta Connectors ConnectionFactory [java:/JmsXA]
[0m[0m06:19:04,420 INFO  [org.jboss.as.connector.deployment] (MSC service thread 1-3) WFLYJCA0118: Binding connection factory named java:/JmsXA to alias java:jboss/DefaultJMSConnectionFactory
[0m[0m06:19:06,132 INFO  [org.jboss.as.jpa] (MSC service thread 1-1) WFLYJPA0002: Read persistence.xml for opendolphinPU
[0m[0m06:19:06,274 INFO  [org.jipijapa] (MSC service thread 1-3) JIPIORMV6020260: Second level cache enabled for opendolphin-server.war#opendolphinPU
[0m[0m06:19:06,382 INFO  [org.jboss.weld.deployer] (MSC service thread 1-8) WFLYWELD0003: Processing weld deployment opendolphin-server.war
[0m[0m06:19:06,438 INFO  [org.hibernate.validator.internal.util.Version] (MSC service thread 1-8) HV000001: Hibernate Validator 8.0.1.Final
[0m[0m06:19:06,513 INFO  [org.jboss.as.ejb3.deployment] (MSC service thread 1-8) WFLYEJB0473: JNDI bindings for session bean named 'PvtService' in deployment unit 'deployment "opendolphin-server.war"' are as follows:

	java:global/opendolphin-server/PvtService!java.lang.Runnable
	java:app/opendolphin-server/PvtService!java.lang.Runnable
	java:module/PvtService!java.lang.Runnable
	java:global/opendolphin-server/PvtService
	java:app/opendolphin-server/PvtService
	java:module/PvtService

[0m[0m06:19:06,514 INFO  [org.jboss.as.ejb3.deployment] (MSC service thread 1-8) WFLYEJB0473: JNDI bindings for session bean named 'IPhoneServiceBean' in deployment unit 'deployment "opendolphin-server.war"' are as follows:

	java:global/opendolphin-server/IPhoneServiceBean!open.dolphin.touch.session.IPhoneServiceBean
	java:app/opendolphin-server/IPhoneServiceBean!open.dolphin.touch.session.IPhoneServiceBean
	java:module/IPhoneServiceBean!open.dolphin.touch.session.IPhoneServiceBean
	java:global/opendolphin-server/IPhoneServiceBean
	java:app/opendolphin-server/IPhoneServiceBean
	java:module/IPhoneServiceBean

[0m[0m06:19:06,514 INFO  [org.jboss.as.ejb3.deployment] (MSC service thread 1-8) WFLYEJB0473: JNDI bindings for session bean named 'ADM20_AdmissionServiceBean' in deployment unit 'deployment "opendolphin-server.war"' are as follows:

	java:global/opendolphin-server/ADM20_AdmissionServiceBean!open.dolphin.adm20.session.ADM20_AdmissionServiceBean
	java:app/opendolphin-server/ADM20_AdmissionServiceBean!open.dolphin.adm20.session.ADM20_AdmissionServiceBean
	java:module/ADM20_AdmissionServiceBean!open.dolphin.adm20.session.ADM20_AdmissionServiceBean
	java:global/opendolphin-server/ADM20_AdmissionServiceBean
	java:app/opendolphin-server/ADM20_AdmissionServiceBean
	java:module/ADM20_AdmissionServiceBean

[0m[0m06:19:06,514 INFO  [org.jboss.as.ejb3.deployment] (MSC service thread 1-8) WFLYEJB0473: JNDI bindings for session bean named 'EHTServiceBean' in deployment unit 'deployment "opendolphin-server.war"' are as follows:

	java:global/opendolphin-server/EHTServiceBean!open.dolphin.touch.session.EHTServiceBean
	java:app/opendolphin-server/EHTServiceBean!open.dolphin.touch.session.EHTServiceBean
	java:module/EHTServiceBean!open.dolphin.touch.session.EHTServiceBean
	java:global/opendolphin-server/EHTServiceBean
	java:app/opendolphin-server/EHTServiceBean
	java:module/EHTServiceBean

[0m[0m06:19:06,514 INFO  [org.jboss.as.ejb3.deployment] (MSC service thread 1-8) WFLYEJB0473: JNDI bindings for session bean named 'PHRAsyncJobServiceBean' in deployment unit 'deployment "opendolphin-server.war"' are as follows:

	java:global/opendolphin-server/PHRAsyncJobServiceBean!open.dolphin.adm20.session.PHRAsyncJobServiceBean
	java:app/opendolphin-server/PHRAsyncJobServiceBean!open.dolphin.adm20.session.PHRAsyncJobServiceBean
	java:module/PHRAsyncJobServiceBean!open.dolphin.adm20.session.PHRAsyncJobServiceBean
	java:global/opendolphin-server/PHRAsyncJobServiceBean
	java:app/opendolphin-server/PHRAsyncJobServiceBean
	java:module/PHRAsyncJobServiceBean

[0m[0m06:19:06,514 INFO  [org.jboss.as.ejb3.deployment] (MSC service thread 1-8) WFLYEJB0473: JNDI bindings for session bean named 'OrcaResource' in deployment unit 'deployment "opendolphin-server.war"' are as follows:

	java:global/opendolphin-server/OrcaResource!open.orca.rest.OrcaResource
	java:app/opendolphin-server/OrcaResource!open.orca.rest.OrcaResource
	java:module/OrcaResource!open.orca.rest.OrcaResource
	java:global/opendolphin-server/OrcaResource
	java:app/opendolphin-server/OrcaResource
	java:module/OrcaResource

[0m[0m06:19:06,514 INFO  [org.jboss.as.ejb3.deployment] (MSC service thread 1-8) WFLYEJB0473: JNDI bindings for session bean named 'AuditTrailService' in deployment unit 'deployment "opendolphin-server.war"' are as follows:

	java:global/opendolphin-server/AuditTrailService!open.dolphin.security.audit.AuditTrailService
	java:app/opendolphin-server/AuditTrailService!open.dolphin.security.audit.AuditTrailService
	java:module/AuditTrailService!open.dolphin.security.audit.AuditTrailService
	java:global/opendolphin-server/AuditTrailService
	java:app/opendolphin-server/AuditTrailService
	java:module/AuditTrailService

[0m[0m06:19:06,515 INFO  [org.jboss.as.ejb3.deployment] (MSC service thread 1-8) WFLYEJB0473: JNDI bindings for session bean named 'IdentityService' in deployment unit 'deployment "opendolphin-server.war"' are as follows:

	java:global/opendolphin-server/IdentityService!open.dolphin.adm20.mbean.IdentityService
	java:app/opendolphin-server/IdentityService!open.dolphin.adm20.mbean.IdentityService
	java:module/IdentityService!open.dolphin.adm20.mbean.IdentityService
	java:global/opendolphin-server/IdentityService
	java:app/opendolphin-server/IdentityService
	java:module/IdentityService

[0m[0m06:19:06,515 INFO  [org.jboss.as.ejb3.deployment] (MSC service thread 1-8) WFLYEJB0473: JNDI bindings for session bean named 'InitialAccountMaker' in deployment unit 'deployment "opendolphin-server.war"' are as follows:

	java:global/opendolphin-server/InitialAccountMaker!open.dolphin.mbean.InitialAccountMaker
	java:app/opendolphin-server/InitialAccountMaker!open.dolphin.mbean.InitialAccountMaker
	java:module/InitialAccountMaker!open.dolphin.mbean.InitialAccountMaker
	java:global/opendolphin-server/InitialAccountMaker
	java:app/opendolphin-server/InitialAccountMaker
	java:module/InitialAccountMaker

[0m[0m06:19:06,515 INFO  [org.jboss.as.ejb3.deployment] (MSC service thread 1-8) WFLYEJB0473: JNDI bindings for session bean named 'ADM10_EHTServiceBean' in deployment unit 'deployment "opendolphin-server.war"' are as follows:

	java:global/opendolphin-server/ADM10_EHTServiceBean!open.dolphin.adm10.session.ADM10_EHTServiceBean
	java:app/opendolphin-server/ADM10_EHTServiceBean!open.dolphin.adm10.session.ADM10_EHTServiceBean
	java:module/ADM10_EHTServiceBean!open.dolphin.adm10.session.ADM10_EHTServiceBean
	java:global/opendolphin-server/ADM10_EHTServiceBean
	java:app/opendolphin-server/ADM10_EHTServiceBean
	java:module/ADM10_EHTServiceBean

[0m[0m06:19:06,515 INFO  [org.jboss.as.ejb3.deployment] (MSC service thread 1-8) WFLYEJB0473: JNDI bindings for session bean named 'AMD20_PHRServiceBean' in deployment unit 'deployment "opendolphin-server.war"' are as follows:

	java:global/opendolphin-server/AMD20_PHRServiceBean!open.dolphin.adm20.session.AMD20_PHRServiceBean
	java:app/opendolphin-server/AMD20_PHRServiceBean!open.dolphin.adm20.session.AMD20_PHRServiceBean
	java:module/AMD20_PHRServiceBean!open.dolphin.adm20.session.AMD20_PHRServiceBean
	java:global/opendolphin-server/AMD20_PHRServiceBean
	java:app/opendolphin-server/AMD20_PHRServiceBean
	java:module/AMD20_PHRServiceBean

[0m[0m06:19:06,515 INFO  [org.jboss.as.ejb3.deployment] (MSC service thread 1-8) WFLYEJB0473: JNDI bindings for session bean named 'ADM20_IPhoneServiceBean' in deployment unit 'deployment "opendolphin-server.war"' are as follows:

	java:global/opendolphin-server/ADM20_IPhoneServiceBean!open.dolphin.adm20.session.ADM20_IPhoneServiceBean
	java:app/opendolphin-server/ADM20_IPhoneServiceBean!open.dolphin.adm20.session.ADM20_IPhoneServiceBean
	java:module/ADM20_IPhoneServiceBean!open.dolphin.adm20.session.ADM20_IPhoneServiceBean
	java:global/opendolphin-server/ADM20_IPhoneServiceBean
	java:app/opendolphin-server/ADM20_IPhoneServiceBean
	java:module/ADM20_IPhoneServiceBean

[0m[0m06:19:06,515 INFO  [org.jboss.as.ejb3.deployment] (MSC service thread 1-8) WFLYEJB0473: JNDI bindings for session bean named 'ADM10_IPhoneServiceBean' in deployment unit 'deployment "opendolphin-server.war"' are as follows:

	java:global/opendolphin-server/ADM10_IPhoneServiceBean!open.dolphin.adm10.session.ADM10_IPhoneServiceBean
	java:app/opendolphin-server/ADM10_IPhoneServiceBean!open.dolphin.adm10.session.ADM10_IPhoneServiceBean
	java:module/ADM10_IPhoneServiceBean!open.dolphin.adm10.session.ADM10_IPhoneServiceBean
	java:global/opendolphin-server/ADM10_IPhoneServiceBean
	java:app/opendolphin-server/ADM10_IPhoneServiceBean
	java:module/ADM10_IPhoneServiceBean

[0m[0m06:19:06,559 INFO  [org.infinispan.CONTAINER] (ServerService Thread Pool -- 87) ISPN000556: Starting user marshaller 'org.wildfly.clustering.infinispan.marshalling.jboss.JBossMarshaller'
[0m[0m06:19:06,716 INFO  [org.jipijapa] (MSC service thread 1-1) JIPIORMV6020260: Second level cache enabled for opendolphin-server.war#opendolphinPU
[0m[33m06:19:06,752 WARN  [org.jboss.as.jaxrs] (MSC service thread 1-1) WFLYRS0018: Explicit usage of Jackson annotation in a Jakarta RESTful Web Services deployment; the system will disable Jakarta JSON Binding processing for the current deployment. Consider setting the 'resteasy.preferJacksonOverJsonB' property to 'false' to restore Jakarta JSON Binding.
[0m[0m06:19:06,753 INFO  [org.jboss.as.connector.deployers.jdbc] (MSC service thread 1-1) WFLYJCA0005: Deploying non-JDBC-compliant driver class org.postgresql.Driver (version 42.7)
[0m[0m06:19:06,776 INFO  [org.jboss.weld.Version] (MSC service thread 1-1) WELD-000900: 5.1.2 (Final)
[0m[0m06:19:06,828 INFO  [org.jboss.as.connector.deployers.jdbc] (MSC service thread 1-6) WFLYJCA0018: Started Driver service with driver-name = opendolphin-server.war_org.postgresql.Driver_42_7
[0m[0m06:19:06,858 INFO  [org.jboss.as.jpa] (ServerService Thread Pool -- 87) WFLYJPA0010: Starting Persistence Unit (phase 1 of 2) Service 'opendolphin-server.war#opendolphinPU'
[0m[0m06:19:06,864 INFO  [org.jboss.as.ejb3] (MSC service thread 1-7) WFLYEJB0042: Started message driven bean 'MessageSender' with 'activemq-ra.rar' resource adapter
[0m[0m06:19:06,874 INFO  [org.hibernate.jpa.internal.util.LogHelper] (ServerService Thread Pool -- 87) HHH000204: Processing PersistenceUnitInfo [name: opendolphinPU]
[0m[0m06:19:06,913 INFO  [org.hibernate.Version] (ServerService Thread Pool -- 87) HHH000412: Hibernate ORM core version 6.4.4.Final
[0m[33m06:19:06,944 WARN  [org.hibernate.orm.deprecation] (ServerService Thread Pool -- 87) HHH90000025: PostgreSQLDialect does not need to be specified explicitly using 'hibernate.dialect' (remove the property setting and it will be selected by default)
[0m[0m06:19:06,949 INFO  [org.hibernate.cache.internal.RegionFactoryInitiator] (ServerService Thread Pool -- 87) HHH000025: Second-level cache region factory [org.infinispan.hibernate.cache.v62.InfinispanRegionFactory]
[0m[0m06:19:06,977 INFO  [org.hibernate.envers.boot.internal.EnversServiceImpl] (ServerService Thread Pool -- 87) Envers integration enabled? : true
[0m[0m06:19:07,074 INFO  [org.jboss.as.jpa] (ServerService Thread Pool -- 87) WFLYJPA0010: Starting Persistence Unit (phase 2 of 2) Service 'opendolphin-server.war#opendolphinPU'
[0m[0m06:19:07,942 INFO  [org.jboss.weld.Bootstrap] (Weld Thread Pool -- 6) WELD-000119: Not generating any bean definitions from open.dolphin.metrics.DatasourceMetricsRegistrar because of underlying class loading error: Type io.agroal.api.AgroalDataSource from [Module "deployment.opendolphin-server.war" from Service Module Loader] not found.  If this is unexpected, enable DEBUG logging to see the full error.
[0m[33m06:19:07,991 WARN  [org.jboss.weld.Validator] (MSC service thread 1-6) WELD-001478: Interceptor class open.dolphin.session.framework.SessionOperationInterceptor is enabled for the application and for the bean archive opendolphin-server.war/. It will only be invoked in the @Priority part of the chain.
[0m[0m06:19:08,475 INFO  [open.dolphin] (ServerService Thread Pool -- 94) pvt_idx3 exists
[0m[0m06:19:08,476 INFO  [open.dolphin] (ServerService Thread Pool -- 94) d_karte_idx exists
[0m[0m06:19:08,477 INFO  [open.dolphin] (ServerService Thread Pool -- 94) d_document_idx exists
[0m[0m06:19:08,477 INFO  [open.dolphin] (ServerService Thread Pool -- 94) d_diagnosis_idx exists
[0m[0m06:19:08,478 INFO  [open.dolphin] (ServerService Thread Pool -- 94) d_patient_memo_idx exists
[0m[0m06:19:08,479 INFO  [open.dolphin] (ServerService Thread Pool -- 94) d_letter_module_idx exists
[0m[0m06:19:08,479 INFO  [open.dolphin] (ServerService Thread Pool -- 94) d_observation_idx exists
[0m[0m06:19:08,479 INFO  [open.dolphin] (ServerService Thread Pool -- 94) d_module_idx exists
[0m[0m06:19:08,480 INFO  [open.dolphin] (ServerService Thread Pool -- 94) d_image_idx exists
[0m[0m06:19:08,480 INFO  [open.dolphin] (ServerService Thread Pool -- 94) d_attachment_idx exists
[0m[0m06:19:08,480 INFO  [open.dolphin] (ServerService Thread Pool -- 94) d_nlabo_module_idx exists
[0m[0m06:19:08,481 INFO  [open.dolphin] (ServerService Thread Pool -- 94) d_nlabo_item_idx exists
[0m[0m06:19:08,481 INFO  [open.dolphin] (ServerService Thread Pool -- 94) fid_pid_idx exists
[0m[0m06:19:08,481 INFO  [open.dolphin] (ServerService Thread Pool -- 94) pvt_idx1 exists
[0m[0m06:19:08,481 INFO  [open.dolphin] (ServerService Thread Pool -- 94) pub_tree_idx1 exists
[0m[0m06:19:08,482 INFO  [open.dolphin] (ServerService Thread Pool -- 94) patient_idx1 dose not exists
[0m[0m06:19:08,494 INFO  [org.wildfly.security.soteria.original.SamRegistrationInstaller] (ServerService Thread Pool -- 94) Initializing Soteria 3.0.3.Final for context '/openDolphin'
[0m[0m06:19:08,741 INFO  [org.wildfly.extension.undertow] (ServerService Thread Pool -- 94) WFLYUT0021: Registered web context: '/openDolphin' for server 'default-server'
[0m[0m06:19:08,824 INFO  [org.jboss.as.server] (ServerService Thread Pool -- 48) WFLYSRV0010: Deployed "opendolphin-server.war" (runtime-name : "opendolphin-server.war")
[0m[0m06:19:08,845 INFO  [org.jboss.as.server] (Controller Boot Thread) WFLYSRV0212: Resuming server
[0m[0m06:19:08,853 INFO  [org.jboss.as] (Controller Boot Thread) WFLYSRV0060: Http management interface listening on http://0.0.0.0:9990/management
[0m[0m06:19:08,853 INFO  [org.jboss.as] (Controller Boot Thread) WFLYSRV0054: Admin console is not enabled
[0m[0m06:19:08,859 INFO  [org.jboss.as] (Controller Boot Thread) WFLYSRV0025: WildFly 33.0.2.Final (WildFly Core 25.0.2.Final) started in 7120ms - Started 751 of 961 services (353 services are lazy, passive or on-demand) - Server configuration file in use: standalone-full.xml - Minimum feature stability level: community
