# SP4 main scenarios (Charts/Reception/Claim)
runId: 20251124T073245Z
parentRunId: 20251124T000000Z
flag: WEB_ORCA_MASTER_SOURCE=server (client未配線)
status: blocked
reason: web-client 側で WEB_ORCA_MASTER_SOURCE/VITE_ORCA_MASTER_BRIDGE を参照する実装が存在せず、ORCA-05/06/08 ブリッジは `fetchOrca0{5,6,8}BridgeMasters` スケルトンのまま dataSource=mock/fallbackUsed=true/missingMaster=true を返すため、server 接続 E2E を開始できない。Charts/Reception/Claim の fetch フックは既存 MSW/legacy 経路のみ。
reRunCondition: ブリッジ実装が server 連携で有効になり、ランタイムフラグ（env/localStorage）が fetch レイヤーへ配線された後に、dev/preview サーバーを HTTPS で起動した状態で Playwright/MSW 以外のプロファイルを実行できること。
notes:
  - evidence: web-client/src/features/charts/api/orca-api.ts#L806-L844 の stub が dataSource=mock/fallbackUsed=true/missingMaster=true を固定返却。
  - notes: `rg "WEB_ORCA_MASTER_SOURCE" web-client/src` で参照なし。
scenarios:
  - name: Charts master bridge
    apiRoute: /orca/master/*
    dataSource: mock
    cacheHit: null
    missingMaster: true
    fallbackUsed: true
    status: blocked
    note: ブリッジスケルトンのみのため server 呼び出し不可。
  - name: Reception (appointments/claim)
    apiRoute: /orca/appointments/*
    dataSource: mock
    cacheHit: null
    missingMaster: true
    fallbackUsed: true
    status: blocked
    note: master bridge 未配線、server 切替不可。
  - name: Claim (tensu/billing)
    apiRoute: /orca/tensu/*
    dataSource: mock
    cacheHit: null
    missingMaster: true
    fallbackUsed: true
    status: blocked
    note: /orca/tensu/* は MSW/legacy 経路のみ。server ブリッジ未提供。
