[0m[0m05:30:53,175 INFO  [open.dolphin] (default task-67) 127.0.0.1 doctor1 GET /karte/pid/0000001,2024-01-01
[0m[0m05:30:53,180 INFO  [open.dolphin] (default task-67) 127.0.0.1 doctor1 GET /karte/pid/0000001,2024-01-01
[0m[31m05:30:53,277 ERROR [stderr] (default task-67) java.text.ParseException: Unparseable date: "2024-01-01"
[0m[31m05:30:53,280 ERROR [stderr] (default task-67) 	at java.text.DateFormat.parse(DateFormat.java:366)
[0m[31m05:30:53,281 ERROR [stderr] (default task-67) 	at open.dolphin.rest.AbstractResource.parseDate(AbstractResource.java:22)
[0m[31m05:30:53,281 ERROR [stderr] (default task-67) 	at open.dolphin.rest.KarteResource.getKarteByPid(KarteResource.java:46)
[0m[31m05:30:53,281 ERROR [stderr] (default task-67) 	at open.dolphin.rest.KarteResource$Proxy$_$$_WeldClientProxy.getKarteByPid(Unknown Source)
[0m[31m05:30:53,281 ERROR [stderr] (default task-67) 	at sun.reflect.NativeMethodAccessorImpl.invoke0(Native Method)
[0m[31m05:30:53,281 ERROR [stderr] (default task-67) 	at sun.reflect.NativeMethodAccessorImpl.invoke(NativeMethodAccessorImpl.java:62)
[0m[31m05:30:53,281 ERROR [stderr] (default task-67) 	at sun.reflect.DelegatingMethodAccessorImpl.invoke(DelegatingMethodAccessorImpl.java:43)
[0m[31m05:30:53,281 ERROR [stderr] (default task-67) 	at java.lang.reflect.Method.invoke(Method.java:498)
[0m[31m05:30:53,281 ERROR [stderr] (default task-67) 	at org.jboss.resteasy.core.MethodInjectorImpl.invoke(MethodInjectorImpl.java:139)
[0m[31m05:30:53,281 ERROR [stderr] (default task-67) 	at org.jboss.resteasy.core.ResourceMethodInvoker.invokeOnTarget(ResourceMethodInvoker.java:295)
[0m[31m05:30:53,282 ERROR [stderr] (default task-67) 	at org.jboss.resteasy.core.ResourceMethodInvoker.invoke(ResourceMethodInvoker.java:249)
[0m[31m05:30:53,282 ERROR [stderr] (default task-67) 	at org.jboss.resteasy.core.ResourceMethodInvoker.invoke(ResourceMethodInvoker.java:236)
[0m[31m05:30:53,282 ERROR [stderr] (default task-67) 	at org.jboss.resteasy.core.SynchronousDispatcher.invoke(SynchronousDispatcher.java:402)
[0m[31m05:30:53,282 ERROR [stderr] (default task-67) 	at org.jboss.resteasy.core.SynchronousDispatcher.invoke(SynchronousDispatcher.java:209)
[0m[31m05:30:53,282 ERROR [stderr] (default task-67) 	at org.jboss.resteasy.plugins.server.servlet.ServletContainerDispatcher.service(ServletContainerDispatcher.java:221)
[0m[31m05:30:53,282 ERROR [stderr] (default task-67) 	at org.jboss.resteasy.plugins.server.servlet.HttpServletDispatcher.service(HttpServletDispatcher.java:56)
[0m[31m05:30:53,282 ERROR [stderr] (default task-67) 	at org.jboss.resteasy.plugins.server.servlet.HttpServletDispatcher.service(HttpServletDispatcher.java:51)
[0m[31m05:30:53,282 ERROR [stderr] (default task-67) 	at javax.servlet.http.HttpServlet.service(HttpServlet.java:790)
[0m[31m05:30:53,282 ERROR [stderr] (default task-67) 	at io.undertow.servlet.handlers.ServletHandler.handleRequest(ServletHandler.java:85)
[0m[31m05:30:53,282 ERROR [stderr] (default task-67) 	at io.undertow.servlet.handlers.FilterHandler$FilterChainImpl.doFilter(FilterHandler.java:129)
[0m[31m05:30:53,282 ERROR [stderr] (default task-67) 	at open.dolphin.rest.LogFilter.doFilter(LogFilter.java:98)
[0m[31m05:30:53,282 ERROR [stderr] (default task-67) 	at io.undertow.servlet.core.ManagedFilter.doFilter(ManagedFilter.java:61)
[0m[31m05:30:53,282 ERROR [stderr] (default task-67) 	at io.undertow.servlet.handlers.FilterHandler$FilterChainImpl.doFilter(FilterHandler.java:131)
[0m[31m05:30:53,282 ERROR [stderr] (default task-67) 	at open.dolphin.rest.LogFilter.doFilter(LogFilter.java:98)
[0m[31m05:30:53,282 ERROR [stderr] (default task-67) 	at io.undertow.servlet.core.ManagedFilter.doFilter(ManagedFilter.java:61)
[0m[31m05:30:53,282 ERROR [stderr] (default task-67) 	at io.undertow.servlet.handlers.FilterHandler$FilterChainImpl.doFilter(FilterHandler.java:131)
[0m[31m05:30:53,283 ERROR [stderr] (default task-67) 	at io.undertow.servlet.handlers.FilterHandler.handleRequest(FilterHandler.java:84)
[0m[31m05:30:53,283 ERROR [stderr] (default task-67) 	at io.undertow.servlet.handlers.security.ServletSecurityRoleHandler.handleRequest(ServletSecurityRoleHandler.java:62)
[0m[31m05:30:53,283 ERROR [stderr] (default task-67) 	at io.undertow.servlet.handlers.ServletDispatchingHandler.handleRequest(ServletDispatchingHandler.java:36)
[0m[31m05:30:53,283 ERROR [stderr] (default task-67) 	at org.wildfly.extension.undertow.security.SecurityContextAssociationHandler.handleRequest(SecurityContextAssociationHandler.java:78)
[0m[31m05:30:53,283 ERROR [stderr] (default task-67) 	at io.undertow.server.handlers.PredicateHandler.handleRequest(PredicateHandler.java:43)
[0m[31m05:30:53,283 ERROR [stderr] (default task-67) 	at io.undertow.servlet.handlers.security.SSLInformationAssociationHandler.handleRequest(SSLInformationAssociationHandler.java:131)
[0m[31m05:30:53,283 ERROR [stderr] (default task-67) 	at io.undertow.servlet.handlers.security.ServletAuthenticationCallHandler.handleRequest(ServletAuthenticationCallHandler.java:57)
[0m[31m05:30:53,283 ERROR [stderr] (default task-67) 	at io.undertow.server.handlers.PredicateHandler.handleRequest(PredicateHandler.java:43)
[0m[31m05:30:53,283 ERROR [stderr] (default task-67) 	at io.undertow.security.handlers.AbstractConfidentialityHandler.handleRequest(AbstractConfidentialityHandler.java:46)
[0m[31m05:30:53,283 ERROR [stderr] (default task-67) 	at io.undertow.servlet.handlers.security.ServletConfidentialityConstraintHandler.handleRequest(ServletConfidentialityConstraintHandler.java:64)
[0m[31m05:30:53,283 ERROR [stderr] (default task-67) 	at io.undertow.security.handlers.AuthenticationMechanismsHandler.handleRequest(AuthenticationMechanismsHandler.java:60)
[0m[31m05:30:53,283 ERROR [stderr] (default task-67) 	at io.undertow.servlet.handlers.security.CachedAuthenticatedSessionHandler.handleRequest(CachedAuthenticatedSessionHandler.java:77)
[0m[31m05:30:53,283 ERROR [stderr] (default task-67) 	at io.undertow.security.handlers.NotificationReceiverHandler.handleRequest(NotificationReceiverHandler.java:50)
[0m[31m05:30:53,283 ERROR [stderr] (default task-67) 	at io.undertow.security.handlers.AbstractSecurityContextAssociationHandler.handleRequest(AbstractSecurityContextAssociationHandler.java:43)
[0m[31m05:30:53,283 ERROR [stderr] (default task-67) 	at io.undertow.server.handlers.PredicateHandler.handleRequest(PredicateHandler.java:43)
[0m[31m05:30:53,283 ERROR [stderr] (default task-67) 	at org.wildfly.extension.undertow.security.jacc.JACCContextIdHandler.handleRequest(JACCContextIdHandler.java:61)
[0m[31m05:30:53,283 ERROR [stderr] (default task-67) 	at io.undertow.server.handlers.PredicateHandler.handleRequest(PredicateHandler.java:43)
[0m[31m05:30:53,283 ERROR [stderr] (default task-67) 	at io.undertow.server.handlers.PredicateHandler.handleRequest(PredicateHandler.java:43)
[0m[31m05:30:53,285 ERROR [stderr] (default task-67) 	at io.undertow.servlet.handlers.ServletInitialHandler.handleFirstRequest(ServletInitialHandler.java:292)
[0m[31m05:30:53,285 ERROR [stderr] (default task-67) 	at io.undertow.servlet.handlers.ServletInitialHandler.access$100(ServletInitialHandler.java:81)
[0m[31m05:30:53,286 ERROR [stderr] (default task-67) 	at io.undertow.servlet.handlers.ServletInitialHandler$2.call(ServletInitialHandler.java:138)
[0m[31m05:30:53,286 ERROR [stderr] (default task-67) 	at io.undertow.servlet.handlers.ServletInitialHandler$2.call(ServletInitialHandler.java:135)
[0m[31m05:30:53,286 ERROR [stderr] (default task-67) 	at io.undertow.servlet.core.ServletRequestContextThreadSetupAction$1.call(ServletRequestContextThreadSetupAction.java:48)
[0m[31m05:30:53,286 ERROR [stderr] (default task-67) 	at io.undertow.servlet.core.ContextClassLoaderSetupAction$1.call(ContextClassLoaderSetupAction.java:43)
[0m[31m05:30:53,286 ERROR [stderr] (default task-67) 	at io.undertow.servlet.api.LegacyThreadSetupActionWrapper$1.call(LegacyThreadSetupActionWrapper.java:44)
[0m[31m05:30:53,286 ERROR [stderr] (default task-67) 	at io.undertow.servlet.api.LegacyThreadSetupActionWrapper$1.call(LegacyThreadSetupActionWrapper.java:44)
[0m[31m05:30:53,286 ERROR [stderr] (default task-67) 	at io.undertow.servlet.api.LegacyThreadSetupActionWrapper$1.call(LegacyThreadSetupActionWrapper.java:44)
[0m[31m05:30:53,286 ERROR [stderr] (default task-67) 	at io.undertow.servlet.api.LegacyThreadSetupActionWrapper$1.call(LegacyThreadSetupActionWrapper.java:44)
[0m[31m05:30:53,286 ERROR [stderr] (default task-67) 	at io.undertow.servlet.api.LegacyThreadSetupActionWrapper$1.call(LegacyThreadSetupActionWrapper.java:44)
[0m[31m05:30:53,286 ERROR [stderr] (default task-67) 	at io.undertow.servlet.api.LegacyThreadSetupActionWrapper$1.call(LegacyThreadSetupActionWrapper.java:44)
[0m[31m05:30:53,286 ERROR [stderr] (default task-67) 	at io.undertow.servlet.handlers.ServletInitialHandler.dispatchRequest(ServletInitialHandler.java:272)
[0m[31m05:30:53,286 ERROR [stderr] (default task-67) 	at io.undertow.servlet.handlers.ServletInitialHandler.access$000(ServletInitialHandler.java:81)
[0m[31m05:30:53,286 ERROR [stderr] (default task-67) 	at io.undertow.servlet.handlers.ServletInitialHandler$1.handleRequest(ServletInitialHandler.java:104)
[0m[31m05:30:53,286 ERROR [stderr] (default task-67) 	at io.undertow.server.Connectors.executeRootHandler(Connectors.java:202)
[0m[31m05:30:53,287 ERROR [stderr] (default task-67) 	at io.undertow.server.HttpServerExchange$1.run(HttpServerExchange.java:805)
[0m[31m05:30:53,287 ERROR [stderr] (default task-67) 	at java.util.concurrent.ThreadPoolExecutor.runWorker(ThreadPoolExecutor.java:1149)
[0m[31m05:30:53,287 ERROR [stderr] (default task-67) 	at java.util.concurrent.ThreadPoolExecutor$Worker.run(ThreadPoolExecutor.java:624)
[0m[31m05:30:53,287 ERROR [stderr] (default task-67) 	at java.lang.Thread.run(Thread.java:748)
[0m[0m05:30:53,323 INFO  [stdout] (default task-67) Hibernate: select patientmod0_.id as id1_34_, patientmod0_.address as address2_34_, patientmod0_.zipCode as zipCode3_34_, patientmod0_.appMemo as appMemo4_34_, patientmod0_.birthday as birthday5_34_, patientmod0_.email as email6_34_, patientmod0_.facilityId as facility7_34_, patientmod0_.familyName as familyNa8_34_, patientmod0_.fullName as fullName9_34_, patientmod0_.gender as gender10_34_, patientmod0_.genderDesc as genderD11_34_, patientmod0_.givenName as givenNa12_34_, patientmod0_.jpegPhoto as jpegPho13_34_, patientmod0_.kanaFamilyName as kanaFam14_34_, patientmod0_.kanaGivenName as kanaGiv15_34_, patientmod0_.kanaName as kanaNam16_34_, patientmod0_.maritalStatus as marital17_34_, patientmod0_.memo as memo18_34_, patientmod0_.mobilePhone as mobileP19_34_, patientmod0_.nationality as nationa20_34_, patientmod0_.ownerUUID as ownerUU21_34_, patientmod0_.patientId as patient22_34_, patientmod0_.relations as relatio23_34_, patientmod0_.reserve1 as reserve24_34_, patientmod0_.reserve2 as reserve25_34_, patientmod0_.reserve3 as reserve26_34_, patientmod0_.reserve4 as reserve27_34_, patientmod0_.reserve5 as reserve28_34_, patientmod0_.reserve6 as reserve29_34_, patientmod0_.romanFamilyName as romanFa30_34_, patientmod0_.romanGivenName as romanGi31_34_, patientmod0_.romanName as romanNa32_34_, patientmod0_.telephone as telepho33_34_ from d_patient patientmod0_ where patientmod0_.facilityId=? and patientmod0_.patientId=?
[0m[31m05:30:53,553 ERROR [io.undertow.request] (default task-67) UT005023: Exception handling request to /openDolphin/resources/karte/pid/0000001,2024-01-01: org.jboss.resteasy.spi.UnhandledException: RESTEASY003770: Response is committed, can't handle exception
	at org.jboss.resteasy.core.SynchronousDispatcher.writeException(SynchronousDispatcher.java:174)
	at org.jboss.resteasy.core.SynchronousDispatcher.writeResponse(SynchronousDispatcher.java:478)
	at org.jboss.resteasy.core.SynchronousDispatcher.invoke(SynchronousDispatcher.java:422)
	at org.jboss.resteasy.core.SynchronousDispatcher.invoke(SynchronousDispatcher.java:209)
	at org.jboss.resteasy.plugins.server.servlet.ServletContainerDispatcher.service(ServletContainerDispatcher.java:221)
	at org.jboss.resteasy.plugins.server.servlet.HttpServletDispatcher.service(HttpServletDispatcher.java:56)
	at org.jboss.resteasy.plugins.server.servlet.HttpServletDispatcher.service(HttpServletDispatcher.java:51)
	at javax.servlet.http.HttpServlet.service(HttpServlet.java:790)
	at io.undertow.servlet.handlers.ServletHandler.handleRequest(ServletHandler.java:85)
	at io.undertow.servlet.handlers.FilterHandler$FilterChainImpl.doFilter(FilterHandler.java:129)
	at open.dolphin.rest.LogFilter.doFilter(LogFilter.java:98)
	at io.undertow.servlet.core.ManagedFilter.doFilter(ManagedFilter.java:61)
	at io.undertow.servlet.handlers.FilterHandler$FilterChainImpl.doFilter(FilterHandler.java:131)
	at open.dolphin.rest.LogFilter.doFilter(LogFilter.java:98)
	at io.undertow.servlet.core.ManagedFilter.doFilter(ManagedFilter.java:61)
	at io.undertow.servlet.handlers.FilterHandler$FilterChainImpl.doFilter(FilterHandler.java:131)
	at io.undertow.servlet.handlers.FilterHandler.handleRequest(FilterHandler.java:84)
	at io.undertow.servlet.handlers.security.ServletSecurityRoleHandler.handleRequest(ServletSecurityRoleHandler.java:62)
	at io.undertow.servlet.handlers.ServletDispatchingHandler.handleRequest(ServletDispatchingHandler.java:36)
	at org.wildfly.extension.undertow.security.SecurityContextAssociationHandler.handleRequest(SecurityContextAssociationHandler.java:78)
	at io.undertow.server.handlers.PredicateHandler.handleRequest(PredicateHandler.java:43)
	at io.undertow.servlet.handlers.security.SSLInformationAssociationHandler.handleRequest(SSLInformationAssociationHandler.java:131)
	at io.undertow.servlet.handlers.security.ServletAuthenticationCallHandler.handleRequest(ServletAuthenticationCallHandler.java:57)
	at io.undertow.server.handlers.PredicateHandler.handleRequest(PredicateHandler.java:43)
	at io.undertow.security.handlers.AbstractConfidentialityHandler.handleRequest(AbstractConfidentialityHandler.java:46)
	at io.undertow.servlet.handlers.security.ServletConfidentialityConstraintHandler.handleRequest(ServletConfidentialityConstraintHandler.java:64)
	at io.undertow.security.handlers.AuthenticationMechanismsHandler.handleRequest(AuthenticationMechanismsHandler.java:60)
	at io.undertow.servlet.handlers.security.CachedAuthenticatedSessionHandler.handleRequest(CachedAuthenticatedSessionHandler.java:77)
	at io.undertow.security.handlers.NotificationReceiverHandler.handleRequest(NotificationReceiverHandler.java:50)
	at io.undertow.security.handlers.AbstractSecurityContextAssociationHandler.handleRequest(AbstractSecurityContextAssociationHandler.java:43)
	at io.undertow.server.handlers.PredicateHandler.handleRequest(PredicateHandler.java:43)
	at org.wildfly.extension.undertow.security.jacc.JACCContextIdHandler.handleRequest(JACCContextIdHandler.java:61)
	at io.undertow.server.handlers.PredicateHandler.handleRequest(PredicateHandler.java:43)
	at io.undertow.server.handlers.PredicateHandler.handleRequest(PredicateHandler.java:43)
	at io.undertow.servlet.handlers.ServletInitialHandler.handleFirstRequest(ServletInitialHandler.java:292)
	at io.undertow.servlet.handlers.ServletInitialHandler.access$100(ServletInitialHandler.java:81)
	at io.undertow.servlet.handlers.ServletInitialHandler$2.call(ServletInitialHandler.java:138)
	at io.undertow.servlet.handlers.ServletInitialHandler$2.call(ServletInitialHandler.java:135)
	at io.undertow.servlet.core.ServletRequestContextThreadSetupAction$1.call(ServletRequestContextThreadSetupAction.java:48)
	at io.undertow.servlet.core.ContextClassLoaderSetupAction$1.call(ContextClassLoaderSetupAction.java:43)
	at io.undertow.servlet.api.LegacyThreadSetupActionWrapper$1.call(LegacyThreadSetupActionWrapper.java:44)
	at io.undertow.servlet.api.LegacyThreadSetupActionWrapper$1.call(LegacyThreadSetupActionWrapper.java:44)
	at io.undertow.servlet.api.LegacyThreadSetupActionWrapper$1.call(LegacyThreadSetupActionWrapper.java:44)
	at io.undertow.servlet.api.LegacyThreadSetupActionWrapper$1.call(LegacyThreadSetupActionWrapper.java:44)
	at io.undertow.servlet.api.LegacyThreadSetupActionWrapper$1.call(LegacyThreadSetupActionWrapper.java:44)
	at io.undertow.servlet.api.LegacyThreadSetupActionWrapper$1.call(LegacyThreadSetupActionWrapper.java:44)
	at io.undertow.servlet.handlers.ServletInitialHandler.dispatchRequest(ServletInitialHandler.java:272)
	at io.undertow.servlet.handlers.ServletInitialHandler.access$000(ServletInitialHandler.java:81)
	at io.undertow.servlet.handlers.ServletInitialHandler$1.handleRequest(ServletInitialHandler.java:104)
	at io.undertow.server.Connectors.executeRootHandler(Connectors.java:202)
	at io.undertow.server.HttpServerExchange$1.run(HttpServerExchange.java:805)
	at java.util.concurrent.ThreadPoolExecutor.runWorker(ThreadPoolExecutor.java:1149)
	at java.util.concurrent.ThreadPoolExecutor$Worker.run(ThreadPoolExecutor.java:624)
	at java.lang.Thread.run(Thread.java:748)
Caused by: com.fasterxml.jackson.databind.JsonMappingException: (was java.lang.NullPointerException) (through reference chain: open.dolphin.converter.KarteBeanConverter["created"])
	at com.fasterxml.jackson.databind.JsonMappingException.wrapWithPath(JsonMappingException.java:378)
	at com.fasterxml.jackson.databind.JsonMappingException.wrapWithPath(JsonMappingException.java:338)
	at com.fasterxml.jackson.databind.ser.std.StdSerializer.wrapAndThrow(StdSerializer.java:342)
	at com.fasterxml.jackson.databind.ser.std.BeanSerializerBase.serializeFields(BeanSerializerBase.java:686)
	at com.fasterxml.jackson.databind.ser.BeanSerializer.serialize(BeanSerializer.java:157)
	at com.fasterxml.jackson.databind.ser.DefaultSerializerProvider.serializeValue(DefaultSerializerProvider.java:130)
	at com.fasterxml.jackson.databind.ObjectWriter$Prefetch.serialize(ObjectWriter.java:1428)
	at com.fasterxml.jackson.databind.ObjectWriter.writeValue(ObjectWriter.java:930)
	at org.jboss.resteasy.plugins.providers.jackson.ResteasyJackson2Provider.writeTo(ResteasyJackson2Provider.java:207)
	at org.jboss.resteasy.core.interception.AbstractWriterInterceptorContext.writeTo(AbstractWriterInterceptorContext.java:131)
	at org.jboss.resteasy.core.interception.ServerWriterInterceptorContext.writeTo(ServerWriterInterceptorContext.java:60)
	at org.jboss.resteasy.core.interception.AbstractWriterInterceptorContext.proceed(AbstractWriterInterceptorContext.java:120)
	at org.jboss.resteasy.security.doseta.DigitalSigningInterceptor.aroundWriteTo(DigitalSigningInterceptor.java:145)
	at org.jboss.resteasy.core.interception.AbstractWriterInterceptorContext.proceed(AbstractWriterInterceptorContext.java:124)
	at org.jboss.resteasy.plugins.interceptors.encoding.GZIPEncodingInterceptor.aroundWriteTo(GZIPEncodingInterceptor.java:100)
	at org.jboss.resteasy.core.interception.AbstractWriterInterceptorContext.proceed(AbstractWriterInterceptorContext.java:124)
	at org.jboss.resteasy.core.ServerResponseWriter.writeNomapResponse(ServerResponseWriter.java:98)
	at org.jboss.resteasy.core.SynchronousDispatcher.writeResponse(SynchronousDispatcher.java:473)
	... 52 more
Caused by: java.lang.NullPointerException
	at open.dolphin.converter.KarteBeanConverter.getCreated(KarteBeanConverter.java:28)
	at sun.reflect.NativeMethodAccessorImpl.invoke0(Native Method)
	at sun.reflect.NativeMethodAccessorImpl.invoke(NativeMethodAccessorImpl.java:62)
	at sun.reflect.DelegatingMethodAccessorImpl.invoke(DelegatingMethodAccessorImpl.java:43)
	at java.lang.reflect.Method.invoke(Method.java:498)
	at com.fasterxml.jackson.databind.ser.BeanPropertyWriter.serializeAsField(BeanPropertyWriter.java:633)
	at com.fasterxml.jackson.databind.ser.std.BeanSerializerBase.serializeFields(BeanSerializerBase.java:678)
	... 66 more

[0m[0m05:31:06,978 INFO  [open.dolphin] (default task-68) 127.0.0.1 dolphin GET /dolphin
[0m[0m05:31:06,979 INFO  [open.dolphin] (default task-68) 127.0.0.1 dolphin GET /dolphin
