  % Total    % Received % Xferd  Average Speed   Time    Time     Time  Current
                                 Dload  Upload   Total   Spent    Left  Speed
  0     0    0     0    0     0      0      0 --:--:-- --:--:-- --:--:--     0  0     0    0     0    0     0      0      0 --:--:-- --:--:-- --:--:--     0* Host weborca-trial.orca.med.or.jp:443 was resolved.
* IPv6: (none)
* IPv4: 172.192.77.103
*   Trying 172.192.77.103:443...
* Connected to weborca-trial.orca.med.or.jp (172.192.77.103) port 443
* ALPN: curl offers h2,http/1.1
} [5 bytes data]
* TLSv1.3 (OUT), TLS handshake, Client hello (1):
} [512 bytes data]
*  CAfile: /etc/ssl/certs/ca-certificates.crt
*  CApath: /etc/ssl/certs
{ [5 bytes data]
* TLSv1.3 (IN), TLS handshake, Server hello (2):
{ [112 bytes data]
* TLSv1.2 (IN), TLS handshake, Certificate (11):
{ [5164 bytes data]
* TLSv1.2 (IN), TLS handshake, Server key exchange (12):
{ [300 bytes data]
* TLSv1.2 (IN), TLS handshake, Server finished (14):
{ [4 bytes data]
* TLSv1.2 (OUT), TLS handshake, Client key exchange (16):
} [37 bytes data]
* TLSv1.2 (OUT), TLS change cipher, Change cipher spec (1):
} [1 bytes data]
* TLSv1.2 (OUT), TLS handshake, Finished (20):
} [16 bytes data]
* TLSv1.2 (IN), TLS handshake, Finished (20):
{ [16 bytes data]
* SSL connection using TLSv1.2 / ECDHE-RSA-AES256-GCM-SHA384 / X25519 / RSASSA-PSS
* ALPN: server accepted http/1.1
* Server certificate:
*  subject: C=JP; ST=Tokyo; O=ORCA Management Organization Co., Ltd.; CN=*.orca.med.or.jp
*  start date: May 21 00:00:00 2025 GMT
*  expire date: Jun 21 23:59:59 2026 GMT
*  subjectAltName: host "weborca-trial.orca.med.or.jp" matched cert's "*.orca.med.or.jp"
*  issuer: C=GB; O=Sectigo Limited; CN=Sectigo Public Server Authentication CA OV R36
*  SSL certificate verify ok.
*   Certificate level 0: Public key type RSA (2048/112 Bits/secBits), signed using sha384WithRSAEncryption
*   Certificate level 1: Public key type RSA (3072/128 Bits/secBits), signed using sha384WithRSAEncryption
*   Certificate level 2: Public key type RSA (4096/152 Bits/secBits), signed using sha384WithRSAEncryption
* using HTTP/1.x
* Server auth using Basic with user 'trial'
} [5 bytes data]
> POST /api01rv2/appointlstv2?class=01 HTTP/1.1
> Host: weborca-trial.orca.med.or.jp
> Authorization: Basic dHJpYWw6d2Vib3JjYXRyaWFs
> User-Agent: curl/8.5.0
> Accept: */*
> Content-Type: application/json
> Content-Length: 162
> 
} [162 bytes data]
< HTTP/1.1 200 OK
< Server: nginx/1.18.0 (Ubuntu)
< Date: Sat, 15 Nov 2025 04:19:00 GMT
< Content-Type: application/json; charset=UTF-8
< Content-Length: 266
< Connection: keep-alive
< X-Hybridmode: normal
< 
{ [266 bytes data]
100   428  100   266  100   162    275    167 --:--:-- --:--:-- --:--:--   443
* Connection #0 to host weborca-trial.orca.med.or.jp left intact
{"appointlstres":{"Information_Date":"2025-11-15","Information_Time":"13:19:00","Api_Result":"12","Api_Result_Message":"ドクターが存在しません","Reskey":"Patient Info","Appointment_Date":"2025-11-20","Appointlst_Information":[{"Physician_Code":"0001"}]}}
