&{POST /api21/medicalmodv2?class=01 HTTP/1.1 1 1 map[Accept:[*/*] Authorization:[Basic b3JtYXN0ZXI6Y2hhbmdlX21l] Content-Length:[3699] Content-Type:[application/xml; charset=UTF-8] User-Agent:[curl/8.7.1]] 0xc00249b080 <nil> 3699 [] false localhost:8000 map[] map[] <nil> map[] 138.68.11.125:63908 /api21/medicalmodv2?class=01 <nil> <nil> <nil>  0xc001376050 <nil> [] map[]}
2025/11/13 13:53:18 System Error:405    code=405, message=Method Not Allowed
web.ErrorHandler
	/home/orcauser/develop/weborca-main/20251024-1/internal/web/error.go:73
github.com/labstack/echo/v4.(*Echo).ServeHTTP
	/home/orcauser/go/pkg/mod/github.com/labstack/echo/v4@v4.13.4/echo.go:669
net/http.serverHandler.ServeHTTP
	/usr/lib/go-1.23/src/net/http/server.go:3210
net/http.(*conn).serve
	/usr/lib/go-1.23/src/net/http/server.go:2092
runtime.goexit
	/usr/lib/go-1.23/src/runtime/asm_amd64.s:1700
libcob:cancel_context
libcob:create_context
libcob:update_context
cob_init start
cob_init end
***************
* accept start*
***************
MDCRES-OBJECT not low_value
***************
* accept end  *
***************
2025/11/13 13:53:36 API-:orca  ormaster medicalmodv2 ORAPI021S1V2 false api:27ms tot:31ms 
2025/11/13 13:53:36 DestroyContext: false
DestroySessionWithWS: ormaster
libcob:cancel_context
libcob:destroy_context
libcob:create_context
libcob:update_context
cob_init start
cob_init end
*********************
* patient res start *
*********************
MDCRES-OBJECT not low_value
MDCRES-OBJECT not low_value
*******************
* patient res end *
*******************
DestroySessionWithWS: ormaster
2025/11/13 13:55:32 API-:orca  ormaster patientmodv2 ORAPI012S1V2 false api:15ms tot:18ms 
2025/11/13 13:55:32 DestroyContext: false
libcob:cancel_context
libcob:create_context
libcob:update_context
cob_init start
cob_init end
***************
* accept start*
***************
MDCRES-OBJECT not low_value
***************
* accept end  *
***************
2025/11/13 13:56:18 API-:orca  ormaster medicalmodv2 ORAPI021S1V2 false api:17ms tot:21ms 
DestroySessionWithWS: ormaster
2025/11/13 13:56:18 DestroyContext: false
libcob:cancel_context
libcob:destroy_context
libcob:destroy_context
libcob:create_context
libcob:update_context
cob_init start
cob_init end
***************
* accept start*
***************
MDCRES-OBJECT not low_value
***************
* accept end  *
***************
2025/11/13 13:59:19 API-:orca  ormaster medicalmodv2 ORAPI021S1V2 false api:18ms tot:20ms 
DestroySessionWithWS: ormaster
2025/11/13 13:59:19 DestroyContext: false
