== Info:   Trying 100.102.17.40:8000...
== Info: Connected to 100.102.17.40 (100.102.17.40) port 8000
== Info: Server auth using Basic with user 'ormaster'
=> Send header, 226 bytes (0xe2)
0000: POST /api/api01rv2/acceptlstv2?class=01 HTTP/1.1
0032: Host: 100.102.17.40:8000
004c: Authorization: <MASKED>
007b: User-Agent: curl/8.7.1
0093: Accept: application/xml
00ac: Content-Type: application/xml
00cb: Content-Length: 408
00e0: 
=> Send data, 408 bytes (0x198)
0000: <?xml version="1.0" encoding="UTF-8"?>.<data>.  <acceptlstreq ty
0040: pe="record">.    <Acceptance_Date type="string">2025-11-22</Acce
0080: ptance_Date>.    <Department_Code type="string">01</Department_C
00c0: ode>.    <Physician_Code type="string">10000</Physician_Code>.  
0100:   <Medical_Information type="string">01</Medical_Information>.  
0140:   <Display_Order_Sort type="string">True</Display_Order_Sort>.  
0180: </acceptlstreq>.</data>.
== Info: upload completely sent off: 408 bytes
<= Recv header, 17 bytes (0x11)
0000: HTTP/1.1 200 OK
<= Recv header, 46 bytes (0x2e)
0000: Content-Type: application/xml; charset=UTF-8
<= Recv header, 22 bytes (0x16)
0000: X-Hybridmode: normal
<= Recv header, 37 bytes (0x25)
0000: Date: Fri, 21 Nov 2025 22:25:58 GMT
<= Recv header, 28 bytes (0x1c)
0000: Transfer-Encoding: chunked
<= Recv header, 2 bytes (0x2)
0000: 
<= Recv data, 2338 bytes (0x922)
0000: 800
0005: <?xml version="1.0" encoding="UTF-8"?>.<xmlio2>.<acceptlstres ty
0045: pe="record">.<Information_Date type="string">2025-11-22</Informa
0085: tion_Date>.<Information_Time type="string">07:25:58</Information
00c5: _Time>.<Api_Result type="string">00</Api_Result>.<Api_Result_Mes
0105: sage type="string">............</Api_Result_Message>.<Reskey typ
0145: e="string">Patient Info</Reskey>.<Acceptance_Date type="string">
0185: 2025-11-22</Acceptance_Date>.<Acceptlst_Information type="array"
01c5: >.<Acceptlst_Information_child type="record">.<Acceptance_Time t
0205: ype="string">00:36:55</Acceptance_Time>.<Acceptance_Id type="str
0245: ing">00001</Acceptance_Id>.<Department_Code type="string">01</De
0285: partment_Code>.<Department_WholeName type="string">......</Depar
02c5: tment_WholeName>.<Physician_Code type="string">10000</Physician_
0305: Code>.<Physician_WholeName type="string">..................</Phy
0345: sician_WholeName>.<Medical_Information type="string">01</Medical
0385: _Information>.<Patient_Information type="record">.<Patient_ID ty
03c5: pe="string">00001</Patient_ID>.<WholeName type="string">........
0405: ..........</WholeName>.<WholeName_inKana type="string">.........
0445: ...............</WholeName_inKana>.<BirthDate type="string">1980
0485: -01-01</BirthDate>.<Sex type="string">1</Sex>.</Patient_Informat
04c5: ion>.<HealthInsurance_Information type="record">.<Insurance_Comb
0505: ination_Number type="string">0001</Insurance_Combination_Number>
0545: .<Insurance_Nondisplay type="string">N</Insurance_Nondisplay>.<I
0585: nsuranceProvider_Class type="string">060</InsuranceProvider_Clas
05c5: s>.<InsuranceProvider_Number type="string">138057</InsuranceProv
0605: ider_Number>.<InsuranceProvider_WholeName type="string">......</
0645: InsuranceProvider_WholeName>.<HealthInsuredPerson_Symbol type="s
0685: tring">......</HealthInsuredPerson_Symbol>.<HealthInsuredPerson_
06c5: Number type="string">.....................</HealthInsuredPerson_
0705: Number>.<HealthInsuredPerson_Assistance type="string">3</HealthI
0745: nsuredPerson_Assistance>.<RelationToInsuredPerson type="string">
0785: 1</RelationToInsuredPerson>.<Certificate_StartDate type="string"
07c5: >2025-01-01</Certificate_StartDate>.<Certificate_ExpiredDate typ
0807: 10f
080c: e="string">9999-12-31</Certificate_ExpiredDate>.</HealthInsuranc
084c: e_Information>.<Display_Order type="record">.<Display_Order_Numb
088c: er type="string">9999</Display_Order_Number>.</Display_Order>.</
08cc: Acceptlst_Information_child>.</Acceptlst_Information>.</acceptls
090c: tres>.</xmlio2>
091d: 0
0920: 
== Info: Connection #0 to host 100.102.17.40 left intact
