== Info:   Trying 100.102.17.40:8000...
== Info: Connected to 100.102.17.40 (100.102.17.40) port 8000
== Info: Server auth using Basic with user 'ormaster'
=> Send header, 222 bytes (0xde)
0000: POST /api01rv2/acceptlstv2?class=01 HTTP/1.1
002e: Host: 100.102.17.40:8000
0048: Authorization: <MASKED>
0077: User-Agent: curl/8.7.1
008f: Accept: application/xml
00a8: Content-Type: application/xml
00c7: Content-Length: 359
00dc: 
=> Send data, 359 bytes (0x167)
0000: <?xml version="1.0" encoding="UTF-8"?>.<data>.  <acceptlstreq>. 
0040:    <Acceptance_Date>2025-11-21</Acceptance_Date>.    <Department
0080: _Code>01</Department_Code>.    <Physician_Code>00001</Physician_
00c0: Code>.    <Patient_ID>00001</Patient_ID>.    <Medical_Informatio
0100: n>01</Medical_Information>.    <Display_Order_Sort>True</Display
0140: _Order_Sort>.  </acceptlstreq>.</data>.
== Info: upload completely sent off: 359 bytes
<= Recv header, 17 bytes (0x11)
0000: HTTP/1.1 200 OK
<= Recv header, 46 bytes (0x2e)
0000: Content-Type: application/xml; charset=UTF-8
<= Recv header, 22 bytes (0x16)
0000: X-Hybridmode: normal
<= Recv header, 37 bytes (0x25)
0000: Date: Fri, 21 Nov 2025 14:38:53 GMT
<= Recv header, 21 bytes (0x15)
0000: Content-Length: 918
<= Recv header, 2 bytes (0x2)
0000: 
<= Recv data, 918 bytes (0x396)
0000: <?xml version="1.0" encoding="UTF-8"?>.<xmlio2>.<acceptlstres ty
0040: pe="record">.<Information_Date type="string">2025-11-21</Informa
0080: tion_Date>.<Information_Time type="string">23:38:53</Information
00c0: _Time>.<Api_Result type="string">21</Api_Result>.<Api_Result_Mes
0100: sage type="string">.............................................
0140: </Api_Result_Message>.<Reskey type="string">Patient Info</Reskey
0180: >.<Acceptance_Date type="string">2025-11-21</Acceptance_Date>.<A
01c0: cceptlst_Information type="array">.<Acceptlst_Information_child 
0200: type="record">.<Department_Code type="string">01</Department_Cod
0240: e>.<Department_WholeName type="string">......</Department_WholeN
0280: ame>.<Physician_Code type="string">00001</Physician_Code>.<Physi
02c0: cian_WholeName type="string">.....................</Physician_Wh
0300: oleName>.<Medical_Information type="string">01</Medical_Informat
0340: ion>.</Acceptlst_Information_child>.</Acceptlst_Information>.</a
0380: cceptlstres>.</xmlio2>
== Info: Connection #0 to host 100.102.17.40 left intact
