== Info:   Trying 100.102.17.40:8000...
== Info: Connected to 100.102.17.40 (100.102.17.40) port 8000
== Info: Server auth using Basic with user 'ormaster'
=> Send header, 222 bytes (0xde)
0000: POST /api01rv2/acceptlstv2?class=01 HTTP/1.1
002e: Host: 100.102.17.40:8000
0048: Authorization: <MASKED>
0077: User-Agent: curl/8.7.1
008f: Accept: application/xml
00a8: Content-Type: application/xml
00c7: Content-Length: 358
00dc: 
=> Send data, 358 bytes (0x166)
0000: <?xml version="1.0" encoding="UTF-8"?>.<data>.  <acceptlstreq>. 
0040:    <Acceptance_Date>2025-11-21</Acceptance_Date>.    <Department
0080: _Code>01</Department_Code>.    <Physician_Code>0000</Physician_C
00c0: ode>.    <Patient_ID>00001</Patient_ID>.    <Medical_Information
0100: >01</Medical_Information>.    <Display_Order_Sort>True</Display_
0140: Order_Sort>.  </acceptlstreq>.</data>.
== Info: upload completely sent off: 358 bytes
<= Recv header, 17 bytes (0x11)
0000: HTTP/1.1 200 OK
<= Recv header, 46 bytes (0x2e)
0000: Content-Type: application/xml; charset=UTF-8
<= Recv header, 22 bytes (0x16)
0000: X-Hybridmode: normal
<= Recv header, 37 bytes (0x25)
0000: Date: Fri, 21 Nov 2025 15:00:54 GMT
<= Recv header, 21 bytes (0x15)
0000: Content-Length: 648
<= Recv header, 2 bytes (0x2)
0000: 
<= Recv data, 648 bytes (0x288)
0000: <?xml version="1.0" encoding="UTF-8"?>.<xmlio2>.<acceptlstres ty
0040: pe="record">.<Information_Date type="string">2025-11-22</Informa
0080: tion_Date>.<Information_Time type="string">00:00:54</Information
00c0: _Time>.<Api_Result type="string">13</Api_Result>.<Api_Result_Mes
0100: sage type="string">.................................</Api_Result
0140: _Message>.<Reskey type="string">Patient Info</Reskey>.<Acceptanc
0180: e_Date type="string">2025-11-21</Acceptance_Date>.<Acceptlst_Inf
01c0: ormation type="array">.<Acceptlst_Information_child type="record
0200: ">.<Physician_Code type="string">0000</Physician_Code>.</Acceptl
0240: st_Information_child>.</Acceptlst_Information>.</acceptlstres>.<
0280: /xmlio2>
== Info: Connection #0 to host 100.102.17.40 left intact
