== Info:   Trying 100.102.17.40:8000...
== Info: Connected to 100.102.17.40 (100.102.17.40) port 8000
== Info: Server auth using Basic with user 'ormaster'
=> Send header, 222 bytes (0xde)
0000: POST /api01rv2/acceptlstv2?class=01 HTTP/1.1
002e: Host: 100.102.17.40:8000
0048: Authorization: Basic b3JtYXN0ZXI6Y2hhbmdlX21l
0077: User-Agent: curl/8.7.1
008f: Accept: application/xml
00a8: Content-Type: application/xml
00c7: Content-Length: 369
00dc: 
=> Send data, 369 bytes (0x171)
0000: <?xml version="1.0" encoding="UTF-8"?>\n<data>\n  <acceptlstreq>
0040: \n    <Acceptance_Date>2025-11-21</Acceptance_Date>\n    <Depart
0080: ment_Code>01</Department_Code>\n    <Physician_Code>00011</Physi
00c0: cian_Code>\n    <Patient_ID>00001</Patient_ID>\n    <Medical_Inf
0100: ormation>01</Medical_Information>\n    <Display_Order_Sort>True<
0140: /Display_Order_Sort>\n  </acceptlstreq>\n</data>.
== Info: upload completely sent off: 369 bytes
== Info: Empty reply from server
== Info: Closing connection
