== Info:   Trying 100.102.17.40:8000...
== Info: Connected to 100.102.17.40 (100.102.17.40) port 8000
== Info: Server auth using Basic with user 'ormaster'
=> Send header, 226 bytes (0xe2)
0000: POST /api/api01rv2/acceptlstv2?class=01 HTTP/1.1
0032: Host: 100.102.17.40:8000
004c: Authorization: <MASKED>
007b: User-Agent: curl/8.7.1
0093: Accept: application/xml
00ac: Content-Type: application/xml
00cb: Content-Length: 369
00e0: 
=> Send data, 369 bytes (0x171)
0000: <?xml version="1.0" encoding="UTF-8"?>\n<data>\n  <acceptlstreq>
0040: \n    <Acceptance_Date>2025-11-22</Acceptance_Date>\n    <Depart
0080: ment_Code>01</Department_Code>\n    <Physician_Code>10000</Physi
00c0: cian_Code>\n    <Patient_ID>00001</Patient_ID>\n    <Medical_Inf
0100: ormation>01</Medical_Information>\n    <Display_Order_Sort>True<
0140: /Display_Order_Sort>\n  </acceptlstreq>\n</data>.
== Info: upload completely sent off: 369 bytes
== Info: Empty reply from server
== Info: Closing connection
