== Info:   Trying 100.102.17.40:8000...
== Info: Connected to 100.102.17.40 (100.102.17.40) port 8000
== Info: Server auth using Basic with user 'ormaster'
=> Send header, 223 bytes (0xdf)
0000: POST /api01rv2/appointlstv2?class=01 HTTP/1.1
002f: Host: 100.102.17.40:8000
0049: Authorization: <MASKED>
0078: User-Agent: curl/8.7.1
0090: Accept: application/xml
00a9: Content-Type: application/xml
00c8: Content-Length: 312
00dd: 
=> Send data, 312 bytes (0x138)
0000: <?xml version="1.0" encoding="UTF-8"?>.<data>.  <appointlstreq>.
0040:     <Appointment_Date>2025-11-21</Appointment_Date>.    <Medical
0080: _Information>01</Medical_Information>.    <Physician_Code>0000</
00c0: Physician_Code>.    <Department_Code>01</Department_Code>.    <P
0100: atient_ID>00001</Patient_ID>.  </appointlstreq>.</data>.
== Info: upload completely sent off: 312 bytes
<= Recv header, 17 bytes (0x11)
0000: HTTP/1.1 200 OK
<= Recv header, 46 bytes (0x2e)
0000: Content-Type: application/xml; charset=UTF-8
<= Recv header, 22 bytes (0x16)
0000: X-Hybridmode: normal
<= Recv header, 37 bytes (0x25)
0000: Date: Fri, 21 Nov 2025 15:01:38 GMT
<= Recv header, 21 bytes (0x15)
0000: Content-Length: 656
<= Recv header, 2 bytes (0x2)
0000: 
<= Recv data, 656 bytes (0x290)
0000: <?xml version="1.0" encoding="UTF-8"?>.<xmlio2>.<appointlstres t
0040: ype="record">.<Information_Date type="string">2025-11-22</Inform
0080: ation_Date>.<Information_Time type="string">00:01:38</Informatio
00c0: n_Time>.<Api_Result type="string">12</Api_Result>.<Api_Result_Me
0100: ssage type="string">.................................</Api_Resul
0140: t_Message>.<Reskey type="string">Patient Info</Reskey>.<Appointm
0180: ent_Date type="string">2025-11-21</Appointment_Date>.<Appointlst
01c0: _Information type="array">.<Appointlst_Information_child type="r
0200: ecord">.<Physician_Code type="string">0000</Physician_Code>.</Ap
0240: pointlst_Information_child>.</Appointlst_Information>.</appointl
0280: stres>.</xmlio2>
== Info: Connection #0 to host 100.102.17.40 left intact
