== Info:   Trying 100.102.17.40:8000...
== Info: Connected to 100.102.17.40 (100.102.17.40) port 8000
== Info: Server auth using Basic with user 'ormaster'
=> Send header, 227 bytes (0xe3)
0000: POST /api/api01rv2/appointlstv2?class=01 HTTP/1.1
0033: Host: 100.102.17.40:8000
004d: Authorization: <MASKED>
007c: User-Agent: curl/8.7.1
0094: Accept: application/xml
00ad: Content-Type: application/xml
00cc: Content-Length: 322
00e1: 
=> Send data, 322 bytes (0x142)
0000: <?xml version="1.0" encoding="UTF-8"?>\n<data>\n  <appointlstreq
0040: >\n    <Appointment_Date>2025-11-22</Appointment_Date>\n    <Med
0080: ical_Information>01</Medical_Information>\n    <Physician_Code>1
00c0: 0000</Physician_Code>\n    <Department_Code>01</Department_Code>
0100: \n    <Patient_ID>00001</Patient_ID>\n  </appointlstreq>\n</data
0140: >.
== Info: upload completely sent off: 322 bytes
== Info: Empty reply from server
== Info: Closing connection
