== Info:   Trying 100.102.17.40:8000...
== Info: Connected to 100.102.17.40 (100.102.17.40) port 8000
== Info: Server auth using Basic with user 'ormaster'
=> Send header, 219 bytes (0xdb)
0000: POST /orca14/appointmodv2?class=01 HTTP/1.1
002d: Host: 100.102.17.40:8000
0047: Authorization: <MASKED>
0076: User-Agent: curl/8.7.1
008e: Accept: application/xml
00a7: Content-Type: application/xml
00c6: Content-Length: 0
00d9: 
== Info: Request completely sent off
<= Recv header, 33 bytes (0x21)
0000: HTTP/1.1 405 Method Not Allowed
<= Recv header, 21 bytes (0x15)
0000: Allow: OPTIONS, GET
<= Recv header, 32 bytes (0x20)
0000: Content-Type: application/json
<= Recv header, 37 bytes (0x25)
0000: Date: Fri, 21 Nov 2025 14:41:47 GMT
<= Recv header, 20 bytes (0x14)
0000: Content-Length: 62
<= Recv header, 2 bytes (0x2)
0000: 
<= Recv data, 62 bytes (0x3e)
0000: {"Code":405,"Message":"code=405, message=Method Not Allowed"}.
== Info: Connection #0 to host 100.102.17.40 left intact
