== Info:   Trying 100.102.17.40:8000...
== Info: Connected to 100.102.17.40 (100.102.17.40) port 8000
== Info: Server auth using Basic with user 'ormaster'
=> Send header, 221 bytes (0xdd)
0000: POST /orca14/appointmodv2?class=01 HTTP/1.1
002d: Host: 100.102.17.40:8000
0047: Authorization: Basic b3JtYXN0ZXI6Y2hhbmdlX21l
0076: User-Agent: curl/8.7.1
008e: Accept: application/xml
00a7: Content-Type: application/xml
00c6: Content-Length: 737
00db: 
=> Send data, 737 bytes (0x2e1)
0000: <?xml version="1.0" encoding="UTF-8"?>.<!-- orca-meta:.path=/orc
0040: a14/appointmodv2.method=POST.query=class=01.content-type=applica
0080: tion/xml; charset=UTF-8.-->.<data>.  <appointreq>.    <Patient_I
00c0: D>00000001</Patient_ID>.    <WholeName>............00000001</Who
0100: leName>.    <WholeName_inKana>.....................</WholeName_i
0140: nKana>.    <Appointment_Date>2025-11-21</Appointment_Date>.    <
0180: Appointment_Time>10:30:00</Appointment_Time>.    <Appointment_Id
01c0: ></Appointment_Id>.    <Department_Code>01</Department_Code>.   
0200:  <Physician_Code>0001</Physician_Code>.    <Medical_Information>
0240: 01</Medical_Information>.    <Appointment_Information>00</Appoin
0280: tment_Information>.    <Appointment_Note>trial-create</Appointme
02c0: nt_Note>.  </appointreq>.</data>.
== Info: upload completely sent off: 737 bytes
<= Recv header, 33 bytes (0x21)
0000: HTTP/1.1 405 Method Not Allowed
<= Recv header, 21 bytes (0x15)
0000: Allow: OPTIONS, GET
<= Recv header, 32 bytes (0x20)
0000: Content-Type: application/json
<= Recv header, 37 bytes (0x25)
0000: Date: Fri, 21 Nov 2025 13:16:33 GMT
<= Recv header, 20 bytes (0x14)
0000: Content-Length: 62
<= Recv header, 2 bytes (0x2)
0000: 
<= Recv data, 62 bytes (0x3e)
0000: {"Code":405,"Message":"code=405, message=Method Not Allowed"}.
== Info: Connection #0 to host 100.102.17.40 left intact
