== Info:   Trying 100.102.17.40:8000...
== Info: Connected to 100.102.17.40 (100.102.17.40) port 8000
== Info: Server auth using Basic with user 'ormaster'
=> Send header, 224 bytes (0xe0)
0000: POST /api/api21/medicalmodv2?class=01 HTTP/1.1
0030: Host: 100.102.17.40:8000
004a: Authorization: <MASKED>
0079: User-Agent: curl/8.7.1
0091: Accept: application/xml
00aa: Content-Type: application/xml
00c9: Content-Length: 413
00de: 
=> Send data, 413 bytes (0x19d)
0000: <?xml version="1.0" encoding="UTF-8"?>.<data>.  <medicalreq>.   
0040:  <Request_Number>01</Request_Number>.    <InOut>O</InOut>.    <P
0080: atient_ID>00001</Patient_ID>.    <Perform_Date>2025-11-21</Perfo
00c0: rm_Date>.    <Perform_Time>15:30:00</Perform_Time>.    <Diagnosi
0100: s_Information>.      <Department_Code>01</Department_Code>.     
0140:  <Physician_Code>00001</Physician_Code>.    </Diagnosis_Informat
0180: ion>.  </medicalreq>.</data>.
== Info: upload completely sent off: 413 bytes
<= Recv header, 17 bytes (0x11)
0000: HTTP/1.1 200 OK
<= Recv header, 46 bytes (0x2e)
0000: Content-Type: application/xml; charset=UTF-8
<= Recv header, 22 bytes (0x16)
0000: X-Hybridmode: normal
<= Recv header, 37 bytes (0x25)
0000: Date: Fri, 21 Nov 2025 14:40:27 GMT
<= Recv header, 21 bytes (0x15)
0000: Content-Length: 760
<= Recv header, 2 bytes (0x2)
0000: 
<= Recv data, 760 bytes (0x2f8)
0000: <?xml version="1.0" encoding="UTF-8"?>.<xmlio2>.<medicalres type
0040: ="record">.<Information_Date type="string">2025-11-21</Informati
0080: on_Date>.<Information_Time type="string">23:40:27</Information_T
00c0: ime>.<Api_Result type="string">14</Api_Result>.<Api_Result_Messa
0100: ge type="string">.................................</Api_Result_M
0140: essage>.<Request_Number type="string">01</Request_Number>.<Reske
0180: y type="string">Medical Info</Reskey>.<Perform_Date type="string
01c0: ">2025-11-21</Perform_Date>.<Perform_Time type="string">15:30:00
0200: </Perform_Time>.<Department_Code type="string">01</Department_Co
0240: de>.<Physician_Code type="string">00001</Physician_Code>.<Patien
0280: t_Information type="record">.<Patient_ID type="string">00001</Pa
02c0: tient_ID>.</Patient_Information>.</medicalres>.</xmlio2>
== Info: Connection #0 to host 100.102.17.40 left intact
