== Info:   Trying 100.102.17.40:8000...
== Info: Connected to 100.102.17.40 (100.102.17.40) port 8000
== Info: Server auth using Basic with user 'ormaster'
=> Send header, 225 bytes (0xe1)
0000: POST /api/api21/medicalmodv2?class=01 HTTP/1.1
0030: Host: 100.102.17.40:8000
004a: Authorization: Basic b3JtYXN0ZXI6Y2hhbmdlX21l
0079: User-Agent: curl/8.7.1
0091: Accept: application/xml
00aa: Content-Type: application/json
00ca: Content-Length: 986
00df: 
=> Send data, 986 bytes (0x3da)
0000: { "medicalreq": { "Request_Number": "01", "InOut": "O", "Patient
0040: _ID": "00001", "Perform_Date": "2025-11-21", "Perform_Time": "15
0080: :30:00", "Medical_Uid": "", "Medical_Push": "1", "Patient_Inform
00c0: ation": { "Patient_ID": "00001" }, "Diagnosis_Information": { "D
0100: epartment_Code": "01", "Physician_Code": "00001", "HealthInsuran
0140: ce_Information": { "InsuranceProvider_Class": "1", "InsurancePro
0180: vider_Number": "06123456", "HealthInsuredPerson_Symbol": "AA", "
01c0: HealthInsuredPerson_Number": "1234567", "HealthInsuredPerson_Bra
0200: nch_Number": "00", "RelationToInsuredPerson": "1" }, "Medical_In
0240: formation": [ { "Medical_Class": "11", "Medical_Class_Name": "..
0280: .............", "Medical_Class_Number": "1", "Medication_info": 
02c0: [ { "Medication_Code": "110000010", "Medication_Name": "........
0300: .", "Medication_Number": "1" } ] } ], "Disease_Information": [ {
0340:  "Disease_Code": "8841239", "Disease_Name": "......", "Disease_C
0380: ategory": "1", "Disease_SuspectedFlag": "0", "Disease_StartDate"
03c0: : "2025-11-15" } ] } }} }.
== Info: upload completely sent off: 986 bytes
== Info: Empty reply from server
== Info: Closing connection
