== Info:   Trying 100.102.17.40:8000...
== Info: Connected to 100.102.17.40 (100.102.17.40) port 8000
== Info: Server auth using Basic with user 'ormaster'
=> Send header, 221 bytes (0xdd)
0000: POST /api01rv2/patientgetv2?id=00001 HTTP/1.1
002f: Host: 100.102.17.40:8000
0049: Authorization: <MASKED>
0078: User-Agent: curl/8.7.1
0090: Accept: application/xml
00a9: Content-Type: application/xml
00c8: Content-Length: 0
00db: 
== Info: Request completely sent off
<= Recv header, 17 bytes (0x11)
0000: HTTP/1.1 200 OK
<= Recv header, 46 bytes (0x2e)
0000: Content-Type: application/xml; charset=UTF-8
<= Recv header, 22 bytes (0x16)
0000: X-Hybridmode: normal
<= Recv header, 37 bytes (0x25)
0000: Date: Fri, 21 Nov 2025 15:28:03 GMT
<= Recv header, 28 bytes (0x1c)
0000: Transfer-Encoding: chunked
<= Recv header, 2 bytes (0x2)
0000: 
<= Recv data, 1076 bytes (0x434)
0000: 800
0005: <?xml version="1.0" encoding="UTF-8"?>.<xmlio2>.<patientinfores 
0045: type="record">.<Information_Date type="string">2025-11-22</Infor
0085: mation_Date>.<Information_Time type="string">00:28:03</Informati
00c5: on_Time>.<Api_Result type="string">00</Api_Result>.<Api_Result_M
0105: essage type="string">............</Api_Result_Message>.<Reskey t
0145: ype="string">Patient Info</Reskey>.<Patient_Information type="re
0185: cord">.<Patient_ID type="string">00001</Patient_ID>.<Patient_Int
01c5: ernal_ID type="string">0000000001</Patient_Internal_ID>.<WholeNa
0205: me type="string">..................</WholeName>.<WholeName_inKan
0245: a type="string">........................</WholeName_inKana>.<Bir
0285: thDate type="string">1980-01-01</BirthDate>.<Sex type="string">1
02c5: </Sex>.<HouseHolder_WholeName type="string">..................</
0305: HouseHolder_WholeName>.<Relationship type="string">......</Relat
0345: ionship>.<Home_Address_Information type="record">.<Address_ZipCo
0385: de type="string">1130021</Address_ZipCode>.<WholeAddress1 type="
03c5: string">...........................</WholeAddress1>.<WholeAddres
0405: s2 type="string">..................</WholeAddre
<= Recv data, 1228 bytes (0x4cc)
0000: ss2>.<PhoneNumber1 type="string">03-3333-2222</PhoneNumber1>.</H
0040: ome_Address_Information>.<WorkPlace_Information type="record">.<
0080: WholeName type="string">.....................</WholeName>.<Addre
00c0: ss_ZipCode type="string">1130022</Address_ZipCode>.<WholeAddress
0100: 1 type="string">...........................</WholeAddress1>.<Who
0140: leAddress2 type="string">.....................</WholeAddress2>.<
0180: PhoneNumber type="string">03-3333-2211</PhoneNumber>.</WorkPlace
01c0: _Information>.<TestPatient_Flag type="string">0</TestPatient_Fla
0200: g>.<Occupation type="string">.........</Occupation>.<CellularNum
0240: ber type="string">09012345678</CellularNumber>.<EmailAddress typ
0280: e="string">test@example.com</EmailAddress>.<Reduction_Reason typ
02c0: e="string">00</Reduction_Reason>.<Reduction_Reason_Name type="st
0300: ring">............</Reduction_Reason_Name>.<Discount type="strin
0340: g">00</Discount>.<Discount_Name type="string">............</Disc
0380: ount_Name>.<Condition1 type="string">00</Condition1>.<Condition1
03c0: _Name type="strin
03d3: 78b
03d8: g">............</Condition1_Name>.<Condition2 type="string">00</
0418: Condition2>.<Condition2_Name type="string">............</Conditi
0458: on2_Name>.<Condition3 type="string">00</Condition3>.<Condition3_
0498: Name type="string">............</Condition3_Name>.<I
<= Recv data, 1640 bytes (0x668)
0000: c_Code type="string">01</Ic_Code>.<Ic_Code_Name type="string">..
0040: ....</Ic_Code_Name>.<Community_Cid_Agree type="string">False</Co
0080: mmunity_Cid_Agree>.<HealthInsurance_Information type="array">.<H
00c0: ealthInsurance_Information_child type="record">.<Insurance_Combi
0100: nation_Number type="string">0001</Insurance_Combination_Number>.
0140: <InsuranceCombination_Rate_Admission type="string">0.30</Insuran
0180: ceCombination_Rate_Admission>.<InsuranceCombination_Rate_Outpati
01c0: ent type="string">0.30</InsuranceCombination_Rate_Outpatient>.<I
0200: nsurance_Nondisplay type="string">N</Insurance_Nondisplay>.<Insu
0240: ranceProvider_Class type="string">060</InsuranceProvider_Class>.
0280: <InsuranceProvider_Number type="string">138057</InsuranceProvide
02c0: r_Number>.<InsuranceProvider_WholeName type="string">......</Ins
0300: uranceProvider_WholeName>.<HealthInsuredPerson_Symbol type="stri
0340: ng">......</HealthInsuredPerson_Symbol>.<HealthInsuredPerson_Num
0380: ber type="string">.....................</HealthInsuredPerson_Num
03c0: ber>.<HealthInsuredPerson_Assistance type="string">3</HealthInsu
0400: redPerson_Assistance>.<HealthInsuredPerson_Assistance_Name type=
0440: "string">......</HealthInsuredPerson_Assistance_Name>.<RelationT
0480: oInsuredPerson type="string">1</RelationToInsuredPerson>.<Certif
04c0: icate_StartDate type="string">2025-01-01</Certificate_StartDate>
0500: .<Certificate_ExpiredDate type="string">9999-12-31</Certificate_
0540: ExpiredDate>.<Insurance_CheckDate type="string">2025-11-21</Insu
0580: rance_CheckDate>.</HealthInsurance_Information_child>.</HealthIn
05c0: surance_Information>.<ResultOfQualificationConfirmation type="re
0600: cord">.<FaceInfExistence type="string">False</FaceInfExistence>.
0640: </ResultOfQualificationConfirmation>.</P
<= Recv data, 54 bytes (0x36)
0000: atient_Information>.</patientinfores>.</xmlio2>
0031: 0
0034: 
== Info: Connection #0 to host 100.102.17.40 left intact
