== Info:   Trying 100.102.17.40:8000...
== Info: Connected to 100.102.17.40 (100.102.17.40) port 8000
== Info: Server auth using Basic with user 'ormaster'
=> Send header, 225 bytes (0xe1)
0000: POST /orca06/patientmemomodv2?class=01 HTTP/1.1
0031: Host: 100.102.17.40:8000
004b: Authorization: Basic b3JtYXN0ZXI6Y2hhbmdlX21l
007a: User-Agent: curl/8.7.1
0092: Accept: application/xml
00ab: Content-Type: application/xml
00ca: Content-Length: 359
00df: 
=> Send data, 359 bytes (0x167)
0000: <?xml version="1.0" encoding="UTF-8"?>.<data>.  <patientmemomodv
0040: 2req>.    <Request_Number>01</Request_Number>.    <Patient_ID>00
0080: 000001</Patient_ID>.    <Memo_Information>.      <Memo_Class>01<
00c0: /Memo_Class>.      <Memo_Mode>1</Memo_Mode>.      <Memo_Text>CRU
0100: D recheck RUN_ID=20251121T231000Z</Memo_Text>.    </Memo_Informa
0140: tion>.  </patientmemomodv2req>.</data>.
== Info: upload completely sent off: 359 bytes
<= Recv header, 33 bytes (0x21)
0000: HTTP/1.1 405 Method Not Allowed
<= Recv header, 21 bytes (0x15)
0000: Allow: OPTIONS, GET
<= Recv header, 32 bytes (0x20)
0000: Content-Type: application/json
<= Recv header, 37 bytes (0x25)
0000: Date: Fri, 21 Nov 2025 13:17:00 GMT
<= Recv header, 20 bytes (0x14)
0000: Content-Length: 62
<= Recv header, 2 bytes (0x2)
0000: 
<= Recv data, 62 bytes (0x3e)
0000: {"Code":405,"Message":"code=405, message=Method Not Allowed"}.
== Info: Connection #0 to host 100.102.17.40 left intact
