== Info:   Trying 100.102.17.40:8000...
== Info: Connected to 100.102.17.40 (100.102.17.40) port 8000
== Info: Server auth using Basic with user 'ormaster'
=> Send header, 223 bytes (0xdf)
0000: POST /orca42/receiptprintv3?class=01 HTTP/1.1
002f: Host: 100.102.17.40:8000
0049: Authorization: Basic b3JtYXN0ZXI6Y2hhbmdlX21l
0078: User-Agent: curl/8.7.1
0090: Accept: application/xml
00a9: Content-Type: application/xml
00c8: Content-Length: 282
00dd: 
=> Send data, 282 bytes (0x11a)
0000: <?xml version="1.0" encoding="UTF-8"?>.<data>.  <receipt_printv3
0040: req>.    <Request_Number>01</Request_Number>.    <Perform_Date>2
0080: 025-11-21</Perform_Date>.    <Perform_Month>2025-11</Perform_Mon
00c0: th>.    <InOut>O</InOut>.    <Print_Mode>All</Print_Mode>.  </re
0100: ceipt_printv3req>.</data>.
== Info: upload completely sent off: 282 bytes
<= Recv header, 33 bytes (0x21)
0000: HTTP/1.1 405 Method Not Allowed
<= Recv header, 21 bytes (0x15)
0000: Allow: OPTIONS, GET
<= Recv header, 32 bytes (0x20)
0000: Content-Type: application/json
<= Recv header, 37 bytes (0x25)
0000: Date: Fri, 21 Nov 2025 13:59:12 GMT
<= Recv header, 20 bytes (0x14)
0000: Content-Length: 62
<= Recv header, 2 bytes (0x2)
0000: 
<= Recv data, 62 bytes (0x3e)
0000: {"Code":405,"Message":"code=405, message=Method Not Allowed"}.
== Info: Connection #0 to host 100.102.17.40 left intact
