2025-11-13T12:34:08Z ***************
2025-11-13T12:34:08Z 2025/11/13 18:18:41 API-:orca  ormaster medicalmodv2 ORAPI021S1V2 false api:18ms tot:21ms 
2025-11-13T12:34:08Z DestroySessionWithWS: ormaster
2025-11-13T12:34:08Z 2025/11/13 18:18:41 DestroyContext: false
2025-11-13T12:34:08Z libcob:cancel_context
2025-11-13T12:34:08Z libcob:create_context
2025-11-13T12:34:08Z libcob:update_context
2025-11-13T12:34:08Z cob_init start
2025-11-13T12:34:08Z cob_init end
2025-11-13T12:34:08Z ***************
2025-11-13T12:34:08Z * accept start*
2025-11-13T12:34:08Z ***************
2025-11-13T12:34:08Z MDCRES-OBJECT not low_value
2025-11-13T12:34:08Z ***************
2025-11-13T12:34:08Z * accept end  *
2025-11-13T12:34:08Z ***************
2025-11-13T12:34:08Z 2025/11/13 18:19:50 API-:orca  ormaster medicalmodv2 ORAPI021S1V2 false api:53ms tot:55ms 
2025-11-13T12:34:08Z DestroySessionWithWS: ormaster
2025-11-13T12:34:08Z 2025/11/13 18:19:50 DestroyContext: false
2025-11-13T12:34:08Z libcob:cancel_context
2025-11-13T12:34:08Z libcob:destroy_context
2025-11-13T12:34:08Z libcob:update_context
2025-11-13T12:34:08Z ***************
2025-11-13T12:34:08Z * accept start*
2025-11-13T12:34:08Z ***************
2025-11-13T12:34:08Z MDCRES-OBJECT not low_value
2025-11-13T12:34:08Z ***************
2025-11-13T12:34:08Z * accept end  *
2025-11-13T12:34:08Z ***************
2025-11-13T12:34:08Z 2025/11/13 18:21:25 API-:orca  ormaster medicalmodv2 ORAPI021S1V2 false api:35ms tot:37ms 
2025-11-13T12:34:08Z DestroySessionWithWS: ormaster
2025-11-13T12:34:08Z 2025/11/13 18:21:25 DestroyContext: false
2025-11-13T12:34:08Z libcob:cancel_context
2025-11-13T12:34:08Z libcob:update_context
2025-11-13T12:34:08Z ***************
2025-11-13T12:34:08Z * accept start*
2025-11-13T12:34:08Z ***************
2025-11-13T12:34:08Z MDCRES-OBJECT not low_value
2025-11-13T12:34:08Z ***************
2025-11-13T12:34:08Z * accept end  *
2025-11-13T12:34:08Z ***************
2025-11-13T12:34:08Z 2025/11/13 18:22:11 API-:orca  ormaster medicalmodv2 ORAPI021S1V2 false api:19ms tot:21ms 
2025-11-13T12:34:08Z DestroySessionWithWS: ormaster
2025-11-13T12:34:08Z 2025/11/13 18:22:11 DestroyContext: false
2025-11-13T12:34:08Z libcob:cancel_context
2025-11-13T12:34:08Z libcob:update_context
2025-11-13T12:34:08Z ***************
2025-11-13T12:34:08Z * accept start*
2025-11-13T12:34:08Z ***************
2025-11-13T12:34:08Z MDCRES-OBJECT not low_value
2025-11-13T12:34:08Z ***************
2025-11-13T12:34:08Z * accept end  *
2025-11-13T12:34:08Z ***************
2025-11-13T12:34:08Z 2025/11/13 18:24:15 API-:orca  ormaster medicalmodv2 ORAPI021S1V2 false api:28ms tot:30ms 
2025-11-13T12:34:08Z DestroySessionWithWS: ormaster
2025-11-13T12:34:08Z 2025/11/13 18:24:15 DestroyContext: false
2025-11-13T12:34:08Z libcob:cancel_context
2025-11-13T12:34:08Z libcob:update_context
2025-11-13T12:34:08Z ***************
2025-11-13T12:34:08Z * accept start*
2025-11-13T12:34:08Z ***************
2025-11-13T12:34:08Z MDCRES-OBJECT not low_value
2025-11-13T12:34:08Z ***************
2025-11-13T12:34:08Z * accept end  *
2025-11-13T12:34:08Z ***************
2025-11-13T12:34:08Z 2025/11/13 18:26:38 API-:orca  ormaster medicalmodv2 ORAPI021S1V2 false api:31ms tot:33ms 
2025-11-13T12:34:08Z DestroySessionWithWS: ormaster
2025-11-13T12:34:08Z 2025/11/13 18:26:38 DestroyContext: false
2025-11-13T12:34:08Z libcob:cancel_context
2025-11-13T12:34:08Z libcob:destroy_context
2025-11-13T12:34:08Z libcob:create_context
2025-11-13T12:34:08Z libcob:update_context
2025-11-13T12:34:08Z cob_init start
2025-11-13T12:34:08Z cob_init end
2025-11-13T12:34:08Z ***************
2025-11-13T12:34:08Z * accept start*
2025-11-13T12:34:08Z ***************
2025-11-13T12:34:08Z MDCRES-OBJECT not low_value
2025-11-13T12:34:08Z ***************
2025-11-13T12:34:08Z * accept end  *
2025-11-13T12:34:08Z ***************
2025-11-13T12:34:08Z 2025/11/13 18:28:01 API-:orca  ormaster medicalmodv2 ORAPI021S1V2 false api:31ms tot:33ms 
2025-11-13T12:34:08Z DestroySessionWithWS: ormaster
2025-11-13T12:34:08Z 2025/11/13 18:28:01 DestroyContext: false
2025-11-13T12:34:08Z libcob:cancel_context
2025-11-13T12:34:08Z libcob:create_context
2025-11-13T12:34:08Z libcob:update_context
2025-11-13T12:34:08Z cob_init start
2025-11-13T12:34:08Z cob_init end
2025-11-13T12:34:08Z ***************
2025-11-13T12:34:08Z * accept start*
2025-11-13T12:34:08Z ***************
2025-11-13T12:34:08Z MDCRES-OBJECT not low_value
2025-11-13T12:34:08Z ***************
2025-11-13T12:34:08Z * accept end  *
2025-11-13T12:34:08Z ***************
2025-11-13T12:34:08Z 2025/11/13 18:28:38 API-:orca  ormaster medicalmodv2 ORAPI021S1V2 false api:23ms tot:25ms 
2025-11-13T12:34:08Z DestroySessionWithWS: ormaster
2025-11-13T12:34:08Z 2025/11/13 18:28:38 DestroyContext: false
2025-11-13T12:34:08Z libcob:cancel_context
2025-11-13T12:34:08Z libcob:destroy_context
2025-11-13T12:34:08Z libcob:destroy_context
2025-11-13T12:34:08Z libcob:create_context
2025-11-13T12:34:08Z libcob:update_context
2025-11-13T12:34:08Z cob_init start
2025-11-13T12:34:08Z cob_init end
2025-11-13T12:34:08Z ***************
2025-11-13T12:34:08Z * accept start*
2025-11-13T12:34:08Z ***************
2025-11-13T12:34:08Z MDCRES-OBJECT not low_value
2025-11-13T12:34:08Z ***************
2025-11-13T12:34:08Z * accept end  *
2025-11-13T12:34:08Z ***************
2025-11-13T12:34:08Z 2025/11/13 18:31:43 API-:orca  ormaster medicalmodv2 ORAPI021S1V2 false api:24ms tot:26ms 
2025-11-13T12:34:08Z DestroySessionWithWS: ormaster
2025-11-13T12:34:08Z 2025/11/13 18:31:43 DestroyContext: false
2025-11-13T12:34:08Z libcob:cancel_context
2025-11-13T12:34:08Z libcob:create_context
2025-11-13T12:34:08Z libcob:update_context
2025-11-13T12:34:08Z cob_init start
2025-11-13T12:34:08Z cob_init end
2025-11-13T12:34:08Z ***************
2025-11-13T12:34:08Z * accept start*
2025-11-13T12:34:08Z ***************
2025-11-13T12:34:08Z MDCRES-OBJECT not low_value
2025-11-13T12:34:08Z ***************
2025-11-13T12:34:08Z * accept end  *
2025-11-13T12:34:08Z ***************
2025-11-13T12:34:08Z 2025/11/13 18:33:17 API-:orca  ormaster medicalmodv2 ORAPI021S1V2 false api:20ms tot:22ms 
2025-11-13T12:34:08Z DestroySessionWithWS: ormaster
2025-11-13T12:34:08Z 2025/11/13 18:33:17 DestroyContext: false
2025-11-13T12:34:08Z 2025/11/13 18:34:12 API-:orca  ormaster system01lstv2 ORAPI101R1V2 false api:0ms tot:10ms 
2025-11-13T12:34:08Z echo: http: panic serving 127.0.0.1:40404: runtime error: index out of range [-1]
2025-11-13T12:34:08Z goroutine 1062 [running]:
2025-11-13T12:34:08Z net/http.(*conn).serve.func1()
2025-11-13T12:34:08Z 	/usr/lib/go-1.23/src/net/http/server.go:1947 +0xbe
2025-11-13T12:34:08Z panic({0xeb0e00?, 0xc0027ff080?})
2025-11-13T12:34:08Z 	/usr/lib/go-1.23/src/runtime/panic.go:785 +0x132
2025-11-13T12:34:08Z session.XML2Map({0xc0017ac600, 0x3d, 0x200})
2025-11-13T12:34:08Z 	/home/orcauser/develop/weborca-main/20251024-1/internal/session/xml.go:64 +0x872
2025-11-13T12:34:08Z web.apiFunc({0x1178d30, 0xc0001441e0}, {0xf060df, 0x8})
2025-11-13T12:34:08Z 	/home/orcauser/develop/weborca-main/20251024-1/internal/web/api.go:203 +0x1f2f
2025-11-13T12:34:08Z web.API01rv2Post({0x1178d30?, 0xc0001441e0?})
2025-11-13T12:34:08Z 	/home/orcauser/develop/weborca-main/20251024-1/internal/web/api.go:57 +0x29
2025-11-13T12:34:08Z web.Web.BasicAuthWithConfig.func5.1({0x1178d30, 0xc0001441e0})
2025-11-13T12:34:08Z 	/home/orcauser/go/pkg/mod/github.com/labstack/echo/v4@v4.13.4/middleware/basic_auth.go:94 +0x2cc
2025-11-13T12:34:08Z github.com/labstack/echo/v4.(*Echo).add.func1({0x1178d30, 0xc0001441e0})
2025-11-13T12:34:08Z 	/home/orcauser/go/pkg/mod/github.com/labstack/echo/v4@v4.13.4/echo.go:581 +0x4b
2025-11-13T12:34:08Z github.com/labstack/echo/v4.(*Echo).ServeHTTP(0xc0003958c8, {0x1169970, 0xc00017c000}, 0xc0011a6500)
2025-11-13T12:34:08Z 	/home/orcauser/go/pkg/mod/github.com/labstack/echo/v4@v4.13.4/echo.go:668 +0x323
2025-11-13T12:34:08Z net/http.serverHandler.ServeHTTP({0x1166070?}, {0x1169970?, 0xc00017c000?}, 0x6?)
2025-11-13T12:34:08Z 	/usr/lib/go-1.23/src/net/http/server.go:3210 +0x8e
2025-11-13T12:34:08Z net/http.(*conn).serve(0xc0004b1200, {0x116acb8, 0xc001d14570})
2025-11-13T12:34:08Z 	/usr/lib/go-1.23/src/net/http/server.go:2092 +0x5d0
2025-11-13T12:34:08Z created by net/http.(*Server).Serve in goroutine 1
2025-11-13T12:34:08Z 	/usr/lib/go-1.23/src/net/http/server.go:3360 +0x485
2025-11-13T12:34:08Z libcob:cancel_context
2025-11-13T12:34:08Z libcob:create_context
2025-11-13T12:34:08Z libcob:update_context
2025-11-13T12:34:08Z libcob:destroy_context
2025-11-13T12:34:08Z libcob:create_context
2025-11-13T12:34:08Z libcob:update_context
2025-11-13T12:34:08Z cob_init start
2025-11-13T12:34:08Z cob_init end
2025-11-13T12:34:08Z ***************
2025-11-13T12:34:08Z * accept start*
2025-11-13T12:34:08Z ***************
2025-11-13T12:34:08Z MDCRES-OBJECT not low_value
2025-11-13T12:34:08Z ***************
2025-11-13T12:34:08Z * accept end  *
2025-11-13T12:34:08Z ***************
2025-11-13T12:34:08Z 2025/11/13 18:35:26 API-:orca  ormaster medicalmodv2 ORAPI021S1V2 false api:17ms tot:19ms 
2025-11-13T12:34:08Z DestroySessionWithWS: ormaster
2025-11-13T12:34:08Z 2025/11/13 18:35:26 DestroyContext: false
2025-11-13T12:34:08Z libcob:cancel_context
2025-11-13T12:34:08Z libcob:destroy_context
2025-11-13T12:34:08Z libcob:destroy_context
2025-11-13T12:34:08Z libcob:create_context
2025-11-13T12:34:08Z libcob:update_context
2025-11-13T12:34:08Z cob_init start
2025-11-13T12:34:08Z cob_init end
2025-11-13T12:34:08Z ************************
2025-11-13T12:34:08Z * system01_manage start*
2025-11-13T12:34:08Z ************************
2025-11-13T12:34:08Z SYS01REQ-OBJECT not low_value
2025-11-13T12:34:08Z PHYSRES-OBJECT not low_value
2025-11-13T12:34:08Z XMLWRITE OK      = +000000000
2025-11-13T12:34:08Z ***********************
2025-11-13T12:34:08Z * system01_manage end *
2025-11-13T12:34:08Z ***********************
2025-11-13T12:34:08Z DestroySessionWithWS: ormaster
2025-11-13T12:34:08Z 2025/11/13 18:38:36 DestroyContext: false
2025-11-13T12:34:08Z 2025/11/13 18:38:36 API-:orca  ormaster system01lstv2 ORAPI101R1V2 false api:35ms tot:47ms 
2025-11-13T12:34:08Z libcob:cancel_context
2025-11-13T12:34:08Z libcob:create_context
2025-11-13T12:34:08Z libcob:update_context
2025-11-13T12:34:08Z cob_init start
2025-11-13T12:34:08Z cob_init end
2025-11-13T12:34:08Z ***************
2025-11-13T12:34:08Z * accept start*
2025-11-13T12:34:08Z ***************
2025-11-13T12:34:08Z MDCRES-OBJECT not low_value
2025-11-13T12:34:08Z ***************
2025-11-13T12:34:08Z * accept end  *
2025-11-13T12:34:08Z ***************
2025-11-13T12:34:08Z 2025/11/13 18:39:06 API-:orca  ormaster medicalmodv2 ORAPI021S1V2 false api:29ms tot:35ms 
2025-11-13T12:34:08Z DestroySessionWithWS: ormaster
2025-11-13T12:34:08Z 2025/11/13 18:39:06 DestroyContext: false
2025-11-13T12:34:08Z &{POST /orca11/acceptmodv2?class=01 HTTP/1.1 1 1 map[Accept:[*/*] Content-Length:[7] Content-Type:[application/x-www-form-urlencoded] User-Agent:[curl/8.7.1]] 0xc006482080 <nil> 7 [] false localhost:8000 map[] map[] <nil> map[] 172.217.161.36:33345 /orca11/acceptmodv2?class=01 <nil> <nil> <nil>  0xc0015640a0 <nil> [] map[]}
2025-11-13T12:34:08Z 2025/11/13 19:38:04 System Error:405    code=405, message=Method Not Allowed
2025-11-13T12:34:08Z web.ErrorHandler
2025-11-13T12:34:08Z 	/home/orcauser/develop/weborca-main/20251024-1/internal/web/error.go:73
2025-11-13T12:34:08Z github.com/labstack/echo/v4.(*Echo).ServeHTTP
2025-11-13T12:34:08Z 	/home/orcauser/go/pkg/mod/github.com/labstack/echo/v4@v4.13.4/echo.go:669
2025-11-13T12:34:08Z net/http.serverHandler.ServeHTTP
2025-11-13T12:34:08Z 	/usr/lib/go-1.23/src/net/http/server.go:3210
2025-11-13T12:34:08Z net/http.(*conn).serve
2025-11-13T12:34:08Z 	/usr/lib/go-1.23/src/net/http/server.go:2092
2025-11-13T12:34:08Z runtime.goexit
2025-11-13T12:34:08Z 	/usr/lib/go-1.23/src/runtime/asm_amd64.s:1700
2025-11-13T12:34:08Z libcob:cancel_context
2025-11-13T12:34:08Z libcob:destroy_context
2025-11-13T12:34:08Z libcob:destroy_context
2025-11-13T12:34:08Z libcob:destroy_context
2025-11-13T12:34:08Z libcob:create_context
2025-11-13T12:34:08Z libcob:update_context
2025-11-13T12:34:08Z cob_init start
2025-11-13T12:34:08Z cob_init end
2025-11-13T12:34:08Z ************************
2025-11-13T12:34:08Z * system01_manage start*
2025-11-13T12:34:08Z ************************
2025-11-13T12:34:08Z SYS01REQ-OBJECT not low_value
2025-11-13T12:34:08Z PHYSRES-OBJECT not low_value
2025-11-13T12:34:08Z XMLWRITE OK      = +000000000
2025-11-13T12:34:08Z ***********************
2025-11-13T12:34:08Z * system01_manage end *
2025-11-13T12:34:08Z ***********************
2025-11-13T12:34:08Z 2025/11/13 19:45:15 API-:orca  ormaster system01lstv2 ORAPI101R1V2 false api:14ms tot:18ms 
2025-11-13T12:34:08Z DestroySessionWithWS: ormaster
2025-11-13T12:34:08Z 2025/11/13 19:45:15 DestroyContext: false
2025-11-13T12:34:08Z libcob:cancel_context
2025-11-13T12:34:09Z libcob:create_context
2025-11-13T12:34:09Z libcob:update_context
2025-11-13T12:34:09Z cob_init start
2025-11-13T12:34:09Z cob_init end
2025-11-13T12:34:09Z ***************
2025-11-13T12:34:09Z * accept start*
2025-11-13T12:34:09Z ***************
2025-11-13T12:34:09Z MDCRES-OBJECT not low_value
2025-11-13T12:34:09Z ***************
2025-11-13T12:34:09Z * accept end  *
2025-11-13T12:34:09Z ***************
2025-11-13T12:34:09Z 2025/11/13 19:48:59 API-:orca  ormaster medicalmodv2 ORAPI021S1V2 false api:130ms tot:136ms 
2025-11-13T12:34:09Z DestroySessionWithWS: ormaster
2025-11-13T12:34:09Z 2025/11/13 19:48:59 DestroyContext: false
2025-11-13T12:34:09Z libcob:cancel_context
2025-11-13T12:34:09Z libcob:destroy_context
2025-11-13T12:34:09Z libcob:create_context
2025-11-13T12:34:09Z libcob:update_context
2025-11-13T12:34:09Z cob_init start
2025-11-13T12:34:09Z cob_init end
2025-11-13T12:34:09Z ***************
2025-11-13T12:34:09Z * accept start*
2025-11-13T12:34:09Z ***************
2025-11-13T12:34:09Z MDCRES-OBJECT not low_value
2025-11-13T12:34:09Z ***************
2025-11-13T12:34:09Z * accept end  *
2025-11-13T12:34:09Z ***************
2025-11-13T12:34:09Z 2025/11/13 19:51:20 API-:orca  ormaster medicalmodv2 ORAPI021S1V2 false api:133ms tot:138ms 
2025-11-13T12:34:09Z DestroySessionWithWS: ormaster
2025-11-13T12:34:09Z 2025/11/13 19:51:20 DestroyContext: false
2025-11-13T12:34:09Z libcob:cancel_context
2025-11-13T12:34:09Z libcob:destroy_context
2025-11-13T12:34:09Z libcob:destroy_context
2025-11-13T12:34:09Z libcob:create_context
2025-11-13T12:34:09Z libcob:update_context
2025-11-13T12:34:09Z cob_init start
2025-11-13T12:34:09Z cob_init end
2025-11-13T12:34:09Z ***************
2025-11-13T12:34:09Z * accept start*
2025-11-13T12:34:09Z ***************
2025-11-13T12:34:09Z MDCRES-OBJECT not low_value
2025-11-13T12:34:09Z ***************
2025-11-13T12:34:09Z * accept end  *
2025-11-13T12:34:09Z ***************
2025-11-13T12:34:09Z 2025/11/13 19:58:03 API-:orca  ormaster medicalmodv2 ORAPI021S1V2 false api:95ms tot:98ms 
2025-11-13T12:34:09Z DestroySessionWithWS: ormaster
2025-11-13T12:34:09Z 2025/11/13 19:58:03 DestroyContext: false
2025-11-13T12:34:09Z libcob:cancel_context
2025-11-13T12:34:09Z libcob:destroy_context
2025-11-13T12:34:09Z libcob:create_context
2025-11-13T12:34:09Z libcob:update_context
2025-11-13T12:34:09Z cob_init start
2025-11-13T12:34:09Z cob_init end
2025-11-13T12:34:09Z ***************
2025-11-13T12:34:09Z * accept start*
2025-11-13T12:34:09Z ***************
2025-11-13T12:34:09Z MDCRES-OBJECT not low_value
2025-11-13T12:34:09Z ***************
2025-11-13T12:34:09Z * accept end  *
2025-11-13T12:34:09Z ***************
2025-11-13T12:34:09Z 2025/11/13 20:03:21 API-:orca  ormaster medicalmodv2 ORAPI021S1V2 false api:87ms tot:91ms 
2025-11-13T12:34:09Z DestroySessionWithWS: ormaster
2025-11-13T12:34:09Z 2025/11/13 20:03:21 DestroyContext: false
2025-11-13T12:34:09Z libcob:cancel_context
2025-11-13T12:34:09Z libcob:create_context
2025-11-13T12:34:09Z libcob:update_context
2025-11-13T12:34:09Z cob_init start
2025-11-13T12:34:09Z cob_init end
2025-11-13T12:34:09Z ************************
2025-11-13T12:34:09Z * system01_manage start*
2025-11-13T12:34:09Z ************************
2025-11-13T12:34:09Z SYS01REQ-OBJECT not low_value
2025-11-13T12:34:09Z PHYSRES-OBJECT not low_value
2025-11-13T12:34:09Z XMLWRITE OK      = +000000000
2025-11-13T12:34:09Z ***********************
2025-11-13T12:34:09Z * system01_manage end *
2025-11-13T12:34:09Z ***********************
2025-11-13T12:34:09Z 2025/11/13 20:04:15 API-:orca  ormaster system01lstv2 ORAPI101R1V2 false api:20ms tot:26ms 
2025-11-13T12:34:09Z DestroySessionWithWS: ormaster
2025-11-13T12:34:09Z 2025/11/13 20:04:15 DestroyContext: false
2025-11-13T12:34:09Z libcob:cancel_context
2025-11-13T12:34:09Z libcob:create_context
2025-11-13T12:34:09Z libcob:update_context
2025-11-13T12:34:09Z cob_init start
2025-11-13T12:34:09Z cob_init end
2025-11-13T12:34:09Z ***************
2025-11-13T12:34:09Z * accept start*
2025-11-13T12:34:09Z ***************
2025-11-13T12:34:09Z MDCRES-OBJECT not low_value
2025-11-13T12:34:09Z ***************
2025-11-13T12:34:09Z * accept end  *
2025-11-13T12:34:09Z ***************
2025-11-13T12:34:09Z 2025/11/13 20:05:41 API-:orca  ormaster medicalmodv2 ORAPI021S1V2 false api:27ms tot:31ms 
2025-11-13T12:34:09Z DestroySessionWithWS: ormaster
2025-11-13T12:34:09Z 2025/11/13 20:05:41 DestroyContext: false
2025-11-13T12:34:09Z libcob:cancel_context
2025-11-13T12:34:09Z libcob:update_context
2025-11-13T12:34:09Z ************************
2025-11-13T12:34:09Z * system01_manage start*
2025-11-13T12:34:09Z ************************
2025-11-13T12:34:09Z SYS01REQ-OBJECT not low_value
2025-11-13T12:34:09Z PHYSRES-OBJECT not low_value
2025-11-13T12:34:09Z XMLWRITE OK      = +000000000
2025-11-13T12:34:09Z ***********************
2025-11-13T12:34:09Z * system01_manage end *
2025-11-13T12:34:09Z ***********************
2025-11-13T12:34:09Z 2025/11/13 20:07:53 API-:orca  ormaster system01lstv2 ORAPI101R1V2 false api:16ms tot:19ms 
2025-11-13T12:34:09Z DestroySessionWithWS: ormaster
2025-11-13T12:34:09Z 2025/11/13 20:07:53 DestroyContext: false
2025-11-13T12:34:09Z &{GET /api01rv2/patientgetv2?id=000001 HTTP/1.1 1 1 map[Accept:[*/*] User-Agent:[curl/8.7.1]] {} <nil> 0 [] false localhost:8000 map[] map[] <nil> map[] 172.217.161.36:35107 /api01rv2/patientgetv2?id=000001 <nil> <nil> <nil>  0xc005536050 <nil> [] map[]}
2025-11-13T12:34:09Z 2025/11/13 20:29:22 Auth Error:401   
2025-11-13T12:34:09Z &{GET /api01rv2/patientgetv2?id=000001 HTTP/1.1 1 1 map[Accept:[*/*] User-Agent:[curl/8.7.1]] {} <nil> 0 [] false localhost:8000 map[] map[] <nil> map[] 172.217.161.36:17514 /api01rv2/patientgetv2?id=000001 <nil> <nil> <nil>  0xc005536140 <nil> [] map[]}
2025-11-13T12:34:09Z 2025/11/13 20:32:01 Auth Error:401   
2025-11-13T12:34:09Z &{GET /api01rv2/patientgetv2?id=000001 HTTP/1.1 1 1 map[Accept:[*/*] User-Agent:[curl/8.7.1]] {} <nil> 0 [] false localhost:8000 map[] map[] <nil> map[] 172.217.161.36:52735 /api01rv2/patientgetv2?id=000001 <nil> <nil> <nil>  0xc005536050 <nil> [] map[]}
2025-11-13T12:34:09Z 2025/11/13 21:20:48 Auth Error:401   
2025-11-13T12:34:09Z &{GET /api01rv2/patientgetv2?id=000001 HTTP/1.1 1 1 map[Accept:[*/*] User-Agent:[curl/8.7.1]] {} <nil> 0 [] false localhost:8000 map[] map[] <nil> map[] 172.217.161.36:35046 /api01rv2/patientgetv2?id=000001 <nil> <nil> <nil>  0xc001564050 <nil> [] map[]}
2025-11-13T12:34:09Z 2025/11/13 21:21:49 Auth Error:401   
2025-11-13T12:34:09Z &{GET /api01rv2/patientgetv2?id=000001 HTTP/1.1 1 1 map[Accept:[*/*] User-Agent:[curl/8.7.1]] {} <nil> 0 [] false localhost:8000 map[] map[] <nil> map[] 172.217.161.36:22347 /api01rv2/patientgetv2?id=000001 <nil> <nil> <nil>  0xc0002120a0 <nil> [] map[]}
2025-11-13T12:34:09Z 2025/11/13 21:22:05 Auth Error:401   
2025-11-13T12:34:09Z libcob:cancel_context
2025-11-13T12:34:09Z libcob:destroy_context
2025-11-13T12:34:09Z libcob:destroy_context
2025-11-13T12:34:09Z libcob:destroy_context
2025-11-13T12:34:09Z libcob:create_context
2025-11-13T12:34:09Z libcob:update_context
2025-11-13T12:34:09Z cob_init start
2025-11-13T12:34:09Z cob_init end
2025-11-13T12:34:09Z 310-SPASET SPA-MOTOPG:
2025-11-13T12:34:09Z ORCSJOB ST =CHK## 2025/11/13 21:33:10.58 
2025-11-13T12:34:09Z ORCSJOB ED =+001##
2025-11-13T12:34:09Z ORCSJOB ST =CHK## 2025/11/13 21:33:10.59 
2025-11-13T12:34:09Z ORCSJOB ED =+001##
2025-11-13T12:34:09Z cob_file_open: /opt/jma/weborca/app/doc/version
2025-11-13T12:34:09Z cob_file_open: /opt/jma/weborca/app/doc/dbversion
2025-11-13T12:34:09Z DBVERSION-CHK P1
2025-11-13T12:34:09Z ORCSJOB ST =CHK## 2025/11/13 21:33:10.66 
2025-11-13T12:34:09Z ORCSJOB ED =+001##
2025-11-13T12:34:09Z 2025/11/13 21:33:10 Websocket subscribe: orca RsqGwb8597R3ShKmeZaQHm
2025-11-13T12:34:09Z 2025/11/13 21:33:29 RPC-:orca  ormaster M00 send_event CLICKED B06 tot:28ms app:15ms  sts:200
2025-11-13T12:34:09Z 2025/11/13 21:33:31 RPC-:orca  ormaster M95 send_event SWITCH nt1 tot:32ms app:29ms  sts:200
2025-11-13T12:34:09Z 2025/11/13 21:33:33 RPC-:orca  ormaster M95 send_event SELECT SYSLIST tot:32ms app:30ms  sts:200
2025-11-13T12:34:09Z 2025/11/13 21:33:35 RPC-:orca  ormaster M95 send_event SWITCH nt1 tot:11ms app:9ms  sts:200
2025-11-13T12:34:09Z 2025/11/13 21:33:35 RPC-:orca  ormaster M95 send_event SWITCH nt1 tot:12ms app:11ms  sts:200
2025-11-13T12:34:09Z 2025/11/13 21:33:39 RPC-:orca  ormaster M95 send_event CLICKED B10 tot:3ms app:1ms  sts:200
2025-11-13T12:34:09Z 2025/11/13 21:33:40 RPC-:orca  ormaster M95 send_event CLICKED B12 tot:21ms app:16ms  sts:200
2025-11-13T12:34:09Z 2025/11/13 21:33:42 RPC-:orca  ormaster M95 send_event SELECT SYSLIST tot:37ms app:34ms  sts:200
2025-11-13T12:34:09Z 2025/11/13 21:33:42 RPC-:orca  ormaster M95 send_event SELECT SYSLIST tot:1ms app:0ms  sts:200
2025-11-13T12:34:09Z 2025/11/13 21:33:42 RPC-:orca  ormaster M95 send_event SELECT SYSLIST tot:1ms app:0ms  sts:200
2025-11-13T12:34:09Z 2025/11/13 21:33:45 RPC-:orca  ormaster M95 send_event ACTIVATE RENNUM tot:2ms app:0ms  sts:200
2025-11-13T12:34:09Z 2025/11/13 21:33:47 RPC-:orca  ormaster M95 send_event ACTIVATE DRCD tot:3ms app:1ms  sts:200
2025-11-13T12:34:09Z 2025/11/13 21:33:48 RPC-:orca  ormaster M95 send_event CLICKED B10 tot:9ms app:8ms  sts:200
2025-11-13T12:34:09Z 2025/11/13 21:33:52 RPC-:orca  ormaster M95 send_event CLICKED B12 tot:46ms app:40ms  sts:200
2025-11-13T12:34:09Z 2025/11/13 21:33:54 RPC-:orca  ormaster M95 send_event SELECT SYSLIST tot:17ms app:14ms  sts:200
2025-11-13T12:34:09Z 2025/11/13 21:33:57 RPC-:orca  ormaster M95 send_event ACTIVATE RENNUM tot:5ms app:1ms  sts:200
2025-11-13T12:34:09Z 2025/11/13 21:33:59 RPC-:orca  ormaster M95 send_event CLICKED B10 tot:6ms app:3ms  sts:200
2025-11-13T12:34:09Z 2025/11/13 21:34:03 RPC-:orca  ormaster M95 send_event SWITCH nt1 tot:4ms app:2ms  sts:200
2025-11-13T12:34:09Z 2025/11/13 21:34:04 RPC-:orca  ormaster MID1 send_event CLICKED B12 tot:11ms app:9ms  sts:200
2025-11-13T12:34:09Z 2025/11/13 21:34:05 RPC-:orca  ormaster M95 send_event SWITCH nt1 tot:10ms app:8ms  sts:200
2025-11-13T12:34:09Z 2025/11/13 21:34:07 RPC-:orca  ormaster M95 send_event SELECT SYSLIST tot:17ms app:16ms  sts:200
