2025-11-13T12:32:18Z *********************
2025-11-13T12:32:18Z * patient res start *
2025-11-13T12:32:18Z *********************
2025-11-13T12:32:18Z MDCRES-OBJECT not low_value
2025-11-13T12:32:18Z MDCRES-OBJECT not low_value
2025-11-13T12:32:18Z *******************
2025-11-13T12:32:18Z * patient res end *
2025-11-13T12:32:18Z *******************
2025-11-13T12:32:18Z 2025/11/13 18:14:30 API-:orca  ormaster patientmodv2 ORAPI012S1V2 false api:120ms tot:124ms 
2025-11-13T12:32:18Z DestroySessionWithWS: ormaster
2025-11-13T12:32:18Z 2025/11/13 18:14:30 DestroyContext: false
2025-11-13T12:32:18Z libcob:cancel_context
2025-11-13T12:32:18Z libcob:create_context
2025-11-13T12:32:18Z libcob:update_context
2025-11-13T12:32:18Z cob_init start
2025-11-13T12:32:18Z cob_init end
2025-11-13T12:32:18Z *********************
2025-11-13T12:32:18Z * patient res start *
2025-11-13T12:32:18Z *********************
2025-11-13T12:32:18Z libcob:destroy_context
2025-11-13T12:32:18Z MDCRES-OBJECT not low_value
2025-11-13T12:32:18Z MDCRES-OBJECT not low_value
2025-11-13T12:32:18Z *******************
2025-11-13T12:32:18Z * patient res end *
2025-11-13T12:32:18Z *******************
2025-11-13T12:32:18Z 2025/11/13 18:16:03 API-:orca  ormaster patientmodv2 ORAPI012S1V2 false api:91ms tot:97ms 
2025-11-13T12:32:18Z DestroySessionWithWS: ormaster
2025-11-13T12:32:18Z 2025/11/13 18:16:03 DestroyContext: false
2025-11-13T12:32:18Z libcob:cancel_context
2025-11-13T12:32:18Z libcob:destroy_context
2025-11-13T12:32:18Z libcob:create_context
2025-11-13T12:32:18Z libcob:update_context
2025-11-13T12:32:18Z cob_init start
2025-11-13T12:32:18Z cob_init end
2025-11-13T12:32:18Z ***************
2025-11-13T12:32:18Z * accept start*
2025-11-13T12:32:18Z ***************
2025-11-13T12:32:18Z MDCRES-OBJECT not low_value
2025-11-13T12:32:18Z ***************
2025-11-13T12:32:18Z * accept end  *
2025-11-13T12:32:18Z ***************
2025-11-13T12:32:18Z 2025/11/13 18:18:41 API-:orca  ormaster medicalmodv2 ORAPI021S1V2 false api:18ms tot:21ms 
2025-11-13T12:32:18Z DestroySessionWithWS: ormaster
2025-11-13T12:32:18Z 2025/11/13 18:18:41 DestroyContext: false
2025-11-13T12:32:18Z libcob:cancel_context
2025-11-13T12:32:18Z libcob:create_context
2025-11-13T12:32:18Z libcob:update_context
2025-11-13T12:32:18Z cob_init start
2025-11-13T12:32:18Z cob_init end
2025-11-13T12:32:18Z ***************
2025-11-13T12:32:18Z * accept start*
2025-11-13T12:32:18Z ***************
2025-11-13T12:32:18Z MDCRES-OBJECT not low_value
2025-11-13T12:32:18Z ***************
2025-11-13T12:32:18Z * accept end  *
2025-11-13T12:32:18Z ***************
2025-11-13T12:32:18Z 2025/11/13 18:19:50 API-:orca  ormaster medicalmodv2 ORAPI021S1V2 false api:53ms tot:55ms 
2025-11-13T12:32:18Z DestroySessionWithWS: ormaster
2025-11-13T12:32:18Z 2025/11/13 18:19:50 DestroyContext: false
2025-11-13T12:32:18Z libcob:cancel_context
2025-11-13T12:32:18Z libcob:destroy_context
2025-11-13T12:32:18Z libcob:update_context
2025-11-13T12:32:18Z ***************
2025-11-13T12:32:18Z * accept start*
2025-11-13T12:32:18Z ***************
2025-11-13T12:32:18Z MDCRES-OBJECT not low_value
2025-11-13T12:32:18Z ***************
2025-11-13T12:32:18Z * accept end  *
2025-11-13T12:32:18Z ***************
2025-11-13T12:32:18Z 2025/11/13 18:21:25 API-:orca  ormaster medicalmodv2 ORAPI021S1V2 false api:35ms tot:37ms 
2025-11-13T12:32:18Z DestroySessionWithWS: ormaster
2025-11-13T12:32:18Z 2025/11/13 18:21:25 DestroyContext: false
2025-11-13T12:32:18Z libcob:cancel_context
2025-11-13T12:32:18Z libcob:update_context
2025-11-13T12:32:18Z ***************
2025-11-13T12:32:18Z * accept start*
2025-11-13T12:32:18Z ***************
2025-11-13T12:32:18Z MDCRES-OBJECT not low_value
2025-11-13T12:32:18Z ***************
2025-11-13T12:32:18Z * accept end  *
2025-11-13T12:32:18Z ***************
2025-11-13T12:32:18Z 2025/11/13 18:22:11 API-:orca  ormaster medicalmodv2 ORAPI021S1V2 false api:19ms tot:21ms 
2025-11-13T12:32:18Z DestroySessionWithWS: ormaster
2025-11-13T12:32:18Z 2025/11/13 18:22:11 DestroyContext: false
2025-11-13T12:32:18Z libcob:cancel_context
2025-11-13T12:32:18Z libcob:update_context
2025-11-13T12:32:18Z ***************
2025-11-13T12:32:18Z * accept start*
2025-11-13T12:32:18Z ***************
2025-11-13T12:32:18Z MDCRES-OBJECT not low_value
2025-11-13T12:32:18Z ***************
2025-11-13T12:32:18Z * accept end  *
2025-11-13T12:32:18Z ***************
2025-11-13T12:32:18Z 2025/11/13 18:24:15 API-:orca  ormaster medicalmodv2 ORAPI021S1V2 false api:28ms tot:30ms 
2025-11-13T12:32:18Z DestroySessionWithWS: ormaster
2025-11-13T12:32:18Z 2025/11/13 18:24:15 DestroyContext: false
2025-11-13T12:32:18Z libcob:cancel_context
2025-11-13T12:32:18Z libcob:update_context
2025-11-13T12:32:18Z ***************
2025-11-13T12:32:18Z * accept start*
2025-11-13T12:32:18Z ***************
2025-11-13T12:32:18Z MDCRES-OBJECT not low_value
2025-11-13T12:32:18Z ***************
2025-11-13T12:32:18Z * accept end  *
2025-11-13T12:32:18Z ***************
2025-11-13T12:32:18Z 2025/11/13 18:26:38 API-:orca  ormaster medicalmodv2 ORAPI021S1V2 false api:31ms tot:33ms 
2025-11-13T12:32:18Z DestroySessionWithWS: ormaster
2025-11-13T12:32:18Z 2025/11/13 18:26:38 DestroyContext: false
2025-11-13T12:32:18Z libcob:cancel_context
2025-11-13T12:32:18Z libcob:destroy_context
2025-11-13T12:32:18Z libcob:create_context
2025-11-13T12:32:18Z libcob:update_context
2025-11-13T12:32:18Z cob_init start
2025-11-13T12:32:18Z cob_init end
2025-11-13T12:32:18Z ***************
2025-11-13T12:32:18Z * accept start*
2025-11-13T12:32:18Z ***************
2025-11-13T12:32:18Z MDCRES-OBJECT not low_value
2025-11-13T12:32:19Z ***************
2025-11-13T12:32:19Z * accept end  *
2025-11-13T12:32:19Z ***************
2025-11-13T12:32:19Z 2025/11/13 18:28:01 API-:orca  ormaster medicalmodv2 ORAPI021S1V2 false api:31ms tot:33ms 
2025-11-13T12:32:19Z DestroySessionWithWS: ormaster
2025-11-13T12:32:19Z 2025/11/13 18:28:01 DestroyContext: false
2025-11-13T12:32:19Z libcob:cancel_context
2025-11-13T12:32:19Z libcob:create_context
2025-11-13T12:32:19Z libcob:update_context
2025-11-13T12:32:19Z cob_init start
2025-11-13T12:32:19Z cob_init end
2025-11-13T12:32:19Z ***************
2025-11-13T12:32:19Z * accept start*
2025-11-13T12:32:19Z ***************
2025-11-13T12:32:19Z MDCRES-OBJECT not low_value
2025-11-13T12:32:19Z ***************
2025-11-13T12:32:19Z * accept end  *
2025-11-13T12:32:19Z ***************
2025-11-13T12:32:19Z 2025/11/13 18:28:38 API-:orca  ormaster medicalmodv2 ORAPI021S1V2 false api:23ms tot:25ms 
2025-11-13T12:32:19Z DestroySessionWithWS: ormaster
2025-11-13T12:32:19Z 2025/11/13 18:28:38 DestroyContext: false
2025-11-13T12:32:19Z libcob:cancel_context
2025-11-13T12:32:19Z libcob:destroy_context
2025-11-13T12:32:19Z libcob:destroy_context
2025-11-13T12:32:19Z libcob:create_context
2025-11-13T12:32:19Z libcob:update_context
2025-11-13T12:32:19Z cob_init start
2025-11-13T12:32:19Z cob_init end
2025-11-13T12:32:19Z ***************
2025-11-13T12:32:19Z * accept start*
2025-11-13T12:32:19Z ***************
2025-11-13T12:32:19Z MDCRES-OBJECT not low_value
2025-11-13T12:32:19Z ***************
2025-11-13T12:32:19Z * accept end  *
2025-11-13T12:32:19Z ***************
2025-11-13T12:32:19Z 2025/11/13 18:31:43 API-:orca  ormaster medicalmodv2 ORAPI021S1V2 false api:24ms tot:26ms 
2025-11-13T12:32:19Z DestroySessionWithWS: ormaster
2025-11-13T12:32:19Z 2025/11/13 18:31:43 DestroyContext: false
2025-11-13T12:32:19Z libcob:cancel_context
2025-11-13T12:32:19Z libcob:create_context
2025-11-13T12:32:19Z libcob:update_context
2025-11-13T12:32:19Z cob_init start
2025-11-13T12:32:19Z cob_init end
2025-11-13T12:32:19Z ***************
2025-11-13T12:32:19Z * accept start*
2025-11-13T12:32:19Z ***************
2025-11-13T12:32:19Z MDCRES-OBJECT not low_value
2025-11-13T12:32:19Z ***************
2025-11-13T12:32:19Z * accept end  *
2025-11-13T12:32:19Z ***************
2025-11-13T12:32:19Z 2025/11/13 18:33:17 API-:orca  ormaster medicalmodv2 ORAPI021S1V2 false api:20ms tot:22ms 
2025-11-13T12:32:19Z DestroySessionWithWS: ormaster
2025-11-13T12:32:19Z 2025/11/13 18:33:17 DestroyContext: false
2025-11-13T12:32:19Z 2025/11/13 18:34:12 API-:orca  ormaster system01lstv2 ORAPI101R1V2 false api:0ms tot:10ms 
2025-11-13T12:32:19Z echo: http: panic serving 127.0.0.1:40404: runtime error: index out of range [-1]
2025-11-13T12:32:19Z goroutine 1062 [running]:
2025-11-13T12:32:19Z net/http.(*conn).serve.func1()
2025-11-13T12:32:19Z 	/usr/lib/go-1.23/src/net/http/server.go:1947 +0xbe
2025-11-13T12:32:19Z panic({0xeb0e00?, 0xc0027ff080?})
2025-11-13T12:32:19Z 	/usr/lib/go-1.23/src/runtime/panic.go:785 +0x132
2025-11-13T12:32:19Z session.XML2Map({0xc0017ac600, 0x3d, 0x200})
2025-11-13T12:32:19Z 	/home/orcauser/develop/weborca-main/20251024-1/internal/session/xml.go:64 +0x872
2025-11-13T12:32:19Z web.apiFunc({0x1178d30, 0xc0001441e0}, {0xf060df, 0x8})
2025-11-13T12:32:19Z 	/home/orcauser/develop/weborca-main/20251024-1/internal/web/api.go:203 +0x1f2f
2025-11-13T12:32:19Z web.API01rv2Post({0x1178d30?, 0xc0001441e0?})
2025-11-13T12:32:19Z 	/home/orcauser/develop/weborca-main/20251024-1/internal/web/api.go:57 +0x29
2025-11-13T12:32:19Z web.Web.BasicAuthWithConfig.func5.1({0x1178d30, 0xc0001441e0})
2025-11-13T12:32:19Z 	/home/orcauser/go/pkg/mod/github.com/labstack/echo/v4@v4.13.4/middleware/basic_auth.go:94 +0x2cc
2025-11-13T12:32:19Z github.com/labstack/echo/v4.(*Echo).add.func1({0x1178d30, 0xc0001441e0})
2025-11-13T12:32:19Z 	/home/orcauser/go/pkg/mod/github.com/labstack/echo/v4@v4.13.4/echo.go:581 +0x4b
2025-11-13T12:32:19Z github.com/labstack/echo/v4.(*Echo).ServeHTTP(0xc0003958c8, {0x1169970, 0xc00017c000}, 0xc0011a6500)
2025-11-13T12:32:19Z 	/home/orcauser/go/pkg/mod/github.com/labstack/echo/v4@v4.13.4/echo.go:668 +0x323
2025-11-13T12:32:19Z net/http.serverHandler.ServeHTTP({0x1166070?}, {0x1169970?, 0xc00017c000?}, 0x6?)
2025-11-13T12:32:19Z 	/usr/lib/go-1.23/src/net/http/server.go:3210 +0x8e
2025-11-13T12:32:19Z net/http.(*conn).serve(0xc0004b1200, {0x116acb8, 0xc001d14570})
2025-11-13T12:32:19Z 	/usr/lib/go-1.23/src/net/http/server.go:2092 +0x5d0
2025-11-13T12:32:19Z created by net/http.(*Server).Serve in goroutine 1
2025-11-13T12:32:19Z 	/usr/lib/go-1.23/src/net/http/server.go:3360 +0x485
2025-11-13T12:32:19Z libcob:cancel_context
2025-11-13T12:32:19Z libcob:create_context
2025-11-13T12:32:19Z libcob:update_context
2025-11-13T12:32:19Z libcob:destroy_context
2025-11-13T12:32:19Z libcob:create_context
2025-11-13T12:32:19Z libcob:update_context
2025-11-13T12:32:19Z cob_init start
2025-11-13T12:32:19Z cob_init end
2025-11-13T12:32:19Z ***************
2025-11-13T12:32:19Z * accept start*
2025-11-13T12:32:19Z ***************
2025-11-13T12:32:19Z MDCRES-OBJECT not low_value
2025-11-13T12:32:19Z ***************
2025-11-13T12:32:19Z * accept end  *
2025-11-13T12:32:19Z ***************
2025-11-13T12:32:19Z 2025/11/13 18:35:26 API-:orca  ormaster medicalmodv2 ORAPI021S1V2 false api:17ms tot:19ms 
2025-11-13T12:32:19Z DestroySessionWithWS: ormaster
2025-11-13T12:32:19Z 2025/11/13 18:35:26 DestroyContext: false
2025-11-13T12:32:19Z libcob:cancel_context
2025-11-13T12:32:19Z libcob:destroy_context
2025-11-13T12:32:19Z libcob:destroy_context
2025-11-13T12:32:19Z libcob:create_context
2025-11-13T12:32:19Z libcob:update_context
2025-11-13T12:32:19Z cob_init start
2025-11-13T12:32:19Z cob_init end
2025-11-13T12:32:19Z ************************
2025-11-13T12:32:19Z * system01_manage start*
2025-11-13T12:32:19Z ************************
2025-11-13T12:32:19Z SYS01REQ-OBJECT not low_value
2025-11-13T12:32:19Z PHYSRES-OBJECT not low_value
2025-11-13T12:32:19Z XMLWRITE OK      = +000000000
2025-11-13T12:32:19Z ***********************
2025-11-13T12:32:19Z * system01_manage end *
2025-11-13T12:32:19Z ***********************
2025-11-13T12:32:19Z DestroySessionWithWS: ormaster
2025-11-13T12:32:19Z 2025/11/13 18:38:36 DestroyContext: false
2025-11-13T12:32:19Z 2025/11/13 18:38:36 API-:orca  ormaster system01lstv2 ORAPI101R1V2 false api:35ms tot:47ms 
2025-11-13T12:32:19Z libcob:cancel_context
2025-11-13T12:32:19Z libcob:create_context
2025-11-13T12:32:19Z libcob:update_context
2025-11-13T12:32:19Z cob_init start
2025-11-13T12:32:19Z cob_init end
2025-11-13T12:32:19Z ***************
2025-11-13T12:32:19Z * accept start*
2025-11-13T12:32:19Z ***************
2025-11-13T12:32:19Z MDCRES-OBJECT not low_value
2025-11-13T12:32:19Z ***************
2025-11-13T12:32:19Z * accept end  *
2025-11-13T12:32:19Z ***************
2025-11-13T12:32:19Z 2025/11/13 18:39:06 API-:orca  ormaster medicalmodv2 ORAPI021S1V2 false api:29ms tot:35ms 
2025-11-13T12:32:19Z DestroySessionWithWS: ormaster
2025-11-13T12:32:19Z 2025/11/13 18:39:06 DestroyContext: false
2025-11-13T12:32:19Z &{POST /orca11/acceptmodv2?class=01 HTTP/1.1 1 1 map[Accept:[*/*] Content-Length:[7] Content-Type:[application/x-www-form-urlencoded] User-Agent:[curl/8.7.1]] 0xc006482080 <nil> 7 [] false localhost:8000 map[] map[] <nil> map[] 172.217.161.36:33345 /orca11/acceptmodv2?class=01 <nil> <nil> <nil>  0xc0015640a0 <nil> [] map[]}
2025-11-13T12:32:19Z 2025/11/13 19:38:04 System Error:405    code=405, message=Method Not Allowed
2025-11-13T12:32:19Z web.ErrorHandler
2025-11-13T12:32:19Z 	/home/orcauser/develop/weborca-main/20251024-1/internal/web/error.go:73
2025-11-13T12:32:19Z github.com/labstack/echo/v4.(*Echo).ServeHTTP
2025-11-13T12:32:19Z 	/home/orcauser/go/pkg/mod/github.com/labstack/echo/v4@v4.13.4/echo.go:669
2025-11-13T12:32:19Z net/http.serverHandler.ServeHTTP
2025-11-13T12:32:19Z 	/usr/lib/go-1.23/src/net/http/server.go:3210
2025-11-13T12:32:19Z net/http.(*conn).serve
2025-11-13T12:32:19Z 	/usr/lib/go-1.23/src/net/http/server.go:2092
2025-11-13T12:32:19Z runtime.goexit
2025-11-13T12:32:19Z 	/usr/lib/go-1.23/src/runtime/asm_amd64.s:1700
2025-11-13T12:32:19Z libcob:cancel_context
2025-11-13T12:32:19Z libcob:destroy_context
2025-11-13T12:32:19Z libcob:destroy_context
2025-11-13T12:32:19Z libcob:destroy_context
2025-11-13T12:32:19Z libcob:create_context
2025-11-13T12:32:19Z libcob:update_context
2025-11-13T12:32:19Z cob_init start
2025-11-13T12:32:19Z cob_init end
2025-11-13T12:32:19Z ************************
2025-11-13T12:32:19Z * system01_manage start*
2025-11-13T12:32:19Z ************************
2025-11-13T12:32:19Z SYS01REQ-OBJECT not low_value
2025-11-13T12:32:19Z PHYSRES-OBJECT not low_value
2025-11-13T12:32:19Z XMLWRITE OK      = +000000000
2025-11-13T12:32:19Z ***********************
2025-11-13T12:32:19Z * system01_manage end *
2025-11-13T12:32:19Z ***********************
2025-11-13T12:32:19Z 2025/11/13 19:45:15 API-:orca  ormaster system01lstv2 ORAPI101R1V2 false api:14ms tot:18ms 
2025-11-13T12:32:19Z DestroySessionWithWS: ormaster
2025-11-13T12:32:19Z 2025/11/13 19:45:15 DestroyContext: false
2025-11-13T12:32:19Z libcob:cancel_context
2025-11-13T12:32:19Z libcob:create_context
2025-11-13T12:32:19Z libcob:update_context
2025-11-13T12:32:19Z cob_init start
2025-11-13T12:32:19Z cob_init end
2025-11-13T12:32:19Z ***************
2025-11-13T12:32:19Z * accept start*
2025-11-13T12:32:19Z ***************
2025-11-13T12:32:19Z MDCRES-OBJECT not low_value
2025-11-13T12:32:19Z ***************
2025-11-13T12:32:19Z * accept end  *
2025-11-13T12:32:19Z ***************
2025-11-13T12:32:19Z 2025/11/13 19:48:59 API-:orca  ormaster medicalmodv2 ORAPI021S1V2 false api:130ms tot:136ms 
2025-11-13T12:32:19Z DestroySessionWithWS: ormaster
2025-11-13T12:32:19Z 2025/11/13 19:48:59 DestroyContext: false
2025-11-13T12:32:19Z libcob:cancel_context
2025-11-13T12:32:19Z libcob:destroy_context
2025-11-13T12:32:19Z libcob:create_context
2025-11-13T12:32:19Z libcob:update_context
2025-11-13T12:32:19Z cob_init start
2025-11-13T12:32:19Z cob_init end
2025-11-13T12:32:19Z ***************
2025-11-13T12:32:19Z * accept start*
2025-11-13T12:32:19Z ***************
2025-11-13T12:32:19Z MDCRES-OBJECT not low_value
2025-11-13T12:32:19Z ***************
2025-11-13T12:32:19Z * accept end  *
2025-11-13T12:32:19Z ***************
2025-11-13T12:32:19Z 2025/11/13 19:51:20 API-:orca  ormaster medicalmodv2 ORAPI021S1V2 false api:133ms tot:138ms 
2025-11-13T12:32:19Z DestroySessionWithWS: ormaster
2025-11-13T12:32:19Z 2025/11/13 19:51:20 DestroyContext: false
2025-11-13T12:32:19Z libcob:cancel_context
2025-11-13T12:32:19Z libcob:destroy_context
2025-11-13T12:32:19Z libcob:destroy_context
2025-11-13T12:32:19Z libcob:create_context
2025-11-13T12:32:19Z libcob:update_context
2025-11-13T12:32:19Z cob_init start
2025-11-13T12:32:19Z cob_init end
2025-11-13T12:32:19Z ***************
2025-11-13T12:32:19Z * accept start*
2025-11-13T12:32:19Z ***************
2025-11-13T12:32:19Z MDCRES-OBJECT not low_value
2025-11-13T12:32:19Z ***************
2025-11-13T12:32:19Z * accept end  *
2025-11-13T12:32:19Z ***************
2025-11-13T12:32:19Z 2025/11/13 19:58:03 API-:orca  ormaster medicalmodv2 ORAPI021S1V2 false api:95ms tot:98ms 
2025-11-13T12:32:19Z DestroySessionWithWS: ormaster
2025-11-13T12:32:19Z 2025/11/13 19:58:03 DestroyContext: false
2025-11-13T12:32:19Z libcob:cancel_context
2025-11-13T12:32:19Z libcob:destroy_context
2025-11-13T12:32:19Z libcob:create_context
2025-11-13T12:32:19Z libcob:update_context
2025-11-13T12:32:19Z cob_init start
2025-11-13T12:32:19Z cob_init end
2025-11-13T12:32:19Z ***************
2025-11-13T12:32:19Z * accept start*
2025-11-13T12:32:19Z ***************
2025-11-13T12:32:19Z MDCRES-OBJECT not low_value
2025-11-13T12:32:19Z ***************
2025-11-13T12:32:19Z * accept end  *
2025-11-13T12:32:19Z ***************
2025-11-13T12:32:19Z 2025/11/13 20:03:21 API-:orca  ormaster medicalmodv2 ORAPI021S1V2 false api:87ms tot:91ms 
2025-11-13T12:32:19Z DestroySessionWithWS: ormaster
2025-11-13T12:32:19Z 2025/11/13 20:03:21 DestroyContext: false
2025-11-13T12:32:19Z libcob:cancel_context
2025-11-13T12:32:19Z libcob:create_context
2025-11-13T12:32:19Z libcob:update_context
2025-11-13T12:32:19Z cob_init start
2025-11-13T12:32:19Z cob_init end
2025-11-13T12:32:19Z ************************
2025-11-13T12:32:19Z * system01_manage start*
2025-11-13T12:32:19Z ************************
2025-11-13T12:32:19Z SYS01REQ-OBJECT not low_value
2025-11-13T12:32:19Z PHYSRES-OBJECT not low_value
2025-11-13T12:32:19Z XMLWRITE OK      = +000000000
2025-11-13T12:32:19Z ***********************
2025-11-13T12:32:19Z * system01_manage end *
2025-11-13T12:32:19Z ***********************
2025-11-13T12:32:19Z 2025/11/13 20:04:15 API-:orca  ormaster system01lstv2 ORAPI101R1V2 false api:20ms tot:26ms 
2025-11-13T12:32:19Z DestroySessionWithWS: ormaster
2025-11-13T12:32:19Z 2025/11/13 20:04:15 DestroyContext: false
2025-11-13T12:32:19Z libcob:cancel_context
2025-11-13T12:32:19Z libcob:create_context
2025-11-13T12:32:19Z libcob:update_context
2025-11-13T12:32:19Z cob_init start
2025-11-13T12:32:19Z cob_init end
2025-11-13T12:32:19Z ***************
2025-11-13T12:32:19Z * accept start*
2025-11-13T12:32:19Z ***************
2025-11-13T12:32:19Z MDCRES-OBJECT not low_value
2025-11-13T12:32:19Z ***************
2025-11-13T12:32:19Z * accept end  *
2025-11-13T12:32:19Z ***************
2025-11-13T12:32:19Z 2025/11/13 20:05:41 API-:orca  ormaster medicalmodv2 ORAPI021S1V2 false api:27ms tot:31ms 
2025-11-13T12:32:19Z DestroySessionWithWS: ormaster
2025-11-13T12:32:19Z 2025/11/13 20:05:41 DestroyContext: false
2025-11-13T12:32:19Z libcob:cancel_context
2025-11-13T12:32:19Z libcob:update_context
2025-11-13T12:32:19Z ************************
2025-11-13T12:32:19Z * system01_manage start*
2025-11-13T12:32:19Z ************************
2025-11-13T12:32:19Z SYS01REQ-OBJECT not low_value
2025-11-13T12:32:19Z PHYSRES-OBJECT not low_value
2025-11-13T12:32:19Z XMLWRITE OK      = +000000000
2025-11-13T12:32:19Z ***********************
2025-11-13T12:32:19Z * system01_manage end *
2025-11-13T12:32:19Z ***********************
2025-11-13T12:32:19Z 2025/11/13 20:07:53 API-:orca  ormaster system01lstv2 ORAPI101R1V2 false api:16ms tot:19ms 
2025-11-13T12:32:19Z DestroySessionWithWS: ormaster
2025-11-13T12:32:19Z 2025/11/13 20:07:53 DestroyContext: false
2025-11-13T12:32:19Z &{GET /api01rv2/patientgetv2?id=000001 HTTP/1.1 1 1 map[Accept:[*/*] User-Agent:[curl/8.7.1]] {} <nil> 0 [] false localhost:8000 map[] map[] <nil> map[] 172.217.161.36:35107 /api01rv2/patientgetv2?id=000001 <nil> <nil> <nil>  0xc005536050 <nil> [] map[]}
2025-11-13T12:32:19Z 2025/11/13 20:29:22 Auth Error:401   
2025-11-13T12:32:19Z &{GET /api01rv2/patientgetv2?id=000001 HTTP/1.1 1 1 map[Accept:[*/*] User-Agent:[curl/8.7.1]] {} <nil> 0 [] false localhost:8000 map[] map[] <nil> map[] 172.217.161.36:17514 /api01rv2/patientgetv2?id=000001 <nil> <nil> <nil>  0xc005536140 <nil> [] map[]}
2025-11-13T12:32:19Z 2025/11/13 20:32:01 Auth Error:401   
2025-11-13T12:32:19Z &{GET /api01rv2/patientgetv2?id=000001 HTTP/1.1 1 1 map[Accept:[*/*] User-Agent:[curl/8.7.1]] {} <nil> 0 [] false localhost:8000 map[] map[] <nil> map[] 172.217.161.36:52735 /api01rv2/patientgetv2?id=000001 <nil> <nil> <nil>  0xc005536050 <nil> [] map[]}
2025-11-13T12:32:19Z 2025/11/13 21:20:48 Auth Error:401   
2025-11-13T12:32:19Z &{GET /api01rv2/patientgetv2?id=000001 HTTP/1.1 1 1 map[Accept:[*/*] User-Agent:[curl/8.7.1]] {} <nil> 0 [] false localhost:8000 map[] map[] <nil> map[] 172.217.161.36:35046 /api01rv2/patientgetv2?id=000001 <nil> <nil> <nil>  0xc001564050 <nil> [] map[]}
2025-11-13T12:32:19Z 2025/11/13 21:21:49 Auth Error:401   
2025-11-13T12:32:19Z &{GET /api01rv2/patientgetv2?id=000001 HTTP/1.1 1 1 map[Accept:[*/*] User-Agent:[curl/8.7.1]] {} <nil> 0 [] false localhost:8000 map[] map[] <nil> map[] 172.217.161.36:22347 /api01rv2/patientgetv2?id=000001 <nil> <nil> <nil>  0xc0002120a0 <nil> [] map[]}
2025-11-13T12:32:19Z 2025/11/13 21:22:05 Auth Error:401   
