2025-11-13T08:54:28.826316043Z libcob:cancel_context
2025-11-13T08:54:28.826362335Z libcob:create_context
2025-11-13T08:54:28.826366210Z libcob:update_context
2025-11-13T08:54:28.826367460Z cob_init start
2025-11-13T08:54:28.826368460Z cob_init end
2025-11-13T08:54:28.826369335Z *********************
2025-11-13T08:54:28.826370252Z * patient res start *
2025-11-13T08:54:28.826371168Z *********************
2025-11-13T08:54:28.842819835Z MDCRES-OBJECT not low_value
2025-11-13T08:54:28.880900127Z libcob:destroy_context
2025-11-13T08:54:28.880920835Z MDCRES-OBJECT not low_value
2025-11-13T08:54:28.881320377Z *******************
2025-11-13T08:54:28.881337585Z * patient res end *
2025-11-13T08:54:28.881339627Z *******************
2025-11-13T08:54:28.881772127Z 2025/11/13 17:54:28 API-:orca  ormaster patientmodv2 ORAPI012S1V2 false api:56ms tot:62ms 
2025-11-13T08:54:28.885181293Z DestroySessionWithWS: ormaster
2025-11-13T08:54:28.885189252Z 2025/11/13 17:54:28 DestroyContext: false
2025-11-13T08:55:53.968038055Z libcob:cancel_context
2025-11-13T08:55:53.968141347Z libcob:create_context
2025-11-13T08:55:53.968145639Z libcob:update_context
2025-11-13T08:55:53.968146847Z cob_init start
2025-11-13T08:55:53.968147847Z cob_init end
2025-11-13T08:55:53.968179305Z *********************
2025-11-13T08:55:53.968202264Z * patient res start *
2025-11-13T08:55:53.968204889Z *********************
2025-11-13T08:55:53.990121889Z MDCRES-OBJECT not low_value
2025-11-13T08:55:54.126249041Z MDCRES-OBJECT not low_value
2025-11-13T08:55:54.126596125Z *******************
2025-11-13T08:55:54.126601208Z * patient res end *
2025-11-13T08:55:54.126602500Z *******************
2025-11-13T08:55:54.127870333Z 2025/11/13 17:55:54 API-:orca  ormaster patientmodv2 ORAPI012S1V2 false api:159ms tot:170ms 
2025-11-13T08:55:54.131907125Z DestroySessionWithWS: ormaster
2025-11-13T08:55:54.131913416Z 2025/11/13 17:55:54 DestroyContext: false
2025-11-13T08:57:55.066662875Z libcob:cancel_context
2025-11-13T08:57:55.066739667Z libcob:destroy_context
2025-11-13T08:57:55.066742292Z libcob:update_context
2025-11-13T08:57:55.066743333Z *********************
2025-11-13T08:57:55.066744333Z * patient res start *
2025-11-13T08:57:55.066745167Z *********************
2025-11-13T08:57:55.077327750Z MDCRES-OBJECT not low_value
2025-11-13T08:57:55.109823208Z MDCRES-OBJECT not low_value
2025-11-13T08:57:55.110101792Z *******************
2025-11-13T08:57:55.110104958Z * patient res end *
2025-11-13T08:57:55.110105958Z *******************
2025-11-13T08:57:55.110486708Z 2025/11/13 17:57:55 API-:orca  ormaster patientmodv2 ORAPI012S1V2 false api:45ms tot:47ms 
2025-11-13T08:57:55.111553667Z DestroySessionWithWS: ormaster
2025-11-13T08:57:55.111559625Z 2025/11/13 17:57:55 DestroyContext: false
2025-11-13T08:58:25.560021042Z libcob:cancel_context
2025-11-13T08:58:25.560096959Z libcob:create_context
2025-11-13T08:58:25.560099709Z libcob:update_context
2025-11-13T08:58:25.560100834Z cob_init start
2025-11-13T08:58:25.560101834Z cob_init end
2025-11-13T08:58:25.560102709Z *********************
2025-11-13T08:58:25.560103584Z * patient res start *
2025-11-13T08:58:25.560104459Z *********************
2025-11-13T08:58:25.569291917Z MDCRES-OBJECT not low_value
2025-11-13T08:58:25.610975125Z MDCRES-OBJECT not low_value
2025-11-13T08:58:25.611255584Z *******************
2025-11-13T08:58:25.611262375Z * patient res end *
2025-11-13T08:58:25.611263834Z *******************
2025-11-13T08:58:25.611631084Z 2025/11/13 17:58:25 API-:orca  ormaster patientmodv2 ORAPI012S1V2 false api:53ms tot:56ms 
2025-11-13T08:58:25.615375917Z DestroySessionWithWS: ormaster
2025-11-13T08:58:25.615380917Z 2025/11/13 17:58:25 DestroyContext: false
2025-11-13T08:59:31.894171587Z libcob:cancel_context
2025-11-13T08:59:31.894233837Z libcob:destroy_context
2025-11-13T08:59:31.894238003Z libcob:create_context
2025-11-13T08:59:31.894239087Z libcob:update_context
2025-11-13T08:59:31.894240045Z cob_init start
2025-11-13T08:59:31.894241128Z cob_init end
2025-11-13T08:59:31.894242128Z *********************
2025-11-13T08:59:31.894243045Z * patient res start *
2025-11-13T08:59:31.894243920Z *********************
2025-11-13T08:59:31.901261837Z MDCRES-OBJECT not low_value
2025-11-13T08:59:31.933971878Z MDCRES-OBJECT not low_value
2025-11-13T08:59:31.933994128Z *******************
2025-11-13T08:59:31.933997045Z * patient res end *
2025-11-13T08:59:31.933998337Z *******************
2025-11-13T08:59:31.934412712Z 2025/11/13 17:59:31 API-:orca  ormaster patientmodv2 ORAPI012S1V2 false api:42ms tot:46ms 
2025-11-13T08:59:31.934420003Z DestroySessionWithWS: ormaster
2025-11-13T08:59:31.934421462Z 2025/11/13 17:59:31 DestroyContext: false
2025-11-13T09:04:48.397665636Z libcob:cancel_context
2025-11-13T09:04:48.397713969Z libcob:destroy_context
2025-11-13T09:04:48.398654719Z libcob:destroy_context
2025-11-13T09:04:48.398668303Z libcob:destroy_context
2025-11-13T09:04:48.398670261Z libcob:create_context
2025-11-13T09:04:48.398671511Z libcob:update_context
2025-11-13T09:04:48.398672303Z cob_init start
2025-11-13T09:04:48.398673136Z cob_init end
2025-11-13T09:04:48.398673844Z *********************
2025-11-13T09:04:48.398674594Z * patient res start *
2025-11-13T09:04:48.398678053Z *********************
2025-11-13T09:04:48.412027053Z MDCRES-OBJECT not low_value
2025-11-13T09:04:48.458317261Z MDCRES-OBJECT not low_value
2025-11-13T09:04:48.458604803Z *******************
2025-11-13T09:04:48.458611928Z * patient res end *
2025-11-13T09:04:48.458613053Z *******************
2025-11-13T09:04:48.459110386Z 2025/11/13 18:04:48 API-:orca  ormaster patientmodv2 ORAPI012S1V2 false api:63ms tot:66ms 
2025-11-13T09:04:48.463211219Z DestroySessionWithWS: ormaster
2025-11-13T09:04:48.463216969Z 2025/11/13 18:04:48 DestroyContext: false
2025-11-13T09:05:31.082175628Z libcob:cancel_context
2025-11-13T09:05:31.082565378Z libcob:create_context
2025-11-13T09:05:31.082570044Z libcob:update_context
2025-11-13T09:05:31.082571294Z cob_init start
2025-11-13T09:05:31.082572294Z cob_init end
2025-11-13T09:05:31.082573253Z *********************
2025-11-13T09:05:31.082574336Z * patient res start *
2025-11-13T09:05:31.082575294Z *********************
2025-11-13T09:05:31.100496378Z MDCRES-OBJECT not low_value
2025-11-13T09:05:31.144325961Z MDCRES-OBJECT not low_value
2025-11-13T09:05:31.144634753Z *******************
2025-11-13T09:05:31.144643419Z * patient res end *
2025-11-13T09:05:31.144644919Z *******************
2025-11-13T09:05:31.145965169Z 2025/11/13 18:05:31 API-:orca  ormaster patientmodv2 ORAPI012S1V2 false api:68ms tot:74ms 
2025-11-13T09:05:31.145976128Z DestroySessionWithWS: ormaster
2025-11-13T09:05:31.145977586Z 2025/11/13 18:05:31 DestroyContext: false
2025-11-13T09:06:09.067460715Z libcob:cancel_context
2025-11-13T09:06:09.067504507Z libcob:update_context
2025-11-13T09:06:09.067508673Z *********************
2025-11-13T09:06:09.067509757Z * patient res start *
2025-11-13T09:06:09.067510798Z *********************
2025-11-13T09:06:09.078444048Z MDCRES-OBJECT not low_value
2025-11-13T09:06:09.125011882Z MDCRES-OBJECT not low_value
2025-11-13T09:06:09.125509673Z *******************
2025-11-13T09:06:09.125519382Z * patient res end *
2025-11-13T09:06:09.125520840Z *******************
2025-11-13T09:06:09.126179298Z 2025/11/13 18:06:09 API-:orca  ormaster patientmodv2 ORAPI012S1V2 false api:58ms tot:62ms 
2025-11-13T09:06:09.129711882Z DestroySessionWithWS: ormaster
2025-11-13T09:06:09.129717590Z 2025/11/13 18:06:09 DestroyContext: false
2025-11-13T09:07:23.304808222Z libcob:cancel_context
2025-11-13T09:07:23.304862805Z libcob:update_context
2025-11-13T09:07:23.304865847Z *********************
2025-11-13T09:07:23.304867013Z * patient res start *
2025-11-13T09:07:23.304868097Z *********************
2025-11-13T09:07:23.315497347Z MDCRES-OBJECT not low_value
2025-11-13T09:07:23.351633263Z MDCRES-OBJECT not low_value
2025-11-13T09:07:23.351650430Z *******************
2025-11-13T09:07:23.351651972Z * patient res end *
2025-11-13T09:07:23.351653097Z *******************
2025-11-13T09:07:23.351947013Z 2025/11/13 18:07:23 API-:orca  ormaster patientmodv2 ORAPI012S1V2 false api:48ms tot:50ms 
2025-11-13T09:07:23.351952888Z DestroySessionWithWS: ormaster
2025-11-13T09:07:23.355844097Z 2025/11/13 18:07:23 DestroyContext: false
2025-11-13T09:08:54.230808430Z libcob:cancel_context
2025-11-13T09:08:54.230956014Z libcob:update_context
2025-11-13T09:08:54.230985014Z *********************
2025-11-13T09:08:54.230988430Z * patient res start *
2025-11-13T09:08:54.230990722Z *********************
2025-11-13T09:08:54.244446847Z MDCRES-OBJECT not low_value
2025-11-13T09:08:54.416443083Z MDCRES-OBJECT not low_value
2025-11-13T09:08:54.417306625Z *******************
2025-11-13T09:08:54.417330750Z * patient res end *
2025-11-13T09:08:54.417367583Z *******************
2025-11-13T09:08:54.419053333Z 2025/11/13 18:08:54 API-:orca  ormaster patientmodv2 ORAPI012S1V2 false api:189ms tot:193ms 
2025-11-13T09:08:54.420147625Z DestroySessionWithWS: ormaster
2025-11-13T09:08:54.420156375Z 2025/11/13 18:08:54 DestroyContext: false
2025-11-13T09:10:10.740922966Z libcob:cancel_context
2025-11-13T09:10:10.740984799Z libcob:create_context
2025-11-13T09:10:10.740989716Z libcob:update_context
2025-11-13T09:10:10.740991007Z cob_init start
2025-11-13T09:10:10.740992049Z cob_init end
2025-11-13T09:10:10.740992966Z *********************
2025-11-13T09:10:10.740993924Z * patient res start *
2025-11-13T09:10:10.740995049Z *********************
2025-11-13T09:10:10.750709882Z MDCRES-OBJECT not low_value
2025-11-13T09:10:10.920337924Z MDCRES-OBJECT not low_value
2025-11-13T09:10:10.920562549Z *******************
2025-11-13T09:10:10.920586924Z * patient res end *
2025-11-13T09:10:10.920638716Z *******************
2025-11-13T09:10:10.922261591Z 2025/11/13 18:10:10 API-:orca  ormaster patientmodv2 ORAPI012S1V2 false api:180ms tot:184ms 
2025-11-13T09:10:10.922285216Z DestroySessionWithWS: ormaster
2025-11-13T09:10:10.922294882Z 2025/11/13 18:10:10 DestroyContext: false
2025-11-13T09:12:37.583947756Z &{GET /api01rv2/patientgetv2?id=000001 HTTP/1.1 1 1 map[Accept:[*/*] User-Agent:[curl/8.7.1]] {} <nil> 0 [] false localhost:8000 map[] map[] <nil> map[] 138.68.11.125:26820 /api01rv2/patientgetv2?id=000001 <nil> <nil> <nil>  0xc005536050 <nil> [] map[]}
2025-11-13T09:12:37.584115048Z 2025/11/13 18:12:37 Auth Error:401   
