2025-11-13T11:29:17Z ************************
2025-11-13T11:29:17Z SYS01REQ-OBJECT not low_value
2025-11-13T11:29:17Z PHYSRES-OBJECT not low_value
2025-11-13T11:29:17Z XMLWRITE OK      = +000000000
2025-11-13T11:29:17Z ***********************
2025-11-13T11:29:17Z * system01_manage end *
2025-11-13T11:29:17Z ***********************
2025-11-13T11:29:17Z 2025/11/13 20:07:53 API-:orca  ormaster system01lstv2 ORAPI101R1V2 false api:16ms tot:19ms 
2025-11-13T11:29:17Z DestroySessionWithWS: ormaster
2025-11-13T11:29:17Z 2025/11/13 20:07:53 DestroyContext: false
2025-11-13T11:29:22Z &{GET /api01rv2/patientgetv2?id=000001 HTTP/1.1 1 1 map[Accept:[*/*] User-Agent:[curl/8.7.1]] {} <nil> 0 [] false localhost:8000 map[] map[] <nil> map[] 172.217.161.36:35107 /api01rv2/patientgetv2?id=000001 <nil> <nil> <nil>  0xc005536050 <nil> [] map[]}
2025-11-13T11:29:22Z 2025/11/13 20:29:22 Auth Error:401   
2025-11-13T11:32:01Z &{GET /api01rv2/patientgetv2?id=000001 HTTP/1.1 1 1 map[Accept:[*/*] User-Agent:[curl/8.7.1]] {} <nil> 0 [] false localhost:8000 map[] map[] <nil> map[] 172.217.161.36:17514 /api01rv2/patientgetv2?id=000001 <nil> <nil> <nil>  0xc005536140 <nil> [] map[]}
2025-11-13T11:32:01Z 2025/11/13 20:32:01 Auth Error:401   
2025-11-13T12:20:48Z &{GET /api01rv2/patientgetv2?id=000001 HTTP/1.1 1 1 map[Accept:[*/*] User-Agent:[curl/8.7.1]] {} <nil> 0 [] false localhost:8000 map[] map[] <nil> map[] 172.217.161.36:52735 /api01rv2/patientgetv2?id=000001 <nil> <nil> <nil>  0xc005536050 <nil> [] map[]}
2025-11-13T12:20:48Z 2025/11/13 21:20:48 Auth Error:401   
2025-11-13T12:21:49Z &{GET /api01rv2/patientgetv2?id=000001 HTTP/1.1 1 1 map[Accept:[*/*] User-Agent:[curl/8.7.1]] {} <nil> 0 [] false localhost:8000 map[] map[] <nil> map[] 172.217.161.36:35046 /api01rv2/patientgetv2?id=000001 <nil> <nil> <nil>  0xc001564050 <nil> [] map[]}
2025-11-13T12:21:49Z 2025/11/13 21:21:49 Auth Error:401   
2025-11-13T12:22:05Z &{GET /api01rv2/patientgetv2?id=000001 HTTP/1.1 1 1 map[Accept:[*/*] User-Agent:[curl/8.7.1]] {} <nil> 0 [] false localhost:8000 map[] map[] <nil> map[] 172.217.161.36:22347 /api01rv2/patientgetv2?id=000001 <nil> <nil> <nil>  0xc0002120a0 <nil> [] map[]}
2025-11-13T12:22:05Z 2025/11/13 21:22:05 Auth Error:401   
2025-11-13T12:33:10Z libcob:cancel_context
2025-11-13T12:33:10Z libcob:destroy_context
2025-11-13T12:33:10Z libcob:destroy_context
2025-11-13T12:33:10Z libcob:destroy_context
2025-11-13T12:33:10Z libcob:create_context
2025-11-13T12:33:10Z libcob:update_context
2025-11-13T12:33:10Z cob_init start
2025-11-13T12:33:10Z cob_init end
2025-11-13T12:33:10Z 310-SPASET SPA-MOTOPG:
2025-11-13T12:33:10Z ORCSJOB ST =CHK## 2025/11/13 21:33:10.58 
2025-11-13T12:33:10Z ORCSJOB ED =+001##
2025-11-13T12:33:10Z ORCSJOB ST =CHK## 2025/11/13 21:33:10.59 
2025-11-13T12:33:10Z ORCSJOB ED =+001##
2025-11-13T12:33:10Z cob_file_open: /opt/jma/weborca/app/doc/version
2025-11-13T12:33:10Z cob_file_open: /opt/jma/weborca/app/doc/dbversion
2025-11-13T12:33:10Z DBVERSION-CHK P1
2025-11-13T12:33:10Z ORCSJOB ST =CHK## 2025/11/13 21:33:10.66 
2025-11-13T12:33:10Z ORCSJOB ED =+001##
2025-11-13T12:33:10Z 2025/11/13 21:33:10 Websocket subscribe: orca RsqGwb8597R3ShKmeZaQHm
2025-11-13T12:33:29Z 2025/11/13 21:33:29 RPC-:orca  ormaster M00 send_event CLICKED B06 tot:28ms app:15ms  sts:200
2025-11-13T12:33:31Z 2025/11/13 21:33:31 RPC-:orca  ormaster M95 send_event SWITCH nt1 tot:32ms app:29ms  sts:200
2025-11-13T12:33:33Z 2025/11/13 21:33:33 RPC-:orca  ormaster M95 send_event SELECT SYSLIST tot:32ms app:30ms  sts:200
2025-11-13T12:33:35Z 2025/11/13 21:33:35 RPC-:orca  ormaster M95 send_event SWITCH nt1 tot:11ms app:9ms  sts:200
2025-11-13T12:33:35Z 2025/11/13 21:33:35 RPC-:orca  ormaster M95 send_event SWITCH nt1 tot:12ms app:11ms  sts:200
2025-11-13T12:33:39Z 2025/11/13 21:33:39 RPC-:orca  ormaster M95 send_event CLICKED B10 tot:3ms app:1ms  sts:200
2025-11-13T12:33:40Z 2025/11/13 21:33:40 RPC-:orca  ormaster M95 send_event CLICKED B12 tot:21ms app:16ms  sts:200
2025-11-13T12:33:42Z 2025/11/13 21:33:42 RPC-:orca  ormaster M95 send_event SELECT SYSLIST tot:37ms app:34ms  sts:200
2025-11-13T12:33:42Z 2025/11/13 21:33:42 RPC-:orca  ormaster M95 send_event SELECT SYSLIST tot:1ms app:0ms  sts:200
2025-11-13T12:33:42Z 2025/11/13 21:33:42 RPC-:orca  ormaster M95 send_event SELECT SYSLIST tot:1ms app:0ms  sts:200
2025-11-13T12:33:45Z 2025/11/13 21:33:45 RPC-:orca  ormaster M95 send_event ACTIVATE RENNUM tot:2ms app:0ms  sts:200
2025-11-13T12:33:47Z 2025/11/13 21:33:47 RPC-:orca  ormaster M95 send_event ACTIVATE DRCD tot:3ms app:1ms  sts:200
2025-11-13T12:33:48Z 2025/11/13 21:33:48 RPC-:orca  ormaster M95 send_event CLICKED B10 tot:9ms app:8ms  sts:200
2025-11-13T12:33:52Z 2025/11/13 21:33:52 RPC-:orca  ormaster M95 send_event CLICKED B12 tot:46ms app:40ms  sts:200
2025-11-13T12:33:54Z 2025/11/13 21:33:54 RPC-:orca  ormaster M95 send_event SELECT SYSLIST tot:17ms app:14ms  sts:200
2025-11-13T12:33:57Z 2025/11/13 21:33:57 RPC-:orca  ormaster M95 send_event ACTIVATE RENNUM tot:5ms app:1ms  sts:200
2025-11-13T12:33:59Z 2025/11/13 21:33:59 RPC-:orca  ormaster M95 send_event CLICKED B10 tot:6ms app:3ms  sts:200
2025-11-13T12:34:03Z 2025/11/13 21:34:03 RPC-:orca  ormaster M95 send_event SWITCH nt1 tot:4ms app:2ms  sts:200
2025-11-13T12:34:04Z 2025/11/13 21:34:04 RPC-:orca  ormaster MID1 send_event CLICKED B12 tot:11ms app:9ms  sts:200
2025-11-13T12:34:05Z 2025/11/13 21:34:05 RPC-:orca  ormaster M95 send_event SWITCH nt1 tot:10ms app:8ms  sts:200
2025-11-13T12:34:07Z 2025/11/13 21:34:07 RPC-:orca  ormaster M95 send_event SELECT SYSLIST tot:17ms app:16ms  sts:200
2025-11-13T12:34:10Z 310-SPASET SPA-MOTOPG:M95     .
2025-11-13T12:34:10Z ORCSJOB ST =CHK## 2025/11/13 21:34:10.41 
2025-11-13T12:34:10Z ORCSJOB ED =+001##
2025-11-13T12:34:10Z ORCSJOB ST =CHK## 2025/11/13 21:34:10.42 
2025-11-13T12:34:10Z ORCSJOB ED =+001##
2025-11-13T12:34:10Z cob_file_open: /opt/jma/weborca/app/doc/version
2025-11-13T12:34:10Z cob_file_open: /opt/jma/weborca/app/doc/dbversion
2025-11-13T12:34:10Z DBVERSION-CHK P1
2025-11-13T12:34:10Z ORCSJOB ST =CHK## 2025/11/13 21:34:10.42 
2025-11-13T12:34:10Z ORCSJOB ED =+001##
2025-11-13T12:34:10Z 2025/11/13 21:34:10 RPC-:orca  ormaster M95 send_event CLICKED B01 tot:52ms app:51ms  sts:200
2025-11-13T12:36:56Z 2025/11/13 21:36:56 RPC-:orca  ormaster M00 send_event CLICKED B06 tot:15ms app:13ms  sts:200
2025-11-13T12:36:57Z 2025/11/13 21:36:57 RPC-:orca  ormaster M95 send_event SWITCH nt1 tot:13ms app:12ms  sts:200
2025-11-13T12:37:03Z 310-SPASET SPA-MOTOPG:M95     .
2025-11-13T12:37:03Z ORCSJOB ST =CHK## 2025/11/13 21:37:03.48 
2025-11-13T12:37:03Z ORCSJOB ED =+001##
2025-11-13T12:37:03Z ORCSJOB ST =CHK## 2025/11/13 21:37:03.49 
2025-11-13T12:37:03Z ORCSJOB ED =+001##
2025-11-13T12:37:03Z cob_file_open: /opt/jma/weborca/app/doc/version
2025-11-13T12:37:03Z cob_file_open: /opt/jma/weborca/app/doc/dbversion
2025-11-13T12:37:03Z DBVERSION-CHK P1
2025-11-13T12:37:03Z ORCSJOB ST =CHK## 2025/11/13 21:37:03.55 
2025-11-13T12:37:03Z ORCSJOB ED =+001##
2025-11-13T12:37:03Z 2025/11/13 21:37:03 RPC-:orca  ormaster M95 send_event CLICKED B01 tot:117ms app:105ms  sts:200
2025-11-13T12:39:32Z libcob:create_context
2025-11-13T12:39:32Z libcob:update_context
2025-11-13T12:39:32Z cob_init start
2025-11-13T12:39:32Z cob_init end
2025-11-13T12:39:32Z ************************
2025-11-13T12:39:32Z * system01_manage start*
2025-11-13T12:39:32Z ************************
2025-11-13T12:39:32Z SYS01REQ-OBJECT not low_value
2025-11-13T12:39:32Z PHYSRES-OBJECT not low_value
2025-11-13T12:39:32Z XMLWRITE OK      = +000000000
2025-11-13T12:39:32Z ***********************
2025-11-13T12:39:32Z * system01_manage end *
2025-11-13T12:39:32Z ***********************
2025-11-13T12:39:32Z 2025/11/13 21:39:32 API-:orca  ormaster system01lstv2 ORAPI101R1V2 false api:25ms tot:30ms 
2025-11-13T12:39:32Z DestroySessionWithWS: ormaster
2025-11-13T12:39:32Z 2025/11/13 21:39:32 DestroyContext: false
2025-11-13T12:39:44Z libcob:cancel_context
2025-11-13T12:39:44Z libcob:create_context
2025-11-13T12:39:44Z libcob:update_context
2025-11-13T12:39:44Z cob_init start
2025-11-13T12:39:44Z cob_init end
2025-11-13T12:39:44Z ************************
2025-11-13T12:39:44Z * system01_manage start*
2025-11-13T12:39:44Z ************************
2025-11-13T12:39:44Z SYS01REQ-OBJECT not low_value
2025-11-13T12:39:44Z PHYSRES-OBJECT not low_value
2025-11-13T12:39:44Z XMLWRITE OK      = +000000000
2025-11-13T12:39:44Z ***********************
2025-11-13T12:39:44Z * system01_manage end *
2025-11-13T12:39:44Z ***********************
2025-11-13T12:39:44Z 2025/11/13 21:39:44 API-:orca  ormaster system01lstv2 ORAPI101R1V2 false api:28ms tot:32ms 
2025-11-13T12:39:44Z DestroySessionWithWS: ormaster
2025-11-13T12:39:44Z 2025/11/13 21:39:44 DestroyContext: false
2025-11-13T12:39:49Z libcob:cancel_context
2025-11-13T12:39:49Z libcob:create_context
2025-11-13T12:39:49Z libcob:update_context
2025-11-13T12:39:49Z cob_init start
2025-11-13T12:39:49Z cob_init end
2025-11-13T12:39:49Z ************************
2025-11-13T12:39:49Z * system01_manage start*
2025-11-13T12:39:49Z ************************
2025-11-13T12:39:49Z SYS01REQ-OBJECT not low_value
2025-11-13T12:39:49Z PHYSRES-OBJECT not low_value
2025-11-13T12:39:50Z XMLWRITE OK      = +000000000
2025-11-13T12:39:50Z ***********************
2025-11-13T12:39:50Z * system01_manage end *
2025-11-13T12:39:50Z ***********************
2025-11-13T12:39:50Z 2025/11/13 21:39:49 API-:orca  ormaster system01lstv2 ORAPI101R1V2 false api:19ms tot:22ms 
2025-11-13T12:39:50Z DestroySessionWithWS: ormaster
2025-11-13T12:39:50Z 2025/11/13 21:39:49 DestroyContext: false
2025-11-13T12:40:50Z libcob:cancel_context
2025-11-13T12:40:50Z libcob:update_context
2025-11-13T12:40:50Z ***************
2025-11-13T12:40:50Z * accept start*
2025-11-13T12:40:50Z ***************
2025-11-13T12:40:50Z MDCRES-OBJECT not low_value
2025-11-13T12:40:50Z ***************
2025-11-13T12:40:50Z * accept end  *
2025-11-13T12:40:50Z ***************
2025-11-13T12:40:50Z 2025/11/13 21:40:50 API-:orca  ormaster medicalmodv2 ORAPI021S1V2 false api:36ms tot:39ms 
2025-11-13T12:40:50Z DestroySessionWithWS: ormaster
2025-11-13T12:40:50Z 2025/11/13 21:40:50 DestroyContext: false
2025-11-13T12:42:31Z &{GET /api01rv2/patientgetv2?id=000001 HTTP/1.1 1 1 map[Accept:[application/json] User-Agent:[handbook-worker/1.0]] {} <nil> 0 [] false localhost:8000 map[] map[] <nil> map[] 172.217.161.36:26902 /api01rv2/patientgetv2?id=000001 <nil> <nil> <nil>  0xc0001e2140 <nil> [] map[]}
2025-11-13T12:42:31Z 2025/11/13 21:42:31 Auth Error:401   
2025-11-13T12:42:53Z &{GET /api01rv2/patientgetv2?id=000001 HTTP/1.1 1 1 map[Accept:[application/json] Authorization:[Basic b3JtYXN0ZXI6b3JtYXN0ZXI=] User-Agent:[handbook-worker/1.0]] {} <nil> 0 [] false localhost:8000 map[] map[] <nil> map[] 172.217.161.36:48595 /api01rv2/patientgetv2?id=000001 <nil> <nil> <nil>  0xc005536050 <nil> [] map[]}
2025-11-13T12:42:53Z 2025/11/13 21:42:53 Auth Error:401   
2025-11-13T12:43:06Z &{GET /api11/unknown HTTP/1.1 1 1 map[Accept:[application/json] User-Agent:[handbook-worker/1.0]] {} <nil> 0 [] false localhost:8000 map[] map[] <nil> map[] 172.217.161.36:17515 /api11/unknown <nil> <nil> <nil>  0xc0019862d0 <nil> [] map[]}
2025-11-13T12:43:06Z 2025/11/13 21:43:06 System Error:404    code=404, message=Not Found
2025-11-13T12:43:06Z web.ErrorHandler
2025-11-13T12:43:06Z 	/home/orcauser/develop/weborca-main/20251024-1/internal/web/error.go:73
2025-11-13T12:43:06Z github.com/labstack/echo/v4.(*Echo).ServeHTTP
2025-11-13T12:43:06Z 	/home/orcauser/go/pkg/mod/github.com/labstack/echo/v4@v4.13.4/echo.go:669
2025-11-13T12:43:06Z net/http.serverHandler.ServeHTTP
2025-11-13T12:43:06Z 	/usr/lib/go-1.23/src/net/http/server.go:3210
2025-11-13T12:43:06Z net/http.(*conn).serve
2025-11-13T12:43:06Z 	/usr/lib/go-1.23/src/net/http/server.go:2092
2025-11-13T12:43:06Z runtime.goexit
2025-11-13T12:43:06Z 	/usr/lib/go-1.23/src/runtime/asm_amd64.s:1700
2025-11-13T12:56:27Z &{POST /orca101/manageusersv2 HTTP/1.1 1 1 map[Accept:[*/*] Authorization:[Basic b3JtYXN0ZXI6Y2hhbmdlX21l] Content-Length:[630] Content-Type:[application/xml; charset=UTF-8] User-Agent:[curl/7.81.0]] 0xc006482080 <nil> 630 [] false localhost:8000 map[] map[] <nil> map[] 127.0.0.1:60934 /orca101/manageusersv2 <nil> <nil> <nil>  0xc005536050 <nil> [] map[]}
2025-11-13T12:56:27Z 2025/11/13 21:56:26 System Error:405    code=405, message=Method Not Allowed
2025-11-13T12:56:27Z web.ErrorHandler
2025-11-13T12:56:27Z 	/home/orcauser/develop/weborca-main/20251024-1/internal/web/error.go:73
2025-11-13T12:56:27Z github.com/labstack/echo/v4.(*Echo).ServeHTTP
2025-11-13T12:56:27Z 	/home/orcauser/go/pkg/mod/github.com/labstack/echo/v4@v4.13.4/echo.go:669
2025-11-13T12:56:27Z net/http.serverHandler.ServeHTTP
2025-11-13T12:56:27Z 	/usr/lib/go-1.23/src/net/http/server.go:3210
2025-11-13T12:56:27Z net/http.(*conn).serve
2025-11-13T12:56:27Z 	/usr/lib/go-1.23/src/net/http/server.go:2092
2025-11-13T12:56:27Z runtime.goexit
2025-11-13T12:56:27Z 	/usr/lib/go-1.23/src/runtime/asm_amd64.s:1700
2025-11-13T12:56:31Z &{POST /orca101/manageusersv2 HTTP/1.1 1 1 map[Accept:[*/*] Authorization:[Basic b3JtYXN0ZXI6Y2hhbmdlX21l] Content-Length:[630] Content-Type:[application/xml; charset=UTF-8] User-Agent:[curl/7.81.0]] 0xc0017f20c0 <nil> 630 [] false localhost:8000 map[] map[] <nil> map[] 127.0.0.1:43486 /orca101/manageusersv2 <nil> <nil> <nil>  0xc0001e2190 <nil> [] map[]}
2025-11-13T12:56:31Z 2025/11/13 21:56:31 System Error:405    code=405, message=Method Not Allowed
2025-11-13T12:56:31Z web.ErrorHandler
2025-11-13T12:56:31Z 	/home/orcauser/develop/weborca-main/20251024-1/internal/web/error.go:73
2025-11-13T12:56:31Z github.com/labstack/echo/v4.(*Echo).ServeHTTP
2025-11-13T12:56:31Z 	/home/orcauser/go/pkg/mod/github.com/labstack/echo/v4@v4.13.4/echo.go:669
2025-11-13T12:56:31Z net/http.serverHandler.ServeHTTP
2025-11-13T12:56:31Z 	/usr/lib/go-1.23/src/net/http/server.go:3210
2025-11-13T12:56:31Z net/http.(*conn).serve
2025-11-13T12:56:31Z 	/usr/lib/go-1.23/src/net/http/server.go:2092
2025-11-13T12:56:31Z runtime.goexit
2025-11-13T12:56:31Z 	/usr/lib/go-1.23/src/runtime/asm_amd64.s:1700
2025-11-13T12:57:50Z &{POST /orca101/manageusersv2 HTTP/1.1 1 1 map[Accept:[*/*] Authorization:[Basic b3JtYXN0ZXI6Y2hhbmdlX21l] Content-Length:[655] Content-Type:[application/xml; charset=UTF-8] User-Agent:[curl/7.81.0]] 0xc0064821c0 <nil> 655 [] false localhost:8000 map[] map[] <nil> map[] 127.0.0.1:43410 /orca101/manageusersv2 <nil> <nil> <nil>  0xc005536140 <nil> [] map[]}
2025-11-13T12:57:50Z 2025/11/13 21:57:50 System Error:405    code=405, message=Method Not Allowed
2025-11-13T12:57:50Z web.ErrorHandler
2025-11-13T12:57:50Z 	/home/orcauser/develop/weborca-main/20251024-1/internal/web/error.go:73
2025-11-13T12:57:50Z github.com/labstack/echo/v4.(*Echo).ServeHTTP
2025-11-13T12:57:50Z 	/home/orcauser/go/pkg/mod/github.com/labstack/echo/v4@v4.13.4/echo.go:669
2025-11-13T12:57:50Z net/http.serverHandler.ServeHTTP
2025-11-13T12:57:50Z 	/usr/lib/go-1.23/src/net/http/server.go:3210
2025-11-13T12:57:50Z net/http.(*conn).serve
2025-11-13T12:57:50Z 	/usr/lib/go-1.23/src/net/http/server.go:2092
2025-11-13T12:57:50Z runtime.goexit
2025-11-13T12:57:50Z 	/usr/lib/go-1.23/src/runtime/asm_amd64.s:1700
2025-11-13T12:58:48Z &{POST /orca101/manageusersv2 HTTP/1.1 1 1 map[Accept:[*/*] Authorization:[Basic b3JtYXN0ZXI6Y2hhbmdlX21l] Content-Length:[318] Content-Type:[application/xml; charset=UTF-8] User-Agent:[curl/7.81.0]] 0xc006482080 <nil> 318 [] false localhost:8000 map[] map[] <nil> map[] 127.0.0.1:57844 /orca101/manageusersv2 <nil> <nil> <nil>  0xc005536050 <nil> [] map[]}
2025-11-13T12:58:48Z 2025/11/13 21:58:48 System Error:405    code=405, message=Method Not Allowed
2025-11-13T12:58:48Z web.ErrorHandler
2025-11-13T12:58:48Z 	/home/orcauser/develop/weborca-main/20251024-1/internal/web/error.go:73
2025-11-13T12:58:48Z github.com/labstack/echo/v4.(*Echo).ServeHTTP
2025-11-13T12:58:48Z 	/home/orcauser/go/pkg/mod/github.com/labstack/echo/v4@v4.13.4/echo.go:669
2025-11-13T12:58:48Z net/http.serverHandler.ServeHTTP
2025-11-13T12:58:48Z 	/usr/lib/go-1.23/src/net/http/server.go:3210
2025-11-13T12:58:48Z net/http.(*conn).serve
2025-11-13T12:58:48Z 	/usr/lib/go-1.23/src/net/http/server.go:2092
2025-11-13T12:58:48Z runtime.goexit
2025-11-13T12:58:48Z 	/usr/lib/go-1.23/src/runtime/asm_amd64.s:1700
2025-11-13T13:03:07Z libcob:cancel_context
2025-11-13T13:03:07Z libcob:destroy_context
2025-11-13T13:03:07Z libcob:destroy_context
2025-11-13T13:03:07Z libcob:destroy_context
2025-11-13T13:03:07Z libcob:create_context
2025-11-13T13:03:07Z libcob:update_context
2025-11-13T13:03:07Z cob_init start
2025-11-13T13:03:07Z cob_init end
2025-11-13T13:03:07Z ***************
2025-11-13T13:03:07Z * accept start*
2025-11-13T13:03:07Z ***************
2025-11-13T13:03:07Z MDCRES-OBJECT not low_value
2025-11-13T13:03:07Z ***************
2025-11-13T13:03:07Z * accept end  *
2025-11-13T13:03:07Z ***************
2025-11-13T13:03:07Z 2025/11/13 22:03:07 API-:orca  ormaster medicalmodv2 ORAPI021S1V2 false api:59ms tot:70ms 
2025-11-13T13:03:07Z DestroySessionWithWS: ormaster
2025-11-13T13:03:07Z 2025/11/13 22:03:07 DestroyContext: false
2025-11-13T13:05:36Z 2025/11/13 22:05:36 Websocket ReadError: orca websocket: close 1001 (going away)
2025-11-13T13:05:36Z 2025/11/13 22:05:36 Websocket Closed: orca RsqGwb8597R3ShKmeZaQHm
2025-11-13T13:05:53Z libcob:cancel_context
2025-11-13T13:05:53Z libcob:create_context
2025-11-13T13:05:53Z libcob:update_context
2025-11-13T13:05:53Z cob_init start
2025-11-13T13:05:53Z cob_init end
2025-11-13T13:05:53Z 310-SPASET SPA-MOTOPG:
2025-11-13T13:05:53Z ORCSJOB ST =CHK## 2025/11/13 22:05:53.13 
2025-11-13T13:05:53Z ORCSJOB ED =+001##
2025-11-13T13:05:53Z ORCSJOB ST =CHK## 2025/11/13 22:05:53.13 
2025-11-13T13:05:53Z ORCSJOB ED =+001##
2025-11-13T13:05:53Z cob_file_open: /opt/jma/weborca/app/doc/version
2025-11-13T13:05:53Z cob_file_open: /opt/jma/weborca/app/doc/dbversion
2025-11-13T13:05:53Z DBVERSION-CHK P1
2025-11-13T13:05:53Z ORCSJOB ST =CHK## 2025/11/13 22:05:53.15 
2025-11-13T13:05:53Z ORCSJOB ED =+001##
2025-11-13T13:05:53Z 2025/11/13 22:05:53 Websocket subscribe: orca JA5XcYAJpHzWXBmtt9LrCW
2025-11-13T13:05:55Z 2025/11/13 22:05:55 RPC-:orca  ormaster M00 send_event CLICKED B06 tot:22ms app:19ms  sts:200
2025-11-13T13:05:56Z 2025/11/13 22:05:56 RPC-:orca  ormaster M95 send_event SWITCH nt1 tot:20ms app:19ms  sts:200
2025-11-13T13:05:57Z 2025/11/13 22:05:57 RPC-:orca  ormaster M95 send_event SELECT SYSLIST tot:15ms app:14ms  sts:200
2025-11-13T13:05:59Z 2025/11/13 22:05:59 RPC-:orca  ormaster M95 send_event SWITCH nt1 tot:2ms app:0ms  sts:200
2025-11-13T13:06:01Z 310-SPASET SPA-MOTOPG:M95     .
2025-11-13T13:06:01Z ORCSJOB ST =CHK## 2025/11/13 22:06:01.18 
2025-11-13T13:06:01Z ORCSJOB ED =+001##
2025-11-13T13:06:01Z ORCSJOB ST =CHK## 2025/11/13 22:06:01.18 
2025-11-13T13:06:01Z ORCSJOB ED =+001##
2025-11-13T13:06:01Z cob_file_open: /opt/jma/weborca/app/doc/version
2025-11-13T13:06:01Z cob_file_open: /opt/jma/weborca/app/doc/dbversion
2025-11-13T13:06:01Z DBVERSION-CHK P1
2025-11-13T13:06:01Z ORCSJOB ST =CHK## 2025/11/13 22:06:01.19 
2025-11-13T13:06:01Z ORCSJOB ED =+001##
2025-11-13T13:06:01Z 2025/11/13 22:06:01 RPC-:orca  ormaster M95 send_event CLICKED B01 tot:53ms app:50ms  sts:200
2025-11-13T13:06:02Z 2025/11/13 22:06:02 RPC-:orca  ormaster M00 send_event CLICKED B08 tot:26ms app:22ms  sts:200
2025-11-13T13:06:05Z ORCSJOB ST =CHK## 2025/11/13 22:06:05.04 
2025-11-13T13:06:05Z ORCSJOB ED =+001##
2025-11-13T13:06:05Z 310-SPASET SPA-MOTOPG:XG04    .
2025-11-13T13:06:05Z ORCSJOB ST =CHK## 2025/11/13 22:06:05.08 
2025-11-13T13:06:05Z ORCSJOB ED =+001##
2025-11-13T13:06:05Z ORCSJOB ST =CHK## 2025/11/13 22:06:05.09 
2025-11-13T13:06:05Z ORCSJOB ED =+001##
2025-11-13T13:06:05Z cob_file_open: /opt/jma/weborca/app/doc/version
2025-11-13T13:06:05Z cob_file_open: /opt/jma/weborca/app/doc/dbversion
2025-11-13T13:06:05Z DBVERSION-CHK P1
2025-11-13T13:06:05Z 2025/11/13 22:06:05 RPC-:orca  ormaster XG04 send_event CLICKED B01 tot:69ms app:66ms  sts:200
2025-11-13T13:06:06Z 2025/11/13 22:06:06 RPC-:orca  ormaster M00 send_event CLICKED B12 tot:1ms app:0ms  sts:200
2025-11-13T13:06:08Z 310-SPASET SPA-MOTOPG:MVER    .
2025-11-13T13:06:08Z ORCSJOB ST =CHK## 2025/11/13 22:06:08.31 
2025-11-13T13:06:08Z ORCSJOB ED =+001##
2025-11-13T13:06:08Z ORCSJOB ST =CHK## 2025/11/13 22:06:08.31 
2025-11-13T13:06:08Z ORCSJOB ED =+001##
2025-11-13T13:06:08Z cob_file_open: /opt/jma/weborca/app/doc/version
2025-11-13T13:06:08Z cob_file_open: /opt/jma/weborca/app/doc/dbversion
2025-11-13T13:06:08Z DBVERSION-CHK P1
2025-11-13T13:06:08Z 2025/11/13 22:06:08 RPC-:orca  ormaster MVER send_event CLICKED B12 tot:41ms app:40ms  sts:200
2025-11-13T13:06:11Z 2025/11/13 22:06:11 RPC-:orca  ormaster M00 send_event CLICKED B06 tot:13ms app:12ms  sts:200
2025-11-13T13:06:13Z 2025/11/13 22:06:13 RPC-:orca  ormaster M95 send_event SWITCH nt1 tot:16ms app:15ms  sts:200
2025-11-13T13:06:13Z 2025/11/13 22:06:13 RPC-:orca  ormaster M95 send_event SWITCH nt1 tot:2ms app:0ms  sts:200
2025-11-13T13:06:16Z 310-SPASET SPA-MOTOPG:M95     .
2025-11-13T13:06:16Z ORCSJOB ST =CHK## 2025/11/13 22:06:16.04 
2025-11-13T13:06:16Z ORCSJOB ED =+001##
2025-11-13T13:06:16Z ORCSJOB ST =CHK## 2025/11/13 22:06:16.04 
2025-11-13T13:06:16Z ORCSJOB ED =+001##
2025-11-13T13:06:16Z cob_file_open: /opt/jma/weborca/app/doc/version
2025-11-13T13:06:16Z cob_file_open: /opt/jma/weborca/app/doc/dbversion
2025-11-13T13:06:16Z DBVERSION-CHK P1
2025-11-13T13:06:16Z ORCSJOB ST =CHK## 2025/11/13 22:06:16.07 
2025-11-13T13:06:16Z ORCSJOB ED =+001##
2025-11-13T13:06:16Z 2025/11/13 22:06:16 RPC-:orca  ormaster M95 send_event CLICKED B01 tot:65ms app:63ms  sts:200
2025-11-13T13:06:17Z 2025/11/13 22:06:17 RPC-:orca  ormaster M00 send_event CLICKED B06 tot:19ms app:18ms  sts:200
2025-11-13T13:06:19Z 310-SPASET SPA-MOTOPG:M95     .
2025-11-13T13:06:19Z ORCSJOB ST =CHK## 2025/11/13 22:06:19.61 
2025-11-13T13:06:19Z ORCSJOB ED =+001##
2025-11-13T13:06:19Z ORCSJOB ST =CHK## 2025/11/13 22:06:19.62 
2025-11-13T13:06:19Z ORCSJOB ED =+001##
2025-11-13T13:06:19Z cob_file_open: /opt/jma/weborca/app/doc/version
2025-11-13T13:06:19Z cob_file_open: /opt/jma/weborca/app/doc/dbversion
2025-11-13T13:06:19Z DBVERSION-CHK P1
2025-11-13T13:06:19Z ORCSJOB ST =CHK## 2025/11/13 22:06:19.63 
2025-11-13T13:06:19Z ORCSJOB ED =+001##
2025-11-13T13:06:19Z 2025/11/13 22:06:19 RPC-:orca  ormaster M95 send_event CLICKED B01 tot:42ms app:40ms  sts:200
2025-11-13T13:06:24Z 2025/11/13 22:06:24 end_session-:orca JA5XcYAJpHzWXBmtt9LrCW
2025-11-13T13:06:24Z ==== ORCGSESEND
2025-11-13T13:06:24Z M00                                                             
2025-11-13T13:06:24Z SELNUM                                                          
2025-11-13T13:06:24Z                                                                 
2025-11-13T13:06:24Z JA5XcYAJpHzWXBmtt9LrCW                                          
2025-11-13T13:06:24Z ormaster        
2025-11-13T13:06:24Z FETCH=+000000001
2025-11-13T13:06:24Z DestroySessionWithWS: ormaster
2025-11-13T13:06:24Z 2025/11/13 22:06:24 DestroyContext: false
2025-11-13T13:06:24Z 2025/11/13 22:06:24 Websocket ReadError: orca read tcp 172.21.0.4:8000->172.217.161.36:19571: use of closed network connection
2025-11-13T13:06:24Z 2025/11/13 22:06:24 Websocket Closed: orca JA5XcYAJpHzWXBmtt9LrCW
2025-11-13T13:11:20Z &{GET /api01rv2/patientgetv2?id=000001 HTTP/1.1 1 1 map[Accept:[*/*] Authorization:[Basic b3JtYXN0ZXI6b3JtYXN0ZXI=] User-Agent:[curl/8.7.1]] {} <nil> 0 [] false localhost:8000 map[] map[] <nil> map[] 172.217.161.36:44705 /api01rv2/patientgetv2?id=000001 <nil> <nil> <nil>  0xc001564050 <nil> [] map[]}
2025-11-13T13:11:20Z 2025/11/13 22:11:20 Auth Error:401   
2025-11-13T13:15:13Z &{GET /api01rv2/patientgetv2?id=000001 HTTP/1.1 1 1 map[Accept:[*/*] Authorization:[Basic b3JtYXN0ZXI6Y2hhbmdlX21l] User-Agent:[curl/8.7.1]] {} <nil> 0 [] false localhost:8000 map[] map[] <nil> map[] 172.217.161.36:31961 /api01rv2/patientgetv2?id=000001 <nil> <nil> <nil>  0xc001564050 <nil> [] map[]}
2025-11-13T13:15:13Z 2025/11/13 22:15:13 System Error:404    code=404, message=Not Found
2025-11-13T13:15:13Z web.ErrorHandler
2025-11-13T13:15:13Z 	/home/orcauser/develop/weborca-main/20251024-1/internal/web/error.go:73
2025-11-13T13:15:13Z github.com/labstack/echo/v4.(*Echo).ServeHTTP
2025-11-13T13:15:13Z 	/home/orcauser/go/pkg/mod/github.com/labstack/echo/v4@v4.13.4/echo.go:669
2025-11-13T13:15:13Z net/http.serverHandler.ServeHTTP
2025-11-13T13:15:13Z 	/usr/lib/go-1.23/src/net/http/server.go:3210
2025-11-13T13:15:13Z net/http.(*conn).serve
2025-11-13T13:15:13Z 	/usr/lib/go-1.23/src/net/http/server.go:2092
2025-11-13T13:15:13Z runtime.goexit
2025-11-13T13:15:13Z 	/usr/lib/go-1.23/src/runtime/asm_amd64.s:1700
2025-11-13T13:18:23Z &{GET /api01rv2/patientgetv2?id=000001 HTTP/1.1 1 1 map[Accept:[*/*] User-Agent:[curl/8.7.1]] {} <nil> 0 [] false localhost:8000 map[] map[] <nil> map[] 172.217.161.36:25637 /api01rv2/patientgetv2?id=000001 <nil> <nil> <nil>  0xc0002120a0 <nil> [] map[]}
2025-11-13T13:18:23Z 2025/11/13 22:18:23 Auth Error:401   
2025-11-13T13:18:34Z &{GET /api01rv2/patientgetv2?id=000001 HTTP/1.1 1 1 map[Accept:[*/*] Authorization:[Basic b3JtYXN0ZXI6Y2hhbmdlX21l] User-Agent:[curl/8.7.1]] {} <nil> 0 [] false localhost:8000 map[] map[] <nil> map[] 172.217.161.36:37203 /api01rv2/patientgetv2?id=000001 <nil> <nil> <nil>  0xc0002121e0 <nil> [] map[]}
2025-11-13T13:18:34Z 2025/11/13 22:18:34 System Error:404    code=404, message=Not Found
2025-11-13T13:18:34Z web.ErrorHandler
2025-11-13T13:18:34Z 	/home/orcauser/develop/weborca-main/20251024-1/internal/web/error.go:73
2025-11-13T13:18:34Z github.com/labstack/echo/v4.(*Echo).ServeHTTP
2025-11-13T13:18:34Z 	/home/orcauser/go/pkg/mod/github.com/labstack/echo/v4@v4.13.4/echo.go:669
2025-11-13T13:18:34Z net/http.serverHandler.ServeHTTP
2025-11-13T13:18:34Z 	/usr/lib/go-1.23/src/net/http/server.go:3210
2025-11-13T13:18:34Z net/http.(*conn).serve
2025-11-13T13:18:34Z 	/usr/lib/go-1.23/src/net/http/server.go:2092
2025-11-13T13:18:34Z runtime.goexit
2025-11-13T13:18:34Z 	/usr/lib/go-1.23/src/runtime/asm_amd64.s:1700
2025-11-13T13:20:49Z libcob:cancel_context
2025-11-13T13:20:49Z libcob:destroy_context
2025-11-13T13:20:49Z libcob:destroy_context
2025-11-13T13:20:49Z libcob:create_context
2025-11-13T13:20:49Z libcob:update_context
2025-11-13T13:20:49Z cob_init start
2025-11-13T13:20:49Z cob_init end
2025-11-13T13:20:49Z 310-SPASET SPA-MOTOPG:
2025-11-13T13:20:49Z ORCSJOB ST =CHK## 2025/11/13 22:20:49.53 
2025-11-13T13:20:49Z ORCSJOB ED =+001##
2025-11-13T13:20:49Z ORCSJOB ST =CHK## 2025/11/13 22:20:49.54 
2025-11-13T13:20:49Z ORCSJOB ED =+001##
2025-11-13T13:20:49Z cob_file_open: /opt/jma/weborca/app/doc/version
2025-11-13T13:20:49Z cob_file_open: /opt/jma/weborca/app/doc/dbversion
2025-11-13T13:20:49Z DBVERSION-CHK P1
2025-11-13T13:20:49Z ORCSJOB ST =CHK## 2025/11/13 22:20:49.56 
2025-11-13T13:20:49Z ORCSJOB ED =+001##
2025-11-13T13:20:49Z 2025/11/13 22:20:49 Websocket subscribe: orca agWH5jbdmzUQ4jff2UQvq7
2025-11-13T13:20:59Z 2025/11/13 22:20:59 RPC-:orca  ormaster M00 send_event CLICKED B08 tot:36ms app:27ms  sts:200
2025-11-13T13:21:02Z ORCSJOB ST =CHK## 2025/11/13 22:21:02.51 
2025-11-13T13:21:02Z ORCSJOB ED =+001##
2025-11-13T13:21:02Z 310-SPASET SPA-MOTOPG:XG04    .
2025-11-13T13:21:02Z ORCSJOB ST =CHK## 2025/11/13 22:21:02.54 
2025-11-13T13:21:02Z ORCSJOB ED =+001##
2025-11-13T13:21:02Z ORCSJOB ST =CHK## 2025/11/13 22:21:02.54 
2025-11-13T13:21:02Z ORCSJOB ED =+001##
2025-11-13T13:21:02Z cob_file_open: /opt/jma/weborca/app/doc/version
2025-11-13T13:21:02Z cob_file_open: /opt/jma/weborca/app/doc/dbversion
2025-11-13T13:21:02Z DBVERSION-CHK P1
2025-11-13T13:21:02Z 2025/11/13 22:21:02 RPC-:orca  ormaster XG04 send_event CLICKED B01 tot:49ms app:36ms  sts:200
2025-11-13T13:21:12Z 2025/11/13 22:21:12 RPC-:orca  ormaster M00 send_event CLICKED B12 tot:8ms app:1ms  sts:200
2025-11-13T13:21:16Z 310-SPASET SPA-MOTOPG:MVER    .
2025-11-13T13:21:16Z ORCSJOB ST =CHK## 2025/11/13 22:21:16.04 
2025-11-13T13:21:16Z ORCSJOB ED =+001##
2025-11-13T13:21:16Z ORCSJOB ST =CHK## 2025/11/13 22:21:16.04 
2025-11-13T13:21:16Z ORCSJOB ED =+001##
2025-11-13T13:21:16Z cob_file_open: /opt/jma/weborca/app/doc/version
2025-11-13T13:21:16Z cob_file_open: /opt/jma/weborca/app/doc/dbversion
2025-11-13T13:21:16Z DBVERSION-CHK P1
2025-11-13T13:21:16Z 2025/11/13 22:21:16 RPC-:orca  ormaster MVER send_event CLICKED B12 tot:44ms app:39ms  sts:200
2025-11-13T13:21:23Z 2025/11/13 22:21:23 end_session-:orca agWH5jbdmzUQ4jff2UQvq7
2025-11-13T13:21:23Z ==== ORCGSESEND
2025-11-13T13:21:23Z M00                                                             
2025-11-13T13:21:23Z SELNUM                                                          
2025-11-13T13:21:23Z                                                                 
2025-11-13T13:21:23Z agWH5jbdmzUQ4jff2UQvq7                                          
2025-11-13T13:21:23Z ormaster        
2025-11-13T13:21:23Z FETCH=+000000001
2025-11-13T13:21:23Z DestroySessionWithWS: ormaster
2025-11-13T13:21:23Z 2025/11/13 22:21:23 Websocket ReadError: orca read tcp 172.21.0.4:8000->172.217.161.36:34183: use of closed network connection
2025-11-13T13:21:23Z 2025/11/13 22:21:23 Websocket Closed: orca agWH5jbdmzUQ4jff2UQvq7
2025-11-13T13:21:23Z 2025/11/13 22:21:23 DestroyContext: false
2025-11-13T13:21:25Z libcob:cancel_context
2025-11-13T13:21:25Z libcob:create_context
2025-11-13T13:21:25Z libcob:update_context
2025-11-13T13:21:25Z cob_init start
2025-11-13T13:21:25Z cob_init end
2025-11-13T13:21:25Z 310-SPASET SPA-MOTOPG:
2025-11-13T13:21:25Z ORCSJOB ST =CHK## 2025/11/13 22:21:25.05 
2025-11-13T13:21:25Z ORCSJOB ED =+001##
2025-11-13T13:21:25Z ORCSJOB ST =CHK## 2025/11/13 22:21:25.05 
2025-11-13T13:21:25Z ORCSJOB ED =+001##
2025-11-13T13:21:25Z cob_file_open: /opt/jma/weborca/app/doc/version
2025-11-13T13:21:25Z cob_file_open: /opt/jma/weborca/app/doc/dbversion
2025-11-13T13:21:25Z DBVERSION-CHK P1
2025-11-13T13:21:25Z ORCSJOB ST =CHK## 2025/11/13 22:21:25.06 
2025-11-13T13:21:25Z ORCSJOB ED =+001##
2025-11-13T13:21:25Z 2025/11/13 22:21:25 Websocket subscribe: orca cmfN6bUFWx5yCeLeit2FTT
2025-11-13T13:21:26Z 2025/11/13 22:21:26 RPC-:orca  ormaster M00 send_event CLICKED B06 tot:20ms app:12ms  sts:200
2025-11-13T13:21:28Z 2025/11/13 22:21:28 RPC-:orca  ormaster M95 send_event SWITCH nt1 tot:16ms app:13ms  sts:200
2025-11-13T13:21:30Z 2025/11/13 22:21:30 RPC-:orca  ormaster M95 send_event SELECT SYSLIST tot:28ms app:23ms  sts:200
2025-11-13T13:21:30Z 2025/11/13 22:21:30 RPC-:orca  ormaster M95 send_event SELECT SYSLIST tot:27ms app:23ms  sts:200
2025-11-13T13:21:31Z 2025/11/13 22:21:31 RPC-:orca  ormaster M95 send_event SELECT SYSLIST tot:13ms app:11ms  sts:200
2025-11-13T13:21:36Z 2025/11/13 22:21:36 RPC-:orca  ormaster M95 send_event ACTIVATE DRCD tot:4ms app:0ms  sts:200
2025-11-13T13:21:38Z 2025/11/13 22:21:38 RPC-:orca  ormaster M95 send_event CLICKED B10 tot:6ms app:3ms  sts:200
2025-11-13T13:21:39Z 2025/11/13 22:21:39 RPC-:orca  ormaster M95 send_event CLICKED B12 tot:35ms app:23ms  sts:200
2025-11-13T13:21:40Z 2025/11/13 22:21:40 RPC-:orca  ormaster M95 send_event CLICKED B12 tot:17ms app:14ms  sts:200
2025-11-13T13:21:40Z 2025/11/13 22:21:40 RPC-:orca  ormaster M95 send_event CLICKED B12 tot:22ms app:15ms  sts:200
2025-11-13T13:21:41Z 2025/11/13 22:21:41 RPC-:orca  ormaster M95 send_event CLICKED B12 tot:14ms app:13ms  sts:200
2025-11-13T13:21:45Z 2025/11/13 22:21:45 RPC-:orca  ormaster M95 send_event CLICKED B12 tot:13ms app:12ms  sts:200
2025-11-13T13:21:47Z 310-SPASET SPA-MOTOPG:M95     .
2025-11-13T13:21:47Z ORCSJOB ST =CHK## 2025/11/13 22:21:47.94 
2025-11-13T13:21:47Z ORCSJOB ED =+001##
2025-11-13T13:21:47Z ORCSJOB ST =CHK## 2025/11/13 22:21:47.94 
2025-11-13T13:21:47Z ORCSJOB ED =+001##
2025-11-13T13:21:47Z cob_file_open: /opt/jma/weborca/app/doc/version
2025-11-13T13:21:47Z cob_file_open: /opt/jma/weborca/app/doc/dbversion
2025-11-13T13:21:47Z DBVERSION-CHK P1
2025-11-13T13:21:47Z ORCSJOB ST =CHK## 2025/11/13 22:21:47.96 
2025-11-13T13:21:47Z ORCSJOB ED =+001##
2025-11-13T13:21:47Z 2025/11/13 22:21:47 RPC-:orca  ormaster M95 send_event CLICKED B01 tot:40ms app:37ms  sts:200
2025-11-13T13:21:51Z 2025/11/13 22:21:51 RPC-:orca  ormaster M00 send_event CLICKED B05 tot:68ms app:62ms  sts:200
2025-11-13T13:21:53Z 310-SPASET SPA-MOTOPG:MJOB    .
2025-11-13T13:21:53Z ORCSJOB ST =CHK## 2025/11/13 22:21:53.04 
2025-11-13T13:21:53Z ORCSJOB ED =+001##
2025-11-13T13:21:53Z ORCSJOB ST =CHK## 2025/11/13 22:21:53.04 
2025-11-13T13:21:53Z ORCSJOB ED =+001##
2025-11-13T13:21:53Z cob_file_open: /opt/jma/weborca/app/doc/version
2025-11-13T13:21:53Z cob_file_open: /opt/jma/weborca/app/doc/dbversion
2025-11-13T13:21:53Z DBVERSION-CHK P1
2025-11-13T13:21:53Z ORCSJOB ST =CHK## 2025/11/13 22:21:53.05 
2025-11-13T13:21:53Z ORCSJOB ED =+001##
2025-11-13T13:21:53Z 2025/11/13 22:21:53 RPC-:orca  ormaster MJOB send_event CLICKED B01 tot:62ms app:59ms  sts:200
2025-11-13T13:21:54Z 2025/11/13 22:21:54 RPC-:orca  ormaster M00 send_event CLICKED B06 tot:21ms app:20ms  sts:200
2025-11-13T13:21:55Z 2025/11/13 22:21:55 RPC-:orca  ormaster M95 send_event SWITCH nt1 tot:16ms app:15ms  sts:200
2025-11-13T13:21:58Z 310-SPASET SPA-MOTOPG:M95     .
2025-11-13T13:21:58Z ORCSJOB ST =CHK## 2025/11/13 22:21:58.82 
2025-11-13T13:21:58Z ORCSJOB ED =+001##
2025-11-13T13:21:58Z ORCSJOB ST =CHK## 2025/11/13 22:21:58.83 
2025-11-13T13:21:58Z ORCSJOB ED =+001##
2025-11-13T13:21:58Z cob_file_open: /opt/jma/weborca/app/doc/version
2025-11-13T13:21:58Z cob_file_open: /opt/jma/weborca/app/doc/dbversion
2025-11-13T13:21:58Z DBVERSION-CHK P1
2025-11-13T13:21:58Z ORCSJOB ST =CHK## 2025/11/13 22:21:58.83 
2025-11-13T13:21:58Z ORCSJOB ED =+001##
2025-11-13T13:21:58Z 2025/11/13 22:21:58 RPC-:orca  ormaster M95 send_event CLICKED B01 tot:32ms app:30ms  sts:200
2025-11-13T13:22:16Z 2025/11/13 22:22:16 RPC-:orca  ormaster M00 send_event ACTIVATE SELNUM tot:23ms app:20ms  sts:200
2025-11-13T13:22:17Z 2025/11/13 22:22:17 RPC-:orca  ormaster MERR send_event CLICKED B01 tot:8ms app:7ms  sts:200
2025-11-13T13:22:19Z 2025/11/13 22:22:19 RPC-:orca  ormaster M00 send_event CLICKED B06 tot:18ms app:17ms  sts:200
2025-11-13T13:22:21Z 310-SPASET SPA-MOTOPG:M95     .
2025-11-13T13:22:21Z ORCSJOB ST =CHK## 2025/11/13 22:22:21.29 
2025-11-13T13:22:21Z ORCSJOB ED =+001##
2025-11-13T13:22:21Z ORCSJOB ST =CHK## 2025/11/13 22:22:21.29 
2025-11-13T13:22:21Z ORCSJOB ED =+001##
2025-11-13T13:22:21Z cob_file_open: /opt/jma/weborca/app/doc/version
2025-11-13T13:22:21Z cob_file_open: /opt/jma/weborca/app/doc/dbversion
2025-11-13T13:22:21Z DBVERSION-CHK P1
2025-11-13T13:22:21Z ORCSJOB ST =CHK## 2025/11/13 22:22:21.30 
2025-11-13T13:22:21Z ORCSJOB ED =+001##
2025-11-13T13:22:21Z 2025/11/13 22:22:21 RPC-:orca  ormaster M95 send_event CLICKED B01 tot:35ms app:33ms  sts:200
2025-11-13T13:22:21Z 2025/11/13 22:22:21 RPC-:orca  ormaster M00 send_event CLICKED B05 tot:40ms app:36ms  sts:200
2025-11-13T13:22:23Z 2025/11/13 22:22:23 RPC-:orca  ormaster MJOB send_event CLICKED B02 tot:36ms app:34ms  sts:200
2025-11-13T13:22:23Z 310-SPASET SPA-MOTOPG:MJOB    .
2025-11-13T13:22:24Z ORCSJOB ST =CHK## 2025/11/13 22:22:24.01 
2025-11-13T13:22:24Z ORCSJOB ED =+001##
2025-11-13T13:22:24Z ORCSJOB ST =CHK## 2025/11/13 22:22:24.01 
2025-11-13T13:22:24Z ORCSJOB ED =+001##
2025-11-13T13:22:24Z cob_file_open: /opt/jma/weborca/app/doc/version
2025-11-13T13:22:24Z cob_file_open: /opt/jma/weborca/app/doc/dbversion
2025-11-13T13:22:24Z DBVERSION-CHK P1
2025-11-13T13:22:24Z ORCSJOB ST =CHK## 2025/11/13 22:22:24.01 
2025-11-13T13:22:24Z ORCSJOB ED =+001##
2025-11-13T13:22:24Z 2025/11/13 22:22:24 RPC-:orca  ormaster MJOB send_event CLICKED B01 tot:30ms app:28ms  sts:200
2025-11-13T13:22:25Z 2025/11/13 22:22:25 RPC-:orca  ormaster M00 send_event CLICKED B08 tot:20ms app:10ms  sts:200
2025-11-13T13:22:27Z ORCSJOB ST =CHK## 2025/11/13 22:22:27.50 
2025-11-13T13:22:27Z ORCSJOB ED =+001##
2025-11-13T13:22:27Z 310-SPASET SPA-MOTOPG:XG04    .
2025-11-13T13:22:27Z ORCSJOB ST =CHK## 2025/11/13 22:22:27.54 
2025-11-13T13:22:27Z ORCSJOB ED =+001##
2025-11-13T13:22:27Z ORCSJOB ST =CHK## 2025/11/13 22:22:27.54 
2025-11-13T13:22:27Z ORCSJOB ED =+001##
2025-11-13T13:22:27Z cob_file_open: /opt/jma/weborca/app/doc/version
2025-11-13T13:22:27Z cob_file_open: /opt/jma/weborca/app/doc/dbversion
2025-11-13T13:22:27Z DBVERSION-CHK P1
2025-11-13T13:22:27Z 2025/11/13 22:22:27 RPC-:orca  ormaster XG04 send_event CLICKED B01 tot:46ms app:44ms  sts:200
2025-11-13T13:22:47Z 2025/11/13 22:22:47 end_session-:orca cmfN6bUFWx5yCeLeit2FTT
2025-11-13T13:22:47Z ==== ORCGSESEND
2025-11-13T13:22:47Z M00                                                             
2025-11-13T13:22:47Z SELNUM                                                          
2025-11-13T13:22:47Z                                                                 
2025-11-13T13:22:47Z cmfN6bUFWx5yCeLeit2FTT                                          
2025-11-13T13:22:47Z ormaster        
2025-11-13T13:22:47Z FETCH=+000000001
2025-11-13T13:22:47Z DestroySessionWithWS: ormaster
2025-11-13T13:22:47Z 2025/11/13 22:22:47 Websocket ReadError: orca read tcp 172.21.0.4:8000->172.217.161.36:63207: use of closed network connection
2025-11-13T13:22:47Z 2025/11/13 22:22:47 Websocket Closed: orca cmfN6bUFWx5yCeLeit2FTT
2025-11-13T13:22:47Z 2025/11/13 22:22:47 DestroyContext: false
2025-11-13T13:22:54Z libcob:cancel_context
2025-11-13T13:22:54Z libcob:create_context
2025-11-13T13:22:54Z libcob:update_context
2025-11-13T13:22:54Z cob_init start
2025-11-13T13:22:54Z cob_init end
2025-11-13T13:22:54Z 310-SPASET SPA-MOTOPG:
2025-11-13T13:22:54Z ORCSJOB ST =CHK## 2025/11/13 22:22:54.45 
2025-11-13T13:22:54Z ORCSJOB ED =+001##
2025-11-13T13:22:54Z ORCSJOB ST =CHK## 2025/11/13 22:22:54.45 
2025-11-13T13:22:54Z ORCSJOB ED =+001##
2025-11-13T13:22:54Z cob_file_open: /opt/jma/weborca/app/doc/version
2025-11-13T13:22:54Z cob_file_open: /opt/jma/weborca/app/doc/dbversion
2025-11-13T13:22:54Z DBVERSION-CHK P1
2025-11-13T13:22:54Z ORCSJOB ST =CHK## 2025/11/13 22:22:54.46 
2025-11-13T13:22:54Z ORCSJOB ED =+001##
2025-11-13T13:22:54Z 2025/11/13 22:22:54 Websocket subscribe: orca DFYHimZod7XCt5iKFVNthB
2025-11-13T13:22:58Z 2025/11/13 22:22:58 RPC-:orca  ormaster M00 send_event CLICKED B12 tot:2ms app:1ms  sts:200
2025-11-13T13:23:00Z 310-SPASET SPA-MOTOPG:MVER    .
2025-11-13T13:23:00Z ORCSJOB ST =CHK## 2025/11/13 22:23:00.53 
2025-11-13T13:23:00Z ORCSJOB ED =+001##
2025-11-13T13:23:00Z ORCSJOB ST =CHK## 2025/11/13 22:23:00.53 
2025-11-13T13:23:00Z ORCSJOB ED =+001##
2025-11-13T13:23:00Z cob_file_open: /opt/jma/weborca/app/doc/version
2025-11-13T13:23:00Z cob_file_open: /opt/jma/weborca/app/doc/dbversion
2025-11-13T13:23:00Z DBVERSION-CHK P1
2025-11-13T13:23:00Z 2025/11/13 22:23:00 RPC-:orca  ormaster MVER send_event CLICKED B12 tot:36ms app:34ms  sts:200
2025-11-13T13:44:24Z &{GET /.well-known/appspecific/com.chrome.devtools.json HTTP/1.1 1 1 map[Accept-Encoding:[gzip, deflate, br, zstd] Accept-Language:[ja,en-US;q=0.9,en;q=0.8] Connection:[keep-alive] Cookie:[_ga=GA1.1.2138883597.1761639884; _ga_GR6GBQ53J9=GS2.1.s1763008792$o7$g1$t1763010006$j60$l0$h0] Sec-Fetch-Dest:[empty] Sec-Fetch-Mode:[no-cors] Sec-Fetch-Site:[same-origin] User-Agent:[Mozilla/5.0 (Macintosh; Intel Mac OS X 10_15_7) AppleWebKit/537.36 (KHTML, like Gecko) Chrome/142.0.0.0 Safari/537.36]] {} <nil> 0 [] false localhost:8000 map[] map[] <nil> map[] 172.217.161.36:23142 /.well-known/appspecific/com.chrome.devtools.json <nil> <nil> <nil>  0xc001564050 <nil> [] map[]}
2025-11-13T13:44:24Z 2025/11/13 22:44:24 System Error:404    code=404, message=Not Found
2025-11-13T13:44:24Z web.ErrorHandler
2025-11-13T13:44:24Z 	/home/orcauser/develop/weborca-main/20251024-1/internal/web/error.go:73
2025-11-13T13:44:24Z github.com/labstack/echo/v4.(*Echo).ServeHTTP
2025-11-13T13:44:24Z 	/home/orcauser/go/pkg/mod/github.com/labstack/echo/v4@v4.13.4/echo.go:669
2025-11-13T13:44:24Z net/http.serverHandler.ServeHTTP
2025-11-13T13:44:24Z 	/usr/lib/go-1.23/src/net/http/server.go:3210
2025-11-13T13:44:24Z net/http.(*conn).serve
2025-11-13T13:44:24Z 	/usr/lib/go-1.23/src/net/http/server.go:2092
2025-11-13T13:44:24Z runtime.goexit
2025-11-13T13:44:24Z 	/usr/lib/go-1.23/src/runtime/asm_amd64.s:1700
2025-11-13T13:44:45Z 2025/11/13 22:44:45 end_session-:orca DFYHimZod7XCt5iKFVNthB
2025-11-13T13:44:45Z libcob:destroy_context
2025-11-13T13:44:45Z libcob:destroy_context
2025-11-13T13:44:45Z ==== ORCGSESEND
2025-11-13T13:44:45Z M00                                                             
2025-11-13T13:44:45Z SELNUM                                                          
2025-11-13T13:44:45Z                                                                 
2025-11-13T13:44:45Z DFYHimZod7XCt5iKFVNthB                                          
2025-11-13T13:44:45Z ormaster        
2025-11-13T13:44:45Z 2025/11/13 22:44:45 Websocket ReadError: orca websocket: close 1001 (going away)
2025-11-13T13:44:45Z 2025/11/13 22:44:45 Websocket Closed: orca DFYHimZod7XCt5iKFVNthB
2025-11-13T13:44:45Z &{GET /.well-known/appspecific/com.chrome.devtools.json HTTP/1.1 1 1 map[Accept-Encoding:[gzip, deflate, br, zstd] Accept-Language:[ja,en-US;q=0.9,en;q=0.8] Connection:[keep-alive] Cookie:[_ga=GA1.1.2138883597.1761639884; _ga_GR6GBQ53J9=GS2.1.s1763008792$o7$g1$t1763010006$j60$l0$h0] Sec-Fetch-Dest:[empty] Sec-Fetch-Mode:[no-cors] Sec-Fetch-Site:[same-origin] User-Agent:[Mozilla/5.0 (Macintosh; Intel Mac OS X 10_15_7) AppleWebKit/537.36 (KHTML, like Gecko) Chrome/142.0.0.0 Safari/537.36]] {} <nil> 0 [] false localhost:8000 map[] map[] <nil> map[] 172.217.161.36:42310 /.well-known/appspecific/com.chrome.devtools.json <nil> <nil> <nil>  0xc0001e2190 <nil> [] map[]}
2025-11-13T13:44:45Z 2025/11/13 22:44:45 System Error:404    code=404, message=Not Found
2025-11-13T13:44:45Z web.ErrorHandler
2025-11-13T13:44:45Z 	/home/orcauser/develop/weborca-main/20251024-1/internal/web/error.go:73
2025-11-13T13:44:45Z github.com/labstack/echo/v4.(*Echo).ServeHTTP
2025-11-13T13:44:45Z 	/home/orcauser/go/pkg/mod/github.com/labstack/echo/v4@v4.13.4/echo.go:669
2025-11-13T13:44:45Z net/http.serverHandler.ServeHTTP
2025-11-13T13:44:45Z 	/usr/lib/go-1.23/src/net/http/server.go:3210
2025-11-13T13:44:45Z net/http.(*conn).serve
2025-11-13T13:44:45Z 	/usr/lib/go-1.23/src/net/http/server.go:2092
2025-11-13T13:44:45Z runtime.goexit
2025-11-13T13:44:45Z 	/usr/lib/go-1.23/src/runtime/asm_amd64.s:1700
2025-11-13T13:44:45Z &{GET /.well-known/appspecific/com.chrome.devtools.json HTTP/1.1 1 1 map[Accept-Encoding:[gzip, deflate, br, zstd] Accept-Language:[ja,en-US;q=0.9,en;q=0.8] Connection:[keep-alive] Cookie:[_ga=GA1.1.2138883597.1761639884; _ga_GR6GBQ53J9=GS2.1.s1763008792$o7$g1$t1763010006$j60$l0$h0] Sec-Fetch-Dest:[empty] Sec-Fetch-Mode:[no-cors] Sec-Fetch-Site:[same-origin] User-Agent:[Mozilla/5.0 (Macintosh; Intel Mac OS X 10_15_7) AppleWebKit/537.36 (KHTML, like Gecko) Chrome/142.0.0.0 Safari/537.36]] {} <nil> 0 [] false localhost:8000 map[] map[] <nil> map[] 172.217.161.36:42310 /.well-known/appspecific/com.chrome.devtools.json <nil> <nil> <nil>  0xc004074050 <nil> [] map[]}
2025-11-13T13:44:45Z 2025/11/13 22:44:45 System Error:404    code=404, message=Not Found
2025-11-13T13:44:45Z web.ErrorHandler
2025-11-13T13:44:45Z 	/home/orcauser/develop/weborca-main/20251024-1/internal/web/error.go:73
2025-11-13T13:44:45Z github.com/labstack/echo/v4.(*Echo).ServeHTTP
2025-11-13T13:44:45Z 	/home/orcauser/go/pkg/mod/github.com/labstack/echo/v4@v4.13.4/echo.go:669
2025-11-13T13:44:45Z net/http.serverHandler.ServeHTTP
2025-11-13T13:44:45Z 	/usr/lib/go-1.23/src/net/http/server.go:3210
2025-11-13T13:44:45Z net/http.(*conn).serve
2025-11-13T13:44:45Z 	/usr/lib/go-1.23/src/net/http/server.go:2092
2025-11-13T13:44:45Z runtime.goexit
2025-11-13T13:44:45Z 	/usr/lib/go-1.23/src/runtime/asm_amd64.s:1700
2025-11-13T13:44:45Z FETCH=+000000001
2025-11-13T13:44:45Z DestroySessionWithWS: ormaster
2025-11-13T13:44:45Z 2025/11/13 22:44:45 DestroyContext: false
2025-11-13T13:44:48Z &{GET /.well-known/appspecific/com.chrome.devtools.json HTTP/1.1 1 1 map[Accept-Encoding:[gzip, deflate, br, zstd] Accept-Language:[ja,en-US;q=0.9,en;q=0.8] Connection:[keep-alive] Cookie:[_ga=GA1.1.2138883597.1761639884; _ga_GR6GBQ53J9=GS2.1.s1763008792$o7$g1$t1763010006$j60$l0$h0] Sec-Fetch-Dest:[empty] Sec-Fetch-Mode:[no-cors] Sec-Fetch-Site:[same-origin] User-Agent:[Mozilla/5.0 (Macintosh; Intel Mac OS X 10_15_7) AppleWebKit/537.36 (KHTML, like Gecko) Chrome/142.0.0.0 Safari/537.36]] {} <nil> 0 [] false localhost:8000 map[] map[] <nil> map[] 172.217.161.36:52558 /.well-known/appspecific/com.chrome.devtools.json <nil> <nil> <nil>  0xc0015642d0 <nil> [] map[]}
2025-11-13T13:44:48Z 2025/11/13 22:44:48 System Error:404    code=404, message=Not Found
2025-11-13T13:44:48Z web.ErrorHandler
2025-11-13T13:44:48Z 	/home/orcauser/develop/weborca-main/20251024-1/internal/web/error.go:73
2025-11-13T13:44:48Z github.com/labstack/echo/v4.(*Echo).ServeHTTP
2025-11-13T13:44:48Z 	/home/orcauser/go/pkg/mod/github.com/labstack/echo/v4@v4.13.4/echo.go:669
2025-11-13T13:44:48Z net/http.serverHandler.ServeHTTP
2025-11-13T13:44:48Z 	/usr/lib/go-1.23/src/net/http/server.go:3210
2025-11-13T13:44:48Z net/http.(*conn).serve
2025-11-13T13:44:48Z 	/usr/lib/go-1.23/src/net/http/server.go:2092
2025-11-13T13:44:48Z runtime.goexit
2025-11-13T13:44:48Z 	/usr/lib/go-1.23/src/runtime/asm_amd64.s:1700
2025-11-13T13:44:48Z 2025/11/13 22:44:48 end_session empty: DFYHimZod7XCt5iKFVNthB
2025-11-13T13:44:48Z libcob:cancel_context
2025-11-13T13:44:48Z libcob:create_context
2025-11-13T13:44:48Z libcob:update_context
2025-11-13T13:44:48Z cob_init start
2025-11-13T13:44:48Z cob_init end
2025-11-13T13:44:48Z 310-SPASET SPA-MOTOPG:
2025-11-13T13:44:48Z ORCSJOB ST =CHK## 2025/11/13 22:44:48.29 
2025-11-13T13:44:48Z ORCSJOB ED =+001##
2025-11-13T13:44:48Z ORCSJOB ST =CHK## 2025/11/13 22:44:48.30 
2025-11-13T13:44:48Z ORCSJOB ED =+001##
2025-11-13T13:44:48Z cob_file_open: /opt/jma/weborca/app/doc/version
2025-11-13T13:44:48Z cob_file_open: /opt/jma/weborca/app/doc/dbversion
2025-11-13T13:44:48Z DBVERSION-CHK P1
2025-11-13T13:44:48Z ORCSJOB ST =CHK## 2025/11/13 22:44:48.33 
2025-11-13T13:44:48Z ORCSJOB ED =+001##
2025-11-13T13:44:48Z 2025/11/13 22:44:48 Websocket subscribe: orca R5gPtkZKa2C44puM5mZWFL
2025-11-13T13:45:36Z 2025/11/13 22:45:36 end_session-:orca R5gPtkZKa2C44puM5mZWFL
2025-11-13T13:45:36Z ==== ORCGSESEND
2025-11-13T13:45:36Z M00                                                             
2025-11-13T13:45:36Z SELNUM                                                          
2025-11-13T13:45:36Z                                                                 
2025-11-13T13:45:36Z R5gPtkZKa2C44puM5mZWFL                                          
2025-11-13T13:45:36Z ormaster        
2025-11-13T13:45:36Z FETCH=+000000001
2025-11-13T13:45:37Z DestroySessionWithWS: ormaster
2025-11-13T13:45:37Z 2025/11/13 22:45:36 Websocket ReadError: orca read tcp 172.21.0.4:8000->172.217.161.36:44762: use of closed network connection
2025-11-13T13:45:37Z 2025/11/13 22:45:36 Websocket Closed: orca R5gPtkZKa2C44puM5mZWFL
2025-11-13T13:45:37Z 2025/11/13 22:45:36 DestroyContext: false
2025-11-13T13:45:37Z &{GET /.well-known/appspecific/com.chrome.devtools.json HTTP/1.1 1 1 map[Accept-Encoding:[gzip, deflate, br, zstd] Accept-Language:[ja,en-US;q=0.9,en;q=0.8] Connection:[keep-alive] Cookie:[_ga=GA1.1.2138883597.1761639884; _ga_GR6GBQ53J9=GS2.1.s1763008792$o7$g1$t1763010006$j60$l0$h0] Sec-Fetch-Dest:[empty] Sec-Fetch-Mode:[no-cors] Sec-Fetch-Site:[same-origin] User-Agent:[Mozilla/5.0 (Macintosh; Intel Mac OS X 10_15_7) AppleWebKit/537.36 (KHTML, like Gecko) Chrome/142.0.0.0 Safari/537.36]] {} <nil> 0 [] false localhost:8000 map[] map[] <nil> map[] 172.217.161.36:17941 /.well-known/appspecific/com.chrome.devtools.json <nil> <nil> <nil>  0xc001564000 <nil> [] map[]}
2025-11-13T13:45:37Z 2025/11/13 22:45:37 System Error:404    code=404, message=Not Found
2025-11-13T13:45:37Z web.ErrorHandler
2025-11-13T13:45:37Z 	/home/orcauser/develop/weborca-main/20251024-1/internal/web/error.go:73
2025-11-13T13:45:37Z github.com/labstack/echo/v4.(*Echo).ServeHTTP
2025-11-13T13:45:37Z 	/home/orcauser/go/pkg/mod/github.com/labstack/echo/v4@v4.13.4/echo.go:669
2025-11-13T13:45:37Z net/http.serverHandler.ServeHTTP
2025-11-13T13:45:37Z 	/usr/lib/go-1.23/src/net/http/server.go:3210
2025-11-13T13:45:37Z net/http.(*conn).serve
2025-11-13T13:45:37Z 	/usr/lib/go-1.23/src/net/http/server.go:2092
2025-11-13T13:45:37Z runtime.goexit
2025-11-13T13:45:37Z 	/usr/lib/go-1.23/src/runtime/asm_amd64.s:1700
2025-11-13T13:45:41Z &{GET /.well-known/appspecific/com.chrome.devtools.json HTTP/1.1 1 1 map[Accept-Encoding:[gzip, deflate, br, zstd] Accept-Language:[ja,en-US;q=0.9,en;q=0.8] Connection:[keep-alive] Cookie:[_ga=GA1.1.2138883597.1761639884; _ga_GR6GBQ53J9=GS2.1.s1763008792$o7$g1$t1763010006$j60$l0$h0] Sec-Fetch-Dest:[empty] Sec-Fetch-Mode:[no-cors] Sec-Fetch-Site:[same-origin] User-Agent:[Mozilla/5.0 (Macintosh; Intel Mac OS X 10_15_7) AppleWebKit/537.36 (KHTML, like Gecko) Chrome/142.0.0.0 Safari/537.36]] {} <nil> 0 [] false localhost:8000 map[] map[] <nil> map[] 172.217.161.36:31834 /.well-known/appspecific/com.chrome.devtools.json <nil> <nil> <nil>  0xc000212280 <nil> [] map[]}
2025-11-13T13:45:41Z 2025/11/13 22:45:41 System Error:404    code=404, message=Not Found
2025-11-13T13:45:41Z web.ErrorHandler
2025-11-13T13:45:41Z 	/home/orcauser/develop/weborca-main/20251024-1/internal/web/error.go:73
2025-11-13T13:45:41Z github.com/labstack/echo/v4.(*Echo).ServeHTTP
2025-11-13T13:45:41Z 	/home/orcauser/go/pkg/mod/github.com/labstack/echo/v4@v4.13.4/echo.go:669
2025-11-13T13:45:41Z net/http.serverHandler.ServeHTTP
2025-11-13T13:45:41Z 	/usr/lib/go-1.23/src/net/http/server.go:3210
2025-11-13T13:45:41Z net/http.(*conn).serve
2025-11-13T13:45:41Z 	/usr/lib/go-1.23/src/net/http/server.go:2092
2025-11-13T13:45:41Z runtime.goexit
2025-11-13T13:45:41Z 	/usr/lib/go-1.23/src/runtime/asm_amd64.s:1700
2025-11-13T13:45:41Z libcob:cancel_context
2025-11-13T13:45:41Z libcob:create_context
2025-11-13T13:45:41Z libcob:update_context
2025-11-13T13:45:41Z cob_init start
2025-11-13T13:45:41Z cob_init end
2025-11-13T13:45:41Z 310-SPASET SPA-MOTOPG:
2025-11-13T13:45:41Z ORCSJOB ST =CHK## 2025/11/13 22:45:41.46 
2025-11-13T13:45:41Z ORCSJOB ED =+001##
2025-11-13T13:45:41Z ORCSJOB ST =CHK## 2025/11/13 22:45:41.46 
2025-11-13T13:45:41Z ORCSJOB ED =+001##
2025-11-13T13:45:41Z cob_file_open: /opt/jma/weborca/app/doc/version
2025-11-13T13:45:41Z cob_file_open: /opt/jma/weborca/app/doc/dbversion
2025-11-13T13:45:41Z DBVERSION-CHK P1
2025-11-13T13:45:41Z ORCSJOB ST =CHK## 2025/11/13 22:45:41.46 
2025-11-13T13:45:41Z ORCSJOB ED =+001##
2025-11-13T13:45:41Z 2025/11/13 22:45:41 Websocket subscribe: orca bPdrn8KyPQqpEEkoueurYe
2025-11-13T13:48:29Z 2025/11/13 22:48:29 RPC-:orca  ormaster M00 send_event CLICKED B12 tot:3ms app:2ms  sts:200
2025-11-13T13:48:35Z 310-SPASET SPA-MOTOPG:MVER    .
2025-11-13T13:48:35Z ORCSJOB ST =CHK## 2025/11/13 22:48:35.10 
2025-11-13T13:48:35Z ORCSJOB ED =+001##
2025-11-13T13:48:35Z ORCSJOB ST =CHK## 2025/11/13 22:48:35.10 
2025-11-13T13:48:35Z ORCSJOB ED =+001##
2025-11-13T13:48:35Z cob_file_open: /opt/jma/weborca/app/doc/version
2025-11-13T13:48:35Z cob_file_open: /opt/jma/weborca/app/doc/dbversion
2025-11-13T13:48:35Z DBVERSION-CHK P1
2025-11-13T13:48:35Z 2025/11/13 22:48:35 RPC-:orca  ormaster MVER send_event CLICKED B12 tot:36ms app:35ms  sts:200
2025-11-13T13:48:35Z 2025/11/13 22:48:35 RPC-:orca  ormaster M00 send_event CLICKED B06 tot:12ms app:9ms  sts:200
2025-11-13T13:48:39Z 2025/11/13 22:48:39 RPC-:orca  ormaster M95 send_event SWITCH nt1 tot:26ms app:19ms  sts:200
2025-11-13T13:48:51Z 2025/11/13 22:48:51 RPC-:orca  ormaster M95 send_event CLICKED B10 tot:3ms app:1ms  sts:200
2025-11-13T13:48:52Z 2025/11/13 22:48:52 RPC-:orca  ormaster M95 send_event CLICKED B06 tot:17ms app:16ms  sts:200
2025-11-13T13:48:52Z 2025/11/13 22:48:52 RPC-:orca  ormaster M95 send_event CLICKED B06 tot:19ms app:17ms  sts:200
2025-11-13T13:49:02Z 2025/11/13 22:49:01 RPC-:orca  ormaster M95 send_event CLICKED B06 tot:15ms app:14ms  sts:200
2025-11-13T13:49:06Z 2025/11/13 22:49:06 RPC-:orca  ormaster M95 send_event SELECT SYSLIST tot:27ms app:25ms  sts:200
2025-11-13T13:49:06Z 2025/11/13 22:49:06 RPC-:orca  ormaster M95 send_event SELECT SYSLIST tot:19ms app:17ms  sts:200
2025-11-13T13:49:07Z 2025/11/13 22:49:07 RPC-:orca  ormaster M95 send_event SELECT SYSLIST tot:8ms app:6ms  sts:200
2025-11-13T13:49:08Z 2025/11/13 22:49:08 RPC-:orca  ormaster M95 send_event SELECT SYSLIST tot:13ms app:9ms  sts:200
2025-11-13T13:49:08Z 2025/11/13 22:49:08 RPC-:orca  ormaster M95 send_event SELECT SYSLIST tot:16ms app:15ms  sts:200
2025-11-13T13:49:08Z 2025/11/13 22:49:08 RPC-:orca  ormaster M95 send_event SELECT SYSLIST tot:1ms app:0ms  sts:200
2025-11-13T13:49:16Z 2025/11/13 22:49:16 RPC-:orca  ormaster M95 send_event ACTIVATE DRCD tot:27ms app:24ms  sts:200
2025-11-13T13:49:18Z 2025/11/13 22:49:18 RPC-:orca  ormaster MERR send_event CLICKED B01 tot:7ms app:5ms  sts:200
2025-11-13T13:49:20Z 2025/11/13 22:49:20 RPC-:orca  ormaster M95 send_event SWITCH nt1 tot:8ms app:0ms  sts:200
2025-11-13T13:49:21Z 310-SPASET SPA-MOTOPG:M95     .
2025-11-13T13:49:21Z ORCSJOB ST =CHK## 2025/11/13 22:49:21.83 
2025-11-13T13:49:21Z ORCSJOB ED =+001##
2025-11-13T13:49:21Z ORCSJOB ST =CHK## 2025/11/13 22:49:21.83 
2025-11-13T13:49:21Z ORCSJOB ED =+001##
2025-11-13T13:49:21Z cob_file_open: /opt/jma/weborca/app/doc/version
2025-11-13T13:49:21Z cob_file_open: /opt/jma/weborca/app/doc/dbversion
2025-11-13T13:49:21Z DBVERSION-CHK P1
2025-11-13T13:49:21Z ORCSJOB ST =CHK## 2025/11/13 22:49:21.84 
2025-11-13T13:49:21Z ORCSJOB ED =+001##
2025-11-13T13:49:21Z 2025/11/13 22:49:21 RPC-:orca  ormaster M95 send_event CLICKED B01 tot:47ms app:45ms  sts:200
2025-11-13T13:51:31Z 2025/11/13 22:51:31 RPC-:orca  ormaster M00 send_event CLICKED B05 tot:93ms app:89ms  sts:200
2025-11-13T13:51:33Z 2025/11/13 22:51:33 RPC-:orca  ormaster MJOB send_event SWITCH nb1 tot:13ms app:12ms  sts:200
2025-11-13T13:51:35Z 2025/11/13 22:51:35 RPC-:orca  ormaster MMERR send_event CLICKED B01 tot:28ms app:26ms  sts:200
2025-11-13T13:51:36Z 2025/11/13 22:51:36 RPC-:orca  ormaster MJOB send_event SWITCH nb1 tot:1ms app:0ms  sts:200
2025-11-13T13:51:37Z 2025/11/13 22:51:37 RPC-:orca  ormaster MMERR send_event CLICKED B01 tot:39ms app:37ms  sts:200
2025-11-13T13:51:38Z libcob:destroy_context
2025-11-13T13:51:38Z libcob:destroy_context
2025-11-13T13:51:38Z 310-SPASET SPA-MOTOPG:MJOB    .
2025-11-13T13:51:38Z ORCSJOB ST =CHK## 2025/11/13 22:51:38.43 
2025-11-13T13:51:38Z ORCSJOB ED =+001##
2025-11-13T13:51:38Z ORCSJOB ST =CHK## 2025/11/13 22:51:38.43 
2025-11-13T13:51:38Z ORCSJOB ED =+001##
2025-11-13T13:51:38Z cob_file_open: /opt/jma/weborca/app/doc/version
2025-11-13T13:51:38Z cob_file_open: /opt/jma/weborca/app/doc/dbversion
2025-11-13T13:51:38Z DBVERSION-CHK P1
2025-11-13T13:51:38Z ORCSJOB ST =CHK## 2025/11/13 22:51:38.44 
2025-11-13T13:51:38Z ORCSJOB ED =+001##
2025-11-13T13:51:38Z 2025/11/13 22:51:38 RPC-:orca  ormaster MJOB send_event CLICKED B01 tot:48ms app:46ms  sts:200
2025-11-13T13:51:40Z 2025/11/13 22:51:40 RPC-:orca  ormaster M00 send_event CLICKED B08 tot:27ms app:21ms  sts:200
2025-11-13T13:51:44Z ORCSJOB ST =CHK## 2025/11/13 22:51:44.25 
2025-11-13T13:51:44Z ORCSJOB ED =+001##
2025-11-13T13:51:44Z 2025/11/13 22:51:44 RPC-:orca  ormaster XG04 send_event CLICKED B13 tot:26ms app:20ms  sts:200
2025-11-13T13:51:45Z 2025/11/13 22:51:45 RPC-:orca  ormaster XG99 send_event CLICKED B01 tot:18ms app:17ms  sts:200
2025-11-13T13:51:46Z 2025/11/13 22:51:46 RPC-:orca  ormaster XG04 send_event CLICKED B12 tot:4ms app:3ms  sts:200
2025-11-13T13:51:48Z 2025/11/13 22:51:48 RPC-:orca  ormaster XGERR send_event CLICKED B01 tot:6ms app:5ms  sts:200
2025-11-13T13:51:50Z 2025/11/13 22:51:50 RPC-:orca  ormaster XG04 send_event CLICKED B05 tot:12ms app:12ms  sts:200
2025-11-13T13:51:51Z ORCSJOB ST =CHK## 2025/11/13 22:51:51.64 
2025-11-13T13:51:51Z ORCSJOB ED =+001##
2025-11-13T13:51:51Z 310-SPASET SPA-MOTOPG:XG04    .
2025-11-13T13:51:51Z ORCSJOB ST =CHK## 2025/11/13 22:51:51.68 
2025-11-13T13:51:51Z ORCSJOB ED =+001##
2025-11-13T13:51:51Z ORCSJOB ST =CHK## 2025/11/13 22:51:51.68 
2025-11-13T13:51:51Z ORCSJOB ED =+001##
2025-11-13T13:51:51Z cob_file_open: /opt/jma/weborca/app/doc/version
2025-11-13T13:51:51Z cob_file_open: /opt/jma/weborca/app/doc/dbversion
2025-11-13T13:51:51Z DBVERSION-CHK P1
2025-11-13T13:51:51Z 2025/11/13 22:51:51 RPC-:orca  ormaster XG04 send_event CLICKED B01 tot:48ms app:46ms  sts:200
2025-11-13T13:51:57Z 2025/11/13 22:51:57 end_session-:orca bPdrn8KyPQqpEEkoueurYe
2025-11-13T13:51:58Z ==== ORCGSESEND
2025-11-13T13:51:58Z M00                                                             
2025-11-13T13:51:58Z SELNUM                                                          
2025-11-13T13:51:58Z                                                                 
2025-11-13T13:51:58Z bPdrn8KyPQqpEEkoueurYe                                          
2025-11-13T13:51:58Z ormaster        
2025-11-13T13:51:58Z FETCH=+000000001
2025-11-13T13:51:58Z DestroySessionWithWS: ormaster
2025-11-13T13:51:58Z 2025/11/13 22:51:58 Websocket ReadError: orca read tcp 172.21.0.4:8000->172.217.161.36:58451: use of closed network connection
2025-11-13T13:51:58Z 2025/11/13 22:51:58 Websocket Closed: orca bPdrn8KyPQqpEEkoueurYe
2025-11-13T13:51:58Z 2025/11/13 22:51:58 DestroyContext: false
2025-11-13T13:51:58Z &{GET /.well-known/appspecific/com.chrome.devtools.json HTTP/1.1 1 1 map[Accept-Encoding:[gzip, deflate, br, zstd] Accept-Language:[ja,en-US;q=0.9,en;q=0.8] Connection:[keep-alive] Cookie:[_ga=GA1.1.2138883597.1761639884; _ga_GR6GBQ53J9=GS2.1.s1763008792$o7$g1$t1763010006$j60$l0$h0] Sec-Fetch-Dest:[empty] Sec-Fetch-Mode:[no-cors] Sec-Fetch-Site:[same-origin] User-Agent:[Mozilla/5.0 (Macintosh; Intel Mac OS X 10_15_7) AppleWebKit/537.36 (KHTML, like Gecko) Chrome/142.0.0.0 Safari/537.36]] {} <nil> 0 [] false localhost:8000 map[] map[] <nil> map[] 172.217.161.36:25050 /.well-known/appspecific/com.chrome.devtools.json <nil> <nil> <nil>  0xc005536cd0 <nil> [] map[]}
2025-11-13T13:51:58Z 2025/11/13 22:51:58 System Error:404    code=404, message=Not Found
2025-11-13T13:51:58Z web.ErrorHandler
2025-11-13T13:51:58Z 	/home/orcauser/develop/weborca-main/20251024-1/internal/web/error.go:73
2025-11-13T13:51:58Z github.com/labstack/echo/v4.(*Echo).ServeHTTP
2025-11-13T13:51:58Z 	/home/orcauser/go/pkg/mod/github.com/labstack/echo/v4@v4.13.4/echo.go:669
2025-11-13T13:51:58Z net/http.serverHandler.ServeHTTP
2025-11-13T13:51:58Z 	/usr/lib/go-1.23/src/net/http/server.go:3210
2025-11-13T13:51:58Z net/http.(*conn).serve
2025-11-13T13:51:58Z 	/usr/lib/go-1.23/src/net/http/server.go:2092
2025-11-13T13:51:58Z runtime.goexit
2025-11-13T13:51:58Z 	/usr/lib/go-1.23/src/runtime/asm_amd64.s:1700
2025-11-13T13:52:01Z &{GET /.well-known/appspecific/com.chrome.devtools.json HTTP/1.1 1 1 map[Accept-Encoding:[gzip, deflate, br, zstd] Accept-Language:[ja,en-US;q=0.9,en;q=0.8] Connection:[keep-alive] Cookie:[_ga=GA1.1.2138883597.1761639884; _ga_GR6GBQ53J9=GS2.1.s1763008792$o7$g1$t1763010006$j60$l0$h0] Sec-Fetch-Dest:[empty] Sec-Fetch-Mode:[no-cors] Sec-Fetch-Site:[same-origin] User-Agent:[Mozilla/5.0 (Macintosh; Intel Mac OS X 10_15_7) AppleWebKit/537.36 (KHTML, like Gecko) Chrome/142.0.0.0 Safari/537.36]] {} <nil> 0 [] false localhost:8000 map[] map[] <nil> map[] 172.217.161.36:17355 /.well-known/appspecific/com.chrome.devtools.json <nil> <nil> <nil>  0xc0001e2190 <nil> [] map[]}
2025-11-13T13:52:01Z 2025/11/13 22:52:01 System Error:404    code=404, message=Not Found
2025-11-13T13:52:01Z web.ErrorHandler
2025-11-13T13:52:02Z 	/home/orcauser/develop/weborca-main/20251024-1/internal/web/error.go:73
2025-11-13T13:52:02Z github.com/labstack/echo/v4.(*Echo).ServeHTTP
2025-11-13T13:52:02Z 	/home/orcauser/go/pkg/mod/github.com/labstack/echo/v4@v4.13.4/echo.go:669
2025-11-13T13:52:02Z net/http.serverHandler.ServeHTTP
2025-11-13T13:52:02Z 	/usr/lib/go-1.23/src/net/http/server.go:3210
2025-11-13T13:52:02Z net/http.(*conn).serve
2025-11-13T13:52:02Z 	/usr/lib/go-1.23/src/net/http/server.go:2092
2025-11-13T13:52:02Z runtime.goexit
2025-11-13T13:52:02Z 	/usr/lib/go-1.23/src/runtime/asm_amd64.s:1700
2025-11-13T13:52:02Z libcob:cancel_context
2025-11-13T13:52:02Z libcob:create_context
2025-11-13T13:52:02Z libcob:update_context
2025-11-13T13:52:02Z cob_init start
2025-11-13T13:52:02Z cob_init end
2025-11-13T13:52:02Z 310-SPASET SPA-MOTOPG:
2025-11-13T13:52:02Z ORCSJOB ST =CHK## 2025/11/13 22:52:02.04 
2025-11-13T13:52:02Z ORCSJOB ED =+001##
2025-11-13T13:52:02Z ORCSJOB ST =CHK## 2025/11/13 22:52:02.04 
2025-11-13T13:52:02Z ORCSJOB ED =+001##
2025-11-13T13:52:02Z cob_file_open: /opt/jma/weborca/app/doc/version
2025-11-13T13:52:02Z cob_file_open: /opt/jma/weborca/app/doc/dbversion
2025-11-13T13:52:02Z DBVERSION-CHK P1
2025-11-13T13:52:02Z ORCSJOB ST =CHK## 2025/11/13 22:52:02.05 
2025-11-13T13:52:02Z ORCSJOB ED =+001##
2025-11-13T13:52:02Z 2025/11/13 22:52:02 Websocket subscribe: orca fjRZyT5pXda68L5w7CW3h6
2025-11-13T13:52:05Z 2025/11/13 22:52:05 RPC-:orca  ormaster M00 send_event CLICKED B05 tot:61ms app:58ms  sts:200
2025-11-13T13:52:06Z 310-SPASET SPA-MOTOPG:MJOB    .
2025-11-13T13:52:06Z ORCSJOB ST =CHK## 2025/11/13 22:52:06.91 
2025-11-13T13:52:06Z ORCSJOB ED =+001##
2025-11-13T13:52:06Z ORCSJOB ST =CHK## 2025/11/13 22:52:06.91 
2025-11-13T13:52:06Z ORCSJOB ED =+001##
2025-11-13T13:52:06Z cob_file_open: /opt/jma/weborca/app/doc/version
2025-11-13T13:52:06Z cob_file_open: /opt/jma/weborca/app/doc/dbversion
2025-11-13T13:52:06Z DBVERSION-CHK P1
2025-11-13T13:52:06Z ORCSJOB ST =CHK## 2025/11/13 22:52:06.91 
2025-11-13T13:52:06Z ORCSJOB ED =+001##
2025-11-13T13:52:06Z 2025/11/13 22:52:06 RPC-:orca  ormaster MJOB send_event CLICKED B01 tot:23ms app:22ms  sts:200
2025-11-13T14:07:59Z libcob:destroy_context
2025-11-13T14:07:59Z libcob:create_context
2025-11-13T14:07:59Z libcob:update_context
2025-11-13T14:07:59Z cob_init start
2025-11-13T14:07:59Z cob_init end
2025-11-13T14:07:59Z 310-SPASET SPA-MOTOPG:
2025-11-13T14:07:59Z ORCSJOB ST =CHK## 2025/11/13 23:07:59.37 
2025-11-13T14:07:59Z ORCSJOB ED =+001##
2025-11-13T14:07:59Z ORCSJOB ST =CHK## 2025/11/13 23:07:59.37 
2025-11-13T14:07:59Z ORCSJOB ED =+001##
2025-11-13T14:07:59Z cob_file_open: /opt/jma/weborca/app/doc/version
2025-11-13T14:07:59Z cob_file_open: /opt/jma/weborca/app/doc/dbversion
2025-11-13T14:07:59Z DBVERSION-CHK P1
2025-11-13T14:07:59Z ORCSJOB ST =CHK## 2025/11/13 23:07:59.40 
2025-11-13T14:07:59Z ORCSJOB ED =+001##
2025-11-13T14:07:59Z 2025/11/13 23:07:59 Websocket subscribe: orca qRTHnM2gWsxrh8SLFnJP95
2025-11-13T14:08:05Z 2025/11/13 23:08:05 end_session-:orca qRTHnM2gWsxrh8SLFnJP95
2025-11-13T14:08:05Z ==== ORCGSESEND
2025-11-13T14:08:05Z M00                                                             
2025-11-13T14:08:05Z SELNUM                                                          
2025-11-13T14:08:05Z                                                                 
2025-11-13T14:08:05Z qRTHnM2gWsxrh8SLFnJP95                                          
2025-11-13T14:08:05Z ormaster        
2025-11-13T14:08:05Z FETCH=+000000001
2025-11-13T14:08:05Z DestroySessionWithWS: ormaster
2025-11-13T14:08:05Z 2025/11/13 23:08:05 Websocket ReadError: orca read tcp 172.21.0.4:8000->172.217.161.36:19331: use of closed network connection
2025-11-13T14:08:05Z 2025/11/13 23:08:05 Websocket Closed: orca qRTHnM2gWsxrh8SLFnJP95
2025-11-13T14:08:05Z 2025/11/13 23:08:05 DestroyContext: false
2025-11-13T14:08:18Z libcob:cancel_context
2025-11-13T14:08:18Z libcob:create_context
2025-11-13T14:08:18Z libcob:update_context
2025-11-13T14:08:18Z cob_init start
2025-11-13T14:08:18Z cob_init end
2025-11-13T14:08:18Z 310-SPASET SPA-MOTOPG:
2025-11-13T14:08:18Z ORCSJOB ST =CHK## 2025/11/13 23:08:18.32 
2025-11-13T14:08:18Z ORCSJOB ED =+001##
2025-11-13T14:08:18Z ORCSJOB ST =CHK## 2025/11/13 23:08:18.32 
2025-11-13T14:08:18Z ORCSJOB ED =+001##
2025-11-13T14:08:18Z cob_file_open: /opt/jma/weborca/app/doc/version
2025-11-13T14:08:18Z cob_file_open: /opt/jma/weborca/app/doc/dbversion
2025-11-13T14:08:18Z DBVERSION-CHK P1
2025-11-13T14:08:18Z ORCSJOB ST =CHK## 2025/11/13 23:08:18.34 
2025-11-13T14:08:18Z ORCSJOB ED =+001##
2025-11-13T14:08:18Z 2025/11/13 23:08:18 Websocket subscribe: orca ZpzgjULHgZWB5J7sZ2ybwD
2025-11-13T14:08:23Z 2025/11/13 23:08:23 RPC-:orca  ormaster M00 send_event CLICKED B12 tot:2ms app:0ms  sts:200
2025-11-13T14:08:26Z 310-SPASET SPA-MOTOPG:MVER    .
2025-11-13T14:08:26Z ORCSJOB ST =CHK## 2025/11/13 23:08:26.06 
2025-11-13T14:08:26Z ORCSJOB ED =+001##
2025-11-13T14:08:26Z ORCSJOB ST =CHK## 2025/11/13 23:08:26.06 
2025-11-13T14:08:26Z ORCSJOB ED =+001##
2025-11-13T14:08:26Z cob_file_open: /opt/jma/weborca/app/doc/version
2025-11-13T14:08:26Z cob_file_open: /opt/jma/weborca/app/doc/dbversion
2025-11-13T14:08:26Z DBVERSION-CHK P1
2025-11-13T14:08:26Z 2025/11/13 23:08:26 RPC-:orca  ormaster MVER send_event CLICKED B12 tot:36ms app:34ms  sts:200
2025-11-13T14:08:27Z 2025/11/13 23:08:27 RPC-:orca  ormaster M00 send_event CLICKED B08 tot:20ms app:15ms  sts:200
2025-11-13T14:08:29Z ORCSJOB ST =CHK## 2025/11/13 23:08:29.38 
2025-11-13T14:08:29Z ORCSJOB ED =+001##
2025-11-13T14:08:29Z 310-SPASET SPA-MOTOPG:XG04    .
2025-11-13T14:08:29Z ORCSJOB ST =CHK## 2025/11/13 23:08:29.44 
2025-11-13T14:08:29Z ORCSJOB ED =+001##
2025-11-13T14:08:29Z ORCSJOB ST =CHK## 2025/11/13 23:08:29.44 
2025-11-13T14:08:29Z ORCSJOB ED =+001##
2025-11-13T14:08:29Z cob_file_open: /opt/jma/weborca/app/doc/version
2025-11-13T14:08:29Z cob_file_open: /opt/jma/weborca/app/doc/dbversion
2025-11-13T14:08:29Z DBVERSION-CHK P1
2025-11-13T14:08:29Z 2025/11/13 23:08:29 RPC-:orca  ormaster XG04 send_event CLICKED B01 tot:87ms app:85ms  sts:200
2025-11-13T14:08:30Z 2025/11/13 23:08:30 RPC-:orca  ormaster M00 send_event CLICKED B06 tot:23ms app:18ms  sts:200
2025-11-13T14:08:32Z 310-SPASET SPA-MOTOPG:M95     .
2025-11-13T14:08:32Z ORCSJOB ST =CHK## 2025/11/13 23:08:32.43 
2025-11-13T14:08:32Z ORCSJOB ED =+001##
2025-11-13T14:08:32Z ORCSJOB ST =CHK## 2025/11/13 23:08:32.44 
2025-11-13T14:08:32Z ORCSJOB ED =+001##
2025-11-13T14:08:32Z cob_file_open: /opt/jma/weborca/app/doc/version
2025-11-13T14:08:32Z cob_file_open: /opt/jma/weborca/app/doc/dbversion
2025-11-13T14:08:32Z DBVERSION-CHK P1
2025-11-13T14:08:32Z ORCSJOB ST =CHK## 2025/11/13 23:08:32.46 
2025-11-13T14:08:32Z ORCSJOB ED =+001##
2025-11-13T14:08:32Z 2025/11/13 23:08:32 RPC-:orca  ormaster M95 send_event CLICKED B01 tot:63ms app:61ms  sts:200
2025-11-13T14:08:34Z 2025/11/13 23:08:34 RPC-:orca  ormaster M00 send_event CLICKED B05 tot:27ms app:24ms  sts:200
2025-11-13T14:08:36Z 310-SPASET SPA-MOTOPG:MJOB    .
2025-11-13T14:08:36Z ORCSJOB ST =CHK## 2025/11/13 23:08:36.83 
2025-11-13T14:08:36Z ORCSJOB ED =+001##
2025-11-13T14:08:36Z ORCSJOB ST =CHK## 2025/11/13 23:08:36.83 
2025-11-13T14:08:36Z ORCSJOB ED =+001##
2025-11-13T14:08:36Z cob_file_open: /opt/jma/weborca/app/doc/version
2025-11-13T14:08:36Z cob_file_open: /opt/jma/weborca/app/doc/dbversion
2025-11-13T14:08:36Z DBVERSION-CHK P1
2025-11-13T14:08:36Z ORCSJOB ST =CHK## 2025/11/13 23:08:36.85 
2025-11-13T14:08:36Z ORCSJOB ED =+001##
2025-11-13T14:08:36Z 2025/11/13 23:08:36 RPC-:orca  ormaster MJOB send_event CLICKED B01 tot:92ms app:88ms  sts:200
2025-11-13T14:08:38Z 2025/11/13 23:08:38 end_session-:orca ZpzgjULHgZWB5J7sZ2ybwD
2025-11-13T14:08:38Z ==== ORCGSESEND
2025-11-13T14:08:38Z M00                                                             
2025-11-13T14:08:38Z SELNUM                                                          
2025-11-13T14:08:38Z                                                                 
2025-11-13T14:08:38Z ZpzgjULHgZWB5J7sZ2ybwD                                          
2025-11-13T14:08:38Z ormaster        
2025-11-13T14:08:38Z 2025/11/13 23:08:38 Websocket ReadError: orca websocket: close 1001 (going away)
2025-11-13T14:08:38Z 2025/11/13 23:08:38 Websocket Closed: orca ZpzgjULHgZWB5J7sZ2ybwD
2025-11-13T14:08:38Z FETCH=+000000001
2025-11-13T14:08:38Z DestroySessionWithWS: ormaster
2025-11-13T14:08:38Z 2025/11/13 23:08:38 DestroyContext: false
2025-11-13T14:10:37Z 2025/11/13 23:10:37 RPC-:orca  ormaster M00 send_event ACTIVATE SELNUM tot:69ms app:57ms  sts:200
2025-11-13T14:10:38Z 2025/11/13 23:10:38 RPC-:orca  ormaster M00 send_event ACTIVATE SELNUM tot:14ms app:12ms  sts:200
2025-11-13T14:10:39Z 2025/11/13 23:10:39 RPC-:orca  ormaster MERR send_event CLICKED B01 tot:2ms app:1ms  sts:200
2025-11-13T14:10:41Z 2025/11/13 23:10:41 RPC-:orca  ormaster M00 send_event ACTIVATE SELNUM tot:25ms app:23ms  sts:200
2025-11-13T14:10:42Z 2025/11/13 23:10:42 RPC-:orca  ormaster MERR send_event CLICKED B01 tot:2ms app:0ms  sts:200
2025-11-13T14:10:44Z 2025/11/13 23:10:44 RPC-:orca  ormaster M00 send_event ACTIVATE SELNUM tot:17ms app:17ms  sts:200
2025-11-13T14:10:45Z 2025/11/13 23:10:45 RPC-:orca  ormaster MERR send_event CLICKED B01 tot:1ms app:0ms  sts:200
2025-11-13T14:10:47Z 2025/11/13 23:10:46 RPC-:orca  ormaster M00 send_event ACTIVATE SELNUM tot:24ms app:20ms  sts:200
2025-11-13T14:13:14Z 2025/11/13 23:13:14 RPC-:orca  ormaster MERR send_event CLICKED B01 tot:17ms app:11ms  sts:200
2025-11-13T14:13:15Z 2025/11/13 23:13:15 RPC-:orca  ormaster M00 send_event CLICKED B06 tot:35ms app:34ms  sts:200
2025-11-13T14:13:17Z 2025/11/13 23:13:17 RPC-:orca  ormaster M95 send_event SWITCH nt1 tot:20ms app:19ms  sts:200
2025-11-13T14:13:18Z 2025/11/13 23:13:18 RPC-:orca  ormaster M95 send_event SWITCH nt1 tot:3ms app:1ms  sts:200
2025-11-13T14:13:22Z 2025/11/13 23:13:22 RPC-:orca  ormaster M95 send_event SWITCH nt1 tot:15ms app:12ms  sts:200
2025-11-13T14:13:24Z 2025/11/13 23:13:24 RPC-:orca  ormaster M95 send_event SWITCH nt1 tot:6ms app:3ms  sts:200
2025-11-13T14:13:28Z libcob:cancel_context
2025-11-13T14:13:28Z libcob:destroy_context
2025-11-13T14:13:28Z libcob:destroy_context
2025-11-13T14:13:28Z 310-SPASET SPA-MOTOPG:M95     .
2025-11-13T14:13:29Z ORCSJOB ST =CHK## 2025/11/13 23:13:28.99 
2025-11-13T14:13:29Z ORCSJOB ED =+001##
2025-11-13T14:13:29Z ORCSJOB ST =CHK## 2025/11/13 23:13:29.00 
2025-11-13T14:13:29Z ORCSJOB ED =+001##
2025-11-13T14:13:29Z cob_file_open: /opt/jma/weborca/app/doc/version
2025-11-13T14:13:29Z cob_file_open: /opt/jma/weborca/app/doc/dbversion
2025-11-13T14:13:29Z DBVERSION-CHK P1
2025-11-13T14:13:29Z ORCSJOB ST =CHK## 2025/11/13 23:13:29.05 
2025-11-13T14:13:29Z ORCSJOB ED =+001##
2025-11-13T14:13:29Z 2025/11/13 23:13:29 RPC-:orca  ormaster M95 send_event CLICKED B12 tot:148ms app:144ms  sts:200
2025-11-13T14:13:46Z 2025/11/13 23:13:46 RPC-:orca  ormaster M00 send_event ACTIVATE SELNUM tot:9ms app:8ms  sts:200
2025-11-13T14:13:47Z 2025/11/13 23:13:47 RPC-:orca  ormaster MERR send_event CLICKED B01 tot:4ms app:1ms  sts:200
