2025-11-13T12:22:07Z libcob:update_context
libcob:update_context2025-11-13T12:22:07Z libcob:destroy_context
libcob:destroy_context2025-11-13T12:22:07Z libcob:create_context
libcob:create_context2025-11-13T12:22:07Z libcob:update_context
libcob:update_context2025-11-13T12:22:07Z cob_init start
cob_init start2025-11-13T12:22:07Z cob_init end
cob_init end2025-11-13T12:22:07Z ***************
***************2025-11-13T12:22:07Z * accept start*
* accept start*2025-11-13T12:22:07Z ***************
***************2025-11-13T12:22:07Z MDCRES-OBJECT not low_value
MDCRES-OBJECT not low_value2025-11-13T12:22:07Z ***************
***************2025-11-13T12:22:07Z * accept end  *
* accept end  *2025-11-13T12:22:07Z ***************
***************2025-11-13T12:22:07Z 2025/11/13 18:35:26 API-:orca  ormaster medicalmodv2 ORAPI021S1V2 false api:17ms tot:19ms 
2025/11/13 18:35:26 API-:orca  ormaster medicalmodv2 ORAPI021S1V2 false api:17ms tot:19ms 2025-11-13T12:22:07Z DestroySessionWithWS: ormaster
DestroySessionWithWS: ormaster2025-11-13T12:22:07Z 2025/11/13 18:35:26 DestroyContext: false
2025/11/13 18:35:26 DestroyContext: false2025-11-13T12:22:07Z libcob:cancel_context
libcob:cancel_context2025-11-13T12:22:07Z libcob:destroy_context
libcob:destroy_context2025-11-13T12:22:07Z libcob:destroy_context
libcob:destroy_context2025-11-13T12:22:07Z libcob:create_context
libcob:create_context2025-11-13T12:22:07Z libcob:update_context
libcob:update_context2025-11-13T12:22:07Z cob_init start
cob_init start2025-11-13T12:22:07Z cob_init end
cob_init end2025-11-13T12:22:07Z ************************
************************2025-11-13T12:22:07Z * system01_manage start*
* system01_manage start*2025-11-13T12:22:07Z ************************
************************2025-11-13T12:22:07Z SYS01REQ-OBJECT not low_value
SYS01REQ-OBJECT not low_value2025-11-13T12:22:07Z PHYSRES-OBJECT not low_value
PHYSRES-OBJECT not low_value2025-11-13T12:22:07Z XMLWRITE OK      = +000000000
XMLWRITE OK      = +0000000002025-11-13T12:22:07Z ***********************
***********************2025-11-13T12:22:07Z * system01_manage end *
* system01_manage end *2025-11-13T12:22:07Z ***********************
***********************2025-11-13T12:22:07Z DestroySessionWithWS: ormaster
DestroySessionWithWS: ormaster2025-11-13T12:22:07Z 2025/11/13 18:38:36 DestroyContext: false
2025/11/13 18:38:36 DestroyContext: false2025-11-13T12:22:07Z 2025/11/13 18:38:36 API-:orca  ormaster system01lstv2 ORAPI101R1V2 false api:35ms tot:47ms 
2025/11/13 18:38:36 API-:orca  ormaster system01lstv2 ORAPI101R1V2 false api:35ms tot:47ms 2025-11-13T12:22:07Z libcob:cancel_context
libcob:cancel_context2025-11-13T12:22:07Z libcob:create_context
libcob:create_context2025-11-13T12:22:07Z libcob:update_context
libcob:update_context2025-11-13T12:22:07Z cob_init start
cob_init start2025-11-13T12:22:07Z cob_init end
cob_init end2025-11-13T12:22:07Z ***************
***************2025-11-13T12:22:07Z * accept start*
* accept start*2025-11-13T12:22:07Z ***************
***************2025-11-13T12:22:07Z MDCRES-OBJECT not low_value
MDCRES-OBJECT not low_value2025-11-13T12:22:07Z ***************
***************2025-11-13T12:22:07Z * accept end  *
* accept end  *2025-11-13T12:22:07Z ***************
***************2025-11-13T12:22:07Z 2025/11/13 18:39:06 API-:orca  ormaster medicalmodv2 ORAPI021S1V2 false api:29ms tot:35ms 
2025/11/13 18:39:06 API-:orca  ormaster medicalmodv2 ORAPI021S1V2 false api:29ms tot:35ms 2025-11-13T12:22:07Z DestroySessionWithWS: ormaster
DestroySessionWithWS: ormaster2025-11-13T12:22:07Z 2025/11/13 18:39:06 DestroyContext: false
2025/11/13 18:39:06 DestroyContext: false2025-11-13T12:22:07Z &{POST /orca11/acceptmodv2?class=01 HTTP/1.1 1 1 map[Accept:[*/*] Content-Length:[7] Content-Type:[application/x-www-form-urlencoded] User-Agent:[curl/8.7.1]] 0xc006482080 <nil> 7 [] false localhost:8000 map[] map[] <nil> map[] 172.217.161.36:33345 /orca11/acceptmodv2?class=01 <nil> <nil> <nil>  0xc0015640a0 <nil> [] map[]}
&{POST /orca11/acceptmodv2?class=01 HTTP/1.1 1 1 map[Accept:[*/*] Content-Length:[7] Content-Type:[application/x-www-form-urlencoded] User-Agent:[curl/8.7.1]] 0xc006482080 <nil> 7 [] false localhost:8000 map[] map[] <nil> map[] 172.217.161.36:33345 /orca11/acceptmodv2?class=01 <nil> <nil> <nil>  0xc0015640a0 <nil> [] map[]}2025-11-13T12:22:07Z 2025/11/13 19:38:04 System Error:405    code=405, message=Method Not Allowed
2025/11/13 19:38:04 System Error:405    code=405, message=Method Not Allowed2025-11-13T12:22:07Z web.ErrorHandler
web.ErrorHandler2025-11-13T12:22:07Z 	/home/orcauser/develop/weborca-main/20251024-1/internal/web/error.go:73
	/home/orcauser/develop/weborca-main/20251024-1/internal/web/error.go:732025-11-13T12:22:07Z github.com/labstack/echo/v4.(*Echo).ServeHTTP
github.com/labstack/echo/v4.(*Echo).ServeHTTP2025-11-13T12:22:07Z 	/home/orcauser/go/pkg/mod/github.com/labstack/echo/v4@v4.13.4/echo.go:669
	/home/orcauser/go/pkg/mod/github.com/labstack/echo/v4@v4.13.4/echo.go:6692025-11-13T12:22:07Z net/http.serverHandler.ServeHTTP
net/http.serverHandler.ServeHTTP2025-11-13T12:22:07Z 	/usr/lib/go-1.23/src/net/http/server.go:3210
	/usr/lib/go-1.23/src/net/http/server.go:32102025-11-13T12:22:07Z net/http.(*conn).serve
net/http.(*conn).serve2025-11-13T12:22:07Z 	/usr/lib/go-1.23/src/net/http/server.go:2092
	/usr/lib/go-1.23/src/net/http/server.go:20922025-11-13T12:22:07Z runtime.goexit
runtime.goexit2025-11-13T12:22:07Z 	/usr/lib/go-1.23/src/runtime/asm_amd64.s:1700
	/usr/lib/go-1.23/src/runtime/asm_amd64.s:17002025-11-13T12:22:07Z libcob:cancel_context
libcob:cancel_context2025-11-13T12:22:07Z libcob:destroy_context
libcob:destroy_context2025-11-13T12:22:07Z libcob:destroy_context
libcob:destroy_context2025-11-13T12:22:07Z libcob:destroy_context
libcob:destroy_context2025-11-13T12:22:07Z libcob:create_context
libcob:create_context2025-11-13T12:22:07Z libcob:update_context
libcob:update_context2025-11-13T12:22:07Z cob_init start
cob_init start2025-11-13T12:22:07Z cob_init end
cob_init end2025-11-13T12:22:07Z ************************
************************2025-11-13T12:22:07Z * system01_manage start*
* system01_manage start*2025-11-13T12:22:07Z ************************
************************2025-11-13T12:22:07Z SYS01REQ-OBJECT not low_value
SYS01REQ-OBJECT not low_value2025-11-13T12:22:07Z PHYSRES-OBJECT not low_value
PHYSRES-OBJECT not low_value2025-11-13T12:22:07Z XMLWRITE OK      = +000000000
XMLWRITE OK      = +0000000002025-11-13T12:22:07Z ***********************
***********************2025-11-13T12:22:07Z * system01_manage end *
* system01_manage end *2025-11-13T12:22:07Z ***********************
***********************2025-11-13T12:22:07Z 2025/11/13 19:45:15 API-:orca  ormaster system01lstv2 ORAPI101R1V2 false api:14ms tot:18ms 
2025/11/13 19:45:15 API-:orca  ormaster system01lstv2 ORAPI101R1V2 false api:14ms tot:18ms 2025-11-13T12:22:07Z DestroySessionWithWS: ormaster
DestroySessionWithWS: ormaster2025-11-13T12:22:07Z 2025/11/13 19:45:15 DestroyContext: false
2025/11/13 19:45:15 DestroyContext: false2025-11-13T12:22:07Z libcob:cancel_context
libcob:cancel_context2025-11-13T12:22:07Z libcob:create_context
libcob:create_context2025-11-13T12:22:07Z libcob:update_context
libcob:update_context2025-11-13T12:22:07Z cob_init start
cob_init start2025-11-13T12:22:07Z cob_init end
cob_init end2025-11-13T12:22:07Z ***************
***************2025-11-13T12:22:07Z * accept start*
* accept start*2025-11-13T12:22:07Z ***************
***************2025-11-13T12:22:07Z MDCRES-OBJECT not low_value
MDCRES-OBJECT not low_value2025-11-13T12:22:07Z ***************
***************2025-11-13T12:22:07Z * accept end  *
* accept end  *2025-11-13T12:22:07Z ***************
***************2025-11-13T12:22:07Z 2025/11/13 19:48:59 API-:orca  ormaster medicalmodv2 ORAPI021S1V2 false api:130ms tot:136ms 
2025/11/13 19:48:59 API-:orca  ormaster medicalmodv2 ORAPI021S1V2 false api:130ms tot:136ms 2025-11-13T12:22:07Z DestroySessionWithWS: ormaster
DestroySessionWithWS: ormaster2025-11-13T12:22:07Z 2025/11/13 19:48:59 DestroyContext: false
2025/11/13 19:48:59 DestroyContext: false2025-11-13T12:22:07Z libcob:cancel_context
libcob:cancel_context2025-11-13T12:22:07Z libcob:destroy_context
libcob:destroy_context2025-11-13T12:22:07Z libcob:create_context
libcob:create_context2025-11-13T12:22:07Z libcob:update_context
libcob:update_context2025-11-13T12:22:07Z cob_init start
cob_init start2025-11-13T12:22:07Z cob_init end
cob_init end2025-11-13T12:22:07Z ***************
***************2025-11-13T12:22:07Z * accept start*
* accept start*2025-11-13T12:22:07Z ***************
***************2025-11-13T12:22:07Z MDCRES-OBJECT not low_value
MDCRES-OBJECT not low_value2025-11-13T12:22:07Z ***************
***************2025-11-13T12:22:07Z * accept end  *
* accept end  *2025-11-13T12:22:07Z ***************
***************2025-11-13T12:22:07Z 2025/11/13 19:51:20 API-:orca  ormaster medicalmodv2 ORAPI021S1V2 false api:133ms tot:138ms 
2025/11/13 19:51:20 API-:orca  ormaster medicalmodv2 ORAPI021S1V2 false api:133ms tot:138ms 2025-11-13T12:22:07Z DestroySessionWithWS: ormaster
DestroySessionWithWS: ormaster2025-11-13T12:22:07Z 2025/11/13 19:51:20 DestroyContext: false
2025/11/13 19:51:20 DestroyContext: false2025-11-13T12:22:07Z libcob:cancel_context
libcob:cancel_context2025-11-13T12:22:07Z libcob:destroy_context
libcob:destroy_context2025-11-13T12:22:07Z libcob:destroy_context
libcob:destroy_context2025-11-13T12:22:07Z libcob:create_context
libcob:create_context2025-11-13T12:22:07Z libcob:update_context
libcob:update_context2025-11-13T12:22:07Z cob_init start
cob_init start2025-11-13T12:22:07Z cob_init end
cob_init end2025-11-13T12:22:07Z ***************
***************2025-11-13T12:22:07Z * accept start*
* accept start*2025-11-13T12:22:07Z ***************
***************2025-11-13T12:22:07Z MDCRES-OBJECT not low_value
MDCRES-OBJECT not low_value2025-11-13T12:22:07Z ***************
***************2025-11-13T12:22:07Z * accept end  *
* accept end  *2025-11-13T12:22:07Z ***************
***************2025-11-13T12:22:07Z 2025/11/13 19:58:03 API-:orca  ormaster medicalmodv2 ORAPI021S1V2 false api:95ms tot:98ms 
2025/11/13 19:58:03 API-:orca  ormaster medicalmodv2 ORAPI021S1V2 false api:95ms tot:98ms 2025-11-13T12:22:07Z DestroySessionWithWS: ormaster
DestroySessionWithWS: ormaster2025-11-13T12:22:07Z 2025/11/13 19:58:03 DestroyContext: false
2025/11/13 19:58:03 DestroyContext: false2025-11-13T12:22:07Z libcob:cancel_context
libcob:cancel_context2025-11-13T12:22:07Z libcob:destroy_context
libcob:destroy_context2025-11-13T12:22:07Z libcob:create_context
libcob:create_context2025-11-13T12:22:07Z libcob:update_context
libcob:update_context2025-11-13T12:22:07Z cob_init start
cob_init start2025-11-13T12:22:07Z cob_init end
cob_init end2025-11-13T12:22:07Z ***************
***************2025-11-13T12:22:07Z * accept start*
* accept start*2025-11-13T12:22:07Z ***************
***************2025-11-13T12:22:07Z MDCRES-OBJECT not low_value
MDCRES-OBJECT not low_value2025-11-13T12:22:07Z ***************
***************2025-11-13T12:22:07Z * accept end  *
* accept end  *2025-11-13T12:22:07Z ***************
***************2025-11-13T12:22:07Z 2025/11/13 20:03:21 API-:orca  ormaster medicalmodv2 ORAPI021S1V2 false api:87ms tot:91ms 
2025/11/13 20:03:21 API-:orca  ormaster medicalmodv2 ORAPI021S1V2 false api:87ms tot:91ms 2025-11-13T12:22:07Z DestroySessionWithWS: ormaster
DestroySessionWithWS: ormaster2025-11-13T12:22:07Z 2025/11/13 20:03:21 DestroyContext: false
2025/11/13 20:03:21 DestroyContext: false2025-11-13T12:22:07Z libcob:cancel_context
libcob:cancel_context2025-11-13T12:22:07Z libcob:create_context
libcob:create_context2025-11-13T12:22:07Z libcob:update_context
libcob:update_context2025-11-13T12:22:07Z cob_init start
cob_init start2025-11-13T12:22:07Z cob_init end
cob_init end2025-11-13T12:22:07Z ************************
************************2025-11-13T12:22:07Z * system01_manage start*
* system01_manage start*2025-11-13T12:22:07Z ************************
************************2025-11-13T12:22:07Z SYS01REQ-OBJECT not low_value
SYS01REQ-OBJECT not low_value2025-11-13T12:22:07Z PHYSRES-OBJECT not low_value
PHYSRES-OBJECT not low_value2025-11-13T12:22:07Z XMLWRITE OK      = +000000000
XMLWRITE OK      = +0000000002025-11-13T12:22:07Z ***********************
***********************2025-11-13T12:22:07Z * system01_manage end *
* system01_manage end *2025-11-13T12:22:07Z ***********************
***********************2025-11-13T12:22:07Z 2025/11/13 20:04:15 API-:orca  ormaster system01lstv2 ORAPI101R1V2 false api:20ms tot:26ms 
2025/11/13 20:04:15 API-:orca  ormaster system01lstv2 ORAPI101R1V2 false api:20ms tot:26ms 2025-11-13T12:22:07Z DestroySessionWithWS: ormaster
DestroySessionWithWS: ormaster2025-11-13T12:22:07Z 2025/11/13 20:04:15 DestroyContext: false
2025/11/13 20:04:15 DestroyContext: false2025-11-13T12:22:07Z libcob:cancel_context
libcob:cancel_context2025-11-13T12:22:07Z libcob:create_context
libcob:create_context2025-11-13T12:22:07Z libcob:update_context
libcob:update_context2025-11-13T12:22:07Z cob_init start
cob_init start2025-11-13T12:22:07Z cob_init end
cob_init end2025-11-13T12:22:07Z ***************
***************2025-11-13T12:22:07Z * accept start*
* accept start*2025-11-13T12:22:07Z ***************
***************2025-11-13T12:22:07Z MDCRES-OBJECT not low_value
MDCRES-OBJECT not low_value2025-11-13T12:22:07Z ***************
***************2025-11-13T12:22:07Z * accept end  *
* accept end  *2025-11-13T12:22:07Z ***************
***************2025-11-13T12:22:07Z 2025/11/13 20:05:41 API-:orca  ormaster medicalmodv2 ORAPI021S1V2 false api:27ms tot:31ms 
2025/11/13 20:05:41 API-:orca  ormaster medicalmodv2 ORAPI021S1V2 false api:27ms tot:31ms 2025-11-13T12:22:07Z DestroySessionWithWS: ormaster
DestroySessionWithWS: ormaster2025-11-13T12:22:07Z 2025/11/13 20:05:41 DestroyContext: false
2025/11/13 20:05:41 DestroyContext: false2025-11-13T12:22:07Z libcob:cancel_context
libcob:cancel_context2025-11-13T12:22:07Z libcob:update_context
libcob:update_context2025-11-13T12:22:07Z ************************
************************2025-11-13T12:22:07Z * system01_manage start*
* system01_manage start*2025-11-13T12:22:07Z ************************
************************2025-11-13T12:22:07Z SYS01REQ-OBJECT not low_value
SYS01REQ-OBJECT not low_value2025-11-13T12:22:07Z PHYSRES-OBJECT not low_value
PHYSRES-OBJECT not low_value2025-11-13T12:22:07Z XMLWRITE OK      = +000000000
XMLWRITE OK      = +0000000002025-11-13T12:22:07Z ***********************
***********************2025-11-13T12:22:07Z * system01_manage end *
* system01_manage end *2025-11-13T12:22:07Z ***********************
***********************2025-11-13T12:22:07Z 2025/11/13 20:07:53 API-:orca  ormaster system01lstv2 ORAPI101R1V2 false api:16ms tot:19ms 
2025/11/13 20:07:53 API-:orca  ormaster system01lstv2 ORAPI101R1V2 false api:16ms tot:19ms 2025-11-13T12:22:07Z DestroySessionWithWS: ormaster
DestroySessionWithWS: ormaster2025-11-13T12:22:07Z 2025/11/13 20:07:53 DestroyContext: false
2025/11/13 20:07:53 DestroyContext: false2025-11-13T12:22:07Z &{GET /api01rv2/patientgetv2?id=000001 HTTP/1.1 1 1 map[Accept:[*/*] User-Agent:[curl/8.7.1]] {} <nil> 0 [] false localhost:8000 map[] map[] <nil> map[] 172.217.161.36:35107 /api01rv2/patientgetv2?id=000001 <nil> <nil> <nil>  0xc005536050 <nil> [] map[]}
&{GET /api01rv2/patientgetv2?id=000001 HTTP/1.1 1 1 map[Accept:[*/*] User-Agent:[curl/8.7.1]] {} <nil> 0 [] false localhost:8000 map[] map[] <nil> map[] 172.217.161.36:35107 /api01rv2/patientgetv2?id=000001 <nil> <nil> <nil>  0xc005536050 <nil> [] map[]}2025-11-13T12:22:07Z 2025/11/13 20:29:22 Auth Error:401   
2025/11/13 20:29:22 Auth Error:401   2025-11-13T12:22:07Z &{GET /api01rv2/patientgetv2?id=000001 HTTP/1.1 1 1 map[Accept:[*/*] User-Agent:[curl/8.7.1]] {} <nil> 0 [] false localhost:8000 map[] map[] <nil> map[] 172.217.161.36:17514 /api01rv2/patientgetv2?id=000001 <nil> <nil> <nil>  0xc005536140 <nil> [] map[]}
&{GET /api01rv2/patientgetv2?id=000001 HTTP/1.1 1 1 map[Accept:[*/*] User-Agent:[curl/8.7.1]] {} <nil> 0 [] false localhost:8000 map[] map[] <nil> map[] 172.217.161.36:17514 /api01rv2/patientgetv2?id=000001 <nil> <nil> <nil>  0xc005536140 <nil> [] map[]}2025-11-13T12:22:07Z 2025/11/13 20:32:01 Auth Error:401   
2025/11/13 20:32:01 Auth Error:401   2025-11-13T12:22:07Z &{GET /api01rv2/patientgetv2?id=000001 HTTP/1.1 1 1 map[Accept:[*/*] User-Agent:[curl/8.7.1]] {} <nil> 0 [] false localhost:8000 map[] map[] <nil> map[] 172.217.161.36:52735 /api01rv2/patientgetv2?id=000001 <nil> <nil> <nil>  0xc005536050 <nil> [] map[]}
&{GET /api01rv2/patientgetv2?id=000001 HTTP/1.1 1 1 map[Accept:[*/*] User-Agent:[curl/8.7.1]] {} <nil> 0 [] false localhost:8000 map[] map[] <nil> map[] 172.217.161.36:52735 /api01rv2/patientgetv2?id=000001 <nil> <nil> <nil>  0xc005536050 <nil> [] map[]}2025-11-13T12:22:07Z 2025/11/13 21:20:48 Auth Error:401   
2025/11/13 21:20:48 Auth Error:401   2025-11-13T12:22:07Z &{GET /api01rv2/patientgetv2?id=000001 HTTP/1.1 1 1 map[Accept:[*/*] User-Agent:[curl/8.7.1]] {} <nil> 0 [] false localhost:8000 map[] map[] <nil> map[] 172.217.161.36:35046 /api01rv2/patientgetv2?id=000001 <nil> <nil> <nil>  0xc001564050 <nil> [] map[]}
&{GET /api01rv2/patientgetv2?id=000001 HTTP/1.1 1 1 map[Accept:[*/*] User-Agent:[curl/8.7.1]] {} <nil> 0 [] false localhost:8000 map[] map[] <nil> map[] 172.217.161.36:35046 /api01rv2/patientgetv2?id=000001 <nil> <nil> <nil>  0xc001564050 <nil> [] map[]}2025-11-13T12:22:07Z 2025/11/13 21:21:49 Auth Error:401   
2025/11/13 21:21:49 Auth Error:401   2025-11-13T12:22:07Z &{GET /api01rv2/patientgetv2?id=000001 HTTP/1.1 1 1 map[Accept:[*/*] User-Agent:[curl/8.7.1]] {} <nil> 0 [] false localhost:8000 map[] map[] <nil> map[] 172.217.161.36:22347 /api01rv2/patientgetv2?id=000001 <nil> <nil> <nil>  0xc0002120a0 <nil> [] map[]}
&{GET /api01rv2/patientgetv2?id=000001 HTTP/1.1 1 1 map[Accept:[*/*] User-Agent:[curl/8.7.1]] {} <nil> 0 [] false localhost:8000 map[] map[] <nil> map[] 172.217.161.36:22347 /api01rv2/patientgetv2?id=000001 <nil> <nil> <nil>  0xc0002120a0 <nil> [] map[]}2025-11-13T12:22:07Z 2025/11/13 21:22:05 Auth Error:401   
2025/11/13 21:22:05 Auth Error:401   