15:44:27.150371 == Info:   Trying 100.102.17.40:8000...
15:44:27.153050 == Info: Connected to 100.102.17.40 (100.102.17.40) port 8000
15:44:27.153059 == Info: Server auth using Basic with user 'ormaster'
15:44:27.153078 => Send header, 225 bytes (0xe1)
0000: POST /api01rv2/acceptlstv2?class=01 HTTP/1.1
002e: Host: 100.102.17.40:8000
0048: Authorization: Basic **masked**
0077: User-Agent: curl/8.5.0
008f: Accept: */*
009c: Content-Type: application/xml; charset=UTF-8
00ca: Content-Length: 441
00df: 
15:44:27.153327 => Send data, 441 bytes (0x1b9)
0000: <?xml version="1.0" encoding="UTF-8"?>.<!-- orca-meta:.path=/api
0040: 01rv2/acceptlstv2.method=POST.query=class=01.content-type=applic
0080: ation/xml; charset=UTF-8.-->.<data>.  <acceptlstreq>.    <Accept
00c0: ance_Date>2025-11-20</Acceptance_Date>.    <Department_Code>01</
0100: Department_Code>.    <Physician_Code>0001</Physician_Code>.    <
0140: Medical_Information>01</Medical_Information>.    <Display_Order_
0180: Sort>True</Display_Order_Sort>.  </acceptlstreq>.</data>.
15:44:27.205068 <= Recv header, 17 bytes (0x11)
0000: HTTP/1.1 200 OK
15:44:27.208298 <= Recv header, 46 bytes (0x2e)
0000: Content-Type: application/xml; charset=UTF-8
15:44:27.208650 <= Recv header, 22 bytes (0x16)
0000: X-Hybridmode: normal
15:44:27.208975 <= Recv header, 37 bytes (0x25)
0000: Date: Fri, 21 Nov 2025 06:44:32 GMT
15:44:27.209251 <= Recv header, 21 bytes (0x15)
0000: Content-Length: 648
15:44:27.209652 <= Recv header, 2 bytes (0x2)
0000: 
15:44:27.209764 <= Recv data, 648 bytes (0x288)
0000: <?xml version="1.0" encoding="UTF-8"?>.<xmlio2>.<acceptlstres ty
0040: pe="record">.<Information_Date type="string">2025-11-21</Informa
0080: tion_Date>.<Information_Time type="string">15:44:32</Information
00c0: _Time>.<Api_Result type="string">13</Api_Result>.<Api_Result_Mes
0100: sage type="string">.................................</Api_Result
0140: _Message>.<Reskey type="string">Patient Info</Reskey>.<Acceptanc
0180: e_Date type="string">2025-11-20</Acceptance_Date>.<Acceptlst_Inf
01c0: ormation type="array">.<Acceptlst_Information_child type="record
0200: ">.<Physician_Code type="string">0001</Physician_Code>.</Acceptl
0240: st_Information_child>.</Acceptlst_Information>.</acceptlstres>.<
0280: /xmlio2>
15:44:27.210965 == Info: Connection #0 to host 100.102.17.40 left intact
