[INFO] Scanning for projects...
[INFO] ------------------------------------------------------------------------
[INFO] Reactor Build Order:
[INFO] 
[INFO] OpenDolphin                                                        [pom]
[INFO] opendolphin-common                                                 [jar]
[INFO] opendolphin-reporting                                              [jar]
[INFO] opendolphin-server                                                 [war]
[INFO] 
[INFO] ----------------------< opendolphin:opendolphin >-----------------------
[INFO] Building OpenDolphin 2.7.1                                         [1/4]
[INFO]   from pom.server-classic.xml
[INFO] --------------------------------[ pom ]---------------------------------
[INFO] 
[INFO] -------------------< opendolphin:opendolphin-common >-------------------
[INFO] Building opendolphin-common 2.7.1                                  [2/4]
[INFO]   from common/pom.xml
[INFO] --------------------------------[ jar ]---------------------------------
[INFO] 
[INFO] --- resources:3.3.1:resources (default-resources) @ opendolphin-common ---
[INFO] Copying 1 resource from src/main/resources to target/classes
[INFO] 
[INFO] --- compiler:3.11.0:compile (default-compile) @ opendolphin-common ---
[INFO] Nothing to compile - all classes are up to date
[INFO] 
[INFO] --- resources:3.3.1:testResources (default-testResources) @ opendolphin-common ---
[INFO] skip non existing resourceDirectory /Users/Hayato/Documents/GitHub/OpenDolphin_WebClient/common/src/test/resources
[INFO] 
[INFO] --- compiler:3.11.0:testCompile (default-testCompile) @ opendolphin-common ---
[INFO] Nothing to compile - all classes are up to date
[INFO] 
[INFO] --- surefire:3.2.5:test (default-test) @ opendolphin-common ---
[INFO] Tests are skipped.
[INFO] 
[INFO] --- resources:3.3.1:copy-resources (legacy-persistence) @ opendolphin-common ---
[INFO] Copying 1 resource from src/main/resources-legacy to target/classes
[INFO] 
[INFO] --- jar:3.3.0:jar (default-jar) @ opendolphin-common ---
[INFO] Building jar: /Users/Hayato/Documents/GitHub/OpenDolphin_WebClient/common/target/opendolphin-common-2.7.1.jar
[INFO] 
[INFO] --- jar:3.3.0:jar (jakarta-no-persistence) @ opendolphin-common ---
[INFO] Building jar: /Users/Hayato/Documents/GitHub/OpenDolphin_WebClient/common/target/opendolphin-common-2.7.1-jakarta.jar
[INFO] 
[INFO] --- build-helper:3.5.0:attach-artifact (attach-jakarta-jar) @ opendolphin-common ---
[WARNING] artifact opendolphin:opendolphin-common:jar:jakarta:2.7.1 already attached, replace previous instance
[INFO] 
[INFO] --- shade:3.5.3:shade (legacy-relocations) @ opendolphin-common ---
[INFO] Including commons-codec:commons-codec:jar:1.17.1 in the shaded jar.
[WARNING] commons-codec-1.17.1.jar, opendolphin-common-2.7.1.jar define 1 overlapping resource: 
[WARNING]   - META-INF/MANIFEST.MF
[WARNING] maven-shade-plugin has detected that some files are
[WARNING] present in two or more JARs. When this happens, only one
[WARNING] single version of the file is copied to the uber jar.
[WARNING] Usually this is not harmful and you can skip these warnings,
[WARNING] otherwise try to manually exclude artifacts based on
[WARNING] mvn dependency:tree -Ddetail=true and the above output.
[WARNING] See https://maven.apache.org/plugins/maven-shade-plugin/
[INFO] Attaching shaded artifact.
[INFO] 
[INFO] -----------------< opendolphin:opendolphin-reporting >------------------
[INFO] Building opendolphin-reporting 2.7.1                               [3/4]
[INFO]   from reporting/pom.xml
[INFO] --------------------------------[ jar ]---------------------------------
[INFO] 
[INFO] --- resources:3.3.1:resources (default-resources) @ opendolphin-reporting ---
[INFO] skip non existing resourceDirectory /Users/Hayato/Documents/GitHub/OpenDolphin_WebClient/reporting/src/main/resources
[INFO] Copying 7 resources from ../server-modernized/reporting/templates to target/classes/reporting/templates
[INFO] Copying 1 resource from ../server-modernized/reporting/glossary to target/classes/reporting/glossary
[INFO] 
[INFO] --- compiler:3.11.0:compile (default-compile) @ opendolphin-reporting ---
[INFO] Nothing to compile - all classes are up to date
[INFO] 
[INFO] --- resources:3.3.1:testResources (default-testResources) @ opendolphin-reporting ---
[INFO] skip non existing resourceDirectory /Users/Hayato/Documents/GitHub/OpenDolphin_WebClient/reporting/src/test/resources
[INFO] 
[INFO] --- compiler:3.11.0:testCompile (default-testCompile) @ opendolphin-reporting ---
[INFO] No sources to compile
[INFO] 
[INFO] --- surefire:3.2.5:test (default-test) @ opendolphin-reporting ---
[INFO] Tests are skipped.
[INFO] 
[INFO] --- jar:3.4.1:jar (default-jar) @ opendolphin-reporting ---
[INFO] 
[INFO] -------------------< opendolphin:opendolphin-server >-------------------
[INFO] Building opendolphin-server 2.7.1                                  [4/4]
[INFO]   from server/pom.xml
[INFO] --------------------------------[ war ]---------------------------------
[WARNING] The artifact jdom:jdom:jar:1.1 has been relocated to org.jdom:jdom:jar:1.1
[INFO] 
[INFO] --- resources:3.3.1:resources (default-resources) @ opendolphin-server ---
[INFO] skip non existing resourceDirectory /Users/Hayato/Documents/GitHub/OpenDolphin_WebClient/server/src/main/resources
[INFO] 
[INFO] --- compiler:2.3.2:compile (default-compile) @ opendolphin-server ---
[INFO] Nothing to compile - all classes are up to date
[INFO] 
[INFO] --- resources:3.3.1:testResources (default-testResources) @ opendolphin-server ---
[INFO] skip non existing resourceDirectory /Users/Hayato/Documents/GitHub/OpenDolphin_WebClient/server/src/test/resources
[INFO] 
[INFO] --- compiler:2.3.2:testCompile (default-testCompile) @ opendolphin-server ---
[INFO] No sources to compile
[INFO] 
[INFO] --- surefire:3.2.5:test (default-test) @ opendolphin-server ---
[INFO] Tests are skipped.
[INFO] 
[INFO] --- war:3.4.0:war (default-war) @ opendolphin-server ---
[INFO] Packaging webapp
[INFO] Assembling webapp [opendolphin-server] in [/Users/Hayato/Documents/GitHub/OpenDolphin_WebClient/server/target/opendolphin-server-2.7.1]
[INFO] Processing war project
[INFO] Copying webapp resources [/Users/Hayato/Documents/GitHub/OpenDolphin_WebClient/server/src/main/webapp]
[INFO] Building war: /Users/Hayato/Documents/GitHub/OpenDolphin_WebClient/server/target/opendolphin-server-2.7.1.war
[INFO] ------------------------------------------------------------------------
[INFO] Reactor Summary for OpenDolphin 2.7.1:
[INFO] 
[INFO] OpenDolphin ........................................ SUCCESS [  0.001 s]
[INFO] opendolphin-common ................................. SUCCESS [  0.832 s]
[INFO] opendolphin-reporting .............................. SUCCESS [  0.103 s]
[INFO] opendolphin-server ................................. SUCCESS [  0.551 s]
[INFO] ------------------------------------------------------------------------
[INFO] BUILD SUCCESS
[INFO] ------------------------------------------------------------------------
[INFO] Total time:  1.540 s
[INFO] Finished at: 2025-11-12T20:42:00+09:00
[INFO] ------------------------------------------------------------------------
