[INFO] Scanning for projects...
[INFO] ------------------------------------------------------------------------
[INFO] Reactor Build Order:
[INFO] 
[INFO] OpenDolphin                                                        [pom]
[INFO] opendolphin-common                                                 [jar]
[INFO] opendolphin-reporting                                              [jar]
[INFO] opendolphin-server                                                 [war]
[INFO] 
[INFO] ----------------------< opendolphin:opendolphin >-----------------------
[INFO] Building OpenDolphin 2.7.1                                         [1/4]
[INFO]   from pom.server-classic.xml
[INFO] --------------------------------[ pom ]---------------------------------
[INFO] 
[INFO] --- dependency:3.7.0:tree (default-cli) @ opendolphin ---
[INFO] 
[INFO] -------------------< opendolphin:opendolphin-common >-------------------
[INFO] Building opendolphin-common 2.7.1                                  [2/4]
[INFO]   from common/pom.xml
[INFO] --------------------------------[ jar ]---------------------------------
[INFO] 
[INFO] --- dependency:3.7.0:tree (default-cli) @ opendolphin-common ---
[INFO] 
[INFO] -----------------< opendolphin:opendolphin-reporting >------------------
[INFO] Building opendolphin-reporting 2.7.1                               [3/4]
[INFO]   from reporting/pom.xml
[INFO] --------------------------------[ jar ]---------------------------------
[INFO] 
[INFO] --- dependency:3.7.0:tree (default-cli) @ opendolphin-reporting ---
[INFO] 
[INFO] -------------------< opendolphin:opendolphin-server >-------------------
[INFO] Building opendolphin-server 2.7.1                                  [4/4]
[INFO]   from server/pom.xml
[INFO] --------------------------------[ war ]---------------------------------
[WARNING] The artifact jdom:jdom:jar:1.1 has been relocated to org.jdom:jdom:jar:1.1
[INFO] 
[INFO] --- dependency:3.7.0:tree (default-cli) @ opendolphin-server ---
[WARNING] The artifact jdom:jdom:jar:1.1 has been relocated to org.jdom:jdom:jar:1.1
[INFO] opendolphin:opendolphin-server:war:2.7.1
[INFO] \- javax.persistence:javax.persistence-api:jar:2.2:provided
[INFO] ------------------------------------------------------------------------
[INFO] Reactor Summary for OpenDolphin 2.7.1:
[INFO] 
[INFO] OpenDolphin ........................................ SUCCESS [  0.344 s]
[INFO] opendolphin-common ................................. SUCCESS [  0.075 s]
[INFO] opendolphin-reporting .............................. SUCCESS [  0.020 s]
[INFO] opendolphin-server ................................. SUCCESS [  0.051 s]
[INFO] ------------------------------------------------------------------------
[INFO] BUILD SUCCESS
[INFO] ------------------------------------------------------------------------
[INFO] Total time:  0.619 s
[INFO] Finished at: 2025-11-12T20:29:44+09:00
[INFO] ------------------------------------------------------------------------
