# Baseline schema search (UTC 2025-11-08T06:25:50Z)
## Documents
## Downloads
## Dropbox

---
# Secrets follow-up (UTC 2025-11-08T07:43:37Z)
- `ls ~/Secrets` -> No such file or directory（Secrets ストレージ未マウント）
- Gate #40 ベースライン復旧に必要な DDL を受領できていないため、下記テンプレで Ops/DBA へ依頼予定。

## Ops/DBA 依頼テンプレ（Gate #40 ベースライン復旧）
```
宛先: #ops-db / DBA 担当各位
件名: Gate #40 DB ベースライン復旧用 Secrets 配布依頼（UTC 2025-11-08T07:43:37Z）
内容:
- 対象: Legacy + Modernized Postgres ベースライン
- 必要ファイル:
  * legacy-server/db-baseline/opendolphin-legacy-schema.sql
  * legacy-server/db-baseline/opendolphin-legacy-seed.sql
  * server-modernized/db-baseline/opendolphin-modern-schema.sql
- 用途: フェーズ2 Gate #40 をクローズするためのベースライン復旧（psql / flyway ログ取得）
- 期限: UTC 2025-11-08 15:00 までに受領希望（以降の Ops 停止時間を考慮）
- 証跡保存先: artifacts/parity-manual/db-restore/<新UTC>/investigation.log へ shasum と配置ログを記載
- 参考: POSTGRES_BASELINE_RESTORE.md 0. Secrets フロー参照
ご確認のうえ、配布可否とチケット ID をご連絡ください。
```

# Secrets follow-up (UTC 2025-11-08T10:14:55Z)
- `ls ~/Secrets` が引き続き失敗するため、Gate #40 ベースライン復旧用の Secrets 配布依頼を Slack `#ops-db` へ送付（テンプレは 07:43Z 版を再利用し、タイムスタンプと期限のみ更新）。
- Ops 側チケット ID は未発番。返信待ちである旨を `SERVER_MODERNIZED_DEBUG_CHECKLIST.md` と `PHASE2_PROGRESS.md` にブロッカーとして記載予定。

## 送付メッセージ（再依頼）
```
宛先: #ops-db / DBA 担当各位
件名: Gate #40 DB ベースライン復旧用 Secrets 配布依頼（UTC 2025-11-08T10:14:55Z 再送）
内容:
- 対象: Legacy + Modernized Postgres ベースライン
- 必要ファイル:
  * legacy-server/db-baseline/opendolphin-legacy-schema.sql
  * legacy-server/db-baseline/opendolphin-legacy-seed.sql
  * server-modernized/db-baseline/opendolphin-modern-schema.sql
- 用途: フェーズ2 Gate #40 をクローズするためのベースライン復旧（psql / flyway ログ取得）
- 期限: UTC 2025-11-08 18:00 までに受領希望（Ops 夜間メンテ前）
- 証跡保存先: artifacts/parity-manual/db-restore/20251108T101455Z/investigation.log へ shasum と配置ログを記載
- 参考: POSTGRES_BASELINE_RESTORE.md 0. Secrets フロー参照
ご確認のうえ、配布可否とチケット ID をご連絡ください。
```
