Unable to find image 'flyway/flyway:10.17' locally
10.17: Pulling from flyway/flyway
737d7ff87820: Pulling fs layer
98a5437d6fef: Pulling fs layer
7525b10c4bd1: Pulling fs layer
4191f53d9743: Pulling fs layer
f99601f39010: Pulling fs layer
05f4e2b8b055: Pulling fs layer
44a13fc23d23: Pulling fs layer
fe26b7a9fc39: Pulling fs layer
98a5437d6fef: Download complete
7525b10c4bd1: Download complete
4191f53d9743: Download complete
44a13fc23d23: Download complete
f99601f39010: Download complete
f99601f39010: Pull complete
44a13fc23d23: Pull complete
fe26b7a9fc39: Download complete
98a5437d6fef: Pull complete
7525b10c4bd1: Pull complete
4191f53d9743: Pull complete
fe26b7a9fc39: Pull complete
737d7ff87820: Download complete
05f4e2b8b055: Download complete
05f4e2b8b055: Pull complete
737d7ff87820: Pull complete
Digest: sha256:c3f6c156dc928ac0e90c4328c0bf79441495b446231df8118c99cc05e2dd4404
Status: Downloaded newer image for flyway/flyway:10.17
A more recent version of Flyway is available. Find out more about Flyway 11.16.0 at https://rd.gt/3rXiSlV

Flyway OSS Edition 10.17.3 by Redgate

See release notes here: https://rd.gt/416ObMi
Database: jdbc:postgresql://localhost:5432/opendolphin_modern (PostgreSQL 14.19)
Creating schema "opendolphin" ...
Creating Schema History table "opendolphin"."flyway_schema_history" ...
Current version of schema "opendolphin": null
Migrating schema "opendolphin" to version "0001 - baseline tag"
+----------+
| ?column? |
+----------+
| 1        |
+----------+

Migrating schema "opendolphin" to version "0002 - performance indexes"
ERROR: Migration of schema "opendolphin" to version "0002 - performance indexes" failed! Changes successfully rolled back.
ERROR: Script V0002__performance_indexes.sql failed
--------------------------------------------
SQL State  : 42P01
Error Code : 0
Message    : ERROR: relation "appointment_model" does not exist
Location   : sql/V0002__performance_indexes.sql (/flyway/sql/V0002__performance_indexes.sql)
Line       : 4
Statement  : Run Flyway with -X option to see the actual statement causing the problem

Caused by: Script V0002__performance_indexes.sql failed
--------------------------------------------
SQL State  : 42P01
Error Code : 0
Message    : ERROR: relation "appointment_model" does not exist
Location   : sql/V0002__performance_indexes.sql (/flyway/sql/V0002__performance_indexes.sql)
Line       : 4
Statement  : Run Flyway with -X option to see the actual statement causing the problem

Caused by: org.postgresql.util.PSQLException: ERROR: relation "appointment_model" does not exist
