	at org.jboss.threads@2.4.0.Final//org.jboss.threads.EnhancedQueueExecutor$ThreadBody.doRunTask(EnhancedQueueExecutor.java:1486)
	at org.jboss.threads@2.4.0.Final//org.jboss.threads.EnhancedQueueExecutor$ThreadBody.run(EnhancedQueueExecutor.java:1377)
	at org.jboss.xnio@3.8.16.Final//org.xnio.XnioWorker$WorkerThreadFactory$1$1.run(XnioWorker.java:1282)
	at java.base/java.lang.Thread.run(Thread.java:840)
Caused by: java.lang.IllegalArgumentException: attempt to create delete event with null entity
	at org.hibernate@6.4.4.Final//org.hibernate.event.spi.DeleteEvent.<init>(DeleteEvent.java:31)
	at org.hibernate@6.4.4.Final//org.hibernate.internal.SessionImpl.delete(SessionImpl.java:891)
	at org.hibernate@6.4.4.Final//org.hibernate.internal.SessionImpl.remove(SessionImpl.java:2377)
	at org.jboss.as.jpa@33.0.2.Final//org.jboss.as.jpa.container.AbstractEntityManager.remove(AbstractEntityManager.java:641)
	at deployment.opendolphin-server.war//open.dolphin.session.AppoServiceBean.putAppointments(AppoServiceBean.java:54)
	at deployment.opendolphin-server.war//open.dolphin.session.AppoServiceBean$Proxy$_$$_WeldSubclass.putAppointments$$super(Unknown Source)
	at java.base/jdk.internal.reflect.NativeMethodAccessorImpl.invoke0(Native Method)
	at java.base/jdk.internal.reflect.NativeMethodAccessorImpl.invoke(NativeMethodAccessorImpl.java:77)
	at java.base/jdk.internal.reflect.DelegatingMethodAccessorImpl.invoke(DelegatingMethodAccessorImpl.java:43)
	at java.base/java.lang.reflect.Method.invoke(Method.java:569)
	at org.jboss.weld.core@5.1.2.Final//org.jboss.weld.interceptor.proxy.TerminalAroundInvokeInvocationContext.proceedInternal(TerminalAroundInvokeInvocationContext.java:55)
	at org.jboss.weld.core@5.1.2.Final//org.jboss.weld.interceptor.proxy.AroundInvokeInvocationContext.proceed(AroundInvokeInvocationContext.java:86)
	at deployment.opendolphin-server.war//open.dolphin.session.framework.SessionOperationInterceptor.aroundInvoke(SessionOperationInterceptor.java:37)
	... 101 more

[0m[0m21:40:03,725 INFO  [open.dolphin] (default task-1) 192.168.65.1 anonymous PUT /odletter/letter traceId=trace-letter-20251110T123655Z
[0m[0m21:40:03,725 INFO  [open.dolphin] (default task-1) 192.168.65.1 anonymous PUT /odletter/letter traceId=trace-letter-20251110T123655Z
[0m[0m21:40:03,751 INFO  [open.dolphin] (default task-1) LinkID : 0, PatID : WEB1001
[0m[31m21:40:03,753 ERROR [open.dolphin.session.framework.SessionOperationInterceptor] (default task-1) Session operation failed [traceId=trace-letter-20251110T123655Z, operation=open.dolphin.session.LetterServiceBean$Proxy$_$$_WeldSubclass#saveOrUpdateLetter]: open.dolphin.session.framework.SessionServiceException: Session layer failure in open.dolphin.session.LetterServiceBean$Proxy$_$$_WeldSubclass#saveOrUpdateLetter
	at deployment.opendolphin-server.war//open.dolphin.session.framework.SessionOperationInterceptor.wrapException(SessionOperationInterceptor.java:54)
	at deployment.opendolphin-server.war//open.dolphin.session.framework.SessionOperationInterceptor.aroundInvoke(SessionOperationInterceptor.java:39)
	at jdk.internal.reflect.GeneratedMethodAccessor66.invoke(Unknown Source)
	at java.base/jdk.internal.reflect.DelegatingMethodAccessorImpl.invoke(DelegatingMethodAccessorImpl.java:43)
	at java.base/java.lang.reflect.Method.invoke(Method.java:569)
	at org.jboss.weld.core@5.1.2.Final//org.jboss.weld.interceptor.reader.SimpleInterceptorInvocation$SimpleMethodInvocation.invoke(SimpleInterceptorInvocation.java:75)
	at org.jboss.weld.core@5.1.2.Final//org.jboss.weld.interceptor.proxy.NonTerminalAroundInvokeInvocationContext.proceedInternal(NonTerminalAroundInvokeInvocationContext.java:72)
	at org.jboss.weld.core@5.1.2.Final//org.jboss.weld.interceptor.proxy.AroundInvokeInvocationContext.proceed(AroundInvokeInvocationContext.java:86)
	at org.jboss.jts//com.arjuna.ats.jta.cdi.transactional.TransactionalInterceptorBase.invokeInOurTx(TransactionalInterceptorBase.java:181)
	at org.jboss.jts//com.arjuna.ats.jta.cdi.transactional.TransactionalInterceptorBase.invokeInOurTx(TransactionalInterceptorBase.java:169)
	at org.jboss.jts//com.arjuna.ats.jta.cdi.transactional.TransactionalInterceptorRequired.doIntercept(TransactionalInterceptorRequired.java:37)
	at org.jboss.jts//com.arjuna.ats.jta.cdi.transactional.TransactionalInterceptorBase.intercept(TransactionalInterceptorBase.java:74)
	at org.jboss.jts//com.arjuna.ats.jta.cdi.transactional.TransactionalInterceptorRequired.intercept(TransactionalInterceptorRequired.java:31)
	at jdk.internal.reflect.GeneratedMethodAccessor64.invoke(Unknown Source)
	at java.base/jdk.internal.reflect.DelegatingMethodAccessorImpl.invoke(DelegatingMethodAccessorImpl.java:43)
	at java.base/java.lang.reflect.Method.invoke(Method.java:569)
	at org.jboss.weld.core@5.1.2.Final//org.jboss.weld.interceptor.reader.SimpleInterceptorInvocation$SimpleMethodInvocation.invoke(SimpleInterceptorInvocation.java:75)
	at org.jboss.weld.core@5.1.2.Final//org.jboss.weld.interceptor.proxy.InterceptorMethodHandler.executeAroundInvoke(InterceptorMethodHandler.java:90)
	at org.jboss.weld.core@5.1.2.Final//org.jboss.weld.interceptor.proxy.InterceptorMethodHandler.executeInterception(InterceptorMethodHandler.java:73)
	at org.jboss.weld.core@5.1.2.Final//org.jboss.weld.interceptor.proxy.InterceptorMethodHandler.invoke(InterceptorMethodHandler.java:56)
