	at org.jboss.threads@2.4.0.Final//org.jboss.threads.EnhancedQueueExecutor.safeRun(EnhancedQueueExecutor.java:1990)
	at org.jboss.threads@2.4.0.Final//org.jboss.threads.EnhancedQueueExecutor$ThreadBody.doRunTask(EnhancedQueueExecutor.java:1486)
	at org.jboss.threads@2.4.0.Final//org.jboss.threads.EnhancedQueueExecutor$ThreadBody.run(EnhancedQueueExecutor.java:1377)
	at org.jboss.xnio@3.8.16.Final//org.xnio.XnioWorker$WorkerThreadFactory$1$1.run(XnioWorker.java:1282)
	at java.base/java.lang.Thread.run(Thread.java:840)
Caused by: java.lang.IllegalArgumentException: Unable to locate persister: open.dolphin.infomodel.LetterModule
	at org.hibernate@6.4.4.Final//org.hibernate.internal.SessionImpl.firePersist(SessionImpl.java:757)
	at org.hibernate@6.4.4.Final//org.hibernate.internal.SessionImpl.persist(SessionImpl.java:738)
	at org.jboss.as.jpa@33.0.2.Final//org.jboss.as.jpa.container.AbstractEntityManager.persist(AbstractEntityManager.java:566)
	at deployment.opendolphin-server.war//open.dolphin.session.LetterServiceBean.saveOrUpdateLetter(LetterServiceBean.java:46)
	at deployment.opendolphin-server.war//open.dolphin.session.LetterServiceBean$Proxy$_$$_WeldSubclass.saveOrUpdateLetter$$super(Unknown Source)
--
	at java.base/java.lang.reflect.Method.invoke(Method.java:569)
	at org.jboss.weld.core@5.1.2.Final//org.jboss.weld.interceptor.proxy.TerminalAroundInvokeInvocationContext.proceedInternal(TerminalAroundInvokeInvocationContext.java:55)
	at org.jboss.weld.core@5.1.2.Final//org.jboss.weld.interceptor.proxy.AroundInvokeInvocationContext.proceed(AroundInvokeInvocationContext.java:86)
	at deployment.opendolphin-server.war//open.dolphin.session.framework.SessionOperationInterceptor.aroundInvoke(SessionOperationInterceptor.java:37)
	... 101 more
Caused by: org.hibernate.UnknownEntityTypeException: Unable to locate persister: open.dolphin.infomodel.LetterModule
	at org.hibernate@6.4.4.Final//org.hibernate.metamodel.model.domain.internal.MappingMetamodelImpl.getEntityDescriptor(MappingMetamodelImpl.java:393)
	at org.hibernate@6.4.4.Final//org.hibernate.internal.SessionImpl.getEntityPersister(SessionImpl.java:1486)
	at org.hibernate@6.4.4.Final//org.hibernate.engine.internal.ForeignKeys.isTransient(ForeignKeys.java:292)
	at org.hibernate@6.4.4.Final//org.hibernate.event.internal.EntityState.getEntityState(EntityState.java:62)
	at org.hibernate@6.4.4.Final//org.hibernate.event.internal.DefaultPersistEventListener.entityState(DefaultPersistEventListener.java:112)
--
	at org.jboss.threads@2.4.0.Final//org.jboss.threads.EnhancedQueueExecutor.safeRun(EnhancedQueueExecutor.java:1990)
	at org.jboss.threads@2.4.0.Final//org.jboss.threads.EnhancedQueueExecutor$ThreadBody.doRunTask(EnhancedQueueExecutor.java:1486)
	at org.jboss.threads@2.4.0.Final//org.jboss.threads.EnhancedQueueExecutor$ThreadBody.run(EnhancedQueueExecutor.java:1377)
	at org.jboss.xnio@3.8.16.Final//org.xnio.XnioWorker$WorkerThreadFactory$1$1.run(XnioWorker.java:1282)
	at java.base/java.lang.Thread.run(Thread.java:840)
Caused by: java.lang.IllegalArgumentException: Unable to locate persister: open.dolphin.infomodel.LetterModule
	at org.hibernate@6.4.4.Final//org.hibernate.internal.SessionImpl.firePersist(SessionImpl.java:757)
	at org.hibernate@6.4.4.Final//org.hibernate.internal.SessionImpl.persist(SessionImpl.java:738)
	at org.jboss.as.jpa@33.0.2.Final//org.jboss.as.jpa.container.AbstractEntityManager.persist(AbstractEntityManager.java:566)
	at deployment.opendolphin-server.war//open.dolphin.session.LetterServiceBean.saveOrUpdateLetter(LetterServiceBean.java:46)
	at deployment.opendolphin-server.war//open.dolphin.session.LetterServiceBean$Proxy$_$$_WeldSubclass.saveOrUpdateLetter$$super(Unknown Source)
--
	at java.base/java.lang.reflect.Method.invoke(Method.java:569)
	at org.jboss.weld.core@5.1.2.Final//org.jboss.weld.interceptor.proxy.TerminalAroundInvokeInvocationContext.proceedInternal(TerminalAroundInvokeInvocationContext.java:55)
	at org.jboss.weld.core@5.1.2.Final//org.jboss.weld.interceptor.proxy.AroundInvokeInvocationContext.proceed(AroundInvokeInvocationContext.java:86)
	at deployment.opendolphin-server.war//open.dolphin.session.framework.SessionOperationInterceptor.aroundInvoke(SessionOperationInterceptor.java:37)
	... 101 more
Caused by: org.hibernate.UnknownEntityTypeException: Unable to locate persister: open.dolphin.infomodel.LetterModule
	at org.hibernate@6.4.4.Final//org.hibernate.metamodel.model.domain.internal.MappingMetamodelImpl.getEntityDescriptor(MappingMetamodelImpl.java:393)
	at org.hibernate@6.4.4.Final//org.hibernate.internal.SessionImpl.getEntityPersister(SessionImpl.java:1486)
	at org.hibernate@6.4.4.Final//org.hibernate.engine.internal.ForeignKeys.isTransient(ForeignKeys.java:292)
	at org.hibernate@6.4.4.Final//org.hibernate.event.internal.EntityState.getEntityState(EntityState.java:62)
	at org.hibernate@6.4.4.Final//org.hibernate.event.internal.DefaultPersistEventListener.entityState(DefaultPersistEventListener.java:112)
