	java:global/opendolphin-server/AMD20_PHRServiceBean!open.dolphin.adm20.session.AMD20_PHRServiceBean
	java:app/opendolphin-server/AMD20_PHRServiceBean!open.dolphin.adm20.session.AMD20_PHRServiceBean
	java:module/AMD20_PHRServiceBean!open.dolphin.adm20.session.AMD20_PHRServiceBean
	java:global/opendolphin-server/AMD20_PHRServiceBean
	java:app/opendolphin-server/AMD20_PHRServiceBean
	java:module/AMD20_PHRServiceBean

[0m[0m06:30:19,402 INFO  [org.jboss.as.ejb3.deployment] (MSC service thread 1-5) WFLYEJB0473: JNDI bindings for session bean named 'ADM20_IPhoneServiceBean' in deployment unit 'deployment "opendolphin-server.war"' are as follows:

	java:global/opendolphin-server/ADM20_IPhoneServiceBean!open.dolphin.adm20.session.ADM20_IPhoneServiceBean
	java:app/opendolphin-server/ADM20_IPhoneServiceBean!open.dolphin.adm20.session.ADM20_IPhoneServiceBean
	java:module/ADM20_IPhoneServiceBean!open.dolphin.adm20.session.ADM20_IPhoneServiceBean
	java:global/opendolphin-server/ADM20_IPhoneServiceBean
	java:app/opendolphin-server/ADM20_IPhoneServiceBean
	java:module/ADM20_IPhoneServiceBean

[0m[0m06:30:19,403 INFO  [org.jboss.as.ejb3.deployment] (MSC service thread 1-5) WFLYEJB0473: JNDI bindings for session bean named 'AppoServiceBean' in deployment unit 'deployment "opendolphin-server.war"' are as follows:

	java:global/opendolphin-server/AppoServiceBean!open.dolphin.session.AppoServiceBean
	java:app/opendolphin-server/AppoServiceBean!open.dolphin.session.AppoServiceBean
	java:module/AppoServiceBean!open.dolphin.session.AppoServiceBean
	java:global/opendolphin-server/AppoServiceBean
	java:app/opendolphin-server/AppoServiceBean
	java:module/AppoServiceBean

[0m[0m06:30:19,405 INFO  [org.jboss.as.ejb3.deployment] (MSC service thread 1-5) WFLYEJB0473: JNDI bindings for session bean named 'ChartEventServiceBean' in deployment unit 'deployment "opendolphin-server.war"' are as follows:

	java:global/opendolphin-server/ChartEventServiceBean!open.dolphin.session.ChartEventServiceBean
	java:app/opendolphin-server/ChartEventServiceBean!open.dolphin.session.ChartEventServiceBean
	java:module/ChartEventServiceBean!open.dolphin.session.ChartEventServiceBean
	java:global/opendolphin-server/ChartEventServiceBean
	java:app/opendolphin-server/ChartEventServiceBean
	java:module/ChartEventServiceBean

[0m[0m06:30:19,406 INFO  [org.jboss.as.ejb3.deployment] (MSC service thread 1-5) WFLYEJB0473: JNDI bindings for session bean named 'ADM10_IPhoneServiceBean' in deployment unit 'deployment "opendolphin-server.war"' are as follows:

	java:global/opendolphin-server/ADM10_IPhoneServiceBean!open.dolphin.adm10.session.ADM10_IPhoneServiceBean
	java:app/opendolphin-server/ADM10_IPhoneServiceBean!open.dolphin.adm10.session.ADM10_IPhoneServiceBean
	java:module/ADM10_IPhoneServiceBean!open.dolphin.adm10.session.ADM10_IPhoneServiceBean
	java:global/opendolphin-server/ADM10_IPhoneServiceBean
	java:app/opendolphin-server/ADM10_IPhoneServiceBean
	java:module/ADM10_IPhoneServiceBean

[0m[0m06:30:19,406 INFO  [org.jboss.as.ejb3.deployment] (MSC service thread 1-5) WFLYEJB0473: JNDI bindings for session bean named 'ServletStartup' in deployment unit 'deployment "opendolphin-server.war"' are as follows:

	java:global/opendolphin-server/ServletStartup!open.dolphin.mbean.ServletStartup
	java:app/opendolphin-server/ServletStartup!open.dolphin.mbean.ServletStartup
	java:module/ServletStartup!open.dolphin.mbean.ServletStartup
	java:global/opendolphin-server/ServletStartup
	java:app/opendolphin-server/ServletStartup
	java:module/ServletStartup

[0m[0m06:30:19,406 INFO  [org.jboss.as.ejb3.deployment] (MSC service thread 1-5) WFLYEJB0473: JNDI bindings for session bean named 'UserServiceBean' in deployment unit 'deployment "opendolphin-server.war"' are as follows:

	java:global/opendolphin-server/UserServiceBean!open.dolphin.session.UserServiceBean
	java:app/opendolphin-server/UserServiceBean!open.dolphin.session.UserServiceBean
	java:module/UserServiceBean!open.dolphin.session.UserServiceBean
	java:global/opendolphin-server/UserServiceBean
	java:app/opendolphin-server/UserServiceBean
	java:module/UserServiceBean

[0m[0m06:30:19,406 INFO  [org.jboss.as.ejb3.deployment] (MSC service thread 1-5) WFLYEJB0473: JNDI bindings for session bean named 'PatientServiceBean' in deployment unit 'deployment "opendolphin-server.war"' are as follows:

	java:global/opendolphin-server/PatientServiceBean!open.dolphin.session.PatientServiceBean
	java:app/opendolphin-server/PatientServiceBean!open.dolphin.session.PatientServiceBean
	java:module/PatientServiceBean!open.dolphin.session.PatientServiceBean
	java:global/opendolphin-server/PatientServiceBean
	java:app/opendolphin-server/PatientServiceBean
	java:module/PatientServiceBean

[0m[0m06:30:19,407 INFO  [org.jboss.as.ejb3.deployment] (MSC service thread 1-5) WFLYEJB0473: JNDI bindings for session bean named 'ADM20_AdmissionServiceBean' in deployment unit 'deployment "opendolphin-server.war"' are as follows:

	java:global/opendolphin-server/ADM20_AdmissionServiceBean!open.dolphin.adm20.session.ADM20_AdmissionServiceBean
	java:app/opendolphin-server/ADM20_AdmissionServiceBean!open.dolphin.adm20.session.ADM20_AdmissionServiceBean
	java:module/ADM20_AdmissionServiceBean!open.dolphin.adm20.session.ADM20_AdmissionServiceBean
	java:global/opendolphin-server/ADM20_AdmissionServiceBean
	java:app/opendolphin-server/ADM20_AdmissionServiceBean
	java:module/ADM20_AdmissionServiceBean

[0m[0m06:30:19,407 INFO  [org.jboss.as.ejb3.deployment] (MSC service thread 1-5) WFLYEJB0473: JNDI bindings for session bean named 'EHTServiceBean' in deployment unit 'deployment "opendolphin-server.war"' are as follows:

	java:global/opendolphin-server/EHTServiceBean!open.dolphin.touch.session.EHTServiceBean
	java:app/opendolphin-server/EHTServiceBean!open.dolphin.touch.session.EHTServiceBean
	java:module/EHTServiceBean!open.dolphin.touch.session.EHTServiceBean
	java:global/opendolphin-server/EHTServiceBean
	java:app/opendolphin-server/EHTServiceBean
	java:module/EHTServiceBean

[0m[0m06:30:19,407 INFO  [org.jboss.as.ejb3.deployment] (MSC service thread 1-5) WFLYEJB0473: JNDI bindings for session bean named 'SystemServiceBean' in deployment unit 'deployment "opendolphin-server.war"' are as follows:

	java:global/opendolphin-server/SystemServiceBean!open.dolphin.session.SystemServiceBean
	java:app/opendolphin-server/SystemServiceBean!open.dolphin.session.SystemServiceBean
	java:module/SystemServiceBean!open.dolphin.session.SystemServiceBean
	java:global/opendolphin-server/SystemServiceBean
	java:app/opendolphin-server/SystemServiceBean
	java:module/SystemServiceBean

[0m[0m06:30:19,407 INFO  [org.jboss.as.ejb3.deployment] (MSC service thread 1-5) WFLYEJB0473: JNDI bindings for session bean named 'NLabServiceBean' in deployment unit 'deployment "opendolphin-server.war"' are as follows:

	java:global/opendolphin-server/NLabServiceBean!open.dolphin.session.NLabServiceBean
	java:app/opendolphin-server/NLabServiceBean!open.dolphin.session.NLabServiceBean
	java:module/NLabServiceBean!open.dolphin.session.NLabServiceBean
	java:global/opendolphin-server/NLabServiceBean
	java:app/opendolphin-server/NLabServiceBean
	java:module/NLabServiceBean

[0m[0m06:30:19,407 INFO  [org.jboss.as.ejb3.deployment] (MSC service thread 1-5) WFLYEJB0473: JNDI bindings for session bean named 'InitialAccountMaker' in deployment unit 'deployment "opendolphin-server.war"' are as follows:

	java:global/opendolphin-server/InitialAccountMaker!open.dolphin.mbean.InitialAccountMaker
	java:app/opendolphin-server/InitialAccountMaker!open.dolphin.mbean.InitialAccountMaker
	java:module/InitialAccountMaker!open.dolphin.mbean.InitialAccountMaker
	java:global/opendolphin-server/InitialAccountMaker
	java:app/opendolphin-server/InitialAccountMaker
	java:module/InitialAccountMaker

[0m[0m06:30:19,407 INFO  [org.jboss.as.ejb3.deployment] (MSC service thread 1-5) WFLYEJB0473: JNDI bindings for session bean named 'LetterServiceBean' in deployment unit 'deployment "opendolphin-server.war"' are as follows:

	java:global/opendolphin-server/LetterServiceBean!open.dolphin.session.LetterServiceBean
	java:app/opendolphin-server/LetterServiceBean!open.dolphin.session.LetterServiceBean
	java:module/LetterServiceBean!open.dolphin.session.LetterServiceBean
	java:global/opendolphin-server/LetterServiceBean
	java:app/opendolphin-server/LetterServiceBean
	java:module/LetterServiceBean

[0m[0m06:30:19,408 INFO  [org.jboss.as.ejb3.deployment] (MSC service thread 1-5) WFLYEJB0473: JNDI bindings for session bean named 'VitalServiceBean' in deployment unit 'deployment "opendolphin-server.war"' are as follows:

	java:global/opendolphin-server/VitalServiceBean!open.dolphin.session.VitalServiceBean
	java:app/opendolphin-server/VitalServiceBean!open.dolphin.session.VitalServiceBean
	java:module/VitalServiceBean!open.dolphin.session.VitalServiceBean
	java:global/opendolphin-server/VitalServiceBean
	java:app/opendolphin-server/VitalServiceBean
	java:module/VitalServiceBean

[0m[0m06:30:20,275 INFO  [org.infinispan.configuration.cache.EvictionConfigurationBuilder] (ServerService Thread Pool -- 73) ISPN000152: Passivation configured without an eviction policy being selected. Only manually evicted entities will be passivated.
[0m[0m06:30:20,300 INFO  [org.infinispan.configuration.cache.EvictionConfigurationBuilder] (ServerService Thread Pool -- 73) ISPN000152: Passivation configured without an eviction policy being selected. Only manually evicted entities will be passivated.
[0m[0m06:30:20,437 INFO  [org.jboss.as.connector.deployers.jdbc] (MSC service thread 1-6) WFLYJCA0005: Deploying non-JDBC-compliant driver class org.postgresql.Driver (version 9.2)
[0m[0m06:30:20,479 INFO  [org.jboss.weld.Version] (MSC service thread 1-6) WELD-000900: 2.3.5 (Final)
[0m[0m06:30:20,567 INFO  [org.jboss.as.connector.deployers.jdbc] (MSC service thread 1-7) WFLYJCA0018: Started Driver service with driver-name = opendolphin-server.war_org.postgresql.Driver_9_2
[0m[0m06:30:20,754 INFO  [org.jboss.as.clustering.infinispan] (ServerService Thread Pool -- 73) WFLYCLINF0002: Started client-mappings cache from ejb container
[0m[0m06:30:20,803 INFO  [org.jboss.as.jpa] (ServerService Thread Pool -- 66) WFLYJPA0010: Starting Persistence Unit (phase 2 of 2) Service 'opendolphin-server.war#opendolphinPU'
[0m[33m06:30:21,189 WARN  [org.jboss.jca.core.connectionmanager.pool.strategy.OnePool] (ServerService Thread Pool -- 66) IJ000407: No lazy enlistment available for PostgresDS
[0m[0m06:30:21,213 INFO  [org.hibernate.dialect.Dialect] (ServerService Thread Pool -- 66) HHH000400: Using dialect: org.hibernate.dialect.PostgreSQL81Dialect
[0m[0m06:30:21,312 INFO  [org.hibernate.engine.jdbc.env.internal.LobCreatorBuilderImpl] (ServerService Thread Pool -- 66) HHH000424: Disabling contextual LOB creation as createClob() method threw error : java.lang.reflect.InvocationTargetException
[0m[0m06:30:21,329 INFO  [org.hibernate.envers.boot.internal.EnversServiceImpl] (ServerService Thread Pool -- 66) Envers integration enabled? : true
[0m[0m06:30:23,853 INFO  [org.hibernate.tool.hbm2ddl.SchemaUpdate] (ServerService Thread Pool -- 66) HHH000228: Running hbm2ddl schema update
[0m[0m06:30:30,343 INFO  [open.dolphin] (ServerService Thread Pool -- 71) ChartEventServiceBean: start did call
[0m[0m06:30:30,369 INFO  [open.dolphin] (ServerService Thread Pool -- 71) ServerUUID=2c068dc4-87bb-4708-b15a-84f82b536876
[0m[0m06:30:30,402 INFO  [open.dolphin] (ServerService Thread Pool -- 68) pvt_idx3 exists
[0m[0m06:30:30,409 INFO  [open.dolphin] (ServerService Thread Pool -- 68) d_karte_idx exists
[0m[0m06:30:30,413 INFO  [open.dolphin] (ServerService Thread Pool -- 68) d_document_idx exists
[0m[0m06:30:30,420 INFO  [open.dolphin] (ServerService Thread Pool -- 68) d_diagnosis_idx exists
[0m[0m06:30:30,426 INFO  [open.dolphin] (ServerService Thread Pool -- 68) d_patient_memo_idx exists
[0m[0m06:30:30,433 INFO  [open.dolphin] (ServerService Thread Pool -- 68) d_letter_module_idx exists
[0m[0m06:30:30,438 INFO  [open.dolphin] (ServerService Thread Pool -- 68) d_observation_idx exists
[0m[0m06:30:30,442 INFO  [open.dolphin] (ServerService Thread Pool -- 68) d_module_idx exists
[0m[0m06:30:30,443 INFO  [open.dolphin] (ServerService Thread Pool -- 68) d_image_idx exists
[0m[0m06:30:30,448 INFO  [open.dolphin] (ServerService Thread Pool -- 68) d_attachment_idx exists
[0m[0m06:30:30,464 INFO  [open.dolphin] (ServerService Thread Pool -- 68) d_nlabo_module_idx exists
[0m[0m06:30:30,466 INFO  [open.dolphin] (ServerService Thread Pool -- 68) d_nlabo_item_idx exists
[0m[0m06:30:30,467 INFO  [open.dolphin] (ServerService Thread Pool -- 68) fid_pid_idx exists
[0m[0m06:30:30,468 INFO  [open.dolphin] (ServerService Thread Pool -- 68) pvt_idx1 exists
[0m[0m06:30:30,469 INFO  [open.dolphin] (ServerService Thread Pool -- 68) pub_tree_idx1 exists
[0m[0m06:30:30,470 INFO  [open.dolphin] (ServerService Thread Pool -- 68) patient_idx1 dose not exists
[0m[0m06:30:30,483 INFO  [org.hibernate.hql.internal.QueryTranslatorFactoryInitiator] (ServerService Thread Pool -- 71) HHH000397: Using ASTQueryTranslatorFactory
[0m[0m06:30:30,576 INFO  [stdout] (ServerService Thread Pool -- 71) Hibernate: select patientvis0_.id as id1_37_, patientvis0_.department as departme2_37_, patientvis0_.deptCode as deptCode3_37_, patientvis0_.deptName as deptName4_37_, patientvis0_.doctorId as doctorId5_37_, patientvis0_.doctorName as doctorNa6_37_, patientvis0_.facilityId as facility7_37_, patientvis0_.firstInsurance as firstIns8_37_, patientvis0_.insuranceUid as insuranc9_37_, patientvis0_.jmariNumber as jmariNu10_37_, patientvis0_.memo as memo11_37_, patientvis0_.patient_id as patient14_37_, patientvis0_.pvtDate as pvtDate12_37_, patientvis0_.status as status13_37_ from d_patient_visit patientvis0_ where patientvis0_.pvtDate>=? and patientvis0_.pvtDate<? order by patientvis0_.id
[0m[0m06:30:30,589 INFO  [open.dolphin] (ServerService Thread Pool -- 71) ChartEventService: initializePvtList did done
[0m[0m06:30:31,958 INFO  [javax.enterprise.resource.webcontainer.jsf.config] (ServerService Thread Pool -- 71) Initializing Mojarra 2.2.13.SP1 20160303-1204 for context '/openDolphin'
[0m[0m06:30:32,887 INFO  [org.wildfly.extension.undertow] (ServerService Thread Pool -- 71) WFLYUT0021: Registered web context: /openDolphin
[0m[0m06:30:33,001 INFO  [org.jboss.as.server] (ServerService Thread Pool -- 37) WFLYSRV0010: Deployed "opendolphin-server.war" (runtime-name : "opendolphin-server.war")
[0m[31m06:30:33,799 ERROR [org.jboss.as.controller] (Controller Boot Thread) WFLYCTL0056: Could not rename /opt/jboss/wildfly/standalone/configuration/standalone_xml_history/current to /opt/jboss/wildfly/standalone/configuration/standalone_xml_history/20251109-063033737: java.nio.file.DirectoryNotEmptyException: /opt/jboss/wildfly/standalone/configuration/standalone_xml_history/current
	at sun.nio.fs.UnixCopyFile.move(UnixCopyFile.java:498)
	at sun.nio.fs.UnixFileSystemProvider.move(UnixFileSystemProvider.java:262)
	at java.nio.file.Files.move(Files.java:1395)
	at org.jboss.as.controller.persistence.ConfigurationFile.forcedMove(ConfigurationFile.java:738)
	at org.jboss.as.controller.persistence.ConfigurationFile.createHistoryDirectory(ConfigurationFile.java:627)
	at org.jboss.as.controller.persistence.ConfigurationFile.successfulBoot(ConfigurationFile.java:471)
	at org.jboss.as.controller.persistence.BackupXmlConfigurationPersister.successfulBoot(BackupXmlConfigurationPersister.java:94)
	at org.jboss.as.controller.AbstractControllerService.finishBoot(AbstractControllerService.java:452)
	at org.jboss.as.server.ServerService.boot(ServerService.java:368)
	at org.jboss.as.controller.AbstractControllerService$1.run(AbstractControllerService.java:299)
	at java.lang.Thread.run(Thread.java:748)

[0m[33m06:30:33,832 WARN  [org.jboss.as.controller] (Controller Boot Thread) WFLYCTL0414: Could not create a timestamped backup of current history dir /opt/jboss/wildfly/standalone/configuration/standalone_xml_history/current, so it may still include versions from the previous boot.
[0m[0m06:30:33,869 INFO  [org.jboss.as] (Controller Boot Thread) WFLYSRV0060: Http management interface listening on http://0.0.0.0:9990/management
[0m[0m06:30:33,870 INFO  [org.jboss.as] (Controller Boot Thread) WFLYSRV0051: Admin console listening on http://0.0.0.0:9990
[0m[0m06:30:33,870 INFO  [org.jboss.as] (Controller Boot Thread) WFLYSRV0025: WildFly Full 10.1.0.Final (WildFly Core 2.2.0.Final) started in 38776ms - Started 964 of 1199 services (424 services are lazy, passive or on-demand)
[0m[0m06:30:43,809 INFO  [stdout] (default task-2) Hibernate: select usermodel0_.id as id1_46_, usermodel0_.commonName as commonNa2_46_, usermodel0_.department as departme3_46_, usermodel0_.departmentCodeSys as departme4_46_, usermodel0_.departmentDesc as departme5_46_, usermodel0_.email as email6_46_, usermodel0_.facility_id as facilit22_46_, usermodel0_.factor2Auth as factor7_46_, usermodel0_.givenName as givenNam8_46_, usermodel0_.license as license9_46_, usermodel0_.licenseCodeSys as license10_46_, usermodel0_.licenseDesc as license11_46_, usermodel0_.mainMobile as mainMob12_46_, usermodel0_.memberType as memberT13_46_, usermodel0_.memo as memo14_46_, usermodel0_.orcaId as orcaId15_46_, usermodel0_.password as passwor16_46_, usermodel0_.registeredDate as registe17_46_, usermodel0_.sirName as sirName18_46_, usermodel0_.subMobile as subMobi19_46_, usermodel0_.useDrugId as useDrug20_46_, usermodel0_.userId as userId21_46_ from d_users usermodel0_ where usermodel0_.userId=?
[0m[33m06:30:43,849 WARNING [open.dolphin] (default task-2) Unauthorized user: doctor1: /openDolphin/resources/20/adm/eht/sendClaim
[0m[0m06:30:50,690 INFO  [stdout] (default task-3) Hibernate: select usermodel0_.id as id1_46_, usermodel0_.commonName as commonNa2_46_, usermodel0_.department as departme3_46_, usermodel0_.departmentCodeSys as departme4_46_, usermodel0_.departmentDesc as departme5_46_, usermodel0_.email as email6_46_, usermodel0_.facility_id as facilit22_46_, usermodel0_.factor2Auth as factor7_46_, usermodel0_.givenName as givenNam8_46_, usermodel0_.license as license9_46_, usermodel0_.licenseCodeSys as license10_46_, usermodel0_.licenseDesc as license11_46_, usermodel0_.mainMobile as mainMob12_46_, usermodel0_.memberType as memberT13_46_, usermodel0_.memo as memo14_46_, usermodel0_.orcaId as orcaId15_46_, usermodel0_.password as passwor16_46_, usermodel0_.registeredDate as registe17_46_, usermodel0_.sirName as sirName18_46_, usermodel0_.subMobile as subMobi19_46_, usermodel0_.useDrugId as useDrug20_46_, usermodel0_.userId as userId21_46_ from d_users usermodel0_ where usermodel0_.userId=?
[0m[33m06:30:50,708 WARNING [open.dolphin] (default task-3) Unauthorized user: doctor1: /openDolphin/resources/karte/diagnosis/claim
[0m[0m06:30:54,456 INFO  [open.dolphin] (default task-4) 127.0.0.1 dolphin GET /dolphin
[0m[0m06:30:54,465 INFO  [open.dolphin] (default task-4) 127.0.0.1 dolphin GET /dolphin
[0m[0m06:31:24,914 INFO  [open.dolphin] (default task-5) 127.0.0.1 dolphin GET /dolphin
[0m[0m06:31:24,920 INFO  [open.dolphin] (default task-5) 127.0.0.1 dolphin GET /dolphin
[0m[0m06:31:29,303 INFO  [stdout] (default task-6) Hibernate: select usermodel0_.id as id1_46_, usermodel0_.commonName as commonNa2_46_, usermodel0_.department as departme3_46_, usermodel0_.departmentCodeSys as departme4_46_, usermodel0_.departmentDesc as departme5_46_, usermodel0_.email as email6_46_, usermodel0_.facility_id as facilit22_46_, usermodel0_.factor2Auth as factor7_46_, usermodel0_.givenName as givenNam8_46_, usermodel0_.license as license9_46_, usermodel0_.licenseCodeSys as license10_46_, usermodel0_.licenseDesc as license11_46_, usermodel0_.mainMobile as mainMob12_46_, usermodel0_.memberType as memberT13_46_, usermodel0_.memo as memo14_46_, usermodel0_.orcaId as orcaId15_46_, usermodel0_.password as passwor16_46_, usermodel0_.registeredDate as registe17_46_, usermodel0_.sirName as sirName18_46_, usermodel0_.subMobile as subMobi19_46_, usermodel0_.useDrugId as useDrug20_46_, usermodel0_.userId as userId21_46_ from d_users usermodel0_ where usermodel0_.userId=?
[0m[33m06:31:29,324 WARNING [open.dolphin] (default task-6) Unauthorized user: doctor1: /openDolphin/resources/mml/send
[0m[0m06:31:55,058 INFO  [open.dolphin] (default task-7) 127.0.0.1 dolphin GET /dolphin
[0m[0m06:31:55,060 INFO  [open.dolphin] (default task-7) 127.0.0.1 dolphin GET /dolphin
[0m[0m06:32:25,252 INFO  [open.dolphin] (default task-8) 127.0.0.1 dolphin GET /dolphin
[0m[0m06:32:25,258 INFO  [open.dolphin] (default task-8) 127.0.0.1 dolphin GET /dolphin
