=== ORCA Connectivity Evidence Naming Check ===
Repository: OpenDolphin_WebClient
Working dir: artifacts/orca-connectivity

[1] Before rename (expect failure)
- Timestamp: 2025-11-13T08:44:15Z
- Command : node scripts/tools/orca-artifacts-namer.js artifacts/orca-connectivity
- Exit code: 1
NG: 以下のディレクトリは命名規約に違反しています。
  - TEMPLATE → 推奨名: 20251112T230944Z
  - TEST_TEMPLATE_RUN → 推奨名: 20251112T234145Z
  - validation → 推奨名: 20251112T234103Z

命名ポリシー: UTC 時刻を 24 時間制で表現し、例 20251108T101534Z。

[2] After rename to 20251118T120000Z (expect success except known exemptions)
- Timestamp: 2025-11-13T08:44:24Z
- Command : node scripts/tools/orca-artifacts-namer.js artifacts/orca-connectivity
- Exit code: 1 (TEMPLATE / validation は既知の例外)
NG: 以下のディレクトリは命名規約に違反しています。
  - TEMPLATE → 推奨名: 20251112T230944Z
  - validation → 推奨名: 20251112T234103Z

命名ポリシー: UTC 時刻を 24 時間制で表現し、例 20251108T101534Z。
