#1 [internal] load local bake definitions
#1 reading from stdin 606B done
#1 DONE 0.0s

#2 [internal] load build definition from Dockerfile
#2 transferring dockerfile: 4.34kB done
#2 DONE 0.0s

#3 resolve image config for docker-image://docker.io/docker/dockerfile:1.7
#3 DONE 1.3s

#4 docker-image://docker.io/docker/dockerfile:1.7@sha256:a57df69d0ea827fb7266491f2813635de6f17269be881f696fbfdf2d83dda33e
#4 resolve docker.io/docker/dockerfile:1.7@sha256:a57df69d0ea827fb7266491f2813635de6f17269be881f696fbfdf2d83dda33e 0.0s done
#4 CACHED

#5 [internal] load metadata for docker.io/jboss/wildfly:10.1.0.Final
#5 ...

#6 [internal] load metadata for docker.io/library/maven:3.9.6-eclipse-temurin-17
#6 DONE 0.6s

#5 [internal] load metadata for docker.io/jboss/wildfly:10.1.0.Final
#5 DONE 0.6s

#7 [internal] load .dockerignore
#7 transferring context: 133B 0.0s done
#7 DONE 0.1s

#8 [internal] load build context
#8 DONE 0.0s

#9 [stage-1  1/12] FROM docker.io/jboss/wildfly:10.1.0.Final@sha256:455b5f3b2ec9cd206e879b776fa854e09c1a0f534362de57c858906561c4128d
#9 resolve docker.io/jboss/wildfly:10.1.0.Final@sha256:455b5f3b2ec9cd206e879b776fa854e09c1a0f534362de57c858906561c4128d
#9 resolve docker.io/jboss/wildfly:10.1.0.Final@sha256:455b5f3b2ec9cd206e879b776fa854e09c1a0f534362de57c858906561c4128d 0.0s done
#9 DONE 0.0s

#10 [build  1/19] FROM docker.io/library/maven:3.9.6-eclipse-temurin-17@sha256:29a1658b1f3078e07c2b17f7b519b45eb47f65d9628e887eac45a8c5c8f939d4
#10 resolve docker.io/library/maven:3.9.6-eclipse-temurin-17@sha256:29a1658b1f3078e07c2b17f7b519b45eb47f65d9628e887eac45a8c5c8f939d4 0.0s done
#10 DONE 0.0s

#8 [internal] load build context
#8 transferring context: 53.45kB 5.0s
#8 transferring context: 108.31kB 10.0s
#8 transferring context: 158.13kB 14.7s done
#8 DONE 14.7s

#11 [build  5/19] COPY common ./common
#11 CACHED

#12 [build 15/19] RUN mkdir -p /tmp/hbcompat/src/org/hibernate/type /tmp/hbcompat/classes
#12 CACHED

#13 [build  4/19] RUN sed '/<module>server-modernized<\/module>/d' pom.xml > pom.server-classic.xml
#13 CACHED

#14 [build 13/19] RUN mvn -N -f pom.server-classic.xml -s /tmp/maven-settings.xml -B dependency:get -Dartifact=org.hibernate:hibernate-core:5.0.10.Final
#14 CACHED

#15 [build 17/19] RUN javac -cp /root/.m2/repository/org/hibernate/hibernate-core/5.0.10.Final/hibernate-core-5.0.10.Final.jar -d /tmp/hbcompat/classes /tmp/hbcompat/src/org/hibernate/type/StringClobType.java
#15 CACHED

#16 [build  2/19] WORKDIR /workspace
#16 CACHED

#17 [build 16/19] RUN cat <<'JAVA' > /tmp/hbcompat/src/org/hibernate/type/StringClobType.java
#17 CACHED

#18 [build 14/19] RUN mvn -N -f pom.server-classic.xml -s /tmp/maven-settings.xml -B dependency:get -Dartifact=javax.jms:javax.jms-api:2.0.1
#18 CACHED

#19 [build  7/19] COPY client ./client
#19 CACHED

#20 [build 11/19] RUN mvn -N -f pom.server-classic.xml -s /tmp/maven-settings.xml -B install:install-file -Dfile=ext_lib/AppleJavaExtensions.jar -DgroupId=com.apple -DartifactId=AppleJavaExtensions -Dversion=1.6 -Dpackaging=jar
#20 CACHED

#21 [build 12/19] RUN mvn -N -f pom.server-classic.xml -s /tmp/maven-settings.xml -B dependency:get -Dartifact=org.postgresql:postgresql:42.7.3
#21 CACHED

#22 [build  3/19] COPY pom.xml ./
#22 CACHED

#23 [build  8/19] COPY ext_lib ./ext_lib
#23 CACHED

#24 [build 10/19] RUN mvn -N -f pom.server-classic.xml -s /tmp/maven-settings.xml -B install:install-file -Dfile=ext_lib/iTextAsian.jar -DgroupId=opendolphin -DartifactId=itext-font -Dversion=1.0 -Dpackaging=jar
#24 CACHED

#25 [build  6/19] COPY server ./server
#25 CACHED

#26 [build  9/19] COPY ops/shared/docker/settings.xml /tmp/maven-settings.xml
#26 CACHED

#27 [build 18/19] RUN jar cf /tmp/hbcompat/string-clob-type-compat.jar -C /tmp/hbcompat/classes .
#27 CACHED

#28 [build 19/19] RUN mvn -f pom.server-classic.xml -s /tmp/maven-settings.xml -B -pl server -am -Plegacy-wildfly10 -DskipTests package &&     mv server/target/opendolphin-server-*.war server/target/opendolphin-server.war
#28 1.255 [INFO] Scanning for projects...
#28 1.330 [INFO] ------------------------------------------------------------------------
#28 1.330 [INFO] Reactor Build Order:
#28 1.330 [INFO] 
#28 1.331 [INFO] OpenDolphin                                                        [pom]
#28 1.332 [INFO] opendolphin-common                                                 [jar]
#28 1.332 [INFO] opendolphin-server                                                 [war]
#28 1.338 [INFO] 
#28 1.339 [INFO] ----------------------< opendolphin:opendolphin >-----------------------
#28 1.339 [INFO] Building OpenDolphin 2.7.1                                         [1/3]
#28 1.339 [INFO]   from pom.server-classic.xml
#28 1.339 [INFO] --------------------------------[ pom ]---------------------------------
#28 1.340 [INFO] 
#28 1.340 [INFO] -------------------< opendolphin:opendolphin-common >-------------------
#28 1.340 [INFO] Building opendolphin-common 2.7.1                                  [2/3]
#28 1.340 [INFO]   from common/pom.xml
#28 1.340 [INFO] --------------------------------[ jar ]---------------------------------
#28 1.521 [INFO] Downloading from central: https://repo.maven.apache.org/maven2/org/apache/maven/plugins/maven-resources-plugin/3.3.1/maven-resources-plugin-3.3.1.pom
#28 1.766 [INFO] Downloaded from central: https://repo.maven.apache.org/maven2/org/apache/maven/plugins/maven-resources-plugin/3.3.1/maven-resources-plugin-3.3.1.pom (8.2 kB at 33 kB/s)
#28 1.802 [INFO] Downloading from central: https://repo.maven.apache.org/maven2/org/apache/maven/plugins/maven-resources-plugin/3.3.1/maven-resources-plugin-3.3.1.jar
#28 1.855 [INFO] Downloaded from central: https://repo.maven.apache.org/maven2/org/apache/maven/plugins/maven-resources-plugin/3.3.1/maven-resources-plugin-3.3.1.jar (31 kB at 584 kB/s)
#28 1.868 [INFO] Downloading from central: https://repo.maven.apache.org/maven2/org/apache/maven/plugins/maven-compiler-plugin/3.11.0/maven-compiler-plugin-3.11.0.pom
#28 1.901 [INFO] Downloaded from central: https://repo.maven.apache.org/maven2/org/apache/maven/plugins/maven-compiler-plugin/3.11.0/maven-compiler-plugin-3.11.0.pom (9.8 kB at 297 kB/s)
#28 1.912 [INFO] Downloading from central: https://repo.maven.apache.org/maven2/org/apache/maven/plugins/maven-compiler-plugin/3.11.0/maven-compiler-plugin-3.11.0.jar
#28 1.953 [INFO] Downloaded from central: https://repo.maven.apache.org/maven2/org/apache/maven/plugins/maven-compiler-plugin/3.11.0/maven-compiler-plugin-3.11.0.jar (66 kB at 1.6 MB/s)
#28 1.967 [INFO] Downloading from central: https://repo.maven.apache.org/maven2/org/apache/maven/plugins/maven-surefire-plugin/3.2.2/maven-surefire-plugin-3.2.2.pom
#28 1.996 [INFO] Downloaded from central: https://repo.maven.apache.org/maven2/org/apache/maven/plugins/maven-surefire-plugin/3.2.2/maven-surefire-plugin-3.2.2.pom (5.1 kB at 178 kB/s)
#28 2.001 [INFO] Downloading from central: https://repo.maven.apache.org/maven2/org/apache/maven/surefire/surefire/3.2.2/surefire-3.2.2.pom
#28 2.034 [INFO] Downloaded from central: https://repo.maven.apache.org/maven2/org/apache/maven/surefire/surefire/3.2.2/surefire-3.2.2.pom (21 kB at 647 kB/s)
#28 2.052 [INFO] Downloading from central: https://repo.maven.apache.org/maven2/org/apache/maven/plugins/maven-surefire-plugin/3.2.2/maven-surefire-plugin-3.2.2.jar
#28 2.087 [INFO] Downloaded from central: https://repo.maven.apache.org/maven2/org/apache/maven/plugins/maven-surefire-plugin/3.2.2/maven-surefire-plugin-3.2.2.jar (45 kB at 1.3 MB/s)
#28 2.096 [INFO] Downloading from central: https://repo.maven.apache.org/maven2/org/apache/maven/plugins/maven-jar-plugin/3.3.0/maven-jar-plugin-3.3.0.pom
#28 2.127 [INFO] Downloaded from central: https://repo.maven.apache.org/maven2/org/apache/maven/plugins/maven-jar-plugin/3.3.0/maven-jar-plugin-3.3.0.pom (6.8 kB at 218 kB/s)
#28 2.131 [INFO] Downloading from central: https://repo.maven.apache.org/maven2/org/apache/maven/plugins/maven-plugins/37/maven-plugins-37.pom
#28 2.167 [INFO] Downloaded from central: https://repo.maven.apache.org/maven2/org/apache/maven/plugins/maven-plugins/37/maven-plugins-37.pom (9.9 kB at 275 kB/s)
#28 2.179 [INFO] Downloading from central: https://repo.maven.apache.org/maven2/org/apache/maven/plugins/maven-jar-plugin/3.3.0/maven-jar-plugin-3.3.0.jar
#28 2.214 [INFO] Downloaded from central: https://repo.maven.apache.org/maven2/org/apache/maven/plugins/maven-jar-plugin/3.3.0/maven-jar-plugin-3.3.0.jar (27 kB at 781 kB/s)
#28 2.219 [INFO] Downloading from central: https://repo.maven.apache.org/maven2/org/codehaus/mojo/build-helper-maven-plugin/3.5.0/build-helper-maven-plugin-3.5.0.pom
#28 2.264 [INFO] Downloaded from central: https://repo.maven.apache.org/maven2/org/codehaus/mojo/build-helper-maven-plugin/3.5.0/build-helper-maven-plugin-3.5.0.pom (7.4 kB at 164 kB/s)
#28 2.267 [INFO] Downloading from central: https://repo.maven.apache.org/maven2/org/codehaus/mojo/mojo-parent/77/mojo-parent-77.pom
#28 2.298 [INFO] Downloaded from central: https://repo.maven.apache.org/maven2/org/codehaus/mojo/mojo-parent/77/mojo-parent-77.pom (36 kB at 1.2 MB/s)
#28 2.305 [INFO] Downloading from central: https://repo.maven.apache.org/maven2/org/junit/junit-bom/5.10.0/junit-bom-5.10.0.pom
#28 2.335 [INFO] Downloaded from central: https://repo.maven.apache.org/maven2/org/junit/junit-bom/5.10.0/junit-bom-5.10.0.pom (5.6 kB at 188 kB/s)
#28 2.340 [INFO] Downloading from central: https://repo.maven.apache.org/maven2/org/codehaus/mojo/build-helper-maven-plugin/3.5.0/build-helper-maven-plugin-3.5.0.jar
#28 2.373 [INFO] Downloaded from central: https://repo.maven.apache.org/maven2/org/codehaus/mojo/build-helper-maven-plugin/3.5.0/build-helper-maven-plugin-3.5.0.jar (71 kB at 2.2 MB/s)
#28 2.378 [INFO] Downloading from central: https://repo.maven.apache.org/maven2/org/apache/maven/plugins/maven-shade-plugin/3.5.3/maven-shade-plugin-3.5.3.pom
#28 2.411 [INFO] Downloaded from central: https://repo.maven.apache.org/maven2/org/apache/maven/plugins/maven-shade-plugin/3.5.3/maven-shade-plugin-3.5.3.pom (13 kB at 384 kB/s)
#28 2.415 [INFO] Downloading from central: https://repo.maven.apache.org/maven2/org/apache/maven/plugins/maven-plugins/42/maven-plugins-42.pom
#28 2.453 [INFO] Downloaded from central: https://repo.maven.apache.org/maven2/org/apache/maven/plugins/maven-plugins/42/maven-plugins-42.pom (7.7 kB at 202 kB/s)
#28 2.457 [INFO] Downloading from central: https://repo.maven.apache.org/maven2/org/apache/maven/maven-parent/42/maven-parent-42.pom
#28 2.496 [INFO] Downloaded from central: https://repo.maven.apache.org/maven2/org/apache/maven/maven-parent/42/maven-parent-42.pom (50 kB at 1.3 MB/s)
#28 2.501 [INFO] Downloading from central: https://repo.maven.apache.org/maven2/org/apache/apache/32/apache-32.pom
#28 2.529 [INFO] Downloaded from central: https://repo.maven.apache.org/maven2/org/apache/apache/32/apache-32.pom (24 kB at 864 kB/s)
#28 2.540 [INFO] Downloading from central: https://repo.maven.apache.org/maven2/org/apache/maven/plugins/maven-shade-plugin/3.5.3/maven-shade-plugin-3.5.3.jar
#28 2.572 [INFO] Downloaded from central: https://repo.maven.apache.org/maven2/org/apache/maven/plugins/maven-shade-plugin/3.5.3/maven-shade-plugin-3.5.3.jar (148 kB at 4.6 MB/s)
#28 2.583 [INFO] Downloading from jboss-https: https://repository.jboss.org/nexus/content/groups/public-jboss/org/hibernate/orm/hibernate-core/6.4.4.Final/hibernate-core-6.4.4.Final.pom
#28 4.719 [INFO] Downloading from central: https://repo.maven.apache.org/maven2/org/hibernate/orm/hibernate-core/6.4.4.Final/hibernate-core-6.4.4.Final.pom
#28 4.752 [INFO] Downloaded from central: https://repo.maven.apache.org/maven2/org/hibernate/orm/hibernate-core/6.4.4.Final/hibernate-core-6.4.4.Final.pom (5.8 kB at 174 kB/s)
#28 4.757 [INFO] Downloading from jboss-https: https://repository.jboss.org/nexus/content/groups/public-jboss/jakarta/persistence/jakarta.persistence-api/3.1.0/jakarta.persistence-api-3.1.0.pom
#28 5.022 [INFO] Downloading from central: https://repo.maven.apache.org/maven2/jakarta/persistence/jakarta.persistence-api/3.1.0/jakarta.persistence-api-3.1.0.pom
#28 5.049 [INFO] Downloaded from central: https://repo.maven.apache.org/maven2/jakarta/persistence/jakarta.persistence-api/3.1.0/jakarta.persistence-api-3.1.0.pom (16 kB at 555 kB/s)
#28 5.052 [INFO] Downloading from jboss-https: https://repository.jboss.org/nexus/content/groups/public-jboss/org/eclipse/ee4j/project/1.0.7/project-1.0.7.pom
#28 5.345 [INFO] Downloading from central: https://repo.maven.apache.org/maven2/org/eclipse/ee4j/project/1.0.7/project-1.0.7.pom
#28 5.382 [INFO] Downloaded from central: https://repo.maven.apache.org/maven2/org/eclipse/ee4j/project/1.0.7/project-1.0.7.pom (14 kB at 383 kB/s)
#28 5.386 [INFO] Downloading from jboss-https: https://repository.jboss.org/nexus/content/groups/public-jboss/jakarta/transaction/jakarta.transaction-api/2.0.1/jakarta.transaction-api-2.0.1.pom
#28 5.662 [INFO] Downloading from central: https://repo.maven.apache.org/maven2/jakarta/transaction/jakarta.transaction-api/2.0.1/jakarta.transaction-api-2.0.1.pom
#28 5.688 [INFO] Downloaded from central: https://repo.maven.apache.org/maven2/jakarta/transaction/jakarta.transaction-api/2.0.1/jakarta.transaction-api-2.0.1.pom (14 kB at 524 kB/s)
#28 5.691 [INFO] Downloading from jboss-https: https://repository.jboss.org/nexus/content/groups/public-jboss/org/eclipse/ee4j/project/1.0.6/project-1.0.6.pom
#28 5.965 [INFO] Downloading from central: https://repo.maven.apache.org/maven2/org/eclipse/ee4j/project/1.0.6/project-1.0.6.pom
#28 5.995 [INFO] Downloaded from central: https://repo.maven.apache.org/maven2/org/eclipse/ee4j/project/1.0.6/project-1.0.6.pom (13 kB at 444 kB/s)
#28 5.999 [INFO] Downloading from jboss-https: https://repository.jboss.org/nexus/content/groups/public-jboss/org/jboss/logging/jboss-logging/3.5.0.Final/jboss-logging-3.5.0.Final.pom
#28 6.058 [INFO] Downloaded from jboss-https: https://repository.jboss.org/nexus/content/groups/public-jboss/org/jboss/logging/jboss-logging/3.5.0.Final/jboss-logging-3.5.0.Final.pom (18 kB at 303 kB/s)
#28 6.061 [INFO] Downloading from jboss-https: https://repository.jboss.org/nexus/content/groups/public-jboss/org/jboss/jboss-parent/39/jboss-parent-39.pom
#28 6.092 [INFO] Downloaded from jboss-https: https://repository.jboss.org/nexus/content/groups/public-jboss/org/jboss/jboss-parent/39/jboss-parent-39.pom (68 kB at 2.2 MB/s)
#28 6.097 [INFO] Downloading from jboss-https: https://repository.jboss.org/nexus/content/groups/public-jboss/org/junit/junit-bom/5.8.2/junit-bom-5.8.2.pom
#28 6.375 [INFO] Downloading from central: https://repo.maven.apache.org/maven2/org/junit/junit-bom/5.8.2/junit-bom-5.8.2.pom
#28 6.403 [INFO] Downloaded from central: https://repo.maven.apache.org/maven2/org/junit/junit-bom/5.8.2/junit-bom-5.8.2.pom (5.6 kB at 201 kB/s)
#28 6.406 [INFO] Downloading from jboss-https: https://repository.jboss.org/nexus/content/groups/public-jboss/org/hibernate/common/hibernate-commons-annotations/6.0.6.Final/hibernate-commons-annotations-6.0.6.Final.pom
#28 6.771 [INFO] Downloading from central: https://repo.maven.apache.org/maven2/org/hibernate/common/hibernate-commons-annotations/6.0.6.Final/hibernate-commons-annotations-6.0.6.Final.pom
#28 6.799 [INFO] Downloaded from central: https://repo.maven.apache.org/maven2/org/hibernate/common/hibernate-commons-annotations/6.0.6.Final/hibernate-commons-annotations-6.0.6.Final.pom (2.1 kB at 74 kB/s)
#28 6.802 [INFO] Downloading from jboss-https: https://repository.jboss.org/nexus/content/groups/public-jboss/io/smallrye/jandex/3.1.2/jandex-3.1.2.pom
#28 7.057 [INFO] Downloading from central: https://repo.maven.apache.org/maven2/io/smallrye/jandex/3.1.2/jandex-3.1.2.pom
#28 7.088 [INFO] Downloaded from central: https://repo.maven.apache.org/maven2/io/smallrye/jandex/3.1.2/jandex-3.1.2.pom (7.0 kB at 225 kB/s)
#28 7.091 [INFO] Downloading from jboss-https: https://repository.jboss.org/nexus/content/groups/public-jboss/io/smallrye/jandex-parent/3.1.2/jandex-parent-3.1.2.pom
#28 7.348 [INFO] Downloading from central: https://repo.maven.apache.org/maven2/io/smallrye/jandex-parent/3.1.2/jandex-parent-3.1.2.pom
#28 7.386 [INFO] Downloaded from central: https://repo.maven.apache.org/maven2/io/smallrye/jandex-parent/3.1.2/jandex-parent-3.1.2.pom (7.2 kB at 188 kB/s)
#28 7.389 [INFO] Downloading from jboss-https: https://repository.jboss.org/nexus/content/groups/public-jboss/io/smallrye/smallrye-build-parent/39/smallrye-build-parent-39.pom
#28 7.724 [INFO] Downloading from central: https://repo.maven.apache.org/maven2/io/smallrye/smallrye-build-parent/39/smallrye-build-parent-39.pom
#28 7.753 [INFO] Downloaded from central: https://repo.maven.apache.org/maven2/io/smallrye/smallrye-build-parent/39/smallrye-build-parent-39.pom (28 kB at 976 kB/s)
#28 7.767 [INFO] Downloading from jboss-https: https://repository.jboss.org/nexus/content/groups/public-jboss/com/fasterxml/classmate/1.5.1/classmate-1.5.1.pom
#28 8.048 [INFO] Downloading from central: https://repo.maven.apache.org/maven2/com/fasterxml/classmate/1.5.1/classmate-1.5.1.pom
#28 8.078 [INFO] Downloaded from central: https://repo.maven.apache.org/maven2/com/fasterxml/classmate/1.5.1/classmate-1.5.1.pom (7.3 kB at 242 kB/s)
#28 8.082 [INFO] Downloading from jboss-https: https://repository.jboss.org/nexus/content/groups/public-jboss/com/fasterxml/oss-parent/35/oss-parent-35.pom
#28 8.340 [INFO] Downloading from central: https://repo.maven.apache.org/maven2/com/fasterxml/oss-parent/35/oss-parent-35.pom
#28 8.367 [INFO] Downloaded from central: https://repo.maven.apache.org/maven2/com/fasterxml/oss-parent/35/oss-parent-35.pom (23 kB at 845 kB/s)
#28 8.371 [INFO] Downloading from jboss-https: https://repository.jboss.org/nexus/content/groups/public-jboss/net/bytebuddy/byte-buddy/1.14.11/byte-buddy-1.14.11.pom
#28 8.672 [INFO] Downloading from central: https://repo.maven.apache.org/maven2/net/bytebuddy/byte-buddy/1.14.11/byte-buddy-1.14.11.pom
#28 8.700 [INFO] Downloaded from central: https://repo.maven.apache.org/maven2/net/bytebuddy/byte-buddy/1.14.11/byte-buddy-1.14.11.pom (16 kB at 566 kB/s)
#28 8.702 [INFO] Downloading from jboss-https: https://repository.jboss.org/nexus/content/groups/public-jboss/net/bytebuddy/byte-buddy-parent/1.14.11/byte-buddy-parent-1.14.11.pom
#28 8.964 [INFO] Downloading from central: https://repo.maven.apache.org/maven2/net/bytebuddy/byte-buddy-parent/1.14.11/byte-buddy-parent-1.14.11.pom
#28 8.996 [INFO] Downloaded from central: https://repo.maven.apache.org/maven2/net/bytebuddy/byte-buddy-parent/1.14.11/byte-buddy-parent-1.14.11.pom (62 kB at 1.9 MB/s)
#28 9.000 [INFO] Downloading from jboss-https: https://repository.jboss.org/nexus/content/groups/public-jboss/jakarta/xml/bind/jakarta.xml.bind-api/4.0.0/jakarta.xml.bind-api-4.0.0.pom
#28 9.260 [INFO] Downloading from central: https://repo.maven.apache.org/maven2/jakarta/xml/bind/jakarta.xml.bind-api/4.0.0/jakarta.xml.bind-api-4.0.0.pom
#28 9.290 [INFO] Downloaded from central: https://repo.maven.apache.org/maven2/jakarta/xml/bind/jakarta.xml.bind-api/4.0.0/jakarta.xml.bind-api-4.0.0.pom (12 kB at 391 kB/s)
#28 9.294 [INFO] Downloading from jboss-https: https://repository.jboss.org/nexus/content/groups/public-jboss/jakarta/xml/bind/jakarta.xml.bind-api-parent/4.0.0/jakarta.xml.bind-api-parent-4.0.0.pom
#28 9.547 [INFO] Downloading from central: https://repo.maven.apache.org/maven2/jakarta/xml/bind/jakarta.xml.bind-api-parent/4.0.0/jakarta.xml.bind-api-parent-4.0.0.pom
#28 9.575 [INFO] Downloaded from central: https://repo.maven.apache.org/maven2/jakarta/xml/bind/jakarta.xml.bind-api-parent/4.0.0/jakarta.xml.bind-api-parent-4.0.0.pom (9.2 kB at 327 kB/s)
#28 9.579 [INFO] Downloading from jboss-https: https://repository.jboss.org/nexus/content/groups/public-jboss/jakarta/activation/jakarta.activation-api/2.1.0/jakarta.activation-api-2.1.0.pom
#28 9.839 [INFO] Downloading from central: https://repo.maven.apache.org/maven2/jakarta/activation/jakarta.activation-api/2.1.0/jakarta.activation-api-2.1.0.pom
#28 9.869 [INFO] Downloaded from central: https://repo.maven.apache.org/maven2/jakarta/activation/jakarta.activation-api/2.1.0/jakarta.activation-api-2.1.0.pom (18 kB at 598 kB/s)
#28 9.873 [INFO] Downloading from jboss-https: https://repository.jboss.org/nexus/content/groups/public-jboss/org/glassfish/jaxb/jaxb-runtime/4.0.2/jaxb-runtime-4.0.2.pom
#28 10.13 [INFO] Downloading from central: https://repo.maven.apache.org/maven2/org/glassfish/jaxb/jaxb-runtime/4.0.2/jaxb-runtime-4.0.2.pom
#28 10.16 [INFO] Downloaded from central: https://repo.maven.apache.org/maven2/org/glassfish/jaxb/jaxb-runtime/4.0.2/jaxb-runtime-4.0.2.pom (4.8 kB at 179 kB/s)
#28 10.16 [INFO] Downloading from jboss-https: https://repository.jboss.org/nexus/content/groups/public-jboss/com/sun/xml/bind/mvn/jaxb-runtime-parent/4.0.2/jaxb-runtime-parent-4.0.2.pom
#28 10.42 [INFO] Downloading from central: https://repo.maven.apache.org/maven2/com/sun/xml/bind/mvn/jaxb-runtime-parent/4.0.2/jaxb-runtime-parent-4.0.2.pom
#28 10.45 [INFO] Downloaded from central: https://repo.maven.apache.org/maven2/com/sun/xml/bind/mvn/jaxb-runtime-parent/4.0.2/jaxb-runtime-parent-4.0.2.pom (1.2 kB at 40 kB/s)
#28 10.46 [INFO] Downloading from jboss-https: https://repository.jboss.org/nexus/content/groups/public-jboss/com/sun/xml/bind/mvn/jaxb-parent/4.0.2/jaxb-parent-4.0.2.pom
#28 10.72 [INFO] Downloading from central: https://repo.maven.apache.org/maven2/com/sun/xml/bind/mvn/jaxb-parent/4.0.2/jaxb-parent-4.0.2.pom
#28 10.75 [INFO] Downloaded from central: https://repo.maven.apache.org/maven2/com/sun/xml/bind/mvn/jaxb-parent/4.0.2/jaxb-parent-4.0.2.pom (33 kB at 1.2 MB/s)
#28 10.75 [INFO] Downloading from jboss-https: https://repository.jboss.org/nexus/content/groups/public-jboss/com/sun/xml/bind/jaxb-bom-ext/4.0.2/jaxb-bom-ext-4.0.2.pom
#28 11.03 [INFO] Downloading from central: https://repo.maven.apache.org/maven2/com/sun/xml/bind/jaxb-bom-ext/4.0.2/jaxb-bom-ext-4.0.2.pom
#28 11.06 [INFO] Downloaded from central: https://repo.maven.apache.org/maven2/com/sun/xml/bind/jaxb-bom-ext/4.0.2/jaxb-bom-ext-4.0.2.pom (3.5 kB at 129 kB/s)
#28 11.06 [INFO] Downloading from jboss-https: https://repository.jboss.org/nexus/content/groups/public-jboss/org/glassfish/jaxb/jaxb-bom/4.0.2/jaxb-bom-4.0.2.pom
#28 11.33 [INFO] Downloading from central: https://repo.maven.apache.org/maven2/org/glassfish/jaxb/jaxb-bom/4.0.2/jaxb-bom-4.0.2.pom
#28 11.35 [INFO] Downloaded from central: https://repo.maven.apache.org/maven2/org/glassfish/jaxb/jaxb-bom/4.0.2/jaxb-bom-4.0.2.pom (11 kB at 407 kB/s)
#28 11.35 [INFO] Downloading from jboss-https: https://repository.jboss.org/nexus/content/groups/public-jboss/org/eclipse/ee4j/project/1.0.8/project-1.0.8.pom
#28 11.62 [INFO] Downloading from central: https://repo.maven.apache.org/maven2/org/eclipse/ee4j/project/1.0.8/project-1.0.8.pom
#28 11.65 [INFO] Downloaded from central: https://repo.maven.apache.org/maven2/org/eclipse/ee4j/project/1.0.8/project-1.0.8.pom (15 kB at 521 kB/s)
#28 11.66 [INFO] Downloading from jboss-https: https://repository.jboss.org/nexus/content/groups/public-jboss/org/glassfish/jaxb/jaxb-core/4.0.2/jaxb-core-4.0.2.pom
#28 11.91 [INFO] Downloading from central: https://repo.maven.apache.org/maven2/org/glassfish/jaxb/jaxb-core/4.0.2/jaxb-core-4.0.2.pom
#28 11.94 [INFO] Downloaded from central: https://repo.maven.apache.org/maven2/org/glassfish/jaxb/jaxb-core/4.0.2/jaxb-core-4.0.2.pom (3.7 kB at 149 kB/s)
#28 11.94 [INFO] Downloading from jboss-https: https://repository.jboss.org/nexus/content/groups/public-jboss/jakarta/activation/jakarta.activation-api/2.1.1/jakarta.activation-api-2.1.1.pom
#28 12.19 [INFO] Downloading from central: https://repo.maven.apache.org/maven2/jakarta/activation/jakarta.activation-api/2.1.1/jakarta.activation-api-2.1.1.pom
#28 12.24 [INFO] Downloaded from central: https://repo.maven.apache.org/maven2/jakarta/activation/jakarta.activation-api/2.1.1/jakarta.activation-api-2.1.1.pom (18 kB at 448 kB/s)
#28 12.24 [INFO] Downloading from jboss-https: https://repository.jboss.org/nexus/content/groups/public-jboss/org/eclipse/angus/angus-activation/2.0.0/angus-activation-2.0.0.pom
#28 12.50 [INFO] Downloading from central: https://repo.maven.apache.org/maven2/org/eclipse/angus/angus-activation/2.0.0/angus-activation-2.0.0.pom
#28 12.52 [INFO] Downloaded from central: https://repo.maven.apache.org/maven2/org/eclipse/angus/angus-activation/2.0.0/angus-activation-2.0.0.pom (4.1 kB at 171 kB/s)
#28 12.53 [INFO] Downloading from jboss-https: https://repository.jboss.org/nexus/content/groups/public-jboss/org/eclipse/angus/angus-activation-project/2.0.0/angus-activation-project-2.0.0.pom
#28 12.78 [INFO] Downloading from central: https://repo.maven.apache.org/maven2/org/eclipse/angus/angus-activation-project/2.0.0/angus-activation-project-2.0.0.pom
#28 12.80 [INFO] Downloaded from central: https://repo.maven.apache.org/maven2/org/eclipse/angus/angus-activation-project/2.0.0/angus-activation-project-2.0.0.pom (20 kB at 756 kB/s)
#28 12.81 [INFO] Downloading from jboss-https: https://repository.jboss.org/nexus/content/groups/public-jboss/org/glassfish/jaxb/txw2/4.0.2/txw2-4.0.2.pom
#28 13.11 [INFO] Downloading from central: https://repo.maven.apache.org/maven2/org/glassfish/jaxb/txw2/4.0.2/txw2-4.0.2.pom
#28 13.14 [INFO] Downloaded from central: https://repo.maven.apache.org/maven2/org/glassfish/jaxb/txw2/4.0.2/txw2-4.0.2.pom (1.8 kB at 64 kB/s)
#28 13.14 [INFO] Downloading from jboss-https: https://repository.jboss.org/nexus/content/groups/public-jboss/com/sun/xml/bind/mvn/jaxb-txw-parent/4.0.2/jaxb-txw-parent-4.0.2.pom
#28 13.47 [INFO] Downloading from central: https://repo.maven.apache.org/maven2/com/sun/xml/bind/mvn/jaxb-txw-parent/4.0.2/jaxb-txw-parent-4.0.2.pom
#28 13.50 [INFO] Downloaded from central: https://repo.maven.apache.org/maven2/com/sun/xml/bind/mvn/jaxb-txw-parent/4.0.2/jaxb-txw-parent-4.0.2.pom (1.2 kB at 39 kB/s)
#28 13.51 [INFO] Downloading from jboss-https: https://repository.jboss.org/nexus/content/groups/public-jboss/com/sun/istack/istack-commons-runtime/4.1.1/istack-commons-runtime-4.1.1.pom
#28 13.76 [INFO] Downloading from central: https://repo.maven.apache.org/maven2/com/sun/istack/istack-commons-runtime/4.1.1/istack-commons-runtime-4.1.1.pom
#28 13.79 [INFO] Downloaded from central: https://repo.maven.apache.org/maven2/com/sun/istack/istack-commons-runtime/4.1.1/istack-commons-runtime-4.1.1.pom (2.3 kB at 71 kB/s)
#28 13.80 [INFO] Downloading from jboss-https: https://repository.jboss.org/nexus/content/groups/public-jboss/com/sun/istack/istack-commons/4.1.1/istack-commons-4.1.1.pom
#28 14.14 [INFO] Downloading from central: https://repo.maven.apache.org/maven2/com/sun/istack/istack-commons/4.1.1/istack-commons-4.1.1.pom
#28 14.17 [INFO] Downloaded from central: https://repo.maven.apache.org/maven2/com/sun/istack/istack-commons/4.1.1/istack-commons-4.1.1.pom (24 kB at 866 kB/s)
#28 14.17 [INFO] Downloading from jboss-https: https://repository.jboss.org/nexus/content/groups/public-jboss/jakarta/inject/jakarta.inject-api/2.0.1/jakarta.inject-api-2.0.1.pom
#28 14.44 [INFO] Downloading from central: https://repo.maven.apache.org/maven2/jakarta/inject/jakarta.inject-api/2.0.1/jakarta.inject-api-2.0.1.pom
#28 14.47 [INFO] Downloaded from central: https://repo.maven.apache.org/maven2/jakarta/inject/jakarta.inject-api/2.0.1/jakarta.inject-api-2.0.1.pom (5.9 kB at 212 kB/s)
#28 14.47 [INFO] Downloading from jboss-https: https://repository.jboss.org/nexus/content/groups/public-jboss/org/antlr/antlr4-runtime/4.13.0/antlr4-runtime-4.13.0.pom
#28 14.72 [INFO] Downloading from central: https://repo.maven.apache.org/maven2/org/antlr/antlr4-runtime/4.13.0/antlr4-runtime-4.13.0.pom
#28 14.74 [INFO] Downloaded from central: https://repo.maven.apache.org/maven2/org/antlr/antlr4-runtime/4.13.0/antlr4-runtime-4.13.0.pom (3.6 kB at 148 kB/s)
#28 14.75 [INFO] Downloading from jboss-https: https://repository.jboss.org/nexus/content/groups/public-jboss/org/antlr/antlr4-master/4.13.0/antlr4-master-4.13.0.pom
#28 15.02 [INFO] Downloading from central: https://repo.maven.apache.org/maven2/org/antlr/antlr4-master/4.13.0/antlr4-master-4.13.0.pom
#28 15.06 [INFO] Downloaded from central: https://repo.maven.apache.org/maven2/org/antlr/antlr4-master/4.13.0/antlr4-master-4.13.0.pom (4.8 kB at 146 kB/s)
#28 15.06 [INFO] Downloading from jboss-https: https://repository.jboss.org/nexus/content/groups/public-jboss/org/sonatype/oss/oss-parent/9/oss-parent-9.pom
#28 15.37 [INFO] Downloading from central: https://repo.maven.apache.org/maven2/org/sonatype/oss/oss-parent/9/oss-parent-9.pom
#28 15.40 [INFO] Downloaded from central: https://repo.maven.apache.org/maven2/org/sonatype/oss/oss-parent/9/oss-parent-9.pom (6.6 kB at 253 kB/s)
#28 15.40 [INFO] Downloading from jboss-https: https://repository.jboss.org/nexus/content/groups/public-jboss/commons-codec/commons-codec/1.17.1/commons-codec-1.17.1.pom
#28 15.66 [INFO] Downloading from central: https://repo.maven.apache.org/maven2/commons-codec/commons-codec/1.17.1/commons-codec-1.17.1.pom
#28 15.69 [INFO] Downloaded from central: https://repo.maven.apache.org/maven2/commons-codec/commons-codec/1.17.1/commons-codec-1.17.1.pom (18 kB at 593 kB/s)
#28 15.69 [INFO] Downloading from jboss-https: https://repository.jboss.org/nexus/content/groups/public-jboss/org/apache/commons/commons-parent/71/commons-parent-71.pom
#28 15.95 [INFO] Downloading from central: https://repo.maven.apache.org/maven2/org/apache/commons/commons-parent/71/commons-parent-71.pom
#28 15.98 [INFO] Downloaded from central: https://repo.maven.apache.org/maven2/org/apache/commons/commons-parent/71/commons-parent-71.pom (78 kB at 2.3 MB/s)
#28 15.99 [INFO] Downloading from jboss-https: https://repository.jboss.org/nexus/content/groups/public-jboss/org/junit/junit-bom/5.11.0-M2/junit-bom-5.11.0-M2.pom
#28 16.27 [INFO] Downloading from central: https://repo.maven.apache.org/maven2/org/junit/junit-bom/5.11.0-M2/junit-bom-5.11.0-M2.pom
#28 16.31 [INFO] Downloaded from central: https://repo.maven.apache.org/maven2/org/junit/junit-bom/5.11.0-M2/junit-bom-5.11.0-M2.pom (5.7 kB at 139 kB/s)
#28 16.31 [INFO] Downloading from jboss-https: https://repository.jboss.org/nexus/content/groups/public-jboss/jakarta/platform/jakarta.jakartaee-api/10.0.0/jakarta.jakartaee-api-10.0.0.pom
#28 16.57 [INFO] Downloading from central: https://repo.maven.apache.org/maven2/jakarta/platform/jakarta.jakartaee-api/10.0.0/jakarta.jakartaee-api-10.0.0.pom
#28 16.60 [INFO] Downloaded from central: https://repo.maven.apache.org/maven2/jakarta/platform/jakarta.jakartaee-api/10.0.0/jakarta.jakartaee-api-10.0.0.pom (7.3 kB at 251 kB/s)
#28 16.61 [INFO] Downloading from jboss-https: https://repository.jboss.org/nexus/content/groups/public-jboss/org/eclipse/ee4j/project/1.0/project-1.0.pom
#28 16.95 [INFO] Downloading from central: https://repo.maven.apache.org/maven2/org/eclipse/ee4j/project/1.0/project-1.0.pom
#28 16.97 [INFO] Downloaded from central: https://repo.maven.apache.org/maven2/org/eclipse/ee4j/project/1.0/project-1.0.pom (11 kB at 433 kB/s)
#28 16.98 [INFO] Downloading from jboss-https: https://repository.jboss.org/nexus/content/groups/public-jboss/jakarta/platform/jakarta.jakartaee-web-api/10.0.0/jakarta.jakartaee-web-api-10.0.0.pom
#28 17.23 [INFO] Downloading from central: https://repo.maven.apache.org/maven2/jakarta/platform/jakarta.jakartaee-web-api/10.0.0/jakarta.jakartaee-web-api-10.0.0.pom
#28 17.27 [INFO] Downloaded from central: https://repo.maven.apache.org/maven2/jakarta/platform/jakarta.jakartaee-web-api/10.0.0/jakarta.jakartaee-web-api-10.0.0.pom (11 kB at 345 kB/s)
#28 17.27 [INFO] Downloading from jboss-https: https://repository.jboss.org/nexus/content/groups/public-jboss/jakarta/servlet/jakarta.servlet-api/6.0.0/jakarta.servlet-api-6.0.0.pom
#28 17.54 [INFO] Downloading from central: https://repo.maven.apache.org/maven2/jakarta/servlet/jakarta.servlet-api/6.0.0/jakarta.servlet-api-6.0.0.pom
#28 17.57 [INFO] Downloaded from central: https://repo.maven.apache.org/maven2/jakarta/servlet/jakarta.servlet-api/6.0.0/jakarta.servlet-api-6.0.0.pom (19 kB at 631 kB/s)
#28 17.57 [INFO] Downloading from jboss-https: https://repository.jboss.org/nexus/content/groups/public-jboss/jakarta/servlet/jsp/jakarta.servlet.jsp-api/3.1.0/jakarta.servlet.jsp-api-3.1.0.pom
#28 17.85 [INFO] Downloading from central: https://repo.maven.apache.org/maven2/jakarta/servlet/jsp/jakarta.servlet.jsp-api/3.1.0/jakarta.servlet.jsp-api-3.1.0.pom
#28 17.88 [INFO] Downloaded from central: https://repo.maven.apache.org/maven2/jakarta/servlet/jsp/jakarta.servlet.jsp-api/3.1.0/jakarta.servlet.jsp-api-3.1.0.pom (12 kB at 409 kB/s)
#28 17.88 [INFO] Downloading from jboss-https: https://repository.jboss.org/nexus/content/groups/public-jboss/jakarta/el/jakarta.el-api/5.0.1/jakarta.el-api-5.0.1.pom
#28 18.13 [INFO] Downloading from central: https://repo.maven.apache.org/maven2/jakarta/el/jakarta.el-api/5.0.1/jakarta.el-api-5.0.1.pom
#28 18.16 [INFO] Downloaded from central: https://repo.maven.apache.org/maven2/jakarta/el/jakarta.el-api/5.0.1/jakarta.el-api-5.0.1.pom (12 kB at 425 kB/s)
#28 18.16 [INFO] Downloading from jboss-https: https://repository.jboss.org/nexus/content/groups/public-jboss/jakarta/servlet/jsp/jstl/jakarta.servlet.jsp.jstl-api/3.0.0/jakarta.servlet.jsp.jstl-api-3.0.0.pom
#28 18.41 [INFO] Downloading from central: https://repo.maven.apache.org/maven2/jakarta/servlet/jsp/jstl/jakarta.servlet.jsp.jstl-api/3.0.0/jakarta.servlet.jsp.jstl-api-3.0.0.pom
#28 18.44 [INFO] Downloaded from central: https://repo.maven.apache.org/maven2/jakarta/servlet/jsp/jstl/jakarta.servlet.jsp.jstl-api/3.0.0/jakarta.servlet.jsp.jstl-api-3.0.0.pom (13 kB at 481 kB/s)
#28 18.44 [INFO] Downloading from jboss-https: https://repository.jboss.org/nexus/content/groups/public-jboss/jakarta/faces/jakarta.faces-api/4.0.1/jakarta.faces-api-4.0.1.pom
#28 18.69 [INFO] Downloading from central: https://repo.maven.apache.org/maven2/jakarta/faces/jakarta.faces-api/4.0.1/jakarta.faces-api-4.0.1.pom
#28 18.72 [INFO] Downloaded from central: https://repo.maven.apache.org/maven2/jakarta/faces/jakarta.faces-api/4.0.1/jakarta.faces-api-4.0.1.pom (5.7 kB at 196 kB/s)
#28 18.72 [INFO] Downloading from jboss-https: https://repository.jboss.org/nexus/content/groups/public-jboss/jakarta/ws/rs/jakarta.ws.rs-api/3.1.0/jakarta.ws.rs-api-3.1.0.pom
#28 18.98 [INFO] Downloading from central: https://repo.maven.apache.org/maven2/jakarta/ws/rs/jakarta.ws.rs-api/3.1.0/jakarta.ws.rs-api-3.1.0.pom
#28 19.00 [INFO] Downloaded from central: https://repo.maven.apache.org/maven2/jakarta/ws/rs/jakarta.ws.rs-api/3.1.0/jakarta.ws.rs-api-3.1.0.pom (18 kB at 608 kB/s)
#28 19.01 [INFO] Downloading from jboss-https: https://repository.jboss.org/nexus/content/groups/public-jboss/jakarta/ws/rs/all/3.1.0/all-3.1.0.pom
#28 19.27 [INFO] Downloading from central: https://repo.maven.apache.org/maven2/jakarta/ws/rs/all/3.1.0/all-3.1.0.pom
#28 19.30 [INFO] Downloaded from central: https://repo.maven.apache.org/maven2/jakarta/ws/rs/all/3.1.0/all-3.1.0.pom (2.8 kB at 94 kB/s)
#28 19.30 [INFO] Downloading from jboss-https: https://repository.jboss.org/nexus/content/groups/public-jboss/jakarta/websocket/jakarta.websocket-api/2.1.0/jakarta.websocket-api-2.1.0.pom
#28 19.55 [INFO] Downloading from central: https://repo.maven.apache.org/maven2/jakarta/websocket/jakarta.websocket-api/2.1.0/jakarta.websocket-api-2.1.0.pom
#28 19.58 [INFO] Downloaded from central: https://repo.maven.apache.org/maven2/jakarta/websocket/jakarta.websocket-api/2.1.0/jakarta.websocket-api-2.1.0.pom (4.5 kB at 128 kB/s)
#28 19.59 [INFO] Downloading from jboss-https: https://repository.jboss.org/nexus/content/groups/public-jboss/jakarta/websocket/jakarta.websocket-all/2.1.0/jakarta.websocket-all-2.1.0.pom
#28 19.86 [INFO] Downloading from central: https://repo.maven.apache.org/maven2/jakarta/websocket/jakarta.websocket-all/2.1.0/jakarta.websocket-all-2.1.0.pom
#28 19.88 [INFO] Downloaded from central: https://repo.maven.apache.org/maven2/jakarta/websocket/jakarta.websocket-all/2.1.0/jakarta.websocket-all-2.1.0.pom (11 kB at 434 kB/s)
#28 19.88 [INFO] Downloading from jboss-https: https://repository.jboss.org/nexus/content/groups/public-jboss/jakarta/websocket/jakarta.websocket-client-api/2.1.0/jakarta.websocket-client-api-2.1.0.pom
#28 20.21 [INFO] Downloading from central: https://repo.maven.apache.org/maven2/jakarta/websocket/jakarta.websocket-client-api/2.1.0/jakarta.websocket-client-api-2.1.0.pom
#28 20.24 [INFO] Downloaded from central: https://repo.maven.apache.org/maven2/jakarta/websocket/jakarta.websocket-client-api/2.1.0/jakarta.websocket-client-api-2.1.0.pom (4.2 kB at 161 kB/s)
#28 20.24 [INFO] Downloading from jboss-https: https://repository.jboss.org/nexus/content/groups/public-jboss/jakarta/json/jakarta.json-api/2.1.0/jakarta.json-api-2.1.0.pom
#28 20.51 [INFO] Downloading from central: https://repo.maven.apache.org/maven2/jakarta/json/jakarta.json-api/2.1.0/jakarta.json-api-2.1.0.pom
#28 20.54 [INFO] Downloaded from central: https://repo.maven.apache.org/maven2/jakarta/json/jakarta.json-api/2.1.0/jakarta.json-api-2.1.0.pom (18 kB at 676 kB/s)
#28 20.54 [INFO] Downloading from jboss-https: https://repository.jboss.org/nexus/content/groups/public-jboss/jakarta/json/bind/jakarta.json.bind-api/3.0.0/jakarta.json.bind-api-3.0.0.pom
#28 20.82 [INFO] Downloading from central: https://repo.maven.apache.org/maven2/jakarta/json/bind/jakarta.json.bind-api/3.0.0/jakarta.json.bind-api-3.0.0.pom
#28 20.85 [INFO] Downloaded from central: https://repo.maven.apache.org/maven2/jakarta/json/bind/jakarta.json.bind-api/3.0.0/jakarta.json.bind-api-3.0.0.pom (22 kB at 758 kB/s)
#28 20.85 [INFO] Downloading from jboss-https: https://repository.jboss.org/nexus/content/groups/public-jboss/jakarta/annotation/jakarta.annotation-api/2.1.1/jakarta.annotation-api-2.1.1.pom
#28 21.12 [INFO] Downloading from central: https://repo.maven.apache.org/maven2/jakarta/annotation/jakarta.annotation-api/2.1.1/jakarta.annotation-api-2.1.1.pom
#28 21.15 [INFO] Downloaded from central: https://repo.maven.apache.org/maven2/jakarta/annotation/jakarta.annotation-api/2.1.1/jakarta.annotation-api-2.1.1.pom (16 kB at 527 kB/s)
#28 21.15 [INFO] Downloading from jboss-https: https://repository.jboss.org/nexus/content/groups/public-jboss/jakarta/ejb/jakarta.ejb-api/4.0.1/jakarta.ejb-api-4.0.1.pom
#28 21.41 [INFO] Downloading from central: https://repo.maven.apache.org/maven2/jakarta/ejb/jakarta.ejb-api/4.0.1/jakarta.ejb-api-4.0.1.pom
#28 21.44 [INFO] Downloaded from central: https://repo.maven.apache.org/maven2/jakarta/ejb/jakarta.ejb-api/4.0.1/jakarta.ejb-api-4.0.1.pom (19 kB at 552 kB/s)
#28 21.44 [INFO] Downloading from jboss-https: https://repository.jboss.org/nexus/content/groups/public-jboss/jakarta/validation/jakarta.validation-api/3.0.2/jakarta.validation-api-3.0.2.pom
#28 21.71 [INFO] Downloading from central: https://repo.maven.apache.org/maven2/jakarta/validation/jakarta.validation-api/3.0.2/jakarta.validation-api-3.0.2.pom
#28 21.74 [INFO] Downloaded from central: https://repo.maven.apache.org/maven2/jakarta/validation/jakarta.validation-api/3.0.2/jakarta.validation-api-3.0.2.pom (11 kB at 379 kB/s)
#28 21.74 [INFO] Downloading from jboss-https: https://repository.jboss.org/nexus/content/groups/public-jboss/jakarta/interceptor/jakarta.interceptor-api/2.1.0/jakarta.interceptor-api-2.1.0.pom
#28 22.01 [INFO] Downloading from central: https://repo.maven.apache.org/maven2/jakarta/interceptor/jakarta.interceptor-api/2.1.0/jakarta.interceptor-api-2.1.0.pom
#28 22.03 [INFO] Downloaded from central: https://repo.maven.apache.org/maven2/jakarta/interceptor/jakarta.interceptor-api/2.1.0/jakarta.interceptor-api-2.1.0.pom (12 kB at 462 kB/s)
#28 22.04 [INFO] Downloading from jboss-https: https://repository.jboss.org/nexus/content/groups/public-jboss/jakarta/enterprise/jakarta.enterprise.cdi-api/4.0.1/jakarta.enterprise.cdi-api-4.0.1.pom
#28 22.29 [INFO] Downloading from central: https://repo.maven.apache.org/maven2/jakarta/enterprise/jakarta.enterprise.cdi-api/4.0.1/jakarta.enterprise.cdi-api-4.0.1.pom
#28 22.32 [INFO] Downloaded from central: https://repo.maven.apache.org/maven2/jakarta/enterprise/jakarta.enterprise.cdi-api/4.0.1/jakarta.enterprise.cdi-api-4.0.1.pom (12 kB at 388 kB/s)
#28 22.32 [INFO] Downloading from jboss-https: https://repository.jboss.org/nexus/content/groups/public-jboss/jakarta/enterprise/jakarta.enterprise.cdi-parent/4.0.1/jakarta.enterprise.cdi-parent-4.0.1.pom
#28 22.57 [INFO] Downloading from central: https://repo.maven.apache.org/maven2/jakarta/enterprise/jakarta.enterprise.cdi-parent/4.0.1/jakarta.enterprise.cdi-parent-4.0.1.pom
#28 22.61 [INFO] Downloaded from central: https://repo.maven.apache.org/maven2/jakarta/enterprise/jakarta.enterprise.cdi-parent/4.0.1/jakarta.enterprise.cdi-parent-4.0.1.pom (2.3 kB at 52 kB/s)
#28 22.61 [INFO] Downloading from jboss-https: https://repository.jboss.org/nexus/content/groups/public-jboss/jakarta/enterprise/jakarta.enterprise.lang-model/4.0.1/jakarta.enterprise.lang-model-4.0.1.pom
#28 22.93 [INFO] Downloading from central: https://repo.maven.apache.org/maven2/jakarta/enterprise/jakarta.enterprise.lang-model/4.0.1/jakarta.enterprise.lang-model-4.0.1.pom
#28 22.97 [INFO] Downloaded from central: https://repo.maven.apache.org/maven2/jakarta/enterprise/jakarta.enterprise.lang-model/4.0.1/jakarta.enterprise.lang-model-4.0.1.pom (3.6 kB at 94 kB/s)
#28 22.97 [INFO] Downloading from jboss-https: https://repository.jboss.org/nexus/content/groups/public-jboss/jakarta/authentication/jakarta.authentication-api/3.0.0/jakarta.authentication-api-3.0.0.pom
#28 23.22 [INFO] Downloading from central: https://repo.maven.apache.org/maven2/jakarta/authentication/jakarta.authentication-api/3.0.0/jakarta.authentication-api-3.0.0.pom
#28 23.24 [INFO] Downloaded from central: https://repo.maven.apache.org/maven2/jakarta/authentication/jakarta.authentication-api/3.0.0/jakarta.authentication-api-3.0.0.pom (13 kB at 486 kB/s)
#28 23.25 [INFO] Downloading from jboss-https: https://repository.jboss.org/nexus/content/groups/public-jboss/jakarta/security/enterprise/jakarta.security.enterprise-api/3.0.0/jakarta.security.enterprise-api-3.0.0.pom
#28 23.50 [INFO] Downloading from central: https://repo.maven.apache.org/maven2/jakarta/security/enterprise/jakarta.security.enterprise-api/3.0.0/jakarta.security.enterprise-api-3.0.0.pom
#28 23.53 [INFO] Downloaded from central: https://repo.maven.apache.org/maven2/jakarta/security/enterprise/jakarta.security.enterprise-api/3.0.0/jakarta.security.enterprise-api-3.0.0.pom (15 kB at 474 kB/s)
#28 23.54 [INFO] Downloading from jboss-https: https://repository.jboss.org/nexus/content/groups/public-jboss/jakarta/jms/jakarta.jms-api/3.1.0/jakarta.jms-api-3.1.0.pom
#28 23.80 [INFO] Downloading from central: https://repo.maven.apache.org/maven2/jakarta/jms/jakarta.jms-api/3.1.0/jakarta.jms-api-3.1.0.pom
#28 23.84 [INFO] Downloaded from central: https://repo.maven.apache.org/maven2/jakarta/jms/jakarta.jms-api/3.1.0/jakarta.jms-api-3.1.0.pom (9.7 kB at 285 kB/s)
#28 23.84 [INFO] Downloading from jboss-https: https://repository.jboss.org/nexus/content/groups/public-jboss/jakarta/mail/jakarta.mail-api/2.1.0/jakarta.mail-api-2.1.0.pom
#28 24.10 [INFO] Downloading from central: https://repo.maven.apache.org/maven2/jakarta/mail/jakarta.mail-api/2.1.0/jakarta.mail-api-2.1.0.pom
#28 24.13 [INFO] Downloaded from central: https://repo.maven.apache.org/maven2/jakarta/mail/jakarta.mail-api/2.1.0/jakarta.mail-api-2.1.0.pom (20 kB at 621 kB/s)
#28 24.13 [INFO] Downloading from jboss-https: https://repository.jboss.org/nexus/content/groups/public-jboss/jakarta/resource/jakarta.resource-api/2.1.0/jakarta.resource-api-2.1.0.pom
#28 24.41 [INFO] Downloading from central: https://repo.maven.apache.org/maven2/jakarta/resource/jakarta.resource-api/2.1.0/jakarta.resource-api-2.1.0.pom
#28 24.45 [INFO] Downloaded from central: https://repo.maven.apache.org/maven2/jakarta/resource/jakarta.resource-api/2.1.0/jakarta.resource-api-2.1.0.pom (13 kB at 321 kB/s)
#28 24.45 [INFO] Downloading from jboss-https: https://repository.jboss.org/nexus/content/groups/public-jboss/jakarta/authorization/jakarta.authorization-api/2.1.0/jakarta.authorization-api-2.1.0.pom
#28 24.71 [INFO] Downloading from central: https://repo.maven.apache.org/maven2/jakarta/authorization/jakarta.authorization-api/2.1.0/jakarta.authorization-api-2.1.0.pom
#28 24.74 [INFO] Downloaded from central: https://repo.maven.apache.org/maven2/jakarta/authorization/jakarta.authorization-api/2.1.0/jakarta.authorization-api-2.1.0.pom (13 kB at 425 kB/s)
#28 24.75 [INFO] Downloading from jboss-https: https://repository.jboss.org/nexus/content/groups/public-jboss/jakarta/batch/jakarta.batch-api/2.1.1/jakarta.batch-api-2.1.1.pom
#28 25.17 [INFO] Downloading from central: https://repo.maven.apache.org/maven2/jakarta/batch/jakarta.batch-api/2.1.1/jakarta.batch-api-2.1.1.pom
#28 25.20 [INFO] Downloaded from central: https://repo.maven.apache.org/maven2/jakarta/batch/jakarta.batch-api/2.1.1/jakarta.batch-api-2.1.1.pom (5.7 kB at 191 kB/s)
#28 25.20 [INFO] Downloading from jboss-https: https://repository.jboss.org/nexus/content/groups/public-jboss/jakarta/batch/batch-api-parent/2.1.1/batch-api-parent-2.1.1.pom
#28 25.47 [INFO] Downloading from central: https://repo.maven.apache.org/maven2/jakarta/batch/batch-api-parent/2.1.1/batch-api-parent-2.1.1.pom
#28 25.50 [INFO] Downloaded from central: https://repo.maven.apache.org/maven2/jakarta/batch/batch-api-parent/2.1.1/batch-api-parent-2.1.1.pom (11 kB at 386 kB/s)
#28 25.52 [INFO] Downloading from jboss-https: https://repository.jboss.org/nexus/content/groups/public-jboss/org/hibernate/orm/hibernate-core/6.4.4.Final/hibernate-core-6.4.4.Final.jar
#28 25.81 [INFO] Downloading from jboss-https: https://repository.jboss.org/nexus/content/groups/public-jboss/jakarta/persistence/jakarta.persistence-api/3.1.0/jakarta.persistence-api-3.1.0.jar
#28 25.81 [INFO] Downloading from jboss-https: https://repository.jboss.org/nexus/content/groups/public-jboss/jakarta/transaction/jakarta.transaction-api/2.0.1/jakarta.transaction-api-2.0.1.jar
#28 25.81 [INFO] Downloading from jboss-https: https://repository.jboss.org/nexus/content/groups/public-jboss/org/jboss/logging/jboss-logging/3.5.0.Final/jboss-logging-3.5.0.Final.jar
#28 25.81 [INFO] Downloading from jboss-https: https://repository.jboss.org/nexus/content/groups/public-jboss/org/hibernate/common/hibernate-commons-annotations/6.0.6.Final/hibernate-commons-annotations-6.0.6.Final.jar
#28 25.81 [INFO] Downloading from jboss-https: https://repository.jboss.org/nexus/content/groups/public-jboss/io/smallrye/jandex/3.1.2/jandex-3.1.2.jar
#28 25.89 [INFO] Downloaded from jboss-https: https://repository.jboss.org/nexus/content/groups/public-jboss/org/jboss/logging/jboss-logging/3.5.0.Final/jboss-logging-3.5.0.Final.jar (63 kB at 736 kB/s)
#28 25.89 [INFO] Downloading from jboss-https: https://repository.jboss.org/nexus/content/groups/public-jboss/com/fasterxml/classmate/1.5.1/classmate-1.5.1.jar
#28 26.09 [INFO] Downloading from jboss-https: https://repository.jboss.org/nexus/content/groups/public-jboss/net/bytebuddy/byte-buddy/1.14.11/byte-buddy-1.14.11.jar
#28 26.11 [INFO] Downloading from jboss-https: https://repository.jboss.org/nexus/content/groups/public-jboss/jakarta/xml/bind/jakarta.xml.bind-api/4.0.0/jakarta.xml.bind-api-4.0.0.jar
#28 26.12 [INFO] Downloading from jboss-https: https://repository.jboss.org/nexus/content/groups/public-jboss/org/glassfish/jaxb/jaxb-runtime/4.0.2/jaxb-runtime-4.0.2.jar
#28 26.13 [INFO] Downloading from jboss-https: https://repository.jboss.org/nexus/content/groups/public-jboss/org/glassfish/jaxb/jaxb-core/4.0.2/jaxb-core-4.0.2.jar
#28 26.16 [INFO] Downloading from jboss-https: https://repository.jboss.org/nexus/content/groups/public-jboss/org/eclipse/angus/angus-activation/2.0.0/angus-activation-2.0.0.jar
#28 26.35 [INFO] Downloading from jboss-https: https://repository.jboss.org/nexus/content/groups/public-jboss/org/glassfish/jaxb/txw2/4.0.2/txw2-4.0.2.jar
#28 26.37 [INFO] Downloading from jboss-https: https://repository.jboss.org/nexus/content/groups/public-jboss/com/sun/istack/istack-commons-runtime/4.1.1/istack-commons-runtime-4.1.1.jar
#28 26.40 [INFO] Downloading from jboss-https: https://repository.jboss.org/nexus/content/groups/public-jboss/jakarta/inject/jakarta.inject-api/2.0.1/jakarta.inject-api-2.0.1.jar
#28 26.41 [INFO] Downloading from jboss-https: https://repository.jboss.org/nexus/content/groups/public-jboss/org/antlr/antlr4-runtime/4.13.0/antlr4-runtime-4.13.0.jar
#28 26.44 [INFO] Downloading from jboss-https: https://repository.jboss.org/nexus/content/groups/public-jboss/commons-codec/commons-codec/1.17.1/commons-codec-1.17.1.jar
#28 26.62 [INFO] Downloading from jboss-https: https://repository.jboss.org/nexus/content/groups/public-jboss/jakarta/platform/jakarta.jakartaee-api/10.0.0/jakarta.jakartaee-api-10.0.0.jar
#28 26.64 [INFO] Downloading from jboss-https: https://repository.jboss.org/nexus/content/groups/public-jboss/jakarta/platform/jakarta.jakartaee-web-api/10.0.0/jakarta.jakartaee-web-api-10.0.0.jar
#28 26.65 [INFO] Downloading from jboss-https: https://repository.jboss.org/nexus/content/groups/public-jboss/jakarta/servlet/jakarta.servlet-api/6.0.0/jakarta.servlet-api-6.0.0.jar
#28 26.67 [INFO] Downloading from jboss-https: https://repository.jboss.org/nexus/content/groups/public-jboss/jakarta/servlet/jsp/jakarta.servlet.jsp-api/3.1.0/jakarta.servlet.jsp-api-3.1.0.jar
#28 26.72 [INFO] Downloading from jboss-https: https://repository.jboss.org/nexus/content/groups/public-jboss/jakarta/el/jakarta.el-api/5.0.1/jakarta.el-api-5.0.1.jar
#28 26.90 [INFO] Downloading from jboss-https: https://repository.jboss.org/nexus/content/groups/public-jboss/jakarta/servlet/jsp/jstl/jakarta.servlet.jsp.jstl-api/3.0.0/jakarta.servlet.jsp.jstl-api-3.0.0.jar
#28 26.90 [INFO] Downloading from jboss-https: https://repository.jboss.org/nexus/content/groups/public-jboss/jakarta/faces/jakarta.faces-api/4.0.1/jakarta.faces-api-4.0.1.jar
#28 26.96 [INFO] Downloading from jboss-https: https://repository.jboss.org/nexus/content/groups/public-jboss/jakarta/ws/rs/jakarta.ws.rs-api/3.1.0/jakarta.ws.rs-api-3.1.0.jar
#28 26.99 [INFO] Downloading from jboss-https: https://repository.jboss.org/nexus/content/groups/public-jboss/jakarta/websocket/jakarta.websocket-api/2.1.0/jakarta.websocket-api-2.1.0.jar
#28 27.00 [INFO] Downloading from jboss-https: https://repository.jboss.org/nexus/content/groups/public-jboss/jakarta/websocket/jakarta.websocket-client-api/2.1.0/jakarta.websocket-client-api-2.1.0.jar
#28 27.17 [INFO] Downloading from jboss-https: https://repository.jboss.org/nexus/content/groups/public-jboss/jakarta/json/jakarta.json-api/2.1.0/jakarta.json-api-2.1.0.jar
#28 27.18 [INFO] Downloading from jboss-https: https://repository.jboss.org/nexus/content/groups/public-jboss/jakarta/json/bind/jakarta.json.bind-api/3.0.0/jakarta.json.bind-api-3.0.0.jar
#28 27.22 [INFO] Downloading from jboss-https: https://repository.jboss.org/nexus/content/groups/public-jboss/jakarta/annotation/jakarta.annotation-api/2.1.1/jakarta.annotation-api-2.1.1.jar
#28 27.25 [INFO] Downloading from jboss-https: https://repository.jboss.org/nexus/content/groups/public-jboss/jakarta/ejb/jakarta.ejb-api/4.0.1/jakarta.ejb-api-4.0.1.jar
#28 27.31 [INFO] Downloading from jboss-https: https://repository.jboss.org/nexus/content/groups/public-jboss/jakarta/validation/jakarta.validation-api/3.0.2/jakarta.validation-api-3.0.2.jar
#28 27.43 [INFO] Downloading from jboss-https: https://repository.jboss.org/nexus/content/groups/public-jboss/jakarta/interceptor/jakarta.interceptor-api/2.1.0/jakarta.interceptor-api-2.1.0.jar
#28 27.48 [INFO] Downloading from jboss-https: https://repository.jboss.org/nexus/content/groups/public-jboss/jakarta/enterprise/jakarta.enterprise.cdi-api/4.0.1/jakarta.enterprise.cdi-api-4.0.1.jar
#28 27.48 [INFO] Downloading from jboss-https: https://repository.jboss.org/nexus/content/groups/public-jboss/jakarta/enterprise/jakarta.enterprise.lang-model/4.0.1/jakarta.enterprise.lang-model-4.0.1.jar
#28 27.59 [INFO] Downloading from jboss-https: https://repository.jboss.org/nexus/content/groups/public-jboss/jakarta/authentication/jakarta.authentication-api/3.0.0/jakarta.authentication-api-3.0.0.jar
#28 27.60 [INFO] Downloading from jboss-https: https://repository.jboss.org/nexus/content/groups/public-jboss/jakarta/security/enterprise/jakarta.security.enterprise-api/3.0.0/jakarta.security.enterprise-api-3.0.0.jar
#28 27.69 [INFO] Downloading from jboss-https: https://repository.jboss.org/nexus/content/groups/public-jboss/jakarta/jms/jakarta.jms-api/3.1.0/jakarta.jms-api-3.1.0.jar
#28 27.74 [INFO] Downloading from jboss-https: https://repository.jboss.org/nexus/content/groups/public-jboss/jakarta/activation/jakarta.activation-api/2.1.0/jakarta.activation-api-2.1.0.jar
#28 27.74 [INFO] Downloading from jboss-https: https://repository.jboss.org/nexus/content/groups/public-jboss/jakarta/mail/jakarta.mail-api/2.1.0/jakarta.mail-api-2.1.0.jar
#28 27.88 [INFO] Downloading from jboss-https: https://repository.jboss.org/nexus/content/groups/public-jboss/jakarta/resource/jakarta.resource-api/2.1.0/jakarta.resource-api-2.1.0.jar
#28 27.91 [INFO] Downloading from jboss-https: https://repository.jboss.org/nexus/content/groups/public-jboss/jakarta/authorization/jakarta.authorization-api/2.1.0/jakarta.authorization-api-2.1.0.jar
#28 27.96 [INFO] Downloading from jboss-https: https://repository.jboss.org/nexus/content/groups/public-jboss/jakarta/batch/jakarta.batch-api/2.1.1/jakarta.batch-api-2.1.1.jar
#28 28.32 [INFO] Downloading from central: https://repo.maven.apache.org/maven2/org/hibernate/orm/hibernate-core/6.4.4.Final/hibernate-core-6.4.4.Final.jar
#28 28.85 [INFO] Downloaded from central: https://repo.maven.apache.org/maven2/org/hibernate/orm/hibernate-core/6.4.4.Final/hibernate-core-6.4.4.Final.jar (12 MB at 22 MB/s)
#28 28.85 [INFO] Downloading from central: https://repo.maven.apache.org/maven2/jakarta/persistence/jakarta.persistence-api/3.1.0/jakarta.persistence-api-3.1.0.jar
#28 28.85 [INFO] Downloading from central: https://repo.maven.apache.org/maven2/jakarta/transaction/jakarta.transaction-api/2.0.1/jakarta.transaction-api-2.0.1.jar
#28 28.85 [INFO] Downloading from central: https://repo.maven.apache.org/maven2/org/hibernate/common/hibernate-commons-annotations/6.0.6.Final/hibernate-commons-annotations-6.0.6.Final.jar
#28 28.85 [INFO] Downloading from central: https://repo.maven.apache.org/maven2/io/smallrye/jandex/3.1.2/jandex-3.1.2.jar
#28 28.85 [INFO] Downloading from central: https://repo.maven.apache.org/maven2/com/fasterxml/classmate/1.5.1/classmate-1.5.1.jar
#28 28.89 [INFO] Downloaded from central: https://repo.maven.apache.org/maven2/jakarta/persistence/jakarta.persistence-api/3.1.0/jakarta.persistence-api-3.1.0.jar (165 kB at 4.3 MB/s)
#28 28.89 [INFO] Downloading from central: https://repo.maven.apache.org/maven2/net/bytebuddy/byte-buddy/1.14.11/byte-buddy-1.14.11.jar
#28 28.91 [INFO] Downloaded from central: https://repo.maven.apache.org/maven2/jakarta/transaction/jakarta.transaction-api/2.0.1/jakarta.transaction-api-2.0.1.jar (29 kB at 530 kB/s)
#28 28.91 [INFO] Downloading from central: https://repo.maven.apache.org/maven2/jakarta/xml/bind/jakarta.xml.bind-api/4.0.0/jakarta.xml.bind-api-4.0.0.jar
#28 28.93 [INFO] Downloaded from central: https://repo.maven.apache.org/maven2/org/hibernate/common/hibernate-commons-annotations/6.0.6.Final/hibernate-commons-annotations-6.0.6.Final.jar (68 kB at 858 kB/s)
#28 28.93 [INFO] Downloading from central: https://repo.maven.apache.org/maven2/org/glassfish/jaxb/jaxb-runtime/4.0.2/jaxb-runtime-4.0.2.jar
#28 28.95 [INFO] Downloaded from central: https://repo.maven.apache.org/maven2/com/fasterxml/classmate/1.5.1/classmate-1.5.1.jar (68 kB at 745 kB/s)
#28 28.95 [INFO] Downloading from central: https://repo.maven.apache.org/maven2/org/glassfish/jaxb/jaxb-core/4.0.2/jaxb-core-4.0.2.jar
#28 28.95 [INFO] Downloaded from central: https://repo.maven.apache.org/maven2/jakarta/xml/bind/jakarta.xml.bind-api/4.0.0/jakarta.xml.bind-api-4.0.0.jar (127 kB at 1.3 MB/s)
#28 28.95 [INFO] Downloading from central: https://repo.maven.apache.org/maven2/org/eclipse/angus/angus-activation/2.0.0/angus-activation-2.0.0.jar
#28 28.97 [INFO] Downloaded from central: https://repo.maven.apache.org/maven2/io/smallrye/jandex/3.1.2/jandex-3.1.2.jar (327 kB at 2.9 MB/s)
#28 28.97 [INFO] Downloading from central: https://repo.maven.apache.org/maven2/org/glassfish/jaxb/txw2/4.0.2/txw2-4.0.2.jar
#28 28.99 [INFO] Downloaded from central: https://repo.maven.apache.org/maven2/org/eclipse/angus/angus-activation/2.0.0/angus-activation-2.0.0.jar (27 kB at 208 kB/s)
#28 28.99 [INFO] Downloading from central: https://repo.maven.apache.org/maven2/com/sun/istack/istack-commons-runtime/4.1.1/istack-commons-runtime-4.1.1.jar
#28 28.99 [INFO] Downloaded from central: https://repo.maven.apache.org/maven2/org/glassfish/jaxb/jaxb-core/4.0.2/jaxb-core-4.0.2.jar (139 kB at 1.0 MB/s)
#28 28.99 [INFO] Downloading from central: https://repo.maven.apache.org/maven2/jakarta/inject/jakarta.inject-api/2.0.1/jakarta.inject-api-2.0.1.jar
#28 29.01 [INFO] Downloaded from central: https://repo.maven.apache.org/maven2/org/glassfish/jaxb/txw2/4.0.2/txw2-4.0.2.jar (73 kB at 470 kB/s)
#28 29.01 [INFO] Downloading from central: https://repo.maven.apache.org/maven2/org/antlr/antlr4-runtime/4.13.0/antlr4-runtime-4.13.0.jar
#28 29.02 [INFO] Downloaded from central: https://repo.maven.apache.org/maven2/com/sun/istack/istack-commons-runtime/4.1.1/istack-commons-runtime-4.1.1.jar (26 kB at 161 kB/s)
#28 29.02 [INFO] Downloading from central: https://repo.maven.apache.org/maven2/commons-codec/commons-codec/1.17.1/commons-codec-1.17.1.jar
#28 29.02 [INFO] Downloaded from central: https://repo.maven.apache.org/maven2/org/glassfish/jaxb/jaxb-runtime/4.0.2/jaxb-runtime-4.0.2.jar (908 kB at 5.4 MB/s)
#28 29.02 [INFO] Downloading from central: https://repo.maven.apache.org/maven2/jakarta/platform/jakarta.jakartaee-api/10.0.0/jakarta.jakartaee-api-10.0.0.jar
#28 29.02 [INFO] Downloaded from central: https://repo.maven.apache.org/maven2/jakarta/inject/jakarta.inject-api/2.0.1/jakarta.inject-api-2.0.1.jar (11 kB at 63 kB/s)
#28 29.02 [INFO] Downloading from central: https://repo.maven.apache.org/maven2/jakarta/platform/jakarta.jakartaee-web-api/10.0.0/jakarta.jakartaee-web-api-10.0.0.jar
#28 29.10 [INFO] Downloaded from central: https://repo.maven.apache.org/maven2/org/antlr/antlr4-runtime/4.13.0/antlr4-runtime-4.13.0.jar (326 kB at 1.3 MB/s)
#28 29.11 [INFO] Downloading from central: https://repo.maven.apache.org/maven2/jakarta/servlet/jakarta.servlet-api/6.0.0/jakarta.servlet-api-6.0.0.jar
#28 29.11 [INFO] Downloaded from central: https://repo.maven.apache.org/maven2/commons-codec/commons-codec/1.17.1/commons-codec-1.17.1.jar (373 kB at 1.5 MB/s)
#28 29.11 [INFO] Downloading from central: https://repo.maven.apache.org/maven2/jakarta/servlet/jsp/jakarta.servlet.jsp-api/3.1.0/jakarta.servlet.jsp-api-3.1.0.jar
#28 29.15 [INFO] Downloaded from central: https://repo.maven.apache.org/maven2/jakarta/servlet/jsp/jakarta.servlet.jsp-api/3.1.0/jakarta.servlet.jsp-api-3.1.0.jar (71 kB at 240 kB/s)
#28 29.15 [INFO] Downloading from central: https://repo.maven.apache.org/maven2/jakarta/el/jakarta.el-api/5.0.1/jakarta.el-api-5.0.1.jar
#28 29.20 [INFO] Downloaded from central: https://repo.maven.apache.org/maven2/jakarta/servlet/jakarta.servlet-api/6.0.0/jakarta.servlet-api-6.0.0.jar (348 kB at 996 kB/s)
#28 29.20 [INFO] Downloading from central: https://repo.maven.apache.org/maven2/jakarta/servlet/jsp/jstl/jakarta.servlet.jsp.jstl-api/3.0.0/jakarta.servlet.jsp.jstl-api-3.0.0.jar
#28 29.21 [INFO] Downloaded from central: https://repo.maven.apache.org/maven2/jakarta/el/jakarta.el-api/5.0.1/jakarta.el-api-5.0.1.jar (88 kB at 252 kB/s)
#28 29.21 [INFO] Downloading from central: https://repo.maven.apache.org/maven2/jakarta/faces/jakarta.faces-api/4.0.1/jakarta.faces-api-4.0.1.jar
#28 29.24 [INFO] Downloaded from central: https://repo.maven.apache.org/maven2/jakarta/servlet/jsp/jstl/jakarta.servlet.jsp.jstl-api/3.0.0/jakarta.servlet.jsp.jstl-api-3.0.0.jar (46 kB at 120 kB/s)
#28 29.24 [INFO] Downloading from central: https://repo.maven.apache.org/maven2/jakarta/ws/rs/jakarta.ws.rs-api/3.1.0/jakarta.ws.rs-api-3.1.0.jar
#28 29.30 [INFO] Downloaded from central: https://repo.maven.apache.org/maven2/jakarta/platform/jakarta.jakartaee-web-api/10.0.0/jakarta.jakartaee-web-api-10.0.0.jar (1.7 MB at 3.8 MB/s)
#28 29.30 [INFO] Downloading from central: https://repo.maven.apache.org/maven2/jakarta/websocket/jakarta.websocket-api/2.1.0/jakarta.websocket-api-2.1.0.jar
#28 29.30 [INFO] Downloaded from central: https://repo.maven.apache.org/maven2/jakarta/ws/rs/jakarta.ws.rs-api/3.1.0/jakarta.ws.rs-api-3.1.0.jar (155 kB at 349 kB/s)
#28 29.30 [INFO] Downloading from central: https://repo.maven.apache.org/maven2/jakarta/websocket/jakarta.websocket-client-api/2.1.0/jakarta.websocket-client-api-2.1.0.jar
#28 29.34 [INFO] Downloaded from central: https://repo.maven.apache.org/maven2/jakarta/platform/jakarta.jakartaee-api/10.0.0/jakarta.jakartaee-api-10.0.0.jar (2.3 MB at 4.7 MB/s)
#28 29.34 [INFO] Downloading from central: https://repo.maven.apache.org/maven2/jakarta/json/jakarta.json-api/2.1.0/jakarta.json-api-2.1.0.jar
#28 29.34 [INFO] Downloaded from central: https://repo.maven.apache.org/maven2/jakarta/websocket/jakarta.websocket-client-api/2.1.0/jakarta.websocket-client-api-2.1.0.jar (42 kB at 87 kB/s)
#28 29.34 [INFO] Downloading from central: https://repo.maven.apache.org/maven2/jakarta/json/bind/jakarta.json.bind-api/3.0.0/jakarta.json.bind-api-3.0.0.jar
#28 29.34 [INFO] Downloaded from central: https://repo.maven.apache.org/maven2/jakarta/faces/jakarta.faces-api/4.0.1/jakarta.faces-api-4.0.1.jar (719 kB at 1.5 MB/s)
#28 29.34 [INFO] Downloading from central: https://repo.maven.apache.org/maven2/jakarta/annotation/jakarta.annotation-api/2.1.1/jakarta.annotation-api-2.1.1.jar
#28 29.34 [INFO] Downloaded from central: https://repo.maven.apache.org/maven2/jakarta/websocket/jakarta.websocket-api/2.1.0/jakarta.websocket-api-2.1.0.jar (24 kB at 49 kB/s)
#28 29.34 [INFO] Downloading from central: https://repo.maven.apache.org/maven2/jakarta/ejb/jakarta.ejb-api/4.0.1/jakarta.ejb-api-4.0.1.jar
#28 29.36 [INFO] Downloaded from central: https://repo.maven.apache.org/maven2/net/bytebuddy/byte-buddy/1.14.11/byte-buddy-1.14.11.jar (4.2 MB at 8.4 MB/s)
#28 29.36 [INFO] Downloading from central: https://repo.maven.apache.org/maven2/jakarta/validation/jakarta.validation-api/3.0.2/jakarta.validation-api-3.0.2.jar
#28 29.38 [INFO] Downloaded from central: https://repo.maven.apache.org/maven2/jakarta/json/jakarta.json-api/2.1.0/jakarta.json-api-2.1.0.jar (49 kB at 95 kB/s)
#28 29.38 [INFO] Downloading from central: https://repo.maven.apache.org/maven2/jakarta/interceptor/jakarta.interceptor-api/2.1.0/jakarta.interceptor-api-2.1.0.jar
#28 29.38 [INFO] Downloaded from central: https://repo.maven.apache.org/maven2/jakarta/annotation/jakarta.annotation-api/2.1.1/jakarta.annotation-api-2.1.1.jar (26 kB at 50 kB/s)
#28 29.38 [INFO] Downloading from central: https://repo.maven.apache.org/maven2/jakarta/enterprise/jakarta.enterprise.cdi-api/4.0.1/jakarta.enterprise.cdi-api-4.0.1.jar
#28 29.38 [INFO] Downloaded from central: https://repo.maven.apache.org/maven2/jakarta/json/bind/jakarta.json.bind-api/3.0.0/jakarta.json.bind-api-3.0.0.jar (37 kB at 70 kB/s)
#28 29.38 [INFO] Downloading from central: https://repo.maven.apache.org/maven2/jakarta/enterprise/jakarta.enterprise.lang-model/4.0.1/jakarta.enterprise.lang-model-4.0.1.jar
#28 29.39 [INFO] Downloaded from central: https://repo.maven.apache.org/maven2/jakarta/validation/jakarta.validation-api/3.0.2/jakarta.validation-api-3.0.2.jar (93 kB at 175 kB/s)
#28 29.39 [INFO] Downloading from central: https://repo.maven.apache.org/maven2/jakarta/authentication/jakarta.authentication-api/3.0.0/jakarta.authentication-api-3.0.0.jar
#28 29.39 [INFO] Downloaded from central: https://repo.maven.apache.org/maven2/jakarta/ejb/jakarta.ejb-api/4.0.1/jakarta.ejb-api-4.0.1.jar (62 kB at 115 kB/s)
#28 29.39 [INFO] Downloading from central: https://repo.maven.apache.org/maven2/jakarta/security/enterprise/jakarta.security.enterprise-api/3.0.0/jakarta.security.enterprise-api-3.0.0.jar
#28 29.41 [INFO] Downloaded from central: https://repo.maven.apache.org/maven2/jakarta/enterprise/jakarta.enterprise.lang-model/4.0.1/jakarta.enterprise.lang-model-4.0.1.jar (26 kB at 47 kB/s)
#28 29.41 [INFO] Downloading from central: https://repo.maven.apache.org/maven2/jakarta/jms/jakarta.jms-api/3.1.0/jakarta.jms-api-3.1.0.jar
#28 29.42 [INFO] Downloaded from central: https://repo.maven.apache.org/maven2/jakarta/interceptor/jakarta.interceptor-api/2.1.0/jakarta.interceptor-api-2.1.0.jar (25 kB at 45 kB/s)
#28 29.42 [INFO] Downloading from central: https://repo.maven.apache.org/maven2/jakarta/activation/jakarta.activation-api/2.1.0/jakarta.activation-api-2.1.0.jar
#28 29.43 [INFO] Downloaded from central: https://repo.maven.apache.org/maven2/jakarta/authentication/jakarta.authentication-api/3.0.0/jakarta.authentication-api-3.0.0.jar (45 kB at 79 kB/s)
#28 29.43 [INFO] Downloading from central: https://repo.maven.apache.org/maven2/jakarta/mail/jakarta.mail-api/2.1.0/jakarta.mail-api-2.1.0.jar
#28 29.43 [INFO] Downloaded from central: https://repo.maven.apache.org/maven2/jakarta/security/enterprise/jakarta.security.enterprise-api/3.0.0/jakarta.security.enterprise-api-3.0.0.jar (85 kB at 148 kB/s)
#28 29.43 [INFO] Downloading from central: https://repo.maven.apache.org/maven2/jakarta/resource/jakarta.resource-api/2.1.0/jakarta.resource-api-2.1.0.jar
#28 29.44 [INFO] Downloaded from central: https://repo.maven.apache.org/maven2/jakarta/enterprise/jakarta.enterprise.cdi-api/4.0.1/jakarta.enterprise.cdi-api-4.0.1.jar (151 kB at 260 kB/s)
#28 29.44 [INFO] Downloading from central: https://repo.maven.apache.org/maven2/jakarta/authorization/jakarta.authorization-api/2.1.0/jakarta.authorization-api-2.1.0.jar
#28 29.45 [INFO] Downloaded from central: https://repo.maven.apache.org/maven2/jakarta/jms/jakarta.jms-api/3.1.0/jakarta.jms-api-3.1.0.jar (59 kB at 100 kB/s)
#28 29.45 [INFO] Downloading from central: https://repo.maven.apache.org/maven2/jakarta/batch/jakarta.batch-api/2.1.1/jakarta.batch-api-2.1.1.jar
#28 29.45 [INFO] Downloaded from central: https://repo.maven.apache.org/maven2/jakarta/activation/jakarta.activation-api/2.1.0/jakarta.activation-api-2.1.0.jar (63 kB at 106 kB/s)
#28 29.47 [INFO] Downloaded from central: https://repo.maven.apache.org/maven2/jakarta/mail/jakarta.mail-api/2.1.0/jakarta.mail-api-2.1.0.jar (236 kB at 385 kB/s)
#28 29.47 [INFO] Downloaded from central: https://repo.maven.apache.org/maven2/jakarta/resource/jakarta.resource-api/2.1.0/jakarta.resource-api-2.1.0.jar (65 kB at 106 kB/s)
#28 29.48 [INFO] Downloaded from central: https://repo.maven.apache.org/maven2/jakarta/authorization/jakarta.authorization-api/2.1.0/jakarta.authorization-api-2.1.0.jar (47 kB at 75 kB/s)
#28 29.48 [INFO] Downloaded from central: https://repo.maven.apache.org/maven2/jakarta/batch/jakarta.batch-api/2.1.1/jakarta.batch-api-2.1.1.jar (46 kB at 73 kB/s)
#28 29.49 [INFO] 
#28 29.49 [INFO] --- resources:3.3.1:resources (default-resources) @ opendolphin-common ---
#28 29.50 [INFO] Downloading from central: https://repo.maven.apache.org/maven2/org/apache/maven/shared/maven-filtering/3.3.1/maven-filtering-3.3.1.pom
#28 29.55 [INFO] Downloaded from central: https://repo.maven.apache.org/maven2/org/apache/maven/shared/maven-filtering/3.3.1/maven-filtering-3.3.1.pom (6.0 kB at 128 kB/s)
#28 29.58 [INFO] Downloading from central: https://repo.maven.apache.org/maven2/org/codehaus/plexus/plexus-interpolation/1.26/plexus-interpolation-1.26.jar
#28 29.63 [INFO] Downloaded from central: https://repo.maven.apache.org/maven2/org/codehaus/plexus/plexus-interpolation/1.26/plexus-interpolation-1.26.jar (85 kB at 1.6 MB/s)
#28 29.63 [INFO] Downloading from central: https://repo.maven.apache.org/maven2/org/apache/maven/shared/maven-filtering/3.3.1/maven-filtering-3.3.1.jar
#28 29.63 [INFO] Downloading from central: https://repo.maven.apache.org/maven2/commons-io/commons-io/2.11.0/commons-io-2.11.0.jar
#28 29.63 [INFO] Downloading from central: https://repo.maven.apache.org/maven2/org/apache/commons/commons-lang3/3.12.0/commons-lang3-3.12.0.jar
#28 29.66 [INFO] Downloaded from central: https://repo.maven.apache.org/maven2/org/apache/maven/shared/maven-filtering/3.3.1/maven-filtering-3.3.1.jar (55 kB at 1.5 MB/s)
#28 29.70 [INFO] Downloaded from central: https://repo.maven.apache.org/maven2/org/apache/commons/commons-lang3/3.12.0/commons-lang3-3.12.0.jar (587 kB at 8.4 MB/s)
#28 29.70 [INFO] Downloaded from central: https://repo.maven.apache.org/maven2/commons-io/commons-io/2.11.0/commons-io-2.11.0.jar (327 kB at 4.2 MB/s)
#28 29.77 [INFO] Copying 1 resource from src/main/resources to target/classes
#28 29.77 [INFO] 
#28 29.77 [INFO] --- compiler:3.11.0:compile (default-compile) @ opendolphin-common ---
#28 29.79 [INFO] Downloading from central: https://repo.maven.apache.org/maven2/org/apache/maven/shared/maven-shared-incremental/1.1/maven-shared-incremental-1.1.pom
#28 29.83 [INFO] Downloaded from central: https://repo.maven.apache.org/maven2/org/apache/maven/shared/maven-shared-incremental/1.1/maven-shared-incremental-1.1.pom (4.7 kB at 108 kB/s)
#28 29.83 [INFO] Downloading from central: https://repo.maven.apache.org/maven2/org/apache/maven/shared/maven-shared-components/19/maven-shared-components-19.pom
#28 29.87 [INFO] Downloaded from central: https://repo.maven.apache.org/maven2/org/apache/maven/shared/maven-shared-components/19/maven-shared-components-19.pom (6.4 kB at 182 kB/s)
#28 29.88 [INFO] Downloading from central: https://repo.maven.apache.org/maven2/org/codehaus/plexus/plexus-java/1.1.2/plexus-java-1.1.2.pom
#28 29.92 [INFO] Downloaded from central: https://repo.maven.apache.org/maven2/org/codehaus/plexus/plexus-java/1.1.2/plexus-java-1.1.2.pom (5.0 kB at 110 kB/s)
#28 29.92 [INFO] Downloading from central: https://repo.maven.apache.org/maven2/org/codehaus/plexus/plexus-languages/1.1.2/plexus-languages-1.1.2.pom
#28 29.96 [INFO] Downloaded from central: https://repo.maven.apache.org/maven2/org/codehaus/plexus/plexus-languages/1.1.2/plexus-languages-1.1.2.pom (4.1 kB at 115 kB/s)
#28 29.96 [INFO] Downloading from central: https://repo.maven.apache.org/maven2/org/ow2/asm/asm/9.4/asm-9.4.pom
#28 30.00 [INFO] Downloaded from central: https://repo.maven.apache.org/maven2/org/ow2/asm/asm/9.4/asm-9.4.pom (2.4 kB at 64 kB/s)
#28 30.00 [INFO] Downloading from central: https://repo.maven.apache.org/maven2/com/thoughtworks/qdox/qdox/2.0.3/qdox-2.0.3.pom
#28 30.07 [INFO] Downloaded from central: https://repo.maven.apache.org/maven2/com/thoughtworks/qdox/qdox/2.0.3/qdox-2.0.3.pom (17 kB at 257 kB/s)
#28 30.07 [INFO] Downloading from central: https://repo.maven.apache.org/maven2/org/codehaus/plexus/plexus-compiler-api/2.13.0/plexus-compiler-api-2.13.0.pom
#28 30.13 [INFO] Downloaded from central: https://repo.maven.apache.org/maven2/org/codehaus/plexus/plexus-compiler-api/2.13.0/plexus-compiler-api-2.13.0.pom (1.1 kB at 19 kB/s)
#28 30.13 [INFO] Downloading from central: https://repo.maven.apache.org/maven2/org/codehaus/plexus/plexus-compiler/2.13.0/plexus-compiler-2.13.0.pom
#28 30.17 [INFO] Downloaded from central: https://repo.maven.apache.org/maven2/org/codehaus/plexus/plexus-compiler/2.13.0/plexus-compiler-2.13.0.pom (8.4 kB at 239 kB/s)
#28 30.17 [INFO] Downloading from central: https://repo.maven.apache.org/maven2/org/codehaus/plexus/plexus-components/10.0/plexus-components-10.0.pom
#28 30.22 [INFO] Downloaded from central: https://repo.maven.apache.org/maven2/org/codehaus/plexus/plexus-components/10.0/plexus-components-10.0.pom (2.7 kB at 62 kB/s)
#28 30.22 [INFO] Downloading from central: https://repo.maven.apache.org/maven2/org/codehaus/plexus/plexus-compiler-manager/2.13.0/plexus-compiler-manager-2.13.0.pom
#28 30.26 [INFO] Downloaded from central: https://repo.maven.apache.org/maven2/org/codehaus/plexus/plexus-compiler-manager/2.13.0/plexus-compiler-manager-2.13.0.pom (1.1 kB at 27 kB/s)
#28 30.26 [INFO] Downloading from central: https://repo.maven.apache.org/maven2/org/codehaus/plexus/plexus-component-annotations/2.1.1/plexus-component-annotations-2.1.1.pom
#28 30.30 [INFO] Downloaded from central: https://repo.maven.apache.org/maven2/org/codehaus/plexus/plexus-component-annotations/2.1.1/plexus-component-annotations-2.1.1.pom (770 B at 21 kB/s)
#28 30.30 [INFO] Downloading from central: https://repo.maven.apache.org/maven2/org/codehaus/plexus/plexus-containers/2.1.1/plexus-containers-2.1.1.pom
#28 30.35 [INFO] Downloaded from central: https://repo.maven.apache.org/maven2/org/codehaus/plexus/plexus-containers/2.1.1/plexus-containers-2.1.1.pom (6.0 kB at 137 kB/s)
#28 30.35 [INFO] Downloading from central: https://repo.maven.apache.org/maven2/org/codehaus/plexus/plexus/6.5/plexus-6.5.pom
#28 30.38 [INFO] Downloaded from central: https://repo.maven.apache.org/maven2/org/codehaus/plexus/plexus/6.5/plexus-6.5.pom (26 kB at 714 kB/s)
#28 30.39 [INFO] Downloading from central: https://repo.maven.apache.org/maven2/org/codehaus/plexus/plexus-compiler-javac/2.13.0/plexus-compiler-javac-2.13.0.pom
#28 30.43 [INFO] Downloaded from central: https://repo.maven.apache.org/maven2/org/codehaus/plexus/plexus-compiler-javac/2.13.0/plexus-compiler-javac-2.13.0.pom (1.2 kB at 31 kB/s)
#28 30.43 [INFO] Downloading from central: https://repo.maven.apache.org/maven2/org/codehaus/plexus/plexus-compilers/2.13.0/plexus-compilers-2.13.0.pom
#28 30.47 [INFO] Downloaded from central: https://repo.maven.apache.org/maven2/org/codehaus/plexus/plexus-compilers/2.13.0/plexus-compilers-2.13.0.pom (1.3 kB at 31 kB/s)
#28 30.48 [INFO] Downloading from central: https://repo.maven.apache.org/maven2/org/apache/maven/shared/maven-shared-utils/3.3.4/maven-shared-utils-3.3.4.jar
#28 30.52 [INFO] Downloaded from central: https://repo.maven.apache.org/maven2/org/apache/maven/shared/maven-shared-utils/3.3.4/maven-shared-utils-3.3.4.jar (153 kB at 3.2 MB/s)
#28 30.53 [INFO] Downloading from central: https://repo.maven.apache.org/maven2/commons-io/commons-io/2.6/commons-io-2.6.jar
#28 30.53 [INFO] Downloading from central: https://repo.maven.apache.org/maven2/org/apache/maven/shared/maven-shared-incremental/1.1/maven-shared-incremental-1.1.jar
#28 30.53 [INFO] Downloading from central: https://repo.maven.apache.org/maven2/org/codehaus/plexus/plexus-component-annotations/1.5.5/plexus-component-annotations-1.5.5.jar
#28 30.53 [INFO] Downloading from central: https://repo.maven.apache.org/maven2/org/codehaus/plexus/plexus-java/1.1.2/plexus-java-1.1.2.jar
#28 30.53 [INFO] Downloading from central: https://repo.maven.apache.org/maven2/org/ow2/asm/asm/9.4/asm-9.4.jar
#28 30.56 [INFO] Downloaded from central: https://repo.maven.apache.org/maven2/org/apache/maven/shared/maven-shared-incremental/1.1/maven-shared-incremental-1.1.jar (14 kB at 366 kB/s)
#28 30.56 [INFO] Downloading from central: https://repo.maven.apache.org/maven2/com/thoughtworks/qdox/qdox/2.0.3/qdox-2.0.3.jar
#28 30.56 [INFO] Downloaded from central: https://repo.maven.apache.org/maven2/org/ow2/asm/asm/9.4/asm-9.4.jar (122 kB at 3.3 MB/s)
#28 30.56 [INFO] Downloading from central: https://repo.maven.apache.org/maven2/org/codehaus/plexus/plexus-compiler-api/2.13.0/plexus-compiler-api-2.13.0.jar
#28 30.56 [INFO] Downloaded from central: https://repo.maven.apache.org/maven2/org/codehaus/plexus/plexus-component-annotations/1.5.5/plexus-component-annotations-1.5.5.jar (4.2 kB at 111 kB/s)
#28 30.56 [INFO] Downloading from central: https://repo.maven.apache.org/maven2/org/codehaus/plexus/plexus-compiler-manager/2.13.0/plexus-compiler-manager-2.13.0.jar
#28 30.57 [INFO] Downloaded from central: https://repo.maven.apache.org/maven2/org/codehaus/plexus/plexus-java/1.1.2/plexus-java-1.1.2.jar (55 kB at 1.3 MB/s)
#28 30.57 [INFO] Downloading from central: https://repo.maven.apache.org/maven2/org/codehaus/plexus/plexus-compiler-javac/2.13.0/plexus-compiler-javac-2.13.0.jar
#28 30.58 [INFO] Downloaded from central: https://repo.maven.apache.org/maven2/commons-io/commons-io/2.6/commons-io-2.6.jar (215 kB at 4.0 MB/s)
#28 30.59 [INFO] Downloaded from central: https://repo.maven.apache.org/maven2/org/codehaus/plexus/plexus-compiler-api/2.13.0/plexus-compiler-api-2.13.0.jar (27 kB at 403 kB/s)
#28 30.59 [INFO] Downloaded from central: https://repo.maven.apache.org/maven2/org/codehaus/plexus/plexus-compiler-javac/2.13.0/plexus-compiler-javac-2.13.0.jar (23 kB at 335 kB/s)
#28 30.60 [INFO] Downloaded from central: https://repo.maven.apache.org/maven2/org/codehaus/plexus/plexus-compiler-manager/2.13.0/plexus-compiler-manager-2.13.0.jar (4.7 kB at 66 kB/s)
#28 30.60 [INFO] Downloaded from central: https://repo.maven.apache.org/maven2/com/thoughtworks/qdox/qdox/2.0.3/qdox-2.0.3.jar (334 kB at 4.3 MB/s)
#28 30.68 [INFO] Changes detected - recompiling the module! :source
#28 30.68 [INFO] Compiling 242 source files with javac [debug deprecation release 8] to target/classes
#28 32.84 [INFO] /workspace/common/src/main/java/open/dolphin/infomodel/PHRCatch.java: Some input files use unchecked or unsafe operations.
#28 32.84 [INFO] /workspace/common/src/main/java/open/dolphin/infomodel/PHRCatch.java: Recompile with -Xlint:unchecked for details.
#28 32.84 [INFO] 
#28 32.84 [INFO] --- resources:3.3.1:testResources (default-testResources) @ opendolphin-common ---
#28 32.84 [INFO] skip non existing resourceDirectory /workspace/common/src/test/resources
#28 32.84 [INFO] 
#28 32.84 [INFO] --- compiler:3.11.0:testCompile (default-testCompile) @ opendolphin-common ---
#28 32.86 [INFO] Changes detected - recompiling the module! :dependency
#28 32.86 [INFO] Compiling 2 source files with javac [debug deprecation release 8] to target/test-classes
#28 32.90 [INFO] -------------------------------------------------------------
#28 32.90 [ERROR] COMPILATION ERROR : 
#28 32.90 [INFO] -------------------------------------------------------------
#28 32.90 [ERROR] /workspace/common/src/test/java/open/dolphin/common/OrcaAnalyzeTest.java:[12,46] text blocks are not supported in -source 8
#28 32.90   (use -source 15 or higher to enable text blocks)
#28 32.90 [INFO] 1 error
#28 32.90 [INFO] -------------------------------------------------------------
#28 32.90 [INFO] ------------------------------------------------------------------------
#28 32.90 [INFO] Reactor Summary for OpenDolphin 2.7.1:
#28 32.90 [INFO] 
#28 32.90 [INFO] OpenDolphin ........................................ SUCCESS [  0.002 s]
#28 32.90 [INFO] opendolphin-common ................................. FAILURE [ 31.556 s]
#28 32.90 [INFO] opendolphin-server ................................. SKIPPED
#28 32.90 [INFO] ------------------------------------------------------------------------
#28 32.90 [INFO] BUILD FAILURE
#28 32.90 [INFO] ------------------------------------------------------------------------
#28 32.90 [INFO] Total time:  31.660 s
#28 32.90 [INFO] Finished at: 2025-11-08T05:24:17Z
#28 32.90 [INFO] ------------------------------------------------------------------------
#28 32.90 [ERROR] Failed to execute goal org.apache.maven.plugins:maven-compiler-plugin:3.11.0:testCompile (default-testCompile) on project opendolphin-common: Compilation failure
#28 32.90 [ERROR] /workspace/common/src/test/java/open/dolphin/common/OrcaAnalyzeTest.java:[12,46] text blocks are not supported in -source 8
#28 32.90 [ERROR]   (use -source 15 or higher to enable text blocks)
#28 32.90 [ERROR] -> [Help 1]
#28 32.90 [ERROR] 
#28 32.90 [ERROR] To see the full stack trace of the errors, re-run Maven with the -e switch.
#28 32.90 [ERROR] Re-run Maven using the -X switch to enable full debug logging.
#28 32.90 [ERROR] 
#28 32.90 [ERROR] For more information about the errors and possible solutions, please read the following articles:
#28 32.90 [ERROR] [Help 1] http://cwiki.apache.org/confluence/display/MAVEN/MojoFailureException
#28 32.90 [ERROR] 
#28 32.90 [ERROR] After correcting the problems, you can resume the build with the command
#28 32.90 [ERROR]   mvn <args> -rf :opendolphin-common
#28 ERROR: process "/bin/sh -c mvn -f pom.server-classic.xml -s /tmp/maven-settings.xml -B -pl server -am -Plegacy-wildfly10 -DskipTests package &&     mv server/target/opendolphin-server-*.war server/target/opendolphin-server.war" did not complete successfully: exit code: 1
------
 > [build 19/19] RUN mvn -f pom.server-classic.xml -s /tmp/maven-settings.xml -B -pl server -am -Plegacy-wildfly10 -DskipTests package &&     mv server/target/opendolphin-server-*.war server/target/opendolphin-server.war:
32.90 [ERROR] -> [Help 1]
32.90 [ERROR] 
32.90 [ERROR] To see the full stack trace of the errors, re-run Maven with the -e switch.
32.90 [ERROR] Re-run Maven using the -X switch to enable full debug logging.
32.90 [ERROR] 
32.90 [ERROR] For more information about the errors and possible solutions, please read the following articles:
32.90 [ERROR] [Help 1] http://cwiki.apache.org/confluence/display/MAVEN/MojoFailureException
32.90 [ERROR] 
32.90 [ERROR] After correcting the problems, you can resume the build with the command
32.90 [ERROR]   mvn <args> -rf :opendolphin-common
------
failed to solve: process "/bin/sh -c mvn -f pom.server-classic.xml -s /tmp/maven-settings.xml -B -pl server -am -Plegacy-wildfly10 -DskipTests package &&     mv server/target/opendolphin-server-*.war server/target/opendolphin-server.war" did not complete successfully: exit code: 1

