[0m[0m12:13:19,290 INFO  [org.jboss.as.server.deployment.scanner] (DeploymentScanner-threads - 2) WFLYDS0010: Scan found incompletely copied file content for deployment /opt/jboss/wildfly/standalone/deployments/opendolphin-server.war. Deployment changes will not be processed until all content is complete.
[0m[0m12:13:19,741 INFO  [org.jboss.as.repository] (DeploymentScanner-threads - 1) WFLYDR0001: Content added at location /opt/jboss/wildfly/standalone/data/content/c8/2217e47478077f26557639ffdcf1e85e0d1eb3/content
[0m[0m12:13:19,781 INFO  [org.jboss.as.jpa] (ServerService Thread Pool -- 135) WFLYJPA0011: Stopping Persistence Unit (phase 1 of 2) Service 'opendolphin-server.war#opendolphinPU'
[0m[0m12:13:19,868 INFO  [org.jboss.as.server.deployment] (MSC service thread 1-8) WFLYSRV0028: Stopped deployment opendolphin-server.war (runtime-name: opendolphin-server.war) in 97ms
[0m[0m12:13:19,883 INFO  [org.jboss.as.server.deployment] (MSC service thread 1-8) WFLYSRV0027: Starting deployment of "opendolphin-server.war" (runtime-name: "opendolphin-server.war")
[0m[33m12:13:20,304 WARN  [org.jboss.as.server.deployment] (MSC service thread 1-8) WFLYSRV0003: Could not index class META-INF/versions/9/module-info.class at /content/opendolphin-server.war/WEB-INF/lib/commons-codec-1.17.1.jar: java.lang.IllegalStateException: Unknown tag! pos=3 poolCount = 22
	at org.jboss.jandex.Indexer.processConstantPool(Indexer.java:1416)
	at org.jboss.jandex.Indexer.index(Indexer.java:1450)
	at org.jboss.as.server.deployment.annotation.ResourceRootIndexer.indexResourceRoot(ResourceRootIndexer.java:99)
	at org.jboss.as.server.deployment.annotation.AnnotationIndexProcessor.deploy(AnnotationIndexProcessor.java:51)
	at org.jboss.as.server.deployment.DeploymentUnitPhaseService.start(DeploymentUnitPhaseService.java:147)
	at org.jboss.msc.service.ServiceControllerImpl$StartTask.startService(ServiceControllerImpl.java:1948)
	at org.jboss.msc.service.ServiceControllerImpl$StartTask.run(ServiceControllerImpl.java:1881)
	at java.util.concurrent.ThreadPoolExecutor.runWorker(ThreadPoolExecutor.java:1149)
	at java.util.concurrent.ThreadPoolExecutor$Worker.run(ThreadPoolExecutor.java:624)
	at java.lang.Thread.run(Thread.java:748)

[0m[33m12:13:20,334 WARN  [org.jboss.as.server.deployment] (MSC service thread 1-8) WFLYSRV0003: Could not index class META-INF/versions/9/module-info.class at /content/opendolphin-server.war/WEB-INF/lib/jackson-databind-2.17.1.jar: java.lang.IllegalStateException: Unknown tag! pos=3 poolCount = 68
	at org.jboss.jandex.Indexer.processConstantPool(Indexer.java:1416)
	at org.jboss.jandex.Indexer.index(Indexer.java:1450)
	at org.jboss.as.server.deployment.annotation.ResourceRootIndexer.indexResourceRoot(ResourceRootIndexer.java:99)
	at org.jboss.as.server.deployment.annotation.AnnotationIndexProcessor.deploy(AnnotationIndexProcessor.java:51)
	at org.jboss.as.server.deployment.DeploymentUnitPhaseService.start(DeploymentUnitPhaseService.java:147)
	at org.jboss.msc.service.ServiceControllerImpl$StartTask.startService(ServiceControllerImpl.java:1948)
	at org.jboss.msc.service.ServiceControllerImpl$StartTask.run(ServiceControllerImpl.java:1881)
	at java.util.concurrent.ThreadPoolExecutor.runWorker(ThreadPoolExecutor.java:1149)
	at java.util.concurrent.ThreadPoolExecutor$Worker.run(ThreadPoolExecutor.java:624)
	at java.lang.Thread.run(Thread.java:748)

[0m[33m12:13:20,519 WARN  [org.jboss.as.server.deployment] (MSC service thread 1-8) WFLYSRV0003: Could not index class META-INF/versions/9/module-info.class at /content/opendolphin-server.war/WEB-INF/lib/bcprov-jdk18on-1.82.jar: java.lang.IllegalStateException: Unknown tag! pos=3 poolCount = 335
	at org.jboss.jandex.Indexer.processConstantPool(Indexer.java:1416)
	at org.jboss.jandex.Indexer.index(Indexer.java:1450)
	at org.jboss.as.server.deployment.annotation.ResourceRootIndexer.indexResourceRoot(ResourceRootIndexer.java:99)
	at org.jboss.as.server.deployment.annotation.AnnotationIndexProcessor.deploy(AnnotationIndexProcessor.java:51)
	at org.jboss.as.server.deployment.DeploymentUnitPhaseService.start(DeploymentUnitPhaseService.java:147)
	at org.jboss.msc.service.ServiceControllerImpl$StartTask.startService(ServiceControllerImpl.java:1948)
	at org.jboss.msc.service.ServiceControllerImpl$StartTask.run(ServiceControllerImpl.java:1881)
	at java.util.concurrent.ThreadPoolExecutor.runWorker(ThreadPoolExecutor.java:1149)
	at java.util.concurrent.ThreadPoolExecutor$Worker.run(ThreadPoolExecutor.java:624)
	at java.lang.Thread.run(Thread.java:748)

[0m[33m12:13:20,849 WARN  [org.jboss.as.server.deployment] (MSC service thread 1-8) WFLYSRV0003: Could not index class module-info.class at /content/opendolphin-server.war/WEB-INF/lib/jackson-annotations-2.17.1.jar: java.lang.IllegalStateException: Unknown tag! pos=3 poolCount = 10
	at org.jboss.jandex.Indexer.processConstantPool(Indexer.java:1416)
	at org.jboss.jandex.Indexer.index(Indexer.java:1450)
	at org.jboss.as.server.deployment.annotation.ResourceRootIndexer.indexResourceRoot(ResourceRootIndexer.java:99)
	at org.jboss.as.server.deployment.annotation.AnnotationIndexProcessor.deploy(AnnotationIndexProcessor.java:51)
	at org.jboss.as.server.deployment.DeploymentUnitPhaseService.start(DeploymentUnitPhaseService.java:147)
	at org.jboss.msc.service.ServiceControllerImpl$StartTask.startService(ServiceControllerImpl.java:1948)
	at org.jboss.msc.service.ServiceControllerImpl$StartTask.run(ServiceControllerImpl.java:1881)
	at java.util.concurrent.ThreadPoolExecutor.runWorker(ThreadPoolExecutor.java:1149)
	at java.util.concurrent.ThreadPoolExecutor$Worker.run(ThreadPoolExecutor.java:624)
	at java.lang.Thread.run(Thread.java:748)

[0m[33m12:13:20,900 WARN  [org.jboss.as.server.deployment] (MSC service thread 1-8) WFLYSRV0003: Could not index class META-INF/versions/9/module-info.class at /content/opendolphin-server.war/WEB-INF/lib/jackson-core-2.17.1.jar: java.lang.IllegalStateException: Unknown tag! pos=3 poolCount = 34
	at org.jboss.jandex.Indexer.processConstantPool(Indexer.java:1416)
	at org.jboss.jandex.Indexer.index(Indexer.java:1450)
	at org.jboss.as.server.deployment.annotation.ResourceRootIndexer.indexResourceRoot(ResourceRootIndexer.java:99)
	at org.jboss.as.server.deployment.annotation.AnnotationIndexProcessor.deploy(AnnotationIndexProcessor.java:51)
	at org.jboss.as.server.deployment.DeploymentUnitPhaseService.start(DeploymentUnitPhaseService.java:147)
	at org.jboss.msc.service.ServiceControllerImpl$StartTask.startService(ServiceControllerImpl.java:1948)
	at org.jboss.msc.service.ServiceControllerImpl$StartTask.run(ServiceControllerImpl.java:1881)
	at java.util.concurrent.ThreadPoolExecutor.runWorker(ThreadPoolExecutor.java:1149)
	at java.util.concurrent.ThreadPoolExecutor$Worker.run(ThreadPoolExecutor.java:624)
	at java.lang.Thread.run(Thread.java:748)

[0m[33m12:13:21,078 WARN  [org.jboss.as.server.deployment] (MSC service thread 1-8) WFLYSRV0003: Could not index class META-INF/versions/9/module-info.class at /content/opendolphin-server.war/WEB-INF/lib/bcpkix-jdk18on-1.82.jar: java.lang.IllegalStateException: Unknown tag! pos=3 poolCount = 119
	at org.jboss.jandex.Indexer.processConstantPool(Indexer.java:1416)
	at org.jboss.jandex.Indexer.index(Indexer.java:1450)
	at org.jboss.as.server.deployment.annotation.ResourceRootIndexer.indexResourceRoot(ResourceRootIndexer.java:99)
	at org.jboss.as.server.deployment.annotation.AnnotationIndexProcessor.deploy(AnnotationIndexProcessor.java:51)
	at org.jboss.as.server.deployment.DeploymentUnitPhaseService.start(DeploymentUnitPhaseService.java:147)
	at org.jboss.msc.service.ServiceControllerImpl$StartTask.startService(ServiceControllerImpl.java:1948)
	at org.jboss.msc.service.ServiceControllerImpl$StartTask.run(ServiceControllerImpl.java:1881)
	at java.util.concurrent.ThreadPoolExecutor.runWorker(ThreadPoolExecutor.java:1149)
	at java.util.concurrent.ThreadPoolExecutor$Worker.run(ThreadPoolExecutor.java:624)
	at java.lang.Thread.run(Thread.java:748)

[0m[33m12:13:21,205 WARN  [org.jboss.as.server.deployment] (MSC service thread 1-8) WFLYSRV0003: Could not index class META-INF/versions/9/module-info.class at /content/opendolphin-server.war/WEB-INF/lib/bcutil-jdk18on-1.82.jar: java.lang.IllegalStateException: Unknown tag! pos=3 poolCount = 102
	at org.jboss.jandex.Indexer.processConstantPool(Indexer.java:1416)
	at org.jboss.jandex.Indexer.index(Indexer.java:1450)
	at org.jboss.as.server.deployment.annotation.ResourceRootIndexer.indexResourceRoot(ResourceRootIndexer.java:99)
	at org.jboss.as.server.deployment.annotation.AnnotationIndexProcessor.deploy(AnnotationIndexProcessor.java:51)
	at org.jboss.as.server.deployment.DeploymentUnitPhaseService.start(DeploymentUnitPhaseService.java:147)
	at org.jboss.msc.service.ServiceControllerImpl$StartTask.startService(ServiceControllerImpl.java:1948)
	at org.jboss.msc.service.ServiceControllerImpl$StartTask.run(ServiceControllerImpl.java:1881)
	at java.util.concurrent.ThreadPoolExecutor.runWorker(ThreadPoolExecutor.java:1149)
	at java.util.concurrent.ThreadPoolExecutor$Worker.run(ThreadPoolExecutor.java:624)
	at java.lang.Thread.run(Thread.java:748)

[0m[0m12:13:21,821 INFO  [org.jboss.as.jpa] (MSC service thread 1-3) WFLYJPA0002: Read persistence.xml for opendolphinPU
[0m[0m12:13:22,090 INFO  [org.jboss.as.jpa] (ServerService Thread Pool -- 135) WFLYJPA0010: Starting Persistence Unit (phase 1 of 2) Service 'opendolphin-server.war#opendolphinPU'
[0m[0m12:13:22,091 INFO  [org.hibernate.jpa.internal.util.LogHelper] (ServerService Thread Pool -- 135) HHH000204: Processing PersistenceUnitInfo [
	name: opendolphinPU
	...]
[0m[33m12:13:22,099 WARN  [org.jboss.modules] (MSC service thread 1-5) Failed to define class open.dolphin.infomodel.IStampTreeModel in Module "deployment.opendolphin-server.war:main" from Service Module Loader: java.lang.UnsupportedClassVersionError: Failed to link open/dolphin/infomodel/IStampTreeModel (Module "deployment.opendolphin-server.war:main" from Service Module Loader): open/dolphin/infomodel/IStampTreeModel has been compiled by a more recent version of the Java Runtime (class file version 61.0), this version of the Java Runtime only recognizes class file versions up to 52.0
	at sun.reflect.NativeConstructorAccessorImpl.newInstance0(Native Method)
	at sun.reflect.NativeConstructorAccessorImpl.newInstance(NativeConstructorAccessorImpl.java:62)
	at sun.reflect.DelegatingConstructorAccessorImpl.newInstance(DelegatingConstructorAccessorImpl.java:45)
	at java.lang.reflect.Constructor.newInstance(Constructor.java:423)
	at org.jboss.modules.ModuleClassLoader.defineClass(ModuleClassLoader.java:446)
	at org.jboss.modules.ModuleClassLoader.loadClassLocal(ModuleClassLoader.java:274)
	at org.jboss.modules.ModuleClassLoader$1.loadClassLocal(ModuleClassLoader.java:78)
	at org.jboss.modules.Module.loadModuleClass(Module.java:606)
	at org.jboss.modules.ModuleClassLoader.findClass(ModuleClassLoader.java:190)
	at org.jboss.modules.ConcurrentClassLoader.performLoadClassUnchecked(ConcurrentClassLoader.java:363)
	at org.jboss.modules.ConcurrentClassLoader.performLoadClass(ConcurrentClassLoader.java:351)
	at org.jboss.modules.ConcurrentClassLoader.loadClass(ConcurrentClassLoader.java:93)
	at java.lang.Class.getDeclaredFields0(Native Method)
	at java.lang.Class.privateGetDeclaredFields(Class.java:2583)
	at java.lang.Class.getDeclaredFields(Class.java:1916)
	at org.jboss.as.server.deployment.reflect.ClassReflectionIndex.<init>(ClassReflectionIndex.java:72)
	at org.jboss.as.server.deployment.reflect.DeploymentReflectionIndex.getClassIndex(DeploymentReflectionIndex.java:66)
	at org.jboss.as.ee.metadata.MethodAnnotationAggregator.runtimeAnnotationInformation(MethodAnnotationAggregator.java:57)
	at org.jboss.as.ee.component.deployers.InterceptorAnnotationProcessor.handleAnnotations(InterceptorAnnotationProcessor.java:106)
	at org.jboss.as.ee.component.deployers.InterceptorAnnotationProcessor.processComponentConfig(InterceptorAnnotationProcessor.java:91)
	at org.jboss.as.ee.component.deployers.InterceptorAnnotationProcessor.deploy(InterceptorAnnotationProcessor.java:76)
	at org.jboss.as.server.deployment.DeploymentUnitPhaseService.start(DeploymentUnitPhaseService.java:147)
	at org.jboss.msc.service.ServiceControllerImpl$StartTask.startService(ServiceControllerImpl.java:1948)
	at org.jboss.msc.service.ServiceControllerImpl$StartTask.run(ServiceControllerImpl.java:1881)
	at java.util.concurrent.ThreadPoolExecutor.runWorker(ThreadPoolExecutor.java:1149)
	at java.util.concurrent.ThreadPoolExecutor$Worker.run(ThreadPoolExecutor.java:624)
	at java.lang.Thread.run(Thread.java:748)

[0m[31m12:13:22,102 ERROR [org.jboss.msc.service.fail] (MSC service thread 1-5) MSC000001: Failed to start service jboss.deployment.unit."opendolphin-server.war".POST_MODULE: org.jboss.msc.service.StartException in service jboss.deployment.unit."opendolphin-server.war".POST_MODULE: WFLYSRV0153: Failed to process phase POST_MODULE of deployment "opendolphin-server.war"
	at org.jboss.as.server.deployment.DeploymentUnitPhaseService.start(DeploymentUnitPhaseService.java:154)
	at org.jboss.msc.service.ServiceControllerImpl$StartTask.startService(ServiceControllerImpl.java:1948)
	at org.jboss.msc.service.ServiceControllerImpl$StartTask.run(ServiceControllerImpl.java:1881)
	at java.util.concurrent.ThreadPoolExecutor.runWorker(ThreadPoolExecutor.java:1149)
	at java.util.concurrent.ThreadPoolExecutor$Worker.run(ThreadPoolExecutor.java:624)
	at java.lang.Thread.run(Thread.java:748)
Caused by: java.lang.RuntimeException: WFLYSRV0177: Error getting reflective information for class open.dolphin.adm20.session.ADM20_EHTServiceBean with ClassLoader ModuleClassLoader for Module "deployment.opendolphin-server.war:main" from Service Module Loader
	at org.jboss.as.server.deployment.reflect.DeploymentReflectionIndex.getClassIndex(DeploymentReflectionIndex.java:70)
	at org.jboss.as.ee.metadata.MethodAnnotationAggregator.runtimeAnnotationInformation(MethodAnnotationAggregator.java:57)
	at org.jboss.as.ee.component.deployers.InterceptorAnnotationProcessor.handleAnnotations(InterceptorAnnotationProcessor.java:106)
	at org.jboss.as.ee.component.deployers.InterceptorAnnotationProcessor.processComponentConfig(InterceptorAnnotationProcessor.java:91)
	at org.jboss.as.ee.component.deployers.InterceptorAnnotationProcessor.deploy(InterceptorAnnotationProcessor.java:76)
	at org.jboss.as.server.deployment.DeploymentUnitPhaseService.start(DeploymentUnitPhaseService.java:147)
	... 5 more
Caused by: java.lang.UnsupportedClassVersionError: Failed to link open/dolphin/infomodel/IStampTreeModel (Module "deployment.opendolphin-server.war:main" from Service Module Loader): open/dolphin/infomodel/IStampTreeModel has been compiled by a more recent version of the Java Runtime (class file version 61.0), this version of the Java Runtime only recognizes class file versions up to 52.0
	at sun.reflect.NativeConstructorAccessorImpl.newInstance0(Native Method)
	at sun.reflect.NativeConstructorAccessorImpl.newInstance(NativeConstructorAccessorImpl.java:62)
	at sun.reflect.DelegatingConstructorAccessorImpl.newInstance(DelegatingConstructorAccessorImpl.java:45)
	at java.lang.reflect.Constructor.newInstance(Constructor.java:423)
	at org.jboss.modules.ModuleClassLoader.defineClass(ModuleClassLoader.java:446)
	at org.jboss.modules.ModuleClassLoader.loadClassLocal(ModuleClassLoader.java:274)
	at org.jboss.modules.ModuleClassLoader$1.loadClassLocal(ModuleClassLoader.java:78)
	at org.jboss.modules.Module.loadModuleClass(Module.java:606)
	at org.jboss.modules.ModuleClassLoader.findClass(ModuleClassLoader.java:190)
	at org.jboss.modules.ConcurrentClassLoader.performLoadClassUnchecked(ConcurrentClassLoader.java:363)
	at org.jboss.modules.ConcurrentClassLoader.performLoadClass(ConcurrentClassLoader.java:351)
	at org.jboss.modules.ConcurrentClassLoader.loadClass(ConcurrentClassLoader.java:93)
	at java.lang.Class.getDeclaredFields0(Native Method)
	at java.lang.Class.privateGetDeclaredFields(Class.java:2583)
	at java.lang.Class.getDeclaredFields(Class.java:1916)
	at org.jboss.as.server.deployment.reflect.ClassReflectionIndex.<init>(ClassReflectionIndex.java:72)
	at org.jboss.as.server.deployment.reflect.DeploymentReflectionIndex.getClassIndex(DeploymentReflectionIndex.java:66)
	... 10 more

[0m[31m12:13:22,211 ERROR [org.jboss.as.controller.management-operation] (DeploymentScanner-threads - 1) WFLYCTL0013: Operation ("full-replace-deployment") failed - address: ([]) - failure description: {
    "WFLYCTL0080: Failed services" => {"jboss.deployment.unit.\"opendolphin-server.war\".POST_MODULE" => "org.jboss.msc.service.StartException in service jboss.deployment.unit.\"opendolphin-server.war\".POST_MODULE: WFLYSRV0153: Failed to process phase POST_MODULE of deployment \"opendolphin-server.war\"
    Caused by: java.lang.RuntimeException: WFLYSRV0177: Error getting reflective information for class open.dolphin.adm20.session.ADM20_EHTServiceBean with ClassLoader ModuleClassLoader for Module \"deployment.opendolphin-server.war:main\" from Service Module Loader
    Caused by: java.lang.UnsupportedClassVersionError: Failed to link open/dolphin/infomodel/IStampTreeModel (Module \"deployment.opendolphin-server.war:main\" from Service Module Loader): open/dolphin/infomodel/IStampTreeModel has been compiled by a more recent version of the Java Runtime (class file version 61.0), this version of the Java Runtime only recognizes class file versions up to 52.0"},
    "WFLYCTL0412: Required services that are not installed:" => ["jboss.deployment.unit.\"opendolphin-server.war\".POST_MODULE"],
    "WFLYCTL0180: Services with missing/unavailable dependencies" => undefined
}
[0m[0m12:13:22,260 INFO  [org.jboss.as.server] (DeploymentScanner-threads - 1) WFLYSRV0016: Replaced deployment "opendolphin-server.war" with deployment "opendolphin-server.war"
[0m[0m12:13:22,260 INFO  [org.jboss.as.controller] (DeploymentScanner-threads - 1) WFLYCTL0183: Service status report
WFLYCTL0186:   Services which failed to start:      service jboss.deployment.unit."opendolphin-server.war".POST_MODULE
      service jboss.deployment.unit."opendolphin-server.war".POST_MODULE: org.jboss.msc.service.StartException in service jboss.deployment.unit."opendolphin-server.war".POST_MODULE: WFLYSRV0153: Failed to process phase POST_MODULE of deployment "opendolphin-server.war"

[0m[0m12:13:22,266 INFO  [org.jboss.as.repository] (DeploymentScanner-threads - 1) WFLYDR0002: Content removed from location /opt/jboss/wildfly/standalone/data/content/11/b095ab9958037072d147d422fa984f507a0c46/content
[0m[0m12:13:49,649 INFO  [org.jboss.as.jpa] (ServerService Thread Pool -- 136) WFLYJPA0011: Stopping Persistence Unit (phase 1 of 2) Service 'opendolphin-server.war#opendolphinPU'
[0m[0m12:13:49,718 INFO  [org.jboss.as.server.deployment] (MSC service thread 1-2) WFLYSRV0028: Stopped deployment opendolphin-server.war (runtime-name: opendolphin-server.war) in 78ms
[0m[0m12:13:49,722 INFO  [org.jboss.as.server.deployment] (MSC service thread 1-3) WFLYSRV0027: Starting deployment of "opendolphin-server.war" (runtime-name: "opendolphin-server.war")
[0m[33m12:13:50,188 WARN  [org.jboss.as.server.deployment] (MSC service thread 1-3) WFLYSRV0003: Could not index class META-INF/versions/9/module-info.class at /content/opendolphin-server.war/WEB-INF/lib/commons-codec-1.17.1.jar: java.lang.IllegalStateException: Unknown tag! pos=3 poolCount = 22
	at org.jboss.jandex.Indexer.processConstantPool(Indexer.java:1416)
	at org.jboss.jandex.Indexer.index(Indexer.java:1450)
	at org.jboss.as.server.deployment.annotation.ResourceRootIndexer.indexResourceRoot(ResourceRootIndexer.java:99)
	at org.jboss.as.server.deployment.annotation.AnnotationIndexProcessor.deploy(AnnotationIndexProcessor.java:51)
	at org.jboss.as.server.deployment.DeploymentUnitPhaseService.start(DeploymentUnitPhaseService.java:147)
	at org.jboss.msc.service.ServiceControllerImpl$StartTask.startService(ServiceControllerImpl.java:1948)
	at org.jboss.msc.service.ServiceControllerImpl$StartTask.run(ServiceControllerImpl.java:1881)
	at java.util.concurrent.ThreadPoolExecutor.runWorker(ThreadPoolExecutor.java:1149)
	at java.util.concurrent.ThreadPoolExecutor$Worker.run(ThreadPoolExecutor.java:624)
	at java.lang.Thread.run(Thread.java:748)

[0m[33m12:13:50,224 WARN  [org.jboss.as.server.deployment] (MSC service thread 1-3) WFLYSRV0003: Could not index class META-INF/versions/9/module-info.class at /content/opendolphin-server.war/WEB-INF/lib/jackson-databind-2.17.1.jar: java.lang.IllegalStateException: Unknown tag! pos=3 poolCount = 68
	at org.jboss.jandex.Indexer.processConstantPool(Indexer.java:1416)
	at org.jboss.jandex.Indexer.index(Indexer.java:1450)
	at org.jboss.as.server.deployment.annotation.ResourceRootIndexer.indexResourceRoot(ResourceRootIndexer.java:99)
	at org.jboss.as.server.deployment.annotation.AnnotationIndexProcessor.deploy(AnnotationIndexProcessor.java:51)
	at org.jboss.as.server.deployment.DeploymentUnitPhaseService.start(DeploymentUnitPhaseService.java:147)
	at org.jboss.msc.service.ServiceControllerImpl$StartTask.startService(ServiceControllerImpl.java:1948)
	at org.jboss.msc.service.ServiceControllerImpl$StartTask.run(ServiceControllerImpl.java:1881)
	at java.util.concurrent.ThreadPoolExecutor.runWorker(ThreadPoolExecutor.java:1149)
	at java.util.concurrent.ThreadPoolExecutor$Worker.run(ThreadPoolExecutor.java:624)
	at java.lang.Thread.run(Thread.java:748)

[0m[33m12:13:50,471 WARN  [org.jboss.as.server.deployment] (MSC service thread 1-3) WFLYSRV0003: Could not index class META-INF/versions/9/module-info.class at /content/opendolphin-server.war/WEB-INF/lib/bcprov-jdk18on-1.82.jar: java.lang.IllegalStateException: Unknown tag! pos=3 poolCount = 335
	at org.jboss.jandex.Indexer.processConstantPool(Indexer.java:1416)
	at org.jboss.jandex.Indexer.index(Indexer.java:1450)
	at org.jboss.as.server.deployment.annotation.ResourceRootIndexer.indexResourceRoot(ResourceRootIndexer.java:99)
	at org.jboss.as.server.deployment.annotation.AnnotationIndexProcessor.deploy(AnnotationIndexProcessor.java:51)
	at org.jboss.as.server.deployment.DeploymentUnitPhaseService.start(DeploymentUnitPhaseService.java:147)
	at org.jboss.msc.service.ServiceControllerImpl$StartTask.startService(ServiceControllerImpl.java:1948)
	at org.jboss.msc.service.ServiceControllerImpl$StartTask.run(ServiceControllerImpl.java:1881)
	at java.util.concurrent.ThreadPoolExecutor.runWorker(ThreadPoolExecutor.java:1149)
	at java.util.concurrent.ThreadPoolExecutor$Worker.run(ThreadPoolExecutor.java:624)
	at java.lang.Thread.run(Thread.java:748)

[0m[33m12:13:51,443 WARN  [org.jboss.as.server.deployment] (MSC service thread 1-3) WFLYSRV0003: Could not index class module-info.class at /content/opendolphin-server.war/WEB-INF/lib/jackson-annotations-2.17.1.jar: java.lang.IllegalStateException: Unknown tag! pos=3 poolCount = 10
	at org.jboss.jandex.Indexer.processConstantPool(Indexer.java:1416)
	at org.jboss.jandex.Indexer.index(Indexer.java:1450)
	at org.jboss.as.server.deployment.annotation.ResourceRootIndexer.indexResourceRoot(ResourceRootIndexer.java:99)
	at org.jboss.as.server.deployment.annotation.AnnotationIndexProcessor.deploy(AnnotationIndexProcessor.java:51)
	at org.jboss.as.server.deployment.DeploymentUnitPhaseService.start(DeploymentUnitPhaseService.java:147)
	at org.jboss.msc.service.ServiceControllerImpl$StartTask.startService(ServiceControllerImpl.java:1948)
	at org.jboss.msc.service.ServiceControllerImpl$StartTask.run(ServiceControllerImpl.java:1881)
	at java.util.concurrent.ThreadPoolExecutor.runWorker(ThreadPoolExecutor.java:1149)
	at java.util.concurrent.ThreadPoolExecutor$Worker.run(ThreadPoolExecutor.java:624)
	at java.lang.Thread.run(Thread.java:748)

[0m[33m12:13:51,541 WARN  [org.jboss.as.server.deployment] (MSC service thread 1-3) WFLYSRV0003: Could not index class META-INF/versions/9/module-info.class at /content/opendolphin-server.war/WEB-INF/lib/jackson-core-2.17.1.jar: java.lang.IllegalStateException: Unknown tag! pos=3 poolCount = 34
	at org.jboss.jandex.Indexer.processConstantPool(Indexer.java:1416)
	at org.jboss.jandex.Indexer.index(Indexer.java:1450)
	at org.jboss.as.server.deployment.annotation.ResourceRootIndexer.indexResourceRoot(ResourceRootIndexer.java:99)
	at org.jboss.as.server.deployment.annotation.AnnotationIndexProcessor.deploy(AnnotationIndexProcessor.java:51)
	at org.jboss.as.server.deployment.DeploymentUnitPhaseService.start(DeploymentUnitPhaseService.java:147)
	at org.jboss.msc.service.ServiceControllerImpl$StartTask.startService(ServiceControllerImpl.java:1948)
	at org.jboss.msc.service.ServiceControllerImpl$StartTask.run(ServiceControllerImpl.java:1881)
	at java.util.concurrent.ThreadPoolExecutor.runWorker(ThreadPoolExecutor.java:1149)
	at java.util.concurrent.ThreadPoolExecutor$Worker.run(ThreadPoolExecutor.java:624)
	at java.lang.Thread.run(Thread.java:748)

[0m[33m12:13:51,843 WARN  [org.jboss.as.server.deployment] (MSC service thread 1-3) WFLYSRV0003: Could not index class META-INF/versions/9/module-info.class at /content/opendolphin-server.war/WEB-INF/lib/bcpkix-jdk18on-1.82.jar: java.lang.IllegalStateException: Unknown tag! pos=3 poolCount = 119
	at org.jboss.jandex.Indexer.processConstantPool(Indexer.java:1416)
	at org.jboss.jandex.Indexer.index(Indexer.java:1450)
	at org.jboss.as.server.deployment.annotation.ResourceRootIndexer.indexResourceRoot(ResourceRootIndexer.java:99)
	at org.jboss.as.server.deployment.annotation.AnnotationIndexProcessor.deploy(AnnotationIndexProcessor.java:51)
	at org.jboss.as.server.deployment.DeploymentUnitPhaseService.start(DeploymentUnitPhaseService.java:147)
	at org.jboss.msc.service.ServiceControllerImpl$StartTask.startService(ServiceControllerImpl.java:1948)
	at org.jboss.msc.service.ServiceControllerImpl$StartTask.run(ServiceControllerImpl.java:1881)
	at java.util.concurrent.ThreadPoolExecutor.runWorker(ThreadPoolExecutor.java:1149)
	at java.util.concurrent.ThreadPoolExecutor$Worker.run(ThreadPoolExecutor.java:624)
	at java.lang.Thread.run(Thread.java:748)

[0m[33m12:13:51,975 WARN  [org.jboss.as.server.deployment] (MSC service thread 1-3) WFLYSRV0003: Could not index class META-INF/versions/9/module-info.class at /content/opendolphin-server.war/WEB-INF/lib/bcutil-jdk18on-1.82.jar: java.lang.IllegalStateException: Unknown tag! pos=3 poolCount = 102
	at org.jboss.jandex.Indexer.processConstantPool(Indexer.java:1416)
	at org.jboss.jandex.Indexer.index(Indexer.java:1450)
	at org.jboss.as.server.deployment.annotation.ResourceRootIndexer.indexResourceRoot(ResourceRootIndexer.java:99)
	at org.jboss.as.server.deployment.annotation.AnnotationIndexProcessor.deploy(AnnotationIndexProcessor.java:51)
	at org.jboss.as.server.deployment.DeploymentUnitPhaseService.start(DeploymentUnitPhaseService.java:147)
	at org.jboss.msc.service.ServiceControllerImpl$StartTask.startService(ServiceControllerImpl.java:1948)
	at org.jboss.msc.service.ServiceControllerImpl$StartTask.run(ServiceControllerImpl.java:1881)
	at java.util.concurrent.ThreadPoolExecutor.runWorker(ThreadPoolExecutor.java:1149)
	at java.util.concurrent.ThreadPoolExecutor$Worker.run(ThreadPoolExecutor.java:624)
	at java.lang.Thread.run(Thread.java:748)

[0m[0m12:13:52,637 INFO  [org.jboss.as.jpa] (MSC service thread 1-8) WFLYJPA0002: Read persistence.xml for opendolphinPU
[0m[0m12:13:52,936 INFO  [org.jboss.as.jpa] (ServerService Thread Pool -- 136) WFLYJPA0010: Starting Persistence Unit (phase 1 of 2) Service 'opendolphin-server.war#opendolphinPU'
[0m[0m12:13:52,938 INFO  [org.hibernate.jpa.internal.util.LogHelper] (ServerService Thread Pool -- 136) HHH000204: Processing PersistenceUnitInfo [
	name: opendolphinPU
	...]
[0m[33m12:13:52,963 WARN  [org.jboss.modules] (MSC service thread 1-7) Failed to define class open.dolphin.infomodel.IStampTreeModel in Module "deployment.opendolphin-server.war:main" from Service Module Loader: java.lang.UnsupportedClassVersionError: Failed to link open/dolphin/infomodel/IStampTreeModel (Module "deployment.opendolphin-server.war:main" from Service Module Loader): open/dolphin/infomodel/IStampTreeModel has been compiled by a more recent version of the Java Runtime (class file version 61.0), this version of the Java Runtime only recognizes class file versions up to 52.0
	at sun.reflect.NativeConstructorAccessorImpl.newInstance0(Native Method)
	at sun.reflect.NativeConstructorAccessorImpl.newInstance(NativeConstructorAccessorImpl.java:62)
	at sun.reflect.DelegatingConstructorAccessorImpl.newInstance(DelegatingConstructorAccessorImpl.java:45)
	at java.lang.reflect.Constructor.newInstance(Constructor.java:423)
	at org.jboss.modules.ModuleClassLoader.defineClass(ModuleClassLoader.java:446)
	at org.jboss.modules.ModuleClassLoader.loadClassLocal(ModuleClassLoader.java:274)
	at org.jboss.modules.ModuleClassLoader$1.loadClassLocal(ModuleClassLoader.java:78)
	at org.jboss.modules.Module.loadModuleClass(Module.java:606)
	at org.jboss.modules.ModuleClassLoader.findClass(ModuleClassLoader.java:190)
	at org.jboss.modules.ConcurrentClassLoader.performLoadClassUnchecked(ConcurrentClassLoader.java:363)
	at org.jboss.modules.ConcurrentClassLoader.performLoadClass(ConcurrentClassLoader.java:351)
	at org.jboss.modules.ConcurrentClassLoader.loadClass(ConcurrentClassLoader.java:93)
	at java.lang.Class.getDeclaredFields0(Native Method)
	at java.lang.Class.privateGetDeclaredFields(Class.java:2583)
	at java.lang.Class.getDeclaredFields(Class.java:1916)
	at org.jboss.as.server.deployment.reflect.ClassReflectionIndex.<init>(ClassReflectionIndex.java:72)
	at org.jboss.as.server.deployment.reflect.DeploymentReflectionIndex.getClassIndex(DeploymentReflectionIndex.java:66)
	at org.jboss.as.ee.metadata.MethodAnnotationAggregator.runtimeAnnotationInformation(MethodAnnotationAggregator.java:57)
	at org.jboss.as.ee.component.deployers.InterceptorAnnotationProcessor.handleAnnotations(InterceptorAnnotationProcessor.java:106)
	at org.jboss.as.ee.component.deployers.InterceptorAnnotationProcessor.processComponentConfig(InterceptorAnnotationProcessor.java:91)
	at org.jboss.as.ee.component.deployers.InterceptorAnnotationProcessor.deploy(InterceptorAnnotationProcessor.java:76)
	at org.jboss.as.server.deployment.DeploymentUnitPhaseService.start(DeploymentUnitPhaseService.java:147)
	at org.jboss.msc.service.ServiceControllerImpl$StartTask.startService(ServiceControllerImpl.java:1948)
	at org.jboss.msc.service.ServiceControllerImpl$StartTask.run(ServiceControllerImpl.java:1881)
	at java.util.concurrent.ThreadPoolExecutor.runWorker(ThreadPoolExecutor.java:1149)
	at java.util.concurrent.ThreadPoolExecutor$Worker.run(ThreadPoolExecutor.java:624)
	at java.lang.Thread.run(Thread.java:748)

[0m[31m12:13:52,974 ERROR [org.jboss.msc.service.fail] (MSC service thread 1-7) MSC000001: Failed to start service jboss.deployment.unit."opendolphin-server.war".POST_MODULE: org.jboss.msc.service.StartException in service jboss.deployment.unit."opendolphin-server.war".POST_MODULE: WFLYSRV0153: Failed to process phase POST_MODULE of deployment "opendolphin-server.war"
	at org.jboss.as.server.deployment.DeploymentUnitPhaseService.start(DeploymentUnitPhaseService.java:154)
	at org.jboss.msc.service.ServiceControllerImpl$StartTask.startService(ServiceControllerImpl.java:1948)
	at org.jboss.msc.service.ServiceControllerImpl$StartTask.run(ServiceControllerImpl.java:1881)
	at java.util.concurrent.ThreadPoolExecutor.runWorker(ThreadPoolExecutor.java:1149)
	at java.util.concurrent.ThreadPoolExecutor$Worker.run(ThreadPoolExecutor.java:624)
	at java.lang.Thread.run(Thread.java:748)
Caused by: java.lang.RuntimeException: WFLYSRV0177: Error getting reflective information for class open.dolphin.adm20.session.ADM20_EHTServiceBean with ClassLoader ModuleClassLoader for Module "deployment.opendolphin-server.war:main" from Service Module Loader
	at org.jboss.as.server.deployment.reflect.DeploymentReflectionIndex.getClassIndex(DeploymentReflectionIndex.java:70)
	at org.jboss.as.ee.metadata.MethodAnnotationAggregator.runtimeAnnotationInformation(MethodAnnotationAggregator.java:57)
	at org.jboss.as.ee.component.deployers.InterceptorAnnotationProcessor.handleAnnotations(InterceptorAnnotationProcessor.java:106)
	at org.jboss.as.ee.component.deployers.InterceptorAnnotationProcessor.processComponentConfig(InterceptorAnnotationProcessor.java:91)
	at org.jboss.as.ee.component.deployers.InterceptorAnnotationProcessor.deploy(InterceptorAnnotationProcessor.java:76)
	at org.jboss.as.server.deployment.DeploymentUnitPhaseService.start(DeploymentUnitPhaseService.java:147)
	... 5 more
Caused by: java.lang.UnsupportedClassVersionError: Failed to link open/dolphin/infomodel/IStampTreeModel (Module "deployment.opendolphin-server.war:main" from Service Module Loader): open/dolphin/infomodel/IStampTreeModel has been compiled by a more recent version of the Java Runtime (class file version 61.0), this version of the Java Runtime only recognizes class file versions up to 52.0
	at sun.reflect.NativeConstructorAccessorImpl.newInstance0(Native Method)
	at sun.reflect.NativeConstructorAccessorImpl.newInstance(NativeConstructorAccessorImpl.java:62)
	at sun.reflect.DelegatingConstructorAccessorImpl.newInstance(DelegatingConstructorAccessorImpl.java:45)
	at java.lang.reflect.Constructor.newInstance(Constructor.java:423)
	at org.jboss.modules.ModuleClassLoader.defineClass(ModuleClassLoader.java:446)
	at org.jboss.modules.ModuleClassLoader.loadClassLocal(ModuleClassLoader.java:274)
	at org.jboss.modules.ModuleClassLoader$1.loadClassLocal(ModuleClassLoader.java:78)
	at org.jboss.modules.Module.loadModuleClass(Module.java:606)
	at org.jboss.modules.ModuleClassLoader.findClass(ModuleClassLoader.java:190)
	at org.jboss.modules.ConcurrentClassLoader.performLoadClassUnchecked(ConcurrentClassLoader.java:363)
	at org.jboss.modules.ConcurrentClassLoader.performLoadClass(ConcurrentClassLoader.java:351)
	at org.jboss.modules.ConcurrentClassLoader.loadClass(ConcurrentClassLoader.java:93)
	at java.lang.Class.getDeclaredFields0(Native Method)
	at java.lang.Class.privateGetDeclaredFields(Class.java:2583)
	at java.lang.Class.getDeclaredFields(Class.java:1916)
	at org.jboss.as.server.deployment.reflect.ClassReflectionIndex.<init>(ClassReflectionIndex.java:72)
	at org.jboss.as.server.deployment.reflect.DeploymentReflectionIndex.getClassIndex(DeploymentReflectionIndex.java:66)
	... 10 more

[0m[31m12:13:53,131 ERROR [org.jboss.as.controller.management-operation] (DeploymentScanner-threads - 2) WFLYCTL0013: Operation ("full-replace-deployment") failed - address: ([]) - failure description: {
    "WFLYCTL0080: Failed services" => {"jboss.deployment.unit.\"opendolphin-server.war\".POST_MODULE" => "org.jboss.msc.service.StartException in service jboss.deployment.unit.\"opendolphin-server.war\".POST_MODULE: WFLYSRV0153: Failed to process phase POST_MODULE of deployment \"opendolphin-server.war\"
    Caused by: java.lang.RuntimeException: WFLYSRV0177: Error getting reflective information for class open.dolphin.adm20.session.ADM20_EHTServiceBean with ClassLoader ModuleClassLoader for Module \"deployment.opendolphin-server.war:main\" from Service Module Loader
    Caused by: java.lang.UnsupportedClassVersionError: Failed to link open/dolphin/infomodel/IStampTreeModel (Module \"deployment.opendolphin-server.war:main\" from Service Module Loader): open/dolphin/infomodel/IStampTreeModel has been compiled by a more recent version of the Java Runtime (class file version 61.0), this version of the Java Runtime only recognizes class file versions up to 52.0"},
    "WFLYCTL0412: Required services that are not installed:" => ["jboss.deployment.unit.\"opendolphin-server.war\".POST_MODULE"],
    "WFLYCTL0180: Services with missing/unavailable dependencies" => undefined
}
[0m[0m12:13:53,199 INFO  [org.jboss.as.server] (DeploymentScanner-threads - 2) WFLYSRV0016: Replaced deployment "opendolphin-server.war" with deployment "opendolphin-server.war"
[0m[0m12:13:53,200 INFO  [org.jboss.as.controller] (DeploymentScanner-threads - 2) WFLYCTL0183: Service status report
WFLYCTL0186:   Services which failed to start:      service jboss.deployment.unit."opendolphin-server.war".POST_MODULE
      service jboss.deployment.unit."opendolphin-server.war".POST_MODULE: org.jboss.msc.service.StartException in service jboss.deployment.unit."opendolphin-server.war".POST_MODULE: WFLYSRV0153: Failed to process phase POST_MODULE of deployment "opendolphin-server.war"

