=========================================================================

  JBoss Bootstrap Environment

  JBOSS_HOME: /opt/jboss/wildfly

  JAVA: /opt/java/openjdk/bin/java

  JAVA_OPTS:  -Djdk.serialFilter="maxbytes=10485760;maxdepth=128;maxarray=100000;maxrefs=300000" -Xms64m -Xmx512m -XX:MetaspaceSize=96M -XX:MaxMetaspaceSize=256m -Djava.net.preferIPv4Stack=true -Djboss.modules.system.pkgs=org.jboss.byteman -Djava.awt.headless=true  --add-exports=java.desktop/sun.awt=ALL-UNNAMED --add-exports=java.naming/com.sun.jndi.ldap=ALL-UNNAMED --add-exports=java.naming/com.sun.jndi.url.ldap=ALL-UNNAMED --add-exports=java.naming/com.sun.jndi.url.ldaps=ALL-UNNAMED --add-exports=jdk.naming.dns/com.sun.jndi.dns=ALL-UNNAMED --add-opens=java.base/java.lang=ALL-UNNAMED --add-opens=java.base/java.lang.invoke=ALL-UNNAMED --add-opens=java.base/java.lang.reflect=ALL-UNNAMED --add-opens=java.base/java.io=ALL-UNNAMED --add-opens=java.base/java.net=ALL-UNNAMED --add-opens=java.base/java.security=ALL-UNNAMED --add-opens=java.base/java.util=ALL-UNNAMED --add-opens=java.base/java.util.concurrent=ALL-UNNAMED --add-opens=java.management/javax.management=ALL-UNNAMED --add-opens=java.naming/javax.naming=ALL-UNNAMED -Djava.security.manager=allow

=========================================================================

[0m08:16:51,198 INFO  [org.jboss.modules] (main) JBoss Modules version 2.1.5.Final
[0m[0m08:16:51,436 INFO  [org.jboss.msc] (main) JBoss MSC version 1.5.5.Final
[0m[0m08:16:51,440 INFO  [org.jboss.threads] (main) JBoss Threads version 2.4.0.Final
[0m[0m08:16:51,493 INFO  [org.jboss.as] (MSC service thread 1-3) WFLYSRV0049: WildFly 33.0.2.Final (WildFly Core 25.0.2.Final) starting
[0m[0m08:16:51,525 INFO  [org.jboss.vfs] (MSC service thread 1-7) VFS000002: Failed to clean existing content for temp file provider of type temp. Enable DEBUG level log to find what caused this
[0m[0m08:16:52,048 INFO  [org.wildfly.security] (Controller Boot Thread) ELY00001: WildFly Elytron version 2.5.2.Final
[0m[0m08:16:52,354 INFO  [org.jboss.as.controller.management-deprecated] (ServerService Thread Pool -- 23) WFLYCTL0028: Attribute 'use-transaction-setup-provider' in the resource at address '/subsystem=ee/context-service=DolphinContext' is deprecated, and may be removed in a future version. See the attribute description in the output of the read-resource-description operation to learn more about the deprecation.
[0m[0m08:16:52,620 INFO  [org.jboss.as.repository] (ServerService Thread Pool -- 22) WFLYDR0001: Content added at location /opt/jboss/wildfly/standalone/data/content/2d/392118bf3dca7a8d46b517fd289f940c20de8f/content
[0m[0m08:16:52,638 INFO  [org.jboss.as.server] (Controller Boot Thread) WFLYSRV0039: Creating http management service using socket-binding (management-http)
[0m[0m08:16:52,647 INFO  [org.xnio] (MSC service thread 1-2) XNIO version 3.8.16.Final
[0m[0m08:16:52,652 INFO  [org.xnio.nio] (MSC service thread 1-2) XNIO NIO Implementation Version 3.8.16.Final
[0m[0m08:16:52,670 INFO  [org.wildfly.extension.elytron.oidc._private] (ServerService Thread Pool -- 56) WFLYOIDC0001: Activating WildFly Elytron OIDC Subsystem
[0m[0m08:16:52,670 INFO  [org.jboss.as.clustering.infinispan] (ServerService Thread Pool -- 59) WFLYCLINF0001: Activating Infinispan subsystem.
[0m[0m08:16:52,675 INFO  [org.wildfly.iiop.openjdk] (ServerService Thread Pool -- 58) WFLYIIOP0001: Activating IIOP Subsystem
[0m[0m08:16:52,685 INFO  [org.jboss.as.jsf] (ServerService Thread Pool -- 66) WFLYJSF0007: Activated the following Jakarta Server Faces Implementations: [main]
[0m[0m08:16:52,691 INFO  [org.wildfly.extension.metrics] (ServerService Thread Pool -- 69) WFLYMETRICS0001: Activating Base Metrics Subsystem
[0m[0m08:16:52,696 INFO  [org.wildfly.extension.health] (ServerService Thread Pool -- 57) WFLYHEALTH0001: Activating Base Health Subsystem
[0m[0m08:16:52,698 INFO  [org.wildfly.extension.microprofile.config.smallrye] (ServerService Thread Pool -- 71) WFLYCONF0001: Activating MicroProfile Config Subsystem
[0m[0m08:16:52,698 INFO  [org.jboss.as.jaxrs] (ServerService Thread Pool -- 61) WFLYRS0016: RESTEasy version 6.2.10.Final
[0m[33m08:16:52,703 WARN  [org.jboss.as.txn] (ServerService Thread Pool -- 80) WFLYTX0013: The node-identifier attribute on the /subsystem=transactions is set to the default value. This is a danger for environments running multiple servers. Please make sure the attribute value is unique.
[0m[0m08:16:52,708 INFO  [org.wildfly.extension.microprofile.jwt.smallrye] (ServerService Thread Pool -- 72) WFLYJWT0001: Activating MicroProfile JWT Subsystem
[0m[0m08:16:52,710 INFO  [org.jboss.as.naming] (ServerService Thread Pool -- 73) WFLYNAM0001: Activating Naming Subsystem
[0m[0m08:16:52,724 INFO  [org.wildfly.extension.io] (ServerService Thread Pool -- 60) WFLYIO001: Worker 'default' has auto-configured to 16 IO threads with 128 max task threads based on your 8 available processors
[0m[0m08:16:52,726 INFO  [org.jboss.as.connector] (MSC service thread 1-6) WFLYJCA0009: Starting Jakarta Connectors Subsystem (WildFly/IronJacamar 3.0.9.Final)
[0m[0m08:16:52,728 INFO  [org.jboss.as.server.deployment] (MSC service thread 1-7) WFLYSRV0027: Starting deployment of "opendolphin-server.war" (runtime-name: "opendolphin-server.war")
[0m[0m08:16:52,730 INFO  [org.jboss.as.webservices] (ServerService Thread Pool -- 82) WFLYWS0002: Activating WebServices Extension
[0m[0m08:16:52,747 INFO  [org.jboss.remoting] (MSC service thread 1-8) JBoss Remoting version 5.0.29.Final
[0m[0m08:16:52,756 INFO  [org.jboss.as.connector.subsystems.datasources] (ServerService Thread Pool -- 47) WFLYJCA0004: Deploying JDBC-compliant driver class org.h2.Driver (version 2.2)
[0m[0m08:16:52,766 INFO  [org.wildfly.extension.undertow] (MSC service thread 1-5) WFLYUT0003: Undertow 2.3.17.Final starting
[0m[0m08:16:52,774 INFO  [org.jboss.as.naming] (MSC service thread 1-5) WFLYNAM0003: Starting Naming Service
[0m[0m08:16:52,777 INFO  [org.jboss.as.connector.deployers.jdbc] (MSC service thread 1-4) WFLYJCA0018: Started Driver service with driver-name = h2
[0m[33m08:16:52,795 WARN  [org.wildfly.extension.elytron] (MSC service thread 1-2) WFLYELY00023: KeyStore file '/opt/jboss/wildfly/standalone/configuration/application.keystore' does not exist. Used blank.
[0m[0m08:16:52,798 INFO  [org.jboss.as.connector.subsystems.datasources] (ServerService Thread Pool -- 47) WFLYJCA0005: Deploying non-JDBC-compliant driver class org.postgresql.Driver (version 42.7)
[0m[0m08:16:52,801 INFO  [org.jboss.as.mail.extension] (MSC service thread 1-3) WFLYMAIL0001: Bound mail session [java:jboss/mail/Default]
[0m[0m08:16:52,804 INFO  [org.jboss.as.connector.deployers.jdbc] (MSC service thread 1-8) WFLYJCA0018: Started Driver service with driver-name = postgresql
[0m[33m08:16:52,825 WARN  [org.wildfly.extension.elytron] (MSC service thread 1-1) WFLYELY01084: KeyStore /opt/jboss/wildfly/standalone/configuration/application.keystore not found, it will be auto-generated on first use with a self-signed certificate for host localhost
[0m[0m08:16:52,858 INFO  [org.jboss.as.ejb3] (MSC service thread 1-1) WFLYEJB0482: Strict pool mdb-strict-max-pool is using a max instance size of 32 (per class), which is derived from the number of CPUs on this host.
[0m[0m08:16:52,858 INFO  [org.jboss.as.ejb3] (MSC service thread 1-4) WFLYEJB0481: Strict pool slsb-strict-max-pool is using a max instance size of 128 (per class), which is derived from thread worker pool sizing.
[0m[0m08:16:52,895 INFO  [org.wildfly.extension.undertow] (ServerService Thread Pool -- 81) WFLYUT0014: Creating file handler for path '/opt/jboss/wildfly/welcome-content' with options [directory-listing: 'false', follow-symlink: 'false', case-sensitive: 'true', safe-symlink-paths: '[]']
[0m[0m08:16:52,905 INFO  [org.wildfly.extension.undertow] (MSC service thread 1-4) WFLYUT0012: Started server default-server.
[0m[0m08:16:52,906 INFO  [org.wildfly.extension.undertow] (MSC service thread 1-4) Queuing requests.
[0m[0m08:16:52,907 INFO  [org.wildfly.extension.undertow] (MSC service thread 1-4) WFLYUT0018: Host default-host starting
[0m[0m08:16:52,954 INFO  [org.wildfly.extension.undertow] (MSC service thread 1-4) WFLYUT0006: Undertow HTTP listener default listening on 0.0.0.0:8080
[0m[0m08:16:52,954 INFO  [io.micrometer.core.instrument.push.PushMeterRegistry] (ServerService Thread Pool -- 70) publishing metrics for WildFlyOtlpRegistry every 1m
[0m[0m08:16:53,015 INFO  [org.wildfly.extension.undertow] (MSC service thread 1-2) WFLYUT0006: Undertow HTTPS listener https listening on 0.0.0.0:8443
[0m[0m08:16:53,031 INFO  [org.jboss.as.ejb3] (MSC service thread 1-8) WFLYEJB0493: Jakarta Enterprise Beans subsystem suspension complete
[0m[0m08:16:53,067 INFO  [org.wildfly.iiop.openjdk] (MSC service thread 1-7) WFLYIIOP0009: CORBA ORB Service started
[0m[0m08:16:53,068 INFO  [org.jboss.as.server.deployment.scanner] (MSC service thread 1-7) WFLYDS0013: Started FileSystemDeploymentService for directory /opt/jboss/wildfly/standalone/deployments
[0m[0m08:16:53,099 INFO  [org.jboss.as.connector.subsystems.datasources] (MSC service thread 1-8) WFLYJCA0001: Bound data source [java:jboss/datasources/PostgresDS]
[0m[0m08:16:53,101 INFO  [org.jboss.as.connector.subsystems.datasources] (MSC service thread 1-3) WFLYJCA0001: Bound data source [java:jboss/datasources/ExampleDS]
[0m[0m08:16:53,102 INFO  [org.jboss.as.connector.subsystems.datasources] (MSC service thread 1-3) WFLYJCA0001: Bound data source [java:jboss/datasources/ORCADS]
[0m[0m08:16:53,104 INFO  [org.wildfly.extension.messaging-activemq] (MSC service thread 1-1) WFLYMSGAMQ0075: AIO wasn't located on this platform, it will fall back to using pure Java NIO. Your platform is Linux, install LibAIO to enable the AIO journal and achieve optimal performance.
[0m[0m08:16:53,137 INFO  [org.jboss.ws.common.management] (MSC service thread 1-5) JBWS022052: Starting JBossWS 7.1.0.Final (Apache CXF 4.0.5) 
[0m[0m08:16:53,205 INFO  [org.apache.activemq.artemis.core.server] (ServerService Thread Pool -- 84) AMQ221000: Primary message broker is starting with configuration Broker Configuration (clustered=false,journalDirectory=/opt/jboss/wildfly/standalone/data/activemq/journal,bindingsDirectory=/opt/jboss/wildfly/standalone/data/activemq/bindings,largeMessagesDirectory=/opt/jboss/wildfly/standalone/data/activemq/largemessages,pagingDirectory=/opt/jboss/wildfly/standalone/data/activemq/paging)
[0m[0m08:16:53,223 INFO  [org.apache.activemq.artemis.core.server] (ServerService Thread Pool -- 84) AMQ221013: Using NIO Journal
[0m[0m08:16:53,268 INFO  [org.apache.activemq.artemis.core.server] (ServerService Thread Pool -- 84) AMQ221043: Protocol module found: [artemis-server]. Adding protocol support for: CORE
[0m[0m08:16:53,269 INFO  [org.apache.activemq.artemis.core.server] (ServerService Thread Pool -- 84) AMQ221043: Protocol module found: [artemis-amqp-protocol]. Adding protocol support for: AMQP
[0m[0m08:16:53,269 INFO  [org.apache.activemq.artemis.core.server] (ServerService Thread Pool -- 84) AMQ221043: Protocol module found: [artemis-hornetq-protocol]. Adding protocol support for: HORNETQ
[0m[0m08:16:53,269 INFO  [org.apache.activemq.artemis.core.server] (ServerService Thread Pool -- 84) AMQ221043: Protocol module found: [artemis-stomp-protocol]. Adding protocol support for: STOMP
[0m[0m08:16:53,319 INFO  [org.apache.activemq.artemis.core.server] (ServerService Thread Pool -- 84) AMQ221034: Waiting indefinitely to obtain primary lock
[0m[0m08:16:53,320 INFO  [org.apache.activemq.artemis.core.server] (ServerService Thread Pool -- 84) AMQ221035: Primary Server Obtained primary lock
[0m[0m08:16:53,401 INFO  [org.apache.activemq.artemis.core.server] (ServerService Thread Pool -- 84) AMQ221003: Deploying ANYCAST queue jms.queue.ExpiryQueue on address jms.queue.ExpiryQueue
[0m[0m08:16:53,439 INFO  [org.apache.activemq.artemis.core.server] (ServerService Thread Pool -- 84) AMQ221003: Deploying ANYCAST queue jms.queue.DLQ on address jms.queue.DLQ
[0m[0m08:16:53,440 INFO  [org.apache.activemq.artemis.core.server] (ServerService Thread Pool -- 84) AMQ221003: Deploying ANYCAST queue jms.queue.dolphinQueue on address jms.queue.dolphinQueue
[0m[0m08:16:53,443 INFO  [org.wildfly.extension.messaging-activemq] (MSC service thread 1-3) WFLYMSGAMQ0016: Registered HTTP upgrade for activemq-remoting protocol handled by http-acceptor acceptor
[0m[0m08:16:53,443 INFO  [org.wildfly.extension.messaging-activemq] (MSC service thread 1-4) WFLYMSGAMQ0016: Registered HTTP upgrade for activemq-remoting protocol handled by http-acceptor-throughput acceptor
[0m[0m08:16:53,443 INFO  [org.wildfly.extension.messaging-activemq] (MSC service thread 1-5) WFLYMSGAMQ0016: Registered HTTP upgrade for activemq-remoting protocol handled by http-acceptor acceptor
[0m[0m08:16:53,443 INFO  [org.wildfly.extension.messaging-activemq] (MSC service thread 1-6) WFLYMSGAMQ0016: Registered HTTP upgrade for activemq-remoting protocol handled by http-acceptor-throughput acceptor
[0m[0m08:16:53,570 INFO  [org.apache.activemq.artemis.core.server] (ServerService Thread Pool -- 84) AMQ221007: Server is now active
[0m[0m08:16:53,570 INFO  [org.apache.activemq.artemis.core.server] (ServerService Thread Pool -- 84) AMQ221001: Apache ActiveMQ Artemis Message Broker version 2.35.0 [default, nodeID=57d78911-be8b-11f0-9d9b-62dc40fa18b0] 
[0m[33m08:16:53,578 WARN  [org.apache.activemq.artemis.jms.server] (ServerService Thread Pool -- 88) AMQ122005: Invalid "host" value "0.0.0.0" detected for "http-connector" connector. Switching to "5a2d19e3fb40". If this new address is incorrect please manually configure the connector to use the proper one.
[0m[0m08:16:53,585 INFO  [org.wildfly.extension.messaging-activemq] (ServerService Thread Pool -- 88) WFLYMSGAMQ0002: Bound messaging object to jndi name java:jboss/exported/jms/RemoteConnectionFactory
[0m[0m08:16:53,587 INFO  [org.wildfly.extension.messaging-activemq] (ServerService Thread Pool -- 87) WFLYMSGAMQ0002: Bound messaging object to jndi name java:/ConnectionFactory
[0m[0m08:16:53,587 INFO  [org.wildfly.extension.messaging-activemq] (ServerService Thread Pool -- 87) WFLYMSGAMQ0002: Bound messaging object to jndi name java:jboss/exported/jms/ConnectionFactory
[0m[0m08:16:53,637 INFO  [org.jboss.as.connector.deployment] (MSC service thread 1-8) WFLYJCA0007: Registered connection factory java:/JmsXA
[0m[0m08:16:53,681 INFO  [org.apache.activemq.artemis.ra.ActiveMQRALogger] (MSC service thread 1-8) AMQ151007: Resource adaptor started
[0m[0m08:16:53,681 INFO  [org.jboss.as.connector.services.resourceadapters.ResourceAdapterActivatorService$ResourceAdapterActivator] (MSC service thread 1-8) IJ020002: Deployed: file://RaActivatoractivemq-ra
[0m[0m08:16:53,682 INFO  [org.jboss.as.connector.deployment] (MSC service thread 1-7) WFLYJCA0002: Bound Jakarta Connectors ConnectionFactory [java:/JmsXA]
[0m[0m08:16:53,682 INFO  [org.jboss.as.connector.deployment] (MSC service thread 1-4) WFLYJCA0118: Binding connection factory named java:/JmsXA to alias java:jboss/DefaultJMSConnectionFactory
[0m[0m08:16:56,049 INFO  [org.jboss.as.jpa] (MSC service thread 1-4) WFLYJPA0002: Read persistence.xml for opendolphinPU
[0m[0m08:16:56,196 INFO  [org.jipijapa] (MSC service thread 1-4) JIPIORMV6020260: Second level cache enabled for opendolphin-server.war#opendolphinPU
[0m[0m08:16:56,320 INFO  [org.jboss.weld.deployer] (MSC service thread 1-5) WFLYWELD0003: Processing weld deployment opendolphin-server.war
[0m[0m08:16:56,395 INFO  [org.hibernate.validator.internal.util.Version] (MSC service thread 1-5) HV000001: Hibernate Validator 8.0.1.Final
[0m[0m08:16:56,480 INFO  [org.jboss.as.ejb3.deployment] (MSC service thread 1-5) WFLYEJB0473: JNDI bindings for session bean named 'PvtService' in deployment unit 'deployment "opendolphin-server.war"' are as follows:

	java:global/opendolphin-server/PvtService!java.lang.Runnable
	java:app/opendolphin-server/PvtService!java.lang.Runnable
	java:module/PvtService!java.lang.Runnable
	java:global/opendolphin-server/PvtService
	java:app/opendolphin-server/PvtService
	java:module/PvtService

[0m[0m08:16:56,480 INFO  [org.jboss.as.ejb3.deployment] (MSC service thread 1-5) WFLYEJB0473: JNDI bindings for session bean named 'IPhoneServiceBean' in deployment unit 'deployment "opendolphin-server.war"' are as follows:

	java:global/opendolphin-server/IPhoneServiceBean!open.dolphin.touch.session.IPhoneServiceBean
	java:app/opendolphin-server/IPhoneServiceBean!open.dolphin.touch.session.IPhoneServiceBean
	java:module/IPhoneServiceBean!open.dolphin.touch.session.IPhoneServiceBean
	java:global/opendolphin-server/IPhoneServiceBean
	java:app/opendolphin-server/IPhoneServiceBean
	java:module/IPhoneServiceBean

[0m[0m08:16:56,480 INFO  [org.jboss.as.ejb3.deployment] (MSC service thread 1-5) WFLYEJB0473: JNDI bindings for session bean named 'ADM20_AdmissionServiceBean' in deployment unit 'deployment "opendolphin-server.war"' are as follows:

	java:global/opendolphin-server/ADM20_AdmissionServiceBean!open.dolphin.adm20.session.ADM20_AdmissionServiceBean
	java:app/opendolphin-server/ADM20_AdmissionServiceBean!open.dolphin.adm20.session.ADM20_AdmissionServiceBean
	java:module/ADM20_AdmissionServiceBean!open.dolphin.adm20.session.ADM20_AdmissionServiceBean
	java:global/opendolphin-server/ADM20_AdmissionServiceBean
	java:app/opendolphin-server/ADM20_AdmissionServiceBean
	java:module/ADM20_AdmissionServiceBean

[0m[0m08:16:56,480 INFO  [org.jboss.as.ejb3.deployment] (MSC service thread 1-5) WFLYEJB0473: JNDI bindings for session bean named 'EHTServiceBean' in deployment unit 'deployment "opendolphin-server.war"' are as follows:

	java:global/opendolphin-server/EHTServiceBean!open.dolphin.touch.session.EHTServiceBean
	java:app/opendolphin-server/EHTServiceBean!open.dolphin.touch.session.EHTServiceBean
	java:module/EHTServiceBean!open.dolphin.touch.session.EHTServiceBean
	java:global/opendolphin-server/EHTServiceBean
	java:app/opendolphin-server/EHTServiceBean
	java:module/EHTServiceBean

[0m[0m08:16:56,480 INFO  [org.jboss.as.ejb3.deployment] (MSC service thread 1-5) WFLYEJB0473: JNDI bindings for session bean named 'PHRAsyncJobServiceBean' in deployment unit 'deployment "opendolphin-server.war"' are as follows:

	java:global/opendolphin-server/PHRAsyncJobServiceBean!open.dolphin.adm20.session.PHRAsyncJobServiceBean
	java:app/opendolphin-server/PHRAsyncJobServiceBean!open.dolphin.adm20.session.PHRAsyncJobServiceBean
	java:module/PHRAsyncJobServiceBean!open.dolphin.adm20.session.PHRAsyncJobServiceBean
	java:global/opendolphin-server/PHRAsyncJobServiceBean
	java:app/opendolphin-server/PHRAsyncJobServiceBean
	java:module/PHRAsyncJobServiceBean

[0m[0m08:16:56,481 INFO  [org.jboss.as.ejb3.deployment] (MSC service thread 1-5) WFLYEJB0473: JNDI bindings for session bean named 'OrcaResource' in deployment unit 'deployment "opendolphin-server.war"' are as follows:

	java:global/opendolphin-server/OrcaResource!open.orca.rest.OrcaResource
	java:app/opendolphin-server/OrcaResource!open.orca.rest.OrcaResource
	java:module/OrcaResource!open.orca.rest.OrcaResource
	java:global/opendolphin-server/OrcaResource
	java:app/opendolphin-server/OrcaResource
	java:module/OrcaResource

[0m[0m08:16:56,481 INFO  [org.jboss.as.ejb3.deployment] (MSC service thread 1-5) WFLYEJB0473: JNDI bindings for session bean named 'AuditTrailService' in deployment unit 'deployment "opendolphin-server.war"' are as follows:

	java:global/opendolphin-server/AuditTrailService!open.dolphin.security.audit.AuditTrailService
	java:app/opendolphin-server/AuditTrailService!open.dolphin.security.audit.AuditTrailService
	java:module/AuditTrailService!open.dolphin.security.audit.AuditTrailService
	java:global/opendolphin-server/AuditTrailService
	java:app/opendolphin-server/AuditTrailService
	java:module/AuditTrailService

[0m[0m08:16:56,481 INFO  [org.jboss.as.ejb3.deployment] (MSC service thread 1-5) WFLYEJB0473: JNDI bindings for session bean named 'IdentityService' in deployment unit 'deployment "opendolphin-server.war"' are as follows:

	java:global/opendolphin-server/IdentityService!open.dolphin.adm20.mbean.IdentityService
	java:app/opendolphin-server/IdentityService!open.dolphin.adm20.mbean.IdentityService
	java:module/IdentityService!open.dolphin.adm20.mbean.IdentityService
	java:global/opendolphin-server/IdentityService
	java:app/opendolphin-server/IdentityService
	java:module/IdentityService

[0m[0m08:16:56,481 INFO  [org.jboss.as.ejb3.deployment] (MSC service thread 1-5) WFLYEJB0473: JNDI bindings for session bean named 'InitialAccountMaker' in deployment unit 'deployment "opendolphin-server.war"' are as follows:

	java:global/opendolphin-server/InitialAccountMaker!open.dolphin.mbean.InitialAccountMaker
	java:app/opendolphin-server/InitialAccountMaker!open.dolphin.mbean.InitialAccountMaker
	java:module/InitialAccountMaker!open.dolphin.mbean.InitialAccountMaker
	java:global/opendolphin-server/InitialAccountMaker
	java:app/opendolphin-server/InitialAccountMaker
	java:module/InitialAccountMaker

[0m[0m08:16:56,481 INFO  [org.jboss.as.ejb3.deployment] (MSC service thread 1-5) WFLYEJB0473: JNDI bindings for session bean named 'ADM10_EHTServiceBean' in deployment unit 'deployment "opendolphin-server.war"' are as follows:

	java:global/opendolphin-server/ADM10_EHTServiceBean!open.dolphin.adm10.session.ADM10_EHTServiceBean
	java:app/opendolphin-server/ADM10_EHTServiceBean!open.dolphin.adm10.session.ADM10_EHTServiceBean
	java:module/ADM10_EHTServiceBean!open.dolphin.adm10.session.ADM10_EHTServiceBean
	java:global/opendolphin-server/ADM10_EHTServiceBean
	java:app/opendolphin-server/ADM10_EHTServiceBean
	java:module/ADM10_EHTServiceBean

[0m[0m08:16:56,481 INFO  [org.jboss.as.ejb3.deployment] (MSC service thread 1-5) WFLYEJB0473: JNDI bindings for session bean named 'AMD20_PHRServiceBean' in deployment unit 'deployment "opendolphin-server.war"' are as follows:

	java:global/opendolphin-server/AMD20_PHRServiceBean!open.dolphin.adm20.session.AMD20_PHRServiceBean
	java:app/opendolphin-server/AMD20_PHRServiceBean!open.dolphin.adm20.session.AMD20_PHRServiceBean
	java:module/AMD20_PHRServiceBean!open.dolphin.adm20.session.AMD20_PHRServiceBean
	java:global/opendolphin-server/AMD20_PHRServiceBean
	java:app/opendolphin-server/AMD20_PHRServiceBean
	java:module/AMD20_PHRServiceBean

[0m[0m08:16:56,481 INFO  [org.jboss.as.ejb3.deployment] (MSC service thread 1-5) WFLYEJB0473: JNDI bindings for session bean named 'ADM20_IPhoneServiceBean' in deployment unit 'deployment "opendolphin-server.war"' are as follows:

	java:global/opendolphin-server/ADM20_IPhoneServiceBean!open.dolphin.adm20.session.ADM20_IPhoneServiceBean
	java:app/opendolphin-server/ADM20_IPhoneServiceBean!open.dolphin.adm20.session.ADM20_IPhoneServiceBean
	java:module/ADM20_IPhoneServiceBean!open.dolphin.adm20.session.ADM20_IPhoneServiceBean
	java:global/opendolphin-server/ADM20_IPhoneServiceBean
	java:app/opendolphin-server/ADM20_IPhoneServiceBean
	java:module/ADM20_IPhoneServiceBean

[0m[0m08:16:56,481 INFO  [org.jboss.as.ejb3.deployment] (MSC service thread 1-5) WFLYEJB0473: JNDI bindings for session bean named 'ADM10_IPhoneServiceBean' in deployment unit 'deployment "opendolphin-server.war"' are as follows:

	java:global/opendolphin-server/ADM10_IPhoneServiceBean!open.dolphin.adm10.session.ADM10_IPhoneServiceBean
	java:app/opendolphin-server/ADM10_IPhoneServiceBean!open.dolphin.adm10.session.ADM10_IPhoneServiceBean
	java:module/ADM10_IPhoneServiceBean!open.dolphin.adm10.session.ADM10_IPhoneServiceBean
	java:global/opendolphin-server/ADM10_IPhoneServiceBean
	java:app/opendolphin-server/ADM10_IPhoneServiceBean
	java:module/ADM10_IPhoneServiceBean

[0m[0m08:16:56,544 INFO  [org.infinispan.CONTAINER] (ServerService Thread Pool -- 87) ISPN000556: Starting user marshaller 'org.wildfly.clustering.infinispan.marshalling.jboss.JBossMarshaller'
[0m[0m08:16:56,782 INFO  [org.jipijapa] (MSC service thread 1-7) JIPIORMV6020260: Second level cache enabled for opendolphin-server.war#opendolphinPU
[0m[33m08:16:56,809 WARN  [org.jboss.as.jaxrs] (MSC service thread 1-7) WFLYRS0018: Explicit usage of Jackson annotation in a Jakarta RESTful Web Services deployment; the system will disable Jakarta JSON Binding processing for the current deployment. Consider setting the 'resteasy.preferJacksonOverJsonB' property to 'false' to restore Jakarta JSON Binding.
[0m[0m08:16:56,811 INFO  [org.jboss.as.connector.deployers.jdbc] (MSC service thread 1-7) WFLYJCA0005: Deploying non-JDBC-compliant driver class org.postgresql.Driver (version 42.7)
[0m[0m08:16:56,832 INFO  [org.jboss.weld.Version] (MSC service thread 1-7) WELD-000900: 5.1.2 (Final)
[0m[0m08:16:56,841 INFO  [org.jboss.as.jpa] (ServerService Thread Pool -- 87) WFLYJPA0010: Starting Persistence Unit (phase 1 of 2) Service 'opendolphin-server.war#opendolphinPU'
[0m[0m08:16:56,852 INFO  [org.hibernate.jpa.internal.util.LogHelper] (ServerService Thread Pool -- 87) HHH000204: Processing PersistenceUnitInfo [name: opendolphinPU]
[0m[0m08:16:56,867 INFO  [org.jboss.as.connector.deployers.jdbc] (MSC service thread 1-1) WFLYJCA0018: Started Driver service with driver-name = opendolphin-server.war_org.postgresql.Driver_42_7
[0m[0m08:16:56,899 INFO  [org.jboss.as.ejb3] (MSC service thread 1-4) WFLYEJB0042: Started message driven bean 'MessageSender' with 'activemq-ra.rar' resource adapter
[0m[0m08:16:56,913 INFO  [org.hibernate.Version] (ServerService Thread Pool -- 87) HHH000412: Hibernate ORM core version 6.4.4.Final
[0m[33m08:16:56,946 WARN  [org.hibernate.orm.deprecation] (ServerService Thread Pool -- 87) HHH90000025: PostgreSQLDialect does not need to be specified explicitly using 'hibernate.dialect' (remove the property setting and it will be selected by default)
[0m[0m08:16:56,955 INFO  [org.hibernate.cache.internal.RegionFactoryInitiator] (ServerService Thread Pool -- 87) HHH000025: Second-level cache region factory [org.infinispan.hibernate.cache.v62.InfinispanRegionFactory]
[0m[0m08:16:56,993 INFO  [org.hibernate.envers.boot.internal.EnversServiceImpl] (ServerService Thread Pool -- 87) Envers integration enabled? : true
[0m[0m08:16:57,104 INFO  [org.jboss.as.jpa] (ServerService Thread Pool -- 87) WFLYJPA0010: Starting Persistence Unit (phase 2 of 2) Service 'opendolphin-server.war#opendolphinPU'
[0m[0m08:16:58,288 INFO  [org.jboss.weld.Bootstrap] (Weld Thread Pool -- 5) WELD-000119: Not generating any bean definitions from open.dolphin.metrics.DatasourceMetricsRegistrar because of underlying class loading error: Type io.agroal.api.AgroalDataSource from [Module "deployment.opendolphin-server.war" from Service Module Loader] not found.  If this is unexpected, enable DEBUG logging to see the full error.
[0m[33m08:16:58,371 WARN  [org.jboss.weld.Validator] (MSC service thread 1-2) WELD-001478: Interceptor class open.dolphin.session.framework.SessionOperationInterceptor is enabled for the application and for the bean archive opendolphin-server.war/. It will only be invoked in the @Priority part of the chain.
[0m[0m08:16:58,917 INFO  [open.dolphin] (ServerService Thread Pool -- 92) pvt_idx3 dose not exists, created
[0m[0m08:16:58,919 INFO  [open.dolphin] (ServerService Thread Pool -- 92) d_karte_idx exists
[0m[0m08:16:58,920 INFO  [open.dolphin] (ServerService Thread Pool -- 92) d_document_idx exists
[0m[0m08:16:58,921 INFO  [open.dolphin] (ServerService Thread Pool -- 92) d_diagnosis_idx exists
[0m[31m08:16:58,925 SEVERE [open.dolphin.mbean.InitialAccountMaker] (ServerService Thread Pool -- 92) null: org.postgresql.util.PSQLException: ERROR: relation "d_patient_memo" does not exist
	at org.postgresql@42.7.3//org.postgresql.core.v3.QueryExecutorImpl.receiveErrorResponse(QueryExecutorImpl.java:2725)
	at org.postgresql@42.7.3//org.postgresql.core.v3.QueryExecutorImpl.processResults(QueryExecutorImpl.java:2412)
	at org.postgresql@42.7.3//org.postgresql.core.v3.QueryExecutorImpl.execute(QueryExecutorImpl.java:371)
	at org.postgresql@42.7.3//org.postgresql.jdbc.PgStatement.executeInternal(PgStatement.java:502)
	at org.postgresql@42.7.3//org.postgresql.jdbc.PgStatement.execute(PgStatement.java:419)
	at org.postgresql@42.7.3//org.postgresql.jdbc.PgStatement.executeWithFlags(PgStatement.java:341)
	at org.postgresql@42.7.3//org.postgresql.jdbc.PgStatement.executeCachedSql(PgStatement.java:326)
	at org.postgresql@42.7.3//org.postgresql.jdbc.PgStatement.executeWithFlags(PgStatement.java:302)
	at org.postgresql@42.7.3//org.postgresql.jdbc.PgStatement.executeUpdate(PgStatement.java:275)
	at org.jboss.ironjacamar.jdbcadapters@3.0.9.Final//org.jboss.jca.adapters.jdbc.WrappedStatement.executeUpdate(WrappedStatement.java:430)
	at deployment.opendolphin-server.war//open.dolphin.mbean.InitialAccountMaker.createIndexes(InitialAccountMaker.java:189)
	at deployment.opendolphin-server.war//open.dolphin.mbean.InitialAccountMaker.init(InitialAccountMaker.java:68)
	at java.base/jdk.internal.reflect.NativeMethodAccessorImpl.invoke0(Native Method)
	at java.base/jdk.internal.reflect.NativeMethodAccessorImpl.invoke(NativeMethodAccessorImpl.java:77)
	at java.base/jdk.internal.reflect.DelegatingMethodAccessorImpl.invoke(DelegatingMethodAccessorImpl.java:43)
	at java.base/java.lang.reflect.Method.invoke(Method.java:569)
	at org.jboss.as.ee@33.0.2.Final//org.jboss.as.ee.component.ManagedReferenceLifecycleMethodInterceptor.processInvocation(ManagedReferenceLifecycleMethodInterceptor.java:79)
	at org.jboss.invocation@2.0.1.Final//org.jboss.invocation.InterceptorContext.proceed(InterceptorContext.java:422)
	at org.jboss.invocation@2.0.1.Final//org.jboss.invocation.InterceptorContext$Invocation.proceed(InterceptorContext.java:509)
	at org.jboss.as.weld.common@33.0.2.Final//org.jboss.as.weld.interceptors.Jsr299BindingsInterceptor.delegateInterception(Jsr299BindingsInterceptor.java:62)
	at org.jboss.as.weld.common@33.0.2.Final//org.jboss.as.weld.interceptors.Jsr299BindingsInterceptor.doLifecycleInterception(Jsr299BindingsInterceptor.java:109)
	at org.jboss.as.weld.common@33.0.2.Final//org.jboss.as.weld.interceptors.Jsr299BindingsInterceptor.processInvocation(Jsr299BindingsInterceptor.java:95)
	at org.jboss.invocation@2.0.1.Final//org.jboss.invocation.InterceptorContext.proceed(InterceptorContext.java:422)
	at org.jboss.invocation@2.0.1.Final//org.jboss.invocation.InterceptorContext$Invocation.proceed(InterceptorContext.java:509)
	at org.jboss.weld.core@5.1.2.Final//org.jboss.weld.module.ejb.AbstractEJBRequestScopeActivationInterceptor.aroundInvoke(AbstractEJBRequestScopeActivationInterceptor.java:87)
	at org.jboss.as.weld.common@33.0.2.Final//org.jboss.as.weld.ejb.EjbRequestScopeActivationInterceptor.processInvocation(EjbRequestScopeActivationInterceptor.java:72)
	at org.jboss.invocation@2.0.1.Final//org.jboss.invocation.InterceptorContext.proceed(InterceptorContext.java:422)
	at org.jboss.as.weld@33.0.2.Final//org.jboss.as.weld.injection.WeldInjectionInterceptor.processInvocation(WeldInjectionInterceptor.java:36)
	at org.jboss.invocation@2.0.1.Final//org.jboss.invocation.InterceptorContext.proceed(InterceptorContext.java:422)
	at org.jboss.as.ee@33.0.2.Final//org.jboss.as.ee.component.ManagedReferenceFieldInjectionInterceptorFactory$ManagedReferenceFieldInjectionInterceptor.processInvocation(ManagedReferenceFieldInjectionInterceptorFactory.java:95)
	at org.jboss.invocation@2.0.1.Final//org.jboss.invocation.InterceptorContext.proceed(InterceptorContext.java:422)
	at org.jboss.as.ee@33.0.2.Final//org.jboss.as.ee.component.ManagedReferenceFieldInjectionInterceptorFactory$ManagedReferenceFieldInjectionInterceptor.processInvocation(ManagedReferenceFieldInjectionInterceptorFactory.java:95)
	at org.jboss.invocation@2.0.1.Final//org.jboss.invocation.InterceptorContext.proceed(InterceptorContext.java:422)
	at org.jboss.as.ee@33.0.2.Final//org.jboss.as.ee.component.AroundConstructInterceptorFactory$1.processInvocation(AroundConstructInterceptorFactory.java:33)
	at org.jboss.invocation@2.0.1.Final//org.jboss.invocation.InterceptorContext.proceed(InterceptorContext.java:422)
	at org.jboss.as.weld@33.0.2.Final//org.jboss.as.weld.injection.WeldInterceptorInjectionInterceptor.processInvocation(WeldInterceptorInjectionInterceptor.java:39)
	at org.jboss.invocation@2.0.1.Final//org.jboss.invocation.InterceptorContext.proceed(InterceptorContext.java:422)
	at org.jboss.as.weld@33.0.2.Final//org.jboss.as.weld.interceptors.Jsr299BindingsCreateInterceptor.processInvocation(Jsr299BindingsCreateInterceptor.java:94)
	at org.jboss.invocation@2.0.1.Final//org.jboss.invocation.InterceptorContext.proceed(InterceptorContext.java:422)
	at org.jboss.as.ee@33.0.2.Final//org.jboss.as.ee.component.NamespaceContextInterceptor.processInvocation(NamespaceContextInterceptor.java:33)
	at org.jboss.invocation@2.0.1.Final//org.jboss.invocation.InterceptorContext.proceed(InterceptorContext.java:422)
	at org.jboss.as.ejb3@33.0.2.Final//org.jboss.as.ejb3.tx.CMTTxInterceptor.invokeInOurTx(CMTTxInterceptor.java:237)
	at org.jboss.as.ejb3@33.0.2.Final//org.jboss.as.ejb3.tx.CMTTxInterceptor.requiresNew(CMTTxInterceptor.java:399)
	at org.jboss.as.ejb3@33.0.2.Final//org.jboss.as.ejb3.tx.LifecycleCMTTxInterceptor.processInvocation(LifecycleCMTTxInterceptor.java:51)
	at org.jboss.invocation@2.0.1.Final//org.jboss.invocation.InterceptorContext.proceed(InterceptorContext.java:422)
	at org.jboss.as.weld@33.0.2.Final//org.jboss.as.weld.injection.WeldInjectionContextInterceptor.processInvocation(WeldInjectionContextInterceptor.java:26)
	at org.jboss.invocation@2.0.1.Final//org.jboss.invocation.InterceptorContext.proceed(InterceptorContext.java:422)
	at org.jboss.as.ejb3@33.0.2.Final//org.jboss.as.ejb3.component.interceptors.CurrentInvocationContextInterceptor.processInvocation(CurrentInvocationContextInterceptor.java:24)
	at org.jboss.invocation@2.0.1.Final//org.jboss.invocation.InterceptorContext.proceed(InterceptorContext.java:422)
	at org.jboss.as.ee@33.0.2.Final//org.jboss.as.ee.concurrent.ConcurrentContextInterceptor.processInvocation(ConcurrentContextInterceptor.java:28)
	at org.jboss.invocation@2.0.1.Final//org.jboss.invocation.InterceptorContext.proceed(InterceptorContext.java:422)
	at org.jboss.invocation@2.0.1.Final//org.jboss.invocation.ContextClassLoaderInterceptor.processInvocation(ContextClassLoaderInterceptor.java:60)
	at org.jboss.invocation@2.0.1.Final//org.jboss.invocation.InterceptorContext.proceed(InterceptorContext.java:422)
	at org.jboss.as.ejb3@33.0.2.Final//org.jboss.as.ejb3.component.singleton.StartupCountDownInterceptor.processInvocation(StartupCountDownInterceptor.java:30)
	at org.jboss.invocation@2.0.1.Final//org.jboss.invocation.InterceptorContext.proceed(InterceptorContext.java:422)
	at org.jboss.invocation@2.0.1.Final//org.jboss.invocation.ChainedInterceptor.processInvocation(ChainedInterceptor.java:53)
	at org.jboss.as.ee@33.0.2.Final//org.jboss.as.ee.component.BasicComponent.constructComponentInstance(BasicComponent.java:151)
	at org.jboss.as.ee@33.0.2.Final//org.jboss.as.ee.component.BasicComponent.constructComponentInstance(BasicComponent.java:124)
	at org.jboss.as.ee@33.0.2.Final//org.jboss.as.ee.component.BasicComponent.createInstance(BasicComponent.java:71)
	at org.jboss.as.ejb3@33.0.2.Final//org.jboss.as.ejb3.component.singleton.SingletonComponent.getComponentInstance(SingletonComponent.java:110)
	at org.jboss.as.ejb3@33.0.2.Final//org.jboss.as.ejb3.component.singleton.SingletonComponent.start(SingletonComponent.java:124)
	at org.jboss.as.ee@33.0.2.Final//org.jboss.as.ee.component.ComponentStartService$1.run(ComponentStartService.java:37)
	at java.base/java.util.concurrent.Executors$RunnableAdapter.call(Executors.java:539)
	at java.base/java.util.concurrent.FutureTask.run(FutureTask.java:264)
	at org.jboss.threads@2.4.0.Final//org.jboss.threads.ContextClassLoaderSavingRunnable.run(ContextClassLoaderSavingRunnable.java:35)
	at org.jboss.threads@2.4.0.Final//org.jboss.threads.EnhancedQueueExecutor.safeRun(EnhancedQueueExecutor.java:1990)
	at org.jboss.threads@2.4.0.Final//org.jboss.threads.EnhancedQueueExecutor$ThreadBody.doRunTask(EnhancedQueueExecutor.java:1486)
	at org.jboss.threads@2.4.0.Final//org.jboss.threads.EnhancedQueueExecutor$ThreadBody.run(EnhancedQueueExecutor.java:1348)
	at java.base/java.lang.Thread.run(Thread.java:840)
	at org.jboss.threads@2.4.0.Final//org.jboss.threads.JBossThread.run(JBossThread.java:513)

[0m[0m08:16:58,954 INFO  [org.wildfly.security.soteria.original.SamRegistrationInstaller] (ServerService Thread Pool -- 92) Initializing Soteria 3.0.3.Final for context '/openDolphin'
[0m[0m08:16:59,291 INFO  [org.wildfly.extension.undertow] (ServerService Thread Pool -- 92) WFLYUT0021: Registered web context: '/openDolphin' for server 'default-server'
[0m[0m08:16:59,409 INFO  [org.jboss.as.server] (ServerService Thread Pool -- 48) WFLYSRV0010: Deployed "opendolphin-server.war" (runtime-name : "opendolphin-server.war")
[0m[0m08:16:59,435 INFO  [org.jboss.as.server] (Controller Boot Thread) WFLYSRV0212: Resuming server
[0m[0m08:16:59,442 INFO  [org.jboss.as] (Controller Boot Thread) WFLYSRV0060: Http management interface listening on http://0.0.0.0:9990/management
[0m[0m08:16:59,442 INFO  [org.jboss.as] (Controller Boot Thread) WFLYSRV0054: Admin console is not enabled
[0m[0m08:16:59,448 INFO  [org.jboss.as] (Controller Boot Thread) WFLYSRV0025: WildFly 33.0.2.Final (WildFly Core 25.0.2.Final) started in 8439ms - Started 751 of 961 services (353 services are lazy, passive or on-demand) - Server configuration file in use: standalone-full.xml - Minimum feature stability level: community
[0m[33m08:18:16,852 WARNING [io.micrometer.registry.otlp.OtlpMeterRegistry] (otlp-metrics-publisher) Failed to publish metrics to OTLP receiver: java.net.UnknownHostException: otel-collector
	at java.base/sun.nio.ch.NioSocketImpl.connect(NioSocketImpl.java:572)
	at java.base/java.net.Socket.connect(Socket.java:633)
	at java.base/sun.net.NetworkClient.doConnect(NetworkClient.java:178)
	at java.base/sun.net.www.http.HttpClient.openServer(HttpClient.java:533)
	at java.base/sun.net.www.http.HttpClient.openServer(HttpClient.java:638)
	at java.base/sun.net.www.http.HttpClient.<init>(HttpClient.java:281)
	at java.base/sun.net.www.http.HttpClient.New(HttpClient.java:386)
	at java.base/sun.net.www.http.HttpClient.New(HttpClient.java:408)
	at java.base/sun.net.www.protocol.http.HttpURLConnection.getNewHttpClient(HttpURLConnection.java:1308)
	at java.base/sun.net.www.protocol.http.HttpURLConnection.plainConnect0(HttpURLConnection.java:1241)
	at java.base/sun.net.www.protocol.http.HttpURLConnection.plainConnect(HttpURLConnection.java:1127)
	at java.base/sun.net.www.protocol.http.HttpURLConnection.connect(HttpURLConnection.java:1056)
	at java.base/sun.net.www.protocol.http.HttpURLConnection.getOutputStream0(HttpURLConnection.java:1450)
	at java.base/sun.net.www.protocol.http.HttpURLConnection.getOutputStream(HttpURLConnection.java:1421)
	at io.micrometer@1.12.4//io.micrometer.core.ipc.http.HttpUrlConnectionSender.send(HttpUrlConnectionSender.java:98)
	at io.micrometer@1.12.4//io.micrometer.core.ipc.http.HttpSender$Request$Builder.send(HttpSender.java:306)
	at io.micrometer@1.12.4//io.micrometer.registry.otlp.OtlpMeterRegistry.publish(OtlpMeterRegistry.java:168)
	at io.micrometer@1.12.4//io.micrometer.core.instrument.push.PushMeterRegistry.publishSafelyOrSkipIfInProgress(PushMeterRegistry.java:64)
	at java.base/java.util.concurrent.Executors$RunnableAdapter.call(Executors.java:539)
	at java.base/java.util.concurrent.FutureTask.runAndReset(FutureTask.java:305)
	at java.base/java.util.concurrent.ScheduledThreadPoolExecutor$ScheduledFutureTask.run(ScheduledThreadPoolExecutor.java:305)
	at java.base/java.util.concurrent.ThreadPoolExecutor.runWorker(ThreadPoolExecutor.java:1136)
	at java.base/java.util.concurrent.ThreadPoolExecutor$Worker.run(ThreadPoolExecutor.java:635)
	at java.base/java.lang.Thread.run(Thread.java:840)

[0m[0m08:18:24,381 INFO  [open.dolphin.rest.LogFilter] (default task-1) LogFilter header fallback is enabled
[0m[0m08:18:24,382 INFO  [open.dolphin.rest.LogFilter] (default task-1) LogFilter header fallback is enabled
[0m[0m08:18:24,392 INFO  [open.dolphin] (default task-1) 127.0.0.1 dolphin GET /dolphin traceId=5e74a820-f746-4872-b64d-aa4540edad94
[0m[0m08:18:24,393 INFO  [open.dolphin] (default task-1) 127.0.0.1 dolphin GET /dolphin traceId=98874869-a065-4160-a9f7-2ad43c79bb63
[0m[33m08:18:24,423 WARN  [open.dolphin.metrics.MeterRegistryProducer] (default task-1) Micrometer registry not found under java:jboss/micrometer/registry; falling back to global registry.
[0m[0m08:22:02,241 INFO  [open.dolphin] (default task-1) 127.0.0.1 dolphin GET /dolphin traceId=a0badb71-1a7a-4a24-9d82-5ad54cd7db1f
[0m[0m08:22:02,242 INFO  [open.dolphin] (default task-1) 127.0.0.1 dolphin GET /dolphin traceId=f832f41e-a6f7-475a-8a72-b04070906d16
[0m[33m08:23:04,376 WARNING [io.micrometer.registry.otlp.OtlpMeterRegistry] (otlp-metrics-publisher) Failed to publish metrics to OTLP receiver: java.net.UnknownHostException: otel-collector
	at java.base/sun.nio.ch.NioSocketImpl.connect(NioSocketImpl.java:572)
	at java.base/java.net.Socket.connect(Socket.java:633)
	at java.base/sun.net.NetworkClient.doConnect(NetworkClient.java:178)
	at java.base/sun.net.www.http.HttpClient.openServer(HttpClient.java:533)
	at java.base/sun.net.www.http.HttpClient.openServer(HttpClient.java:638)
	at java.base/sun.net.www.http.HttpClient.<init>(HttpClient.java:281)
	at java.base/sun.net.www.http.HttpClient.New(HttpClient.java:386)
	at java.base/sun.net.www.http.HttpClient.New(HttpClient.java:408)
	at java.base/sun.net.www.protocol.http.HttpURLConnection.getNewHttpClient(HttpURLConnection.java:1308)
	at java.base/sun.net.www.protocol.http.HttpURLConnection.plainConnect0(HttpURLConnection.java:1241)
	at java.base/sun.net.www.protocol.http.HttpURLConnection.plainConnect(HttpURLConnection.java:1127)
	at java.base/sun.net.www.protocol.http.HttpURLConnection.connect(HttpURLConnection.java:1056)
	at java.base/sun.net.www.protocol.http.HttpURLConnection.getOutputStream0(HttpURLConnection.java:1450)
	at java.base/sun.net.www.protocol.http.HttpURLConnection.getOutputStream(HttpURLConnection.java:1421)
	at io.micrometer@1.12.4//io.micrometer.core.ipc.http.HttpUrlConnectionSender.send(HttpUrlConnectionSender.java:98)
	at io.micrometer@1.12.4//io.micrometer.core.ipc.http.HttpSender$Request$Builder.send(HttpSender.java:306)
	at io.micrometer@1.12.4//io.micrometer.registry.otlp.OtlpMeterRegistry.publish(OtlpMeterRegistry.java:168)
	at io.micrometer@1.12.4//io.micrometer.core.instrument.push.PushMeterRegistry.publishSafelyOrSkipIfInProgress(PushMeterRegistry.java:64)
	at java.base/java.util.concurrent.Executors$RunnableAdapter.call(Executors.java:539)
	at java.base/java.util.concurrent.FutureTask.runAndReset(FutureTask.java:305)
	at java.base/java.util.concurrent.ScheduledThreadPoolExecutor$ScheduledFutureTask.run(ScheduledThreadPoolExecutor.java:305)
	at java.base/java.util.concurrent.ThreadPoolExecutor.runWorker(ThreadPoolExecutor.java:1136)
	at java.base/java.util.concurrent.ThreadPoolExecutor$Worker.run(ThreadPoolExecutor.java:635)
	at java.base/java.lang.Thread.run(Thread.java:840)

[0m[0m08:23:12,205 INFO  [open.dolphin] (default task-1) 127.0.0.1 dolphin GET /dolphin traceId=624df719-01f8-4cd6-8345-37d0beb473d0
[0m[0m08:23:12,205 INFO  [open.dolphin] (default task-1) 127.0.0.1 dolphin GET /dolphin traceId=da15ddf5-76bd-48a7-84e9-dd68004f78cc
[0m[33m08:23:25,854 WARNING [open.dolphin.rest.LogFilter] (default task-1) Missing credentials headers for request /openDolphin/resources/schedule/pvt/2025-11-09. TODO: Replace header-based auth with Elytron HTTP authentication.
[0m[33m08:23:25,856 WARNING [open.dolphin] (default task-1) Unauthorized user: null: /openDolphin/resources/schedule/pvt/2025-11-09 traceId=0b64c228-9111-4533-83e0-eb38fe3e64ec
[0m[0m08:23:42,289 INFO  [open.dolphin] (default task-1) 127.0.0.1 dolphin GET /dolphin traceId=75383bef-6a22-43ad-8f9b-8625ea09cde6
[0m[0m08:23:42,289 INFO  [open.dolphin] (default task-1) 127.0.0.1 dolphin GET /dolphin traceId=f271f837-3249-43a6-9119-cc0676b0066f
[0m[0m08:23:43,910 INFO  [stdout] (default task-1) Hibernate: select um1_0.id,um1_0.commonName,um1_0.department,um1_0.departmentCodeSys,um1_0.departmentDesc,um1_0.email,um1_0.facility_id,um1_0.factor2Auth,um1_0.givenName,um1_0.license,um1_0.licenseCodeSys,um1_0.licenseDesc,um1_0.mainMobile,um1_0.memberType,um1_0.memo,um1_0.orcaId,um1_0.password,um1_0.registeredDate,um1_0.sirName,um1_0.subMobile,um1_0.useDrugId,um1_0.userId from d_users um1_0 where um1_0.userId=?
[0m[33m08:23:43,949 WARNING [open.dolphin] (default task-1) Unauthorized user: 1.3.6.1.4.1.9414.10.1:dolphin: /openDolphin/resources/schedule/pvt/2025-11-09 traceId=2434ddb0-996b-4e54-bd1a-ab021e8d77e6
[0m[33m08:24:04,246 WARNING [io.micrometer.registry.otlp.OtlpMeterRegistry] (otlp-metrics-publisher) Failed to publish metrics to OTLP receiver: java.net.UnknownHostException: otel-collector
	at java.base/sun.nio.ch.NioSocketImpl.connect(NioSocketImpl.java:572)
	at java.base/java.net.Socket.connect(Socket.java:633)
	at java.base/sun.net.NetworkClient.doConnect(NetworkClient.java:178)
	at java.base/sun.net.www.http.HttpClient.openServer(HttpClient.java:533)
	at java.base/sun.net.www.http.HttpClient.openServer(HttpClient.java:638)
	at java.base/sun.net.www.http.HttpClient.<init>(HttpClient.java:281)
	at java.base/sun.net.www.http.HttpClient.New(HttpClient.java:386)
	at java.base/sun.net.www.http.HttpClient.New(HttpClient.java:408)
	at java.base/sun.net.www.protocol.http.HttpURLConnection.getNewHttpClient(HttpURLConnection.java:1308)
	at java.base/sun.net.www.protocol.http.HttpURLConnection.plainConnect0(HttpURLConnection.java:1241)
	at java.base/sun.net.www.protocol.http.HttpURLConnection.plainConnect(HttpURLConnection.java:1127)
	at java.base/sun.net.www.protocol.http.HttpURLConnection.connect(HttpURLConnection.java:1056)
	at java.base/sun.net.www.protocol.http.HttpURLConnection.getOutputStream0(HttpURLConnection.java:1450)
	at java.base/sun.net.www.protocol.http.HttpURLConnection.getOutputStream(HttpURLConnection.java:1421)
	at io.micrometer@1.12.4//io.micrometer.core.ipc.http.HttpUrlConnectionSender.send(HttpUrlConnectionSender.java:98)
	at io.micrometer@1.12.4//io.micrometer.core.ipc.http.HttpSender$Request$Builder.send(HttpSender.java:306)
	at io.micrometer@1.12.4//io.micrometer.registry.otlp.OtlpMeterRegistry.publish(OtlpMeterRegistry.java:168)
	at io.micrometer@1.12.4//io.micrometer.core.instrument.push.PushMeterRegistry.publishSafelyOrSkipIfInProgress(PushMeterRegistry.java:64)
	at java.base/java.util.concurrent.Executors$RunnableAdapter.call(Executors.java:539)
	at java.base/java.util.concurrent.FutureTask.runAndReset(FutureTask.java:305)
	at java.base/java.util.concurrent.ScheduledThreadPoolExecutor$ScheduledFutureTask.run(ScheduledThreadPoolExecutor.java:305)
	at java.base/java.util.concurrent.ThreadPoolExecutor.runWorker(ThreadPoolExecutor.java:1136)
	at java.base/java.util.concurrent.ThreadPoolExecutor$Worker.run(ThreadPoolExecutor.java:635)
	at java.base/java.lang.Thread.run(Thread.java:840)

[0m[0m08:24:10,673 INFO  [stdout] (default task-1) Hibernate: select um1_0.id,um1_0.commonName,um1_0.department,um1_0.departmentCodeSys,um1_0.departmentDesc,um1_0.email,um1_0.facility_id,um1_0.factor2Auth,um1_0.givenName,um1_0.license,um1_0.licenseCodeSys,um1_0.licenseDesc,um1_0.mainMobile,um1_0.memberType,um1_0.memo,um1_0.orcaId,um1_0.password,um1_0.registeredDate,um1_0.sirName,um1_0.subMobile,um1_0.useDrugId,um1_0.userId from d_users um1_0 where um1_0.userId=?
[0m[0m08:24:10,691 INFO  [stdout] (default task-1) Hibernate: select fm1_0.id,fm1_0.address,fm1_0.facilityId,fm1_0.facilityName,fm1_0.facsimile,fm1_0.memberType,fm1_0.registeredDate,fm1_0.s3AccessKey,fm1_0.s3SecretKey,fm1_0.s3URL,fm1_0.telephone,fm1_0.url,fm1_0.zipCode from d_facility fm1_0 where fm1_0.id=?
[0m[0m08:24:10,701 INFO  [stdout] (default task-1) Hibernate: select r1_0.c_user,r1_0.id,r1_0.c_role,r1_0.user_id from d_roles r1_0 where r1_0.c_user=?
[0m[33m08:24:10,712 WARNING [open.dolphin] (default task-1) Unauthorized user: 1.3.6.1.4.1.9414.72.103:doctor1: /openDolphin/resources/schedule/pvt/2025-11-09 traceId=trace-session-placeholder
[0m[0m08:24:12,349 INFO  [open.dolphin] (default task-1) 127.0.0.1 dolphin GET /dolphin traceId=007c9415-29b9-4fd9-a570-cbc34e25ad78
[0m[0m08:24:12,349 INFO  [open.dolphin] (default task-1) 127.0.0.1 dolphin GET /dolphin traceId=5a64d3bd-181c-4a95-9c5a-01ea16a4d8b7
[0m[0m08:24:42,391 INFO  [open.dolphin] (default task-1) 127.0.0.1 dolphin GET /dolphin traceId=f7dfe823-fad0-465c-91a8-301c0a57a41e
[0m[0m08:24:42,392 INFO  [open.dolphin] (default task-1) 127.0.0.1 dolphin GET /dolphin traceId=5d6b2015-3119-4209-8e06-96fd38bf3a95
[0m[33m08:25:04,243 WARNING [io.micrometer.registry.otlp.OtlpMeterRegistry] (otlp-metrics-publisher) Failed to publish metrics to OTLP receiver: java.net.UnknownHostException: otel-collector
	at java.base/sun.nio.ch.NioSocketImpl.connect(NioSocketImpl.java:572)
	at java.base/java.net.Socket.connect(Socket.java:633)
	at java.base/sun.net.NetworkClient.doConnect(NetworkClient.java:178)
	at java.base/sun.net.www.http.HttpClient.openServer(HttpClient.java:533)
	at java.base/sun.net.www.http.HttpClient.openServer(HttpClient.java:638)
	at java.base/sun.net.www.http.HttpClient.<init>(HttpClient.java:281)
	at java.base/sun.net.www.http.HttpClient.New(HttpClient.java:386)
	at java.base/sun.net.www.http.HttpClient.New(HttpClient.java:408)
	at java.base/sun.net.www.protocol.http.HttpURLConnection.getNewHttpClient(HttpURLConnection.java:1308)
	at java.base/sun.net.www.protocol.http.HttpURLConnection.plainConnect0(HttpURLConnection.java:1241)
	at java.base/sun.net.www.protocol.http.HttpURLConnection.plainConnect(HttpURLConnection.java:1127)
	at java.base/sun.net.www.protocol.http.HttpURLConnection.connect(HttpURLConnection.java:1056)
	at java.base/sun.net.www.protocol.http.HttpURLConnection.getOutputStream0(HttpURLConnection.java:1450)
	at java.base/sun.net.www.protocol.http.HttpURLConnection.getOutputStream(HttpURLConnection.java:1421)
	at io.micrometer@1.12.4//io.micrometer.core.ipc.http.HttpUrlConnectionSender.send(HttpUrlConnectionSender.java:98)
	at io.micrometer@1.12.4//io.micrometer.core.ipc.http.HttpSender$Request$Builder.send(HttpSender.java:306)
	at io.micrometer@1.12.4//io.micrometer.registry.otlp.OtlpMeterRegistry.publish(OtlpMeterRegistry.java:168)
	at io.micrometer@1.12.4//io.micrometer.core.instrument.push.PushMeterRegistry.publishSafelyOrSkipIfInProgress(PushMeterRegistry.java:64)
	at java.base/java.util.concurrent.Executors$RunnableAdapter.call(Executors.java:539)
	at java.base/java.util.concurrent.FutureTask.runAndReset(FutureTask.java:305)
	at java.base/java.util.concurrent.ScheduledThreadPoolExecutor$ScheduledFutureTask.run(ScheduledThreadPoolExecutor.java:305)
	at java.base/java.util.concurrent.ThreadPoolExecutor.runWorker(ThreadPoolExecutor.java:1136)
	at java.base/java.util.concurrent.ThreadPoolExecutor$Worker.run(ThreadPoolExecutor.java:635)
	at java.base/java.lang.Thread.run(Thread.java:840)

[0m[0m08:25:10,453 INFO  [stdout] (default task-1) Hibernate: select um1_0.id,um1_0.commonName,um1_0.department,um1_0.departmentCodeSys,um1_0.departmentDesc,um1_0.email,um1_0.facility_id,um1_0.factor2Auth,um1_0.givenName,um1_0.license,um1_0.licenseCodeSys,um1_0.licenseDesc,um1_0.mainMobile,um1_0.memberType,um1_0.memo,um1_0.orcaId,um1_0.password,um1_0.registeredDate,um1_0.sirName,um1_0.subMobile,um1_0.useDrugId,um1_0.userId from d_users um1_0 where um1_0.userId=?
[0m[0m08:25:10,461 INFO  [stdout] (default task-1) Hibernate: select fm1_0.id,fm1_0.address,fm1_0.facilityId,fm1_0.facilityName,fm1_0.facsimile,fm1_0.memberType,fm1_0.registeredDate,fm1_0.s3AccessKey,fm1_0.s3SecretKey,fm1_0.s3URL,fm1_0.telephone,fm1_0.url,fm1_0.zipCode from d_facility fm1_0 where fm1_0.id=?
[0m[0m08:25:10,464 INFO  [stdout] (default task-1) Hibernate: select r1_0.c_user,r1_0.id,r1_0.c_role,r1_0.user_id from d_roles r1_0 where r1_0.c_user=?
[0m[0m08:25:10,471 INFO  [open.dolphin] (default task-1) 192.168.65.1 doctor1 GET /schedule/pvt/2025-11-09 traceId=trace-schedule-20251110T231006Z
[0m[0m08:25:10,471 INFO  [open.dolphin] (default task-1) 192.168.65.1 doctor1 GET /schedule/pvt/2025-11-09 traceId=trace-schedule-20251110T231006Z
[0m[0m08:25:10,516 INFO  [stdout] (default task-1) Hibernate: select pvm1_0.id,pvm1_0.department,pvm1_0.deptCode,pvm1_0.deptName,pvm1_0.doctorId,pvm1_0.doctorName,pvm1_0.facilityId,pvm1_0.firstInsurance,pvm1_0.insuranceUid,pvm1_0.jmariNumber,pvm1_0.memo,pvm1_0.patient_id,pvm1_0.pvtDate,pvm1_0.status from d_patient_visit pvm1_0 where pvm1_0.facilityId=? and pvm1_0.pvtDate like ? escape '' order by pvm1_0.pvtDate
[0m[0m08:25:10,523 INFO  [stdout] (default task-1) Hibernate: select pm1_0.id,pm1_0.address,pm1_0.zipCode,pm1_0.appMemo,pm1_0.birthday,pm1_0.email,pm1_0.facilityId,pm1_0.familyName,pm1_0.fullName,pm1_0.gender,pm1_0.genderDesc,pm1_0.givenName,pm1_0.jpegPhoto,pm1_0.kanaFamilyName,pm1_0.kanaGivenName,pm1_0.kanaName,pm1_0.maritalStatus,pm1_0.memo,pm1_0.mobilePhone,pm1_0.nationality,pm1_0.ownerUUID,pm1_0.patientId,pm1_0.relations,pm1_0.reserve1,pm1_0.reserve2,pm1_0.reserve3,pm1_0.reserve4,pm1_0.reserve5,pm1_0.reserve6,pm1_0.romanFamilyName,pm1_0.romanGivenName,pm1_0.romanName,pm1_0.telephone from d_patient pm1_0 where pm1_0.id=?
[0m[0m08:25:10,531 INFO  [stdout] (default task-1) Hibernate: select him1_0.id,him1_0.beanBytes,him1_0.patient_id from d_health_insurance him1_0 where him1_0.patient_id=?
[0m[0m08:25:10,538 INFO  [stdout] (default task-1) Hibernate: select kb1_0.id,kb1_0.created,kb1_0.patient_id from d_karte kb1_0 where kb1_0.patient_id=?
[0m[0m08:25:10,575 INFO  [stdout] (default task-1) Hibernate: select dm1_0.id,dm1_0.confirmed,dm1_0.creator_id,dm1_0.admFlag,dm1_0.claimDate,dm1_0.department,dm1_0.departmentDesc,dm1_0.docId,dm1_0.docType,dm1_0.hasImage,dm1_0.hasLaboTest,dm1_0.hasMark,dm1_0.hasRp,dm1_0.hasTreatment,dm1_0.healthInsurance,dm1_0.healthInsuranceDesc,dm1_0.healthInsuranceGUID,dm1_0.labtestOrderNumber,dm1_0.parentId,dm1_0.parentIdRelation,dm1_0.purpose,dm1_0.title,dm1_0.versionNumber,dm1_0.ended,dm1_0.karte_id,dm1_0.linkId,dm1_0.linkRelation,dm1_0.recorded,dm1_0.started,dm1_0.status from d_document dm1_0 where dm1_0.karte_id=? and dm1_0.started=? and (dm1_0.status='F' or dm1_0.status='T')
[0m[0m08:25:12,441 INFO  [open.dolphin] (default task-1) 127.0.0.1 dolphin GET /dolphin traceId=435ba41d-5188-4ad9-a8a4-8f949ac1d26d
[0m[0m08:25:12,442 INFO  [open.dolphin] (default task-1) 127.0.0.1 dolphin GET /dolphin traceId=87d7e8fa-4c0a-4317-8982-89d3264f342c
[0m[0m08:25:42,498 INFO  [open.dolphin] (default task-1) 127.0.0.1 dolphin GET /dolphin traceId=3c4a48f9-08e0-49bb-bc64-cfa476b65128
[0m[0m08:25:42,498 INFO  [open.dolphin] (default task-1) 127.0.0.1 dolphin GET /dolphin traceId=935ed7cf-7ed5-4572-8708-552f78097cba
