== Info:   Trying 100.102.17.40:8000...
== Info: Connected to 100.102.17.40 (100.102.17.40) port 8000
== Info: Server auth using Basic with user 'ormaster'
=> Send header, 221 bytes (0xdd)
0000: POST /orca11/acceptmodv2?class=01 HTTP/1.1
002c: Host: 100.102.17.40:8000
0046: Authorization: Basic b3JtYXN0ZXI6Y2hhbmdlX21l
0075: User-Agent: curl/8.7.1
008d: Accept: application/xml
00a6: Content-Type: application/xml
00c5: Content-Length: 1066
00db: 
=> Send data, 1066 bytes (0x42a)
0000: <?xml version="1.0" encoding="UTF-8"?>.<data>.  <acceptreq>.    
0040: <Request_Number>01</Request_Number>.    <Patient_ID>00000001</Pa
0080: tient_ID>.    <Acceptance_Date>2025-11-21</Acceptance_Date>.    
00c0: <Acceptance_Time>09:30:00</Acceptance_Time>.    <Acceptance_Id><
0100: /Acceptance_Id>.    <Department_Code>01</Department_Code>.    <P
0140: hysician_Code>00001</Physician_Code>.    <Medical_Information>01
0180: </Medical_Information>.    <HealthInsurance_Information>.      <
01c0: Insurance_Combination_Number>0001</Insurance_Combination_Number>
0200: .      <InsuranceProvider_Class>006</InsuranceProvider_Class>.  
0240:     <InsuranceProvider_Number>06123456</InsuranceProvider_Number
0280: >.      <InsuranceProvider_WholeName>........................</I
02c0: nsuranceProvider_WholeName>.      <HealthInsuredPerson_Symbol>AB
0300: </HealthInsuredPerson_Symbol>.      <HealthInsuredPerson_Number>
0340: 1234567</HealthInsuredPerson_Number>.      <HealthInsuredPerson_
0380: Branch_Number>00</HealthInsuredPerson_Branch_Number>.      <Rela
03c0: tionToInsuredPerson>1</RelationToInsuredPerson>.    </HealthInsu
0400: rance_Information>.  </acceptreq>.</data>.
== Info: upload completely sent off: 1066 bytes
<= Recv header, 33 bytes (0x21)
0000: HTTP/1.1 405 Method Not Allowed
<= Recv header, 21 bytes (0x15)
0000: Allow: OPTIONS, GET
<= Recv header, 32 bytes (0x20)
0000: Content-Type: application/json
<= Recv header, 37 bytes (0x25)
0000: Date: Fri, 21 Nov 2025 14:05:51 GMT
<= Recv header, 20 bytes (0x14)
0000: Content-Length: 62
<= Recv header, 2 bytes (0x2)
0000: 
<= Recv data, 62 bytes (0x3e)
0000: {"Code":405,"Message":"code=405, message=Method Not Allowed"}.
== Info: Connection #0 to host 100.102.17.40 left intact
