== Info: Host weborca-trial.orca.med.or.jp:443 was resolved.
== Info: IPv6: (none)
== Info: IPv4: 172.192.77.103
== Info:   Trying 172.192.77.103:443...
== Info: Connected to weborca-trial.orca.med.or.jp (172.192.77.103) port 443
== Info: ALPN: curl offers h2,http/1.1
== Info: (304) (OUT), TLS handshake, Client hello (1):
=> Send SSL data, 333 bytes (0x14d)
0000: ...I....j..}'...}VGs{=.........sV..... g....9'.P..Pi,....TQ.r..J
0040: ........b.............0.,.(.$.......k.9...........=.5...../.+.'.
0080: #.......g.3...E...<./...A.......................+............3.&
00c0: .$... y`b.j.'.mzg..oa............7g..w...!.....weborca-trial.orc
0100: a.med.or.jp.....................................................
0140: ..h2.http/1.1
== Info:  CAfile: /etc/ssl/cert.pem
== Info:  CApath: none
== Info: (304) (IN), TLS handshake, Server hello (2):
<= Recv SSL data, 108 bytes (0x6c)
0000: ...h..p.......T..h.@..vG.>.<...>.. ... ~.-{.....YT..)z...<......
0040: ...g|...0.. ........................http/1.1
== Info: TLSv1.2 (IN), TLS handshake, Certificate (11):
<= Recv SSL data, 5164 bytes (0x142c)
0000: ...(..%..30../0..........\...\..7.....L..0...*.H........0`1.0...
0040: U....GB1.0...U....Sectigo Limited1705..U....Sectigo Public Serve
0080: r Authentication CA OV R360...250521000000Z..260621235959Z0i1.0.
00c0: ..U....JP1.0...U....Tokyo1/0-..U...&ORCA Management Organization
0100:  Co., Ltd.1.0...U....*.orca.med.or.jp0.."0...*.H.............0..
0140: .......?.`'s..7x.3j..R0W.B.....qX...w.S...*..xc..F..<...@\..8).B
0180: YY.H.....m.......d...z..%..........P......~q).>.(.<...>.........
01c0: k.ya.......]!.........qR.&.,...rey.c......R+U........r.Q...r..E.
0200: ?.N.;,....s.......%......+..@...k.._.....s..@\......<......b.g..
0240: .4,..w........Z0..V0...U.#..0....ft.ph.,]N..J..7"...0...U......A
0280: .V.....W<OI..j.....0...U...........0...U.......0.0...U.%..0...+.
02c0: ........+.......0J..U. .C0A05..+.....1.....0%0#..+.........https
0300: ://sectigo.com/CPS0...g.....0T..U...M0K0I.G.E.Chttp://crl.sectig
0340: o.com/SectigoPublicServerAuthenticationCAOVR36.crl0....+........
0380: x0v0O..+.....0..Chttp://crt.sectigo.com/SectigoPublicServerAuthe
03c0: nticationCAOVR36.crt0#..+.....0...http://ocsp.sectigo.com0+..U..
0400: .$0"..*.orca.med.or.jp..orca.med.or.jp0.....+.....y......o...k.i
0440: .v...d.UX...C.h7.Bw..:....6nF.?.........)?......G0E.!...Z.7.....
0480: M.d.d......j\.u..z.A.,. .....8g..&.1......O...2."V..)x.r.v.....(
04c0: .o...ox*M....-r1...]pA-%L.......)?......G0E.!.....D...g.S/..l..p
0500: @A.%.(.a.O~'(.. )..d{w...F...o|...k..#....H...k`.w..W.....>3.,..
0540: ......=q2%.!.%.a.N!.....)?......H0F.!....v.\e...l...z3E..t.....:
0580: ...WC..!...Z.......GLKS-{zfM..b.fw..1....0...*.H.............Ui.
05c0: ....N{2..J+D.......Bm.P5=..5..*..a.VT....C.Q.N..Q../.H.n......._
0600: y:.SQ..|......L0.B...v..Q.[......r.....5.("....A.0..\.U.}.k.U...
0640: .....&.+[....%..}.P>$.6.B......^.......8[.......@J.Z........a.ZM
0680: ..8.......c..............g...x..^L..........pr...Y..&Ud......Q@.
06c0: v.^5.Z..3S/..V......x. .f{..=......a\..\..{..j..?{..j..t.`....L.
0700: ....d..GM...g....w,.`...*.C.@.y.$.g.....&1..2 P.e.....a.]Kp.v..P
0740: 0..L0..4.......,.<v.C.....1...q0...*.H........0_1.0...U....GB1.0
0780: ...U....Sectigo Limited1604..U...-Sectigo Public Server Authenti
07c0: cation Root R460...210322000000Z..360321235959Z0`1.0...U....GB1.
0800: 0...U....Sectigo Limited1705..U....Sectigo Public Server Authent
0840: ication CA OV R360...0...*.H.............0.........C-'tt.:4}....
0880: v...O#......@U....{.;."..5..[.I].kY@..a:.^q.^........N.+1.Lf..'.
08c0: ..y.:...:...b3....#M....x..".-q......~|L...W..v\.....By|c.....v.
0900: ...{`]...[..k.E..[..y.....M.l.......NY.....M...z.vEer.z@.(Y.....
0940: UH.4..+TV.+(]g!....H.AG.j...x.aa..R...O.....94..j.>.isBJ........
0980: Y.....|.O......1..K."...v....".>.p..N.tU....xX..n.;.... .i.y#@..
09c0: @.h.....Fj.+..d0.^......o.w.@...;..W..F.6.w..'.f{M.........0..}0
0a00: ...U.#..0...VsXd......*.by.@..!I0...U.......ft.ph.,]N..J..7"...0
0a40: ...U...........0...U.......0.......0...U.%..0...+.........+.....
0a80: ..0...U. ..0.0...U. .0...g.....0T..U...M0K0I.G.E.Chttp://crl.sec
0ac0: tigo.com/SectigoPublicServerAuthenticationRootR46.crl0....+.....
0b00: ...x0v0O..+.....0..Chttp://crt.sectigo.com/SectigoPublicServerAu
0b40: thenticationRootR46.p7c0#..+.....0...http://ocsp.sectigo.com0...
0b80: *.H.................u....o..#Y3..O.".eJ.....S.s..`..*E.{....0(R.
0bc0: ....o..SA..._..........*. ..N....s...Q....C.....1.......n^.O...@
0c00: @R.......3rJ......S7D./.......l..R.e[.5R......0...Hr.E.Qj..g.e..
0c40: ..Jg....,...&}..{........'...,O..-.....'.@..0..|...v.0..N.x.....
0c80: .....Q..%qDF.....F.t..'.3z....12... .6Ub..).mXB.2.]...^....s....
0cc0: 4_B.f.tq...*...C.cY...&.u.x...\...+..Cc....!......).U........>..
0d00: Q.T6....pKT.."..A|8U.....s...*.s.....S.l.h......L.V3M6.A.w..N3G0
0d40: .Z|..@..\.qXZ..{..5b...W.<.c..eEy..,.#.E).}.0$3............)...}
0d80: ..k"....O..|..pL...0...0..}.............5.R..aIX`..0...*.H......
0dc0: ..0..1.0...U....US1.0...U....New Jersey1.0...U....Jersey City1.0
0e00: ...U....The USERTRUST Network1.0,..U...%USERTrust RSA Certificat
0e40: ion Authority0...210322000000Z..380118235959Z0_1.0...U....GB1.0.
0e80: ..U....Sectigo Limited1604..U...-Sectigo Public Server Authentic
0ec0: ation Root R460.."0...*.H.............0...........6Ru..#..GBI.c.
0f00: .!....H+&|.S..y.+.-..,..2.I....H={Z.T..]1tO..P!...hO..cm%.L*..H0
0f40: a..|...J.>+...Lq.5...n.;J.........m.O3.P.7.3._...T.H..C.f...8C..
0f80: Q...#..][..K......7..9.!Q0..m.0N.[..p$..E.dC..!:/<.... .B'..o..d
0fc0: 0.9..e.!1.#P37".8..10.E.b..]2yB..j.V.@M.....vI..'.......c.....U.
1000: .;f.9.-........M..]Wr.;.GV.....a..M..4[...u...H...(........V.{IL
1040: Y. ....).8.i.I....y.....z.......x(..D..}&..Xr.y..._..8b4h..0...a
1080: .2l..6..Ln..6.....Dp.|..9...k..%#W....I.u......T(.!<.|...{ku....
10c0: .....+.B.8.....=....N..)...V..............GC|m......... 0...0...
1100: U.#..0...Sy.Z.+J.T.........f.0...U......VsXd......*.by.@..!I0...
1140: U...........0...U.......0....0...U.%..0...+.........+.......0...
1180: U. ..0.0...U. .0P..U...I0G0E.C.A.?http://crl.usertrust.com/USERT
11c0: rustRSACertificationAuthority.crl05..+........)0'0%..+.....0...h
1200: ttp://ocsp.usertrust.com0...*.H.............:o..j.....CO.O..l.).
1240: ..4K._..R.c....Tk..-!...+`H5..n.l..*..7.,.V}...+...FWQ....FCLP}.
1280: /Gb.m.qt.w../..Ze..3(.!>..#..q=.}5..X.l. K........./.w..-IKr...U
12c0: ..f...*.....JY..L......n.k....^.......5...o..\.,P.+....Q..f...5.
1300: .f.C....TW..........8...........>.Bc..3k..=...[.j.uT.....[...,iG
1340: d....=.l+!b.....U......5.....Y......Yg..F......U5....[...;y./...
1380: .'...5...R..^s...%.F.b.2hK4Kky........ ..K..'.q@r.(............=
13c0: ..D...6...+!.D....Dl;.9q.2G..H=.$ ...[.k......S....lr.....:v....
1400: bG.....O)Ye....IO...EF..#.n..t....vFy....E+I
== Info: TLSv1.2 (IN), TLS handshake, Server key exchange (12):
<= Recv SSL data, 300 bytes (0x12c)
0000: ...(... ...~.....h:i.m......g...3...........h4..U.<.2.J ..Z.%M..
0040: .hY.}.u....-..1.$..=X*qCU.@....R.....N..;...2. aI.a.......#.....
0080: ...$o.........J..........Z...i@.vUJ>.24......Vi.A#....k.B..$7.]O
00c0: ..a..FG.E.OY=&7q6...X.y..Lj....9....4..Z>.........5..I.+.j..*.y.
0100: ;.e.WW.....:..Eg...8......qw.jY..B.)........
== Info: TLSv1.2 (IN), TLS handshake, Server finished (14):
<= Recv SSL data, 4 bytes (0x4)
0000: ....
== Info: TLSv1.2 (OUT), TLS handshake, Client key exchange (16):
=> Send SSL data, 37 bytes (0x25)
0000: ...! ..@..$......1..f...z.63l........
== Info: TLSv1.2 (OUT), TLS change cipher, Change cipher spec (1):
=> Send SSL data, 1 bytes (0x1)
0000: .
== Info: TLSv1.2 (OUT), TLS handshake, Finished (20):
=> Send SSL data, 16 bytes (0x10)
0000: .....E.~u..|..U.
== Info: TLSv1.2 (IN), TLS change cipher, Change cipher spec (1):
<= Recv SSL data, 1 bytes (0x1)
0000: .
== Info: TLSv1.2 (IN), TLS handshake, Finished (20):
<= Recv SSL data, 16 bytes (0x10)
0000: ....F......{.S .
== Info: SSL connection using TLSv1.2 / ECDHE-RSA-AES256-GCM-SHA384 / [blank] / UNDEF
== Info: ALPN: server accepted http/1.1
== Info: Server certificate:
== Info:  subject: C=JP; ST=Tokyo; O=ORCA Management Organization Co., Ltd.; CN=*.orca.med.or.jp
== Info:  start date: May 21 00:00:00 2025 GMT
== Info:  expire date: Jun 21 23:59:59 2026 GMT
== Info:  subjectAltName: host "weborca-trial.orca.med.or.jp" matched cert's "*.orca.med.or.jp"
== Info:  issuer: C=GB; O=Sectigo Limited; CN=Sectigo Public Server Authentication CA OV R36
== Info:  SSL certificate verify ok.
== Info: using HTTP/1.x
== Info: Server auth using Basic with user 'trial'
=> Send header, 242 bytes (0xf2)
0000: POST /api/api01rv2/systeminfv2 HTTP/1.1
0029: Host: weborca-trial.orca.med.or.jp
004d: Authorization: <MASKED>
007c: User-Agent: curl/8.7.1
0094: Content-Type: application/xml; charset=UTF-8
00c2: Accept: application/xml
00db: Content-Length: 284
00f0: 
=> Send data, 284 bytes (0x11c)
0000: <?xml version="1.0" encoding="UTF-8"?>.<!-- orca-meta:.path=/api
0040: 01rv2/systeminfv2.method=POST.content-type=application/xml; char
0080: set=UTF-8.-->.<data>.  <private_objects>.    <Request_Date>2026-
00c0: 01-05</Request_Date>.    <Request_Time>22:34:14</Request_Time>. 
0100:  </private_objects>.</data>.
== Info: upload completely sent off: 284 bytes
<= Recv header, 17 bytes (0x11)
0000: HTTP/1.1 200 OK
<= Recv header, 31 bytes (0x1f)
0000: Server: nginx/1.18.0 (Ubuntu)
<= Recv header, 37 bytes (0x25)
0000: Date: Mon, 05 Jan 2026 13:34:14 GMT
<= Recv header, 46 bytes (0x2e)
0000: Content-Type: application/xml; charset=UTF-8
<= Recv header, 28 bytes (0x1c)
0000: Transfer-Encoding: chunked
<= Recv header, 24 bytes (0x18)
0000: Connection: keep-alive
<= Recv header, 22 bytes (0x16)
0000: X-Hybridmode: normal
<= Recv header, 2 bytes (0x2)
0000: 
<= Recv data, 9907 bytes (0x26b3)
0000: 26a6
0006: <?xml version="1.0" encoding="UTF-8"?>.<xmlio2>.<private_objects
0046:  type="record">.<Information_Date type="string">2026-01-05</Info
0086: rmation_Date>.<Information_Time type="string">22:34:14</Informat
00c6: ion_Time>.<Api_Result type="string">0000</Api_Result>.<Api_Resul
0106: t_Message type="string">............</Api_Result_Message>.<Jma_R
0146: eceipt_Version type="string">050200-1</Jma_Receipt_Version>.<Dat
0186: abase_Information type="record">.<Local_Version type="string">S-
01c6: 050200-1-20250327-1</Local_Version>.<New_Version type="string">S
0206: -050200-1-20250327-1</New_Version>.</Database_Information>.<Mast
0246: er_Update_Information type="record">.<Last_Update_Date type="str
0286: ing">2025-06-05</Last_Update_Date>.<Master_Version_Information t
02c6: ype="array">.<Master_Version_Information_child type="record">.<N
0306: ame type="string">...............</Name>.<Local_Version type="st
0346: ring">R-040800-1-20250603-1</Local_Version>.<New_Version type="s
0386: tring">R-040800-1-20250603-1</New_Version>.</Master_Version_Info
03c6: rmation_child>.<Master_Version_Information_child type="record">.
0406: <Name type="string">.....................</Name>.<Local_Version 
0446: type="string">R-040200-1-20240610-4</Local_Version>.<New_Version
0486:  type="string">R-040200-1-20240610-4</New_Version>.</Master_Vers
04c6: ion_Information_child>.<Master_Version_Information_child type="r
0506: ecord">.<Name type="string">...........................</Name>.<
0546: Local_Version type="string">R-040200-1-20250423-1</Local_Version
0586: >.<New_Version type="string">R-040200-1-20250423-1</New_Version>
05c6: .</Master_Version_Information_child>.<Master_Version_Information
0606: _child type="record">.<Name type="string">...............</Name>
0646: .<Local_Version type="string">R-040800-1-20250116-1</Local_Versi
0686: on>.<New_Version type="string">R-040800-1-20250116-1</New_Versio
06c6: n>.</Master_Version_Information_child>.<Master_Version_Informati
0706: on_child type="record">.<Name type="string">....................
0746: .</Name>.<Local_Version type="string">R-040200-1-20250320-4</Loc
0786: al_Version>.<New_Version type="string">R-040200-1-20250320-4</Ne
07c6: w_Version>.</Master_Version_Information_child>.<Master_Version_I
0806: nformation_child type="record">.<Name type="string">............
0846: ...............</Name>.<Local_Version type="string">R-040200-1-2
0886: 0250322-4</Local_Version>.<New_Version type="string">R-040200-1-
08c6: 20250322-4</New_Version>.</Master_Version_Information_child>.<Ma
0906: ster_Version_Information_child type="record">.<Name type="string
0946: ">.....................</Name>.<Local_Version type="string">R-04
0986: 0200-1-20250603-2</Local_Version>.<New_Version type="string">R-0
09c6: 40200-1-20250603-2</New_Version>.</Master_Version_Information_ch
0a06: ild>.<Master_Version_Information_child type="record">.<Name type
0a46: ="string">.....................</Name>.<Local_Version type="stri
0a86: ng">R-040200-1-20250519-5</Local_Version>.<New_Version type="str
0ac6: ing">R-040200-1-20250519-5</New_Version>.</Master_Version_Inform
0b06: ation_child>.<Master_Version_Information_child type="record">.<N
0b46: ame type="string">.....................</Name>.<Local_Version ty
0b86: pe="string">R-040200-1-20250519-6</Local_Version>.<New_Version t
0bc6: ype="string">R-040200-1-20250519-6</New_Version>.</Master_Versio
0c06: n_Information_child>.<Master_Version_Information_child type="rec
0c46: ord">.<Name type="string">..................</Name>.<Local_Versi
0c86: on type="string">R-040200-1-20250603-1</Local_Version>.<New_Vers
0cc6: ion type="string">R-040200-1-20250603-1</New_Version>.</Master_V
0d06: ersion_Information_child>.<Master_Version_Information_child type
0d46: ="record">.<Name type="string">...............</Name>.<Local_Ver
0d86: sion type="string">R-040600-1-20250513-1</Local_Version>.<New_Ve
0dc6: rsion type="string">R-040600-1-20250513-1</New_Version>.</Master
0e06: _Version_Information_child>.<Master_Version_Information_child ty
0e46: pe="record">.<Name type="string">.....................</Name>.<L
0e86: ocal_Version type="string">R-040200-1-20250513-2</Local_Version>
0ec6: .<New_Version type="string">R-040200-1-20250513-2</New_Version>.
0f06: </Master_Version_Information_child>.<Master_Version_Information_
0f46: child type="record">.<Name type="string">..................</Nam
0f86: e>.<Local_Version type="string">R-040200-1-20250521-2</Local_Ver
0fc6: sion>.<New_Version type="string">R-040200-1-20250521-2</New_Vers
1006: ion>.</Master_Version_Information_child>.<Master_Version_Informa
1046: tion_child type="record">.<Name type="string">..................
1086: .........</Name>.<Local_Version type="string">R-040500-1-2012101
10c6: 2-5</Local_Version>.<New_Version type="string">R-040500-1-201210
1106: 12-5</New_Version>.</Master_Version_Information_child>.<Master_V
1146: ersion_Information_child type="record">.<Name type="string">....
1186: ..........................</Name>.<Local_Version type="string">R
11c6: -040800-1-20240617-2</Local_Version>.<New_Version type="string">
1206: R-040800-1-20240617-2</New_Version>.</Master_Version_Information
1246: _child>.<Master_Version_Information_child type="record">.<Name t
1286: ype="string">.....................</Name>.<Local_Version type="s
12c6: tring">R-040800-1-20241203-3</Local_Version>.<New_Version type="
1306: string">R-040800-1-20241203-3</New_Version>.</Master_Version_Inf
1346: ormation_child>.<Master_Version_Information_child type="record">
1386: .<Name type="string">........................</Name>.<Local_Vers
13c6: ion type="string">R-040800-1-20250528-1</Local_Version>.<New_Ver
1406: sion type="string">R-040800-1-20250528-1</New_Version>.</Master_
1446: Version_Information_child>.<Master_Version_Information_child typ
1486: e="record">.<Name type="string">........................</Name>.
14c6: <Local_Version type="string">R-040500-1-20200518-1</Local_Versio
1506: n>.<New_Version type="string">R-040500-1-20200518-1</New_Version
1546: >.</Master_Version_Information_child>.<Master_Version_Informatio
1586: n_child type="record">.<Name type="string">.....................
15c6: ...</Name>.<Local_Version type="string">R-040500-1-20230427-3</L
1606: ocal_Version>.<New_Version type="string">R-040500-1-20230427-3</
1646: New_Version>.</Master_Version_Information_child>.<Master_Version
1686: _Information_child type="record">.<Name type="string">..........
16c6: ..........................</Name>.<Local_Version type="string">R
1706: -040500-1-20160531-3</Local_Version>.<New_Version type="string">
1746: R-040500-1-20160531-3</New_Version>.</Master_Version_Information
1786: _child>.<Master_Version_Information_child type="record">.<Name t
17c6: ype="string">.......................................</Name>.<Loc
1806: al_Version type="string">R-040500-1-20240625-3</Local_Version>.<
1846: New_Version type="string">R-040500-1-20240625-3</New_Version>.</
1886: Master_Version_Information_child>.<Master_Version_Information_ch
18c6: ild type="record">.<Name type="string">..................</Name>
1906: .<Local_Version type="string">R-040600-1-20101027-1</Local_Versi
1946: on>.<New_Version type="string">R-040600-1-20101027-1</New_Versio
1986: n>.</Master_Version_Information_child>.<Master_Version_Informati
19c6: on_child type="record">.<Name type="string">....................
1a06: ....</Name>.<Local_Version type="string">R-040800-1-20250603-3</
1a46: Local_Version>.<New_Version type="string">R-040800-1-20250603-3<
1a86: /New_Version>.</Master_Version_Information_child>.<Master_Versio
1ac6: n_Information_child type="record">.<Name type="string">.........
1b06: .....................</Name>.<Local_Version type="string">R-0407
1b46: 00-1-20111001-1</Local_Version>.<New_Version type="string">R-040
1b86: 700-1-20111001-1</New_Version>.</Master_Version_Information_chil
1bc6: d>.<Master_Version_Information_child type="record">.<Name type="
1c06: string">.....................</Name>.<Local_Version type="string
1c46: ">R-040800-1-20250521-3</Local_Version>.<New_Version type="strin
1c86: g">R-040800-1-20250521-3</New_Version>.</Master_Version_Informat
1cc6: ion_child>.<Master_Version_Information_child type="record">.<Nam
1d06: e type="string">........................</Name>.<Local_Version t
1d46: ype="string">R-040700-1-20250603-2</Local_Version>.<New_Version 
1d86: type="string">R-040700-1-20250603-2</New_Version>.</Master_Versi
1dc6: on_Information_child>.<Master_Version_Information_child type="re
1e06: cord">.<Name type="string">.....................................
1e46: ........</Name>.<Local_Version type="string">R-040700-1-20180308
1e86: -4</Local_Version>.<New_Version type="string">R-040700-1-2018030
1ec6: 8-4</New_Version>.</Master_Version_Information_child>.<Master_Ve
1f06: rsion_Information_child type="record">.<Name type="string">.....
1f46: ...................</Name>.<Local_Version type="string">R-040700
1f86: -1-20240517-1</Local_Version>.<New_Version type="string">R-04070
1fc6: 0-1-20240517-1</New_Version>.</Master_Version_Information_child>
2006: .<Master_Version_Information_child type="record">.<Name type="st
2046: ring">...........................</Name>.<Local_Version type="st
2086: ring">R-040700-1-20250512-6</Local_Version>.<New_Version type="s
20c6: tring">R-040700-1-20250512-6</New_Version>.</Master_Version_Info
2106: rmation_child>.<Master_Version_Information_child type="record">.
2146: <Name type="string">........................</Name>.<Local_Versi
2186: on type="string">R-040800-1-20250521-4</Local_Version>.<New_Vers
21c6: ion type="string">R-040800-1-20250521-4</New_Version>.</Master_V
2206: ersion_Information_child>.<Master_Version_Information_child type
2246: ="record">.<Name type="string">.................................
2286: ...</Name>.<Local_Version type="string">R-040800-1-20250331-3</L
22c6: ocal_Version>.<New_Version type="string">R-040800-1-20250331-3</
2306: New_Version>.</Master_Version_Information_child>.<Master_Version
2346: _Information_child type="record">.<Name type="string">..........
2386: .................</Name>.<Local_Version type="string">R-050000-1
23c6: -20250515-1</Local_Version>.<New_Version type="string">R-050000-
2406: 1-20250515-1</New_Version>.</Master_Version_Information_child>.<
2446: Master_Version_Information_child type="record">.<Name type="stri
2486: ng">...........................</Name>.<Local_Version type="stri
24c6: ng">R-040800-1-20250322-5</Local_Version>.<New_Version type="str
2506: ing">R-040800-1-20250322-5</New_Version>.</Master_Version_Inform
2546: ation_child>.<Master_Version_Information_child type="record">.<N
2586: ame type="string">...............</Name>.<Local_Version type="st
25c6: ring">R-050200-1-20230925-1</Local_Version>.<New_Version type="s
2606: tring">R-050200-1-20230925-1</New_Version>.</Master_Version_Info
2646: rmation_child>.</Master_Version_Information>.</Master_Update_Inf
2686: ormation>.</private_objects>.</xmlio2>
26ae: 0
26b1: 
== Info: Connection #0 to host weborca-trial.orca.med.or.jp left intact
