== Info:   Trying 100.102.17.40:8000...
== Info: Connected to 100.102.17.40 (100.102.17.40) port 8000
== Info: Server auth using Basic with user 'ormaster'
=> Send header, 224 bytes (0xe0)
0000: POST /api01rv2/system01lstv2?class=02 HTTP/1.1
0030: Host: 100.102.17.40:8000
004a: Authorization: Basic b3JtYXN0ZXI6Y2hhbmdlX21l
0079: User-Agent: curl/8.7.1
0091: Accept: application/xml
00aa: Content-Type: application/xml
00c9: Content-Length: 182
00de: 
=> Send data, 182 bytes (0xb6)
0000: <data>.  <system01_managereq type="record">.    <Request_Number 
0040: type="string">02</Request_Number>.    <Base_Date type="string">2
0080: 025-11-21</Base_Date>.  </system01_managereq>.</data>.
== Info: upload completely sent off: 182 bytes
<= Recv header, 17 bytes (0x11)
0000: HTTP/1.1 200 OK
<= Recv header, 46 bytes (0x2e)
0000: Content-Type: application/xml; charset=UTF-8
<= Recv header, 22 bytes (0x16)
0000: X-Hybridmode: normal
<= Recv header, 37 bytes (0x25)
0000: Date: Fri, 21 Nov 2025 14:09:16 GMT
<= Recv header, 21 bytes (0x15)
0000: Content-Length: 441
<= Recv header, 2 bytes (0x2)
0000: 
<= Recv data, 441 bytes (0x1b9)
0000: <?xml version="1.0" encoding="UTF-8"?>.<xmlio2>.<physicianres ty
0040: pe="record">.<Information_Date type="string">2025-11-21</Informa
0080: tion_Date>.<Information_Time type="string">23:09:16</Information
00c0: _Time>.<Api_Result type="string">11</Api_Result>.<Api_Result_Mes
0100: sage type="string">...........................</Api_Result_Messa
0140: ge>.<Reskey type="string">Patient Info</Reskey>.<Base_Date type=
0180: "string">2025-11-21</Base_Date>.</physicianres>.</xmlio2>
== Info: Connection #0 to host 100.102.17.40 left intact
