== Info:   Trying 100.102.17.40:8000...
== Info: Connected to 100.102.17.40 (100.102.17.40) port 8000
== Info: Server auth using Basic with user 'ormaster'
=> Send header, 225 bytes (0xe1)
0000: POST /api/api21/medicalmodv2?class=01 HTTP/1.1
0030: Host: 100.102.17.40:8000
004a: Authorization: Basic b3JtYXN0ZXI6Y2hhbmdlX21l
0079: User-Agent: curl/8.7.1
0091: Accept: application/xml
00aa: Content-Type: application/xml
00c9: Content-Length: 2691
00df: 
=> Send data, 2691 bytes (0xa83)
0000: <?xml version="1.0" encoding="UTF-8"?>.<data>.  <medicalreq>.   
0040:  <Request_Number>01</Request_Number>.    <InOut>O</InOut>.    <P
0080: atient_ID>00000001</Patient_ID>.    <Perform_Date>2025-11-21</Pe
00c0: rform_Date>.    <Perform_Time>15:30:00</Perform_Time>.    <Medic
0100: al_Uid></Medical_Uid>.    <Medical_Push>1</Medical_Push>.    <Pa
0140: tient_Information type="record">.      <Patient_ID type="string"
0180: >00000001</Patient_ID>.      <WholeName type="string">..........
01c0: ..00000001</WholeName>.      <WholeName_inKana type="string">...
0200: ..................</WholeName_inKana>.      <BirthDate type="str
0240: ing">1980-01-01</BirthDate>.      <Sex type="string">1</Sex>.   
0280:  </Patient_Information>.    <Diagnosis_Information type="record"
02c0: >.      <Department_Code type="string">01</Department_Code>.    
0300:   <Physician_Code type="string">00001</Physician_Code>.      <He
0340: althInsurance_Information type="record">.        <InsuranceProvi
0380: der_Class type="string">006</InsuranceProvider_Class>.        <I
03c0: nsuranceProvider_Number type="string">06123456</InsuranceProvide
0400: r_Number>.        <HealthInsuredPerson_Symbol type="string">AB</
0440: HealthInsuredPerson_Symbol>.        <HealthInsuredPerson_Number 
0480: type="string">1234567</HealthInsuredPerson_Number>.        <Heal
04c0: thInsuredPerson_Branch_Number type="string">00</HealthInsuredPer
0500: son_Branch_Number>.        <RelationToInsuredPerson type="string
0540: ">1</RelationToInsuredPerson>.      </HealthInsurance_Informatio
0580: n>.      <Medical_Information type="array">.        <Medical_Inf
05c0: ormation_child type="record">.          <Medical_Class type="str
0600: ing">11</Medical_Class>.          <Medical_Class_Name type="stri
0640: ng">...............</Medical_Class_Name>.          <Medical_Clas
0680: s_Number type="string">1</Medical_Class_Number>.          <Medic
06c0: ation_info type="array">.            <Medication_info_child type
0700: ="record">.              <Medication_Code type="string">11000001
0740: 0</Medication_Code>.              <Medication_Name type="string"
0780: >.........</Medication_Name>.              <Medication_Number ty
07c0: pe="string">1</Medication_Number>.            </Medication_info_
0800: child>.          </Medication_info>.        </Medical_Informatio
0840: n_child>.      </Medical_Information>.      <Disease_Information
0880:  type="array">.        <Disease_Information_child type="record">
08c0: .          <Disease_Code type="string">8841239</Disease_Code>.  
0900:         <Disease_Name type="string">......</Disease_Name>.      
0940:     <Disease_Category type="string">1</Disease_Category>.       
0980:    <Disease_SuspectedFlag type="string">0</Disease_SuspectedFlag
09c0: >.          <Disease_StartDate type="string">2025-11-15</Disease
0a00: _StartDate>.        </Disease_Information_child>.      </Disease
0a40: _Information>.    </Diagnosis_Information>.  </medicalreq>.</dat
0a80: a>.
== Info: upload completely sent off: 2691 bytes
<= Recv header, 17 bytes (0x11)
0000: HTTP/1.1 200 OK
<= Recv header, 46 bytes (0x2e)
0000: Content-Type: application/xml; charset=UTF-8
<= Recv header, 22 bytes (0x16)
0000: X-Hybridmode: normal
<= Recv header, 37 bytes (0x25)
0000: Date: Fri, 21 Nov 2025 14:05:51 GMT
<= Recv header, 21 bytes (0x15)
0000: Content-Length: 784
<= Recv header, 2 bytes (0x2)
0000: 
<= Recv data, 784 bytes (0x310)
0000: <?xml version="1.0" encoding="UTF-8"?>.<xmlio2>.<medicalres type
0040: ="record">.<Information_Date type="string">2025-11-21</Informati
0080: on_Date>.<Information_Time type="string">23:05:51</Information_T
00c0: ime>.<Api_Result type="string">10</Api_Result>.<Api_Result_Messa
0100: ge type="string">...............................................
0140: .......</Api_Result_Message>.<Request_Number type="string">01</R
0180: equest_Number>.<Reskey type="string">Medical Info</Reskey>.<Perf
01c0: orm_Date type="string">2025-11-21</Perform_Date>.<Perform_Time t
0200: ype="string">15:30:00</Perform_Time>.<Department_Code type="stri
0240: ng">01</Department_Code>.<Physician_Code type="string">00001</Ph
0280: ysician_Code>.<Patient_Information type="record">.<Patient_ID ty
02c0: pe="string">00000001</Patient_ID>.</Patient_Information>.</medic
0300: alres>.</xmlio2>
== Info: Connection #0 to host 100.102.17.40 left intact
