[INFO] Scanning for projects...
[INFO] ------------------------------------------------------------------------
[INFO] Reactor Build Order:
[INFO] 
[INFO] OpenDolphin                                                        [pom]
[INFO] opendolphin-common                                                 [jar]
[INFO] opendolphin-reporting                                              [jar]
[INFO] opendolphin-server                                                 [war]
[INFO] 
[INFO] ----------------------< opendolphin:opendolphin >-----------------------
[INFO] Building OpenDolphin 2.7.1                                         [1/4]
[INFO]   from pom.server-classic.xml
[INFO] --------------------------------[ pom ]---------------------------------
[INFO] 
[INFO] -------------------< opendolphin:opendolphin-common >-------------------
[INFO] Building opendolphin-common 2.7.1                                  [2/4]
[INFO]   from common/pom.xml
[INFO] --------------------------------[ jar ]---------------------------------
[INFO] 
[INFO] --- resources:3.3.1:resources (default-resources) @ opendolphin-common ---
[INFO] Copying 1 resource from src/main/resources to target/classes
[INFO] 
[INFO] --- compiler:3.11.0:compile (default-compile) @ opendolphin-common ---
[INFO] Nothing to compile - all classes are up to date
[INFO] 
[INFO] --- resources:3.3.1:testResources (default-testResources) @ opendolphin-common ---
[INFO] Not copying test resources
[INFO] 
[INFO] --- compiler:3.11.0:testCompile (default-testCompile) @ opendolphin-common ---
[INFO] Not compiling test sources
[INFO] 
[INFO] --- surefire:3.2.5:test (default-test) @ opendolphin-common ---
[INFO] Tests are skipped.
[INFO] 
[INFO] --- resources:3.3.1:copy-resources (legacy-persistence) @ opendolphin-common ---
[INFO] Copying 1 resource from src/main/resources-legacy to target/classes
[INFO] 
[INFO] --- jar:3.3.0:jar (default-jar) @ opendolphin-common ---
[INFO] Building jar: /Users/Hayato/Documents/GitHub/OpenDolphin_WebClient/common/target/opendolphin-common-2.7.1.jar
[INFO] 
[INFO] --- jar:3.3.0:jar (jakarta-no-persistence) @ opendolphin-common ---
[INFO] Building jar: /Users/Hayato/Documents/GitHub/OpenDolphin_WebClient/common/target/opendolphin-common-2.7.1-jakarta.jar
[INFO] 
[INFO] --- build-helper:3.5.0:attach-artifact (attach-jakarta-jar) @ opendolphin-common ---
[WARNING] artifact opendolphin:opendolphin-common:jar:jakarta:2.7.1 already attached, replace previous instance
[INFO] 
[INFO] --- shade:3.5.3:shade (legacy-relocations) @ opendolphin-common ---
[INFO] Including commons-codec:commons-codec:jar:1.17.1 in the shaded jar.
[WARNING] commons-codec-1.17.1.jar, opendolphin-common-2.7.1.jar define 1 overlapping resource: 
[WARNING]   - META-INF/MANIFEST.MF
[WARNING] maven-shade-plugin has detected that some files are
[WARNING] present in two or more JARs. When this happens, only one
[WARNING] single version of the file is copied to the uber jar.
[WARNING] Usually this is not harmful and you can skip these warnings,
[WARNING] otherwise try to manually exclude artifacts based on
[WARNING] mvn dependency:tree -Ddetail=true and the above output.
[WARNING] See https://maven.apache.org/plugins/maven-shade-plugin/
[INFO] Attaching shaded artifact.
[INFO] 
[INFO] -----------------< opendolphin:opendolphin-reporting >------------------
[INFO] Building opendolphin-reporting 2.7.1                               [3/4]
[INFO]   from reporting/pom.xml
[INFO] --------------------------------[ jar ]---------------------------------
[INFO] 
[INFO] --- resources:3.3.1:resources (default-resources) @ opendolphin-reporting ---
[INFO] skip non existing resourceDirectory /Users/Hayato/Documents/GitHub/OpenDolphin_WebClient/reporting/src/main/resources
[INFO] Copying 7 resources from ../server-modernized/reporting/templates to target/classes/reporting/templates
[INFO] Copying 1 resource from ../server-modernized/reporting/glossary to target/classes/reporting/glossary
[INFO] 
[INFO] --- compiler:3.11.0:compile (default-compile) @ opendolphin-reporting ---
[INFO] Nothing to compile - all classes are up to date
[INFO] 
[INFO] --- resources:3.3.1:testResources (default-testResources) @ opendolphin-reporting ---
[INFO] Not copying test resources
[INFO] 
[INFO] --- compiler:3.11.0:testCompile (default-testCompile) @ opendolphin-reporting ---
[INFO] Not compiling test sources
[INFO] 
[INFO] --- surefire:3.2.5:test (default-test) @ opendolphin-reporting ---
[INFO] Tests are skipped.
[INFO] 
[INFO] --- jar:3.4.1:jar (default-jar) @ opendolphin-reporting ---
[INFO] 
[INFO] -------------------< opendolphin:opendolphin-server >-------------------
[INFO] Building opendolphin-server 2.7.1                                  [4/4]
[INFO]   from server/pom.xml
[INFO] --------------------------------[ war ]---------------------------------
[WARNING] The artifact jdom:jdom:jar:1.1 has been relocated to org.jdom:jdom:jar:1.1
[INFO] 
[INFO] --- resources:3.3.1:resources (default-resources) @ opendolphin-server ---
[INFO] skip non existing resourceDirectory /Users/Hayato/Documents/GitHub/OpenDolphin_WebClient/server/src/main/resources
[INFO] 
[INFO] --- compiler:3.11.0:compile (default-compile) @ opendolphin-server ---
[INFO] Changes detected - recompiling the module! :dependency
[INFO] Compiling 239 source files with javac [debug deprecation release 8] to target/classes
[WARNING] ソース値8は廃止されていて、今後のリリースで削除される予定です
[WARNING] ターゲット値8は廃止されていて、今後のリリースで削除される予定です
[WARNING] 廃止されたオプションについての警告を表示しないようにするには、-Xlint:オプションを使用します。
[WARNING] /Users/Hayato/Documents/GitHub/OpenDolphin_WebClient/server/src/main/java/open/dolphin/adm10/session/ADM10_EHTServiceBean.java:[91,61] 無検査キャスト
  期待値: java.util.List<open.dolphin.infomodel.PatientMemoModel>
  検出値:    java.util.List
[WARNING] /Users/Hayato/Documents/GitHub/OpenDolphin_WebClient/server/src/main/java/open/dolphin/adm10/session/ADM10_EHTServiceBean.java:[102,65] 無検査キャスト
  期待値: java.util.List<open.dolphin.infomodel.PatientMemoModel>
  検出値:    java.util.List
[WARNING] /Users/Hayato/Documents/GitHub/OpenDolphin_WebClient/server/src/main/java/open/dolphin/adm10/session/ADM10_EHTServiceBean.java:[139,45] 無検査キャスト
  期待値: java.util.List<open.dolphin.infomodel.ObservationModel>
  検出値:    java.util.List
[WARNING] /Users/Hayato/Documents/GitHub/OpenDolphin_WebClient/server/src/main/java/open/dolphin/adm10/session/ADM10_EHTServiceBean.java:[185,39] 無検査変換
  期待値: java.util.List<open.dolphin.infomodel.RegisteredDiagnosisModel>
  検出値:    java.util.List
[WARNING] /Users/Hayato/Documents/GitHub/OpenDolphin_WebClient/server/src/main/java/open/dolphin/adm10/session/ADM10_EHTServiceBean.java:[192,39] 無検査変換
  期待値: java.util.List<open.dolphin.infomodel.RegisteredDiagnosisModel>
  検出値:    java.util.List
[WARNING] /Users/Hayato/Documents/GitHub/OpenDolphin_WebClient/server/src/main/java/open/dolphin/adm10/session/ADM10_EHTServiceBean.java:[199,39] 無検査変換
  期待値: java.util.List<open.dolphin.infomodel.RegisteredDiagnosisModel>
  検出値:    java.util.List
[WARNING] /Users/Hayato/Documents/GitHub/OpenDolphin_WebClient/server/src/main/java/open/dolphin/adm10/session/ADM10_EHTServiceBean.java:[251,33] 無検査変換
  期待値: java.util.List<open.dolphin.infomodel.ModuleModel>
  検出値:    java.util.List
[WARNING] /Users/Hayato/Documents/GitHub/OpenDolphin_WebClient/server/src/main/java/open/dolphin/adm10/session/ADM10_EHTServiceBean.java:[259,33] 無検査変換
  期待値: java.util.List<open.dolphin.infomodel.SchemaModel>
  検出値:    java.util.List
[WARNING] /Users/Hayato/Documents/GitHub/OpenDolphin_WebClient/server/src/main/java/open/dolphin/adm10/session/ADM10_EHTServiceBean.java:[266,30] 無検査メソッド呼出し: クラス open.dolphin.infomodel.DocumentModelのメソッド setAttachmentは指定された型に適用されます
  期待値: java.util.List<open.dolphin.infomodel.AttachmentModel>
  検出値:    java.util.List
[WARNING] /Users/Hayato/Documents/GitHub/OpenDolphin_WebClient/server/src/main/java/open/dolphin/adm10/session/ADM10_EHTServiceBean.java:[266,31] 無検査変換
  期待値: java.util.List<open.dolphin.infomodel.AttachmentModel>
  検出値:    java.util.List
[WARNING] /Users/Hayato/Documents/GitHub/OpenDolphin_WebClient/server/src/main/java/open/dolphin/adm10/session/ADM10_EHTServiceBean.java:[375,35] 無検査変換
  期待値: java.util.List<open.dolphin.infomodel.ModuleModel>
  検出値:    java.util.List
[WARNING] /Users/Hayato/Documents/GitHub/OpenDolphin_WebClient/server/src/main/java/open/dolphin/adm10/session/ADM10_EHTServiceBean.java:[383,35] 無検査変換
  期待値: java.util.List<open.dolphin.infomodel.ModuleModel>
  検出値:    java.util.List
[WARNING] /Users/Hayato/Documents/GitHub/OpenDolphin_WebClient/server/src/main/java/open/dolphin/adm10/session/ADM10_EHTServiceBean.java:[408,39] 無検査変換
  期待値: java.util.List<open.dolphin.infomodel.ModuleModel>
  検出値:    java.util.List
[WARNING] /Users/Hayato/Documents/GitHub/OpenDolphin_WebClient/server/src/main/java/open/dolphin/adm10/session/ADM10_EHTServiceBean.java:[417,39] 無検査変換
  期待値: java.util.List<open.dolphin.infomodel.ModuleModel>
  検出値:    java.util.List
[WARNING] /Users/Hayato/Documents/GitHub/OpenDolphin_WebClient/server/src/main/java/open/dolphin/adm10/session/ADM10_EHTServiceBean.java:[437,41] 無検査キャスト
  期待値: java.util.List<open.dolphin.infomodel.NLaboModule>
  検出値:    java.util.List
[WARNING] /Users/Hayato/Documents/GitHub/OpenDolphin_WebClient/server/src/main/java/open/dolphin/adm10/session/ADM10_EHTServiceBean.java:[444,45] 無検査キャスト
  期待値: java.util.List<open.dolphin.infomodel.NLaboItem>
  検出値:    java.util.List
[WARNING] /Users/Hayato/Documents/GitHub/OpenDolphin_WebClient/server/src/main/java/open/dolphin/adm10/session/ADM10_EHTServiceBean.java:[464,41] 無検査キャスト
  期待値: java.util.List<open.dolphin.infomodel.NLaboItem>
  検出値:    java.util.List
[WARNING] /Users/Hayato/Documents/GitHub/OpenDolphin_WebClient/server/src/main/java/open/dolphin/adm10/session/ADM10_EHTServiceBean.java:[478,33] 無検査キャスト
  期待値: java.util.List<open.dolphin.infomodel.StampTreeModel>
  検出値:    java.util.List
[WARNING] /Users/Hayato/Documents/GitHub/OpenDolphin_WebClient/server/src/main/java/open/dolphin/adm10/session/ADM10_EHTServiceBean.java:[530,31] 無検査変換
  期待値: java.util.List<open.dolphin.infomodel.HealthInsuranceModel>
  検出値:    java.util.List
[WARNING] /Users/Hayato/Documents/GitHub/OpenDolphin_WebClient/server/src/main/java/open/dolphin/touch/converter/IVisitPackage.java:[62,48] 無検査変換
  期待値: java.util.List<open.dolphin.converter.AllergyModelConverter>
  検出値:    java.util.ArrayList
[WARNING] /Users/Hayato/Documents/GitHub/OpenDolphin_WebClient/server/src/main/java/open/dolphin/touch/converter/IVisitPackage.java:[86,46] 無検査変換
  期待値: java.util.List<open.dolphin.touch.converter.IRegisteredDiagnosis>
  検出値:    java.util.ArrayList
[WARNING] /Users/Hayato/Documents/GitHub/OpenDolphin_WebClient/server/src/main/java/open/dolphin/touch/converter/IDocument.java:[234,40] 無検査変換
  期待値: java.util.List<open.dolphin.touch.converter.IBundleModule>
  検出値:    java.util.ArrayList
[WARNING] /Users/Hayato/Documents/GitHub/OpenDolphin_WebClient/server/src/main/java/open/dolphin/touch/converter/IDocument.java:[279,39] 無検査変換
  期待値: java.util.List<open.dolphin.touch.converter.ISchemaModel>
  検出値:    java.util.ArrayList
[WARNING] /Users/Hayato/Documents/GitHub/OpenDolphin_WebClient/server/src/main/java/open/dolphin/touch/converter/IDocument.java:[293,43] 無検査変換
  期待値: java.util.List<open.dolphin.touch.converter.IAttachmentModel>
  検出値:    java.util.ArrayList
[WARNING] /Users/Hayato/Documents/GitHub/OpenDolphin_WebClient/server/src/main/java/open/dolphin/touch/converter/IClaimBundle.java:[180,37] 無検査変換
  期待値: java.util.List<open.dolphin.touch.converter.IClaimItem>
  検出値:    java.util.ArrayList
[WARNING] /Users/Hayato/Documents/GitHub/OpenDolphin_WebClient/server/src/main/java/open/dolphin/touch/converter/IClaimBundle.java:[220,36] 無検査変換
  期待値: java.util.List<open.dolphin.infomodel.ClaimItem>
  検出値:    java.util.ArrayList
[WARNING] /Users/Hayato/Documents/GitHub/OpenDolphin_WebClient/server/src/main/java/open/dolphin/touch/converter/IPVTHealthInsurance.java:[198,50] 無検査変換
  期待値: java.util.List<open.dolphin.touch.converter.IPVTPublicInsuranceItem>
  検出値:    java.util.ArrayList
[WARNING] /Users/Hayato/Documents/GitHub/OpenDolphin_WebClient/server/src/main/java/open/dolphin/adm10/converter/IDocument.java:[234,40] 無検査変換
  期待値: java.util.List<open.dolphin.adm10.converter.IBundleModule>
  検出値:    java.util.ArrayList
[WARNING] /Users/Hayato/Documents/GitHub/OpenDolphin_WebClient/server/src/main/java/open/dolphin/adm10/converter/IDocument.java:[279,39] 無検査変換
  期待値: java.util.List<open.dolphin.adm10.converter.ISchemaModel>
  検出値:    java.util.ArrayList
[WARNING] /Users/Hayato/Documents/GitHub/OpenDolphin_WebClient/server/src/main/java/open/dolphin/adm10/converter/IDocument.java:[293,43] 無検査変換
  期待値: java.util.List<open.dolphin.adm10.converter.IAttachmentModel>
  検出値:    java.util.ArrayList
[WARNING] /Users/Hayato/Documents/GitHub/OpenDolphin_WebClient/server/src/main/java/open/dolphin/adm10/converter/IDiagnosisSendWrapper.java:[254,51] 無検査変換
  期待値: java.util.List<open.dolphin.infomodel.RegisteredDiagnosisModel>
  検出値:    java.util.ArrayList
[WARNING] /Users/Hayato/Documents/GitHub/OpenDolphin_WebClient/server/src/main/java/open/dolphin/adm10/converter/IDiagnosisSendWrapper.java:[263,51] 無検査変換
  期待値: java.util.List<open.dolphin.infomodel.RegisteredDiagnosisModel>
  検出値:    java.util.ArrayList
[WARNING] /Users/Hayato/Documents/GitHub/OpenDolphin_WebClient/server/src/main/java/open/dolphin/adm10/converter/IClaimBundle.java:[180,37] 無検査変換
  期待値: java.util.List<open.dolphin.adm10.converter.IClaimItem>
  検出値:    java.util.ArrayList
[WARNING] /Users/Hayato/Documents/GitHub/OpenDolphin_WebClient/server/src/main/java/open/dolphin/adm10/converter/IClaimBundle.java:[220,36] 無検査変換
  期待値: java.util.List<open.dolphin.infomodel.ClaimItem>
  検出値:    java.util.ArrayList
[WARNING] /Users/Hayato/Documents/GitHub/OpenDolphin_WebClient/server/src/main/java/open/dolphin/adm10/converter/IPVTHealthInsurance.java:[198,50] 無検査変換
  期待値: java.util.List<open.dolphin.adm10.converter.IPVTPublicInsuranceItem>
  検出値:    java.util.ArrayList
[WARNING] /Users/Hayato/Documents/GitHub/OpenDolphin_WebClient/server/src/main/java/open/dolphin/adm20/rest/JsonTouchResource.java:[176,62] 無検査変換
  期待値: java.util.List<open.dolphin.infomodel.PVTPublicInsuranceItemModel>
  検出値:    java.util.ArrayList
[WARNING] /Users/Hayato/Documents/GitHub/OpenDolphin_WebClient/server/src/main/java/open/dolphin/adm20/rest/JsonTouchResource.java:[194,31] 無検査変換
  期待値: java.util.List<java.lang.Long>
  検出値:    java.util.ArrayList
[WARNING] /Users/Hayato/Documents/GitHub/OpenDolphin_WebClient/server/src/main/java/open/dolphin/adm20/rest/JsonTouchResource.java:[237,31] 無検査変換
  期待値: java.util.List<java.lang.Long>
  検出値:    java.util.ArrayList
[WARNING] /Users/Hayato/Documents/GitHub/OpenDolphin_WebClient/server/src/main/java/open/dolphin/adm20/session/ADM20_IPhoneServiceBean.java:[93,31] 無検査変換
  期待値: java.util.List<open.dolphin.infomodel.HealthInsuranceModel>
  検出値:    java.util.List
[WARNING] /Users/Hayato/Documents/GitHub/OpenDolphin_WebClient/server/src/main/java/open/dolphin/adm20/session/ADM20_IPhoneServiceBean.java:[105,58] 無検査キャスト
  期待値: java.util.List<open.dolphin.infomodel.PatientModel>
  検出値:    java.util.List
[WARNING] /Users/Hayato/Documents/GitHub/OpenDolphin_WebClient/server/src/main/java/open/dolphin/adm20/session/ADM20_IPhoneServiceBean.java:[113,58] 無検査キャスト
  期待値: java.util.List<open.dolphin.infomodel.PatientModel>
  検出値:    java.util.List
[WARNING] /Users/Hayato/Documents/GitHub/OpenDolphin_WebClient/server/src/main/java/open/dolphin/adm20/session/ADM20_IPhoneServiceBean.java:[122,58] 無検査キャスト
  期待値: java.util.List<open.dolphin.infomodel.PatientModel>
  検出値:    java.util.List
[WARNING] /Users/Hayato/Documents/GitHub/OpenDolphin_WebClient/server/src/main/java/open/dolphin/adm20/session/ADM20_IPhoneServiceBean.java:[138,58] 無検査キャスト
  期待値: java.util.List<open.dolphin.infomodel.PatientModel>
  検出値:    java.util.List
[WARNING] /Users/Hayato/Documents/GitHub/OpenDolphin_WebClient/server/src/main/java/open/dolphin/adm20/session/ADM20_IPhoneServiceBean.java:[146,58] 無検査キャスト
  期待値: java.util.List<open.dolphin.infomodel.PatientModel>
  検出値:    java.util.List
[WARNING] /Users/Hayato/Documents/GitHub/OpenDolphin_WebClient/server/src/main/java/open/dolphin/adm20/session/ADM20_IPhoneServiceBean.java:[166,33] 無検査変換
  期待値: java.util.List<open.dolphin.infomodel.ModuleModel>
  検出値:    java.util.List
[WARNING] /Users/Hayato/Documents/GitHub/OpenDolphin_WebClient/server/src/main/java/open/dolphin/adm20/session/ADM20_IPhoneServiceBean.java:[174,33] 無検査変換
  期待値: java.util.List<open.dolphin.infomodel.SchemaModel>
  検出値:    java.util.List
[WARNING] /Users/Hayato/Documents/GitHub/OpenDolphin_WebClient/server/src/main/java/open/dolphin/adm20/session/ADM20_IPhoneServiceBean.java:[181,30] 無検査メソッド呼出し: クラス open.dolphin.infomodel.DocumentModelのメソッド setAttachmentは指定された型に適用されます
  期待値: java.util.List<open.dolphin.infomodel.AttachmentModel>
  検出値:    java.util.List
[WARNING] /Users/Hayato/Documents/GitHub/OpenDolphin_WebClient/server/src/main/java/open/dolphin/adm20/session/ADM20_IPhoneServiceBean.java:[181,31] 無検査変換
  期待値: java.util.List<open.dolphin.infomodel.AttachmentModel>
  検出値:    java.util.List
[WARNING] /Users/Hayato/Documents/GitHub/OpenDolphin_WebClient/server/src/main/java/open/dolphin/adm20/session/ADM20_IPhoneServiceBean.java:[227,70] 無検査キャスト
  期待値: java.util.List<open.dolphin.infomodel.RegisteredDiagnosisModel>
  検出値:    java.util.List
[WARNING] /Users/Hayato/Documents/GitHub/OpenDolphin_WebClient/server/src/main/java/open/dolphin/adm20/session/ADM20_IPhoneServiceBean.java:[233,42] 無検査変換
  期待値: java.util.List<open.dolphin.infomodel.AllergyModel>
  検出値:    java.util.ArrayList
[WARNING] /Users/Hayato/Documents/GitHub/OpenDolphin_WebClient/server/src/main/java/open/dolphin/adm20/session/ADM20_IPhoneServiceBean.java:[237,45] 無検査キャスト
  期待値: java.util.List<open.dolphin.infomodel.ObservationModel>
  検出値:    java.util.List
[WARNING] /Users/Hayato/Documents/GitHub/OpenDolphin_WebClient/server/src/main/java/open/dolphin/adm20/session/ADM20_IPhoneServiceBean.java:[254,61] 無検査キャスト
  期待値: java.util.List<open.dolphin.infomodel.PatientMemoModel>
  検出値:    java.util.List
[WARNING] /Users/Hayato/Documents/GitHub/OpenDolphin_WebClient/server/src/main/java/open/dolphin/adm20/session/ADM20_IPhoneServiceBean.java:[266,41] 無検査変換
  期待値: java.util.List<open.dolphin.infomodel.ModuleModel>
  検出値:    java.util.ArrayList
[WARNING] /Users/Hayato/Documents/GitHub/OpenDolphin_WebClient/server/src/main/java/open/dolphin/session/KarteServiceBean.java:[121,49] 無検査変換
  期待値: java.util.List<open.dolphin.infomodel.KarteBean>
  検出値:    java.util.List
[WARNING] /Users/Hayato/Documents/GitHub/OpenDolphin_WebClient/server/src/main/java/open/dolphin/session/KarteServiceBean.java:[131,61] 無検査キャスト
  期待値: java.util.List<open.dolphin.infomodel.ObservationModel>
  検出値:    java.util.List
[WARNING] /Users/Hayato/Documents/GitHub/OpenDolphin_WebClient/server/src/main/java/open/dolphin/session/KarteServiceBean.java:[150,61] 無検査キャスト
  期待値: java.util.List<open.dolphin.infomodel.ObservationModel>
  検出値:    java.util.List
[WARNING] /Users/Hayato/Documents/GitHub/OpenDolphin_WebClient/server/src/main/java/open/dolphin/session/KarteServiceBean.java:[168,61] 無検査キャスト
  期待値: java.util.List<open.dolphin.infomodel.ObservationModel>
  検出値:    java.util.List
[WARNING] /Users/Hayato/Documents/GitHub/OpenDolphin_WebClient/server/src/main/java/open/dolphin/session/KarteServiceBean.java:[187,62] 無検査キャスト
  期待値: java.util.List<open.dolphin.infomodel.PatientVisitModel>
  検出値:    java.util.List
[WARNING] /Users/Hayato/Documents/GitHub/OpenDolphin_WebClient/server/src/main/java/open/dolphin/session/KarteServiceBean.java:[205,58] 無検査キャスト
  期待値: java.util.List<open.dolphin.infomodel.DocumentModel>
  検出値:    java.util.List
[WARNING] /Users/Hayato/Documents/GitHub/OpenDolphin_WebClient/server/src/main/java/open/dolphin/session/KarteServiceBean.java:[220,61] 無検査キャスト
  期待値: java.util.List<open.dolphin.infomodel.PatientMemoModel>
  検出値:    java.util.List
[WARNING] /Users/Hayato/Documents/GitHub/OpenDolphin_WebClient/server/src/main/java/open/dolphin/session/KarteServiceBean.java:[259,49] 無検査変換
  期待値: java.util.List<open.dolphin.infomodel.KarteBean>
  検出値:    java.util.List
[WARNING] /Users/Hayato/Documents/GitHub/OpenDolphin_WebClient/server/src/main/java/open/dolphin/session/KarteServiceBean.java:[269,61] 無検査キャスト
  期待値: java.util.List<open.dolphin.infomodel.ObservationModel>
  検出値:    java.util.List
[WARNING] /Users/Hayato/Documents/GitHub/OpenDolphin_WebClient/server/src/main/java/open/dolphin/session/KarteServiceBean.java:[288,61] 無検査キャスト
  期待値: java.util.List<open.dolphin.infomodel.ObservationModel>
  検出値:    java.util.List
[WARNING] /Users/Hayato/Documents/GitHub/OpenDolphin_WebClient/server/src/main/java/open/dolphin/session/KarteServiceBean.java:[306,61] 無検査キャスト
  期待値: java.util.List<open.dolphin.infomodel.ObservationModel>
  検出値:    java.util.List
[WARNING] /Users/Hayato/Documents/GitHub/OpenDolphin_WebClient/server/src/main/java/open/dolphin/session/KarteServiceBean.java:[325,62] 無検査キャスト
  期待値: java.util.List<open.dolphin.infomodel.PatientVisitModel>
  検出値:    java.util.List
[WARNING] /Users/Hayato/Documents/GitHub/OpenDolphin_WebClient/server/src/main/java/open/dolphin/session/KarteServiceBean.java:[341,58] 無検査キャスト
  期待値: java.util.List<open.dolphin.infomodel.DocumentModel>
  検出値:    java.util.List
[WARNING] /Users/Hayato/Documents/GitHub/OpenDolphin_WebClient/server/src/main/java/open/dolphin/session/KarteServiceBean.java:[356,61] 無検査キャスト
  期待値: java.util.List<open.dolphin.infomodel.PatientMemoModel>
  検出値:    java.util.List
[WARNING] /Users/Hayato/Documents/GitHub/OpenDolphin_WebClient/server/src/main/java/open/dolphin/session/KarteServiceBean.java:[396,27] 無検査キャスト
  期待値: java.util.List<open.dolphin.infomodel.DocumentModel>
  検出値:    java.util.List
[WARNING] /Users/Hayato/Documents/GitHub/OpenDolphin_WebClient/server/src/main/java/open/dolphin/session/KarteServiceBean.java:[401,27] 無検査キャスト
  期待値: java.util.List<open.dolphin.infomodel.DocumentModel>
  検出値:    java.util.List
[WARNING] /Users/Hayato/Documents/GitHub/OpenDolphin_WebClient/server/src/main/java/open/dolphin/session/KarteServiceBean.java:[433,32] 無検査メソッド呼出し: クラス open.dolphin.infomodel.DocumentModelのメソッド setModulesは指定された型に適用されます
  期待値: java.util.List<open.dolphin.infomodel.ModuleModel>
  検出値:    java.util.List
[WARNING] /Users/Hayato/Documents/GitHub/OpenDolphin_WebClient/server/src/main/java/open/dolphin/session/KarteServiceBean.java:[433,33] 無検査変換
  期待値: java.util.List<open.dolphin.infomodel.ModuleModel>
  検出値:    java.util.List
[WARNING] /Users/Hayato/Documents/GitHub/OpenDolphin_WebClient/server/src/main/java/open/dolphin/session/KarteServiceBean.java:[439,31] 無検査メソッド呼出し: クラス open.dolphin.infomodel.DocumentModelのメソッド setSchemaは指定された型に適用されます
  期待値: java.util.List<open.dolphin.infomodel.SchemaModel>
  検出値:    java.util.List
[WARNING] /Users/Hayato/Documents/GitHub/OpenDolphin_WebClient/server/src/main/java/open/dolphin/session/KarteServiceBean.java:[439,32] 無検査変換
  期待値: java.util.List<open.dolphin.infomodel.SchemaModel>
  検出値:    java.util.List
[WARNING] /Users/Hayato/Documents/GitHub/OpenDolphin_WebClient/server/src/main/java/open/dolphin/session/KarteServiceBean.java:[445,35] 無検査メソッド呼出し: クラス open.dolphin.infomodel.DocumentModelのメソッド setAttachmentは指定された型に適用されます
  期待値: java.util.List<open.dolphin.infomodel.AttachmentModel>
  検出値:    java.util.List
[WARNING] /Users/Hayato/Documents/GitHub/OpenDolphin_WebClient/server/src/main/java/open/dolphin/session/KarteServiceBean.java:[445,36] 無検査変換
  期待値: java.util.List<open.dolphin.infomodel.AttachmentModel>
  検出値:    java.util.List
[WARNING] /Users/Hayato/Documents/GitHub/OpenDolphin_WebClient/server/src/main/java/open/dolphin/session/KarteServiceBean.java:[804,35] 無検査変換
  期待値: java.util.List<open.dolphin.infomodel.ModuleModel>
  検出値:    java.util.List
[WARNING] /Users/Hayato/Documents/GitHub/OpenDolphin_WebClient/server/src/main/java/open/dolphin/session/KarteServiceBean.java:[858,47] 無検査キャスト
  期待値: java.util.List<open.dolphin.infomodel.SchemaModel>
  検出値:    java.util.List
[WARNING] /Users/Hayato/Documents/GitHub/OpenDolphin_WebClient/server/src/main/java/open/dolphin/session/KarteServiceBean.java:[886,35] 無検査キャスト
  期待値: java.util.List<open.dolphin.infomodel.RegisteredDiagnosisModel>
  検出値:    java.util.List
[WARNING] /Users/Hayato/Documents/GitHub/OpenDolphin_WebClient/server/src/main/java/open/dolphin/session/KarteServiceBean.java:[892,35] 無検査キャスト
  期待値: java.util.List<open.dolphin.infomodel.RegisteredDiagnosisModel>
  検出値:    java.util.List
[WARNING] /Users/Hayato/Documents/GitHub/OpenDolphin_WebClient/server/src/main/java/open/dolphin/session/KarteServiceBean.java:[1109,16] 無検査変換
  期待値: java.util.List<open.dolphin.infomodel.ObservationModel>
  検出値:    java.util.List
[WARNING] /Users/Hayato/Documents/GitHub/OpenDolphin_WebClient/server/src/main/java/open/dolphin/session/KarteServiceBean.java:[1185,69] 無検査キャスト
  期待値: java.util.List<open.dolphin.infomodel.PatientMemoModel>
  検出値:    java.util.List
[WARNING] /Users/Hayato/Documents/GitHub/OpenDolphin_WebClient/server/src/main/java/open/dolphin/session/KarteServiceBean.java:[1209,55] 無検査変換
  期待値: java.util.List<open.dolphin.infomodel.PatientFreeDocumentModel>
  検出値:    java.util.List
[WARNING] /Users/Hayato/Documents/GitHub/OpenDolphin_WebClient/server/src/main/java/open/dolphin/session/KarteServiceBean.java:[1264,39] 無検査キャスト
  期待値: java.util.List<open.dolphin.infomodel.LetterModel>
  検出値:    java.util.List
[WARNING] /Users/Hayato/Documents/GitHub/OpenDolphin_WebClient/server/src/main/java/open/dolphin/session/KarteServiceBean.java:[1272,39] 無検査キャスト
  期待値: java.util.List<open.dolphin.infomodel.LetterModel>
  検出値:    java.util.List
[WARNING] /Users/Hayato/Documents/GitHub/OpenDolphin_WebClient/server/src/main/java/open/dolphin/session/KarteServiceBean.java:[1321,35] 無検査変換
  期待値: java.util.List<open.dolphin.infomodel.AppointmentModel>
  検出値:    java.util.List
[WARNING] /Users/Hayato/Documents/GitHub/OpenDolphin_WebClient/server/src/main/java/open/dolphin/session/KarteServiceBean.java:[1378,49] 無検査変換
  期待値: java.util.List<open.dolphin.infomodel.KarteBean>
  検出値:    java.util.List
[WARNING] /Users/Hayato/Documents/GitHub/OpenDolphin_WebClient/server/src/main/java/open/dolphin/session/KarteServiceBean.java:[1383,31] 無検査キャスト
  期待値: java.util.List<open.dolphin.infomodel.DocumentModel>
  検出値:    java.util.List
[WARNING] /Users/Hayato/Documents/GitHub/OpenDolphin_WebClient/server/src/main/java/open/dolphin/session/KarteServiceBean.java:[1400,37] 無検査メソッド呼出し: クラス open.dolphin.infomodel.DocumentModelのメソッド setModulesは指定された型に適用されます
  期待値: java.util.List<open.dolphin.infomodel.ModuleModel>
  検出値:    java.util.List
[WARNING] /Users/Hayato/Documents/GitHub/OpenDolphin_WebClient/server/src/main/java/open/dolphin/session/KarteServiceBean.java:[1400,38] 無検査変換
  期待値: java.util.List<open.dolphin.infomodel.ModuleModel>
  検出値:    java.util.List
[WARNING] /Users/Hayato/Documents/GitHub/OpenDolphin_WebClient/server/src/main/java/open/dolphin/session/KarteServiceBean.java:[1410,36] 無検査メソッド呼出し: クラス open.dolphin.infomodel.DocumentModelのメソッド setSchemaは指定された型に適用されます
  期待値: java.util.List<open.dolphin.infomodel.SchemaModel>
  検出値:    java.util.List
[WARNING] /Users/Hayato/Documents/GitHub/OpenDolphin_WebClient/server/src/main/java/open/dolphin/session/KarteServiceBean.java:[1410,37] 無検査変換
  期待値: java.util.List<open.dolphin.infomodel.SchemaModel>
  検出値:    java.util.List
[WARNING] /Users/Hayato/Documents/GitHub/OpenDolphin_WebClient/server/src/main/java/open/dolphin/session/KarteServiceBean.java:[1420,40] 無検査メソッド呼出し: クラス open.dolphin.infomodel.DocumentModelのメソッド setAttachmentは指定された型に適用されます
  期待値: java.util.List<open.dolphin.infomodel.AttachmentModel>
  検出値:    java.util.List
[WARNING] /Users/Hayato/Documents/GitHub/OpenDolphin_WebClient/server/src/main/java/open/dolphin/session/KarteServiceBean.java:[1420,41] 無検査変換
  期待値: java.util.List<open.dolphin.infomodel.AttachmentModel>
  検出値:    java.util.List
[WARNING] /Users/Hayato/Documents/GitHub/OpenDolphin_WebClient/server/src/main/java/open/dolphin/session/ChartEventServiceBean.java:[391,31] 無検査変換
  期待値: java.util.List<open.dolphin.infomodel.RegisteredDiagnosisModel>
  検出値:    java.util.List
[WARNING] /Users/Hayato/Documents/GitHub/OpenDolphin_WebClient/server/src/main/java/open/dolphin/session/ChartEventServiceBean.java:[439,91] 無検査キャスト
  期待値: java.util.List<open.dolphin.infomodel.PatientVisitModel>
  検出値:    java.lang.Object
[WARNING] /Users/Hayato/Documents/GitHub/OpenDolphin_WebClient/server/src/main/java/open/dolphin/session/ChartEventServiceBean.java:[459,91] 無検査キャスト
  期待値: java.util.List<open.dolphin.infomodel.PatientVisitModel>
  検出値:    java.lang.Object
[WARNING] /Users/Hayato/Documents/GitHub/OpenDolphin_WebClient/server/src/main/java/open/dolphin/adm20/converter/IPatientList.java:[25,35] 無検査変換
  期待値: java.util.List<open.dolphin.adm20.converter.IPatientModel>
  検出値:    java.util.ArrayList
[INFO] /Users/Hayato/Documents/GitHub/OpenDolphin_WebClient/server/src/main/java/open/dolphin/adm20/converter/IVisitPackage.java: 入力ファイルの操作のうち、未チェックまたは安全ではないものがさらにあります。
[INFO] 
[INFO] --- resources:3.3.1:testResources (default-testResources) @ opendolphin-server ---
[INFO] Not copying test resources
[INFO] 
[INFO] --- compiler:3.11.0:testCompile (default-testCompile) @ opendolphin-server ---
[INFO] Not compiling test sources
[INFO] 
[INFO] --- surefire:3.2.5:test (default-test) @ opendolphin-server ---
[INFO] Tests are skipped.
[INFO] 
[INFO] --- war:3.4.0:war (default-war) @ opendolphin-server ---
[INFO] Packaging webapp
[INFO] Assembling webapp [opendolphin-server] in [/Users/Hayato/Documents/GitHub/OpenDolphin_WebClient/server/target/opendolphin-server-2.7.1]
[INFO] Processing war project
[INFO] Copying webapp resources [/Users/Hayato/Documents/GitHub/OpenDolphin_WebClient/server/src/main/webapp]
[INFO] deleting outdated resource WEB-INF/lib/opendolphin-common-2.7.1.jar
[INFO] Building war: /Users/Hayato/Documents/GitHub/OpenDolphin_WebClient/server/target/opendolphin-server-2.7.1.war
[INFO] ------------------------------------------------------------------------
[INFO] Reactor Summary for OpenDolphin 2.7.1:
[INFO] 
[INFO] OpenDolphin ........................................ SUCCESS [  0.001 s]
[INFO] opendolphin-common ................................. SUCCESS [  0.829 s]
[INFO] opendolphin-reporting .............................. SUCCESS [  0.109 s]
[INFO] opendolphin-server ................................. SUCCESS [  3.031 s]
[INFO] ------------------------------------------------------------------------
[INFO] BUILD SUCCESS
[INFO] ------------------------------------------------------------------------
[INFO] Total time:  4.022 s
[INFO] Finished at: 2025-11-13T08:25:28+09:00
[INFO] ------------------------------------------------------------------------
