== Info: Host localhost:9080 was resolved.
== Info: IPv6: ::1
== Info: IPv4: 127.0.0.1
== Info:   Trying [::1]:9080...
== Info: Connected to localhost (::1) port 9080
=> Send header, 329 bytes (0x149)
0000: POST /openDolphin/resources/api01rv2/acceptlstv2?class=01 HTTP/1
0040: .1
0044: Host: localhost:9080
005a: User-Agent: curl/8.7.1
0072: Accept: */*
007f: Content-Type: application/xml
009e: userName: 1.3.6.1.4.1.9414.10.1:dolphindev
00ca: password: 1cc2f4c06fd32d0a6e2fa33f6e1c9164
00f6: clientUUID: devclient
010d: X-Facility-Id: 1.3.6.1.4.1.9414.10.1
0133: Content-Length: 28
0147: 
=> Send data, 28 bytes (0x1c)
0000: <data><acceptlstreq/></data>
== Info: upload completely sent off: 28 bytes
<= Recv header, 24 bytes (0x18)
0000: HTTP/1.1 404 Not Found
<= Recv header, 24 bytes (0x18)
0000: Connection: keep-alive
<= Recv header, 64 bytes (0x40)
0000: Strict-Transport-Security: max-age=63072000; includeSubDomains
<= Recv header, 33 bytes (0x21)
0000: X-Content-Type-Options: nosniff
<= Recv header, 30 bytes (0x1e)
0000: Referrer-Policy: no-referrer
<= Recv header, 19 bytes (0x13)
0000: Content-Length: 0
<= Recv header, 45 bytes (0x2d)
0000: Content-Security-Policy: default-src 'self'
<= Recv header, 50 bytes (0x32)
0000: X-Trace-Id: 619b6f5d-f176-40d0-80ef-0c89f03243a6
<= Recv header, 37 bytes (0x25)
0000: Date: Thu, 11 Dec 2025 00:14:07 GMT
<= Recv header, 2 bytes (0x2)
0000: 
== Info: Connection #0 to host localhost left intact
