== Info: Host localhost:9080 was resolved.
== Info: IPv6: ::1
== Info: IPv4: 127.0.0.1
== Info:   Trying [::1]:9080...
== Info: Connected to localhost (::1) port 9080
=> Send header, 329 bytes (0x149)
0000: POST /openDolphin/resources/api01rv2/acceptlstv2?class=01 HTTP/1
0040: .1
0044: Host: localhost:9080
005a: User-Agent: curl/8.7.1
0072: Accept: */*
007f: Content-Type: application/xml
009e: userName: 1.3.6.1.4.1.9414.10.1:dolphindev
00ca: password: 1cc2f4c06fd32d0a6e2fa33f6e1c9164
00f6: clientUUID: devclient
010d: X-Facility-Id: 1.3.6.1.4.1.9414.10.1
0133: Content-Length: 28
0147: 
=> Send data, 28 bytes (0x1c)
0000: <data><acceptlstreq/></data>
== Info: upload completely sent off: 28 bytes
<= Recv header, 17 bytes (0x11)
0000: HTTP/1.1 200 OK
<= Recv header, 30 bytes (0x1e)
0000: Referrer-Policy: no-referrer
<= Recv header, 45 bytes (0x2d)
0000: Content-Security-Policy: default-src 'self'
<= Recv header, 50 bytes (0x32)
0000: X-Trace-Id: 0f06b2e6-0b34-4214-b449-39f16f3f7692
<= Recv header, 37 bytes (0x25)
0000: Date: Thu, 11 Dec 2025 00:22:49 GMT
<= Recv header, 24 bytes (0x18)
0000: Connection: keep-alive
<= Recv header, 28 bytes (0x1c)
0000: X-Run-Id: 20251210T234513Z
<= Recv header, 64 bytes (0x40)
0000: Strict-Transport-Security: max-age=63072000; includeSubDomains
<= Recv header, 33 bytes (0x21)
0000: X-Content-Type-Options: nosniff
<= Recv header, 45 bytes (0x2d)
0000: Content-Type: application/xml;charset=UTF-8
<= Recv header, 22 bytes (0x16)
0000: Content-Length: 1204
<= Recv header, 2 bytes (0x2)
0000: 
<= Recv data, 1204 bytes (0x4b4)
0000: <?xml version="1.0" encoding="UTF-8"?>.<xmlio2>.  <acceptlstres>
0040: .    <Information_Date>2025-12-10</Information_Date>.    <Inform
0080: ation_Time>12:00:00</Information_Time>.    <Api_Result>0000</Api
00c0: _Result>.    <Api_Result_Message>............</Api_Result_Messag
0100: e>.    <Reskey>sample-acceptlstv2</Reskey>.    <Acceptlst_Inform
0140: ation>.      <Acceptance_Date>2025-12-10</Acceptance_Date>.     
0180:  <Department_Code>01</Department_Code>.      <Department_WholeNa
01c0: me>......</Department_WholeName>.      <Physician_Code>1001</Phy
0200: sician_Code>.      <Physician_WholeName>............</Physician_
0240: WholeName>.      <Medical_Information>......</Medical_Informatio
0280: n>.      <Patient_Information>.        <Patient_ID>000001</Patie
02c0: nt_ID>.        <WholeName>............</WholeName>.        <Whol
0300: eName_inKana>..................</WholeName_inKana>.        <Birt
0340: hDate>1975-04-01</BirthDate>.        <Sex>1</Sex>.      </Patien
0380: t_Information>.      <Insurance_Combination_Number>0001</Insuran
03c0: ce_Combination_Number>.      <Appointment_Date>2025-12-10</Appoi
0400: ntment_Date>.      <Appointment_Time>09:00:00</Appointment_Time>
0440: .      <Visit_Information>............</Visit_Information>.    <
0480: /Acceptlst_Information>.  </acceptlstres>.</xmlio2>.
== Info: Connection #0 to host localhost left intact
