[INFO] Scanning for projects...
[INFO] ------------------------------------------------------------------------
[INFO] Reactor Build Order:
[INFO] 
[INFO] opendolphin                                                        [pom]
[INFO] opendolphin-common                                                 [jar]
[INFO] opendolphin-reporting                                              [jar]
[INFO] opendolphin-server                                                 [war]
[INFO] 
[INFO] ----------------------< opendolphin:opendolphin >-----------------------
[INFO] Building opendolphin 2.7.1                                         [1/4]
[INFO]   from pom.server-modernized.xml
[INFO] --------------------------------[ pom ]---------------------------------
[INFO] 
[INFO] -------------------< opendolphin:opendolphin-common >-------------------
[INFO] Building opendolphin-common 2.7.1                                  [2/4]
[INFO]   from common/pom.xml
[INFO] --------------------------------[ jar ]---------------------------------
[INFO] 
[INFO] --- resources:3.3.1:resources (default-resources) @ opendolphin-common ---
[INFO] Copying 1 resource from src/main/resources to target/classes
[INFO] 
[INFO] --- compiler:3.11.0:compile (default-compile) @ opendolphin-common ---
[INFO] Nothing to compile - all classes are up to date
[INFO] 
[INFO] --- resources:3.3.1:testResources (default-testResources) @ opendolphin-common ---
[INFO] skip non existing resourceDirectory /Users/Hayato/Documents/GitHub/OpenDolphin_WebClient/common/src/test/resources
[INFO] 
[INFO] --- compiler:3.11.0:testCompile (default-testCompile) @ opendolphin-common ---
[INFO] Nothing to compile - all classes are up to date
[INFO] 
[INFO] --- surefire:3.2.5:test (default-test) @ opendolphin-common ---
[INFO] Tests are skipped.
[INFO] 
[INFO] --- jar:3.3.0:jar (default-jar) @ opendolphin-common ---
[INFO] 
[INFO] --- jar:3.3.0:jar (jakarta-no-persistence) @ opendolphin-common ---
[INFO] 
[INFO] --- build-helper:3.5.0:attach-artifact (attach-jakarta-jar) @ opendolphin-common ---
[WARNING] artifact opendolphin:opendolphin-common:jar:jakarta:2.7.1 already attached, replace previous instance
[INFO] 
[INFO] -----------------< opendolphin:opendolphin-reporting >------------------
[INFO] Building opendolphin-reporting 2.7.1                               [3/4]
[INFO]   from reporting/pom.xml
[INFO] --------------------------------[ jar ]---------------------------------
[INFO] 
[INFO] --- resources:3.3.1:resources (default-resources) @ opendolphin-reporting ---
[INFO] skip non existing resourceDirectory /Users/Hayato/Documents/GitHub/OpenDolphin_WebClient/reporting/src/main/resources
[INFO] Copying 7 resources from ../server-modernized/reporting/templates to target/classes/reporting/templates
[INFO] Copying 1 resource from ../server-modernized/reporting/glossary to target/classes/reporting/glossary
[INFO] 
[INFO] --- compiler:3.11.0:compile (default-compile) @ opendolphin-reporting ---
[INFO] Nothing to compile - all classes are up to date
[INFO] 
[INFO] --- resources:3.3.1:testResources (default-testResources) @ opendolphin-reporting ---
[INFO] skip non existing resourceDirectory /Users/Hayato/Documents/GitHub/OpenDolphin_WebClient/reporting/src/test/resources
[INFO] 
[INFO] --- compiler:3.11.0:testCompile (default-testCompile) @ opendolphin-reporting ---
[INFO] No sources to compile
[INFO] 
[INFO] --- surefire:3.2.5:test (default-test) @ opendolphin-reporting ---
[INFO] Tests are skipped.
[INFO] 
[INFO] --- jar:3.4.1:jar (default-jar) @ opendolphin-reporting ---
[INFO] 
[INFO] -------------------< opendolphin:opendolphin-server >-------------------
[INFO] Building opendolphin-server 2.7.1                                  [4/4]
[INFO]   from server-modernized/pom.xml
[INFO] --------------------------------[ war ]---------------------------------
[WARNING] The artifact jdom:jdom:jar:1.1 has been relocated to org.jdom:jdom:jar:1.1
[INFO] 
[INFO] --- resources:3.3.1:resources (default-resources) @ opendolphin-server ---
[INFO] Copying 4 resources from src/main/resources to target/classes
[INFO] Copying 7 resources from reporting/templates to target/classes/reporting/templates
[INFO] Copying 1 resource from reporting/glossary to target/classes/reporting/glossary
[INFO] 
[INFO] --- compiler:3.11.0:compile (default-compile) @ opendolphin-server ---
[INFO] Nothing to compile - all classes are up to date
[INFO] 
[INFO] --- resources:3.3.1:testResources (default-testResources) @ opendolphin-server ---
[INFO] Copying 16 resources from src/test/resources to target/test-classes
[INFO] 
[INFO] --- compiler:3.11.0:testCompile (default-testCompile) @ opendolphin-server ---
[INFO] Nothing to compile - all classes are up to date
[INFO] 
[INFO] --- surefire:3.1.2:test (default-test) @ opendolphin-server ---
[INFO] Tests are skipped.
[INFO] 
[INFO] --- dependency:3.6.1:copy (copy-jakarta-common) @ opendolphin-server ---
[INFO] Configured Artifact: opendolphin:opendolphin-common:jakarta:2.7.1:jar
[INFO] Copying opendolphin-common-2.7.1-jakarta.jar to /Users/Hayato/Documents/GitHub/OpenDolphin_WebClient/server-modernized/target/jakarta-libs/opendolphin-common-2.7.1-jakarta.jar
[INFO] 
[INFO] --- war:3.4.0:war (default-war) @ opendolphin-server ---
[INFO] Packaging webapp
[INFO] Assembling webapp [opendolphin-server] in [/Users/Hayato/Documents/GitHub/OpenDolphin_WebClient/server-modernized/target/opendolphin-server-2.7.1]
[INFO] Processing war project
[INFO] Copying webapp webResources [/Users/Hayato/Documents/GitHub/OpenDolphin_WebClient/server-modernized/target/jakarta-libs] to [/Users/Hayato/Documents/GitHub/OpenDolphin_WebClient/server-modernized/target/opendolphin-server-2.7.1]
[INFO] Copying webapp resources [/Users/Hayato/Documents/GitHub/OpenDolphin_WebClient/server-modernized/src/main/webapp]
[INFO] Building war: /Users/Hayato/Documents/GitHub/OpenDolphin_WebClient/server-modernized/target/opendolphin-server-2.7.1.war
[INFO] ------------------------------------------------------------------------
[INFO] Reactor Summary for opendolphin 2.7.1:
[INFO] 
[INFO] opendolphin ........................................ SUCCESS [  0.001 s]
[INFO] opendolphin-common ................................. SUCCESS [  0.506 s]
[INFO] opendolphin-reporting .............................. SUCCESS [  0.148 s]
[INFO] opendolphin-server ................................. SUCCESS [  1.330 s]
[INFO] ------------------------------------------------------------------------
[INFO] BUILD SUCCESS
[INFO] ------------------------------------------------------------------------
[INFO] Total time:  2.061 s
[INFO] Finished at: 2025-11-09T16:02:57+09:00
[INFO] ------------------------------------------------------------------------
