[INFO] Scanning for projects...
[INFO] ------------------------------------------------------------------------
[INFO] Reactor Build Order:
[INFO] 
[INFO] opendolphin                                                        [pom]
[INFO] opendolphin-common                                                 [jar]
[INFO] opendolphin-reporting                                              [jar]
[INFO] opendolphin-server                                                 [war]
[INFO] 
[INFO] ----------------------< opendolphin:opendolphin >-----------------------
[INFO] Building opendolphin 2.7.1                                         [1/4]
[INFO]   from pom.server-modernized.xml
[INFO] --------------------------------[ pom ]---------------------------------
[INFO] 
[INFO] --- dependency:3.7.0:tree (default-cli) @ opendolphin ---
[INFO] opendolphin:opendolphin:pom:2.7.1
[INFO] 
[INFO] -------------------< opendolphin:opendolphin-common >-------------------
[INFO] Building opendolphin-common 2.7.1                                  [2/4]
[INFO]   from common/pom.xml
[INFO] --------------------------------[ jar ]---------------------------------
[INFO] 
[INFO] --- dependency:3.7.0:tree (default-cli) @ opendolphin-common ---
[INFO] opendolphin:opendolphin-common:jar:2.7.1
[INFO] +- org.hibernate.orm:hibernate-core:jar:6.4.4.Final:provided
[INFO] |  +- jakarta.persistence:jakarta.persistence-api:jar:3.1.0:provided
[INFO] |  +- jakarta.transaction:jakarta.transaction-api:jar:2.0.1:provided
[INFO] |  +- org.jboss.logging:jboss-logging:jar:3.5.0.Final:provided
[INFO] |  +- org.hibernate.common:hibernate-commons-annotations:jar:6.0.6.Final:provided
[INFO] |  +- io.smallrye:jandex:jar:3.1.2:provided
[INFO] |  +- com.fasterxml:classmate:jar:1.5.1:provided
[INFO] |  +- net.bytebuddy:byte-buddy:jar:1.14.11:provided
[INFO] |  +- jakarta.xml.bind:jakarta.xml.bind-api:jar:4.0.0:provided
[INFO] |  +- org.glassfish.jaxb:jaxb-runtime:jar:4.0.2:provided
[INFO] |  |  \- org.glassfish.jaxb:jaxb-core:jar:4.0.2:provided
[INFO] |  |     +- org.eclipse.angus:angus-activation:jar:2.0.0:provided
[INFO] |  |     +- org.glassfish.jaxb:txw2:jar:4.0.2:provided
[INFO] |  |     \- com.sun.istack:istack-commons-runtime:jar:4.1.1:provided
[INFO] |  +- jakarta.inject:jakarta.inject-api:jar:2.0.1:provided
[INFO] |  \- org.antlr:antlr4-runtime:jar:4.13.0:provided
[INFO] +- commons-codec:commons-codec:jar:1.17.1:compile
[INFO] +- jakarta.platform:jakarta.jakartaee-api:jar:10.0.0:provided
[INFO] |  +- jakarta.platform:jakarta.jakartaee-web-api:jar:10.0.0:provided
[INFO] |  |  +- jakarta.servlet:jakarta.servlet-api:jar:6.0.0:provided
[INFO] |  |  +- jakarta.servlet.jsp:jakarta.servlet.jsp-api:jar:3.1.0:provided
[INFO] |  |  +- jakarta.el:jakarta.el-api:jar:5.0.1:provided
[INFO] |  |  +- jakarta.servlet.jsp.jstl:jakarta.servlet.jsp.jstl-api:jar:3.0.0:provided
[INFO] |  |  +- jakarta.faces:jakarta.faces-api:jar:4.0.1:provided
[INFO] |  |  +- jakarta.ws.rs:jakarta.ws.rs-api:jar:3.1.0:provided
[INFO] |  |  +- jakarta.websocket:jakarta.websocket-api:jar:2.1.0:provided
[INFO] |  |  +- jakarta.websocket:jakarta.websocket-client-api:jar:2.1.0:provided
[INFO] |  |  +- jakarta.json:jakarta.json-api:jar:2.1.0:provided
[INFO] |  |  +- jakarta.json.bind:jakarta.json.bind-api:jar:3.0.0:provided
[INFO] |  |  +- jakarta.annotation:jakarta.annotation-api:jar:2.1.1:provided
[INFO] |  |  +- jakarta.ejb:jakarta.ejb-api:jar:4.0.1:provided
[INFO] |  |  +- jakarta.validation:jakarta.validation-api:jar:3.0.2:provided
[INFO] |  |  +- jakarta.interceptor:jakarta.interceptor-api:jar:2.1.0:provided
[INFO] |  |  +- jakarta.enterprise:jakarta.enterprise.cdi-api:jar:4.0.1:provided
[INFO] |  |  +- jakarta.enterprise:jakarta.enterprise.lang-model:jar:4.0.1:provided
[INFO] |  |  +- jakarta.authentication:jakarta.authentication-api:jar:3.0.0:provided
[INFO] |  |  \- jakarta.security.enterprise:jakarta.security.enterprise-api:jar:3.0.0:provided
[INFO] |  +- jakarta.jms:jakarta.jms-api:jar:3.1.0:provided
[INFO] |  +- jakarta.activation:jakarta.activation-api:jar:2.1.0:provided
[INFO] |  +- jakarta.mail:jakarta.mail-api:jar:2.1.0:provided
[INFO] |  +- jakarta.resource:jakarta.resource-api:jar:2.1.0:provided
[INFO] |  +- jakarta.authorization:jakarta.authorization-api:jar:2.1.0:provided
[INFO] |  \- jakarta.batch:jakarta.batch-api:jar:2.1.1:provided
[INFO] \- junit:junit:jar:4.13.2:test
[INFO]    \- org.hamcrest:hamcrest-core:jar:1.3:test
[INFO] 
[INFO] -----------------< opendolphin:opendolphin-reporting >------------------
[INFO] Building opendolphin-reporting 2.7.1                               [3/4]
[INFO]   from reporting/pom.xml
[INFO] --------------------------------[ jar ]---------------------------------
[INFO] 
[INFO] --- dependency:3.7.0:tree (default-cli) @ opendolphin-reporting ---
[INFO] opendolphin:opendolphin-reporting:jar:2.7.1
[INFO] +- org.apache.velocity:velocity-engine-core:jar:2.3:compile
[INFO] |  +- org.apache.commons:commons-lang3:jar:3.11:compile
[INFO] |  \- org.slf4j:slf4j-api:jar:1.7.30:compile
[INFO] +- com.github.librepdf:openpdf:jar:1.3.41:compile
[INFO] +- org.bouncycastle:bcprov-jdk18on:jar:1.82:compile
[INFO] +- org.bouncycastle:bcpkix-jdk18on:jar:1.82:compile
[INFO] |  \- org.bouncycastle:bcutil-jdk18on:jar:1.82:compile
[INFO] \- com.fasterxml.jackson.core:jackson-databind:jar:2.17.1:compile
[INFO]    +- com.fasterxml.jackson.core:jackson-annotations:jar:2.17.1:compile
[INFO]    \- com.fasterxml.jackson.core:jackson-core:jar:2.17.1:compile
[INFO] 
[INFO] -------------------< opendolphin:opendolphin-server >-------------------
[INFO] Building opendolphin-server 2.7.1                                  [4/4]
[INFO]   from server-modernized/pom.xml
[INFO] --------------------------------[ war ]---------------------------------
[WARNING] The artifact jdom:jdom:jar:1.1 has been relocated to org.jdom:jdom:jar:1.1
[INFO] 
[INFO] --- dependency:3.6.1:tree (default-cli) @ opendolphin-server ---
[WARNING] The artifact jdom:jdom:jar:1.1 has been relocated to org.jdom:jdom:jar:1.1
[INFO] opendolphin:opendolphin-server:war:2.7.1
[INFO] +- opendolphin:opendolphin-reporting:jar:2.7.1:compile
[INFO] +- opendolphin:opendolphin-common:jar:jakarta:2.7.1:compile
[INFO] |  \- commons-codec:commons-codec:jar:1.15:compile
[INFO] +- jakarta.platform:jakarta.jakartaee-api:jar:10.0.0:provided
[INFO] |  +- jakarta.platform:jakarta.jakartaee-web-api:jar:10.0.0:provided
[INFO] |  |  +- jakarta.servlet:jakarta.servlet-api:jar:6.0.0:provided
[INFO] |  |  +- jakarta.servlet.jsp:jakarta.servlet.jsp-api:jar:3.1.1:provided
[INFO] |  |  +- jakarta.el:jakarta.el-api:jar:5.0.1:provided
[INFO] |  |  +- jakarta.servlet.jsp.jstl:jakarta.servlet.jsp.jstl-api:jar:3.0.0:provided
[INFO] |  |  +- jakarta.faces:jakarta.faces-api:jar:4.0.1:provided
[INFO] |  |  +- jakarta.json.bind:jakarta.json.bind-api:jar:3.0.1:provided
[INFO] |  |  +- jakarta.ejb:jakarta.ejb-api:jar:4.0.1:provided
[INFO] |  |  +- jakarta.transaction:jakarta.transaction-api:jar:2.0.1:provided
[INFO] |  |  +- jakarta.persistence:jakarta.persistence-api:jar:3.1.0:provided
[INFO] |  |  +- jakarta.validation:jakarta.validation-api:jar:3.0.2:provided
[INFO] |  |  +- jakarta.interceptor:jakarta.interceptor-api:jar:2.1.0:provided
[INFO] |  |  +- jakarta.enterprise:jakarta.enterprise.cdi-api:jar:4.0.1:provided
[INFO] |  |  +- jakarta.enterprise:jakarta.enterprise.lang-model:jar:4.0.1:provided
[INFO] |  |  +- jakarta.authentication:jakarta.authentication-api:jar:3.0.0:provided
[INFO] |  |  \- jakarta.security.enterprise:jakarta.security.enterprise-api:jar:3.0.0:provided
[INFO] |  +- jakarta.activation:jakarta.activation-api:jar:2.1.3:runtime
[INFO] |  +- jakarta.resource:jakarta.resource-api:jar:2.1.0:provided
[INFO] |  +- jakarta.authorization:jakarta.authorization-api:jar:2.1.0:provided
[INFO] |  \- jakarta.batch:jakarta.batch-api:jar:2.1.1:provided
[INFO] +- org.apache.velocity:velocity-engine-core:jar:2.3:compile
[INFO] |  \- org.apache.commons:commons-lang3:jar:3.14.0:compile
[INFO] +- org.jdom:jdom:jar:1.1:compile
[INFO] +- com.fasterxml.jackson.core:jackson-databind:jar:2.17.1:compile
[INFO] +- com.fasterxml.jackson.core:jackson-core:jar:2.17.1:compile
[INFO] +- com.fasterxml.jackson.core:jackson-annotations:jar:2.17.1:compile
[INFO] +- com.fasterxml.jackson.datatype:jackson-datatype-jdk8:jar:2.17.1:compile
[INFO] +- com.fasterxml.jackson.datatype:jackson-datatype-jsr310:jar:2.17.1:compile
[INFO] +- com.googlecode.jsontoken:jsontoken:jar:1.1:compile
[INFO] |  +- com.google.code.gson:gson:jar:2.8.9:compile
[INFO] |  +- com.google.collections:google-collections:jar:1.0:compile
[INFO] |  +- joda-time:joda-time:jar:1.6:compile
[INFO] |  +- javax.servlet:servlet-api:jar:2.5:compile
[INFO] |  \- org.apache.httpcomponents:httpcore:jar:4.4.16:compile
[INFO] +- com.github.librepdf:openpdf:jar:1.3.41:compile
[INFO] +- org.postgresql:postgresql:jar:42.7.3:compile
[INFO] |  \- org.checkerframework:checker-qual:jar:3.42.0:runtime
[INFO] +- com.plivo:plivo-java:jar:5.46.0:compile
[INFO] |  +- com.squareup.retrofit2:converter-jackson:jar:2.2.0:runtime
[INFO] |  +- com.squareup.retrofit2:retrofit:jar:2.2.0:runtime
[INFO] |  +- jakarta.xml.bind:jakarta.xml.bind-api:jar:4.0.2:runtime
[INFO] |  +- org.glassfish.jaxb:jaxb-runtime:jar:4.0.4:runtime
[INFO] |  |  \- org.glassfish.jaxb:jaxb-core:jar:4.0.4:runtime
[INFO] |  |     +- org.eclipse.angus:angus-activation:jar:2.0.2:runtime
[INFO] |  |     +- org.glassfish.jaxb:txw2:jar:4.0.4:runtime
[INFO] |  |     \- com.sun.istack:istack-commons-runtime:jar:4.1.2:runtime
[INFO] |  \- com.auth0:java-jwt:jar:3.10.2:runtime
[INFO] +- com.squareup.okhttp3:okhttp:jar:5.2.1:compile
[INFO] |  +- org.jetbrains.kotlin:kotlin-stdlib:jar:2.2.20:compile
[INFO] |  |  \- org.jetbrains:annotations:jar:13.0:compile
[INFO] |  \- com.squareup.okio:okio:jar:3.16.1:runtime
[INFO] |     \- com.squareup.okio:okio-jvm:jar:3.16.1:compile
[INFO] +- com.squareup.okhttp3:logging-interceptor:jar:5.2.1:compile
[INFO] |  \- com.squareup.okhttp3:okhttp-jvm:jar:5.2.1:compile
[INFO] +- com.yubico:webauthn-server-core:jar:2.6.0:compile
[INFO] |  +- com.yubico:yubico-util:jar:2.6.0:runtime
[INFO] |  |  \- com.fasterxml.jackson.dataformat:jackson-dataformat-cbor:jar:2.20.1:runtime
[INFO] |  +- com.google.guava:guava:jar:32.1.2-jre:runtime
[INFO] |  |  \- com.google.guava:failureaccess:jar:1.0.1:runtime
[INFO] |  +- com.upokecenter:cbor:jar:5.0.0-alpha2:runtime
[INFO] |  |  +- com.github.peteroupc:numbers:jar:1.8.2:runtime
[INFO] |  |  \- com.github.peteroupc:datautilities:jar:1.1.0:runtime
[INFO] |  \- org.apache.httpcomponents.client5:httpclient5:jar:5.6-alpha1:runtime
[INFO] |     +- org.apache.httpcomponents.core5:httpcore5:jar:5.4-alpha1:runtime
[INFO] |     \- org.apache.httpcomponents.core5:httpcore5-h2:jar:5.4-alpha1:runtime
[INFO] +- com.yubico:webauthn-server-attestation:jar:2.6.0:compile
[INFO] +- software.amazon.awssdk:s3:jar:2.25.21:compile
[INFO] |  +- software.amazon.awssdk:aws-xml-protocol:jar:2.25.21:compile
[INFO] |  |  \- software.amazon.awssdk:aws-query-protocol:jar:2.25.21:compile
[INFO] |  +- software.amazon.awssdk:protocol-core:jar:2.25.21:compile
[INFO] |  +- software.amazon.awssdk:arns:jar:2.25.21:compile
[INFO] |  +- software.amazon.awssdk:profiles:jar:2.25.21:compile
[INFO] |  +- software.amazon.awssdk:crt-core:jar:2.25.21:compile
[INFO] |  +- software.amazon.awssdk:http-auth:jar:2.25.21:compile
[INFO] |  +- software.amazon.awssdk:identity-spi:jar:2.25.21:compile
[INFO] |  +- software.amazon.awssdk:http-auth-spi:jar:2.25.21:compile
[INFO] |  |  \- org.reactivestreams:reactive-streams:jar:1.0.4:compile
[INFO] |  +- software.amazon.awssdk:http-auth-aws:jar:2.25.21:compile
[INFO] |  +- software.amazon.awssdk:checksums:jar:2.25.21:compile
[INFO] |  +- software.amazon.awssdk:checksums-spi:jar:2.25.21:compile
[INFO] |  +- software.amazon.awssdk:sdk-core:jar:2.25.21:compile
[INFO] |  +- software.amazon.awssdk:auth:jar:2.25.21:compile
[INFO] |  |  \- software.amazon.eventstream:eventstream:jar:1.0.1:compile
[INFO] |  +- software.amazon.awssdk:http-client-spi:jar:2.25.21:compile
[INFO] |  +- software.amazon.awssdk:regions:jar:2.25.21:compile
[INFO] |  +- software.amazon.awssdk:annotations:jar:2.25.21:compile
[INFO] |  +- software.amazon.awssdk:utils:jar:2.25.21:compile
[INFO] |  +- software.amazon.awssdk:aws-core:jar:2.25.21:compile
[INFO] |  +- software.amazon.awssdk:metrics-spi:jar:2.25.21:compile
[INFO] |  +- software.amazon.awssdk:json-utils:jar:2.25.21:compile
[INFO] |  |  \- software.amazon.awssdk:third-party-jackson-core:jar:2.25.21:compile
[INFO] |  +- software.amazon.awssdk:endpoints-spi:jar:2.25.21:compile
[INFO] |  +- software.amazon.awssdk:apache-client:jar:2.25.21:runtime
[INFO] |  |  \- org.apache.httpcomponents:httpclient:jar:4.5.14:runtime
[INFO] |  |     \- commons-logging:commons-logging:jar:1.2:runtime
[INFO] |  \- software.amazon.awssdk:netty-nio-client:jar:2.25.21:runtime
[INFO] |     +- io.netty:netty-codec-http:jar:4.1.108.Final:runtime
[INFO] |     +- io.netty:netty-codec-http2:jar:4.1.108.Final:runtime
[INFO] |     +- io.netty:netty-codec:jar:4.1.108.Final:runtime
[INFO] |     +- io.netty:netty-transport:jar:4.1.108.Final:runtime
[INFO] |     +- io.netty:netty-common:jar:4.1.108.Final:runtime
[INFO] |     +- io.netty:netty-buffer:jar:4.1.108.Final:runtime
[INFO] |     +- io.netty:netty-handler:jar:4.1.108.Final:runtime
[INFO] |     |  \- io.netty:netty-transport-native-unix-common:jar:4.1.108.Final:runtime
[INFO] |     +- io.netty:netty-transport-classes-epoll:jar:4.1.108.Final:runtime
[INFO] |     \- io.netty:netty-resolver:jar:4.1.108.Final:runtime
[INFO] +- software.amazon.awssdk:url-connection-client:jar:2.25.21:compile
[INFO] +- org.yaml:snakeyaml:jar:2.2:compile
[INFO] +- org.eclipse.microprofile.config:microprofile-config-api:jar:3.1:provided
[INFO] +- jakarta.jms:jakarta.jms-api:jar:3.1.0:provided
[INFO] +- jakarta.enterprise.concurrent:jakarta.enterprise.concurrent-api:jar:3.0.3:provided
[INFO] +- jakarta.mail:jakarta.mail-api:jar:2.1.3:provided
[INFO] +- jakarta.websocket:jakarta.websocket-api:jar:2.1.0:provided
[INFO] +- jakarta.websocket:jakarta.websocket-client-api:jar:2.1.0:provided
[INFO] +- org.slf4j:slf4j-api:jar:2.0.13:provided
[INFO] +- org.jboss.logmanager:jboss-logmanager:jar:3.1.2.Final:provided
[INFO] |  +- org.jboss.logging:jboss-logging:jar:3.5.3.Final:provided
[INFO] |  +- org.jboss.modules:jboss-modules:jar:2.1.5.Final:provided
[INFO] |  +- io.smallrye.common:smallrye-common-constraint:jar:2.2.0:provided
[INFO] |  +- io.smallrye.common:smallrye-common-cpu:jar:2.2.0:provided
[INFO] |  +- io.smallrye.common:smallrye-common-expression:jar:2.2.0:provided
[INFO] |  |  \- io.smallrye.common:smallrye-common-function:jar:2.2.0:provided
[INFO] |  +- io.smallrye.common:smallrye-common-net:jar:2.2.0:provided
[INFO] |  +- io.smallrye.common:smallrye-common-os:jar:2.2.0:provided
[INFO] |  +- io.smallrye.common:smallrye-common-ref:jar:2.2.0:provided
[INFO] |  +- jakarta.json:jakarta.json-api:jar:2.1.3:provided
[INFO] |  \- org.eclipse.parsson:parsson:jar:1.1.6:provided
[INFO] +- org.jboss.ejb3:jboss-ejb3-ext-api:jar:2.3.0.Final:provided
[INFO] +- io.agroal:agroal-api:jar:1.16:provided
[INFO] +- org.bouncycastle:bcprov-jdk18on:jar:1.82:compile
[INFO] +- org.bouncycastle:bcpkix-jdk18on:jar:1.82:compile
[INFO] |  \- org.bouncycastle:bcutil-jdk18on:jar:1.82:compile
[INFO] +- io.micrometer:micrometer-core:jar:1.12.5:compile
[INFO] |  +- io.micrometer:micrometer-commons:jar:1.12.5:compile
[INFO] |  +- io.micrometer:micrometer-observation:jar:1.12.5:compile
[INFO] |  +- org.hdrhistogram:HdrHistogram:jar:2.1.12:runtime
[INFO] |  \- org.latencyutils:LatencyUtils:jar:2.0.3:runtime
[INFO] +- org.junit.jupiter:junit-jupiter-api:jar:5.10.2:test
[INFO] |  +- org.opentest4j:opentest4j:jar:1.3.0:test
[INFO] |  +- org.junit.platform:junit-platform-commons:jar:1.10.2:test
[INFO] |  \- org.apiguardian:apiguardian-api:jar:1.1.2:test
[INFO] +- org.junit.jupiter:junit-jupiter-engine:jar:5.10.2:test
[INFO] |  \- org.junit.platform:junit-platform-engine:jar:1.10.2:test
[INFO] +- org.mockito:mockito-junit-jupiter:jar:5.11.0:test
[INFO] |  \- org.mockito:mockito-core:jar:5.11.0:test
[INFO] |     +- net.bytebuddy:byte-buddy-agent:jar:1.14.12:test
[INFO] |     \- org.objenesis:objenesis:jar:3.3:test
[INFO] +- org.assertj:assertj-core:jar:3.25.3:test
[INFO] |  \- net.bytebuddy:byte-buddy:jar:1.14.11:test
[INFO] \- org.glassfish.jersey.core:jersey-common:jar:3.1.5:test
[INFO]    +- jakarta.ws.rs:jakarta.ws.rs-api:jar:3.1.0:provided
[INFO]    +- jakarta.annotation:jakarta.annotation-api:jar:2.1.1:provided
[INFO]    +- jakarta.inject:jakarta.inject-api:jar:2.0.1:provided
[INFO]    \- org.glassfish.hk2:osgi-resource-locator:jar:1.0.3:test
[INFO] ------------------------------------------------------------------------
[INFO] Reactor Summary for opendolphin 2.7.1:
[INFO] 
[INFO] opendolphin ........................................ SUCCESS [  0.388 s]
[INFO] opendolphin-common ................................. SUCCESS [  0.084 s]
[INFO] opendolphin-reporting .............................. SUCCESS [  0.022 s]
[INFO] opendolphin-server ................................. SUCCESS [  0.618 s]
[INFO] ------------------------------------------------------------------------
[INFO] BUILD SUCCESS
[INFO] ------------------------------------------------------------------------
[INFO] Total time:  1.252 s
[INFO] Finished at: 2025-11-09T16:02:30+09:00
[INFO] ------------------------------------------------------------------------
