== Info:   Trying 100.102.17.40:8000...
== Info: Connected to 100.102.17.40 (100.102.17.40) port 8000
== Info: Server auth using Basic with user 'ormaster'
=> Send header, 225 bytes (0xe1)
0000: POST /api/api21/medicalmodv2?class=01 HTTP/1.1
0030: Host: 100.102.17.40:8000
004a: Authorization: Basic b3JtYXN0ZXI6Y2hhbmdlX21l
0079: User-Agent: curl/8.5.0
0091: Accept: application/xml
00aa: Content-Type: application/xml
00c9: Content-Length: 2907
00df: 
=> Send data, 2907 bytes (0xb5b)
0000: <?xml version="1.0" encoding="UTF-8"?>.<!-- orca-meta:.path=/api
0040: /api21/medicalmodv2.method=POST.query=class=01.content-type=appl
0080: ication/xml; charset=UTF-8.-->.<data>.  <medicalreq>.    <Reques
00c0: t_Number>01</Request_Number>.    <InOut>O</InOut>.    <Patient_I
0100: D>00005</Patient_ID>.    <Perform_Date>2025-11-22</Perform_Date>
0140: .    <Perform_Time>15:30:00</Perform_Time>.    <Medical_Uid></Me
0180: dical_Uid>.    <Medical_Push>1</Medical_Push>.    <Patient_Infor
01c0: mation type="record">.      <Patient_ID type="string">00005</Pat
0200: ient_ID>.      <WholeName type="string">..................</Whol
0240: eName>.      <WholeName_inKana type="string">...................
0280: .....</WholeName_inKana>.      <BirthDate type="string">1980-01-
02c0: 01</BirthDate>.      <Sex type="string">1</Sex>.    </Patient_In
0300: formation>.    <Diagnosis_Information type="record">.      <Depa
0340: rtment_Code type="string">01</Department_Code>.      <Physician_
0380: Code type="string">10000</Physician_Code>.      <HealthInsurance
03c0: _Information type="record">.        <Insurance_Combination_Numbe
0400: r type="string">0001</Insurance_Combination_Number>.        <Ins
0440: uranceProvider_Class type="string">060</InsuranceProvider_Class>
0480: .        <InsuranceProvider_Number type="string">138057</Insuran
04c0: ceProvider_Number>.        <HealthInsuredPerson_Symbol type="str
0500: ing">......</HealthInsuredPerson_Symbol>.        <HealthInsuredP
0540: erson_Number type="string">.....................</HealthInsuredP
0580: erson_Number>.        <HealthInsuredPerson_Branch_Number type="s
05c0: tring">00</HealthInsuredPerson_Branch_Number>.        <RelationT
0600: oInsuredPerson type="string">1</RelationToInsuredPerson>.      <
0640: /HealthInsurance_Information>.      <Medical_Information type="a
0680: rray">.        <Medical_Information_child type="record">.       
06c0:    <Medical_Class type="string">01</Medical_Class>.          <Me
0700: dical_Class_Name type="string">......</Medical_Class_Name>.     
0740:      <Medical_Class_Number type="string">1</Medical_Class_Number
0780: >.          <Medication_info type="array">.            <Medicati
07c0: on_info_child type="record">.              <Medication_Code type
0800: ="string">620001402</Medication_Code>.              <Medication_
0840: Name type="string">...............</Medication_Name>.           
0880:    <Medication_Number type="string">1</Medication_Number>.      
08c0:       </Medication_info_child>.          </Medication_info>.    
0900:     </Medical_Information_child>.      </Medical_Information>.  
0940:     <Disease_Information type="array">.        <Disease_Informat
0980: ion_child type="record">.          <Disease_Code type="string">8
09c0: 841239</Disease_Code>.          <Disease_Name type="string">....
0a00: ..</Disease_Name>.          <Disease_Category type="string">1</D
0a40: isease_Category>.          <Disease_SuspectedFlag type="string">
0a80: 0</Disease_SuspectedFlag>.          <Disease_StartDate type="str
0ac0: ing">2025-11-15</Disease_StartDate>.        </Disease_Informatio
0b00: n_child>.      </Disease_Information>.    </Diagnosis_Informatio
0b40: n>.  </medicalreq>.</data>.
<= Recv header, 17 bytes (0x11)
0000: HTTP/1.1 200 OK
<= Recv header, 46 bytes (0x2e)
0000: Content-Type: application/xml; charset=UTF-8
<= Recv header, 22 bytes (0x16)
0000: X-Hybridmode: normal
<= Recv header, 37 bytes (0x25)
0000: Date: Sat, 22 Nov 2025 05:17:32 GMT
<= Recv header, 28 bytes (0x1c)
0000: Transfer-Encoding: chunked
<= Recv header, 2 bytes (0x2)
0000: 
<= Recv data, 2048 bytes (0x800)
0000: <?xml version="1.0" encoding="UTF-8"?>.<xmlio2>.<medicalres type
0040: ="record">.<Information_Date type="string">2025-11-22</Informati
0080: on_Date>.<Information_Time type="string">14:17:32</Information_T
00c0: ime>.<Api_Result type="string">00</Api_Result>.<Api_Result_Messa
0100: ge type="string">..................</Api_Result_Message>.<Reques
0140: t_Number type="string">01</Request_Number>.<Reskey type="string"
0180: >Medical Info</Reskey>.<Perform_Date type="string">2025-11-22</P
01c0: erform_Date>.<Perform_Time type="string">15:30:00</Perform_Time>
0200: .<Medical_Uid type="string">d1f191a6-f824-4d5c-9b9e-0352055541c6
0240: </Medical_Uid>.<Department_Code type="string">01</Department_Cod
0280: e>.<Department_Name type="string">......</Department_Name>.<Phys
02c0: ician_Code type="string">10000</Physician_Code>.<Physician_Whole
0300: Name type="string">..................</Physician_WholeName>.<Pat
0340: ient_Information type="record">.<Patient_ID type="string">00005<
0380: /Patient_ID>.<WholeName type="string">..................</WholeN
03c0: ame>.<WholeName_inKana type="string">........................</W
0400: holeName_inKana>.<BirthDate type="string">1980-01-01</BirthDate>
0440: .<Sex type="string">1</Sex>.<HealthInsurance_Information type="r
0480: ecord">.<Insurance_Combination_Number type="string">0001</Insura
04c0: nce_Combination_Number>.<InsuranceProvider_Class type="string">0
0500: 60</InsuranceProvider_Class>.<InsuranceProvider_Number type="str
0540: ing">138057</InsuranceProvider_Number>.<InsuranceProvider_WholeN
0580: ame type="string">......</InsuranceProvider_WholeName>.<HealthIn
05c0: suredPerson_Symbol type="string">......</HealthInsuredPerson_Sym
0600: bol>.<HealthInsuredPerson_Number type="string">.................
0640: ....</HealthInsuredPerson_Number>.<HealthInsuredPerson_Assistanc
0680: e type="string">3</HealthInsuredPerson_Assistance>.<RelationToIn
06c0: suredPerson type="string">1</RelationToInsuredPerson>.<Certifica
0700: te_StartDate type="string">2025-01-01</Certificate_StartDate>.<C
0740: ertificate_ExpiredDate type="string">9999-12-31</Certificate_Exp
0780: iredDate>.</HealthInsurance_Information>.</Patient_Information>.
07c0: <Medical_Message_Information type="record">.<Medical_Warning_Inf
<= Recv data, 457 bytes (0x1c9)
0000: o type="array">.<Medical_Warning_Info_child type="record">.<Medi
0040: cal_Warning type="string">M05</Medical_Warning>.<Medical_Warning
0080: _Message type="string">.......................................</
00c0: Medical_Warning_Message>.<Medical_Warning_Position type="string"
0100: >01</Medical_Warning_Position>.<Medical_Warning_Code type="strin
0140: g">01</Medical_Warning_Code>.</Medical_Warning_Info_child>.</Med
0180: ical_Warning_Info>.</Medical_Message_Information>.</medicalres>.
01c0: </xmlio2>
== Info: Connection #0 to host 100.102.17.40 left intact
