=== appointlstv2: Sun Nov 16 02:05:26 UTC 2025 ===
  % Total    % Received % Xferd  Average Speed   Time    Time     Time  Current
                                 Dload  Upload   Total   Spent    Left  Speed
  0     0    0     0    0     0      0      0 --:--:-- --:--:-- --:--:--     0* Host weborca-trial.orca.med.or.jp:443 was resolved.
* IPv6: (none)
* IPv4: 172.192.77.103
*   Trying 172.192.77.103:443...
* Connected to weborca-trial.orca.med.or.jp (172.192.77.103) port 443
* ALPN: curl offers h2,http/1.1
* (304) (OUT), TLS handshake, Client hello (1):
} [333 bytes data]
*  CAfile: /etc/ssl/cert.pem
*  CApath: none
* (304) (IN), TLS handshake, Server hello (2):
{ [108 bytes data]
* TLSv1.2 (IN), TLS handshake, Certificate (11):
{ [5164 bytes data]
* TLSv1.2 (IN), TLS handshake, Server key exchange (12):
{ [300 bytes data]
* TLSv1.2 (IN), TLS handshake, Server finished (14):
{ [4 bytes data]
* TLSv1.2 (OUT), TLS handshake, Client key exchange (16):
} [37 bytes data]
* TLSv1.2 (OUT), TLS change cipher, Change cipher spec (1):
} [1 bytes data]
* TLSv1.2 (OUT), TLS handshake, Finished (20):
} [16 bytes data]
* TLSv1.2 (IN), TLS change cipher, Change cipher spec (1):
{ [1 bytes data]
* TLSv1.2 (IN), TLS handshake, Finished (20):
{ [16 bytes data]
* SSL connection using TLSv1.2 / ECDHE-RSA-AES256-GCM-SHA384 / [blank] / UNDEF
* ALPN: server accepted http/1.1
* Server certificate:
*  subject: C=JP; ST=Tokyo; O=ORCA Management Organization Co., Ltd.; CN=*.orca.med.or.jp
*  start date: May 21 00:00:00 2025 GMT
*  expire date: Jun 21 23:59:59 2026 GMT
*  subjectAltName: host "weborca-trial.orca.med.or.jp" matched cert's "*.orca.med.or.jp"
*  issuer: C=GB; O=Sectigo Limited; CN=Sectigo Public Server Authentication CA OV R36
*  SSL certificate verify ok.
* using HTTP/1.x
  0     0    0     0    0     0      0      0 --:--:-- --:--:-- --:--:--     0* Server auth using Basic with user 'trial'
> POST /api01rv2/appointlstv2?class=01 HTTP/1.1
> Host: weborca-trial.orca.med.or.jp
> Authorization: Basic dHJpYWw6d2Vib3JjYXRyaWFs
> User-Agent: curl/8.7.1
> Accept: application/xml
> Content-Type: application/xml
> Content-Length: 396
> 
} [396 bytes data]
* upload completely sent off: 396 bytes
< HTTP/1.1 200 OK
< Server: nginx/1.18.0 (Ubuntu)
< Date: Sun, 16 Nov 2025 02:05:26 GMT
< Content-Type: application/xml; charset=UTF-8
< Content-Length: 656
< Connection: keep-alive
< X-Hybridmode: normal
< 
{ [656 bytes data]
100  1052  100   656  100   396   7541   4552 --:--:-- --:--:-- --:--:-- 12091
* Connection #0 to host weborca-trial.orca.med.or.jp left intact
