[0m[0m07:38:15,942 INFO  [open.dolphin] (default task-2) 127.0.0.1 dolphin GET /dolphin traceId=8600a64b-905a-4c83-a6a4-089eab209dc6
[0m[0m07:38:15,942 INFO  [open.dolphin] (default task-2) 127.0.0.1 dolphin GET /dolphin traceId=9d68f42a-72e4-4a02-bfba-74b3f036960c
[0m[0m07:38:36,237 INFO  [org.jboss.as.repository] (DeploymentScanner-threads - 1) WFLYDR0001: Content added at location /opt/jboss/wildfly/standalone/data/content/63/131bc2f452e71358eee50606484505cf333e0f/content
[0m[0m07:38:36,253 INFO  [org.jboss.as.connector.deployers.jdbc] (MSC service thread 1-2) WFLYJCA0019: Stopped Driver service with driver-name = opendolphin-server.war_org.postgresql.Driver_42_7
[0m[0m07:38:36,256 INFO  [org.wildfly.extension.undertow] (ServerService Thread Pool -- 334) WFLYUT0022: Unregistered web context: '/openDolphin' from server 'default-server'
[0m[0m07:38:36,271 INFO  [open.dolphin] (ServerService Thread Pool -- 344) PreDestroy did call
[0m[0m07:38:36,301 INFO  [org.jboss.as.jpa] (ServerService Thread Pool -- 337) WFLYJPA0011: Stopping Persistence Unit (phase 2 of 2) Service 'opendolphin-server.war#opendolphinPU'
[0m[0m07:38:36,303 INFO  [org.hibernate.orm.beans] (ServerService Thread Pool -- 337) HHH10005004: Stopping BeanContainer : org.hibernate.resource.beans.container.internal.CdiBeanContainerExtendedAccessImpl@294bc4fa
[0m[0m07:38:36,304 INFO  [org.jboss.as.jpa] (ServerService Thread Pool -- 337) WFLYJPA0011: Stopping Persistence Unit (phase 1 of 2) Service 'opendolphin-server.war#opendolphinPU'
[0m[0m07:38:36,373 INFO  [org.jboss.as.server.deployment] (MSC service thread 1-8) WFLYSRV0028: Stopped deployment opendolphin-server.war (runtime-name: opendolphin-server.war) in 123ms
[0m[0m07:38:36,375 INFO  [org.jboss.as.server.deployment] (MSC service thread 1-4) WFLYSRV0027: Starting deployment of "opendolphin-server.war" (runtime-name: "opendolphin-server.war")
[0m[33m07:38:38,477 WARN  [org.jboss.weld.deployer] (MSC service thread 1-8) WFLYWELD0018: Found both WEB-INF/beans.xml and WEB-INF/classes/META-INF/beans.xml. It is not portable to use both locations at the same time. Weld is going to use the former location for this deployment.
[0m[0m07:38:38,478 INFO  [org.jboss.as.jpa] (MSC service thread 1-8) WFLYJPA0002: Read persistence.xml for opendolphinPU
[0m[0m07:38:38,597 INFO  [org.jipijapa] (MSC service thread 1-8) JIPIORMV6020260: Second level cache enabled for opendolphin-server.war#opendolphinPU
[0m[0m07:38:38,602 INFO  [org.infinispan.CONTAINER] (ServerService Thread Pool -- 337) ISPN000556: Starting user marshaller 'org.wildfly.clustering.infinispan.marshalling.jboss.JBossMarshaller'
[0m[0m07:38:38,607 INFO  [org.jboss.as.jpa] (ServerService Thread Pool -- 337) WFLYJPA0010: Starting Persistence Unit (phase 1 of 2) Service 'opendolphin-server.war#opendolphinPU'
[0m[0m07:38:38,607 INFO  [org.hibernate.jpa.internal.util.LogHelper] (ServerService Thread Pool -- 337) HHH000204: Processing PersistenceUnitInfo [name: opendolphinPU]
[0m[33m07:38:38,610 WARN  [org.hibernate.orm.deprecation] (ServerService Thread Pool -- 337) HHH90000025: PostgreSQLDialect does not need to be specified explicitly using 'hibernate.dialect' (remove the property setting and it will be selected by default)
[0m[0m07:38:38,610 INFO  [org.hibernate.cache.internal.RegionFactoryInitiator] (ServerService Thread Pool -- 337) HHH000025: Second-level cache region factory [org.infinispan.hibernate.cache.v62.InfinispanRegionFactory]
[0m[0m07:38:38,611 INFO  [org.hibernate.envers.boot.internal.EnversServiceImpl] (ServerService Thread Pool -- 337) Envers integration enabled? : true
[0m[0m07:38:38,613 INFO  [org.jboss.weld.deployer] (MSC service thread 1-6) WFLYWELD0003: Processing weld deployment opendolphin-server.war
[0m[0m07:38:38,625 INFO  [org.jboss.as.ejb3.deployment] (MSC service thread 1-6) WFLYEJB0473: JNDI bindings for session bean named 'PvtService' in deployment unit 'deployment "opendolphin-server.war"' are as follows:

	java:global/opendolphin-server/PvtService!java.lang.Runnable
	java:app/opendolphin-server/PvtService!java.lang.Runnable
	java:module/PvtService!java.lang.Runnable
	java:global/opendolphin-server/PvtService
	java:app/opendolphin-server/PvtService
	java:module/PvtService

[0m[0m07:38:38,625 INFO  [org.jboss.as.ejb3.deployment] (MSC service thread 1-6) WFLYEJB0473: JNDI bindings for session bean named 'IPhoneServiceBean' in deployment unit 'deployment "opendolphin-server.war"' are as follows:

	java:global/opendolphin-server/IPhoneServiceBean!open.dolphin.touch.session.IPhoneServiceBean
	java:app/opendolphin-server/IPhoneServiceBean!open.dolphin.touch.session.IPhoneServiceBean
	java:module/IPhoneServiceBean!open.dolphin.touch.session.IPhoneServiceBean
	java:global/opendolphin-server/IPhoneServiceBean
	java:app/opendolphin-server/IPhoneServiceBean
	java:module/IPhoneServiceBean

[0m[0m07:38:38,625 INFO  [org.jboss.as.ejb3.deployment] (MSC service thread 1-6) WFLYEJB0473: JNDI bindings for session bean named 'ADM20_AdmissionServiceBean' in deployment unit 'deployment "opendolphin-server.war"' are as follows:

	java:global/opendolphin-server/ADM20_AdmissionServiceBean!open.dolphin.adm20.session.ADM20_AdmissionServiceBean
	java:app/opendolphin-server/ADM20_AdmissionServiceBean!open.dolphin.adm20.session.ADM20_AdmissionServiceBean
	java:module/ADM20_AdmissionServiceBean!open.dolphin.adm20.session.ADM20_AdmissionServiceBean
	java:global/opendolphin-server/ADM20_AdmissionServiceBean
	java:app/opendolphin-server/ADM20_AdmissionServiceBean
	java:module/ADM20_AdmissionServiceBean

[0m[0m07:38:38,625 INFO  [org.jboss.as.ejb3.deployment] (MSC service thread 1-6) WFLYEJB0473: JNDI bindings for session bean named 'EHTServiceBean' in deployment unit 'deployment "opendolphin-server.war"' are as follows:

	java:global/opendolphin-server/EHTServiceBean!open.dolphin.touch.session.EHTServiceBean
	java:app/opendolphin-server/EHTServiceBean!open.dolphin.touch.session.EHTServiceBean
	java:module/EHTServiceBean!open.dolphin.touch.session.EHTServiceBean
	java:global/opendolphin-server/EHTServiceBean
	java:app/opendolphin-server/EHTServiceBean
	java:module/EHTServiceBean

[0m[0m07:38:38,625 INFO  [org.jboss.as.ejb3.deployment] (MSC service thread 1-6) WFLYEJB0473: JNDI bindings for session bean named 'PHRAsyncJobServiceBean' in deployment unit 'deployment "opendolphin-server.war"' are as follows:

	java:global/opendolphin-server/PHRAsyncJobServiceBean!open.dolphin.adm20.session.PHRAsyncJobServiceBean
	java:app/opendolphin-server/PHRAsyncJobServiceBean!open.dolphin.adm20.session.PHRAsyncJobServiceBean
	java:module/PHRAsyncJobServiceBean!open.dolphin.adm20.session.PHRAsyncJobServiceBean
	java:global/opendolphin-server/PHRAsyncJobServiceBean
	java:app/opendolphin-server/PHRAsyncJobServiceBean
	java:module/PHRAsyncJobServiceBean

[0m[0m07:38:38,625 INFO  [org.jboss.as.ejb3.deployment] (MSC service thread 1-6) WFLYEJB0473: JNDI bindings for session bean named 'OrcaResource' in deployment unit 'deployment "opendolphin-server.war"' are as follows:

	java:global/opendolphin-server/OrcaResource!open.orca.rest.OrcaResource
	java:app/opendolphin-server/OrcaResource!open.orca.rest.OrcaResource
	java:module/OrcaResource!open.orca.rest.OrcaResource
	java:global/opendolphin-server/OrcaResource
	java:app/opendolphin-server/OrcaResource
	java:module/OrcaResource

[0m[0m07:38:38,625 INFO  [org.jboss.as.ejb3.deployment] (MSC service thread 1-6) WFLYEJB0473: JNDI bindings for session bean named 'IdentityService' in deployment unit 'deployment "opendolphin-server.war"' are as follows:

	java:global/opendolphin-server/IdentityService!open.dolphin.adm20.mbean.IdentityService
	java:app/opendolphin-server/IdentityService!open.dolphin.adm20.mbean.IdentityService
	java:module/IdentityService!open.dolphin.adm20.mbean.IdentityService
	java:global/opendolphin-server/IdentityService
	java:app/opendolphin-server/IdentityService
	java:module/IdentityService

[0m[0m07:38:38,625 INFO  [org.jboss.as.ejb3.deployment] (MSC service thread 1-6) WFLYEJB0473: JNDI bindings for session bean named 'InitialAccountMaker' in deployment unit 'deployment "opendolphin-server.war"' are as follows:

	java:global/opendolphin-server/InitialAccountMaker!open.dolphin.mbean.InitialAccountMaker
	java:app/opendolphin-server/InitialAccountMaker!open.dolphin.mbean.InitialAccountMaker
	java:module/InitialAccountMaker!open.dolphin.mbean.InitialAccountMaker
	java:global/opendolphin-server/InitialAccountMaker
	java:app/opendolphin-server/InitialAccountMaker
	java:module/InitialAccountMaker

[0m[0m07:38:38,625 INFO  [org.jboss.as.ejb3.deployment] (MSC service thread 1-6) WFLYEJB0473: JNDI bindings for session bean named 'ADM10_EHTServiceBean' in deployment unit 'deployment "opendolphin-server.war"' are as follows:

	java:global/opendolphin-server/ADM10_EHTServiceBean!open.dolphin.adm10.session.ADM10_EHTServiceBean
	java:app/opendolphin-server/ADM10_EHTServiceBean!open.dolphin.adm10.session.ADM10_EHTServiceBean
	java:module/ADM10_EHTServiceBean!open.dolphin.adm10.session.ADM10_EHTServiceBean
	java:global/opendolphin-server/ADM10_EHTServiceBean
	java:app/opendolphin-server/ADM10_EHTServiceBean
	java:module/ADM10_EHTServiceBean

[0m[0m07:38:38,625 INFO  [org.jboss.as.ejb3.deployment] (MSC service thread 1-6) WFLYEJB0473: JNDI bindings for session bean named 'AMD20_PHRServiceBean' in deployment unit 'deployment "opendolphin-server.war"' are as follows:

	java:global/opendolphin-server/AMD20_PHRServiceBean!open.dolphin.adm20.session.AMD20_PHRServiceBean
	java:app/opendolphin-server/AMD20_PHRServiceBean!open.dolphin.adm20.session.AMD20_PHRServiceBean
	java:module/AMD20_PHRServiceBean!open.dolphin.adm20.session.AMD20_PHRServiceBean
	java:global/opendolphin-server/AMD20_PHRServiceBean
	java:app/opendolphin-server/AMD20_PHRServiceBean
	java:module/AMD20_PHRServiceBean

[0m[0m07:38:38,625 INFO  [org.jboss.as.ejb3.deployment] (MSC service thread 1-6) WFLYEJB0473: JNDI bindings for session bean named 'ADM20_IPhoneServiceBean' in deployment unit 'deployment "opendolphin-server.war"' are as follows:

	java:global/opendolphin-server/ADM20_IPhoneServiceBean!open.dolphin.adm20.session.ADM20_IPhoneServiceBean
	java:app/opendolphin-server/ADM20_IPhoneServiceBean!open.dolphin.adm20.session.ADM20_IPhoneServiceBean
	java:module/ADM20_IPhoneServiceBean!open.dolphin.adm20.session.ADM20_IPhoneServiceBean
	java:global/opendolphin-server/ADM20_IPhoneServiceBean
	java:app/opendolphin-server/ADM20_IPhoneServiceBean
	java:module/ADM20_IPhoneServiceBean

[0m[0m07:38:38,625 INFO  [org.jboss.as.ejb3.deployment] (MSC service thread 1-6) WFLYEJB0473: JNDI bindings for session bean named 'ADM10_IPhoneServiceBean' in deployment unit 'deployment "opendolphin-server.war"' are as follows:

	java:global/opendolphin-server/ADM10_IPhoneServiceBean!open.dolphin.adm10.session.ADM10_IPhoneServiceBean
	java:app/opendolphin-server/ADM10_IPhoneServiceBean!open.dolphin.adm10.session.ADM10_IPhoneServiceBean
	java:module/ADM10_IPhoneServiceBean!open.dolphin.adm10.session.ADM10_IPhoneServiceBean
	java:global/opendolphin-server/ADM10_IPhoneServiceBean
	java:app/opendolphin-server/ADM10_IPhoneServiceBean
	java:module/ADM10_IPhoneServiceBean

[0m[0m07:38:38,668 INFO  [org.jipijapa] (MSC service thread 1-4) JIPIORMV6020260: Second level cache enabled for opendolphin-server.war#opendolphinPU
[0m[33m07:38:38,671 WARN  [org.jboss.as.jaxrs] (MSC service thread 1-4) WFLYRS0018: Explicit usage of Jackson annotation in a Jakarta RESTful Web Services deployment; the system will disable Jakarta JSON Binding processing for the current deployment. Consider setting the 'resteasy.preferJacksonOverJsonB' property to 'false' to restore Jakarta JSON Binding.
[0m[0m07:38:38,673 INFO  [org.jboss.as.connector.deployers.jdbc] (MSC service thread 1-4) WFLYJCA0005: Deploying non-JDBC-compliant driver class org.postgresql.Driver (version 42.7)
[0m[0m07:38:38,679 INFO  [org.jboss.as.connector.deployers.jdbc] (MSC service thread 1-3) WFLYJCA0018: Started Driver service with driver-name = opendolphin-server.war_org.postgresql.Driver_42_7
[0m[0m07:38:38,680 INFO  [org.jboss.as.ejb3] (MSC service thread 1-4) WFLYEJB0042: Started message driven bean 'MessageSender' with 'activemq-ra.rar' resource adapter
[0m[0m07:38:38,684 INFO  [org.jboss.as.jpa] (ServerService Thread Pool -- 337) WFLYJPA0010: Starting Persistence Unit (phase 2 of 2) Service 'opendolphin-server.war#opendolphinPU'
[0m[0m07:38:38,909 INFO  [org.jboss.weld.Bootstrap] (Weld Thread Pool -- 1) WELD-000119: Not generating any bean definitions from open.dolphin.metrics.DatasourceMetricsRegistrar because of underlying class loading error: Type io.agroal.api.AgroalDataSource from [Module "deployment.opendolphin-server.war" from Service Module Loader] not found.  If this is unexpected, enable DEBUG logging to see the full error.
[0m[33m07:38:38,920 WARN  [org.jboss.weld.Validator] (MSC service thread 1-4) WELD-001478: Interceptor class open.dolphin.session.framework.SessionOperationInterceptor is enabled for the application and for the bean archive opendolphin-server.war/. It will only be invoked in the @Priority part of the chain.
[0m[0m07:38:39,026 INFO  [open.dolphin] (ServerService Thread Pool -- 342) pvt_idx3 dose not exists, created
[0m[0m07:38:39,027 INFO  [open.dolphin] (ServerService Thread Pool -- 342) d_karte_idx exists
[0m[0m07:38:39,027 INFO  [open.dolphin] (ServerService Thread Pool -- 342) d_document_idx exists
[0m[0m07:38:39,028 INFO  [open.dolphin] (ServerService Thread Pool -- 342) d_diagnosis_idx exists
[0m[31m07:38:39,030 SEVERE [open.dolphin.mbean.InitialAccountMaker] (ServerService Thread Pool -- 342) null: org.postgresql.util.PSQLException: ERROR: relation "d_patient_memo" does not exist
	at org.postgresql@42.7.3//org.postgresql.core.v3.QueryExecutorImpl.receiveErrorResponse(QueryExecutorImpl.java:2725)
	at org.postgresql@42.7.3//org.postgresql.core.v3.QueryExecutorImpl.processResults(QueryExecutorImpl.java:2412)
	at org.postgresql@42.7.3//org.postgresql.core.v3.QueryExecutorImpl.execute(QueryExecutorImpl.java:371)
	at org.postgresql@42.7.3//org.postgresql.jdbc.PgStatement.executeInternal(PgStatement.java:502)
	at org.postgresql@42.7.3//org.postgresql.jdbc.PgStatement.execute(PgStatement.java:419)
	at org.postgresql@42.7.3//org.postgresql.jdbc.PgStatement.executeWithFlags(PgStatement.java:341)
	at org.postgresql@42.7.3//org.postgresql.jdbc.PgStatement.executeCachedSql(PgStatement.java:326)
	at org.postgresql@42.7.3//org.postgresql.jdbc.PgStatement.executeWithFlags(PgStatement.java:302)
	at org.postgresql@42.7.3//org.postgresql.jdbc.PgStatement.executeUpdate(PgStatement.java:275)
	at org.jboss.ironjacamar.jdbcadapters@3.0.9.Final//org.jboss.jca.adapters.jdbc.WrappedStatement.executeUpdate(WrappedStatement.java:430)
	at deployment.opendolphin-server.war//open.dolphin.mbean.InitialAccountMaker.createIndexes(InitialAccountMaker.java:189)
	at deployment.opendolphin-server.war//open.dolphin.mbean.InitialAccountMaker.init(InitialAccountMaker.java:68)
	at java.base/jdk.internal.reflect.NativeMethodAccessorImpl.invoke0(Native Method)
	at java.base/jdk.internal.reflect.NativeMethodAccessorImpl.invoke(NativeMethodAccessorImpl.java:77)
	at java.base/jdk.internal.reflect.DelegatingMethodAccessorImpl.invoke(DelegatingMethodAccessorImpl.java:43)
	at java.base/java.lang.reflect.Method.invoke(Method.java:569)
	at org.jboss.as.ee@33.0.2.Final//org.jboss.as.ee.component.ManagedReferenceLifecycleMethodInterceptor.processInvocation(ManagedReferenceLifecycleMethodInterceptor.java:79)
	at org.jboss.invocation@2.0.1.Final//org.jboss.invocation.InterceptorContext.proceed(InterceptorContext.java:422)
	at org.jboss.invocation@2.0.1.Final//org.jboss.invocation.InterceptorContext$Invocation.proceed(InterceptorContext.java:509)
	at org.jboss.as.weld.common@33.0.2.Final//org.jboss.as.weld.interceptors.Jsr299BindingsInterceptor.delegateInterception(Jsr299BindingsInterceptor.java:62)
	at org.jboss.as.weld.common@33.0.2.Final//org.jboss.as.weld.interceptors.Jsr299BindingsInterceptor.doLifecycleInterception(Jsr299BindingsInterceptor.java:109)
	at org.jboss.as.weld.common@33.0.2.Final//org.jboss.as.weld.interceptors.Jsr299BindingsInterceptor.processInvocation(Jsr299BindingsInterceptor.java:95)
	at org.jboss.invocation@2.0.1.Final//org.jboss.invocation.InterceptorContext.proceed(InterceptorContext.java:422)
	at org.jboss.invocation@2.0.1.Final//org.jboss.invocation.InterceptorContext$Invocation.proceed(InterceptorContext.java:509)
	at org.jboss.weld.core@5.1.2.Final//org.jboss.weld.module.ejb.AbstractEJBRequestScopeActivationInterceptor.aroundInvoke(AbstractEJBRequestScopeActivationInterceptor.java:87)
	at org.jboss.as.weld.common@33.0.2.Final//org.jboss.as.weld.ejb.EjbRequestScopeActivationInterceptor.processInvocation(EjbRequestScopeActivationInterceptor.java:72)
	at org.jboss.invocation@2.0.1.Final//org.jboss.invocation.InterceptorContext.proceed(InterceptorContext.java:422)
	at org.jboss.as.weld@33.0.2.Final//org.jboss.as.weld.injection.WeldInjectionInterceptor.processInvocation(WeldInjectionInterceptor.java:36)
	at org.jboss.invocation@2.0.1.Final//org.jboss.invocation.InterceptorContext.proceed(InterceptorContext.java:422)
	at org.jboss.as.ee@33.0.2.Final//org.jboss.as.ee.component.ManagedReferenceFieldInjectionInterceptorFactory$ManagedReferenceFieldInjectionInterceptor.processInvocation(ManagedReferenceFieldInjectionInterceptorFactory.java:95)
	at org.jboss.invocation@2.0.1.Final//org.jboss.invocation.InterceptorContext.proceed(InterceptorContext.java:422)
	at org.jboss.as.ee@33.0.2.Final//org.jboss.as.ee.component.ManagedReferenceFieldInjectionInterceptorFactory$ManagedReferenceFieldInjectionInterceptor.processInvocation(ManagedReferenceFieldInjectionInterceptorFactory.java:95)
	at org.jboss.invocation@2.0.1.Final//org.jboss.invocation.InterceptorContext.proceed(InterceptorContext.java:422)
	at org.jboss.as.ee@33.0.2.Final//org.jboss.as.ee.component.AroundConstructInterceptorFactory$1.processInvocation(AroundConstructInterceptorFactory.java:33)
	at org.jboss.invocation@2.0.1.Final//org.jboss.invocation.InterceptorContext.proceed(InterceptorContext.java:422)
	at org.jboss.as.weld@33.0.2.Final//org.jboss.as.weld.injection.WeldInterceptorInjectionInterceptor.processInvocation(WeldInterceptorInjectionInterceptor.java:39)
	at org.jboss.invocation@2.0.1.Final//org.jboss.invocation.InterceptorContext.proceed(InterceptorContext.java:422)
	at org.jboss.as.weld@33.0.2.Final//org.jboss.as.weld.interceptors.Jsr299BindingsCreateInterceptor.processInvocation(Jsr299BindingsCreateInterceptor.java:94)
	at org.jboss.invocation@2.0.1.Final//org.jboss.invocation.InterceptorContext.proceed(InterceptorContext.java:422)
	at org.jboss.as.ee@33.0.2.Final//org.jboss.as.ee.component.NamespaceContextInterceptor.processInvocation(NamespaceContextInterceptor.java:33)
	at org.jboss.invocation@2.0.1.Final//org.jboss.invocation.InterceptorContext.proceed(InterceptorContext.java:422)
	at org.jboss.as.ejb3@33.0.2.Final//org.jboss.as.ejb3.tx.CMTTxInterceptor.invokeInOurTx(CMTTxInterceptor.java:237)
	at org.jboss.as.ejb3@33.0.2.Final//org.jboss.as.ejb3.tx.CMTTxInterceptor.requiresNew(CMTTxInterceptor.java:399)
	at org.jboss.as.ejb3@33.0.2.Final//org.jboss.as.ejb3.tx.LifecycleCMTTxInterceptor.processInvocation(LifecycleCMTTxInterceptor.java:51)
	at org.jboss.invocation@2.0.1.Final//org.jboss.invocation.InterceptorContext.proceed(InterceptorContext.java:422)
	at org.jboss.as.weld@33.0.2.Final//org.jboss.as.weld.injection.WeldInjectionContextInterceptor.processInvocation(WeldInjectionContextInterceptor.java:26)
	at org.jboss.invocation@2.0.1.Final//org.jboss.invocation.InterceptorContext.proceed(InterceptorContext.java:422)
	at org.jboss.as.ejb3@33.0.2.Final//org.jboss.as.ejb3.component.interceptors.CurrentInvocationContextInterceptor.processInvocation(CurrentInvocationContextInterceptor.java:24)
	at org.jboss.invocation@2.0.1.Final//org.jboss.invocation.InterceptorContext.proceed(InterceptorContext.java:422)
	at org.jboss.as.ee@33.0.2.Final//org.jboss.as.ee.concurrent.ConcurrentContextInterceptor.processInvocation(ConcurrentContextInterceptor.java:28)
	at org.jboss.invocation@2.0.1.Final//org.jboss.invocation.InterceptorContext.proceed(InterceptorContext.java:422)
	at org.jboss.invocation@2.0.1.Final//org.jboss.invocation.ContextClassLoaderInterceptor.processInvocation(ContextClassLoaderInterceptor.java:60)
	at org.jboss.invocation@2.0.1.Final//org.jboss.invocation.InterceptorContext.proceed(InterceptorContext.java:422)
	at org.jboss.as.ejb3@33.0.2.Final//org.jboss.as.ejb3.component.singleton.StartupCountDownInterceptor.processInvocation(StartupCountDownInterceptor.java:30)
	at org.jboss.invocation@2.0.1.Final//org.jboss.invocation.InterceptorContext.proceed(InterceptorContext.java:422)
	at org.jboss.invocation@2.0.1.Final//org.jboss.invocation.ChainedInterceptor.processInvocation(ChainedInterceptor.java:53)
	at org.jboss.as.ee@33.0.2.Final//org.jboss.as.ee.component.BasicComponent.constructComponentInstance(BasicComponent.java:151)
	at org.jboss.as.ee@33.0.2.Final//org.jboss.as.ee.component.BasicComponent.constructComponentInstance(BasicComponent.java:124)
	at org.jboss.as.ee@33.0.2.Final//org.jboss.as.ee.component.BasicComponent.createInstance(BasicComponent.java:71)
	at org.jboss.as.ejb3@33.0.2.Final//org.jboss.as.ejb3.component.singleton.SingletonComponent.getComponentInstance(SingletonComponent.java:110)
	at org.jboss.as.ejb3@33.0.2.Final//org.jboss.as.ejb3.component.singleton.SingletonComponent.start(SingletonComponent.java:124)
	at org.jboss.as.ee@33.0.2.Final//org.jboss.as.ee.component.ComponentStartService$1.run(ComponentStartService.java:37)
	at java.base/java.util.concurrent.Executors$RunnableAdapter.call(Executors.java:539)
	at java.base/java.util.concurrent.FutureTask.run(FutureTask.java:264)
	at org.jboss.threads@2.4.0.Final//org.jboss.threads.ContextClassLoaderSavingRunnable.run(ContextClassLoaderSavingRunnable.java:35)
	at org.jboss.threads@2.4.0.Final//org.jboss.threads.EnhancedQueueExecutor.safeRun(EnhancedQueueExecutor.java:1990)
	at org.jboss.threads@2.4.0.Final//org.jboss.threads.EnhancedQueueExecutor$ThreadBody.doRunTask(EnhancedQueueExecutor.java:1486)
	at org.jboss.threads@2.4.0.Final//org.jboss.threads.EnhancedQueueExecutor$ThreadBody.run(EnhancedQueueExecutor.java:1377)
	at java.base/java.lang.Thread.run(Thread.java:840)
	at org.jboss.threads@2.4.0.Final//org.jboss.threads.JBossThread.run(JBossThread.java:513)

[0m[0m07:38:39,031 INFO  [org.wildfly.security.soteria.original.SamRegistrationInstaller] (ServerService Thread Pool -- 342) Initializing Soteria 3.0.3.Final for context '/openDolphin'
[0m[0m07:38:39,053 INFO  [org.wildfly.extension.undertow] (ServerService Thread Pool -- 342) WFLYUT0021: Registered web context: '/openDolphin' for server 'default-server'
[0m[0m07:38:39,063 INFO  [org.jboss.as.server] (DeploymentScanner-threads - 1) WFLYSRV0016: Replaced deployment "opendolphin-server.war" with deployment "opendolphin-server.war"
[0m[0m07:38:39,070 INFO  [org.jboss.as.repository] (DeploymentScanner-threads - 1) WFLYDR0002: Content removed from location /opt/jboss/wildfly/standalone/data/content/04/90c1f298de04b8b310c3cb7aa7d452c14b299d/content
[0m[0m07:38:46,022 INFO  [open.dolphin.rest.LogFilter] (default task-2) LogFilter header fallback is enabled
[0m[0m07:38:46,022 INFO  [open.dolphin.rest.LogFilter] (default task-2) LogFilter header fallback is enabled
[0m[0m07:38:46,024 INFO  [open.dolphin] (default task-2) 127.0.0.1 dolphin GET /dolphin traceId=ba6809f6-4371-4292-b13b-f86387d76f98
[0m[0m07:38:46,025 INFO  [open.dolphin] (default task-2) 127.0.0.1 dolphin GET /dolphin traceId=2cfeb003-b28a-4287-aa18-78ac1a8d49bf
[0m[33m07:38:46,029 WARN  [open.dolphin.metrics.MeterRegistryProducer] (default task-2) Micrometer registry not found under java:jboss/micrometer/registry; falling back to global registry.
[0m[33m07:39:00,501 WARNING [io.micrometer.registry.otlp.OtlpMeterRegistry] (otlp-metrics-publisher) Failed to publish metrics to OTLP receiver: java.net.UnknownHostException: otel-collector
	at java.base/sun.nio.ch.NioSocketImpl.connect(NioSocketImpl.java:572)
	at java.base/java.net.Socket.connect(Socket.java:633)
	at java.base/sun.net.NetworkClient.doConnect(NetworkClient.java:178)
	at java.base/sun.net.www.http.HttpClient.openServer(HttpClient.java:533)
	at java.base/sun.net.www.http.HttpClient.openServer(HttpClient.java:638)
	at java.base/sun.net.www.http.HttpClient.<init>(HttpClient.java:281)
	at java.base/sun.net.www.http.HttpClient.New(HttpClient.java:386)
	at java.base/sun.net.www.http.HttpClient.New(HttpClient.java:408)
	at java.base/sun.net.www.protocol.http.HttpURLConnection.getNewHttpClient(HttpURLConnection.java:1308)
	at java.base/sun.net.www.protocol.http.HttpURLConnection.plainConnect0(HttpURLConnection.java:1241)
	at java.base/sun.net.www.protocol.http.HttpURLConnection.plainConnect(HttpURLConnection.java:1127)
	at java.base/sun.net.www.protocol.http.HttpURLConnection.connect(HttpURLConnection.java:1056)
	at java.base/sun.net.www.protocol.http.HttpURLConnection.getOutputStream0(HttpURLConnection.java:1450)
	at java.base/sun.net.www.protocol.http.HttpURLConnection.getOutputStream(HttpURLConnection.java:1421)
	at io.micrometer@1.12.4//io.micrometer.core.ipc.http.HttpUrlConnectionSender.send(HttpUrlConnectionSender.java:98)
	at io.micrometer@1.12.4//io.micrometer.core.ipc.http.HttpSender$Request$Builder.send(HttpSender.java:306)
	at io.micrometer@1.12.4//io.micrometer.registry.otlp.OtlpMeterRegistry.publish(OtlpMeterRegistry.java:168)
	at io.micrometer@1.12.4//io.micrometer.core.instrument.push.PushMeterRegistry.publishSafelyOrSkipIfInProgress(PushMeterRegistry.java:64)
	at java.base/java.util.concurrent.Executors$RunnableAdapter.call(Executors.java:539)
	at java.base/java.util.concurrent.FutureTask.runAndReset(FutureTask.java:305)
	at java.base/java.util.concurrent.ScheduledThreadPoolExecutor$ScheduledFutureTask.run(ScheduledThreadPoolExecutor.java:305)
	at java.base/java.util.concurrent.ThreadPoolExecutor.runWorker(ThreadPoolExecutor.java:1136)
	at java.base/java.util.concurrent.ThreadPoolExecutor$Worker.run(ThreadPoolExecutor.java:635)
	at java.base/java.lang.Thread.run(Thread.java:840)

[0m[0m07:39:16,112 INFO  [open.dolphin] (default task-2) 127.0.0.1 dolphin GET /dolphin traceId=fc01f5db-56ea-4293-8a50-ce570b4ad858
[0m[0m07:39:16,112 INFO  [open.dolphin] (default task-2) 127.0.0.1 dolphin GET /dolphin traceId=132f7df5-a010-4d68-9c79-986ccdc20163
[0m[0m07:39:46,170 INFO  [open.dolphin] (default task-2) 127.0.0.1 dolphin GET /dolphin traceId=e9562d8e-8a93-4a7e-bfce-7eee74765ad8
[0m[0m07:39:46,170 INFO  [open.dolphin] (default task-2) 127.0.0.1 dolphin GET /dolphin traceId=e3d842cb-f19d-4ca6-88a9-7c51297aaa93
[0m[33m07:40:00,553 WARNING [io.micrometer.registry.otlp.OtlpMeterRegistry] (otlp-metrics-publisher) Failed to publish metrics to OTLP receiver: java.net.UnknownHostException: otel-collector
	at java.base/sun.nio.ch.NioSocketImpl.connect(NioSocketImpl.java:572)
	at java.base/java.net.Socket.connect(Socket.java:633)
	at java.base/sun.net.NetworkClient.doConnect(NetworkClient.java:178)
	at java.base/sun.net.www.http.HttpClient.openServer(HttpClient.java:533)
	at java.base/sun.net.www.http.HttpClient.openServer(HttpClient.java:638)
	at java.base/sun.net.www.http.HttpClient.<init>(HttpClient.java:281)
	at java.base/sun.net.www.http.HttpClient.New(HttpClient.java:386)
	at java.base/sun.net.www.http.HttpClient.New(HttpClient.java:408)
	at java.base/sun.net.www.protocol.http.HttpURLConnection.getNewHttpClient(HttpURLConnection.java:1308)
	at java.base/sun.net.www.protocol.http.HttpURLConnection.plainConnect0(HttpURLConnection.java:1241)
	at java.base/sun.net.www.protocol.http.HttpURLConnection.plainConnect(HttpURLConnection.java:1127)
	at java.base/sun.net.www.protocol.http.HttpURLConnection.connect(HttpURLConnection.java:1056)
	at java.base/sun.net.www.protocol.http.HttpURLConnection.getOutputStream0(HttpURLConnection.java:1450)
	at java.base/sun.net.www.protocol.http.HttpURLConnection.getOutputStream(HttpURLConnection.java:1421)
	at io.micrometer@1.12.4//io.micrometer.core.ipc.http.HttpUrlConnectionSender.send(HttpUrlConnectionSender.java:98)
	at io.micrometer@1.12.4//io.micrometer.core.ipc.http.HttpSender$Request$Builder.send(HttpSender.java:306)
	at io.micrometer@1.12.4//io.micrometer.registry.otlp.OtlpMeterRegistry.publish(OtlpMeterRegistry.java:168)
	at io.micrometer@1.12.4//io.micrometer.core.instrument.push.PushMeterRegistry.publishSafelyOrSkipIfInProgress(PushMeterRegistry.java:64)
	at java.base/java.util.concurrent.Executors$RunnableAdapter.call(Executors.java:539)
	at java.base/java.util.concurrent.FutureTask.runAndReset(FutureTask.java:305)
	at java.base/java.util.concurrent.ScheduledThreadPoolExecutor$ScheduledFutureTask.run(ScheduledThreadPoolExecutor.java:305)
	at java.base/java.util.concurrent.ThreadPoolExecutor.runWorker(ThreadPoolExecutor.java:1136)
	at java.base/java.util.concurrent.ThreadPoolExecutor$Worker.run(ThreadPoolExecutor.java:635)
	at java.base/java.lang.Thread.run(Thread.java:840)

[0m[0m07:40:05,331 INFO  [stdout] (default task-2) Hibernate: select um1_0.id,um1_0.commonName,um1_0.department,um1_0.departmentCodeSys,um1_0.departmentDesc,um1_0.email,um1_0.facility_id,um1_0.factor2Auth,um1_0.givenName,um1_0.license,um1_0.licenseCodeSys,um1_0.licenseDesc,um1_0.mainMobile,um1_0.memberType,um1_0.memo,um1_0.orcaId,um1_0.password,um1_0.registeredDate,um1_0.sirName,um1_0.subMobile,um1_0.useDrugId,um1_0.userId from d_users um1_0 where um1_0.userId=?
[0m[0m07:40:05,344 INFO  [stdout] (default task-2) Hibernate: select fm1_0.id,fm1_0.address,fm1_0.facilityId,fm1_0.facilityName,fm1_0.facsimile,fm1_0.memberType,fm1_0.registeredDate,fm1_0.s3AccessKey,fm1_0.s3SecretKey,fm1_0.s3URL,fm1_0.telephone,fm1_0.url,fm1_0.zipCode from d_facility fm1_0 where fm1_0.id=?
[0m[0m07:40:05,345 INFO  [stdout] (default task-2) Hibernate: select r1_0.c_user,r1_0.id,r1_0.c_role,r1_0.user_id from d_roles r1_0 where r1_0.c_user=?
[0m[0m07:40:05,348 INFO  [open.dolphin] (default task-2) 192.168.65.1 doctor1 POST /reporting/karte traceId=aa36ca80-c827-4c26-97d4-b2b145eb16fb
[0m[0m07:40:05,348 INFO  [open.dolphin] (default task-2) 192.168.65.1 doctor1 POST /reporting/karte traceId=779c23c2-8eea-4a48-8c76-2f03cf1acd94
[0m[33m07:40:05,359 WARN  [org.apache.velocity.deprecation] (default task-2) configuration key 'classpath.resource.loader.class' has been deprecated in favor of 'resource.loader.classpath.class'
[0m[33m07:40:05,359 WARN  [org.apache.velocity.deprecation] (default task-2) configuration key 'file.resource.loader.path' has been deprecated in favor of 'resource.loader.file.path'
[0m[33m07:40:05,359 WARN  [org.apache.velocity.deprecation] (default task-2) configuration key 'resource.loader' has been deprecated in favor of 'resource.loaders'
[0m[33m07:40:05,359 WARN  [org.apache.velocity.deprecation] (default task-2) configuration key 'input.encoding' has been deprecated in favor of 'resource.default_encoding'
[0m[33m07:40:05,359 WARN  [org.apache.velocity.deprecation] (default task-2) configuration key 'file.resource.loader.cache' has been deprecated in favor of 'resource.loader.file.cache'
[0m[0m07:40:05,388 INFO  [open.dolphin.reporting.ReportingEngine] (default task-2) Reporting templates directory: /opt/jboss/wildfly/templates
[0m[33m07:40:05,392 WARN  [org.apache.velocity.deprecation] (default task-2) configuration key 'classpath.resource.loader.class' has been deprecated in favor of 'resource.loader.classpath.class'
[0m[33m07:40:05,392 WARN  [org.apache.velocity.deprecation] (default task-2) configuration key 'file.resource.loader.path' has been deprecated in favor of 'resource.loader.file.path'
[0m[33m07:40:05,392 WARN  [org.apache.velocity.deprecation] (default task-2) configuration key 'resource.loader' has been deprecated in favor of 'resource.loaders'
[0m[33m07:40:05,392 WARN  [org.apache.velocity.deprecation] (default task-2) configuration key 'input.encoding' has been deprecated in favor of 'resource.default_encoding'
[0m[33m07:40:05,392 WARN  [org.apache.velocity.deprecation] (default task-2) configuration key 'file.resource.loader.cache' has been deprecated in favor of 'resource.loader.file.cache'
[0m[0m07:40:05,394 INFO  [open.dolphin.reporting.ReportingEngine] (default task-2) Reporting templates directory: /opt/jboss/wildfly/templates
[0m[0m07:40:05,604 INFO  [open.dolphin.rest.ReportingResource] (default task-2) Rendered template=patient_summary locale=ja_JP size=205924
[0m[0m07:40:16,238 INFO  [open.dolphin] (default task-2) 127.0.0.1 dolphin GET /dolphin traceId=1dfd15b0-e6de-4a75-9816-186a2431a71c
[0m[0m07:40:16,239 INFO  [open.dolphin] (default task-2) 127.0.0.1 dolphin GET /dolphin traceId=88a5f3cc-cea1-4449-8e29-1051189c3c5b
[0m[0m07:40:39,888 INFO  [open.dolphin] (default task-2) 192.168.65.1 doctor1 POST /reporting/karte traceId=84d4da9e-d548-47c9-a0a6-f067f4925166
[0m[0m07:40:39,888 INFO  [open.dolphin] (default task-2) 192.168.65.1 doctor1 POST /reporting/karte traceId=95321410-ebb0-4c97-a890-88cc2c947524
[0m[33m07:40:39,902 WARN  [org.apache.velocity.deprecation] (default task-2) configuration key 'classpath.resource.loader.class' has been deprecated in favor of 'resource.loader.classpath.class'
[0m[33m07:40:39,902 WARN  [org.apache.velocity.deprecation] (default task-2) configuration key 'file.resource.loader.path' has been deprecated in favor of 'resource.loader.file.path'
[0m[33m07:40:39,903 WARN  [org.apache.velocity.deprecation] (default task-2) configuration key 'resource.loader' has been deprecated in favor of 'resource.loaders'
[0m[33m07:40:39,903 WARN  [org.apache.velocity.deprecation] (default task-2) configuration key 'input.encoding' has been deprecated in favor of 'resource.default_encoding'
[0m[33m07:40:39,903 WARN  [org.apache.velocity.deprecation] (default task-2) configuration key 'file.resource.loader.cache' has been deprecated in favor of 'resource.loader.file.cache'
[0m[0m07:40:39,922 INFO  [open.dolphin.reporting.ReportingEngine] (default task-2) Reporting templates directory: /opt/jboss/wildfly/templates
[0m[0m07:40:40,065 INFO  [open.dolphin.rest.ReportingResource] (default task-2) Rendered template=patient_summary locale=en_US size=148934
[0m[0m07:40:46,328 INFO  [open.dolphin] (default task-2) 127.0.0.1 dolphin GET /dolphin traceId=6b3b174d-ba66-41c4-8006-0b3d4309f732
[0m[0m07:40:46,328 INFO  [open.dolphin] (default task-2) 127.0.0.1 dolphin GET /dolphin traceId=87611389-ca64-447c-bd2a-5138187fee49
[0m[0m07:40:57,114 INFO  [open.dolphin] (default task-2) 172.19.0.7 doctor1 PUT /20/adm/eht/sendClaim traceId=parity-claim-send-20251118TmessagingParityZ2
[0m[0m07:40:57,115 INFO  [open.dolphin] (default task-2) 172.19.0.7 doctor1 PUT /20/adm/eht/sendClaim traceId=parity-claim-send-20251118TmessagingParityZ2
[0m[0m07:40:57,313 INFO  [stdout] (default task-2) null
[0m[0m07:40:57,335 INFO  [open.dolphin.audit.external] (default task-2) event=CLAIM_REQUEST timestamp=2025-11-12T22:40:57.332158179Z traceId=parity-claim-send-20251118TmessagingParityZ2 document.docId=CLAIMTEST20251111TCLAIMFIXZ0000000001 document.patientId=0000001 orca.host=orca orca.port=8000
[0m[0m07:40:57,366 INFO  [open.dolphin.msg.gateway.MessagingGateway] (default task-2) Claim message enqueued to JMS queue java:/queue/dolphin [traceId=parity-claim-send-20251118TmessagingParityZ2]
[0m[0m07:40:57,454 INFO  [open.dolphin.session.MessageSender] (Thread-118 (ActiveMQ-client-global-threads)) Processing CLAIM JMS message [traceId=parity-claim-send-20251118TmessagingParityZ2]
[0m[0m07:40:57,455 INFO  [open.dolphin.audit.external] (Thread-118 (ActiveMQ-client-global-threads)) event=CLAIM_REQUEST timestamp=2025-11-12T22:40:57.455126138Z traceId=parity-claim-send-20251118TmessagingParityZ2 document.docId=CLAIMTEST20251111TCLAIMFIXZ0000000001 document.patientId=0000001 orca.host=orca orca.port=8000
[0m[0m07:40:57,493 INFO  [stdout] (default task-2) Hibernate: select ae1_0.event_hash from d_audit_event ae1_0 order by ae1_0.event_time desc fetch first ? rows only
[0m[0m07:40:57,537 INFO  [stdout] (default task-2) Hibernate: select nextval('d_audit_event_id_seq')
[0m[0m07:40:57,541 INFO  [stdout] (default task-2) Hibernate: insert into d_audit_event (action,actor_display_name,actor_id,actor_role,event_hash,event_time,ip_address,patient_id,payload,payload_hash,previous_hash,request_id,resource,trace_id,user_agent,id) values (?,?,?,?,?,?,?,?,?,?,?,?,?,?,?,?)
[0m[33m07:40:57,544 WARN  [org.apache.velocity.deprecation] (Thread-118 (ActiveMQ-client-global-threads)) configuration key 'classpath.resource.loader.class' has been deprecated in favor of 'resource.loader.classpath.class'
[0m[33m07:40:57,545 WARN  [org.apache.velocity.deprecation] (Thread-118 (ActiveMQ-client-global-threads)) configuration key 'file.resource.loader.path' has been deprecated in favor of 'resource.loader.file.path'
[0m[33m07:40:57,545 WARN  [org.apache.velocity.deprecation] (Thread-118 (ActiveMQ-client-global-threads)) configuration key 'resource.loader' has been deprecated in favor of 'resource.loaders'
[0m[33m07:40:57,545 WARN  [org.apache.velocity.deprecation] (Thread-118 (ActiveMQ-client-global-threads)) configuration key 'input.encoding' has been deprecated in favor of 'resource.default_encoding'
[0m[33m07:40:57,545 WARN  [org.apache.velocity.deprecation] (Thread-118 (ActiveMQ-client-global-threads)) configuration key 'file.resource.loader.cache' has been deprecated in favor of 'resource.loader.file.cache'
[0m[0m07:40:57,567 INFO  [dolphin.claim] (Thread-118 (ActiveMQ-client-global-threads)) <?xml version="1.0" encoding="UTF-8"?> 
<Mml version="2.3" createDate="2025-11-11T09:00:00" 
        xmlns:xhtml="http://www.w3.org/1999/xhtml"
        xmlns:mmlCm="http://www.medxml.net/MML/SharedComponent/Common/1.0"
        xmlns:mmlNm="http://www.medxml.net/MML/SharedComponent/Name/1.0"
        xmlns:mmlFc="http://www.medxml.net/MML/SharedComponent/Facility/1.0"
        xmlns:mmlDp="http://www.medxml.net/MML/SharedComponent/Department/1.0"
        xmlns:mmlAd="http://www.medxml.net/MML/SharedComponent/Address/1.0"
        xmlns:mmlPh="http://www.medxml.net/MML/SharedComponent/Phone/1.0"
        xmlns:mmlPsi="http://www.medxml.net/MML/SharedComponent/PersonalizedInfo/1.0"
        xmlns:mmlCi="http://www.medxml.net/MML/SharedComponent/CreatorInfo/1.0"
        xmlns:mmlPi="http://www.medxml.net/MML/ContentModule/PatientInfo/1.0"
        xmlns:mmlBc="http://www.medxml.net/MML/ContentModule/BaseClinic/1.0"
        xmlns:mmlFcl="http://www.medxml.net/MML/ContentModule/FirstClinic/1.0"
        xmlns:mmlHi="http://www.medxml.net/MML/ContentModule/HealthInsurance/1.1"
        xmlns:mmlLs="http://www.medxml.net/MML/ContentModule/Lifestyle/1.0"
        xmlns:mmlPc="http://www.medxml.net/MML/ContentModule/ProgressCourse/1.0"
        xmlns:mmlRd="http://www.medxml.net/MML/ContentModule/RegisteredDiagnosis/1.0"
        xmlns:mmlSg="http://www.medxml.net/MML/ContentModule/Surgery/1.0"
        xmlns:mmlSm="http://www.medxml.net/MML/ContentModule/Summary/1.0"
        xmlns:mmlLb="http://www.medxml.net/MML/ContentModule/test/1.0"
        xmlns:mmlRp="http://www.medxml.net/MML/ContentModule/report/1.0"
        xmlns:mmlRe="http://www.medxml.net/MML/ContentModule/Referral/1.0"
        xmlns:mmlSc="http://www.medxml.net/MML/SharedComponent/Security/1.0"
        xmlns:claim="http://www.medxml.net/claim/claimModule/2.1"
        xmlns:claimA="http://www.medxml.net/claim/claimAmountModule/2.1">
    <MmlHeader>
        <mmlCi:CreatorInfo>
            <mmlPsi:PersonalizedInfo>
                <mmlCm:Id mmlCm:type="local" mmlCm:tableId="MML0024">DR001</mmlCm:Id>
                <mmlPsi:personName>
                    <mmlNm:Name mmlNm:repCode="I" mmlNm:tableId="MML0025">
                        <mmlNm:fullname>Dr.Test</mmlNm:fullname>
                    </mmlNm:Name>
                </mmlPsi:personName>
                <mmlFc:Facility>
                    <mmlFc:name mmlFc:repCode="I" mmlFc:tableId="MML0025">OpenDolphin Test Clinic</mmlFc:name>
                    <mmlCm:Id mmlCm:type="insurance" mmlCm:tableId="MML0027">1234567</mmlCm:Id>
                </mmlFc:Facility>
                <mmlDp:Department>
                    <mmlDp:name mmlDp:repCode="I" mmlDp:tableId="MML0025">01</mmlDp:name>
                    <mmlCm:Id mmlCm:type="medical" mmlCm:tableId="MML0029">内科</mmlCm:Id>
                </mmlDp:Department>
            </mmlPsi:PersonalizedInfo>
            <mmlCi:creatorLicense mmlCi:tableId="MML0026">doctor</mmlCi:creatorLicense>
        </mmlCi:CreatorInfo>
        <masterId>
            <mmlCm:Id mmlCm:type="facility" mmlCm:tableId="MML0024">0000001</mmlCm:Id>
        </masterId>
        <toc>
            <tocItem>http://www.medxml.net/MML/SharedComponent/Common/1.0</tocItem>
            <tocItem>http://www.medxml.net/MML/SharedComponent/Name/1.0</tocItem>
            <tocItem>http://www.medxml.net/MML/SharedComponent/Facility/1.0</tocItem>
            <tocItem>http://www.medxml.net/MML/SharedComponent/Department/1.0</tocItem>
            <tocItem>http://www.medxml.net/MML/SharedComponent/Address/1.0</tocItem>
            <tocItem>http://www.medxml.net/MML/SharedComponent/Phone/1.0</tocItem>
            <tocItem>http://www.medxml.net/MML/SharedComponent/PersonalizedInfo/1.0</tocItem>
            <tocItem>http://www.medxml.net/MML/SharedComponent/CreatorInfo/1.0</tocItem>
            <tocItem>http://www.medxml.net/MML/SharedComponent/Security/1.0</tocItem>
            <tocItem>http://www.medxml.net/MML/ContentModule/PatientInfo/1.0</tocItem>
            <tocItem>http://www.medxml.net/MML/ContentModule/BaseClinic/1.0</tocItem>
            <tocItem>http://www.medxml.net/MML/ContentModule/FirstClinic/1.0</tocItem>
            <tocItem>http://www.medxml.net/MML/ContentModule/HealthInsurance/1.1</tocItem>
            <tocItem>http://www.medxml.net/MML/ContentModule/Lifestyle/1.0</tocItem>
            <tocItem>http://www.medxml.net/MML/ContentModule/ProgressCourse/1.0</tocItem>
            <tocItem>http://www.medxml.net/MML/ContentModule/RegisteredDiagnosis/1.0</tocItem>
            <tocItem>http://www.medxml.net/MML/ContentModule/Surgery/1.0</tocItem>
            <tocItem>http://www.medxml.net/MML/ContentModule/Summary/1.0</tocItem>
            <tocItem>http://www.medxml.net/MML/ContentModule/test/1.0</tocItem>
            <tocItem>http://www.medxml.net/MML/ContentModule/report/1.0</tocItem>
            <tocItem>http://www.medxml.net/MML/ContentModule/Referral/1.0</tocItem>
            <tocItem>http://www.medxml.net/claim/claimModule/2.1</tocItem>
            <tocItem>http://www.medxml.net/claim/claimAmountModule/2.1</tocItem>
        </toc>
    </MmlHeader>
    <MmlBody>
            <MmlModuleItem>
                <docInfo contentModuleType="healthInsurance">
                    <securityLevel>
                        <accessRight permit="all">
                            <mmlSc:facility>
                                <mmlSc:facilityName mmlSc:facilityCode="creator">記載者施設</mmlSc:facilityName>
                            </mmlSc:facility>
                        </accessRight>
                    </securityLevel>
                    <title generationPurpose="record">診療録</title>
                    <docId>
                        <uid>CLAIMTEST20251111TCLAIMFIXZ0000000001</uid>
                        <groupId groupClass="record">CLAIMTEST20251111TCLAIMFIXZ0000000001</groupId>
                    </docId>
                    <confirmDate>2025-11-11T09:00:00</confirmDate>
                    <mmlCi:CreatorInfo>
                        <mmlPsi:PersonalizedInfo>
                            <mmlCm:Id mmlCm:type="local" mmlCm:tableId="MML0024">DR001</mmlCm:Id>
                            <mmlPsi:personName>
                                <mmlNm:Name mmlNm:repCode="I" mmlNm:tableId="MML0025">
                                    <mmlNm:fullname>Dr.Test</mmlNm:fullname>
                                </mmlNm:Name>
                            </mmlPsi:personName>
                            <mmlFc:Facility>
                                <mmlFc:name mmlFc:repCode="I" mmlFc:tableId="MML0025">OpenDolphin Test Clinic</mmlFc:name>
                                <mmlCm:Id mmlCm:type="insurance" mmlCm:tableId="MML0027">1234567</mmlCm:Id>
                            </mmlFc:Facility>
                        </mmlPsi:PersonalizedInfo>
                        <mmlCi:creatorLicense mmlCi:tableId="MML0026">doctor</mmlCi:creatorLicense>
                    </mmlCi:CreatorInfo>
                    <extRefs />
                </docInfo>
                <content>
                    <mmlHi:HealthInsuranceModule mmlHi:countryType="JPN">
			<mmlHi:insuranceNumber>${claimHelper.getSelectedInsurance().getInsuranceNumber()}</mmlHi:insuranceNumber>
                    	<mmlHi:clientId>
                            <mmlHi:group>${claimHelper.getSelectedInsurance().getClientGroup()}</mmlHi:group>
                            <mmlHi:number>${claimHelper.getSelectedInsurance().getClientNumber()}</mmlHi:number>
                    	</mmlHi:clientId>
                    	<mmlHi:familyClass>${claimHelper.getSelectedInsurance().getFamilyClass()}</mmlHi:familyClass>
                    	<mmlHi:startDate>${claimHelper.getSelectedInsurance().getStartDate()}</mmlHi:startDate>
                    	<mmlHi:expiredDate>${claimHelper.getSelectedInsurance().getExpiredDate()}</mmlHi:expiredDate>
                    </mmlHi:HealthInsuranceModule>
                </content>
            </MmlModuleItem>
        <MmlModuleItem>
            <docInfo contentModuleType="claim">
                <securityLevel>
                    <accessRight permit="all">
                        <mmlSc:facility>
                            <mmlSc:facilityName mmlSc:facilityCode="creator">記載者施設</mmlSc:facilityName>
                        </mmlSc:facility>
                    </accessRight>
                </securityLevel>
                <title generationPurpose="record">診療録</title>
                <docId>
                    <uid>CLAIMTEST20251111TCLAIMFIXZ0000000001</uid>
                    <groupId groupClass="record">CLAIMTEST20251111TCLAIMFIXZ0000000001</groupId>
                </docId>
                <confirmDate>2025-11-11T09:00:00</confirmDate>
                <mmlCi:CreatorInfo>
                    <mmlPsi:PersonalizedInfo>
                        <mmlCm:Id mmlCm:type="local" mmlCm:tableId="MML0024">DR001</mmlCm:Id>
                        <mmlPsi:personName>
                            <mmlNm:Name mmlNm:repCode="I" mmlNm:tableId="MML0025">
                                <mmlNm:fullname>Dr.Test</mmlNm:fullname>
                            </mmlNm:Name>
                        </mmlPsi:personName>
                        <mmlFc:Facility>
                            <mmlFc:name mmlFc:repCode="I" mmlFc:tableId="MML0025">OpenDolphin Test Clinic</mmlFc:name>
                            <mmlCm:Id mmlCm:type="insurance" mmlCm:tableId="MML0027">1234567</mmlCm:Id>
                        </mmlFc:Facility>
                        <mmlDp:Department>
                            <mmlDp:name mmlDp:repCode="I" mmlDp:tableId="MML0025">01</mmlDp:name>
                            <mmlCm:Id mmlCm:type="medical" mmlCm:tableId="MML0029">内科</mmlCm:Id>
                        </mmlDp:Department>
                    </mmlPsi:PersonalizedInfo>
                    <mmlCi:creatorLicense mmlCi:tableId="MML0026">doctor</mmlCi:creatorLicense>
                </mmlCi:CreatorInfo>
                <extRefs />
            </docInfo>
            <content>
                <claim:ClaimModule>
                    <claim:information claim:status="perform"
                                       claim:orderTime="2025-11-11T09:00:00"
                                       claim:admitFlag="false"
                                       claim:defaultTableId="dolphin_2001_10_03">
                        <mmlHi:insuranceClass mmlHi:ClassCode="${claimHelper.getHealthInsuranceClassCode()}" mmlHi:tableId="MML0031">${claimHelper.getHealthInsuranceDesc()}</mmlHi:insuranceClass>
                    </claim:information>
                    <claim:bundle claim:classCode="230000" claim:classCodeId="Claim007">
                        <claim:className>内服薬</claim:className>
                        <claim:bundleNumber>1</claim:bundleNumber>
                        <claim:item claim:subclassCodeId="Claim003" claim:code="610002001">
                            <claim:name>アセトアミノフェン錠200mg</claim:name>
                            <claim:number claim:numberCode="10" claim:numberCodeId="Claim004">3</claim:number>
                        </claim:item>
                        <claim:item claim:subclassCodeId="Claim003" claim:code="1">
                            <claim:name>内服 毎食後</claim:name>
                        </claim:item>
                        <claim:memo>テスト送信 RUN_ID=20251111TclaimfixZ</claim:memo>
                    </claim:bundle>
                </claim:ClaimModule>
            </content>
        </MmlModuleItem>
    </MmlBody>
</Mml>
[0m[33m07:40:57,593 WARNING [dolphin.claim] (Thread-118 (ActiveMQ-client-global-threads)) UNKNOWN(72): 2025-11-11T09:00:00 0000001 テスト 太郎 M
[0m[0m07:40:57,594 INFO  [open.dolphin.audit.external] (Thread-118 (ActiveMQ-client-global-threads)) event=CLAIM_SUCCESS timestamp=2025-11-12T22:40:57.594874221Z traceId=parity-claim-send-20251118TmessagingParityZ2 document.docId=CLAIMTEST20251111TCLAIMFIXZ0000000001 document.patientId=0000001 orca.host=orca orca.port=8000
[0m[33m07:41:00,511 WARNING [io.micrometer.registry.otlp.OtlpMeterRegistry] (otlp-metrics-publisher) Failed to publish metrics to OTLP receiver: java.net.UnknownHostException: otel-collector
	at java.base/sun.nio.ch.NioSocketImpl.connect(NioSocketImpl.java:572)
	at java.base/java.net.Socket.connect(Socket.java:633)
	at java.base/sun.net.NetworkClient.doConnect(NetworkClient.java:178)
	at java.base/sun.net.www.http.HttpClient.openServer(HttpClient.java:533)
	at java.base/sun.net.www.http.HttpClient.openServer(HttpClient.java:638)
	at java.base/sun.net.www.http.HttpClient.<init>(HttpClient.java:281)
	at java.base/sun.net.www.http.HttpClient.New(HttpClient.java:386)
	at java.base/sun.net.www.http.HttpClient.New(HttpClient.java:408)
	at java.base/sun.net.www.protocol.http.HttpURLConnection.getNewHttpClient(HttpURLConnection.java:1308)
	at java.base/sun.net.www.protocol.http.HttpURLConnection.plainConnect0(HttpURLConnection.java:1241)
	at java.base/sun.net.www.protocol.http.HttpURLConnection.plainConnect(HttpURLConnection.java:1127)
	at java.base/sun.net.www.protocol.http.HttpURLConnection.connect(HttpURLConnection.java:1056)
	at java.base/sun.net.www.protocol.http.HttpURLConnection.getOutputStream0(HttpURLConnection.java:1450)
	at java.base/sun.net.www.protocol.http.HttpURLConnection.getOutputStream(HttpURLConnection.java:1421)
	at io.micrometer@1.12.4//io.micrometer.core.ipc.http.HttpUrlConnectionSender.send(HttpUrlConnectionSender.java:98)
	at io.micrometer@1.12.4//io.micrometer.core.ipc.http.HttpSender$Request$Builder.send(HttpSender.java:306)
	at io.micrometer@1.12.4//io.micrometer.registry.otlp.OtlpMeterRegistry.publish(OtlpMeterRegistry.java:168)
	at io.micrometer@1.12.4//io.micrometer.core.instrument.push.PushMeterRegistry.publishSafelyOrSkipIfInProgress(PushMeterRegistry.java:64)
	at java.base/java.util.concurrent.Executors$RunnableAdapter.call(Executors.java:539)
	at java.base/java.util.concurrent.FutureTask.runAndReset(FutureTask.java:305)
	at java.base/java.util.concurrent.ScheduledThreadPoolExecutor$ScheduledFutureTask.run(ScheduledThreadPoolExecutor.java:305)
	at java.base/java.util.concurrent.ThreadPoolExecutor.runWorker(ThreadPoolExecutor.java:1136)
	at java.base/java.util.concurrent.ThreadPoolExecutor$Worker.run(ThreadPoolExecutor.java:635)
	at java.base/java.lang.Thread.run(Thread.java:840)

[0m[0m07:41:16,418 INFO  [open.dolphin] (default task-2) 127.0.0.1 dolphin GET /dolphin traceId=c1fb22d6-6c92-491b-97b4-81d7aab2899b
[0m[0m07:41:16,419 INFO  [open.dolphin] (default task-2) 127.0.0.1 dolphin GET /dolphin traceId=135cb1c2-7662-424b-967a-4e6cb668710f
[0m[0m07:41:46,508 INFO  [open.dolphin] (default task-2) 127.0.0.1 dolphin GET /dolphin traceId=0c020eb9-699e-48e4-a1b2-211930883539
[0m[0m07:41:46,508 INFO  [open.dolphin] (default task-2) 127.0.0.1 dolphin GET /dolphin traceId=d43e1599-2c42-4a29-92e5-48f813a7af2c
[0m[0m07:41:59,695 INFO  [open.dolphin] (default task-2) 172.19.0.7 doctor1 POST /karte/diagnosis/claim traceId=parity-diagnosis-send-20251118TmessagingParityZ2
[0m[0m07:41:59,696 INFO  [open.dolphin] (default task-2) 172.19.0.7 doctor1 POST /karte/diagnosis/claim traceId=parity-diagnosis-send-20251118TmessagingParityZ2
[0m[33m07:42:00,498 WARNING [io.micrometer.registry.otlp.OtlpMeterRegistry] (otlp-metrics-publisher) Failed to publish metrics to OTLP receiver: java.net.UnknownHostException: otel-collector
	at java.base/sun.nio.ch.NioSocketImpl.connect(NioSocketImpl.java:572)
	at java.base/java.net.Socket.connect(Socket.java:633)
	at java.base/sun.net.NetworkClient.doConnect(NetworkClient.java:178)
	at java.base/sun.net.www.http.HttpClient.openServer(HttpClient.java:533)
	at java.base/sun.net.www.http.HttpClient.openServer(HttpClient.java:638)
	at java.base/sun.net.www.http.HttpClient.<init>(HttpClient.java:281)
	at java.base/sun.net.www.http.HttpClient.New(HttpClient.java:386)
	at java.base/sun.net.www.http.HttpClient.New(HttpClient.java:408)
	at java.base/sun.net.www.protocol.http.HttpURLConnection.getNewHttpClient(HttpURLConnection.java:1308)
	at java.base/sun.net.www.protocol.http.HttpURLConnection.plainConnect0(HttpURLConnection.java:1241)
	at java.base/sun.net.www.protocol.http.HttpURLConnection.plainConnect(HttpURLConnection.java:1127)
	at java.base/sun.net.www.protocol.http.HttpURLConnection.connect(HttpURLConnection.java:1056)
	at java.base/sun.net.www.protocol.http.HttpURLConnection.getOutputStream0(HttpURLConnection.java:1450)
	at java.base/sun.net.www.protocol.http.HttpURLConnection.getOutputStream(HttpURLConnection.java:1421)
	at io.micrometer@1.12.4//io.micrometer.core.ipc.http.HttpUrlConnectionSender.send(HttpUrlConnectionSender.java:98)
	at io.micrometer@1.12.4//io.micrometer.core.ipc.http.HttpSender$Request$Builder.send(HttpSender.java:306)
	at io.micrometer@1.12.4//io.micrometer.registry.otlp.OtlpMeterRegistry.publish(OtlpMeterRegistry.java:168)
	at io.micrometer@1.12.4//io.micrometer.core.instrument.push.PushMeterRegistry.publishSafelyOrSkipIfInProgress(PushMeterRegistry.java:64)
	at java.base/java.util.concurrent.Executors$RunnableAdapter.call(Executors.java:539)
	at java.base/java.util.concurrent.FutureTask.runAndReset(FutureTask.java:305)
	at java.base/java.util.concurrent.ScheduledThreadPoolExecutor$ScheduledFutureTask.run(ScheduledThreadPoolExecutor.java:305)
	at java.base/java.util.concurrent.ThreadPoolExecutor.runWorker(ThreadPoolExecutor.java:1136)
	at java.base/java.util.concurrent.ThreadPoolExecutor$Worker.run(ThreadPoolExecutor.java:635)
	at java.base/java.lang.Thread.run(Thread.java:840)

[0m[0m07:42:16,568 INFO  [open.dolphin] (default task-2) 127.0.0.1 dolphin GET /dolphin traceId=d9e6d795-721a-410d-8a3a-9b1fd2682806
[0m[0m07:42:16,569 INFO  [open.dolphin] (default task-2) 127.0.0.1 dolphin GET /dolphin traceId=ec3bc4d8-bec5-4b37-a70c-f3aac69f6296
[0m[0m07:42:22,764 INFO  [open.dolphin] (default task-2) 172.19.0.7 doctor1 POST /karte/diagnosis/claim traceId=parity-diagnosis-send-20251118TmessagingParityZ2
[0m[0m07:42:22,765 INFO  [open.dolphin] (default task-2) 172.19.0.7 doctor1 POST /karte/diagnosis/claim traceId=parity-diagnosis-send-20251118TmessagingParityZ2
[0m[0m07:42:22,808 INFO  [stdout] (default task-2) Hibernate: select nextval('d_diagnosis_SEQ')
[0m[0m07:42:22,831 INFO  [open.dolphin.audit.external] (default task-2) event=DIAGNOSIS_REQUEST timestamp=2025-11-12T22:42:22.830587385Z traceId=parity-diagnosis-send-20251118TmessagingParityZ2 diagnosis.patientId=0000001 diagnosis.confirmDate=2025-11-08 09:30:00.000 diagnosis.addedCount=1 diagnosis.updatedCount=0 diagnosis.deletedCount=0 orca.host=orca orca.port=8000
[0m[0m07:42:22,915 INFO  [open.dolphin.msg.gateway.MessagingGateway] (default task-2) Diagnosis message enqueued to JMS queue java:/queue/dolphin [traceId=parity-diagnosis-send-20251118TmessagingParityZ2]
[0m[0m07:42:22,927 INFO  [stdout] (default task-2) Hibernate: insert into d_diagnosis (confirmed,creator_id,department,departmentDesc,diagnosis,diagnosisCategory,diagnosisCategoryCodeSys,diagnosisCategoryDesc,diagnosisCode,diagnosisCodeSystem,outcome,outcomeCodeSys,outcomeDesc,ended,firstEncounterDate,karte_id,linkId,linkRelation,recorded,relatedHealthInsurance,started,status,id) values (?,?,?,?,?,?,?,?,?,?,?,?,?,?,?,?,?,?,?,?,?,?,?)
[0m[0m07:42:22,957 INFO  [open.dolphin.session.MessageSender] (Thread-119 (ActiveMQ-client-global-threads)) Processing Diagnosis JMS message [traceId=parity-diagnosis-send-20251118TmessagingParityZ2]
[0m[0m07:42:22,959 INFO  [open.dolphin.audit.external] (Thread-119 (ActiveMQ-client-global-threads)) event=DIAGNOSIS_REQUEST timestamp=2025-11-12T22:42:22.958996719Z traceId=parity-diagnosis-send-20251118TmessagingParityZ2 diagnosis.patientId=0000001 diagnosis.confirmDate=2025-11-08 09:30:00.000 diagnosis.addedCount=1 diagnosis.updatedCount=0 diagnosis.deletedCount=0 orca.host=orca orca.port=8000
[0m[0m07:42:23,011 INFO  [dolphin.claim] (Thread-119 (ActiveMQ-client-global-threads)) <?xml version="1.0" encoding="UTF-8"?> 
<Mml version="2.3" createDate="2025-11-08 09:30:00.000" 
	xmlns:xhtml="http://www.w3.org/1999/xhtml" 
	xmlns:mmlCm="http://www.medxml.net/MML/SharedComponent/Common/1.0" 
	xmlns:mmlNm="http://www.medxml.net/MML/SharedComponent/Name/1.0" 
	xmlns:mmlFc="http://www.medxml.net/MML/SharedComponent/Facility/1.0" 
	xmlns:mmlDp="http://www.medxml.net/MML/SharedComponent/Department/1.0" 
	xmlns:mmlAd="http://www.medxml.net/MML/SharedComponent/Address/1.0" 
	xmlns:mmlPh="http://www.medxml.net/MML/SharedComponent/Phone/1.0" 
	xmlns:mmlPsi="http://www.medxml.net/MML/SharedComponent/PersonalizedInfo/1.0" 
	xmlns:mmlCi="http://www.medxml.net/MML/SharedComponent/CreatorInfo/1.0" 
	xmlns:mmlPi="http://www.medxml.net/MML/ContentModule/PatientInfo/1.0" 
	xmlns:mmlBc="http://www.medxml.net/MML/ContentModule/BaseClinic/1.0" 
	xmlns:mmlFcl="http://www.medxml.net/MML/ContentModule/FirstClinic/1.0" 
	xmlns:mmlHi="http://www.medxml.net/MML/ContentModule/HealthInsurance/1.1" 
	xmlns:mmlLs="http://www.medxml.net/MML/ContentModule/Lifestyle/1.0" 
	xmlns:mmlPc="http://www.medxml.net/MML/ContentModule/ProgressCourse/1.0" 
	xmlns:mmlRd="http://www.medxml.net/MML/ContentModule/RegisteredDiagnosis/1.0" 
	xmlns:mmlSg="http://www.medxml.net/MML/ContentModule/Surgery/1.0" 
	xmlns:mmlSm="http://www.medxml.net/MML/ContentModule/Summary/1.0" 
	xmlns:mmlLb="http://www.medxml.net/MML/ContentModule/test/1.0" 
	xmlns:mmlRp="http://www.medxml.net/MML/ContentModule/report/1.0" 
	xmlns:mmlRe="http://www.medxml.net/MML/ContentModule/Referral/1.0" 
	xmlns:mmlSc="http://www.medxml.net/MML/SharedComponent/Security/1.0" 
	xmlns:claim="http://www.medxml.net/claim/claimModule/2.1" 
	xmlns:claimA="http://www.medxml.net/claim/claimAmountModule/2.1">
	<MmlHeader>
		<mmlCi:CreatorInfo>
			<mmlPsi:PersonalizedInfo>
				<mmlCm:Id mmlCm:type="local" mmlCm:tableId="MML0024">doctor</mmlCm:Id> 
				<mmlPsi:personName>
					<mmlNm:Name mmlNm:repCode="I" mmlNm:tableId="MML0025">
						<mmlNm:fullname>Doctor Test</mmlNm:fullname>
					</mmlNm:Name>
				</mmlPsi:personName>
                                <mmlFc:Facility>
                                    <mmlFc:name mmlFc:repCode="I" mmlFc:tableId="MML0025">OpenDolphin Test Clinic</mmlFc:name>
                                    <mmlCm:Id mmlCm:type="insurance" mmlCm:tableId="MML0027">1234567</mmlCm:Id>
                                </mmlFc:Facility>
                                <mmlDp:Department>
                                    <mmlDp:name mmlDp:repCode="I" mmlDp:tableId="MML0025">内科</mmlDp:name>
                                    <mmlCm:Id mmlCm:type="medical" mmlCm:tableId="MML0029">01</mmlCm:Id>
                                </mmlDp:Department>
			</mmlPsi:PersonalizedInfo>
			<mmlCi:creatorLicense mmlCi:tableId="MML0026">doctor</mmlCi:creatorLicense> 
		</mmlCi:CreatorInfo>
		<masterId>
  			<mmlCm:Id mmlCm:type="facility" mmlCm:tableId="MML0024">0000001</mmlCm:Id> 
		</masterId>
		<toc>
  			<tocItem>http://www.medxml.net/MML/SharedComponent/Common/1.0</tocItem> 
  			<tocItem>http://www.medxml.net/MML/SharedComponent/Name/1.0</tocItem> 
  			<tocItem>http://www.medxml.net/MML/SharedComponent/Facility/1.0</tocItem> 
  			<tocItem>http://www.medxml.net/MML/SharedComponent/Department/1.0</tocItem> 
  			<tocItem>http://www.medxml.net/MML/SharedComponent/Address/1.0</tocItem> 
  			<tocItem>http://www.medxml.net/MML/SharedComponent/Phone/1.0</tocItem> 
  			<tocItem>http://www.medxml.net/MML/SharedComponent/PersonalizedInfo/1.0</tocItem> 
  			<tocItem>http://www.medxml.net/MML/SharedComponent/CreatorInfo/1.0</tocItem> 
  			<tocItem>http://www.medxml.net/MML/SharedComponent/Security/1.0</tocItem> 
  			<tocItem>http://www.medxml.net/MML/ContentModule/PatientInfo/1.0</tocItem> 
  			<tocItem>http://www.medxml.net/MML/ContentModule/BaseClinic/1.0</tocItem> 
  			<tocItem>http://www.medxml.net/MML/ContentModule/FirstClinic/1.0</tocItem> 
  			<tocItem>http://www.medxml.net/MML/ContentModule/HealthInsurance/1.1</tocItem> 
  			<tocItem>http://www.medxml.net/MML/ContentModule/Lifestyle/1.0</tocItem> 
  			<tocItem>http://www.medxml.net/MML/ContentModule/ProgressCourse/1.0</tocItem> 
  			<tocItem>http://www.medxml.net/MML/ContentModule/RegisteredDiagnosis/1.0</tocItem> 
  			<tocItem>http://www.medxml.net/MML/ContentModule/Surgery/1.0</tocItem> 
  			<tocItem>http://www.medxml.net/MML/ContentModule/Summary/1.0</tocItem> 
  			<tocItem>http://www.medxml.net/MML/ContentModule/test/1.0</tocItem> 
  			<tocItem>http://www.medxml.net/MML/ContentModule/report/1.0</tocItem> 
  			<tocItem>http://www.medxml.net/MML/ContentModule/Referral/1.0</tocItem> 
  			<tocItem>http://www.medxml.net/claim/claimModule/2.1</tocItem> 
  			<tocItem>http://www.medxml.net/claim/claimAmountModule/2.1</tocItem> 
		</toc>
	</MmlHeader>
	<MmlBody>
	

		<MmlModuleItem>
			<docInfo contentModuleType="registeredDiagnosis">
				<securityLevel>
					<accessRight permit="all">
						<mmlSc:facility>
							<mmlSc:facilityName mmlSc:facilityCode="creator">記載者施設</mmlSc:facilityName> 
						</mmlSc:facility>
					</accessRight>
				</securityLevel>
				<title generationPurpose="record">recode</title> 
				<docId>
  					<uid>7a3bfc75ac13000521a604046ff410d4</uid> 
  					<groupId groupClass="record">7a3bfc79ac1300057b74c62b34f21aa3</groupId> 
				</docId>
				<confirmDate>2025-11-08 09:30:00.000</confirmDate> 
				<mmlCi:CreatorInfo>
					<mmlPsi:PersonalizedInfo>
  						<mmlCm:Id mmlCm:type="local" mmlCm:tableId="MML0024">doctor</mmlCm:Id> 
							<mmlPsi:personName>
								<mmlNm:Name mmlNm:repCode="I" mmlNm:tableId="MML0025">
  									<mmlNm:fullname>Doctor Test</mmlNm:fullname> 
								</mmlNm:Name>
							</mmlPsi:personName>
                                                        <mmlFc:Facility>
                                                            <mmlFc:name mmlFc:repCode="I" mmlFc:tableId="MML0025">OpenDolphin Test Clinic</mmlFc:name>
                                                            <mmlCm:Id mmlCm:type="insurance" mmlCm:tableId="MML0027">1234567</mmlCm:Id>
                                                        </mmlFc:Facility>
                                                <mmlDp:Department>
                                                    <mmlDp:name mmlDp:repCode="I" mmlDp:tableId="MML0025">内科</mmlDp:name>
                                                    <mmlCm:Id mmlCm:type="medical" mmlCm:tableId="MML0029">01</mmlCm:Id>
                                                </mmlDp:Department>
  					</mmlPsi:PersonalizedInfo>
  					<mmlCi:creatorLicense mmlCi:tableId="MML0026">doctor</mmlCi:creatorLicense> 
  				</mmlCi:CreatorInfo>
  				<extRefs /> 
  			</docInfo>
			<content>
				<mmlRd:RegisteredDiagnosisModule>
					<mmlRd:diagnosis mmlRd:code="0000999" mmlRd:system="Diagnosis">感冒</mmlRd:diagnosis> 
					<mmlRd:categories>
						<mmlRd:category mmlRd:tableId="custom">mainDiagnosis</mmlRd:category> 
					</mmlRd:categories>
					<mmlRd:startDate>2025-11-08</mmlRd:startDate>
					<mmlRd:outcome>provisional</mmlRd:outcome>
					<mmlRd:firstEncounterDate>2025-11-08</mmlRd:firstEncounterDate>
				</mmlRd:RegisteredDiagnosisModule>
			</content>
		</MmlModuleItem>
	</MmlBody>
</Mml>
[0m[33m07:42:23,028 WARNING [dolphin.claim] (Thread-119 (ActiveMQ-client-global-threads)) UNKNOWN(72): 2025-11-08 09:30:00.000 0000001 テスト 太郎 M
[0m[0m07:42:23,031 INFO  [open.dolphin.audit.external] (Thread-119 (ActiveMQ-client-global-threads)) event=DIAGNOSIS_SUCCESS timestamp=2025-11-12T22:42:23.031194594Z traceId=parity-diagnosis-send-20251118TmessagingParityZ2 diagnosis.patientId=0000001 diagnosis.confirmDate=2025-11-08 09:30:00.000 diagnosis.addedCount=1 diagnosis.updatedCount=0 diagnosis.deletedCount=0 orca.host=orca orca.port=8000
[0m[0m07:42:46,658 INFO  [open.dolphin] (default task-2) 127.0.0.1 dolphin GET /dolphin traceId=32b272bc-f25c-4e90-b573-9b73c4b65194
[0m[0m07:42:46,661 INFO  [open.dolphin] (default task-2) 127.0.0.1 dolphin GET /dolphin traceId=84847cef-4737-4a20-94b9-c6a3001497b9
[0m[33m07:43:00,503 WARNING [io.micrometer.registry.otlp.OtlpMeterRegistry] (otlp-metrics-publisher) Failed to publish metrics to OTLP receiver: java.net.UnknownHostException: otel-collector
	at java.base/sun.nio.ch.NioSocketImpl.connect(NioSocketImpl.java:572)
	at java.base/java.net.Socket.connect(Socket.java:633)
	at java.base/sun.net.NetworkClient.doConnect(NetworkClient.java:178)
	at java.base/sun.net.www.http.HttpClient.openServer(HttpClient.java:533)
	at java.base/sun.net.www.http.HttpClient.openServer(HttpClient.java:638)
	at java.base/sun.net.www.http.HttpClient.<init>(HttpClient.java:281)
	at java.base/sun.net.www.http.HttpClient.New(HttpClient.java:386)
	at java.base/sun.net.www.http.HttpClient.New(HttpClient.java:408)
	at java.base/sun.net.www.protocol.http.HttpURLConnection.getNewHttpClient(HttpURLConnection.java:1308)
	at java.base/sun.net.www.protocol.http.HttpURLConnection.plainConnect0(HttpURLConnection.java:1241)
	at java.base/sun.net.www.protocol.http.HttpURLConnection.plainConnect(HttpURLConnection.java:1127)
	at java.base/sun.net.www.protocol.http.HttpURLConnection.connect(HttpURLConnection.java:1056)
	at java.base/sun.net.www.protocol.http.HttpURLConnection.getOutputStream0(HttpURLConnection.java:1450)
	at java.base/sun.net.www.protocol.http.HttpURLConnection.getOutputStream(HttpURLConnection.java:1421)
	at io.micrometer@1.12.4//io.micrometer.core.ipc.http.HttpUrlConnectionSender.send(HttpUrlConnectionSender.java:98)
	at io.micrometer@1.12.4//io.micrometer.core.ipc.http.HttpSender$Request$Builder.send(HttpSender.java:306)
	at io.micrometer@1.12.4//io.micrometer.registry.otlp.OtlpMeterRegistry.publish(OtlpMeterRegistry.java:168)
	at io.micrometer@1.12.4//io.micrometer.core.instrument.push.PushMeterRegistry.publishSafelyOrSkipIfInProgress(PushMeterRegistry.java:64)
	at java.base/java.util.concurrent.Executors$RunnableAdapter.call(Executors.java:539)
	at java.base/java.util.concurrent.FutureTask.runAndReset(FutureTask.java:305)
	at java.base/java.util.concurrent.ScheduledThreadPoolExecutor$ScheduledFutureTask.run(ScheduledThreadPoolExecutor.java:305)
	at java.base/java.util.concurrent.ThreadPoolExecutor.runWorker(ThreadPoolExecutor.java:1136)
	at java.base/java.util.concurrent.ThreadPoolExecutor$Worker.run(ThreadPoolExecutor.java:635)
	at java.base/java.lang.Thread.run(Thread.java:840)

[0m[0m07:43:02,259 INFO  [open.dolphin] (default task-2) 172.19.0.7 doctor1 PUT /mml/send traceId=parity-mml-send-20251118TmessagingParityZ2
[0m[0m07:43:02,260 INFO  [open.dolphin] (default task-2) 172.19.0.7 doctor1 PUT /mml/send traceId=parity-mml-send-20251118TmessagingParityZ2
[0m[0m07:43:02,353 INFO  [stdout] (default task-2) null
