[0m[0m07:35:42,706 INFO  [org.jboss.as.repository] (DeploymentScanner-threads - 1) WFLYDR0001: Content added at location /opt/jboss/wildfly/standalone/data/content/04/90c1f298de04b8b310c3cb7aa7d452c14b299d/content
[0m[0m07:35:42,717 INFO  [org.jboss.as.connector.deployers.jdbc] (MSC service thread 1-6) WFLYJCA0019: Stopped Driver service with driver-name = opendolphin-server.war_org.postgresql.Driver_42_7
[0m[0m07:35:42,722 INFO  [org.wildfly.extension.undertow] (ServerService Thread Pool -- 321) WFLYUT0022: Unregistered web context: '/openDolphin' from server 'default-server'
[0m[0m07:35:42,729 INFO  [open.dolphin] (ServerService Thread Pool -- 324) PreDestroy did call
[0m[0m07:35:42,764 INFO  [org.jboss.as.jpa] (ServerService Thread Pool -- 323) WFLYJPA0011: Stopping Persistence Unit (phase 2 of 2) Service 'opendolphin-server.war#opendolphinPU'
[0m[0m07:35:42,766 INFO  [org.hibernate.orm.beans] (ServerService Thread Pool -- 323) HHH10005004: Stopping BeanContainer : org.hibernate.resource.beans.container.internal.CdiBeanContainerExtendedAccessImpl@5113a722
[0m[0m07:35:42,767 INFO  [org.jboss.as.jpa] (ServerService Thread Pool -- 323) WFLYJPA0011: Stopping Persistence Unit (phase 1 of 2) Service 'opendolphin-server.war#opendolphinPU'
[0m[0m07:35:42,828 INFO  [org.jboss.as.server.deployment] (MSC service thread 1-7) WFLYSRV0028: Stopped deployment opendolphin-server.war (runtime-name: opendolphin-server.war) in 113ms
[0m[0m07:35:42,830 INFO  [org.jboss.as.server.deployment] (MSC service thread 1-2) WFLYSRV0027: Starting deployment of "opendolphin-server.war" (runtime-name: "opendolphin-server.war")
[0m[33m07:35:45,144 WARN  [org.jboss.weld.deployer] (MSC service thread 1-2) WFLYWELD0018: Found both WEB-INF/beans.xml and WEB-INF/classes/META-INF/beans.xml. It is not portable to use both locations at the same time. Weld is going to use the former location for this deployment.
[0m[0m07:35:45,147 INFO  [org.jboss.as.jpa] (MSC service thread 1-2) WFLYJPA0002: Read persistence.xml for opendolphinPU
[0m[0m07:35:45,291 INFO  [org.jipijapa] (MSC service thread 1-7) JIPIORMV6020260: Second level cache enabled for opendolphin-server.war#opendolphinPU
[0m[0m07:35:45,299 INFO  [org.infinispan.CONTAINER] (ServerService Thread Pool -- 323) ISPN000556: Starting user marshaller 'org.wildfly.clustering.infinispan.marshalling.jboss.JBossMarshaller'
[0m[0m07:35:45,308 INFO  [org.jboss.as.jpa] (ServerService Thread Pool -- 323) WFLYJPA0010: Starting Persistence Unit (phase 1 of 2) Service 'opendolphin-server.war#opendolphinPU'
[0m[0m07:35:45,308 INFO  [org.hibernate.jpa.internal.util.LogHelper] (ServerService Thread Pool -- 323) HHH000204: Processing PersistenceUnitInfo [name: opendolphinPU]
[0m[33m07:35:45,312 WARN  [org.hibernate.orm.deprecation] (ServerService Thread Pool -- 323) HHH90000025: PostgreSQLDialect does not need to be specified explicitly using 'hibernate.dialect' (remove the property setting and it will be selected by default)
[0m[0m07:35:45,313 INFO  [org.hibernate.cache.internal.RegionFactoryInitiator] (ServerService Thread Pool -- 323) HHH000025: Second-level cache region factory [org.infinispan.hibernate.cache.v62.InfinispanRegionFactory]
[0m[0m07:35:45,315 INFO  [org.hibernate.envers.boot.internal.EnversServiceImpl] (ServerService Thread Pool -- 323) Envers integration enabled? : true
[0m[0m07:35:45,316 INFO  [org.jboss.weld.deployer] (MSC service thread 1-1) WFLYWELD0003: Processing weld deployment opendolphin-server.war
[0m[0m07:35:45,329 INFO  [org.jboss.as.ejb3.deployment] (MSC service thread 1-1) WFLYEJB0473: JNDI bindings for session bean named 'PvtService' in deployment unit 'deployment "opendolphin-server.war"' are as follows:

	java:global/opendolphin-server/PvtService!java.lang.Runnable
	java:app/opendolphin-server/PvtService!java.lang.Runnable
	java:module/PvtService!java.lang.Runnable
	java:global/opendolphin-server/PvtService
	java:app/opendolphin-server/PvtService
	java:module/PvtService

[0m[0m07:35:45,329 INFO  [org.jboss.as.ejb3.deployment] (MSC service thread 1-1) WFLYEJB0473: JNDI bindings for session bean named 'IPhoneServiceBean' in deployment unit 'deployment "opendolphin-server.war"' are as follows:

	java:global/opendolphin-server/IPhoneServiceBean!open.dolphin.touch.session.IPhoneServiceBean
	java:app/opendolphin-server/IPhoneServiceBean!open.dolphin.touch.session.IPhoneServiceBean
	java:module/IPhoneServiceBean!open.dolphin.touch.session.IPhoneServiceBean
	java:global/opendolphin-server/IPhoneServiceBean
	java:app/opendolphin-server/IPhoneServiceBean
	java:module/IPhoneServiceBean

[0m[0m07:35:45,329 INFO  [org.jboss.as.ejb3.deployment] (MSC service thread 1-1) WFLYEJB0473: JNDI bindings for session bean named 'ADM20_AdmissionServiceBean' in deployment unit 'deployment "opendolphin-server.war"' are as follows:

	java:global/opendolphin-server/ADM20_AdmissionServiceBean!open.dolphin.adm20.session.ADM20_AdmissionServiceBean
	java:app/opendolphin-server/ADM20_AdmissionServiceBean!open.dolphin.adm20.session.ADM20_AdmissionServiceBean
	java:module/ADM20_AdmissionServiceBean!open.dolphin.adm20.session.ADM20_AdmissionServiceBean
	java:global/opendolphin-server/ADM20_AdmissionServiceBean
	java:app/opendolphin-server/ADM20_AdmissionServiceBean
	java:module/ADM20_AdmissionServiceBean

[0m[0m07:35:45,329 INFO  [org.jboss.as.ejb3.deployment] (MSC service thread 1-1) WFLYEJB0473: JNDI bindings for session bean named 'EHTServiceBean' in deployment unit 'deployment "opendolphin-server.war"' are as follows:

	java:global/opendolphin-server/EHTServiceBean!open.dolphin.touch.session.EHTServiceBean
	java:app/opendolphin-server/EHTServiceBean!open.dolphin.touch.session.EHTServiceBean
	java:module/EHTServiceBean!open.dolphin.touch.session.EHTServiceBean
	java:global/opendolphin-server/EHTServiceBean
	java:app/opendolphin-server/EHTServiceBean
	java:module/EHTServiceBean

[0m[0m07:35:45,329 INFO  [org.jboss.as.ejb3.deployment] (MSC service thread 1-1) WFLYEJB0473: JNDI bindings for session bean named 'PHRAsyncJobServiceBean' in deployment unit 'deployment "opendolphin-server.war"' are as follows:

	java:global/opendolphin-server/PHRAsyncJobServiceBean!open.dolphin.adm20.session.PHRAsyncJobServiceBean
	java:app/opendolphin-server/PHRAsyncJobServiceBean!open.dolphin.adm20.session.PHRAsyncJobServiceBean
	java:module/PHRAsyncJobServiceBean!open.dolphin.adm20.session.PHRAsyncJobServiceBean
	java:global/opendolphin-server/PHRAsyncJobServiceBean
	java:app/opendolphin-server/PHRAsyncJobServiceBean
	java:module/PHRAsyncJobServiceBean

[0m[0m07:35:45,329 INFO  [org.jboss.as.ejb3.deployment] (MSC service thread 1-1) WFLYEJB0473: JNDI bindings for session bean named 'OrcaResource' in deployment unit 'deployment "opendolphin-server.war"' are as follows:

	java:global/opendolphin-server/OrcaResource!open.orca.rest.OrcaResource
	java:app/opendolphin-server/OrcaResource!open.orca.rest.OrcaResource
	java:module/OrcaResource!open.orca.rest.OrcaResource
	java:global/opendolphin-server/OrcaResource
	java:app/opendolphin-server/OrcaResource
	java:module/OrcaResource

[0m[0m07:35:45,329 INFO  [org.jboss.as.ejb3.deployment] (MSC service thread 1-1) WFLYEJB0473: JNDI bindings for session bean named 'IdentityService' in deployment unit 'deployment "opendolphin-server.war"' are as follows:

	java:global/opendolphin-server/IdentityService!open.dolphin.adm20.mbean.IdentityService
	java:app/opendolphin-server/IdentityService!open.dolphin.adm20.mbean.IdentityService
	java:module/IdentityService!open.dolphin.adm20.mbean.IdentityService
	java:global/opendolphin-server/IdentityService
	java:app/opendolphin-server/IdentityService
	java:module/IdentityService

[0m[0m07:35:45,329 INFO  [org.jboss.as.ejb3.deployment] (MSC service thread 1-1) WFLYEJB0473: JNDI bindings for session bean named 'InitialAccountMaker' in deployment unit 'deployment "opendolphin-server.war"' are as follows:

	java:global/opendolphin-server/InitialAccountMaker!open.dolphin.mbean.InitialAccountMaker
	java:app/opendolphin-server/InitialAccountMaker!open.dolphin.mbean.InitialAccountMaker
	java:module/InitialAccountMaker!open.dolphin.mbean.InitialAccountMaker
	java:global/opendolphin-server/InitialAccountMaker
	java:app/opendolphin-server/InitialAccountMaker
	java:module/InitialAccountMaker

[0m[0m07:35:45,330 INFO  [org.jboss.as.ejb3.deployment] (MSC service thread 1-1) WFLYEJB0473: JNDI bindings for session bean named 'ADM10_EHTServiceBean' in deployment unit 'deployment "opendolphin-server.war"' are as follows:

	java:global/opendolphin-server/ADM10_EHTServiceBean!open.dolphin.adm10.session.ADM10_EHTServiceBean
	java:app/opendolphin-server/ADM10_EHTServiceBean!open.dolphin.adm10.session.ADM10_EHTServiceBean
	java:module/ADM10_EHTServiceBean!open.dolphin.adm10.session.ADM10_EHTServiceBean
	java:global/opendolphin-server/ADM10_EHTServiceBean
	java:app/opendolphin-server/ADM10_EHTServiceBean
	java:module/ADM10_EHTServiceBean

[0m[0m07:35:45,330 INFO  [org.jboss.as.ejb3.deployment] (MSC service thread 1-1) WFLYEJB0473: JNDI bindings for session bean named 'AMD20_PHRServiceBean' in deployment unit 'deployment "opendolphin-server.war"' are as follows:

	java:global/opendolphin-server/AMD20_PHRServiceBean!open.dolphin.adm20.session.AMD20_PHRServiceBean
	java:app/opendolphin-server/AMD20_PHRServiceBean!open.dolphin.adm20.session.AMD20_PHRServiceBean
	java:module/AMD20_PHRServiceBean!open.dolphin.adm20.session.AMD20_PHRServiceBean
	java:global/opendolphin-server/AMD20_PHRServiceBean
	java:app/opendolphin-server/AMD20_PHRServiceBean
	java:module/AMD20_PHRServiceBean

[0m[0m07:35:45,330 INFO  [org.jboss.as.ejb3.deployment] (MSC service thread 1-1) WFLYEJB0473: JNDI bindings for session bean named 'ADM20_IPhoneServiceBean' in deployment unit 'deployment "opendolphin-server.war"' are as follows:

	java:global/opendolphin-server/ADM20_IPhoneServiceBean!open.dolphin.adm20.session.ADM20_IPhoneServiceBean
	java:app/opendolphin-server/ADM20_IPhoneServiceBean!open.dolphin.adm20.session.ADM20_IPhoneServiceBean
	java:module/ADM20_IPhoneServiceBean!open.dolphin.adm20.session.ADM20_IPhoneServiceBean
	java:global/opendolphin-server/ADM20_IPhoneServiceBean
	java:app/opendolphin-server/ADM20_IPhoneServiceBean
	java:module/ADM20_IPhoneServiceBean

[0m[0m07:35:45,330 INFO  [org.jboss.as.ejb3.deployment] (MSC service thread 1-1) WFLYEJB0473: JNDI bindings for session bean named 'ADM10_IPhoneServiceBean' in deployment unit 'deployment "opendolphin-server.war"' are as follows:

	java:global/opendolphin-server/ADM10_IPhoneServiceBean!open.dolphin.adm10.session.ADM10_IPhoneServiceBean
	java:app/opendolphin-server/ADM10_IPhoneServiceBean!open.dolphin.adm10.session.ADM10_IPhoneServiceBean
	java:module/ADM10_IPhoneServiceBean!open.dolphin.adm10.session.ADM10_IPhoneServiceBean
	java:global/opendolphin-server/ADM10_IPhoneServiceBean
	java:app/opendolphin-server/ADM10_IPhoneServiceBean
	java:module/ADM10_IPhoneServiceBean

[0m[0m07:35:45,382 INFO  [org.jipijapa] (MSC service thread 1-4) JIPIORMV6020260: Second level cache enabled for opendolphin-server.war#opendolphinPU
[0m[33m07:35:45,385 WARN  [org.jboss.as.jaxrs] (MSC service thread 1-4) WFLYRS0018: Explicit usage of Jackson annotation in a Jakarta RESTful Web Services deployment; the system will disable Jakarta JSON Binding processing for the current deployment. Consider setting the 'resteasy.preferJacksonOverJsonB' property to 'false' to restore Jakarta JSON Binding.
[0m[0m07:35:45,386 INFO  [org.jboss.as.connector.deployers.jdbc] (MSC service thread 1-4) WFLYJCA0005: Deploying non-JDBC-compliant driver class org.postgresql.Driver (version 42.7)
[0m[0m07:35:45,393 INFO  [org.jboss.as.connector.deployers.jdbc] (MSC service thread 1-2) WFLYJCA0018: Started Driver service with driver-name = opendolphin-server.war_org.postgresql.Driver_42_7
[0m[0m07:35:45,395 INFO  [org.jboss.as.ejb3] (MSC service thread 1-5) WFLYEJB0042: Started message driven bean 'MessageSender' with 'activemq-ra.rar' resource adapter
[0m[0m07:35:45,399 INFO  [org.jboss.as.jpa] (ServerService Thread Pool -- 323) WFLYJPA0010: Starting Persistence Unit (phase 2 of 2) Service 'opendolphin-server.war#opendolphinPU'
[0m[0m07:35:45,599 INFO  [org.jboss.weld.Bootstrap] (Weld Thread Pool -- 3) WELD-000119: Not generating any bean definitions from open.dolphin.metrics.DatasourceMetricsRegistrar because of underlying class loading error: Type io.agroal.api.AgroalDataSource from [Module "deployment.opendolphin-server.war" from Service Module Loader] not found.  If this is unexpected, enable DEBUG logging to see the full error.
[0m[33m07:35:45,612 WARN  [org.jboss.weld.Validator] (MSC service thread 1-1) WELD-001478: Interceptor class open.dolphin.session.framework.SessionOperationInterceptor is enabled for the application and for the bean archive opendolphin-server.war/. It will only be invoked in the @Priority part of the chain.
[0m[0m07:35:45,761 INFO  [open.dolphin] (ServerService Thread Pool -- 334) pvt_idx3 dose not exists, created
[0m[0m07:35:45,762 INFO  [open.dolphin] (ServerService Thread Pool -- 334) d_karte_idx exists
[0m[0m07:35:45,764 INFO  [open.dolphin] (ServerService Thread Pool -- 334) d_document_idx exists
[0m[0m07:35:45,764 INFO  [open.dolphin] (ServerService Thread Pool -- 334) d_diagnosis_idx exists
[0m[31m07:35:45,767 SEVERE [open.dolphin.mbean.InitialAccountMaker] (ServerService Thread Pool -- 334) null: org.postgresql.util.PSQLException: ERROR: relation "d_patient_memo" does not exist
	at org.postgresql@42.7.3//org.postgresql.core.v3.QueryExecutorImpl.receiveErrorResponse(QueryExecutorImpl.java:2725)
	at org.postgresql@42.7.3//org.postgresql.core.v3.QueryExecutorImpl.processResults(QueryExecutorImpl.java:2412)
	at org.postgresql@42.7.3//org.postgresql.core.v3.QueryExecutorImpl.execute(QueryExecutorImpl.java:371)
	at org.postgresql@42.7.3//org.postgresql.jdbc.PgStatement.executeInternal(PgStatement.java:502)
	at org.postgresql@42.7.3//org.postgresql.jdbc.PgStatement.execute(PgStatement.java:419)
	at org.postgresql@42.7.3//org.postgresql.jdbc.PgStatement.executeWithFlags(PgStatement.java:341)
	at org.postgresql@42.7.3//org.postgresql.jdbc.PgStatement.executeCachedSql(PgStatement.java:326)
	at org.postgresql@42.7.3//org.postgresql.jdbc.PgStatement.executeWithFlags(PgStatement.java:302)
	at org.postgresql@42.7.3//org.postgresql.jdbc.PgStatement.executeUpdate(PgStatement.java:275)
	at org.jboss.ironjacamar.jdbcadapters@3.0.9.Final//org.jboss.jca.adapters.jdbc.WrappedStatement.executeUpdate(WrappedStatement.java:430)
	at deployment.opendolphin-server.war//open.dolphin.mbean.InitialAccountMaker.createIndexes(InitialAccountMaker.java:189)
	at deployment.opendolphin-server.war//open.dolphin.mbean.InitialAccountMaker.init(InitialAccountMaker.java:68)
	at java.base/jdk.internal.reflect.NativeMethodAccessorImpl.invoke0(Native Method)
	at java.base/jdk.internal.reflect.NativeMethodAccessorImpl.invoke(NativeMethodAccessorImpl.java:77)
	at java.base/jdk.internal.reflect.DelegatingMethodAccessorImpl.invoke(DelegatingMethodAccessorImpl.java:43)
	at java.base/java.lang.reflect.Method.invoke(Method.java:569)
	at org.jboss.as.ee@33.0.2.Final//org.jboss.as.ee.component.ManagedReferenceLifecycleMethodInterceptor.processInvocation(ManagedReferenceLifecycleMethodInterceptor.java:79)
	at org.jboss.invocation@2.0.1.Final//org.jboss.invocation.InterceptorContext.proceed(InterceptorContext.java:422)
	at org.jboss.invocation@2.0.1.Final//org.jboss.invocation.InterceptorContext$Invocation.proceed(InterceptorContext.java:509)
	at org.jboss.as.weld.common@33.0.2.Final//org.jboss.as.weld.interceptors.Jsr299BindingsInterceptor.delegateInterception(Jsr299BindingsInterceptor.java:62)
	at org.jboss.as.weld.common@33.0.2.Final//org.jboss.as.weld.interceptors.Jsr299BindingsInterceptor.doLifecycleInterception(Jsr299BindingsInterceptor.java:109)
	at org.jboss.as.weld.common@33.0.2.Final//org.jboss.as.weld.interceptors.Jsr299BindingsInterceptor.processInvocation(Jsr299BindingsInterceptor.java:95)
	at org.jboss.invocation@2.0.1.Final//org.jboss.invocation.InterceptorContext.proceed(InterceptorContext.java:422)
	at org.jboss.invocation@2.0.1.Final//org.jboss.invocation.InterceptorContext$Invocation.proceed(InterceptorContext.java:509)
	at org.jboss.weld.core@5.1.2.Final//org.jboss.weld.module.ejb.AbstractEJBRequestScopeActivationInterceptor.aroundInvoke(AbstractEJBRequestScopeActivationInterceptor.java:87)
	at org.jboss.as.weld.common@33.0.2.Final//org.jboss.as.weld.ejb.EjbRequestScopeActivationInterceptor.processInvocation(EjbRequestScopeActivationInterceptor.java:72)
	at org.jboss.invocation@2.0.1.Final//org.jboss.invocation.InterceptorContext.proceed(InterceptorContext.java:422)
	at org.jboss.as.weld@33.0.2.Final//org.jboss.as.weld.injection.WeldInjectionInterceptor.processInvocation(WeldInjectionInterceptor.java:36)
	at org.jboss.invocation@2.0.1.Final//org.jboss.invocation.InterceptorContext.proceed(InterceptorContext.java:422)
	at org.jboss.as.ee@33.0.2.Final//org.jboss.as.ee.component.ManagedReferenceFieldInjectionInterceptorFactory$ManagedReferenceFieldInjectionInterceptor.processInvocation(ManagedReferenceFieldInjectionInterceptorFactory.java:95)
	at org.jboss.invocation@2.0.1.Final//org.jboss.invocation.InterceptorContext.proceed(InterceptorContext.java:422)
	at org.jboss.as.ee@33.0.2.Final//org.jboss.as.ee.component.ManagedReferenceFieldInjectionInterceptorFactory$ManagedReferenceFieldInjectionInterceptor.processInvocation(ManagedReferenceFieldInjectionInterceptorFactory.java:95)
	at org.jboss.invocation@2.0.1.Final//org.jboss.invocation.InterceptorContext.proceed(InterceptorContext.java:422)
	at org.jboss.as.ee@33.0.2.Final//org.jboss.as.ee.component.AroundConstructInterceptorFactory$1.processInvocation(AroundConstructInterceptorFactory.java:33)
	at org.jboss.invocation@2.0.1.Final//org.jboss.invocation.InterceptorContext.proceed(InterceptorContext.java:422)
	at org.jboss.as.weld@33.0.2.Final//org.jboss.as.weld.injection.WeldInterceptorInjectionInterceptor.processInvocation(WeldInterceptorInjectionInterceptor.java:39)
	at org.jboss.invocation@2.0.1.Final//org.jboss.invocation.InterceptorContext.proceed(InterceptorContext.java:422)
	at org.jboss.as.weld@33.0.2.Final//org.jboss.as.weld.interceptors.Jsr299BindingsCreateInterceptor.processInvocation(Jsr299BindingsCreateInterceptor.java:94)
	at org.jboss.invocation@2.0.1.Final//org.jboss.invocation.InterceptorContext.proceed(InterceptorContext.java:422)
	at org.jboss.as.ee@33.0.2.Final//org.jboss.as.ee.component.NamespaceContextInterceptor.processInvocation(NamespaceContextInterceptor.java:33)
	at org.jboss.invocation@2.0.1.Final//org.jboss.invocation.InterceptorContext.proceed(InterceptorContext.java:422)
	at org.jboss.as.ejb3@33.0.2.Final//org.jboss.as.ejb3.tx.CMTTxInterceptor.invokeInOurTx(CMTTxInterceptor.java:237)
	at org.jboss.as.ejb3@33.0.2.Final//org.jboss.as.ejb3.tx.CMTTxInterceptor.requiresNew(CMTTxInterceptor.java:399)
	at org.jboss.as.ejb3@33.0.2.Final//org.jboss.as.ejb3.tx.LifecycleCMTTxInterceptor.processInvocation(LifecycleCMTTxInterceptor.java:51)
	at org.jboss.invocation@2.0.1.Final//org.jboss.invocation.InterceptorContext.proceed(InterceptorContext.java:422)
	at org.jboss.as.weld@33.0.2.Final//org.jboss.as.weld.injection.WeldInjectionContextInterceptor.processInvocation(WeldInjectionContextInterceptor.java:26)
	at org.jboss.invocation@2.0.1.Final//org.jboss.invocation.InterceptorContext.proceed(InterceptorContext.java:422)
	at org.jboss.as.ejb3@33.0.2.Final//org.jboss.as.ejb3.component.interceptors.CurrentInvocationContextInterceptor.processInvocation(CurrentInvocationContextInterceptor.java:24)
	at org.jboss.invocation@2.0.1.Final//org.jboss.invocation.InterceptorContext.proceed(InterceptorContext.java:422)
	at org.jboss.as.ee@33.0.2.Final//org.jboss.as.ee.concurrent.ConcurrentContextInterceptor.processInvocation(ConcurrentContextInterceptor.java:28)
	at org.jboss.invocation@2.0.1.Final//org.jboss.invocation.InterceptorContext.proceed(InterceptorContext.java:422)
	at org.jboss.invocation@2.0.1.Final//org.jboss.invocation.ContextClassLoaderInterceptor.processInvocation(ContextClassLoaderInterceptor.java:60)
	at org.jboss.invocation@2.0.1.Final//org.jboss.invocation.InterceptorContext.proceed(InterceptorContext.java:422)
	at org.jboss.as.ejb3@33.0.2.Final//org.jboss.as.ejb3.component.singleton.StartupCountDownInterceptor.processInvocation(StartupCountDownInterceptor.java:30)
	at org.jboss.invocation@2.0.1.Final//org.jboss.invocation.InterceptorContext.proceed(InterceptorContext.java:422)
	at org.jboss.invocation@2.0.1.Final//org.jboss.invocation.ChainedInterceptor.processInvocation(ChainedInterceptor.java:53)
	at org.jboss.as.ee@33.0.2.Final//org.jboss.as.ee.component.BasicComponent.constructComponentInstance(BasicComponent.java:151)
	at org.jboss.as.ee@33.0.2.Final//org.jboss.as.ee.component.BasicComponent.constructComponentInstance(BasicComponent.java:124)
	at org.jboss.as.ee@33.0.2.Final//org.jboss.as.ee.component.BasicComponent.createInstance(BasicComponent.java:71)
	at org.jboss.as.ejb3@33.0.2.Final//org.jboss.as.ejb3.component.singleton.SingletonComponent.getComponentInstance(SingletonComponent.java:110)
	at org.jboss.as.ejb3@33.0.2.Final//org.jboss.as.ejb3.component.singleton.SingletonComponent.start(SingletonComponent.java:124)
	at org.jboss.as.ee@33.0.2.Final//org.jboss.as.ee.component.ComponentStartService$1.run(ComponentStartService.java:37)
	at java.base/java.util.concurrent.Executors$RunnableAdapter.call(Executors.java:539)
	at java.base/java.util.concurrent.FutureTask.run(FutureTask.java:264)
	at org.jboss.threads@2.4.0.Final//org.jboss.threads.ContextClassLoaderSavingRunnable.run(ContextClassLoaderSavingRunnable.java:35)
	at org.jboss.threads@2.4.0.Final//org.jboss.threads.EnhancedQueueExecutor.safeRun(EnhancedQueueExecutor.java:1990)
	at org.jboss.threads@2.4.0.Final//org.jboss.threads.EnhancedQueueExecutor$ThreadBody.doRunTask(EnhancedQueueExecutor.java:1486)
	at org.jboss.threads@2.4.0.Final//org.jboss.threads.EnhancedQueueExecutor$ThreadBody.run(EnhancedQueueExecutor.java:1377)
	at java.base/java.lang.Thread.run(Thread.java:840)
	at org.jboss.threads@2.4.0.Final//org.jboss.threads.JBossThread.run(JBossThread.java:513)

[0m[0m07:35:45,770 INFO  [org.wildfly.security.soteria.original.SamRegistrationInstaller] (ServerService Thread Pool -- 334) Initializing Soteria 3.0.3.Final for context '/openDolphin'
[0m[0m07:35:45,794 INFO  [org.wildfly.extension.undertow] (ServerService Thread Pool -- 334) WFLYUT0021: Registered web context: '/openDolphin' for server 'default-server'
[0m[0m07:35:45,809 INFO  [org.jboss.as.server] (DeploymentScanner-threads - 1) WFLYSRV0016: Replaced deployment "opendolphin-server.war" with deployment "opendolphin-server.war"
[0m[0m07:35:45,815 INFO  [org.jboss.as.repository] (DeploymentScanner-threads - 1) WFLYDR0002: Content removed from location /opt/jboss/wildfly/standalone/data/content/58/13c46dee111a7b05f19503fcb23794c666c418/content
[0m[33m07:36:00,492 WARNING [io.micrometer.registry.otlp.OtlpMeterRegistry] (otlp-metrics-publisher) Failed to publish metrics to OTLP receiver: java.net.UnknownHostException: otel-collector
	at java.base/sun.nio.ch.NioSocketImpl.connect(NioSocketImpl.java:572)
	at java.base/java.net.Socket.connect(Socket.java:633)
	at java.base/sun.net.NetworkClient.doConnect(NetworkClient.java:178)
	at java.base/sun.net.www.http.HttpClient.openServer(HttpClient.java:533)
	at java.base/sun.net.www.http.HttpClient.openServer(HttpClient.java:638)
	at java.base/sun.net.www.http.HttpClient.<init>(HttpClient.java:281)
	at java.base/sun.net.www.http.HttpClient.New(HttpClient.java:386)
	at java.base/sun.net.www.http.HttpClient.New(HttpClient.java:408)
	at java.base/sun.net.www.protocol.http.HttpURLConnection.getNewHttpClient(HttpURLConnection.java:1308)
	at java.base/sun.net.www.protocol.http.HttpURLConnection.plainConnect0(HttpURLConnection.java:1241)
	at java.base/sun.net.www.protocol.http.HttpURLConnection.plainConnect(HttpURLConnection.java:1127)
	at java.base/sun.net.www.protocol.http.HttpURLConnection.connect(HttpURLConnection.java:1056)
	at java.base/sun.net.www.protocol.http.HttpURLConnection.getOutputStream0(HttpURLConnection.java:1450)
	at java.base/sun.net.www.protocol.http.HttpURLConnection.getOutputStream(HttpURLConnection.java:1421)
	at io.micrometer@1.12.4//io.micrometer.core.ipc.http.HttpUrlConnectionSender.send(HttpUrlConnectionSender.java:98)
	at io.micrometer@1.12.4//io.micrometer.core.ipc.http.HttpSender$Request$Builder.send(HttpSender.java:306)
	at io.micrometer@1.12.4//io.micrometer.registry.otlp.OtlpMeterRegistry.publish(OtlpMeterRegistry.java:168)
	at io.micrometer@1.12.4//io.micrometer.core.instrument.push.PushMeterRegistry.publishSafelyOrSkipIfInProgress(PushMeterRegistry.java:64)
	at java.base/java.util.concurrent.Executors$RunnableAdapter.call(Executors.java:539)
	at java.base/java.util.concurrent.FutureTask.runAndReset(FutureTask.java:305)
	at java.base/java.util.concurrent.ScheduledThreadPoolExecutor$ScheduledFutureTask.run(ScheduledThreadPoolExecutor.java:305)
	at java.base/java.util.concurrent.ThreadPoolExecutor.runWorker(ThreadPoolExecutor.java:1136)
	at java.base/java.util.concurrent.ThreadPoolExecutor$Worker.run(ThreadPoolExecutor.java:635)
	at java.base/java.lang.Thread.run(Thread.java:840)

[0m[0m07:36:15,543 INFO  [open.dolphin.rest.LogFilter] (default task-2) LogFilter header fallback is enabled
[0m[0m07:36:15,544 INFO  [open.dolphin.rest.LogFilter] (default task-2) LogFilter header fallback is enabled
[0m[0m07:36:15,551 INFO  [open.dolphin] (default task-2) 127.0.0.1 dolphin GET /dolphin traceId=0cdc1f25-bab1-4f62-9407-7f41486dfaa2
[0m[0m07:36:15,551 INFO  [open.dolphin] (default task-2) 127.0.0.1 dolphin GET /dolphin traceId=7ce19822-11ff-4a81-96bd-a0b8cbf450c0
[0m[33m07:36:15,565 WARN  [open.dolphin.metrics.MeterRegistryProducer] (default task-2) Micrometer registry not found under java:jboss/micrometer/registry; falling back to global registry.
[0m[0m07:36:31,926 INFO  [stdout] (default task-2) Hibernate: select um1_0.id,um1_0.commonName,um1_0.department,um1_0.departmentCodeSys,um1_0.departmentDesc,um1_0.email,um1_0.facility_id,um1_0.factor2Auth,um1_0.givenName,um1_0.license,um1_0.licenseCodeSys,um1_0.licenseDesc,um1_0.mainMobile,um1_0.memberType,um1_0.memo,um1_0.orcaId,um1_0.password,um1_0.registeredDate,um1_0.sirName,um1_0.subMobile,um1_0.useDrugId,um1_0.userId from d_users um1_0 where um1_0.userId=?
[0m[0m07:36:31,955 INFO  [stdout] (default task-2) Hibernate: select fm1_0.id,fm1_0.address,fm1_0.facilityId,fm1_0.facilityName,fm1_0.facsimile,fm1_0.memberType,fm1_0.registeredDate,fm1_0.s3AccessKey,fm1_0.s3SecretKey,fm1_0.s3URL,fm1_0.telephone,fm1_0.url,fm1_0.zipCode from d_facility fm1_0 where fm1_0.id=?
[0m[0m07:36:31,959 INFO  [stdout] (default task-2) Hibernate: select r1_0.c_user,r1_0.id,r1_0.c_role,r1_0.user_id from d_roles r1_0 where r1_0.c_user=?
[0m[0m07:36:31,966 INFO  [open.dolphin] (default task-2) 172.19.0.7 admin POST /20/adm/factor2/totp/registration traceId=parity-factor2-totp-registration-20251118Tfactor2ParityZ2
[0m[0m07:36:31,966 INFO  [open.dolphin] (default task-2) 172.19.0.7 admin POST /20/adm/factor2/totp/registration traceId=parity-factor2-totp-registration-20251118Tfactor2ParityZ2
[0m[33m07:36:32,016 WARN  [open.dolphin.security.totp.TotpSecretProtector] (default task-2) Invalid AES key length 35 bytes. Deriving 256-bit key using SHA-256 digest.
[0m[0m07:36:32,022 INFO  [stdout] (default task-2) Hibernate: select um1_0.id,um1_0.commonName,um1_0.department,um1_0.departmentCodeSys,um1_0.departmentDesc,um1_0.email,um1_0.facility_id,f1_0.id,f1_0.address,f1_0.facilityId,f1_0.facilityName,f1_0.facsimile,f1_0.memberType,f1_0.registeredDate,f1_0.s3AccessKey,f1_0.s3SecretKey,f1_0.s3URL,f1_0.telephone,f1_0.url,f1_0.zipCode,um1_0.factor2Auth,um1_0.givenName,um1_0.license,um1_0.licenseCodeSys,um1_0.licenseDesc,um1_0.mainMobile,um1_0.memberType,um1_0.memo,um1_0.orcaId,um1_0.password,um1_0.registeredDate,um1_0.sirName,um1_0.subMobile,um1_0.useDrugId,um1_0.userId,r1_0.c_user,r1_0.id,r1_0.c_role,r1_0.user_id from d_users um1_0 join d_facility f1_0 on f1_0.id=um1_0.facility_id left join d_roles r1_0 on um1_0.id=r1_0.c_user where um1_0.id=?
[0m[0m07:36:32,028 INFO  [stdout] (default task-2) Hibernate: select fc1_0.id,fc1_0.created_at,fc1_0.credential_id,fc1_0.credential_type,fc1_0.label,fc1_0.last_used_at,fc1_0.metadata,fc1_0.public_key,fc1_0.secret,fc1_0.sign_count,fc1_0.transports,fc1_0.updated_at,fc1_0.user_pk,fc1_0.verified from d_factor2_credential fc1_0 where fc1_0.user_pk=? and fc1_0.credential_type=? and fc1_0.verified=false
[0m[0m07:36:32,101 INFO  [stdout] (default task-2) Hibernate: insert into d_factor2_credential (created_at,credential_id,credential_type,label,last_used_at,metadata,public_key,secret,sign_count,transports,updated_at,user_pk,verified) values (?,?,?,?,?,?,?,?,?,?,?,?,?)
[0m[0m07:36:32,108 INFO  [stdout] (default task-2) Hibernate: delete from d_factor2_credential where id=?
[0m[0m07:36:32,116 INFO  [stdout] (default task-2) Hibernate: select ae1_0.event_hash from d_audit_event ae1_0 order by ae1_0.event_time desc fetch first ? rows only
[0m[0m07:36:32,118 INFO  [stdout] (default task-2) Hibernate: select nextval('d_audit_event_id_seq')
[0m[0m07:36:32,119 INFO  [stdout] (default task-2) Hibernate: insert into d_audit_event (action,actor_display_name,actor_id,actor_role,event_hash,event_time,ip_address,patient_id,payload,payload_hash,previous_hash,request_id,resource,trace_id,user_agent,id) values (?,?,?,?,?,?,?,?,?,?,?,?,?,?,?,?)
[0m[0m07:36:32,140 INFO  [open.dolphin.session.MessageSender] (Thread-107 (ActiveMQ-client-global-threads)) Audit envelope drained from JMS queue [traceId=parity-factor2-totp-registration-20251118Tfactor2ParityZ2, action=TOTP_REGISTER_INIT, resource=/20/adm/factor2/totp/registration, outcome=SUCCESS]
[0m[0m07:36:32,349 INFO  [open.dolphin] (default task-2) 172.19.0.7 admin POST /20/adm/factor2/fido2/registration/options traceId=parity-factor2-fido-registration-20251118Tfactor2ParityZ2
[0m[0m07:36:32,349 INFO  [open.dolphin] (default task-2) 172.19.0.7 admin POST /20/adm/factor2/fido2/registration/options traceId=parity-factor2-fido-registration-20251118Tfactor2ParityZ2
[0m[0m07:36:32,351 INFO  [stdout] (default task-2) Hibernate: select um1_0.id,um1_0.commonName,um1_0.department,um1_0.departmentCodeSys,um1_0.departmentDesc,um1_0.email,um1_0.facility_id,f1_0.id,f1_0.address,f1_0.facilityId,f1_0.facilityName,f1_0.facsimile,f1_0.memberType,f1_0.registeredDate,f1_0.s3AccessKey,f1_0.s3SecretKey,f1_0.s3URL,f1_0.telephone,f1_0.url,f1_0.zipCode,um1_0.factor2Auth,um1_0.givenName,um1_0.license,um1_0.licenseCodeSys,um1_0.licenseDesc,um1_0.mainMobile,um1_0.memberType,um1_0.memo,um1_0.orcaId,um1_0.password,um1_0.registeredDate,um1_0.sirName,um1_0.subMobile,um1_0.useDrugId,um1_0.userId,r1_0.c_user,r1_0.id,r1_0.c_role,r1_0.user_id from d_users um1_0 join d_facility f1_0 on f1_0.id=um1_0.facility_id left join d_roles r1_0 on um1_0.id=r1_0.c_user where um1_0.id=?
[0m[0m07:36:32,354 INFO  [stdout] (default task-2) Hibernate: select fc1_0.id,fc1_0.challenge_payload,fc1_0.challenge_type,fc1_0.created_at,fc1_0.expires_at,fc1_0.origin,fc1_0.request_id,fc1_0.rp_id,fc1_0.user_pk from d_factor2_challenge fc1_0 where fc1_0.user_pk=? and fc1_0.challenge_type=?
[0m[0m07:36:32,368 INFO  [stdout] (default task-2) Hibernate: select um1_0.id,um1_0.commonName,um1_0.department,um1_0.departmentCodeSys,um1_0.departmentDesc,um1_0.email,um1_0.facility_id,um1_0.factor2Auth,um1_0.givenName,um1_0.license,um1_0.licenseCodeSys,um1_0.licenseDesc,um1_0.mainMobile,um1_0.memberType,um1_0.memo,um1_0.orcaId,um1_0.password,um1_0.registeredDate,um1_0.sirName,um1_0.subMobile,um1_0.useDrugId,um1_0.userId from d_users um1_0 where um1_0.userId=?
[0m[0m07:36:32,370 INFO  [stdout] (default task-2) Hibernate: select fc1_0.id,fc1_0.created_at,fc1_0.credential_id,fc1_0.credential_type,fc1_0.label,fc1_0.last_used_at,fc1_0.metadata,fc1_0.public_key,fc1_0.secret,fc1_0.sign_count,fc1_0.transports,fc1_0.updated_at,fc1_0.user_pk,fc1_0.verified from d_factor2_credential fc1_0 where fc1_0.user_pk=? and fc1_0.credential_type=? and fc1_0.verified=true
[0m[0m07:36:32,376 INFO  [stdout] (default task-2) Hibernate: insert into d_factor2_challenge (challenge_payload,challenge_type,created_at,expires_at,origin,request_id,rp_id,user_pk) values (?,?,?,?,?,?,?,?)
[0m[0m07:36:32,378 INFO  [stdout] (default task-2) Hibernate: delete from d_factor2_challenge where id=?
[0m[0m07:36:32,382 INFO  [stdout] (default task-2) Hibernate: select ae1_0.event_hash from d_audit_event ae1_0 order by ae1_0.event_time desc fetch first ? rows only
[0m[0m07:36:32,383 INFO  [stdout] (default task-2) Hibernate: select nextval('d_audit_event_id_seq')
[0m[0m07:36:32,383 INFO  [stdout] (default task-2) Hibernate: insert into d_audit_event (action,actor_display_name,actor_id,actor_role,event_hash,event_time,ip_address,patient_id,payload,payload_hash,previous_hash,request_id,resource,trace_id,user_agent,id) values (?,?,?,?,?,?,?,?,?,?,?,?,?,?,?,?)
[0m[0m07:36:32,388 INFO  [open.dolphin.session.MessageSender] (Thread-111 (ActiveMQ-client-global-threads)) Audit envelope drained from JMS queue [traceId=parity-factor2-fido-registration-20251118Tfactor2ParityZ2, action=FIDO2_REGISTER_INIT, resource=/20/adm/factor2/fido2/registration/options, outcome=SUCCESS]
[0m[0m07:36:32,583 INFO  [open.dolphin] (default task-2) 172.19.0.7 admin POST /20/adm/factor2/fido2/assertion/options traceId=parity-factor2-fido-assertion-20251118Tfactor2ParityZ2
[0m[0m07:36:32,584 INFO  [open.dolphin] (default task-2) 172.19.0.7 admin POST /20/adm/factor2/fido2/assertion/options traceId=parity-factor2-fido-assertion-20251118Tfactor2ParityZ2
[0m[0m07:36:32,588 INFO  [stdout] (default task-2) Hibernate: select fc1_0.id,fc1_0.challenge_payload,fc1_0.challenge_type,fc1_0.created_at,fc1_0.expires_at,fc1_0.origin,fc1_0.request_id,fc1_0.rp_id,fc1_0.user_pk from d_factor2_challenge fc1_0 where fc1_0.user_pk=? and fc1_0.challenge_type=?
[0m[0m07:36:32,593 INFO  [stdout] (default task-2) Hibernate: select um1_0.id,um1_0.commonName,um1_0.department,um1_0.departmentCodeSys,um1_0.departmentDesc,um1_0.email,um1_0.facility_id,um1_0.factor2Auth,um1_0.givenName,um1_0.license,um1_0.licenseCodeSys,um1_0.licenseDesc,um1_0.mainMobile,um1_0.memberType,um1_0.memo,um1_0.orcaId,um1_0.password,um1_0.registeredDate,um1_0.sirName,um1_0.subMobile,um1_0.useDrugId,um1_0.userId from d_users um1_0 where um1_0.userId=?
[0m[0m07:36:32,597 INFO  [stdout] (default task-2) Hibernate: insert into d_factor2_challenge (challenge_payload,challenge_type,created_at,expires_at,origin,request_id,rp_id,user_pk) values (?,?,?,?,?,?,?,?)
[0m[0m07:36:32,598 INFO  [stdout] (default task-2) Hibernate: delete from d_factor2_challenge where id=?
[0m[0m07:36:32,599 INFO  [stdout] (default task-2) Hibernate: select ae1_0.event_hash from d_audit_event ae1_0 order by ae1_0.event_time desc fetch first ? rows only
[0m[0m07:36:32,600 INFO  [stdout] (default task-2) Hibernate: select nextval('d_audit_event_id_seq')
[0m[0m07:36:32,600 INFO  [stdout] (default task-2) Hibernate: insert into d_audit_event (action,actor_display_name,actor_id,actor_role,event_hash,event_time,ip_address,patient_id,payload,payload_hash,previous_hash,request_id,resource,trace_id,user_agent,id) values (?,?,?,?,?,?,?,?,?,?,?,?,?,?,?,?)
[0m[0m07:36:32,606 INFO  [open.dolphin.session.MessageSender] (Thread-106 (ActiveMQ-client-global-threads)) Audit envelope drained from JMS queue [traceId=parity-factor2-fido-assertion-20251118Tfactor2ParityZ2, action=FIDO2_ASSERT_INIT, resource=/20/adm/factor2/fido2/assertion/options, outcome=SUCCESS]
[0m[0m07:36:45,703 INFO  [open.dolphin] (default task-2) 127.0.0.1 dolphin GET /dolphin traceId=be263d4f-170b-4b1f-93bd-8e98bfa0e937
[0m[0m07:36:45,704 INFO  [open.dolphin] (default task-2) 127.0.0.1 dolphin GET /dolphin traceId=fb4ce07c-9022-4ecb-ac7d-cba394637c26
[0m[33m07:37:00,486 WARNING [io.micrometer.registry.otlp.OtlpMeterRegistry] (otlp-metrics-publisher) Failed to publish metrics to OTLP receiver: java.net.UnknownHostException: otel-collector
	at java.base/sun.nio.ch.NioSocketImpl.connect(NioSocketImpl.java:572)
	at java.base/java.net.Socket.connect(Socket.java:633)
	at java.base/sun.net.NetworkClient.doConnect(NetworkClient.java:178)
	at java.base/sun.net.www.http.HttpClient.openServer(HttpClient.java:533)
	at java.base/sun.net.www.http.HttpClient.openServer(HttpClient.java:638)
	at java.base/sun.net.www.http.HttpClient.<init>(HttpClient.java:281)
	at java.base/sun.net.www.http.HttpClient.New(HttpClient.java:386)
	at java.base/sun.net.www.http.HttpClient.New(HttpClient.java:408)
	at java.base/sun.net.www.protocol.http.HttpURLConnection.getNewHttpClient(HttpURLConnection.java:1308)
	at java.base/sun.net.www.protocol.http.HttpURLConnection.plainConnect0(HttpURLConnection.java:1241)
	at java.base/sun.net.www.protocol.http.HttpURLConnection.plainConnect(HttpURLConnection.java:1127)
	at java.base/sun.net.www.protocol.http.HttpURLConnection.connect(HttpURLConnection.java:1056)
	at java.base/sun.net.www.protocol.http.HttpURLConnection.getOutputStream0(HttpURLConnection.java:1450)
	at java.base/sun.net.www.protocol.http.HttpURLConnection.getOutputStream(HttpURLConnection.java:1421)
	at io.micrometer@1.12.4//io.micrometer.core.ipc.http.HttpUrlConnectionSender.send(HttpUrlConnectionSender.java:98)
	at io.micrometer@1.12.4//io.micrometer.core.ipc.http.HttpSender$Request$Builder.send(HttpSender.java:306)
	at io.micrometer@1.12.4//io.micrometer.registry.otlp.OtlpMeterRegistry.publish(OtlpMeterRegistry.java:168)
	at io.micrometer@1.12.4//io.micrometer.core.instrument.push.PushMeterRegistry.publishSafelyOrSkipIfInProgress(PushMeterRegistry.java:64)
	at java.base/java.util.concurrent.Executors$RunnableAdapter.call(Executors.java:539)
	at java.base/java.util.concurrent.FutureTask.runAndReset(FutureTask.java:305)
	at java.base/java.util.concurrent.ScheduledThreadPoolExecutor$ScheduledFutureTask.run(ScheduledThreadPoolExecutor.java:305)
	at java.base/java.util.concurrent.ThreadPoolExecutor.runWorker(ThreadPoolExecutor.java:1136)
	at java.base/java.util.concurrent.ThreadPoolExecutor$Worker.run(ThreadPoolExecutor.java:635)
	at java.base/java.lang.Thread.run(Thread.java:840)

[0m[0m07:37:15,788 INFO  [open.dolphin] (default task-2) 127.0.0.1 dolphin GET /dolphin traceId=756e9244-460c-4e3c-be8a-84c60b4875ef
[0m[0m07:37:15,788 INFO  [open.dolphin] (default task-2) 127.0.0.1 dolphin GET /dolphin traceId=6a76e1f7-3946-4c55-875b-2ecfb24fb303
