== Info:   Trying 100.102.17.40:8000...
== Info: Connected to 100.102.17.40 (100.102.17.40) port 8000
== Info: Server auth using Basic with user 'ormaster'
=> Send header, 232 bytes (0xe8)
0000: POST /api01rv2/system01dailyv2 HTTP/1.1
0029: Host: 100.102.17.40:8000
0043: Authorization: Basic <MASKED>
0072: User-Agent: curl/8.5.0
008a: Content-Type: application/xml; charset=UTF-8
00b8: Accept: application/xml
00d1: Content-Length: 178
00e6: 
=> Send data, 178 bytes (0xb2)
0000: <?xml version="1.0" encoding="UTF-8"?>.<data>.  <system01_dailyr
0040: eq>.    <Request_Number>01</Request_Number>.    <Base_Date>2025-
0080: 11-21</Base_Date>.  </system01_dailyreq>.</data>
<= Recv header, 17 bytes (0x11)
0000: HTTP/1.1 200 OK
<= Recv header, 46 bytes (0x2e)
0000: Content-Type: application/xml; charset=UTF-8
<= Recv header, 22 bytes (0x16)
0000: X-Hybridmode: normal
<= Recv header, 37 bytes (0x25)
0000: Date: Fri, 21 Nov 2025 06:09:59 GMT
<= Recv header, 28 bytes (0x1c)
0000: Transfer-Encoding: chunked
<= Recv header, 2 bytes (0x2)
0000: 
<= Recv data, 2048 bytes (0x800)
0000: <?xml version="1.0" encoding="UTF-8"?>.<xmlio2>.<system01_dailyr
0040: es type="record">.<Information_Date type="string">2025-11-21</In
0080: formation_Date>.<Information_Time type="string">15:09:59</Inform
00c0: ation_Time>.<Api_Result type="string">00</Api_Result>.<Api_Resul
0100: t_Message type="string">............</Api_Result_Message>.<Reske
0140: y type="string">Patient Info</Reskey>.<Base_Date type="string">2
0180: 025-11-21</Base_Date>.<Patient_Information type="record">.<Dupli
01c0: cation_Class type="string">0</Duplication_Class>.<Duplication_Cl
0200: ass_Name type="string">....................................</Dup
0240: lication_Class_Name>.<ZipCode_Auto_Class type="string">1</ZipCod
0280: e_Auto_Class>.<ZipCode_Auto_Class_Name type="string">...........
02c0: .......</ZipCode_Auto_Class_Name>.<P_WholeName_Auto_Class type="
0300: string">1</P_WholeName_Auto_Class>.<P_WholeName_Auto_Class_Name 
0340: type="string">............</P_WholeName_Auto_Class_Name>.</Patie
0380: nt_Information>.<Medical_Information type="record">.<Medical_Set
03c0: 01_Information type="record">.<Outside_Class type="string">0</Ou
0400: tside_Class>.<Outside_Class_Name type="string">......</Outside_C
0440: lass_Name>.<Tax_Rounding_Class type="string">2</Tax_Rounding_Cla
0480: ss>.<Tax_Rounding_Class_Name type="string">.....................
04c0: ...</Tax_Rounding_Class_Name>.<Oe_Rounding_Class type="string">2
0500: </Oe_Rounding_Class>.<Oe_Rounding_Class_Name type="string">.....
0540: ...................</Oe_Rounding_Class_Name>.<Medical_Change_Cla
0580: ss type="string">0</Medical_Change_Class>.<Medical_Change_Class_
05c0: Name type="string">............</Medical_Change_Class_Name>.<Cla
0600: ss_Change_Class type="string">0</Class_Change_Class>.<Class_Chan
0640: ge_Class_Name type="string">............</Class_Change_Class_Nam
0680: e>.<Set_Mode_Class type="string">0</Set_Mode_Class>.<Set_Mode_Cl
06c0: ass_Name type="string">............</Set_Mode_Class_Name>.</Medi
0700: cal_Set01_Information>.<Medical_Set02_Information type="record">
0740: .<Medical_Auto_Class type="string">1</Medical_Auto_Class>.<Medic
0780: al_Auto_Class_Name type="string">............</Medical_Auto_Clas
07c0: s_Name>.<Child_Med_Auto_Class type="string">0</Child_Med_Auto_Cl
<= Recv data, 267 bytes (0x10b)
0000: ass>.<Child_Med_Auto_Class_Name type="string">...............</C
0040: hild_Med_Auto_Class_Name>.<Disease_Med_Auto_Class type="string">
0080: 1</Disease_Med_Auto_Class>.<Disease_Med_Auto_Class_Name type="st
00c0: ring">............</Disease_Med_Auto_Class_Name>.<MeTeratment_Au
0100: to_Class ty
<= Recv data, 3876 bytes (0xf24)
0000: pe="string">0</MeTeratment_Auto_Class>.<MeTeratment_Auto_Class_N
0040: ame type="string">...............</MeTeratment_Auto_Class_Name>.
0080: <Outpatient_Med_Chk_Class type="string">1</Outpatient_Med_Chk_Cl
00c0: ass>.<Outpatient_Med_Chk_Class_Name type="string">..............
0100: ....</Outpatient_Med_Chk_Class_Name>.<Child_Time_Class type="str
0140: ing">0</Child_Time_Class>.<Child_Time_Class_Name type="string">.
0180: ..............</Child_Time_Class_Name>.<LastVisit_Term type="str
01c0: ing">00</LastVisit_Term>.<Combination_Number_Chk_Class type="str
0200: ing">0</Combination_Number_Chk_Class>.<Combination_Number_Chk_Cl
0240: ass_Name type="string">.....................</Combination_Number
0280: _Chk_Class_Name>.</Medical_Set02_Information>.<Medical_Set03_Inf
02c0: ormation type="record">.<Dosage_Chk_Class type="string">0</Dosag
0300: e_Chk_Class>.<Dosage_Chk_Class_Name type="string">..............
0340: ...................</Dosage_Chk_Class_Name>.<Dosage_30Over_Chk_C
0380: lass type="string">0</Dosage_30Over_Chk_Class>.<Dosage_30Over_Ch
03c0: k_Class_Name type="string">.....................</Dosage_30Over_
0400: Chk_Class_Name>.<DrugInf_Chk_Class type="string">1</DrugInf_Chk_
0440: Class>.<DrugInf_Chk_Class_Name type="string">..................<
0480: /DrugInf_Chk_Class_Name>.<Medication_Notebook_Chk_Class type="st
04c0: ring">0</Medication_Notebook_Chk_Class>.<Medication_Notebook_Chk
0500: _Class_Name type="string">.....................</Medication_Note
0540: book_Chk_Class_Name>.<Time_Chk_Class type="string">1</Time_Chk_C
0580: lass>.<Time_Chk_Class_Name type="string">..................</Tim
05c0: e_Chk_Class_Name>.<Psy20_Addition_Auto_Class type="string">0</Ps
0600: y20_Addition_Auto_Class>.<Psy20_Addition_Auto_Class_Name type="s
0640: tring">..................</Psy20_Addition_Auto_Class_Name>.<Mind
0680: 20_Addition_Auto_Class type="string">0</Mind20_Addition_Auto_Cla
06c0: ss>.<Mind20_Addition_Auto_Class_Name type="string">.............
0700: .....</Mind20_Addition_Auto_Class_Name>.<Rem_Addition_Auto_Class
0740:  type="string">1</Rem_Addition_Auto_Class>.<Rem_Addition_Auto_Cl
0780: ass_Name type="string">............</Rem_Addition_Auto_Class_Nam
07c0: e>.<Dispensing_Auto_Class type="string">0</Dispensing_Auto_Class
0800: >.<Dispensing_Auto_Class_Name type="string">...............</Dis
0840: pensing_Auto_Class_Name>.<DrugInf_Auto_Class type="string">0</Dr
0880: ugInf_Auto_Class>.<DrugInf_Auto_Class_Name type="string">.......
08c0: ........</DrugInf_Auto_Class_Name>.<Om_DrugInf_Auto_Class type="
0900: string">0</Om_DrugInf_Auto_Class>.<Om_DrugInf_Auto_Class_Name ty
0940: pe="string">...............</Om_DrugInf_Auto_Class_Name>.<Specif
0980: ic_Drug_Auto_Class type="string">0</Specific_Drug_Auto_Class>.<S
09c0: pecific_Drug_Auto_Class_Name type="string">...............</Spec
0a00: ific_Drug_Auto_Class_Name>.<Outpatient_Modify_Auto_Class type="s
0a40: tring">1</Outpatient_Modify_Auto_Class>.<Outpatient_Modify_Auto_
0a80: Class_Name type="string">............</Outpatient_Modify_Auto_Cl
0ac0: ass_Name>.<Modify_Disease_Med_Auto_Class type="string">0</Modify
0b00: _Disease_Med_Auto_Class>.<Modify_Disease_Med_Auto_Class_Name typ
0b40: e="string">...............</Modify_Disease_Med_Auto_Class_Name>.
0b80: <Laboratory_text_Med_Auto_Class type="string">0</Laboratory_text
0bc0: _Med_Auto_Class>.<Laboratory_text_Med_Auto_Class_Name type="stri
0c00: ng">...............</Laboratory_text_Med_Auto_Class_Name>.<Image
0c40: _Addition_Auto_Class type="string">1</Image_Addition_Auto_Class>
0c80: .<Image_Addition_Auto_Class_Name type="string">............</Ima
0cc0: ge_Addition_Auto_Class_Name>.</Medical_Set03_Information>.<Medic
0d00: al_Set04_Information type="record">.<Ic_Request_Code type="strin
0d40: g">1</Ic_Request_Code>.<Ic_Request_Code_Name type="string">.....
0d80: ......................</Ic_Request_Code_Name>.<Ic_Re_Code type="
0dc0: string">0</Ic_Re_Code>.<Ic_Re_Code_Name type="string">..........
0e00: ...........</Ic_Re_Code_Name>.<Modify_Invoice_Receipt_Code type=
0e40: "string">0</Modify_Invoice_Receipt_Code>.<Modify_Invoice_Receipt
0e80: _Code_Name type="string">.....................</Modify_Invoice_R
0ec0: eceipt_Code_Name>.</Medical_Set04_Information>.</Medical_Informa
0f00: tion>.</system01_dailyres>.</xmlio2>
== Info: Connection #0 to host 100.102.17.40 left intact
