Note: Unnecessary use of -X or --request, POST is already inferred.
* Host localhost:9080 was resolved.
* IPv6: ::1
* IPv4: 127.0.0.1
  % Total    % Received % Xferd  Average Speed   Time    Time     Time  Current
                                 Dload  Upload   Total   Spent    Left  Speed
  0     0    0     0    0     0      0      0 --:--:-- --:--:-- --:--:--     0*   Trying [::1]:9080...
* Connected to localhost (::1) port 9080
> POST /openDolphin/resources/user HTTP/1.1
> Host: localhost:9080
> User-Agent: curl/8.7.1
> Accept: */*
> Content-Type: application/json
> userName: 1.3.6.1.4.1.9414.72.103:admin
> password: admin2025
> Content-Length: 668
> 
} [668 bytes data]
* upload completely sent off: 668 bytes
< HTTP/1.1 401 Unauthorized
< Referrer-Policy: no-referrer
< Content-Security-Policy: default-src 'self'
< X-Trace-Id: c9b37c0b-6d6b-4587-a883-cf39de41543c
< Date: Wed, 19 Nov 2025 13:23:27 GMT
< Connection: keep-alive
< WWW-Authenticate: Basic realm="OpenDolphin"
< Strict-Transport-Security: max-age=63072000; includeSubDomains
< X-Content-Type-Options: nosniff
< Content-Type: application/json;charset=UTF-8
< Content-Length: 236
< 
{ [236 bytes data]
100   904  100   236  100   668   3932  11130 --:--:-- --:--:-- --:--:-- 15322
* Connection #0 to host localhost left intact
{"error":"unauthorized","message":"Authentication required","status":401,"traceId":"c9b37c0b-6d6b-4587-a883-cf39de41543c","path":"/openDolphin/resources/user","principal":"1.3.6.1.4.1.9414.72.103:admin","reason":"authentication_failed"}