A more recent version of Flyway is available. Find out more about Flyway 11.17.0 at https://rd.gt/3rXiSlV

Flyway OSS Edition 10.17.3 by Redgate

See release notes here: https://rd.gt/416ObMi
Database: jdbc:postgresql://localhost:5432/opendolphin (PostgreSQL 14.19)
Successfully validated 12 migrations (execution time 00:00.037s)
Current version of schema "opendolphin": 0
Migrating schema "opendolphin" to version "0001 - baseline tag"
+----------+
| ?column? |
+----------+
| 1        |
+----------+

Migrating schema "opendolphin" to version "0002 - performance indexes"
WARNING: DB: extension "pg_trgm" already exists, skipping (SQL State: 42710 - Error Code: 0)
Migrating schema "opendolphin" to version "0003 - security phase3 stage7"
WARNING: DB: relation "d_factor2_credential" already exists, skipping (SQL State: 42P07 - Error Code: 0)
WARNING: DB: relation "idx_factor2_credential_user" already exists, skipping (SQL State: 42P07 - Error Code: 0)
WARNING: DB: relation "idx_factor2_credential_id" already exists, skipping (SQL State: 42P07 - Error Code: 0)
WARNING: DB: relation "d_factor2_challenge" already exists, skipping (SQL State: 42P07 - Error Code: 0)
WARNING: DB: relation "idx_factor2_challenge_user" already exists, skipping (SQL State: 42P07 - Error Code: 0)
WARNING: DB: relation "idx_factor2_challenge_type" already exists, skipping (SQL State: 42P07 - Error Code: 0)
WARNING: DB: relation "d_audit_event" already exists, skipping (SQL State: 42P07 - Error Code: 0)
WARNING: DB: relation "idx_audit_event_time" already exists, skipping (SQL State: 42P07 - Error Code: 0)
WARNING: DB: relation "idx_audit_event_action" already exists, skipping (SQL State: 42P07 - Error Code: 0)
WARNING: DB: relation "d_third_party_disclosure" already exists, skipping (SQL State: 42P07 - Error Code: 0)
WARNING: DB: relation "idx_third_party_disclosure_patient" already exists, skipping (SQL State: 42P07 - Error Code: 0)
WARNING: DB: relation "idx_third_party_disclosure_time" already exists, skipping (SQL State: 42P07 - Error Code: 0)
WARNING: DB: column "created_at" of relation "d_factor2_backupkey" already exists, skipping (SQL State: 42701 - Error Code: 0)
WARNING: DB: column "hash_algorithm" of relation "d_factor2_backupkey" already exists, skipping (SQL State: 42701 - Error Code: 0)
Migrating schema "opendolphin" to version "0220 - phr async job"
WARNING: DB: relation "phr_async_job" already exists, skipping (SQL State: 42P07 - Error Code: 0)
WARNING: DB: relation "idx_phr_async_job_state" already exists, skipping (SQL State: 42P07 - Error Code: 0)
WARNING: DB: relation "idx_phr_async_job_facility" already exists, skipping (SQL State: 42P07 - Error Code: 0)
Migrating schema "opendolphin" to version "0221 - doc module flag columns"
WARNING: DB: column "admflag" of relation "d_document" already exists, skipping (SQL State: 42701 - Error Code: 0)
WARNING: DB: column "performflag" of relation "d_module" already exists, skipping (SQL State: 42701 - Error Code: 0)
Migrating schema "opendolphin" to version "0222 - diagnosis legacy tables"
WARNING: DB: relation "d_diagnosis" already exists, skipping (SQL State: 42P07 - Error Code: 0)
WARNING: DB: relation "d_diagnosis_seq" already exists, skipping (SQL State: 42P07 - Error Code: 0)
WARNING: DB: relation "d_diagnosis_idx" already exists, skipping (SQL State: 42P07 - Error Code: 0)
Migrating schema "opendolphin" to version "0223 - schedule appo tables"
WARNING: DB: relation "hibernate_sequence" already exists, skipping (SQL State: 42P07 - Error Code: 0)
WARNING: DB: relation "d_patient_visit" already exists, skipping (SQL State: 42P07 - Error Code: 0)
WARNING: DB: relation "d_patient_visit_facility_date_idx" already exists, skipping (SQL State: 42P07 - Error Code: 0)
WARNING: DB: relation "d_patient_visit_doctor_idx" already exists, skipping (SQL State: 42P07 - Error Code: 0)
WARNING: DB: relation "d_appo" already exists, skipping (SQL State: 42P07 - Error Code: 0)
WARNING: DB: relation "d_appo_karte_date_idx" already exists, skipping (SQL State: 42P07 - Error Code: 0)
WARNING: DB: relation "d_appo_patient_idx" already exists, skipping (SQL State: 42P07 - Error Code: 0)
Migrating schema "opendolphin" to version "0224 - document module tables"
WARNING: DB: relation "hibernate_sequence" already exists, skipping (SQL State: 42P07 - Error Code: 0)
WARNING: DB: relation "d_document" already exists, skipping (SQL State: 42P07 - Error Code: 0)
WARNING: DB: relation "d_document_idx" already exists, skipping (SQL State: 42P07 - Error Code: 0)
WARNING: DB: relation "d_module" already exists, skipping (SQL State: 42P07 - Error Code: 0)
WARNING: DB: relation "d_module_doc_idx" already exists, skipping (SQL State: 42P07 - Error Code: 0)
WARNING: DB: relation "d_image" already exists, skipping (SQL State: 42P07 - Error Code: 0)
WARNING: DB: relation "d_image_doc_idx" already exists, skipping (SQL State: 42P07 - Error Code: 0)
WARNING: DB: relation "d_attachment" already exists, skipping (SQL State: 42P07 - Error Code: 0)
WARNING: DB: relation "d_attachment_doc_idx" already exists, skipping (SQL State: 42P07 - Error Code: 0)
Migrating schema "opendolphin" to version "0225 - letter lab stamp tables"
WARNING: DB: relation "d_letter_module_seq" already exists, skipping (SQL State: 42P07 - Error Code: 0)
WARNING: DB: relation "d_letter_module" already exists, skipping (SQL State: 42P07 - Error Code: 0)
WARNING: DB: relation "d_letter_module_idx" already exists, skipping (SQL State: 42P07 - Error Code: 0)
WARNING: DB: relation "d_nlabo_module_seq" already exists, skipping (SQL State: 42P07 - Error Code: 0)
WARNING: DB: relation "d_nlabo_module" already exists, skipping (SQL State: 42P07 - Error Code: 0)
WARNING: DB: relation "d_nlabo_module_pid_idx" already exists, skipping (SQL State: 42P07 - Error Code: 0)
WARNING: DB: relation "d_nlabo_item_seq" already exists, skipping (SQL State: 42P07 - Error Code: 0)
WARNING: DB: relation "d_nlabo_item" already exists, skipping (SQL State: 42P07 - Error Code: 0)
WARNING: DB: relation "d_nlabo_item_module_idx" already exists, skipping (SQL State: 42P07 - Error Code: 0)
WARNING: DB: relation "d_nlabo_item_patient_idx" already exists, skipping (SQL State: 42P07 - Error Code: 0)
WARNING: DB: relation "d_stamp_tree_seq" already exists, skipping (SQL State: 42P07 - Error Code: 0)
WARNING: DB: relation "d_stamp_tree" already exists, skipping (SQL State: 42P07 - Error Code: 0)
WARNING: DB: relation "d_stamp_tree_user_idx" already exists, skipping (SQL State: 42P07 - Error Code: 0)
Migrating schema "opendolphin" to version "0226 - audit event sequence owned"
Migrating schema "opendolphin" to version "0227 - audit event trace id"
WARNING: DB: column "trace_id" of relation "d_audit_event" already exists, skipping (SQL State: 42701 - Error Code: 0)
WARNING: DB: relation "idx_audit_event_trace_id" already exists, skipping (SQL State: 42P07 - Error Code: 0)
Successfully applied 11 migrations to schema "opendolphin", now at version v0227 (execution time 00:00.083s)
