Output format is aligned.
   table    | count 
------------+-------
 d_facility |     2
(1 row)

  table  | count 
---------+-------
 d_users |     2
(1 row)

  table  | count 
---------+-------
 d_roles |     2
(1 row)

   table   | count 
-----------+-------
 d_patient |     2
(1 row)

  table  | count 
---------+-------
 d_karte |     2
(1 row)

      table      | count 
-----------------+-------
 d_patient_visit |     2
(1 row)

      table      | count 
-----------------+-------
 d_letter_module |     1
(1 row)

    table     | count 
--------------+-------
 d_nlabo_item |     2
(1 row)

 table  | count 
--------+-------
 d_appo |     1
(1 row)

    table     | count 
--------------+-------
 d_stamp_tree |     1
(1 row)

