2025-11-13 22:03:07.672 JST [75998] LOG:  execute stmtcache_e8c9ddbd9ca010f076d588a886d7ee78fd4f109411528a60: SELECT password FROM tbl_passwd INNER JOIN tbl_sysuser ON tbl_sysuser.userid = tbl_passwd.userid WHERE tbl_passwd.userid = $1
2025-11-13 22:03:07.672 JST [75998] DETAIL:  parameters: $1 = 'ormaster'
2025-11-13 22:03:07.725 JST [76000] LOG:  execute stmtcache_9e4018135a290f02f686df3894049b1ed69da411481bc5db:  SELECT * FROM tbl_sysuser WHERE USERID = $1::varchar ;
2025-11-13 22:03:07.725 JST [76000] DETAIL:  parameters: $1 = 'ormaster'
2025-11-13 22:03:07.725 JST [76000] LOG:  statement: -- ping
2025-11-13 22:03:07.726 JST [76000] LOG:  execute stmtcache_c57d24dd01b2dbbe96ebb5de3f8442cbb50f683d45bf5d94:  SELECT * FROM tbl_sysbase ORDER BY HOSPNUM ;
2025-11-13 22:03:07.730 JST [76000] LOG:  execute stmtcache_5b352ee63806d9c6899dc47a6da47ecc307800fedb3d77da:  SELECT * FROM tbl_syskanri WHERE HOSPNUM = $1::integer AND KANRICD = $2::varchar AND KBNCD = $3::varchar AND STYUKYMD <= $4::varchar AND EDYUKYMD >= $5::varchar ;
2025-11-13 22:03:07.730 JST [76000] DETAIL:  parameters: $1 = '1', $2 = '1001', $3 = '*', $4 = '20251113', $5 = '20251113'
2025-11-13 22:03:07.731 JST [76000] LOG:  execute stmtcache_5b352ee63806d9c6899dc47a6da47ecc307800fedb3d77da:  SELECT * FROM tbl_syskanri WHERE HOSPNUM = $1::integer AND KANRICD = $2::varchar AND KBNCD = $3::varchar AND STYUKYMD <= $4::varchar AND EDYUKYMD >= $5::varchar ;
2025-11-13 22:03:07.731 JST [76000] DETAIL:  parameters: $1 = '1', $2 = '1009', $3 = '*', $4 = '20251113', $5 = '20251113'
2025-11-13 22:03:07.732 JST [76000] LOG:  execute stmtcache_5b352ee63806d9c6899dc47a6da47ecc307800fedb3d77da:  SELECT * FROM tbl_syskanri WHERE HOSPNUM = $1::integer AND KANRICD = $2::varchar AND KBNCD = $3::varchar AND STYUKYMD <= $4::varchar AND EDYUKYMD >= $5::varchar ;
2025-11-13 22:03:07.732 JST [76000] DETAIL:  parameters: $1 = '1', $2 = '9800', $3 = '*', $4 = '20251113', $5 = '20251113'
2025-11-13 22:03:07.732 JST [76000] LOG:  execute stmtcache_3dd41b3cb4b687465c34fd4aecbfb94435468784f6e96a2f:  SELECT * FROM tbl_syskanri WHERE HOSPNUM = $1::integer AND KANRICD = $2::varchar AND STYUKYMD <= $3::varchar AND EDYUKYMD >= $4::varchar AND KANRITBL LIKE $5::varchar ;
2025-11-13 22:03:07.732 JST [76000] DETAIL:  parameters: $1 = '1', $2 = '1010', $3 = '20251113', $4 = '20251113', $5 = 'ormaster%'
2025-11-13 22:03:07.732 JST [76000] LOG:  execute stmtcache_5b352ee63806d9c6899dc47a6da47ecc307800fedb3d77da:  SELECT * FROM tbl_syskanri WHERE HOSPNUM = $1::integer AND KANRICD = $2::varchar AND KBNCD = $3::varchar AND STYUKYMD <= $4::varchar AND EDYUKYMD >= $5::varchar ;
2025-11-13 22:03:07.732 JST [76000] DETAIL:  parameters: $1 = '1', $2 = '1050', $3 = '00001', $4 = '20251113', $5 = '20251113'
2025-11-13 22:03:07.733 JST [76000] LOG:  execute stmtcache_5b352ee63806d9c6899dc47a6da47ecc307800fedb3d77da:  SELECT * FROM tbl_syskanri WHERE HOSPNUM = $1::integer AND KANRICD = $2::varchar AND KBNCD = $3::varchar AND STYUKYMD <= $4::varchar AND EDYUKYMD >= $5::varchar ;
2025-11-13 22:03:07.733 JST [76000] DETAIL:  parameters: $1 = '1', $2 = '2009', $3 = '*', $4 = '20251113', $5 = '20251113'
2025-11-13 22:03:07.734 JST [76000] LOG:  execute stmtcache_482927ed8ab97718fedd869c1fe5762566e89cfc3a97afbf:  SELECT * FROM tbl_sysbase WHERE HOSPNUM = $1::integer ;
2025-11-13 22:03:07.734 JST [76000] DETAIL:  parameters: $1 = '1'
2025-11-13 22:03:07.734 JST [76000] LOG:  execute stmtcache_06fca2a60a8ad809a18f69da0b3b797ce9afaf904c5751e7:  select pg_encoding_to_char ( encoding ) as INFO_1 from pg_database where datname = current_database ( ) ;
2025-11-13 22:03:07.735 JST [76000] LOG:  execute stmtcache_46b2485b35d9e396e3d595661aa39b77b9ba3ace94ac283a:  select setting as INFO_1 FROM pg_settings WHERE name = 'lc_collate' ;
2025-11-13 22:03:07.736 JST [76000] LOG:  execute stmtcache_5b352ee63806d9c6899dc47a6da47ecc307800fedb3d77da:  SELECT * FROM tbl_syskanri WHERE HOSPNUM = $1::integer AND KANRICD = $2::varchar AND KBNCD = $3::varchar AND STYUKYMD <= $4::varchar AND EDYUKYMD >= $5::varchar ;
2025-11-13 22:03:07.736 JST [76000] DETAIL:  parameters: $1 = '1', $2 = '9901', $3 = '0001', $4 = '00000000', $5 = '99999999'
2025-11-13 22:03:07.739 JST [76000] LOG:  execute stmtcache_d140d80223d9e81b4e425af729114d564d68797b55686c4c:  SELECT * FROM tbl_ptnum WHERE ( HOSPNUM = $1::integer ) AND ( PTNUM LIKE $2::varchar ) ;
2025-11-13 22:03:07.739 JST [76000] DETAIL:  parameters: $1 = '1', $2 = '00000002%'
2025-11-13 22:03:07.741 JST [76000] LOG:  execute stmtcache_d4279fbb60879947f431c811b5ea60da711d110e85a19e2e:  SELECT * FROM tbl_ptinf WHERE HOSPNUM = $1::integer AND PTID = $2::bigint ;
2025-11-13 22:03:07.741 JST [76000] DETAIL:  parameters: $1 = '1', $2 = '2'
2025-11-13 22:03:07.742 JST [76000] LOG:  execute stmtcache_5b352ee63806d9c6899dc47a6da47ecc307800fedb3d77da:  SELECT * FROM tbl_syskanri WHERE HOSPNUM = $1::integer AND KANRICD = $2::varchar AND KBNCD = $3::varchar AND STYUKYMD <= $4::varchar AND EDYUKYMD >= $5::varchar ;
2025-11-13 22:03:07.742 JST [76000] DETAIL:  parameters: $1 = '1', $2 = '1005', $3 = '01', $4 = '20251113', $5 = '20251113'
2025-11-13 22:03:07.742 JST [76000] LOG:  execute stmtcache_5b352ee63806d9c6899dc47a6da47ecc307800fedb3d77da:  SELECT * FROM tbl_syskanri WHERE HOSPNUM = $1::integer AND KANRICD = $2::varchar AND KBNCD = $3::varchar AND STYUKYMD <= $4::varchar AND EDYUKYMD >= $5::varchar ;
2025-11-13 22:03:07.742 JST [76000] DETAIL:  parameters: $1 = '1', $2 = '1010', $3 = '00001', $4 = '20251113', $5 = '20251113'
