[INFO] Scanning for projects...
[INFO] ------------------------------------------------------------------------
[INFO] Reactor Build Order:
[INFO] 
[INFO] opendolphin                                                        [pom]
[INFO] opendolphin-common                                                 [jar]
[INFO] opendolphin-reporting                                              [jar]
[INFO] opendolphin-server-modernized                                      [war]
[INFO] 
[INFO] ----------------------< opendolphin:opendolphin >-----------------------
[INFO] Building opendolphin 2.7.1                                         [1/4]
[INFO]   from pom.server-modernized.xml
[INFO] --------------------------------[ pom ]---------------------------------
[INFO] 
[INFO] -------------------< opendolphin:opendolphin-common >-------------------
[INFO] Building opendolphin-common 2.7.1                                  [2/4]
[INFO]   from common/pom.xml
[INFO] --------------------------------[ jar ]---------------------------------
[INFO] 
[INFO] --- resources:3.3.1:resources (default-resources) @ opendolphin-common ---
[INFO] Copying 1 resource from src/main/resources to target/classes
[INFO] 
[INFO] --- compiler:3.11.0:compile (default-compile) @ opendolphin-common ---
[INFO] Nothing to compile - all classes are up to date
[INFO] 
[INFO] --- resources:3.3.1:testResources (default-testResources) @ opendolphin-common ---
[INFO] skip non existing resourceDirectory /Users/Hayato/Documents/GitHub/OpenDolphin_WebClient/common/src/test/resources
[INFO] 
[INFO] --- compiler:3.11.0:testCompile (default-testCompile) @ opendolphin-common ---
[INFO] Nothing to compile - all classes are up to date
[INFO] 
[INFO] --- surefire:3.2.5:test (default-test) @ opendolphin-common ---
[INFO] Tests are skipped.
[INFO] 
[INFO] --- jar:3.3.0:jar (default-jar) @ opendolphin-common ---
[INFO] 
[INFO] --- jar:3.3.0:jar (jakarta-no-persistence) @ opendolphin-common ---
[INFO] 
[INFO] --- build-helper:3.5.0:attach-artifact (attach-jakarta-jar) @ opendolphin-common ---
[WARNING] artifact opendolphin:opendolphin-common:jar:jakarta:2.7.1 already attached, replace previous instance
[INFO] 
[INFO] -----------------< opendolphin:opendolphin-reporting >------------------
[INFO] Building opendolphin-reporting 2.7.1                               [3/4]
[INFO]   from reporting/pom.xml
[INFO] --------------------------------[ jar ]---------------------------------
[INFO] 
[INFO] --- resources:3.3.1:resources (default-resources) @ opendolphin-reporting ---
[INFO] skip non existing resourceDirectory /Users/Hayato/Documents/GitHub/OpenDolphin_WebClient/reporting/src/main/resources
[INFO] Copying 7 resources from ../server-modernized/reporting/templates to target/classes/reporting/templates
[INFO] Copying 1 resource from ../server-modernized/reporting/glossary to target/classes/reporting/glossary
[INFO] 
[INFO] --- compiler:3.11.0:compile (default-compile) @ opendolphin-reporting ---
[INFO] Nothing to compile - all classes are up to date
[INFO] 
[INFO] --- resources:3.3.1:testResources (default-testResources) @ opendolphin-reporting ---
[INFO] skip non existing resourceDirectory /Users/Hayato/Documents/GitHub/OpenDolphin_WebClient/reporting/src/test/resources
[INFO] 
[INFO] --- compiler:3.11.0:testCompile (default-testCompile) @ opendolphin-reporting ---
[INFO] No sources to compile
[INFO] 
[INFO] --- surefire:3.2.5:test (default-test) @ opendolphin-reporting ---
[INFO] Tests are skipped.
[INFO] 
[INFO] --- jar:3.4.1:jar (default-jar) @ opendolphin-reporting ---
[INFO] 
[INFO] -------------< opendolphin:opendolphin-server-modernized >--------------
[INFO] Building opendolphin-server-modernized 2.7.1                       [4/4]
[INFO]   from server-modernized/pom.xml
[INFO] --------------------------------[ war ]---------------------------------
[WARNING] The artifact jdom:jdom:jar:1.1 has been relocated to org.jdom:jdom:jar:1.1
[INFO] 
[INFO] --- resources:3.3.1:resources (default-resources) @ opendolphin-server-modernized ---
[INFO] Copying 5 resources from src/main/resources to target/classes
[INFO] Copying 7 resources from reporting/templates to target/classes/reporting/templates
[INFO] Copying 1 resource from reporting/glossary to target/classes/reporting/glossary
[INFO] 
[INFO] --- compiler:3.11.0:compile (default-compile) @ opendolphin-server-modernized ---
[INFO] Changes detected - recompiling the module! :source
[INFO] Compiling 332 source files with javac [debug deprecation release 17] to target/classes
[WARNING] /Users/Hayato/Documents/GitHub/OpenDolphin_WebClient/server-modernized/src/main/java/open/dolphin/touch/DemoResource.java:[1306,47] open.dolphin.touchのopen.dolphin.touch.Base64Utilsは推奨されておらず、削除用にマークされています
[WARNING] /Users/Hayato/Documents/GitHub/OpenDolphin_WebClient/server-modernized/src/main/java/open/dolphin/touch/DemoResource.java:[1654,51] open.dolphin.touchのopen.dolphin.touch.Base64Utilsは推奨されておらず、削除用にマークされています
[WARNING] /Users/Hayato/Documents/GitHub/OpenDolphin_WebClient/server-modernized/src/main/java/open/dolphin/touch/DolphinResourceASP.java:[1150,47] open.dolphin.touchのopen.dolphin.touch.Base64Utilsは推奨されておらず、削除用にマークされています
[WARNING] /Users/Hayato/Documents/GitHub/OpenDolphin_WebClient/server-modernized/src/main/java/open/dolphin/touch/DolphinResourceASP.java:[1296,51] open.dolphin.touchのopen.dolphin.touch.Base64Utilsは推奨されておらず、削除用にマークされています
[WARNING] /Users/Hayato/Documents/GitHub/OpenDolphin_WebClient/server-modernized/src/main/java/open/dolphin/session/KarteServiceBean.java:[608,92] java.lang.LongのLong(long)は推奨されておらず、削除用にマークされています
[WARNING] /Users/Hayato/Documents/GitHub/OpenDolphin_WebClient/server-modernized/src/main/java/open/dolphin/session/KarteServiceBean.java:[932,25] java.lang.LongのLong(long)は推奨されておらず、削除用にマークされています
[WARNING] /Users/Hayato/Documents/GitHub/OpenDolphin_WebClient/server-modernized/src/main/java/open/dolphin/session/KarteServiceBean.java:[959,21] java.lang.LongのLong(long)は推奨されておらず、削除用にマークされています
[WARNING] /Users/Hayato/Documents/GitHub/OpenDolphin_WebClient/server-modernized/src/main/java/open/dolphin/session/KarteServiceBean.java:[1056,25] java.lang.LongのLong(long)は推奨されておらず、削除用にマークされています
[WARNING] /Users/Hayato/Documents/GitHub/OpenDolphin_WebClient/server-modernized/src/main/java/open/dolphin/session/PVTServiceBean.java:[713,88] java.lang.LongのLong(long)は推奨されておらず、削除用にマークされています
[WARNING] /Users/Hayato/Documents/GitHub/OpenDolphin_WebClient/server-modernized/src/main/java/open/dolphin/session/PVTServiceBean.java:[770,88] java.lang.LongのLong(long)は推奨されておらず、削除用にマークされています
[WARNING] /Users/Hayato/Documents/GitHub/OpenDolphin_WebClient/server-modernized/src/main/java/open/dolphin/rest/AbstractResource.java:[59,46] com.fasterxml.jackson.databind.SerializationFeatureのWRITE_NULL_MAP_VALUESは推奨されません
[WARNING] /Users/Hayato/Documents/GitHub/OpenDolphin_WebClient/server-modernized/src/main/java/open/dolphin/session/StampServiceBean.java:[303,21] java.lang.LongのLong(long)は推奨されておらず、削除用にマークされています
[WARNING] /Users/Hayato/Documents/GitHub/OpenDolphin_WebClient/server-modernized/src/main/java/open/orca/rest/StringTool.java:[21,55] java.lang.CharacterのCharacter(char)は推奨されておらず、削除用にマークされています
[WARNING] /Users/Hayato/Documents/GitHub/OpenDolphin_WebClient/server-modernized/src/main/java/open/orca/rest/StringTool.java:[21,75] java.lang.CharacterのCharacter(char)は推奨されておらず、削除用にマークされています
[WARNING] /Users/Hayato/Documents/GitHub/OpenDolphin_WebClient/server-modernized/src/main/java/open/orca/rest/StringTool.java:[23,55] java.lang.CharacterのCharacter(char)は推奨されておらず、削除用にマークされています
[WARNING] /Users/Hayato/Documents/GitHub/OpenDolphin_WebClient/server-modernized/src/main/java/open/orca/rest/StringTool.java:[23,75] java.lang.CharacterのCharacter(char)は推奨されておらず、削除用にマークされています
[WARNING] /Users/Hayato/Documents/GitHub/OpenDolphin_WebClient/server-modernized/src/main/java/open/orca/rest/StringTool.java:[25,55] java.lang.CharacterのCharacter(char)は推奨されておらず、削除用にマークされています
[WARNING] /Users/Hayato/Documents/GitHub/OpenDolphin_WebClient/server-modernized/src/main/java/open/orca/rest/StringTool.java:[25,75] java.lang.CharacterのCharacter(char)は推奨されておらず、削除用にマークされています
[WARNING] /Users/Hayato/Documents/GitHub/OpenDolphin_WebClient/server-modernized/src/main/java/open/orca/rest/StringTool.java:[27,55] java.lang.CharacterのCharacter(char)は推奨されておらず、削除用にマークされています
[WARNING] /Users/Hayato/Documents/GitHub/OpenDolphin_WebClient/server-modernized/src/main/java/open/orca/rest/StringTool.java:[27,75] java.lang.CharacterのCharacter(char)は推奨されておらず、削除用にマークされています
[WARNING] /Users/Hayato/Documents/GitHub/OpenDolphin_WebClient/server-modernized/src/main/java/open/orca/rest/StringTool.java:[183,26] java.lang.CharacterのCharacter(char)は推奨されておらず、削除用にマークされています
[WARNING] /Users/Hayato/Documents/GitHub/OpenDolphin_WebClient/server-modernized/src/main/java/open/orca/rest/StringTool.java:[188,26] java.lang.CharacterのCharacter(char)は推奨されておらず、削除用にマークされています
[WARNING] /Users/Hayato/Documents/GitHub/OpenDolphin_WebClient/server-modernized/src/main/java/open/orca/rest/StringTool.java:[193,26] java.lang.CharacterのCharacter(char)は推奨されておらず、削除用にマークされています
[WARNING] /Users/Hayato/Documents/GitHub/OpenDolphin_WebClient/server-modernized/src/main/java/open/orca/rest/StringTool.java:[198,26] java.lang.CharacterのCharacter(char)は推奨されておらず、削除用にマークされています
[WARNING] /Users/Hayato/Documents/GitHub/OpenDolphin_WebClient/server-modernized/src/main/java/open/dolphin/touch/session/EHTServiceBean.java:[838,25] java.lang.LongのLong(long)は推奨されておらず、削除用にマークされています
[WARNING] /Users/Hayato/Documents/GitHub/OpenDolphin_WebClient/server-modernized/src/main/java/open/dolphin/session/SystemServiceBean.java:[88,25] java.lang.LongのLong(long)は推奨されておらず、削除用にマークされています
[WARNING] /Users/Hayato/Documents/GitHub/OpenDolphin_WebClient/server-modernized/src/main/java/open/dolphin/session/ScheduleServiceBean.java:[432,91] java.lang.LongのLong(long)は推奨されておらず、削除用にマークされています
[WARNING] /Users/Hayato/Documents/GitHub/OpenDolphin_WebClient/server-modernized/src/main/java/open/dolphin/adm20/session/ADM20_EHTServiceBean.java:[1289,41] com.yubico.webauthn.AssertionResultのgetCredentialId()は推奨されません
[WARNING] /Users/Hayato/Documents/GitHub/OpenDolphin_WebClient/server-modernized/src/main/java/open/dolphin/touch/DemoResourceASP.java:[1290,51] open.dolphin.touchのopen.dolphin.touch.Base64Utilsは推奨されておらず、削除用にマークされています
[WARNING] /Users/Hayato/Documents/GitHub/OpenDolphin_WebClient/server-modernized/src/main/java/open/dolphin/touch/DemoResourceASP.java:[1638,51] open.dolphin.touchのopen.dolphin.touch.Base64Utilsは推奨されておらず、削除用にマークされています
[INFO] /Users/Hayato/Documents/GitHub/OpenDolphin_WebClient/server-modernized/src/main/java/open/dolphin/touch/session/IPhoneServiceBean.java: 入力ファイルの操作のうち、未チェックまたは安全ではないものがあります。
[INFO] /Users/Hayato/Documents/GitHub/OpenDolphin_WebClient/server-modernized/src/main/java/open/dolphin/touch/session/IPhoneServiceBean.java: 詳細は、-Xlint:uncheckedオプションを指定して再コンパイルしてください。
[INFO] 
[INFO] --- resources:3.3.1:testResources (default-testResources) @ opendolphin-server-modernized ---
[INFO] Copying 16 resources from src/test/resources to target/test-classes
[INFO] 
[INFO] --- compiler:3.11.0:testCompile (default-testCompile) @ opendolphin-server-modernized ---
[INFO] Changes detected - recompiling the module! :dependency
[INFO] Compiling 34 source files with javac [debug deprecation release 17] to target/test-classes
[WARNING] /Users/Hayato/Documents/GitHub/OpenDolphin_WebClient/server-modernized/src/test/java/open/dolphin/touch/Base64UtilsTest.java:[15,26] open.dolphin.touchのopen.dolphin.touch.Base64Utilsは推奨されておらず、削除用にマークされています
[WARNING] /Users/Hayato/Documents/GitHub/OpenDolphin_WebClient/server-modernized/src/test/java/open/dolphin/touch/Base64UtilsTest.java:[24,26] open.dolphin.touchのopen.dolphin.touch.Base64Utilsは推奨されておらず、削除用にマークされています
[WARNING] /Users/Hayato/Documents/GitHub/OpenDolphin_WebClient/server-modernized/src/test/java/open/dolphin/touch/Base64UtilsTest.java:[25,37] open.dolphin.touchのopen.dolphin.touch.Base64Utilsは推奨されておらず、削除用にマークされています
[INFO] /Users/Hayato/Documents/GitHub/OpenDolphin_WebClient/server-modernized/src/test/java/open/dolphin/touch/patient/TouchPatientServiceTest.java: 入力ファイルの操作のうち、未チェックまたは安全ではないものがあります。
[INFO] /Users/Hayato/Documents/GitHub/OpenDolphin_WebClient/server-modernized/src/test/java/open/dolphin/touch/patient/TouchPatientServiceTest.java: 詳細は、-Xlint:uncheckedオプションを指定して再コンパイルしてください。
[INFO] 
[INFO] --- surefire:3.1.2:test (default-test) @ opendolphin-server-modernized ---
[INFO] Tests are skipped.
[INFO] 
[INFO] --- dependency:3.6.1:copy (copy-jakarta-common) @ opendolphin-server-modernized ---
[INFO] Configured Artifact: opendolphin:opendolphin-common:jakarta:2.7.1:jar
[INFO] Copying opendolphin-common-2.7.1-jakarta.jar to /Users/Hayato/Documents/GitHub/OpenDolphin_WebClient/server-modernized/target/jakarta-libs/opendolphin-common-2.7.1-jakarta.jar
[INFO] 
[INFO] --- war:3.4.0:war (default-war) @ opendolphin-server-modernized ---
[INFO] Packaging webapp
[INFO] Assembling webapp [opendolphin-server-modernized] in [/Users/Hayato/Documents/GitHub/OpenDolphin_WebClient/server-modernized/target/opendolphin-server]
[INFO] Processing war project
[INFO] Copying webapp webResources [/Users/Hayato/Documents/GitHub/OpenDolphin_WebClient/server-modernized/target/jakarta-libs] to [/Users/Hayato/Documents/GitHub/OpenDolphin_WebClient/server-modernized/target/opendolphin-server]
[INFO] Copying webapp resources [/Users/Hayato/Documents/GitHub/OpenDolphin_WebClient/server-modernized/src/main/webapp]
[INFO] Building war: /Users/Hayato/Documents/GitHub/OpenDolphin_WebClient/server-modernized/target/opendolphin-server.war
[INFO] ------------------------------------------------------------------------
[INFO] Reactor Summary for opendolphin 2.7.1:
[INFO] 
[INFO] opendolphin ........................................ SUCCESS [  0.001 s]
[INFO] opendolphin-common ................................. SUCCESS [  0.487 s]
[INFO] opendolphin-reporting .............................. SUCCESS [  0.131 s]
[INFO] opendolphin-server-modernized ...................... SUCCESS [  5.186 s]
[INFO] ------------------------------------------------------------------------
[INFO] BUILD SUCCESS
[INFO] ------------------------------------------------------------------------
[INFO] Total time:  5.899 s
[INFO] Finished at: 2025-11-12T15:45:41+09:00
[INFO] ------------------------------------------------------------------------
\n===== ls -l server-modernized/target =====
total 166240
drwxr-xr-x   3 Hayato  staff        96 11月  7 05:01 antrun
drwxr-xr-x   9 Hayato  staff       288 11月 12 15:28 classes
drwxr-xr-x   3 Hayato  staff        96 11月  7 05:01 generated-sources
drwxr-xr-x   3 Hayato  staff        96 11月  7 05:01 generated-test-sources
drwxr-xr-x@  3 Hayato  staff        96 11月 12 15:45 jakarta-libs
drwxr-xr-x   3 Hayato  staff        96 11月  7 21:50 maven-archiver
drwxr-xr-x   3 Hayato  staff        96 11月  7 05:01 maven-status
drwxr-xr-x@  4 Hayato  staff       128 11月 12 15:45 opendolphin-server
drwxr-xr-x   4 Hayato  staff       128 11月  7 21:50 opendolphin-server-2.7.1
-rw-r--r--@  1 Hayato  staff  42072080 11月 12 08:04 opendolphin-server-2.7.1.war
-rw-r--r--@  1 Hayato  staff  42056044 11月 12 15:45 opendolphin-server.war
drwxr-xr-x   3 Hayato  staff        96 11月  7 05:07 static-analysis
drwxr-xr-x  66 Hayato  staff      2112 11月 12 01:17 surefire-reports
drwxr-xr-x   4 Hayato  staff       128 11月 12 15:28 test-classes
