	at io.undertow.servlet@2.3.17.Final//io.undertow.servlet.handlers.FilterHandler.handleRequest(FilterHandler.java:84)
	at io.undertow.servlet@2.3.17.Final//io.undertow.servlet.handlers.security.ServletSecurityRoleHandler.handleRequest(ServletSecurityRoleHandler.java:62)
	at io.undertow.servlet@2.3.17.Final//io.undertow.servlet.handlers.ServletChain$1.handleRequest(ServletChain.java:68)
	at io.undertow.servlet@2.3.17.Final//io.undertow.servlet.handlers.ServletDispatchingHandler.handleRequest(ServletDispatchingHandler.java:36)
	at org.wildfly.security.elytron-web.undertow-server@4.1.0.Final//org.wildfly.elytron.web.undertow.server.ElytronRunAsHandler.lambda$handleRequest$1(ElytronRunAsHandler.java:68)
	at org.wildfly.security.elytron-base@2.5.2.Final//org.wildfly.security.auth.server.FlexibleIdentityAssociation.runAsFunctionEx(FlexibleIdentityAssociation.java:103)
	at org.wildfly.security.elytron-base@2.5.2.Final//org.wildfly.security.auth.server.Scoped.runAsFunctionEx(Scoped.java:161)
	at org.wildfly.security.elytron-base@2.5.2.Final//org.wildfly.security.auth.server.Scoped.runAs(Scoped.java:73)
	at org.wildfly.security.elytron-web.undertow-server@4.1.0.Final//org.wildfly.elytron.web.undertow.server.ElytronRunAsHandler.handleRequest(ElytronRunAsHandler.java:67)
	at io.undertow.servlet@2.3.17.Final//io.undertow.servlet.handlers.RedirectDirHandler.handleRequest(RedirectDirHandler.java:68)
	at io.undertow.servlet@2.3.17.Final//io.undertow.servlet.handlers.security.SSLInformationAssociationHandler.handleRequest(SSLInformationAssociationHandler.java:117)
	at io.undertow.servlet@2.3.17.Final//io.undertow.servlet.handlers.security.ServletAuthenticationCallHandler.handleRequest(ServletAuthenticationCallHandler.java:57)
	at io.undertow.core@2.3.17.Final//io.undertow.server.handlers.PredicateHandler.handleRequest(PredicateHandler.java:43)
	at io.undertow.core@2.3.17.Final//io.undertow.security.handlers.AbstractConfidentialityHandler.handleRequest(AbstractConfidentialityHandler.java:46)
	at io.undertow.servlet@2.3.17.Final//io.undertow.servlet.handlers.security.ServletConfidentialityConstraintHandler.handleRequest(ServletConfidentialityConstraintHandler.java:64)
	at io.undertow.core@2.3.17.Final//io.undertow.security.handlers.AbstractSecurityContextAssociationHandler.handleRequest(AbstractSecurityContextAssociationHandler.java:43)
	at org.wildfly.security.elytron-web.undertow-server-servlet@4.1.0.Final//org.wildfly.elytron.web.undertow.server.servlet.CleanUpHandler.handleRequest(CleanUpHandler.java:38)
	at io.undertow.core@2.3.17.Final//io.undertow.server.handlers.PredicateHandler.handleRequest(PredicateHandler.java:43)
	at org.wildfly.extension.undertow@33.0.2.Final//org.wildfly.extension.undertow.security.jacc.JACCContextIdHandler.handleRequest(JACCContextIdHandler.java:44)
	at io.undertow.core@2.3.17.Final//io.undertow.server.handlers.PredicateHandler.handleRequest(PredicateHandler.java:43)
	at org.wildfly.extension.undertow@33.0.2.Final//org.wildfly.extension.undertow.deployment.GlobalRequestControllerHandler.handleRequest(GlobalRequestControllerHandler.java:51)
	at io.undertow.servlet@2.3.17.Final//io.undertow.servlet.handlers.SendErrorPageHandler.handleRequest(SendErrorPageHandler.java:52)
	at io.undertow.core@2.3.17.Final//io.undertow.server.handlers.PredicateHandler.handleRequest(PredicateHandler.java:43)
	at io.undertow.core@2.3.17.Final//io.undertow.server.handlers.MetricsHandler.handleRequest(MetricsHandler.java:64)
	at io.undertow.servlet@2.3.17.Final//io.undertow.servlet.core.MetricsChainHandler.handleRequest(MetricsChainHandler.java:59)
	at io.undertow.servlet@2.3.17.Final//io.undertow.servlet.handlers.ServletInitialHandler.handleFirstRequest(ServletInitialHandler.java:276)
	at io.undertow.servlet@2.3.17.Final//io.undertow.servlet.handlers.ServletInitialHandler$2.call(ServletInitialHandler.java:135)
	at io.undertow.servlet@2.3.17.Final//io.undertow.servlet.handlers.ServletInitialHandler$2.call(ServletInitialHandler.java:132)
	at io.undertow.servlet@2.3.17.Final//io.undertow.servlet.core.ServletRequestContextThreadSetupAction$1.call(ServletRequestContextThreadSetupAction.java:48)
	at io.undertow.servlet@2.3.17.Final//io.undertow.servlet.core.ContextClassLoaderSetupAction$1.call(ContextClassLoaderSetupAction.java:43)
	at org.wildfly.extension.undertow@33.0.2.Final//org.wildfly.extension.undertow.deployment.UndertowDeploymentInfoService$UndertowThreadSetupAction.lambda$create$0(UndertowDeploymentInfoService.java:1421)
	at org.wildfly.extension.undertow@33.0.2.Final//org.wildfly.extension.undertow.deployment.UndertowDeploymentInfoService$UndertowThreadSetupAction.lambda$create$0(UndertowDeploymentInfoService.java:1421)
	at org.wildfly.extension.undertow@33.0.2.Final//org.wildfly.extension.undertow.deployment.UndertowDeploymentInfoService$UndertowThreadSetupAction.lambda$create$0(UndertowDeploymentInfoService.java:1421)
	at org.wildfly.extension.undertow@33.0.2.Final//org.wildfly.extension.undertow.deployment.UndertowDeploymentInfoService$UndertowThreadSetupAction.lambda$create$0(UndertowDeploymentInfoService.java:1421)
	at org.wildfly.extension.undertow@33.0.2.Final//org.wildfly.extension.undertow.deployment.UndertowDeploymentInfoService$UndertowThreadSetupAction.lambda$create$0(UndertowDeploymentInfoService.java:1421)
	at io.undertow.servlet@2.3.17.Final//io.undertow.servlet.handlers.ServletInitialHandler.dispatchRequest(ServletInitialHandler.java:256)
	at io.undertow.servlet@2.3.17.Final//io.undertow.servlet.handlers.ServletInitialHandler$1.handleRequest(ServletInitialHandler.java:101)
	at io.undertow.core@2.3.17.Final//io.undertow.server.Connectors.executeRootHandler(Connectors.java:395)
	at io.undertow.core@2.3.17.Final//io.undertow.server.HttpServerExchange$1.run(HttpServerExchange.java:859)
	at org.jboss.threads@2.4.0.Final//org.jboss.threads.ContextClassLoaderSavingRunnable.run(ContextClassLoaderSavingRunnable.java:35)
	at org.jboss.threads@2.4.0.Final//org.jboss.threads.EnhancedQueueExecutor.safeRun(EnhancedQueueExecutor.java:1990)
	at org.jboss.threads@2.4.0.Final//org.jboss.threads.EnhancedQueueExecutor$ThreadBody.doRunTask(EnhancedQueueExecutor.java:1486)
	at org.jboss.threads@2.4.0.Final//org.jboss.threads.EnhancedQueueExecutor$ThreadBody.run(EnhancedQueueExecutor.java:1377)
	at org.jboss.xnio@3.8.16.Final//org.xnio.XnioWorker$WorkerThreadFactory$1$1.run(XnioWorker.java:1282)
	at java.base/java.lang.Thread.run(Thread.java:840)
Caused by: org.hibernate.exception.SQLGrammarException: JDBC exception executing SQL [select stm1_0.id,stm1_0.treeId,stm1_0.user_id from d_subscribed_tree stm1_0 where stm1_0.user_id=?] [ERROR: relation "d_subscribed_tree" does not exist
  Position: 52] [n/a]
	at org.hibernate@6.4.4.Final//org.hibernate.exception.internal.SQLStateConversionDelegate.convert(SQLStateConversionDelegate.java:91)
	at org.hibernate@6.4.4.Final//org.hibernate.exception.internal.StandardSQLExceptionConverter.convert(StandardSQLExceptionConverter.java:58)
	at org.hibernate@6.4.4.Final//org.hibernate.engine.jdbc.spi.SqlExceptionHelper.convert(SqlExceptionHelper.java:108)
	at org.hibernate@6.4.4.Final//org.hibernate.engine.jdbc.spi.SqlExceptionHelper.convert(SqlExceptionHelper.java:94)
	at org.hibernate@6.4.4.Final//org.hibernate.sql.results.jdbc.internal.DeferredResultSetAccess.executeQuery(DeferredResultSetAccess.java:265)
	at org.hibernate@6.4.4.Final//org.hibernate.sql.results.jdbc.internal.DeferredResultSetAccess.getResultSet(DeferredResultSetAccess.java:167)
	at org.hibernate@6.4.4.Final//org.hibernate.sql.results.jdbc.internal.JdbcValuesResultSetImpl.advanceNext(JdbcValuesResultSetImpl.java:218)
	at org.hibernate@6.4.4.Final//org.hibernate.sql.results.jdbc.internal.JdbcValuesResultSetImpl.processNext(JdbcValuesResultSetImpl.java:98)
	at org.hibernate@6.4.4.Final//org.hibernate.sql.results.jdbc.internal.AbstractJdbcValues.next(AbstractJdbcValues.java:19)
	at org.hibernate@6.4.4.Final//org.hibernate.sql.results.internal.RowProcessingStateStandardImpl.next(RowProcessingStateStandardImpl.java:66)
	at org.hibernate@6.4.4.Final//org.hibernate.sql.results.spi.ListResultsConsumer.consume(ListResultsConsumer.java:202)
	at org.hibernate@6.4.4.Final//org.hibernate.sql.results.spi.ListResultsConsumer.consume(ListResultsConsumer.java:33)
	at org.hibernate@6.4.4.Final//org.hibernate.sql.exec.internal.JdbcSelectExecutorStandardImpl.doExecuteQuery(JdbcSelectExecutorStandardImpl.java:209)
	at org.hibernate@6.4.4.Final//org.hibernate.sql.exec.internal.JdbcSelectExecutorStandardImpl.executeQuery(JdbcSelectExecutorStandardImpl.java:83)
	at org.hibernate@6.4.4.Final//org.hibernate.sql.exec.spi.JdbcSelectExecutor.list(JdbcSelectExecutor.java:76)
	at org.hibernate@6.4.4.Final//org.hibernate.sql.exec.spi.JdbcSelectExecutor.list(JdbcSelectExecutor.java:65)
	at org.hibernate@6.4.4.Final//org.hibernate.query.sqm.internal.ConcreteSqmSelectQueryPlan.lambda$new$2(ConcreteSqmSelectQueryPlan.java:137)
	at org.hibernate@6.4.4.Final//org.hibernate.query.sqm.internal.ConcreteSqmSelectQueryPlan.withCacheableSqmInterpretation(ConcreteSqmSelectQueryPlan.java:362)
	at org.hibernate@6.4.4.Final//org.hibernate.query.sqm.internal.ConcreteSqmSelectQueryPlan.performList(ConcreteSqmSelectQueryPlan.java:303)
	at org.hibernate@6.4.4.Final//org.hibernate.query.sqm.internal.QuerySqmImpl.doList(QuerySqmImpl.java:509)
	at org.hibernate@6.4.4.Final//org.hibernate.query.spi.AbstractSelectionQuery.list(AbstractSelectionQuery.java:427)
	at org.hibernate@6.4.4.Final//org.hibernate.query.Query.getResultList(Query.java:120)
	at deployment.opendolphin-server.war//open.dolphin.session.StampServiceBean.getTrees(StampServiceBean.java:193)
	at deployment.opendolphin-server.war//open.dolphin.session.StampServiceBean$Proxy$_$$_WeldSubclass.getTrees$$super(Unknown Source)
	at java.base/jdk.internal.reflect.NativeMethodAccessorImpl.invoke0(Native Method)
	at java.base/jdk.internal.reflect.NativeMethodAccessorImpl.invoke(NativeMethodAccessorImpl.java:77)
	at java.base/jdk.internal.reflect.DelegatingMethodAccessorImpl.invoke(DelegatingMethodAccessorImpl.java:43)
	at java.base/java.lang.reflect.Method.invoke(Method.java:569)
	at org.jboss.weld.core@5.1.2.Final//org.jboss.weld.interceptor.proxy.TerminalAroundInvokeInvocationContext.proceedInternal(TerminalAroundInvokeInvocationContext.java:55)
	at org.jboss.weld.core@5.1.2.Final//org.jboss.weld.interceptor.proxy.AroundInvokeInvocationContext.proceed(AroundInvokeInvocationContext.java:86)
	at deployment.opendolphin-server.war//open.dolphin.session.framework.SessionOperationInterceptor.aroundInvoke(SessionOperationInterceptor.java:37)
	... 103 more
Caused by: org.postgresql.util.PSQLException: ERROR: relation "d_subscribed_tree" does not exist
  Position: 52
	at org.postgresql@42.7.3//org.postgresql.core.v3.QueryExecutorImpl.receiveErrorResponse(QueryExecutorImpl.java:2725)
	at org.postgresql@42.7.3//org.postgresql.core.v3.QueryExecutorImpl.processResults(QueryExecutorImpl.java:2412)
	at org.postgresql@42.7.3//org.postgresql.core.v3.QueryExecutorImpl.execute(QueryExecutorImpl.java:371)
	at org.postgresql@42.7.3//org.postgresql.jdbc.PgStatement.executeInternal(PgStatement.java:502)
	at org.postgresql@42.7.3//org.postgresql.jdbc.PgStatement.execute(PgStatement.java:419)
	at org.postgresql@42.7.3//org.postgresql.jdbc.PgPreparedStatement.executeWithFlags(PgPreparedStatement.java:194)
	at org.postgresql@42.7.3//org.postgresql.jdbc.PgPreparedStatement.executeQuery(PgPreparedStatement.java:137)
	at org.jboss.ironjacamar.jdbcadapters@3.0.9.Final//org.jboss.jca.adapters.jdbc.WrappedPreparedStatement.executeQuery(WrappedPreparedStatement.java:504)
	at org.hibernate@6.4.4.Final//org.hibernate.sql.results.jdbc.internal.DeferredResultSetAccess.executeQuery(DeferredResultSetAccess.java:246)
	... 129 more

[0m[31m08:29:21,209 ERROR [org.jboss.resteasy.core.providerfactory.DefaultExceptionMapper] (default task-1) RESTEASY002375: Error processing request GET /openDolphin/resources/stamp/tree/9001 - open.dolphin.rest.StampResource.getStampTree: open.dolphin.session.framework.SessionServiceException: Session layer failure in open.dolphin.session.StampServiceBean$Proxy$_$$_WeldSubclass#getTrees
	at deployment.opendolphin-server.war//open.dolphin.session.framework.SessionOperationInterceptor.wrapException(SessionOperationInterceptor.java:54)
	at deployment.opendolphin-server.war//open.dolphin.session.framework.SessionOperationInterceptor.aroundInvoke(SessionOperationInterceptor.java:39)
	at java.base/jdk.internal.reflect.NativeMethodAccessorImpl.invoke0(Native Method)
	at java.base/jdk.internal.reflect.NativeMethodAccessorImpl.invoke(NativeMethodAccessorImpl.java:77)
	at java.base/jdk.internal.reflect.DelegatingMethodAccessorImpl.invoke(DelegatingMethodAccessorImpl.java:43)
	at java.base/java.lang.reflect.Method.invoke(Method.java:569)
	at org.jboss.weld.core@5.1.2.Final//org.jboss.weld.interceptor.reader.SimpleInterceptorInvocation$SimpleMethodInvocation.invoke(SimpleInterceptorInvocation.java:75)
	at org.jboss.weld.core@5.1.2.Final//org.jboss.weld.interceptor.proxy.NonTerminalAroundInvokeInvocationContext.proceedInternal(NonTerminalAroundInvokeInvocationContext.java:72)
	at org.jboss.weld.core@5.1.2.Final//org.jboss.weld.interceptor.proxy.AroundInvokeInvocationContext.proceed(AroundInvokeInvocationContext.java:86)
	at org.jboss.jts//com.arjuna.ats.jta.cdi.transactional.TransactionalInterceptorBase.invokeInOurTx(TransactionalInterceptorBase.java:181)
	at org.jboss.jts//com.arjuna.ats.jta.cdi.transactional.TransactionalInterceptorBase.invokeInOurTx(TransactionalInterceptorBase.java:169)
	at org.jboss.jts//com.arjuna.ats.jta.cdi.transactional.TransactionalInterceptorRequired.doIntercept(TransactionalInterceptorRequired.java:37)
	at org.jboss.jts//com.arjuna.ats.jta.cdi.transactional.TransactionalInterceptorBase.intercept(TransactionalInterceptorBase.java:74)
	at org.jboss.jts//com.arjuna.ats.jta.cdi.transactional.TransactionalInterceptorRequired.intercept(TransactionalInterceptorRequired.java:31)
	at java.base/jdk.internal.reflect.NativeMethodAccessorImpl.invoke0(Native Method)
	at java.base/jdk.internal.reflect.NativeMethodAccessorImpl.invoke(NativeMethodAccessorImpl.java:77)
	at java.base/jdk.internal.reflect.DelegatingMethodAccessorImpl.invoke(DelegatingMethodAccessorImpl.java:43)
	at java.base/java.lang.reflect.Method.invoke(Method.java:569)
	at org.jboss.weld.core@5.1.2.Final//org.jboss.weld.interceptor.reader.SimpleInterceptorInvocation$SimpleMethodInvocation.invoke(SimpleInterceptorInvocation.java:75)
	at org.jboss.weld.core@5.1.2.Final//org.jboss.weld.interceptor.proxy.InterceptorMethodHandler.executeAroundInvoke(InterceptorMethodHandler.java:90)
	at org.jboss.weld.core@5.1.2.Final//org.jboss.weld.interceptor.proxy.InterceptorMethodHandler.executeInterception(InterceptorMethodHandler.java:73)
	at org.jboss.weld.core@5.1.2.Final//org.jboss.weld.interceptor.proxy.InterceptorMethodHandler.invoke(InterceptorMethodHandler.java:56)
	at org.jboss.weld.core@5.1.2.Final//org.jboss.weld.bean.proxy.CombinedInterceptorAndDecoratorStackMethodHandler.invoke(CombinedInterceptorAndDecoratorStackMethodHandler.java:80)
	at org.jboss.weld.core@5.1.2.Final//org.jboss.weld.bean.proxy.CombinedInterceptorAndDecoratorStackMethodHandler.invoke(CombinedInterceptorAndDecoratorStackMethodHandler.java:68)
	at deployment.opendolphin-server.war//open.dolphin.session.StampServiceBean$Proxy$_$$_WeldSubclass.getTrees(Unknown Source)
	at deployment.opendolphin-server.war//open.dolphin.session.StampServiceBean$Proxy$_$$_WeldClientProxy.getTrees(Unknown Source)
	at deployment.opendolphin-server.war//open.dolphin.rest.StampResource.getStampTree(StampResource.java:70)
	at deployment.opendolphin-server.war//open.dolphin.rest.StampResource$Proxy$_$$_WeldClientProxy.getStampTree(Unknown Source)
	at java.base/jdk.internal.reflect.NativeMethodAccessorImpl.invoke0(Native Method)
	at java.base/jdk.internal.reflect.NativeMethodAccessorImpl.invoke(NativeMethodAccessorImpl.java:77)
	at java.base/jdk.internal.reflect.DelegatingMethodAccessorImpl.invoke(DelegatingMethodAccessorImpl.java:43)
	at java.base/java.lang.reflect.Method.invoke(Method.java:569)
	at org.jboss.resteasy.resteasy-core@6.2.10.Final//org.jboss.resteasy.core.MethodInjectorImpl.invoke(MethodInjectorImpl.java:154)
	at org.jboss.resteasy.resteasy-core@6.2.10.Final//org.jboss.resteasy.core.MethodInjectorImpl.invoke(MethodInjectorImpl.java:118)
	at org.jboss.resteasy.resteasy-core@6.2.10.Final//org.jboss.resteasy.core.ResourceMethodInvoker.internalInvokeOnTarget(ResourceMethodInvoker.java:560)
	at org.jboss.resteasy.resteasy-core@6.2.10.Final//org.jboss.resteasy.core.ResourceMethodInvoker.invokeOnTargetAfterFilter(ResourceMethodInvoker.java:452)
	at org.jboss.resteasy.resteasy-core@6.2.10.Final//org.jboss.resteasy.core.ResourceMethodInvoker.lambda$invokeOnTarget$2(ResourceMethodInvoker.java:413)
	at org.jboss.resteasy.resteasy-core@6.2.10.Final//org.jboss.resteasy.core.interception.jaxrs.PreMatchContainerRequestContext.filter(PreMatchContainerRequestContext.java:321)
	at org.jboss.resteasy.resteasy-core@6.2.10.Final//org.jboss.resteasy.core.ResourceMethodInvoker.invokeOnTarget(ResourceMethodInvoker.java:415)
	at org.jboss.resteasy.resteasy-core@6.2.10.Final//org.jboss.resteasy.core.ResourceMethodInvoker.invoke(ResourceMethodInvoker.java:378)
	at org.jboss.resteasy.resteasy-core@6.2.10.Final//org.jboss.resteasy.core.ResourceMethodInvoker.invoke(ResourceMethodInvoker.java:356)
	at org.jboss.resteasy.resteasy-core@6.2.10.Final//org.jboss.resteasy.core.ResourceMethodInvoker.invoke(ResourceMethodInvoker.java:70)
	at org.jboss.resteasy.resteasy-core@6.2.10.Final//org.jboss.resteasy.core.SynchronousDispatcher.invoke(SynchronousDispatcher.java:429)
	at org.jboss.resteasy.resteasy-core@6.2.10.Final//org.jboss.resteasy.core.SynchronousDispatcher.lambda$invoke$4(SynchronousDispatcher.java:240)
	at org.jboss.resteasy.resteasy-core@6.2.10.Final//org.jboss.resteasy.core.SynchronousDispatcher.lambda$preprocess$0(SynchronousDispatcher.java:154)
	at org.jboss.resteasy.resteasy-core@6.2.10.Final//org.jboss.resteasy.core.interception.jaxrs.PreMatchContainerRequestContext.filter(PreMatchContainerRequestContext.java:321)
	at org.jboss.resteasy.resteasy-core@6.2.10.Final//org.jboss.resteasy.core.SynchronousDispatcher.preprocess(SynchronousDispatcher.java:157)
	at org.jboss.resteasy.resteasy-core@6.2.10.Final//org.jboss.resteasy.core.SynchronousDispatcher.invoke(SynchronousDispatcher.java:229)
	at org.jboss.resteasy.resteasy-core@6.2.10.Final//org.jboss.resteasy.plugins.server.servlet.ServletContainerDispatcher.service(ServletContainerDispatcher.java:222)
	at org.jboss.resteasy.resteasy-core@6.2.10.Final//org.jboss.resteasy.plugins.server.servlet.HttpServletDispatcher.service(HttpServletDispatcher.java:55)
	at org.jboss.resteasy.resteasy-core@6.2.10.Final//org.jboss.resteasy.plugins.server.servlet.HttpServletDispatcher.service(HttpServletDispatcher.java:51)
	at jakarta.servlet.api@6.0.0//jakarta.servlet.http.HttpServlet.service(HttpServlet.java:614)
	at io.undertow.servlet@2.3.17.Final//io.undertow.servlet.handlers.ServletHandler.handleRequest(ServletHandler.java:74)
	at io.undertow.servlet@2.3.17.Final//io.undertow.servlet.handlers.FilterHandler$FilterChainImpl.doFilter(FilterHandler.java:129)
	at deployment.opendolphin-server.war//open.dolphin.rest.LogFilter.doFilter(LogFilter.java:129)
	at io.undertow.servlet@2.3.17.Final//io.undertow.servlet.core.ManagedFilter.doFilter(ManagedFilter.java:67)
	at io.undertow.servlet@2.3.17.Final//io.undertow.servlet.handlers.FilterHandler$FilterChainImpl.doFilter(FilterHandler.java:131)
	at deployment.opendolphin-server.war//open.dolphin.rest.LogFilter.doFilter(LogFilter.java:129)
	at io.undertow.servlet@2.3.17.Final//io.undertow.servlet.core.ManagedFilter.doFilter(ManagedFilter.java:67)
	at io.undertow.servlet@2.3.17.Final//io.undertow.servlet.handlers.FilterHandler$FilterChainImpl.doFilter(FilterHandler.java:131)
	at io.undertow.servlet@2.3.17.Final//io.undertow.servlet.handlers.FilterHandler.handleRequest(FilterHandler.java:84)
	at io.undertow.servlet@2.3.17.Final//io.undertow.servlet.handlers.security.ServletSecurityRoleHandler.handleRequest(ServletSecurityRoleHandler.java:62)
	at io.undertow.servlet@2.3.17.Final//io.undertow.servlet.handlers.ServletChain$1.handleRequest(ServletChain.java:68)
	at io.undertow.servlet@2.3.17.Final//io.undertow.servlet.handlers.ServletDispatchingHandler.handleRequest(ServletDispatchingHandler.java:36)
	at org.wildfly.security.elytron-web.undertow-server@4.1.0.Final//org.wildfly.elytron.web.undertow.server.ElytronRunAsHandler.lambda$handleRequest$1(ElytronRunAsHandler.java:68)
	at org.wildfly.security.elytron-base@2.5.2.Final//org.wildfly.security.auth.server.FlexibleIdentityAssociation.runAsFunctionEx(FlexibleIdentityAssociation.java:103)
	at org.wildfly.security.elytron-base@2.5.2.Final//org.wildfly.security.auth.server.Scoped.runAsFunctionEx(Scoped.java:161)
	at org.wildfly.security.elytron-base@2.5.2.Final//org.wildfly.security.auth.server.Scoped.runAs(Scoped.java:73)
	at org.wildfly.security.elytron-web.undertow-server@4.1.0.Final//org.wildfly.elytron.web.undertow.server.ElytronRunAsHandler.handleRequest(ElytronRunAsHandler.java:67)
	at io.undertow.servlet@2.3.17.Final//io.undertow.servlet.handlers.RedirectDirHandler.handleRequest(RedirectDirHandler.java:68)
	at io.undertow.servlet@2.3.17.Final//io.undertow.servlet.handlers.security.SSLInformationAssociationHandler.handleRequest(SSLInformationAssociationHandler.java:117)
	at io.undertow.servlet@2.3.17.Final//io.undertow.servlet.handlers.security.ServletAuthenticationCallHandler.handleRequest(ServletAuthenticationCallHandler.java:57)
	at io.undertow.core@2.3.17.Final//io.undertow.server.handlers.PredicateHandler.handleRequest(PredicateHandler.java:43)
	at io.undertow.core@2.3.17.Final//io.undertow.security.handlers.AbstractConfidentialityHandler.handleRequest(AbstractConfidentialityHandler.java:46)
	at io.undertow.servlet@2.3.17.Final//io.undertow.servlet.handlers.security.ServletConfidentialityConstraintHandler.handleRequest(ServletConfidentialityConstraintHandler.java:64)
	at io.undertow.core@2.3.17.Final//io.undertow.security.handlers.AbstractSecurityContextAssociationHandler.handleRequest(AbstractSecurityContextAssociationHandler.java:43)
	at org.wildfly.security.elytron-web.undertow-server-servlet@4.1.0.Final//org.wildfly.elytron.web.undertow.server.servlet.CleanUpHandler.handleRequest(CleanUpHandler.java:38)
	at io.undertow.core@2.3.17.Final//io.undertow.server.handlers.PredicateHandler.handleRequest(PredicateHandler.java:43)
	at org.wildfly.extension.undertow@33.0.2.Final//org.wildfly.extension.undertow.security.jacc.JACCContextIdHandler.handleRequest(JACCContextIdHandler.java:44)
	at io.undertow.core@2.3.17.Final//io.undertow.server.handlers.PredicateHandler.handleRequest(PredicateHandler.java:43)
	at org.wildfly.extension.undertow@33.0.2.Final//org.wildfly.extension.undertow.deployment.GlobalRequestControllerHandler.handleRequest(GlobalRequestControllerHandler.java:51)
	at io.undertow.servlet@2.3.17.Final//io.undertow.servlet.handlers.SendErrorPageHandler.handleRequest(SendErrorPageHandler.java:52)
	at io.undertow.core@2.3.17.Final//io.undertow.server.handlers.PredicateHandler.handleRequest(PredicateHandler.java:43)
	at io.undertow.core@2.3.17.Final//io.undertow.server.handlers.MetricsHandler.handleRequest(MetricsHandler.java:64)
	at io.undertow.servlet@2.3.17.Final//io.undertow.servlet.core.MetricsChainHandler.handleRequest(MetricsChainHandler.java:59)
	at io.undertow.servlet@2.3.17.Final//io.undertow.servlet.handlers.ServletInitialHandler.handleFirstRequest(ServletInitialHandler.java:276)
	at io.undertow.servlet@2.3.17.Final//io.undertow.servlet.handlers.ServletInitialHandler$2.call(ServletInitialHandler.java:135)
	at io.undertow.servlet@2.3.17.Final//io.undertow.servlet.handlers.ServletInitialHandler$2.call(ServletInitialHandler.java:132)
	at io.undertow.servlet@2.3.17.Final//io.undertow.servlet.core.ServletRequestContextThreadSetupAction$1.call(ServletRequestContextThreadSetupAction.java:48)
	at io.undertow.servlet@2.3.17.Final//io.undertow.servlet.core.ContextClassLoaderSetupAction$1.call(ContextClassLoaderSetupAction.java:43)
	at org.wildfly.extension.undertow@33.0.2.Final//org.wildfly.extension.undertow.deployment.UndertowDeploymentInfoService$UndertowThreadSetupAction.lambda$create$0(UndertowDeploymentInfoService.java:1421)
	at org.wildfly.extension.undertow@33.0.2.Final//org.wildfly.extension.undertow.deployment.UndertowDeploymentInfoService$UndertowThreadSetupAction.lambda$create$0(UndertowDeploymentInfoService.java:1421)
	at org.wildfly.extension.undertow@33.0.2.Final//org.wildfly.extension.undertow.deployment.UndertowDeploymentInfoService$UndertowThreadSetupAction.lambda$create$0(UndertowDeploymentInfoService.java:1421)
	at org.wildfly.extension.undertow@33.0.2.Final//org.wildfly.extension.undertow.deployment.UndertowDeploymentInfoService$UndertowThreadSetupAction.lambda$create$0(UndertowDeploymentInfoService.java:1421)
	at org.wildfly.extension.undertow@33.0.2.Final//org.wildfly.extension.undertow.deployment.UndertowDeploymentInfoService$UndertowThreadSetupAction.lambda$create$0(UndertowDeploymentInfoService.java:1421)
	at io.undertow.servlet@2.3.17.Final//io.undertow.servlet.handlers.ServletInitialHandler.dispatchRequest(ServletInitialHandler.java:256)
	at io.undertow.servlet@2.3.17.Final//io.undertow.servlet.handlers.ServletInitialHandler$1.handleRequest(ServletInitialHandler.java:101)
	at io.undertow.core@2.3.17.Final//io.undertow.server.Connectors.executeRootHandler(Connectors.java:395)
	at io.undertow.core@2.3.17.Final//io.undertow.server.HttpServerExchange$1.run(HttpServerExchange.java:859)
	at org.jboss.threads@2.4.0.Final//org.jboss.threads.ContextClassLoaderSavingRunnable.run(ContextClassLoaderSavingRunnable.java:35)
	at org.jboss.threads@2.4.0.Final//org.jboss.threads.EnhancedQueueExecutor.safeRun(EnhancedQueueExecutor.java:1990)
	at org.jboss.threads@2.4.0.Final//org.jboss.threads.EnhancedQueueExecutor$ThreadBody.doRunTask(EnhancedQueueExecutor.java:1486)
	at org.jboss.threads@2.4.0.Final//org.jboss.threads.EnhancedQueueExecutor$ThreadBody.run(EnhancedQueueExecutor.java:1377)
	at org.jboss.xnio@3.8.16.Final//org.xnio.XnioWorker$WorkerThreadFactory$1$1.run(XnioWorker.java:1282)
	at java.base/java.lang.Thread.run(Thread.java:840)
Caused by: org.hibernate.exception.SQLGrammarException: JDBC exception executing SQL [select stm1_0.id,stm1_0.treeId,stm1_0.user_id from d_subscribed_tree stm1_0 where stm1_0.user_id=?] [ERROR: relation "d_subscribed_tree" does not exist
  Position: 52] [n/a]
	at org.hibernate@6.4.4.Final//org.hibernate.exception.internal.SQLStateConversionDelegate.convert(SQLStateConversionDelegate.java:91)
	at org.hibernate@6.4.4.Final//org.hibernate.exception.internal.StandardSQLExceptionConverter.convert(StandardSQLExceptionConverter.java:58)
	at org.hibernate@6.4.4.Final//org.hibernate.engine.jdbc.spi.SqlExceptionHelper.convert(SqlExceptionHelper.java:108)
	at org.hibernate@6.4.4.Final//org.hibernate.engine.jdbc.spi.SqlExceptionHelper.convert(SqlExceptionHelper.java:94)
	at org.hibernate@6.4.4.Final//org.hibernate.sql.results.jdbc.internal.DeferredResultSetAccess.executeQuery(DeferredResultSetAccess.java:265)
	at org.hibernate@6.4.4.Final//org.hibernate.sql.results.jdbc.internal.DeferredResultSetAccess.getResultSet(DeferredResultSetAccess.java:167)
	at org.hibernate@6.4.4.Final//org.hibernate.sql.results.jdbc.internal.JdbcValuesResultSetImpl.advanceNext(JdbcValuesResultSetImpl.java:218)
	at org.hibernate@6.4.4.Final//org.hibernate.sql.results.jdbc.internal.JdbcValuesResultSetImpl.processNext(JdbcValuesResultSetImpl.java:98)
	at org.hibernate@6.4.4.Final//org.hibernate.sql.results.jdbc.internal.AbstractJdbcValues.next(AbstractJdbcValues.java:19)
	at org.hibernate@6.4.4.Final//org.hibernate.sql.results.internal.RowProcessingStateStandardImpl.next(RowProcessingStateStandardImpl.java:66)
	at org.hibernate@6.4.4.Final//org.hibernate.sql.results.spi.ListResultsConsumer.consume(ListResultsConsumer.java:202)
	at org.hibernate@6.4.4.Final//org.hibernate.sql.results.spi.ListResultsConsumer.consume(ListResultsConsumer.java:33)
	at org.hibernate@6.4.4.Final//org.hibernate.sql.exec.internal.JdbcSelectExecutorStandardImpl.doExecuteQuery(JdbcSelectExecutorStandardImpl.java:209)
	at org.hibernate@6.4.4.Final//org.hibernate.sql.exec.internal.JdbcSelectExecutorStandardImpl.executeQuery(JdbcSelectExecutorStandardImpl.java:83)
	at org.hibernate@6.4.4.Final//org.hibernate.sql.exec.spi.JdbcSelectExecutor.list(JdbcSelectExecutor.java:76)
	at org.hibernate@6.4.4.Final//org.hibernate.sql.exec.spi.JdbcSelectExecutor.list(JdbcSelectExecutor.java:65)
	at org.hibernate@6.4.4.Final//org.hibernate.query.sqm.internal.ConcreteSqmSelectQueryPlan.lambda$new$2(ConcreteSqmSelectQueryPlan.java:137)
	at org.hibernate@6.4.4.Final//org.hibernate.query.sqm.internal.ConcreteSqmSelectQueryPlan.withCacheableSqmInterpretation(ConcreteSqmSelectQueryPlan.java:362)
	at org.hibernate@6.4.4.Final//org.hibernate.query.sqm.internal.ConcreteSqmSelectQueryPlan.performList(ConcreteSqmSelectQueryPlan.java:303)
	at org.hibernate@6.4.4.Final//org.hibernate.query.sqm.internal.QuerySqmImpl.doList(QuerySqmImpl.java:509)
	at org.hibernate@6.4.4.Final//org.hibernate.query.spi.AbstractSelectionQuery.list(AbstractSelectionQuery.java:427)
	at org.hibernate@6.4.4.Final//org.hibernate.query.Query.getResultList(Query.java:120)
	at deployment.opendolphin-server.war//open.dolphin.session.StampServiceBean.getTrees(StampServiceBean.java:193)
	at deployment.opendolphin-server.war//open.dolphin.session.StampServiceBean$Proxy$_$$_WeldSubclass.getTrees$$super(Unknown Source)
	at java.base/jdk.internal.reflect.NativeMethodAccessorImpl.invoke0(Native Method)
	at java.base/jdk.internal.reflect.NativeMethodAccessorImpl.invoke(NativeMethodAccessorImpl.java:77)
	at java.base/jdk.internal.reflect.DelegatingMethodAccessorImpl.invoke(DelegatingMethodAccessorImpl.java:43)
	at java.base/java.lang.reflect.Method.invoke(Method.java:569)
	at org.jboss.weld.core@5.1.2.Final//org.jboss.weld.interceptor.proxy.TerminalAroundInvokeInvocationContext.proceedInternal(TerminalAroundInvokeInvocationContext.java:55)
	at org.jboss.weld.core@5.1.2.Final//org.jboss.weld.interceptor.proxy.AroundInvokeInvocationContext.proceed(AroundInvokeInvocationContext.java:86)
	at deployment.opendolphin-server.war//open.dolphin.session.framework.SessionOperationInterceptor.aroundInvoke(SessionOperationInterceptor.java:37)
	... 103 more
Caused by: org.postgresql.util.PSQLException: ERROR: relation "d_subscribed_tree" does not exist
  Position: 52
	at org.postgresql@42.7.3//org.postgresql.core.v3.QueryExecutorImpl.receiveErrorResponse(QueryExecutorImpl.java:2725)
	at org.postgresql@42.7.3//org.postgresql.core.v3.QueryExecutorImpl.processResults(QueryExecutorImpl.java:2412)
	at org.postgresql@42.7.3//org.postgresql.core.v3.QueryExecutorImpl.execute(QueryExecutorImpl.java:371)
	at org.postgresql@42.7.3//org.postgresql.jdbc.PgStatement.executeInternal(PgStatement.java:502)
	at org.postgresql@42.7.3//org.postgresql.jdbc.PgStatement.execute(PgStatement.java:419)
	at org.postgresql@42.7.3//org.postgresql.jdbc.PgPreparedStatement.executeWithFlags(PgPreparedStatement.java:194)
	at org.postgresql@42.7.3//org.postgresql.jdbc.PgPreparedStatement.executeQuery(PgPreparedStatement.java:137)
	at org.jboss.ironjacamar.jdbcadapters@3.0.9.Final//org.jboss.jca.adapters.jdbc.WrappedPreparedStatement.executeQuery(WrappedPreparedStatement.java:504)
	at org.hibernate@6.4.4.Final//org.hibernate.sql.results.jdbc.internal.DeferredResultSetAccess.executeQuery(DeferredResultSetAccess.java:246)
	... 129 more

[0m[0m08:29:31,156 INFO  [open.dolphin] (default task-1) 172.19.0.7 doctor1 PUT /20/adm/eht/sendClaim traceId=trace-jms-20251111TclaimfixZ3
[0m[0m08:29:31,158 INFO  [open.dolphin] (default task-1) 172.19.0.7 doctor1 PUT /20/adm/eht/sendClaim traceId=trace-jms-20251111TclaimfixZ3
[0m[0m08:29:31,393 INFO  [stdout] (default task-1) null
[0m[0m08:29:31,405 INFO  [open.dolphin.audit.external] (default task-1) event=CLAIM_REQUEST timestamp=2025-11-11T23:29:31.404131256Z traceId=trace-jms-20251111TclaimfixZ3 document.docId=CLAIMTEST20251111TCLAIMFIXZ30000000001 document.patientId=0000001 orca.host=orca orca.port=8000
[0m[0m08:29:31,476 INFO  [open.dolphin.msg.gateway.MessagingGateway] (default task-1) Claim message enqueued to JMS queue java:/queue/dolphin [traceId=trace-jms-20251111TclaimfixZ3]
[0m[0m08:29:31,508 INFO  [open.dolphin.session.MessageSender] (Thread-3 (ActiveMQ-client-global-threads)) Processing CLAIM JMS message [traceId=trace-jms-20251111TclaimfixZ3]
[0m[0m08:29:31,509 INFO  [open.dolphin.audit.external] (Thread-3 (ActiveMQ-client-global-threads)) event=CLAIM_REQUEST timestamp=2025-11-11T23:29:31.508996631Z traceId=trace-jms-20251111TclaimfixZ3 document.docId=CLAIMTEST20251111TCLAIMFIXZ30000000001 document.patientId=0000001 orca.host=orca orca.port=8000
[0m[0m08:29:31,537 INFO  [stdout] (default task-1) Hibernate: select ae1_0.event_hash from d_audit_event ae1_0 order by ae1_0.event_time desc fetch first ? rows only
[0m[33m08:29:31,554 WARN  [org.apache.velocity.deprecation] (Thread-3 (ActiveMQ-client-global-threads)) configuration key 'classpath.resource.loader.class' has been deprecated in favor of 'resource.loader.classpath.class'
[0m[33m08:29:31,555 WARN  [org.apache.velocity.deprecation] (Thread-3 (ActiveMQ-client-global-threads)) configuration key 'file.resource.loader.path' has been deprecated in favor of 'resource.loader.file.path'
[0m[33m08:29:31,555 WARN  [org.apache.velocity.deprecation] (Thread-3 (ActiveMQ-client-global-threads)) configuration key 'resource.loader' has been deprecated in favor of 'resource.loaders'
[0m[33m08:29:31,559 WARN  [org.apache.velocity.deprecation] (Thread-3 (ActiveMQ-client-global-threads)) configuration key 'input.encoding' has been deprecated in favor of 'resource.default_encoding'
[0m[33m08:29:31,559 WARN  [org.apache.velocity.deprecation] (Thread-3 (ActiveMQ-client-global-threads)) configuration key 'file.resource.loader.cache' has been deprecated in favor of 'resource.loader.file.cache'
[0m[0m08:29:31,572 INFO  [stdout] (default task-1) Hibernate: select nextval('d_audit_event_id_seq')
[0m[0m08:29:31,601 INFO  [stdout] (default task-1) Hibernate: insert into d_audit_event (action,actor_display_name,actor_id,actor_role,event_hash,event_time,ip_address,patient_id,payload,payload_hash,previous_hash,request_id,resource,user_agent,id) values (?,?,?,?,?,?,?,?,?,?,?,?,?,?,?)
[0m[0m08:29:31,659 INFO  [dolphin.claim] (Thread-3 (ActiveMQ-client-global-threads)) <?xml version="1.0" encoding="UTF-8"?> 
<Mml version="2.3" createDate="2025-11-11T09:00:00" 
        xmlns:xhtml="http://www.w3.org/1999/xhtml"
        xmlns:mmlCm="http://www.medxml.net/MML/SharedComponent/Common/1.0"
        xmlns:mmlNm="http://www.medxml.net/MML/SharedComponent/Name/1.0"
        xmlns:mmlFc="http://www.medxml.net/MML/SharedComponent/Facility/1.0"
        xmlns:mmlDp="http://www.medxml.net/MML/SharedComponent/Department/1.0"
        xmlns:mmlAd="http://www.medxml.net/MML/SharedComponent/Address/1.0"
        xmlns:mmlPh="http://www.medxml.net/MML/SharedComponent/Phone/1.0"
        xmlns:mmlPsi="http://www.medxml.net/MML/SharedComponent/PersonalizedInfo/1.0"
        xmlns:mmlCi="http://www.medxml.net/MML/SharedComponent/CreatorInfo/1.0"
        xmlns:mmlPi="http://www.medxml.net/MML/ContentModule/PatientInfo/1.0"
        xmlns:mmlBc="http://www.medxml.net/MML/ContentModule/BaseClinic/1.0"
        xmlns:mmlFcl="http://www.medxml.net/MML/ContentModule/FirstClinic/1.0"
        xmlns:mmlHi="http://www.medxml.net/MML/ContentModule/HealthInsurance/1.1"
        xmlns:mmlLs="http://www.medxml.net/MML/ContentModule/Lifestyle/1.0"
        xmlns:mmlPc="http://www.medxml.net/MML/ContentModule/ProgressCourse/1.0"
        xmlns:mmlRd="http://www.medxml.net/MML/ContentModule/RegisteredDiagnosis/1.0"
        xmlns:mmlSg="http://www.medxml.net/MML/ContentModule/Surgery/1.0"
        xmlns:mmlSm="http://www.medxml.net/MML/ContentModule/Summary/1.0"
        xmlns:mmlLb="http://www.medxml.net/MML/ContentModule/test/1.0"
        xmlns:mmlRp="http://www.medxml.net/MML/ContentModule/report/1.0"
        xmlns:mmlRe="http://www.medxml.net/MML/ContentModule/Referral/1.0"
        xmlns:mmlSc="http://www.medxml.net/MML/SharedComponent/Security/1.0"
        xmlns:claim="http://www.medxml.net/claim/claimModule/2.1"
        xmlns:claimA="http://www.medxml.net/claim/claimAmountModule/2.1">
    <MmlHeader>
        <mmlCi:CreatorInfo>
            <mmlPsi:PersonalizedInfo>
                <mmlCm:Id mmlCm:type="local" mmlCm:tableId="MML0024">DR001</mmlCm:Id>
                <mmlPsi:personName>
                    <mmlNm:Name mmlNm:repCode="I" mmlNm:tableId="MML0025">
                        <mmlNm:fullname>Dr.Test</mmlNm:fullname>
                    </mmlNm:Name>
                </mmlPsi:personName>
                <mmlFc:Facility>
                    <mmlFc:name mmlFc:repCode="I" mmlFc:tableId="MML0025">OpenDolphin Test Clinic</mmlFc:name>
                    <mmlCm:Id mmlCm:type="insurance" mmlCm:tableId="MML0027">1234567</mmlCm:Id>
                </mmlFc:Facility>
                <mmlDp:Department>
                    <mmlDp:name mmlDp:repCode="I" mmlDp:tableId="MML0025">01</mmlDp:name>
                    <mmlCm:Id mmlCm:type="medical" mmlCm:tableId="MML0029">内科</mmlCm:Id>
                </mmlDp:Department>
            </mmlPsi:PersonalizedInfo>
            <mmlCi:creatorLicense mmlCi:tableId="MML0026">doctor</mmlCi:creatorLicense>
        </mmlCi:CreatorInfo>
        <masterId>
            <mmlCm:Id mmlCm:type="facility" mmlCm:tableId="MML0024">0000001</mmlCm:Id>
        </masterId>
        <toc>
            <tocItem>http://www.medxml.net/MML/SharedComponent/Common/1.0</tocItem>
            <tocItem>http://www.medxml.net/MML/SharedComponent/Name/1.0</tocItem>
            <tocItem>http://www.medxml.net/MML/SharedComponent/Facility/1.0</tocItem>
            <tocItem>http://www.medxml.net/MML/SharedComponent/Department/1.0</tocItem>
            <tocItem>http://www.medxml.net/MML/SharedComponent/Address/1.0</tocItem>
            <tocItem>http://www.medxml.net/MML/SharedComponent/Phone/1.0</tocItem>
            <tocItem>http://www.medxml.net/MML/SharedComponent/PersonalizedInfo/1.0</tocItem>
            <tocItem>http://www.medxml.net/MML/SharedComponent/CreatorInfo/1.0</tocItem>
            <tocItem>http://www.medxml.net/MML/SharedComponent/Security/1.0</tocItem>
            <tocItem>http://www.medxml.net/MML/ContentModule/PatientInfo/1.0</tocItem>
            <tocItem>http://www.medxml.net/MML/ContentModule/BaseClinic/1.0</tocItem>
            <tocItem>http://www.medxml.net/MML/ContentModule/FirstClinic/1.0</tocItem>
            <tocItem>http://www.medxml.net/MML/ContentModule/HealthInsurance/1.1</tocItem>
            <tocItem>http://www.medxml.net/MML/ContentModule/Lifestyle/1.0</tocItem>
            <tocItem>http://www.medxml.net/MML/ContentModule/ProgressCourse/1.0</tocItem>
            <tocItem>http://www.medxml.net/MML/ContentModule/RegisteredDiagnosis/1.0</tocItem>
            <tocItem>http://www.medxml.net/MML/ContentModule/Surgery/1.0</tocItem>
            <tocItem>http://www.medxml.net/MML/ContentModule/Summary/1.0</tocItem>
            <tocItem>http://www.medxml.net/MML/ContentModule/test/1.0</tocItem>
            <tocItem>http://www.medxml.net/MML/ContentModule/report/1.0</tocItem>
            <tocItem>http://www.medxml.net/MML/ContentModule/Referral/1.0</tocItem>
            <tocItem>http://www.medxml.net/claim/claimModule/2.1</tocItem>
            <tocItem>http://www.medxml.net/claim/claimAmountModule/2.1</tocItem>
        </toc>
    </MmlHeader>
    <MmlBody>
        <MmlModuleItem>
            <docInfo contentModuleType="claim">
                <securityLevel>
                    <accessRight permit="all">
                        <mmlSc:facility>
                            <mmlSc:facilityName mmlSc:facilityCode="creator">記載者施設</mmlSc:facilityName>
                        </mmlSc:facility>
                    </accessRight>
                </securityLevel>
                <title generationPurpose="record">診療録</title>
                <docId>
                    <uid>CLAIMTEST20251111TCLAIMFIXZ30000000001</uid>
                    <groupId groupClass="record">CLAIMTEST20251111TCLAIMFIXZ30000000001</groupId>
                </docId>
                <confirmDate>2025-11-11T09:00:00</confirmDate>
                <mmlCi:CreatorInfo>
                    <mmlPsi:PersonalizedInfo>
                        <mmlCm:Id mmlCm:type="local" mmlCm:tableId="MML0024">DR001</mmlCm:Id>
                        <mmlPsi:personName>
                            <mmlNm:Name mmlNm:repCode="I" mmlNm:tableId="MML0025">
                                <mmlNm:fullname>Dr.Test</mmlNm:fullname>
                            </mmlNm:Name>
                        </mmlPsi:personName>
                        <mmlFc:Facility>
                            <mmlFc:name mmlFc:repCode="I" mmlFc:tableId="MML0025">OpenDolphin Test Clinic</mmlFc:name>
                            <mmlCm:Id mmlCm:type="insurance" mmlCm:tableId="MML0027">1234567</mmlCm:Id>
                        </mmlFc:Facility>
                        <mmlDp:Department>
                            <mmlDp:name mmlDp:repCode="I" mmlDp:tableId="MML0025">01</mmlDp:name>
                            <mmlCm:Id mmlCm:type="medical" mmlCm:tableId="MML0029">内科</mmlCm:Id>
                        </mmlDp:Department>
                    </mmlPsi:PersonalizedInfo>
                    <mmlCi:creatorLicense mmlCi:tableId="MML0026">doctor</mmlCi:creatorLicense>
                </mmlCi:CreatorInfo>
                <extRefs />
            </docInfo>
            <content>
                <claim:ClaimModule>
                    <claim:information claim:status="perform"
                                       claim:orderTime="2025-11-11T09:00:00"
                                       claim:admitFlag="false"
                                       claim:insuranceUid="HOGE-GUID-001"
                                       claim:defaultTableId="dolphin_2001_10_03">
                        <mmlHi:insuranceClass mmlHi:ClassCode="060" mmlHi:tableId="MML0031">協会けんぽ</mmlHi:insuranceClass>
                    </claim:information>
                    <claim:bundle claim:classCode="230000" claim:classCodeId="Claim007">
                        <claim:className>内服薬</claim:className>
                        <claim:bundleNumber>1</claim:bundleNumber>
                        <claim:item claim:subclassCodeId="Claim003" claim:code="610002001">
                            <claim:name>アセトアミノフェン錠200mg</claim:name>
                            <claim:number claim:numberCode="10" claim:numberCodeId="Claim004">3</claim:number>
                        </claim:item>
                        <claim:item claim:subclassCodeId="Claim003" claim:code="1">
                            <claim:name>内服 毎食後</claim:name>
                        </claim:item>
                        <claim:memo>テスト送信 RUN_ID=20251111TclaimfixZ3</claim:memo>
                    </claim:bundle>
                </claim:ClaimModule>
            </content>
        </MmlModuleItem>
    </MmlBody>
</Mml>
[0m[33m08:29:31,681 WARNING [dolphin.claim] (Thread-3 (ActiveMQ-client-global-threads)) UNKNOWN(72): 2025-11-11T09:00:00 0000001 テスト 太郎 M
[0m[0m08:29:31,682 INFO  [open.dolphin.audit.external] (Thread-3 (ActiveMQ-client-global-threads)) event=CLAIM_SUCCESS timestamp=2025-11-11T23:29:31.682727172Z traceId=trace-jms-20251111TclaimfixZ3 document.docId=CLAIMTEST20251111TCLAIMFIXZ30000000001 document.patientId=0000001 orca.host=orca orca.port=8000
