1804:opendolphin-server-modernized-dev  | [0m[0m09:09:19,067 INFO  [open.dolphin] (default task-1) 172.19.0.7 doctor1 PUT /odletter/letter traceId=parity-letter-20251110T234440Z
1805:opendolphin-server-modernized-dev  | [0m[0m09:09:19,068 INFO  [open.dolphin] (default task-1) 172.19.0.7 doctor1 PUT /odletter/letter traceId=parity-letter-20251110T234440Z
1806-opendolphin-server-modernized-dev  | [0m[0m09:09:19,097 INFO  [open.dolphin] (default task-1) LinkID : 0, PatID : WEB1001
1807-opendolphin-server-modernized-dev  | [0m[0m09:09:19,101 INFO  [stdout] (default task-1) Hibernate: select nextval('d_letter_module_SEQ')
1808-opendolphin-server-modernized-dev  | [0m[33m09:09:19,106 WARN  [org.hibernate.engine.jdbc.spi.SqlExceptionHelper] (default task-1) SQL Error: 0, SQLState: 42P01
1809-opendolphin-server-modernized-dev  | [0m[31m09:09:19,106 ERROR [org.hibernate.engine.jdbc.spi.SqlExceptionHelper] (default task-1) ERROR: relation "d_letter_module_seq" does not exist
1810-opendolphin-server-modernized-dev  |   Position: 16
1811:opendolphin-server-modernized-dev  | [0m[31m09:09:19,113 ERROR [open.dolphin.session.framework.SessionOperationInterceptor] (default task-1) Session operation failed [traceId=parity-letter-20251110T234440Z, operation=open.dolphin.session.LetterServiceBean$Proxy$_$$_WeldSubclass#saveOrUpdateLetter]: open.dolphin.session.framework.SessionServiceException: Session layer failure in open.dolphin.session.LetterServiceBean$Proxy$_$$_WeldSubclass#saveOrUpdateLetter
1812-opendolphin-server-modernized-dev  | 	at deployment.opendolphin-server.war//open.dolphin.session.framework.SessionOperationInterceptor.wrapException(SessionOperationInterceptor.java:54)
1813-opendolphin-server-modernized-dev  | 	at deployment.opendolphin-server.war//open.dolphin.session.framework.SessionOperationInterceptor.aroundInvoke(SessionOperationInterceptor.java:39)
1814-opendolphin-server-modernized-dev  | 	at java.base/jdk.internal.reflect.NativeMethodAccessorImpl.invoke0(Native Method)
1815-opendolphin-server-modernized-dev  | 	at java.base/jdk.internal.reflect.NativeMethodAccessorImpl.invoke(NativeMethodAccessorImpl.java:77)
1816-opendolphin-server-modernized-dev  | 	at java.base/jdk.internal.reflect.DelegatingMethodAccessorImpl.invoke(DelegatingMethodAccessorImpl.java:43)
1817-opendolphin-server-modernized-dev  | 	at java.base/java.lang.reflect.Method.invoke(Method.java:569)
1818-opendolphin-server-modernized-dev  | 	at org.jboss.weld.core@5.1.2.Final//org.jboss.weld.interceptor.reader.SimpleInterceptorInvocation$SimpleMethodInvocation.invoke(SimpleInterceptorInvocation.java:75)
1819-opendolphin-server-modernized-dev  | 	at org.jboss.weld.core@5.1.2.Final//org.jboss.weld.interceptor.proxy.NonTerminalAroundInvokeInvocationContext.proceedInternal(NonTerminalAroundInvokeInvocationContext.java:72)
1820-opendolphin-server-modernized-dev  | 	at org.jboss.weld.core@5.1.2.Final//org.jboss.weld.interceptor.proxy.AroundInvokeInvocationContext.proceed(AroundInvokeInvocationContext.java:86)
1821-opendolphin-server-modernized-dev  | 	at org.jboss.jts//com.arjuna.ats.jta.cdi.transactional.TransactionalInterceptorBase.invokeInOurTx(TransactionalInterceptorBase.java:181)
1822-opendolphin-server-modernized-dev  | 	at org.jboss.jts//com.arjuna.ats.jta.cdi.transactional.TransactionalInterceptorBase.invokeInOurTx(TransactionalInterceptorBase.java:169)
1823-opendolphin-server-modernized-dev  | 	at org.jboss.jts//com.arjuna.ats.jta.cdi.transactional.TransactionalInterceptorRequired.doIntercept(TransactionalInterceptorRequired.java:37)
1824-opendolphin-server-modernized-dev  | 	at org.jboss.jts//com.arjuna.ats.jta.cdi.transactional.TransactionalInterceptorBase.intercept(TransactionalInterceptorBase.java:74)
1825-opendolphin-server-modernized-dev  | 	at org.jboss.jts//com.arjuna.ats.jta.cdi.transactional.TransactionalInterceptorRequired.intercept(TransactionalInterceptorRequired.java:31)
1826-opendolphin-server-modernized-dev  | 	at java.base/jdk.internal.reflect.NativeMethodAccessorImpl.invoke0(Native Method)
1827-opendolphin-server-modernized-dev  | 	at java.base/jdk.internal.reflect.NativeMethodAccessorImpl.invoke(NativeMethodAccessorImpl.java:77)
1828-opendolphin-server-modernized-dev  | 	at java.base/jdk.internal.reflect.DelegatingMethodAccessorImpl.invoke(DelegatingMethodAccessorImpl.java:43)
1829-opendolphin-server-modernized-dev  | 	at java.base/java.lang.reflect.Method.invoke(Method.java:569)
1830-opendolphin-server-modernized-dev  | 	at org.jboss.weld.core@5.1.2.Final//org.jboss.weld.interceptor.reader.SimpleInterceptorInvocation$SimpleMethodInvocation.invoke(SimpleInterceptorInvocation.java:75)
1831-opendolphin-server-modernized-dev  | 	at org.jboss.weld.core@5.1.2.Final//org.jboss.weld.interceptor.proxy.InterceptorMethodHandler.executeAroundInvoke(InterceptorMethodHandler.java:90)
1832-opendolphin-server-modernized-dev  | 	at org.jboss.weld.core@5.1.2.Final//org.jboss.weld.interceptor.proxy.InterceptorMethodHandler.executeInterception(InterceptorMethodHandler.java:73)
1833-opendolphin-server-modernized-dev  | 	at org.jboss.weld.core@5.1.2.Final//org.jboss.weld.interceptor.proxy.InterceptorMethodHandler.invoke(InterceptorMethodHandler.java:56)
1834-opendolphin-server-modernized-dev  | 	at org.jboss.weld.core@5.1.2.Final//org.jboss.weld.bean.proxy.CombinedInterceptorAndDecoratorStackMethodHandler.invoke(CombinedInterceptorAndDecoratorStackMethodHandler.java:80)
1835-opendolphin-server-modernized-dev  | 	at org.jboss.weld.core@5.1.2.Final//org.jboss.weld.bean.proxy.CombinedInterceptorAndDecoratorStackMethodHandler.invoke(CombinedInterceptorAndDecoratorStackMethodHandler.java:68)
1836-opendolphin-server-modernized-dev  | 	at deployment.opendolphin-server.war//open.dolphin.session.LetterServiceBean$Proxy$_$$_WeldSubclass.saveOrUpdateLetter(Unknown Source)
1837-opendolphin-server-modernized-dev  | 	at deployment.opendolphin-server.war//open.dolphin.session.LetterServiceBean$Proxy$_$$_WeldClientProxy.saveOrUpdateLetter(Unknown Source)
1838-opendolphin-server-modernized-dev  | 	at deployment.opendolphin-server.war//open.dolphin.rest.LetterResource.putLetter(LetterResource.java:68)
1839-opendolphin-server-modernized-dev  | 	at deployment.opendolphin-server.war//open.dolphin.rest.LetterResource$Proxy$_$$_WeldClientProxy.putLetter(Unknown Source)
1840-opendolphin-server-modernized-dev  | 	at java.base/jdk.internal.reflect.NativeMethodAccessorImpl.invoke0(Native Method)
1841-opendolphin-server-modernized-dev  | 	at java.base/jdk.internal.reflect.NativeMethodAccessorImpl.invoke(NativeMethodAccessorImpl.java:77)
