      service jboss.deployment.unit."opendolphin-server.war".component."open.dolphin.rest.LogFilter".START (new available)
      service jboss.deployment.unit."opendolphin-server.war".component."open.dolphin.rest.LogFilter".WeldInstantiator (new available)
22:25:34,892 INFO  [open.dolphin.rest.LogFilter] (default task-1) LogFilter header fallback is enabled
22:25:34,893 INFO  [open.dolphin.rest.LogFilter] (default task-1) LogFilter header fallback is enabled
	at deployment.opendolphin-server.war//open.dolphin.rest.LogFilter.doFilter(LogFilter.java:132)
	at deployment.opendolphin-server.war//open.dolphin.rest.LogFilter.doFilter(LogFilter.java:132)
	at deployment.opendolphin-server.war//open.dolphin.rest.LogFilter.doFilter(LogFilter.java:132)
	at deployment.opendolphin-server.war//open.dolphin.rest.LogFilter.doFilter(LogFilter.java:132)
	at deployment.opendolphin-server.war//open.dolphin.rest.LogFilter.doFilter(LogFilter.java:132)
	at deployment.opendolphin-server.war//open.dolphin.rest.LogFilter.doFilter(LogFilter.java:132)
22:30:05,822 INFO  [open.dolphin.rest.LogFilter] (default task-1) LogFilter header fallback is enabled
22:30:05,823 INFO  [open.dolphin.rest.LogFilter] (default task-1) LogFilter header fallback is enabled
22:31:34,380 INFO  [open.dolphin.rest.LogFilter] (default task-1) LogFilter header fallback is enabled
22:31:34,383 INFO  [open.dolphin.rest.LogFilter] (default task-1) LogFilter header fallback is enabled
	at deployment.opendolphin-server.war//open.dolphin.rest.LogFilter.doFilter(LogFilter.java:132)
	at deployment.opendolphin-server.war//open.dolphin.rest.LogFilter.doFilter(LogFilter.java:132)
	at deployment.opendolphin-server.war//open.dolphin.rest.LogFilter.doFilter(LogFilter.java:132)
	at deployment.opendolphin-server.war//open.dolphin.rest.LogFilter.doFilter(LogFilter.java:132)
22:36:06,844 INFO  [open.dolphin.rest.LogFilter] (default task-1) LogFilter header fallback is enabled
22:36:06,845 INFO  [open.dolphin.rest.LogFilter] (default task-1) LogFilter header fallback is enabled
22:37:42,658 WARNING [open.dolphin.rest.LogFilter] (default task-1) Missing credentials headers for request /openDolphin/resources/stamp/tree/9001/shared. TODO: Replace header-based auth with Elytron HTTP authentication.
22:45:38,476 INFO  [open.dolphin.rest.LogFilter] (default task-1) LogFilter header fallback is enabled
22:45:38,476 INFO  [open.dolphin.rest.LogFilter] (default task-1) LogFilter header fallback is enabled
22:54:16,710 WARNING [open.dolphin.rest.LogFilter] (default task-1) Missing credentials headers for request /openDolphin/resources/touch/user/doctor1,1.3.6.1.4.1.9414.72.103,dolphin. TODO: Replace header-based auth with Elytron HTTP authentication.
	at deployment.opendolphin-server.war//open.dolphin.rest.LogFilter.doFilter(LogFilter.java:136)
	at deployment.opendolphin-server.war//open.dolphin.rest.LogFilter.doFilter(LogFilter.java:136)
	at deployment.opendolphin-server.war//open.dolphin.rest.LogFilter.doFilter(LogFilter.java:136)
	at deployment.opendolphin-server.war//open.dolphin.rest.LogFilter.doFilter(LogFilter.java:136)
23:28:15,815 INFO  [open.dolphin.rest.LogFilter] (default task-1) LogFilter header fallback is enabled
23:28:15,815 INFO  [open.dolphin.rest.LogFilter] (default task-1) LogFilter header fallback is enabled
23:48:21,373 WARNING [open.dolphin.rest.LogFilter] (default task-1) Missing credentials headers for request /openDolphin/resources/touch/user/doctor1,1.3.6.1.4.1.9414.72.103,dolphin. TODO: Replace header-based auth with Elytron HTTP authentication.
23:49:53,437 WARNING [open.dolphin.rest.LogFilter] (default task-1) Missing credentials headers for request /openDolphin/resources/touch/user/doctor1,1.3.6.1.4.1.9414.72.103,dolphin. TODO: Replace header-based auth with Elytron HTTP authentication.
	at deployment.opendolphin-server.war//open.dolphin.rest.LogFilter.doFilter(LogFilter.java:136)
	at deployment.opendolphin-server.war//open.dolphin.rest.LogFilter.doFilter(LogFilter.java:136)
	at deployment.opendolphin-server.war//open.dolphin.rest.LogFilter.doFilter(LogFilter.java:136)
	at deployment.opendolphin-server.war//open.dolphin.rest.LogFilter.doFilter(LogFilter.java:136)
	at deployment.opendolphin-server.war//open.dolphin.rest.LogFilter.doFilter(LogFilter.java:136)
	at deployment.opendolphin-server.war//open.dolphin.rest.LogFilter.doFilter(LogFilter.java:136)
	at deployment.opendolphin-server.war//open.dolphin.rest.LogFilter.doFilter(LogFilter.java:136)
	at deployment.opendolphin-server.war//open.dolphin.rest.LogFilter.doFilter(LogFilter.java:136)
	at deployment.opendolphin-server.war//open.dolphin.rest.LogFilter.doFilter(LogFilter.java:136)
	at deployment.opendolphin-server.war//open.dolphin.rest.LogFilter.doFilter(LogFilter.java:136)
	at deployment.opendolphin-server.war//open.dolphin.rest.LogFilter.doFilter(LogFilter.java:136)
	at deployment.opendolphin-server.war//open.dolphin.rest.LogFilter.doFilter(LogFilter.java:136)
	at deployment.opendolphin-server.war//open.dolphin.rest.LogFilter.doFilter(LogFilter.java:136)
	at deployment.opendolphin-server.war//open.dolphin.rest.LogFilter.doFilter(LogFilter.java:136)
	at deployment.opendolphin-server.war//open.dolphin.rest.LogFilter.doFilter(LogFilter.java:136)
	at deployment.opendolphin-server.war//open.dolphin.rest.LogFilter.doFilter(LogFilter.java:136)
	at deployment.opendolphin-server.war//open.dolphin.rest.LogFilter.doFilter(LogFilter.java:136)
	at deployment.opendolphin-server.war//open.dolphin.rest.LogFilter.doFilter(LogFilter.java:136)
	at deployment.opendolphin-server.war//open.dolphin.rest.LogFilter.doFilter(LogFilter.java:136)
	at deployment.opendolphin-server.war//open.dolphin.rest.LogFilter.doFilter(LogFilter.java:136)
	at deployment.opendolphin-server.war//open.dolphin.rest.LogFilter.doFilter(LogFilter.java:136)
	at deployment.opendolphin-server.war//open.dolphin.rest.LogFilter.doFilter(LogFilter.java:136)
	at deployment.opendolphin-server.war//open.dolphin.rest.LogFilter.doFilter(LogFilter.java:136)
	at deployment.opendolphin-server.war//open.dolphin.rest.LogFilter.doFilter(LogFilter.java:136)
	at deployment.opendolphin-server.war//open.dolphin.rest.LogFilter.doFilter(LogFilter.java:136)
	at deployment.opendolphin-server.war//open.dolphin.rest.LogFilter.doFilter(LogFilter.java:136)
	at deployment.opendolphin-server.war//open.dolphin.rest.LogFilter.doFilter(LogFilter.java:136)
	at deployment.opendolphin-server.war//open.dolphin.rest.LogFilter.doFilter(LogFilter.java:136)
	at deployment.opendolphin-server.war//open.dolphin.rest.LogFilter.doFilter(LogFilter.java:136)
	at deployment.opendolphin-server.war//open.dolphin.rest.LogFilter.doFilter(LogFilter.java:136)
	at deployment.opendolphin-server.war//open.dolphin.rest.LogFilter.doFilter(LogFilter.java:136)
	at deployment.opendolphin-server.war//open.dolphin.rest.LogFilter.doFilter(LogFilter.java:136)
	at deployment.opendolphin-server.war//open.dolphin.rest.LogFilter.doFilter(LogFilter.java:136)
	at deployment.opendolphin-server.war//open.dolphin.rest.LogFilter.doFilter(LogFilter.java:136)
	at deployment.opendolphin-server.war//open.dolphin.rest.LogFilter.doFilter(LogFilter.java:136)
	at deployment.opendolphin-server.war//open.dolphin.rest.LogFilter.doFilter(LogFilter.java:136)
23:56:05,123 WARNING [open.dolphin.rest.LogFilter] (default task-1) Missing credentials headers for request /openDolphin/resources/touch/user/doctor1,1.3.6.1.4.1.9414.72.103,dolphin. TODO: Replace header-based auth with Elytron HTTP authentication.
	at deployment.opendolphin-server.war//open.dolphin.rest.LogFilter.doFilter(LogFilter.java:136)
	at deployment.opendolphin-server.war//open.dolphin.rest.LogFilter.doFilter(LogFilter.java:136)
06:13:34,458 WARNING [open.dolphin.rest.LogFilter] (default task-1) Missing credentials headers for request /openDolphin/resources/touch/user/doctor1,1.3.6.1.4.1.9414.72.103,dolphin. TODO: Replace header-based auth with Elytron HTTP authentication.
	at deployment.opendolphin-server.war//open.dolphin.rest.LogFilter.doFilter(LogFilter.java:136)
	at deployment.opendolphin-server.war//open.dolphin.rest.LogFilter.doFilter(LogFilter.java:136)
06:14:47,973 WARNING [open.dolphin.rest.LogFilter] (default task-1) Missing credentials headers for request /openDolphin/resources/touch/user/doctor1,1.3.6.1.4.1.9414.72.103,dolphin. TODO: Replace header-based auth with Elytron HTTP authentication.
	at deployment.opendolphin-server.war//open.dolphin.rest.LogFilter.doFilter(LogFilter.java:136)
	at deployment.opendolphin-server.war//open.dolphin.rest.LogFilter.doFilter(LogFilter.java:136)
06:16:42,490 INFO  [open.dolphin.rest.LogFilter] (default task-1) LogFilter header fallback is enabled
06:16:42,490 INFO  [open.dolphin.rest.LogFilter] (default task-1) LogFilter header fallback is enabled
06:27:14,141 INFO  [open.dolphin.rest.LogFilter] (default task-1) LogFilter header fallback is enabled
06:27:14,141 INFO  [open.dolphin.rest.LogFilter] (default task-1) LogFilter header fallback is enabled
	at deployment.opendolphin-server.war//open.dolphin.rest.LogFilter.doFilter(LogFilter.java:144)
	at deployment.opendolphin-server.war//open.dolphin.rest.LogFilter.doFilter(LogFilter.java:144)
	at deployment.opendolphin-server.war//open.dolphin.rest.LogFilter.doFilter(LogFilter.java:144)
	at deployment.opendolphin-server.war//open.dolphin.rest.LogFilter.doFilter(LogFilter.java:144)
06:27:32,315 WARNING [open.dolphin.rest.LogFilter] (default task-1) Missing credentials headers for request /openDolphin/resources/touch/user/doctor1,1.3.6.1.4.1.9414.72.103,dolphin. TODO: Replace header-based auth with Elytron HTTP authentication.
	at deployment.opendolphin-server.war//open.dolphin.rest.LogFilter.doFilter(LogFilter.java:144)
	at deployment.opendolphin-server.war//open.dolphin.rest.LogFilter.doFilter(LogFilter.java:144)
	at deployment.opendolphin-server.war//open.dolphin.rest.LogFilter.doFilter(LogFilter.java:144)
	at deployment.opendolphin-server.war//open.dolphin.rest.LogFilter.doFilter(LogFilter.java:144)
	at deployment.opendolphin-server.war//open.dolphin.rest.LogFilter.doFilter(LogFilter.java:144)
	at deployment.opendolphin-server.war//open.dolphin.rest.LogFilter.doFilter(LogFilter.java:144)
	at deployment.opendolphin-server.war//open.dolphin.rest.LogFilter.doFilter(LogFilter.java:144)
	at deployment.opendolphin-server.war//open.dolphin.rest.LogFilter.doFilter(LogFilter.java:144)
	at deployment.opendolphin-server.war//open.dolphin.rest.LogFilter.doFilter(LogFilter.java:144)
	at deployment.opendolphin-server.war//open.dolphin.rest.LogFilter.doFilter(LogFilter.java:144)
06:27:58,115 WARNING [open.dolphin.rest.LogFilter] (default task-2) Missing credentials headers for request /openDolphin/resources/touch/user/doctor1,1.3.6.1.4.1.9414.72.103,dolphin. TODO: Replace header-based auth with Elytron HTTP authentication.
	at deployment.opendolphin-server.war//open.dolphin.rest.LogFilter.doFilter(LogFilter.java:144)
	at deployment.opendolphin-server.war//open.dolphin.rest.LogFilter.doFilter(LogFilter.java:144)
06:30:14,758 INFO  [open.dolphin.rest.LogFilter] (default task-2) LogFilter header fallback is enabled
06:30:14,758 INFO  [open.dolphin.rest.LogFilter] (default task-2) LogFilter header fallback is enabled
06:30:32,846 WARNING [open.dolphin.rest.LogFilter] (default task-2) Missing credentials headers for request /openDolphin/resources/touch/user/doctor1,1.3.6.1.4.1.9414.72.103,dolphin. TODO: Replace header-based auth with Elytron HTTP authentication.
	at deployment.opendolphin-server.war//open.dolphin.rest.LogFilter.doFilter(LogFilter.java:144)
	at deployment.opendolphin-server.war//open.dolphin.rest.LogFilter.doFilter(LogFilter.java:144)
