== Info:   Trying 100.102.17.40:8000...
== Info: Connected to 100.102.17.40 (100.102.17.40) port 8000
== Info: Server auth using Basic with user 'ormaster'
=> Send header, 214 bytes (0xd6)
0000: POST /orca101/manageusersv2 HTTP/1.1
0026: Host: 100.102.17.40:8000
0040: Authorization: Basic b3JtYXN0ZXI6Y2hhbmdlX21l
006f: User-Agent: curl/8.7.1
0087: Accept: application/xml
00a0: Content-Type: application/xml
00bf: Content-Length: 630
00d4: 
=> Send data, 630 bytes (0x276)
0000: <?xml version="1.0" encoding="UTF-8"?>.<data>.  <manageusersreq 
0040: type="record">.    <Request_Number type="string">02</Request_Num
0080: ber>.    <Base_Date type="string">2025-11-13</Base_Date>.    <Us
00c0: er_Information type="record">.      <User_Id type="string">taro<
0100: /User_Id>.      <User_Password type="string">taropassword</User_
0140: Password>.      <Group_Number type="string">1</Group_Number>.   
0180:    <Full_Name type="string">...............</Full_Name>.      <K
01c0: ana_Name type="string">.....................</Kana_Name>.      <
0200: Administrator_Privilege type="string">0</Administrator_Privilege
0240: >.    </User_Information>.  </manageusersreq>.</data>.
== Info: upload completely sent off: 630 bytes
<= Recv header, 33 bytes (0x21)
0000: HTTP/1.1 405 Method Not Allowed
<= Recv header, 21 bytes (0x15)
0000: Allow: OPTIONS, GET
<= Recv header, 32 bytes (0x20)
0000: Content-Type: application/json
<= Recv header, 37 bytes (0x25)
0000: Date: Fri, 21 Nov 2025 14:09:56 GMT
<= Recv header, 20 bytes (0x14)
0000: Content-Length: 62
<= Recv header, 2 bytes (0x2)
0000: 
<= Recv data, 62 bytes (0x3e)
0000: {"Code":405,"Message":"code=405, message=Method Not Allowed"}.
== Info: Connection #0 to host 100.102.17.40 left intact
