opendolphin-server-modernized-dev  | 	at java.base/jdk.internal.reflect.NativeMethodAccessorImpl.invoke0(Native Method)
opendolphin-server-modernized-dev  | 	at java.base/jdk.internal.reflect.NativeMethodAccessorImpl.invoke(NativeMethodAccessorImpl.java:77)
opendolphin-server-modernized-dev  | 	at java.base/jdk.internal.reflect.DelegatingMethodAccessorImpl.invoke(DelegatingMethodAccessorImpl.java:43)
opendolphin-server-modernized-dev  | 	at java.base/java.lang.reflect.Method.invoke(Method.java:569)
opendolphin-server-modernized-dev  | 	at org.jboss.weld.core@5.1.2.Final//org.jboss.weld.interceptor.proxy.TerminalAroundInvokeInvocationContext.proceedInternal(TerminalAroundInvokeInvocationContext.java:55)
opendolphin-server-modernized-dev  | 	at org.jboss.weld.core@5.1.2.Final//org.jboss.weld.interceptor.proxy.AroundInvokeInvocationContext.proceed(AroundInvokeInvocationContext.java:86)
opendolphin-server-modernized-dev  | 	at deployment.opendolphin-server.war//open.dolphin.session.framework.SessionOperationInterceptor.aroundInvoke(SessionOperationInterceptor.java:41)
opendolphin-server-modernized-dev  | 	... 101 more
opendolphin-server-modernized-dev  | Caused by: org.hibernate.query.sqm.UnknownEntityException: Could not resolve root entity 'ObservationModel'
opendolphin-server-modernized-dev  | 	at org.hibernate@6.4.4.Final//org.hibernate.query.hql.internal.SemanticQueryBuilder.resolveRootEntity(SemanticQueryBuilder.java:2013)
opendolphin-server-modernized-dev  | 	at org.hibernate@6.4.4.Final//org.hibernate.query.hql.internal.SemanticQueryBuilder.visitRootEntity(SemanticQueryBuilder.java:1944)
opendolphin-server-modernized-dev  | 	at org.hibernate@6.4.4.Final//org.hibernate.query.hql.internal.SemanticQueryBuilder.visitRootEntity(SemanticQueryBuilder.java:269)
opendolphin-server-modernized-dev  | 	at org.hibernate@6.4.4.Final//org.hibernate.grammars.hql.HqlParser$RootEntityContext.accept(HqlParser.java:2549)
opendolphin-server-modernized-dev  | 	at org.hibernate@6.4.4.Final//org.hibernate.query.hql.internal.SemanticQueryBuilder.visitEntityWithJoins(SemanticQueryBuilder.java:1914)
opendolphin-server-modernized-dev  | 	at org.hibernate@6.4.4.Final//org.hibernate.query.hql.internal.SemanticQueryBuilder.visitFromClause(SemanticQueryBuilder.java:1901)
opendolphin-server-modernized-dev  | 	at org.hibernate@6.4.4.Final//org.hibernate.query.hql.internal.SemanticQueryBuilder.visitQuery(SemanticQueryBuilder.java:1148)
opendolphin-server-modernized-dev  | 	at org.hibernate@6.4.4.Final//org.hibernate.query.hql.internal.SemanticQueryBuilder.visitQuerySpecExpression(SemanticQueryBuilder.java:941)
opendolphin-server-modernized-dev  | 	at org.hibernate@6.4.4.Final//org.hibernate.query.hql.internal.SemanticQueryBuilder.visitQuerySpecExpression(SemanticQueryBuilder.java:269)
opendolphin-server-modernized-dev  | 	at org.hibernate@6.4.4.Final//org.hibernate.grammars.hql.HqlParser$QuerySpecExpressionContext.accept(HqlParser.java:1869)
opendolphin-server-modernized-dev  | 	at org.hibernate@6.4.4.Final//org.hibernate.query.hql.internal.SemanticQueryBuilder.visitSimpleQueryGroup(SemanticQueryBuilder.java:926)
opendolphin-server-modernized-dev  | 	at org.hibernate@6.4.4.Final//org.hibernate.query.hql.internal.SemanticQueryBuilder.visitSimpleQueryGroup(SemanticQueryBuilder.java:269)
opendolphin-server-modernized-dev  | 	at org.hibernate@6.4.4.Final//org.hibernate.grammars.hql.HqlParser$SimpleQueryGroupContext.accept(HqlParser.java:1740)
opendolphin-server-modernized-dev  | 	at org.hibernate@6.4.4.Final//org.hibernate.query.hql.internal.SemanticQueryBuilder.visitSelectStatement(SemanticQueryBuilder.java:443)
opendolphin-server-modernized-dev  | 	at org.hibernate@6.4.4.Final//org.hibernate.query.hql.internal.SemanticQueryBuilder.visitStatement(SemanticQueryBuilder.java:402)
opendolphin-server-modernized-dev  | 	at org.hibernate@6.4.4.Final//org.hibernate.query.hql.internal.SemanticQueryBuilder.buildSemanticModel(SemanticQueryBuilder.java:311)
opendolphin-server-modernized-dev  | 	at org.hibernate@6.4.4.Final//org.hibernate.query.hql.internal.StandardHqlTranslator.translate(StandardHqlTranslator.java:71)
opendolphin-server-modernized-dev  | 	at org.hibernate@6.4.4.Final//org.hibernate.query.internal.QueryInterpretationCacheStandardImpl.createHqlInterpretation(QueryInterpretationCacheStandardImpl.java:165)
opendolphin-server-modernized-dev  | 	at org.hibernate@6.4.4.Final//org.hibernate.query.internal.QueryInterpretationCacheStandardImpl.resolveHqlInterpretation(QueryInterpretationCacheStandardImpl.java:147)
opendolphin-server-modernized-dev  | 	at org.hibernate@6.4.4.Final//org.hibernate.internal.AbstractSharedSessionContract.interpretHql(AbstractSharedSessionContract.java:790)
opendolphin-server-modernized-dev  | 	at org.hibernate@6.4.4.Final//org.hibernate.internal.AbstractSharedSessionContract.createQuery(AbstractSharedSessionContract.java:840)
opendolphin-server-modernized-dev  | 	... 113 more
opendolphin-server-modernized-dev  | 
opendolphin-server-modernized-dev  | [0m[33m09:18:13,293 WARNING [io.micrometer.registry.otlp.OtlpMeterRegistry] (otlp-metrics-publisher) Failed to publish metrics to OTLP receiver: java.net.UnknownHostException: otel-collector
opendolphin-server-modernized-dev  | 	at java.base/sun.nio.ch.NioSocketImpl.connect(NioSocketImpl.java:572)
opendolphin-server-modernized-dev  | 	at java.base/java.net.Socket.connect(Socket.java:633)
opendolphin-server-modernized-dev  | 	at java.base/sun.net.NetworkClient.doConnect(NetworkClient.java:178)
opendolphin-server-modernized-dev  | 	at java.base/sun.net.www.http.HttpClient.openServer(HttpClient.java:533)
opendolphin-server-modernized-dev  | 	at java.base/sun.net.www.http.HttpClient.openServer(HttpClient.java:638)
opendolphin-server-modernized-dev  | 	at java.base/sun.net.www.http.HttpClient.<init>(HttpClient.java:281)
opendolphin-server-modernized-dev  | 	at java.base/sun.net.www.http.HttpClient.New(HttpClient.java:386)
opendolphin-server-modernized-dev  | 	at java.base/sun.net.www.http.HttpClient.New(HttpClient.java:408)
opendolphin-server-modernized-dev  | 	at java.base/sun.net.www.protocol.http.HttpURLConnection.getNewHttpClient(HttpURLConnection.java:1308)
opendolphin-server-modernized-dev  | 	at java.base/sun.net.www.protocol.http.HttpURLConnection.plainConnect0(HttpURLConnection.java:1241)
opendolphin-server-modernized-dev  | 	at java.base/sun.net.www.protocol.http.HttpURLConnection.plainConnect(HttpURLConnection.java:1127)
opendolphin-server-modernized-dev  | 	at java.base/sun.net.www.protocol.http.HttpURLConnection.connect(HttpURLConnection.java:1056)
opendolphin-server-modernized-dev  | 	at java.base/sun.net.www.protocol.http.HttpURLConnection.getOutputStream0(HttpURLConnection.java:1450)
opendolphin-server-modernized-dev  | 	at java.base/sun.net.www.protocol.http.HttpURLConnection.getOutputStream(HttpURLConnection.java:1421)
opendolphin-server-modernized-dev  | 	at io.micrometer@1.12.4//io.micrometer.core.ipc.http.HttpUrlConnectionSender.send(HttpUrlConnectionSender.java:98)
opendolphin-server-modernized-dev  | 	at io.micrometer@1.12.4//io.micrometer.core.ipc.http.HttpSender$Request$Builder.send(HttpSender.java:306)
opendolphin-server-modernized-dev  | 	at io.micrometer@1.12.4//io.micrometer.registry.otlp.OtlpMeterRegistry.publish(OtlpMeterRegistry.java:168)
opendolphin-server-modernized-dev  | 	at io.micrometer@1.12.4//io.micrometer.core.instrument.push.PushMeterRegistry.publishSafelyOrSkipIfInProgress(PushMeterRegistry.java:64)
opendolphin-server-modernized-dev  | 	at java.base/java.util.concurrent.Executors$RunnableAdapter.call(Executors.java:539)
opendolphin-server-modernized-dev  | 	at java.base/java.util.concurrent.FutureTask.runAndReset(FutureTask.java:305)
opendolphin-server-modernized-dev  | 	at java.base/java.util.concurrent.ScheduledThreadPoolExecutor$ScheduledFutureTask.run(ScheduledThreadPoolExecutor.java:305)
opendolphin-server-modernized-dev  | 	at java.base/java.util.concurrent.ThreadPoolExecutor.runWorker(ThreadPoolExecutor.java:1136)
opendolphin-server-modernized-dev  | 	at java.base/java.util.concurrent.ThreadPoolExecutor$Worker.run(ThreadPoolExecutor.java:635)
opendolphin-server-modernized-dev  | 	at java.base/java.lang.Thread.run(Thread.java:840)
opendolphin-server-modernized-dev  | 
opendolphin-server-modernized-dev  | [0m[0m09:18:32,822 INFO  [open.dolphin] (default task-1) 127.0.0.1 dolphin GET /dolphin traceId=e316268a-19d3-4f12-be40-9b7ac543707e
opendolphin-server-modernized-dev  | [0m[0m09:18:32,823 INFO  [open.dolphin] (default task-1) 127.0.0.1 dolphin GET /dolphin traceId=748f7632-306a-4cf2-a0df-17b076307d46
opendolphin-server-modernized-dev  | [0m[0m09:19:02,893 INFO  [open.dolphin] (default task-1) 127.0.0.1 dolphin GET /dolphin traceId=c6efb128-1e9f-46e9-a3cd-73f89cf965b4
opendolphin-server-modernized-dev  | [0m[0m09:19:02,894 INFO  [open.dolphin] (default task-1) 127.0.0.1 dolphin GET /dolphin traceId=281b8ecc-40ef-4c42-8c7f-f684742afe0b
opendolphin-server-modernized-dev  | [0m[33m09:19:13,328 WARNING [io.micrometer.registry.otlp.OtlpMeterRegistry] (otlp-metrics-publisher) Failed to publish metrics to OTLP receiver: java.net.UnknownHostException: otel-collector
opendolphin-server-modernized-dev  | 	at java.base/sun.nio.ch.NioSocketImpl.connect(NioSocketImpl.java:572)
opendolphin-server-modernized-dev  | 	at java.base/java.net.Socket.connect(Socket.java:633)
opendolphin-server-modernized-dev  | 	at java.base/sun.net.NetworkClient.doConnect(NetworkClient.java:178)
opendolphin-server-modernized-dev  | 	at java.base/sun.net.www.http.HttpClient.openServer(HttpClient.java:533)
opendolphin-server-modernized-dev  | 	at java.base/sun.net.www.http.HttpClient.openServer(HttpClient.java:638)
opendolphin-server-modernized-dev  | 	at java.base/sun.net.www.http.HttpClient.<init>(HttpClient.java:281)
opendolphin-server-modernized-dev  | 	at java.base/sun.net.www.http.HttpClient.New(HttpClient.java:386)
opendolphin-server-modernized-dev  | 	at java.base/sun.net.www.http.HttpClient.New(HttpClient.java:408)
opendolphin-server-modernized-dev  | 	at java.base/sun.net.www.protocol.http.HttpURLConnection.getNewHttpClient(HttpURLConnection.java:1308)
opendolphin-server-modernized-dev  | 	at java.base/sun.net.www.protocol.http.HttpURLConnection.plainConnect0(HttpURLConnection.java:1241)
opendolphin-server-modernized-dev  | 	at java.base/sun.net.www.protocol.http.HttpURLConnection.plainConnect(HttpURLConnection.java:1127)
opendolphin-server-modernized-dev  | 	at java.base/sun.net.www.protocol.http.HttpURLConnection.connect(HttpURLConnection.java:1056)
opendolphin-server-modernized-dev  | 	at java.base/sun.net.www.protocol.http.HttpURLConnection.getOutputStream0(HttpURLConnection.java:1450)
opendolphin-server-modernized-dev  | 	at java.base/sun.net.www.protocol.http.HttpURLConnection.getOutputStream(HttpURLConnection.java:1421)
opendolphin-server-modernized-dev  | 	at io.micrometer@1.12.4//io.micrometer.core.ipc.http.HttpUrlConnectionSender.send(HttpUrlConnectionSender.java:98)
opendolphin-server-modernized-dev  | 	at io.micrometer@1.12.4//io.micrometer.core.ipc.http.HttpSender$Request$Builder.send(HttpSender.java:306)
opendolphin-server-modernized-dev  | 	at io.micrometer@1.12.4//io.micrometer.registry.otlp.OtlpMeterRegistry.publish(OtlpMeterRegistry.java:168)
opendolphin-server-modernized-dev  | 	at io.micrometer@1.12.4//io.micrometer.core.instrument.push.PushMeterRegistry.publishSafelyOrSkipIfInProgress(PushMeterRegistry.java:64)
opendolphin-server-modernized-dev  | 	at java.base/java.util.concurrent.Executors$RunnableAdapter.call(Executors.java:539)
opendolphin-server-modernized-dev  | 	at java.base/java.util.concurrent.FutureTask.runAndReset(FutureTask.java:305)
opendolphin-server-modernized-dev  | 	at java.base/java.util.concurrent.ScheduledThreadPoolExecutor$ScheduledFutureTask.run(ScheduledThreadPoolExecutor.java:305)
opendolphin-server-modernized-dev  | 	at java.base/java.util.concurrent.ThreadPoolExecutor.runWorker(ThreadPoolExecutor.java:1136)
opendolphin-server-modernized-dev  | 	at java.base/java.util.concurrent.ThreadPoolExecutor$Worker.run(ThreadPoolExecutor.java:635)
opendolphin-server-modernized-dev  | 	at java.base/java.lang.Thread.run(Thread.java:840)
opendolphin-server-modernized-dev  | 
opendolphin-server-modernized-dev  | [0m[0m09:19:32,967 INFO  [open.dolphin] (default task-1) 127.0.0.1 dolphin GET /dolphin traceId=cf527fd6-77d2-4a4e-8a93-ada44201a304
opendolphin-server-modernized-dev  | [0m[0m09:19:32,968 INFO  [open.dolphin] (default task-1) 127.0.0.1 dolphin GET /dolphin traceId=70f29544-44da-4632-9c20-b3983d74a56b
opendolphin-server-modernized-dev  | [0m[0m09:19:50,419 INFO  [open.dolphin] (default task-1) 172.19.0.7 dolphin GET /dolphin traceId=787b87c1-e30c-4253-8136-e12ebbed2b87
opendolphin-server-modernized-dev  | [0m[0m09:19:50,420 INFO  [open.dolphin] (default task-1) 172.19.0.7 dolphin GET /dolphin traceId=d5af5f5f-57b0-4534-a7d9-91bb1ce0ba5a
opendolphin-server-modernized-dev  | [0m[0m09:19:50,439 INFO  [open.dolphin] (default task-1) 172.19.0.7 doctor1 GET /user/1.3.6.1.4.1.9414.72.103:doctor1 traceId=8b9eae66-9b1a-410e-be14-add869fc52e1
opendolphin-server-modernized-dev  | [0m[0m09:19:50,439 INFO  [open.dolphin] (default task-1) 172.19.0.7 doctor1 GET /user/1.3.6.1.4.1.9414.72.103:doctor1 traceId=8b56eba2-68d2-4345-bd7b-539b38238ff3
opendolphin-server-modernized-dev  | [0m[0m09:19:50,446 INFO  [stdout] (default task-1) Hibernate: select um1_0.id,um1_0.commonName,um1_0.department,um1_0.departmentCodeSys,um1_0.departmentDesc,um1_0.email,um1_0.facility_id,um1_0.factor2Auth,um1_0.givenName,um1_0.license,um1_0.licenseCodeSys,um1_0.licenseDesc,um1_0.mainMobile,um1_0.memberType,um1_0.memo,um1_0.orcaId,um1_0.password,um1_0.registeredDate,um1_0.sirName,um1_0.subMobile,um1_0.useDrugId,um1_0.userId from d_users um1_0 where um1_0.userId=?
opendolphin-server-modernized-dev  | [0m[0m09:19:50,452 INFO  [stdout] (default task-1) Hibernate: select fm1_0.id,fm1_0.address,fm1_0.facilityId,fm1_0.facilityName,fm1_0.facsimile,fm1_0.memberType,fm1_0.registeredDate,fm1_0.s3AccessKey,fm1_0.s3SecretKey,fm1_0.s3URL,fm1_0.telephone,fm1_0.url,fm1_0.zipCode from d_facility fm1_0 where fm1_0.id=?
opendolphin-server-modernized-dev  | [0m[0m09:19:50,453 INFO  [stdout] (default task-1) Hibernate: select r1_0.c_user,r1_0.id,r1_0.c_role,r1_0.user_id from d_roles r1_0 where r1_0.c_user=?
opendolphin-server-modernized-dev  | [0m[0m09:19:50,474 INFO  [open.dolphin] (default task-1) 172.19.0.7 admin GET /patient/digit/000 traceId=8cbffc16-0dc2-4642-8f95-52b2d2ac5573
opendolphin-server-modernized-dev  | [0m[0m09:19:50,474 INFO  [open.dolphin] (default task-1) 172.19.0.7 admin GET /patient/digit/000 traceId=3842dd27-3cdb-42e1-a4a3-ddfcd9339790
opendolphin-server-modernized-dev  | [0m[0m09:19:50,476 INFO  [stdout] (default task-1) Hibernate: select pm1_0.id,pm1_0.address,pm1_0.zipCode,pm1_0.appMemo,pm1_0.birthday,pm1_0.email,pm1_0.facilityId,pm1_0.familyName,pm1_0.fullName,pm1_0.gender,pm1_0.genderDesc,pm1_0.givenName,pm1_0.jpegPhoto,pm1_0.kanaFamilyName,pm1_0.kanaGivenName,pm1_0.kanaName,pm1_0.maritalStatus,pm1_0.memo,pm1_0.mobilePhone,pm1_0.nationality,pm1_0.ownerUUID,pm1_0.patientId,pm1_0.relations,pm1_0.reserve1,pm1_0.reserve2,pm1_0.reserve3,pm1_0.reserve4,pm1_0.reserve5,pm1_0.reserve6,pm1_0.romanFamilyName,pm1_0.romanGivenName,pm1_0.romanName,pm1_0.telephone from d_patient pm1_0 where pm1_0.facilityId=? and pm1_0.patientId like ? escape ''
opendolphin-server-modernized-dev  | [0m[0m09:19:50,478 INFO  [stdout] (default task-1) Hibernate: select him1_0.id,him1_0.beanBytes,him1_0.patient_id from d_health_insurance him1_0 where him1_0.patient_id=?
opendolphin-server-modernized-dev  | [0m[0m09:19:50,479 INFO  [stdout] (default task-1) Hibernate: select pvm1_0.id,pvm1_0.department,pvm1_0.deptCode,pvm1_0.deptName,pvm1_0.doctorId,pvm1_0.doctorName,pvm1_0.facilityId,pvm1_0.firstInsurance,pvm1_0.insuranceUid,pvm1_0.jmariNumber,pvm1_0.memo,pvm1_0.patient_id,pvm1_0.pvtDate,pvm1_0.status from d_patient_visit pvm1_0 where pvm1_0.facilityId=? and pvm1_0.patient_id=? and pvm1_0.status<>? order by pvm1_0.pvtDate desc fetch first ? rows only
opendolphin-server-modernized-dev  | [0m[0m09:19:50,497 INFO  [open.dolphin] (default task-1) 172.19.0.7 admin GET /karte/2,2000-01-01%2000:00:00 traceId=2315b9df-c71d-47e8-968f-ab997a345804
opendolphin-server-modernized-dev  | [0m[0m09:19:50,497 INFO  [open.dolphin] (default task-1) 172.19.0.7 admin GET /karte/2,2000-01-01%2000:00:00 traceId=61ad1137-53d7-4b88-9882-a768a93d7f0d
opendolphin-server-modernized-dev  | [0m[0m09:19:50,499 INFO  [stdout] (default task-1) Hibernate: select kb1_0.id,kb1_0.created,kb1_0.patient_id from d_karte kb1_0 where kb1_0.patient_id=?
opendolphin-server-modernized-dev  | [0m[0m09:19:50,500 INFO  [stdout] (default task-1) Hibernate: select pm1_0.id,pm1_0.address,pm1_0.zipCode,pm1_0.appMemo,pm1_0.birthday,pm1_0.email,pm1_0.facilityId,pm1_0.familyName,pm1_0.fullName,pm1_0.gender,pm1_0.genderDesc,pm1_0.givenName,pm1_0.jpegPhoto,pm1_0.kanaFamilyName,pm1_0.kanaGivenName,pm1_0.kanaName,pm1_0.maritalStatus,pm1_0.memo,pm1_0.mobilePhone,pm1_0.nationality,pm1_0.ownerUUID,pm1_0.patientId,pm1_0.relations,pm1_0.reserve1,pm1_0.reserve2,pm1_0.reserve3,pm1_0.reserve4,pm1_0.reserve5,pm1_0.reserve6,pm1_0.romanFamilyName,pm1_0.romanGivenName,pm1_0.romanName,pm1_0.telephone from d_patient pm1_0 where pm1_0.id=?
opendolphin-server-modernized-dev  | [0m[31m09:19:50,508 ERROR [open.dolphin.session.framework.SessionOperationInterceptor] (default task-1) Session operation failed [traceId=61ad1137-53d7-4b88-9882-a768a93d7f0d, operation=open.dolphin.session.KarteServiceBean$Proxy$_$$_WeldSubclass#getKarte]: open.dolphin.session.framework.SessionServiceException: Session layer failure in open.dolphin.session.KarteServiceBean$Proxy$_$$_WeldSubclass#getKarte
opendolphin-server-modernized-dev  | 	at deployment.opendolphin-server.war//open.dolphin.session.framework.SessionOperationInterceptor.wrapException(SessionOperationInterceptor.java:60)
opendolphin-server-modernized-dev  | 	at deployment.opendolphin-server.war//open.dolphin.session.framework.SessionOperationInterceptor.aroundInvoke(SessionOperationInterceptor.java:45)
opendolphin-server-modernized-dev  | 	at jdk.internal.reflect.GeneratedMethodAccessor43.invoke(Unknown Source)
opendolphin-server-modernized-dev  | 	at java.base/jdk.internal.reflect.DelegatingMethodAccessorImpl.invoke(DelegatingMethodAccessorImpl.java:43)
opendolphin-server-modernized-dev  | 	at java.base/java.lang.reflect.Method.invoke(Method.java:569)
opendolphin-server-modernized-dev  | 	at org.jboss.weld.core@5.1.2.Final//org.jboss.weld.interceptor.reader.SimpleInterceptorInvocation$SimpleMethodInvocation.invoke(SimpleInterceptorInvocation.java:75)
opendolphin-server-modernized-dev  | 	at org.jboss.weld.core@5.1.2.Final//org.jboss.weld.interceptor.proxy.NonTerminalAroundInvokeInvocationContext.proceedInternal(NonTerminalAroundInvokeInvocationContext.java:72)
opendolphin-server-modernized-dev  | 	at org.jboss.weld.core@5.1.2.Final//org.jboss.weld.interceptor.proxy.AroundInvokeInvocationContext.proceed(AroundInvokeInvocationContext.java:86)
opendolphin-server-modernized-dev  | 	at org.jboss.jts//com.arjuna.ats.jta.cdi.transactional.TransactionalInterceptorBase.invokeInOurTx(TransactionalInterceptorBase.java:181)
opendolphin-server-modernized-dev  | 	at org.jboss.jts//com.arjuna.ats.jta.cdi.transactional.TransactionalInterceptorBase.invokeInOurTx(TransactionalInterceptorBase.java:169)
opendolphin-server-modernized-dev  | 	at org.jboss.jts//com.arjuna.ats.jta.cdi.transactional.TransactionalInterceptorRequired.doIntercept(TransactionalInterceptorRequired.java:37)
opendolphin-server-modernized-dev  | 	at org.jboss.jts//com.arjuna.ats.jta.cdi.transactional.TransactionalInterceptorBase.intercept(TransactionalInterceptorBase.java:74)
opendolphin-server-modernized-dev  | 	at org.jboss.jts//com.arjuna.ats.jta.cdi.transactional.TransactionalInterceptorRequired.intercept(TransactionalInterceptorRequired.java:31)
opendolphin-server-modernized-dev  | 	at jdk.internal.reflect.GeneratedMethodAccessor68.invoke(Unknown Source)
opendolphin-server-modernized-dev  | 	at java.base/jdk.internal.reflect.DelegatingMethodAccessorImpl.invoke(DelegatingMethodAccessorImpl.java:43)
opendolphin-server-modernized-dev  | 	at java.base/java.lang.reflect.Method.invoke(Method.java:569)
opendolphin-server-modernized-dev  | 	at org.jboss.weld.core@5.1.2.Final//org.jboss.weld.interceptor.reader.SimpleInterceptorInvocation$SimpleMethodInvocation.invoke(SimpleInterceptorInvocation.java:75)
opendolphin-server-modernized-dev  | 	at org.jboss.weld.core@5.1.2.Final//org.jboss.weld.interceptor.proxy.InterceptorMethodHandler.executeAroundInvoke(InterceptorMethodHandler.java:90)
opendolphin-server-modernized-dev  | 	at org.jboss.weld.core@5.1.2.Final//org.jboss.weld.interceptor.proxy.InterceptorMethodHandler.executeInterception(InterceptorMethodHandler.java:73)
opendolphin-server-modernized-dev  | 	at org.jboss.weld.core@5.1.2.Final//org.jboss.weld.interceptor.proxy.InterceptorMethodHandler.invoke(InterceptorMethodHandler.java:56)
opendolphin-server-modernized-dev  | 	at org.jboss.weld.core@5.1.2.Final//org.jboss.weld.bean.proxy.CombinedInterceptorAndDecoratorStackMethodHandler.invoke(CombinedInterceptorAndDecoratorStackMethodHandler.java:80)
opendolphin-server-modernized-dev  | 	at org.jboss.weld.core@5.1.2.Final//org.jboss.weld.bean.proxy.CombinedInterceptorAndDecoratorStackMethodHandler.invoke(CombinedInterceptorAndDecoratorStackMethodHandler.java:68)
opendolphin-server-modernized-dev  | 	at deployment.opendolphin-server.war//open.dolphin.session.KarteServiceBean$Proxy$_$$_WeldSubclass.getKarte(Unknown Source)
opendolphin-server-modernized-dev  | 	at deployment.opendolphin-server.war//open.dolphin.session.KarteServiceBean$Proxy$_$$_WeldClientProxy.getKarte(Unknown Source)
opendolphin-server-modernized-dev  | 	at deployment.opendolphin-server.war//open.dolphin.rest.KarteResource.getKarte(KarteResource.java:70)
opendolphin-server-modernized-dev  | 	at deployment.opendolphin-server.war//open.dolphin.rest.KarteResource$Proxy$_$$_WeldClientProxy.getKarte(Unknown Source)
opendolphin-server-modernized-dev  | 	at java.base/jdk.internal.reflect.NativeMethodAccessorImpl.invoke0(Native Method)
opendolphin-server-modernized-dev  | 	at java.base/jdk.internal.reflect.NativeMethodAccessorImpl.invoke(NativeMethodAccessorImpl.java:77)
opendolphin-server-modernized-dev  | 	at java.base/jdk.internal.reflect.DelegatingMethodAccessorImpl.invoke(DelegatingMethodAccessorImpl.java:43)
opendolphin-server-modernized-dev  | 	at java.base/java.lang.reflect.Method.invoke(Method.java:569)
opendolphin-server-modernized-dev  | 	at org.jboss.resteasy.resteasy-core@6.2.10.Final//org.jboss.resteasy.core.MethodInjectorImpl.invoke(MethodInjectorImpl.java:154)
opendolphin-server-modernized-dev  | 	at org.jboss.resteasy.resteasy-core@6.2.10.Final//org.jboss.resteasy.core.MethodInjectorImpl.invoke(MethodInjectorImpl.java:118)
opendolphin-server-modernized-dev  | 	at org.jboss.resteasy.resteasy-core@6.2.10.Final//org.jboss.resteasy.core.ResourceMethodInvoker.internalInvokeOnTarget(ResourceMethodInvoker.java:560)
opendolphin-server-modernized-dev  | 	at org.jboss.resteasy.resteasy-core@6.2.10.Final//org.jboss.resteasy.core.ResourceMethodInvoker.invokeOnTargetAfterFilter(ResourceMethodInvoker.java:452)
opendolphin-server-modernized-dev  | 	at org.jboss.resteasy.resteasy-core@6.2.10.Final//org.jboss.resteasy.core.ResourceMethodInvoker.lambda$invokeOnTarget$2(ResourceMethodInvoker.java:413)
opendolphin-server-modernized-dev  | 	at org.jboss.resteasy.resteasy-core@6.2.10.Final//org.jboss.resteasy.core.interception.jaxrs.PreMatchContainerRequestContext.filter(PreMatchContainerRequestContext.java:321)
opendolphin-server-modernized-dev  | 	at org.jboss.resteasy.resteasy-core@6.2.10.Final//org.jboss.resteasy.core.ResourceMethodInvoker.invokeOnTarget(ResourceMethodInvoker.java:415)
opendolphin-server-modernized-dev  | 	at org.jboss.resteasy.resteasy-core@6.2.10.Final//org.jboss.resteasy.core.ResourceMethodInvoker.invoke(ResourceMethodInvoker.java:378)
opendolphin-server-modernized-dev  | 	at org.jboss.resteasy.resteasy-core@6.2.10.Final//org.jboss.resteasy.core.ResourceMethodInvoker.invoke(ResourceMethodInvoker.java:356)
opendolphin-server-modernized-dev  | 	at org.jboss.resteasy.resteasy-core@6.2.10.Final//org.jboss.resteasy.core.ResourceMethodInvoker.invoke(ResourceMethodInvoker.java:70)
opendolphin-server-modernized-dev  | 	at org.jboss.resteasy.resteasy-core@6.2.10.Final//org.jboss.resteasy.core.SynchronousDispatcher.invoke(SynchronousDispatcher.java:429)
opendolphin-server-modernized-dev  | 	at org.jboss.resteasy.resteasy-core@6.2.10.Final//org.jboss.resteasy.core.SynchronousDispatcher.lambda$invoke$4(SynchronousDispatcher.java:240)
opendolphin-server-modernized-dev  | 	at org.jboss.resteasy.resteasy-core@6.2.10.Final//org.jboss.resteasy.core.SynchronousDispatcher.lambda$preprocess$0(SynchronousDispatcher.java:154)
opendolphin-server-modernized-dev  | 	at org.jboss.resteasy.resteasy-core@6.2.10.Final//org.jboss.resteasy.core.interception.jaxrs.PreMatchContainerRequestContext.filter(PreMatchContainerRequestContext.java:321)
opendolphin-server-modernized-dev  | 	at org.jboss.resteasy.resteasy-core@6.2.10.Final//org.jboss.resteasy.core.SynchronousDispatcher.preprocess(SynchronousDispatcher.java:157)
opendolphin-server-modernized-dev  | 	at org.jboss.resteasy.resteasy-core@6.2.10.Final//org.jboss.resteasy.core.SynchronousDispatcher.invoke(SynchronousDispatcher.java:229)
opendolphin-server-modernized-dev  | 	at org.jboss.resteasy.resteasy-core@6.2.10.Final//org.jboss.resteasy.plugins.server.servlet.ServletContainerDispatcher.service(ServletContainerDispatcher.java:222)
opendolphin-server-modernized-dev  | 	at org.jboss.resteasy.resteasy-core@6.2.10.Final//org.jboss.resteasy.plugins.server.servlet.HttpServletDispatcher.service(HttpServletDispatcher.java:55)
opendolphin-server-modernized-dev  | 	at org.jboss.resteasy.resteasy-core@6.2.10.Final//org.jboss.resteasy.plugins.server.servlet.HttpServletDispatcher.service(HttpServletDispatcher.java:51)
opendolphin-server-modernized-dev  | 	at jakarta.servlet.api@6.0.0//jakarta.servlet.http.HttpServlet.service(HttpServlet.java:614)
opendolphin-server-modernized-dev  | 	at io.undertow.servlet@2.3.17.Final//io.undertow.servlet.handlers.ServletHandler.handleRequest(ServletHandler.java:74)
opendolphin-server-modernized-dev  | 	at io.undertow.servlet@2.3.17.Final//io.undertow.servlet.handlers.FilterHandler$FilterChainImpl.doFilter(FilterHandler.java:129)
opendolphin-server-modernized-dev  | 	at deployment.opendolphin-server.war//open.dolphin.rest.LogFilter.doFilter(LogFilter.java:144)
opendolphin-server-modernized-dev  | 	at io.undertow.servlet@2.3.17.Final//io.undertow.servlet.core.ManagedFilter.doFilter(ManagedFilter.java:67)
opendolphin-server-modernized-dev  | 	at io.undertow.servlet@2.3.17.Final//io.undertow.servlet.handlers.FilterHandler$FilterChainImpl.doFilter(FilterHandler.java:131)
opendolphin-server-modernized-dev  | 	at deployment.opendolphin-server.war//open.dolphin.rest.LogFilter.doFilter(LogFilter.java:144)
opendolphin-server-modernized-dev  | 	at io.undertow.servlet@2.3.17.Final//io.undertow.servlet.core.ManagedFilter.doFilter(ManagedFilter.java:67)
opendolphin-server-modernized-dev  | 	at io.undertow.servlet@2.3.17.Final//io.undertow.servlet.handlers.FilterHandler$FilterChainImpl.doFilter(FilterHandler.java:131)
opendolphin-server-modernized-dev  | 	at io.undertow.servlet@2.3.17.Final//io.undertow.servlet.handlers.FilterHandler.handleRequest(FilterHandler.java:84)
opendolphin-server-modernized-dev  | 	at io.undertow.servlet@2.3.17.Final//io.undertow.servlet.handlers.security.ServletSecurityRoleHandler.handleRequest(ServletSecurityRoleHandler.java:62)
opendolphin-server-modernized-dev  | 	at io.undertow.servlet@2.3.17.Final//io.undertow.servlet.handlers.ServletChain$1.handleRequest(ServletChain.java:68)
opendolphin-server-modernized-dev  | 	at io.undertow.servlet@2.3.17.Final//io.undertow.servlet.handlers.ServletDispatchingHandler.handleRequest(ServletDispatchingHandler.java:36)
opendolphin-server-modernized-dev  | 	at org.wildfly.security.elytron-web.undertow-server@4.1.0.Final//org.wildfly.elytron.web.undertow.server.ElytronRunAsHandler.lambda$handleRequest$1(ElytronRunAsHandler.java:68)
opendolphin-server-modernized-dev  | 	at org.wildfly.security.elytron-base@2.5.2.Final//org.wildfly.security.auth.server.FlexibleIdentityAssociation.runAsFunctionEx(FlexibleIdentityAssociation.java:103)
opendolphin-server-modernized-dev  | 	at org.wildfly.security.elytron-base@2.5.2.Final//org.wildfly.security.auth.server.Scoped.runAsFunctionEx(Scoped.java:161)
opendolphin-server-modernized-dev  | 	at org.wildfly.security.elytron-base@2.5.2.Final//org.wildfly.security.auth.server.Scoped.runAs(Scoped.java:73)
opendolphin-server-modernized-dev  | 	at org.wildfly.security.elytron-web.undertow-server@4.1.0.Final//org.wildfly.elytron.web.undertow.server.ElytronRunAsHandler.handleRequest(ElytronRunAsHandler.java:67)
opendolphin-server-modernized-dev  | 	at io.undertow.servlet@2.3.17.Final//io.undertow.servlet.handlers.RedirectDirHandler.handleRequest(RedirectDirHandler.java:68)
opendolphin-server-modernized-dev  | 	at io.undertow.servlet@2.3.17.Final//io.undertow.servlet.handlers.security.SSLInformationAssociationHandler.handleRequest(SSLInformationAssociationHandler.java:117)
opendolphin-server-modernized-dev  | 	at io.undertow.servlet@2.3.17.Final//io.undertow.servlet.handlers.security.ServletAuthenticationCallHandler.handleRequest(ServletAuthenticationCallHandler.java:57)
opendolphin-server-modernized-dev  | 	at io.undertow.core@2.3.17.Final//io.undertow.server.handlers.PredicateHandler.handleRequest(PredicateHandler.java:43)
opendolphin-server-modernized-dev  | 	at io.undertow.core@2.3.17.Final//io.undertow.security.handlers.AbstractConfidentialityHandler.handleRequest(AbstractConfidentialityHandler.java:46)
opendolphin-server-modernized-dev  | 	at io.undertow.servlet@2.3.17.Final//io.undertow.servlet.handlers.security.ServletConfidentialityConstraintHandler.handleRequest(ServletConfidentialityConstraintHandler.java:64)
opendolphin-server-modernized-dev  | 	at io.undertow.core@2.3.17.Final//io.undertow.security.handlers.AbstractSecurityContextAssociationHandler.handleRequest(AbstractSecurityContextAssociationHandler.java:43)
opendolphin-server-modernized-dev  | 	at org.wildfly.security.elytron-web.undertow-server-servlet@4.1.0.Final//org.wildfly.elytron.web.undertow.server.servlet.CleanUpHandler.handleRequest(CleanUpHandler.java:38)
opendolphin-server-modernized-dev  | 	at io.undertow.core@2.3.17.Final//io.undertow.server.handlers.PredicateHandler.handleRequest(PredicateHandler.java:43)
opendolphin-server-modernized-dev  | 	at org.wildfly.extension.undertow@33.0.2.Final//org.wildfly.extension.undertow.security.jacc.JACCContextIdHandler.handleRequest(JACCContextIdHandler.java:44)
opendolphin-server-modernized-dev  | 	at io.undertow.core@2.3.17.Final//io.undertow.server.handlers.PredicateHandler.handleRequest(PredicateHandler.java:43)
opendolphin-server-modernized-dev  | 	at org.wildfly.extension.undertow@33.0.2.Final//org.wildfly.extension.undertow.deployment.GlobalRequestControllerHandler.handleRequest(GlobalRequestControllerHandler.java:51)
opendolphin-server-modernized-dev  | 	at io.undertow.servlet@2.3.17.Final//io.undertow.servlet.handlers.SendErrorPageHandler.handleRequest(SendErrorPageHandler.java:52)
opendolphin-server-modernized-dev  | 	at io.undertow.core@2.3.17.Final//io.undertow.server.handlers.PredicateHandler.handleRequest(PredicateHandler.java:43)
opendolphin-server-modernized-dev  | 	at io.undertow.core@2.3.17.Final//io.undertow.server.handlers.MetricsHandler.handleRequest(MetricsHandler.java:64)
opendolphin-server-modernized-dev  | 	at io.undertow.servlet@2.3.17.Final//io.undertow.servlet.core.MetricsChainHandler.handleRequest(MetricsChainHandler.java:59)
opendolphin-server-modernized-dev  | 	at io.undertow.servlet@2.3.17.Final//io.undertow.servlet.handlers.ServletInitialHandler.handleFirstRequest(ServletInitialHandler.java:276)
opendolphin-server-modernized-dev  | 	at io.undertow.servlet@2.3.17.Final//io.undertow.servlet.handlers.ServletInitialHandler$2.call(ServletInitialHandler.java:135)
opendolphin-server-modernized-dev  | 	at io.undertow.servlet@2.3.17.Final//io.undertow.servlet.handlers.ServletInitialHandler$2.call(ServletInitialHandler.java:132)
opendolphin-server-modernized-dev  | 	at io.undertow.servlet@2.3.17.Final//io.undertow.servlet.core.ServletRequestContextThreadSetupAction$1.call(ServletRequestContextThreadSetupAction.java:48)
opendolphin-server-modernized-dev  | 	at io.undertow.servlet@2.3.17.Final//io.undertow.servlet.core.ContextClassLoaderSetupAction$1.call(ContextClassLoaderSetupAction.java:43)
opendolphin-server-modernized-dev  | 	at org.wildfly.extension.undertow@33.0.2.Final//org.wildfly.extension.undertow.deployment.UndertowDeploymentInfoService$UndertowThreadSetupAction.lambda$create$0(UndertowDeploymentInfoService.java:1421)
opendolphin-server-modernized-dev  | 	at org.wildfly.extension.undertow@33.0.2.Final//org.wildfly.extension.undertow.deployment.UndertowDeploymentInfoService$UndertowThreadSetupAction.lambda$create$0(UndertowDeploymentInfoService.java:1421)
opendolphin-server-modernized-dev  | 	at org.wildfly.extension.undertow@33.0.2.Final//org.wildfly.extension.undertow.deployment.UndertowDeploymentInfoService$UndertowThreadSetupAction.lambda$create$0(UndertowDeploymentInfoService.java:1421)
opendolphin-server-modernized-dev  | 	at org.wildfly.extension.undertow@33.0.2.Final//org.wildfly.extension.undertow.deployment.UndertowDeploymentInfoService$UndertowThreadSetupAction.lambda$create$0(UndertowDeploymentInfoService.java:1421)
opendolphin-server-modernized-dev  | 	at org.wildfly.extension.undertow@33.0.2.Final//org.wildfly.extension.undertow.deployment.UndertowDeploymentInfoService$UndertowThreadSetupAction.lambda$create$0(UndertowDeploymentInfoService.java:1421)
opendolphin-server-modernized-dev  | 	at io.undertow.servlet@2.3.17.Final//io.undertow.servlet.handlers.ServletInitialHandler.dispatchRequest(ServletInitialHandler.java:256)
opendolphin-server-modernized-dev  | 	at io.undertow.servlet@2.3.17.Final//io.undertow.servlet.handlers.ServletInitialHandler$1.handleRequest(ServletInitialHandler.java:101)
opendolphin-server-modernized-dev  | 	at io.undertow.core@2.3.17.Final//io.undertow.server.Connectors.executeRootHandler(Connectors.java:395)
opendolphin-server-modernized-dev  | 	at io.undertow.core@2.3.17.Final//io.undertow.server.HttpServerExchange$1.run(HttpServerExchange.java:859)
opendolphin-server-modernized-dev  | 	at org.jboss.threads@2.4.0.Final//org.jboss.threads.ContextClassLoaderSavingRunnable.run(ContextClassLoaderSavingRunnable.java:35)
opendolphin-server-modernized-dev  | 	at org.jboss.threads@2.4.0.Final//org.jboss.threads.EnhancedQueueExecutor.safeRun(EnhancedQueueExecutor.java:1990)
opendolphin-server-modernized-dev  | 	at org.jboss.threads@2.4.0.Final//org.jboss.threads.EnhancedQueueExecutor$ThreadBody.doRunTask(EnhancedQueueExecutor.java:1486)
opendolphin-server-modernized-dev  | 	at org.jboss.threads@2.4.0.Final//org.jboss.threads.EnhancedQueueExecutor$ThreadBody.run(EnhancedQueueExecutor.java:1377)
opendolphin-server-modernized-dev  | 	at org.jboss.xnio@3.8.16.Final//org.xnio.XnioWorker$WorkerThreadFactory$1$1.run(XnioWorker.java:1282)
opendolphin-server-modernized-dev  | 	at java.base/java.lang.Thread.run(Thread.java:840)
opendolphin-server-modernized-dev  | Caused by: java.lang.IllegalArgumentException: org.hibernate.query.sqm.UnknownEntityException: Could not resolve root entity 'ObservationModel'
opendolphin-server-modernized-dev  | 	at org.hibernate@6.4.4.Final//org.hibernate.internal.ExceptionConverterImpl.convert(ExceptionConverterImpl.java:143)
opendolphin-server-modernized-dev  | 	at org.hibernate@6.4.4.Final//org.hibernate.internal.ExceptionConverterImpl.convert(ExceptionConverterImpl.java:167)
opendolphin-server-modernized-dev  | 	at org.hibernate@6.4.4.Final//org.hibernate.internal.ExceptionConverterImpl.convert(ExceptionConverterImpl.java:173)
opendolphin-server-modernized-dev  | 	at org.hibernate@6.4.4.Final//org.hibernate.internal.AbstractSharedSessionContract.createQuery(AbstractSharedSessionContract.java:848)
opendolphin-server-modernized-dev  | 	at org.hibernate@6.4.4.Final//org.hibernate.internal.AbstractSharedSessionContract.createQuery(AbstractSharedSessionContract.java:753)
opendolphin-server-modernized-dev  | 	at org.hibernate@6.4.4.Final//org.hibernate.internal.SessionImpl.createQuery(SessionImpl.java:198)
opendolphin-server-modernized-dev  | 	at org.jboss.as.jpa@33.0.2.Final//org.jboss.as.jpa.container.AbstractEntityManager.createQuery(AbstractEntityManager.java:431)
opendolphin-server-modernized-dev  | 	at deployment.opendolphin-server.war//open.dolphin.session.KarteServiceBean.getKarte(KarteServiceBean.java:284)
opendolphin-server-modernized-dev  | 	at deployment.opendolphin-server.war//open.dolphin.session.KarteServiceBean$Proxy$_$$_WeldSubclass.getKarte$$super(Unknown Source)
opendolphin-server-modernized-dev  | 	at java.base/jdk.internal.reflect.NativeMethodAccessorImpl.invoke0(Native Method)
opendolphin-server-modernized-dev  | 	at java.base/jdk.internal.reflect.NativeMethodAccessorImpl.invoke(NativeMethodAccessorImpl.java:77)
opendolphin-server-modernized-dev  | 	at java.base/jdk.internal.reflect.DelegatingMethodAccessorImpl.invoke(DelegatingMethodAccessorImpl.java:43)
opendolphin-server-modernized-dev  | 	at java.base/java.lang.reflect.Method.invoke(Method.java:569)
opendolphin-server-modernized-dev  | 	at org.jboss.weld.core@5.1.2.Final//org.jboss.weld.interceptor.proxy.TerminalAroundInvokeInvocationContext.proceedInternal(TerminalAroundInvokeInvocationContext.java:55)
opendolphin-server-modernized-dev  | 	at org.jboss.weld.core@5.1.2.Final//org.jboss.weld.interceptor.proxy.AroundInvokeInvocationContext.proceed(AroundInvokeInvocationContext.java:86)
opendolphin-server-modernized-dev  | 	at deployment.opendolphin-server.war//open.dolphin.session.framework.SessionOperationInterceptor.aroundInvoke(SessionOperationInterceptor.java:41)
opendolphin-server-modernized-dev  | 	... 101 more
opendolphin-server-modernized-dev  | Caused by: org.hibernate.query.sqm.UnknownEntityException: Could not resolve root entity 'ObservationModel'
opendolphin-server-modernized-dev  | 	at org.hibernate@6.4.4.Final//org.hibernate.query.hql.internal.SemanticQueryBuilder.resolveRootEntity(SemanticQueryBuilder.java:2013)
opendolphin-server-modernized-dev  | 	at org.hibernate@6.4.4.Final//org.hibernate.query.hql.internal.SemanticQueryBuilder.visitRootEntity(SemanticQueryBuilder.java:1944)
opendolphin-server-modernized-dev  | 	at org.hibernate@6.4.4.Final//org.hibernate.query.hql.internal.SemanticQueryBuilder.visitRootEntity(SemanticQueryBuilder.java:269)
opendolphin-server-modernized-dev  | 	at org.hibernate@6.4.4.Final//org.hibernate.grammars.hql.HqlParser$RootEntityContext.accept(HqlParser.java:2549)
opendolphin-server-modernized-dev  | 	at org.hibernate@6.4.4.Final//org.hibernate.query.hql.internal.SemanticQueryBuilder.visitEntityWithJoins(SemanticQueryBuilder.java:1914)
opendolphin-server-modernized-dev  | 	at org.hibernate@6.4.4.Final//org.hibernate.query.hql.internal.SemanticQueryBuilder.visitFromClause(SemanticQueryBuilder.java:1901)
opendolphin-server-modernized-dev  | 	at org.hibernate@6.4.4.Final//org.hibernate.query.hql.internal.SemanticQueryBuilder.visitQuery(SemanticQueryBuilder.java:1148)
opendolphin-server-modernized-dev  | 	at org.hibernate@6.4.4.Final//org.hibernate.query.hql.internal.SemanticQueryBuilder.visitQuerySpecExpression(SemanticQueryBuilder.java:941)
opendolphin-server-modernized-dev  | 	at org.hibernate@6.4.4.Final//org.hibernate.query.hql.internal.SemanticQueryBuilder.visitQuerySpecExpression(SemanticQueryBuilder.java:269)
opendolphin-server-modernized-dev  | 	at org.hibernate@6.4.4.Final//org.hibernate.grammars.hql.HqlParser$QuerySpecExpressionContext.accept(HqlParser.java:1869)
opendolphin-server-modernized-dev  | 	at org.hibernate@6.4.4.Final//org.hibernate.query.hql.internal.SemanticQueryBuilder.visitSimpleQueryGroup(SemanticQueryBuilder.java:926)
opendolphin-server-modernized-dev  | 	at org.hibernate@6.4.4.Final//org.hibernate.query.hql.internal.SemanticQueryBuilder.visitSimpleQueryGroup(SemanticQueryBuilder.java:269)
opendolphin-server-modernized-dev  | 	at org.hibernate@6.4.4.Final//org.hibernate.grammars.hql.HqlParser$SimpleQueryGroupContext.accept(HqlParser.java:1740)
opendolphin-server-modernized-dev  | 	at org.hibernate@6.4.4.Final//org.hibernate.query.hql.internal.SemanticQueryBuilder.visitSelectStatement(SemanticQueryBuilder.java:443)
opendolphin-server-modernized-dev  | 	at org.hibernate@6.4.4.Final//org.hibernate.query.hql.internal.SemanticQueryBuilder.visitStatement(SemanticQueryBuilder.java:402)
opendolphin-server-modernized-dev  | 	at org.hibernate@6.4.4.Final//org.hibernate.query.hql.internal.SemanticQueryBuilder.buildSemanticModel(SemanticQueryBuilder.java:311)
opendolphin-server-modernized-dev  | 	at org.hibernate@6.4.4.Final//org.hibernate.query.hql.internal.StandardHqlTranslator.translate(StandardHqlTranslator.java:71)
opendolphin-server-modernized-dev  | 	at org.hibernate@6.4.4.Final//org.hibernate.query.internal.QueryInterpretationCacheStandardImpl.createHqlInterpretation(QueryInterpretationCacheStandardImpl.java:165)
opendolphin-server-modernized-dev  | 	at org.hibernate@6.4.4.Final//org.hibernate.query.internal.QueryInterpretationCacheStandardImpl.resolveHqlInterpretation(QueryInterpretationCacheStandardImpl.java:147)
opendolphin-server-modernized-dev  | 	at org.hibernate@6.4.4.Final//org.hibernate.internal.AbstractSharedSessionContract.interpretHql(AbstractSharedSessionContract.java:790)
opendolphin-server-modernized-dev  | 	at org.hibernate@6.4.4.Final//org.hibernate.internal.AbstractSharedSessionContract.createQuery(AbstractSharedSessionContract.java:840)
opendolphin-server-modernized-dev  | 	... 113 more
opendolphin-server-modernized-dev  | 
opendolphin-server-modernized-dev  | [0m[31m09:19:50,510 ERROR [org.jboss.resteasy.core.providerfactory.DefaultExceptionMapper] (default task-1) RESTEASY002375: Error processing request GET /openDolphin/resources/karte/2,2000-01-01 00:00:00 - open.dolphin.rest.KarteResource.getKarte: open.dolphin.session.framework.SessionServiceException: Session layer failure in open.dolphin.session.KarteServiceBean$Proxy$_$$_WeldSubclass#getKarte
opendolphin-server-modernized-dev  | 	at deployment.opendolphin-server.war//open.dolphin.session.framework.SessionOperationInterceptor.wrapException(SessionOperationInterceptor.java:60)
opendolphin-server-modernized-dev  | 	at deployment.opendolphin-server.war//open.dolphin.session.framework.SessionOperationInterceptor.aroundInvoke(SessionOperationInterceptor.java:45)
opendolphin-server-modernized-dev  | 	at jdk.internal.reflect.GeneratedMethodAccessor43.invoke(Unknown Source)
opendolphin-server-modernized-dev  | 	at java.base/jdk.internal.reflect.DelegatingMethodAccessorImpl.invoke(DelegatingMethodAccessorImpl.java:43)
opendolphin-server-modernized-dev  | 	at java.base/java.lang.reflect.Method.invoke(Method.java:569)
opendolphin-server-modernized-dev  | 	at org.jboss.weld.core@5.1.2.Final//org.jboss.weld.interceptor.reader.SimpleInterceptorInvocation$SimpleMethodInvocation.invoke(SimpleInterceptorInvocation.java:75)
opendolphin-server-modernized-dev  | 	at org.jboss.weld.core@5.1.2.Final//org.jboss.weld.interceptor.proxy.NonTerminalAroundInvokeInvocationContext.proceedInternal(NonTerminalAroundInvokeInvocationContext.java:72)
opendolphin-server-modernized-dev  | 	at org.jboss.weld.core@5.1.2.Final//org.jboss.weld.interceptor.proxy.AroundInvokeInvocationContext.proceed(AroundInvokeInvocationContext.java:86)
opendolphin-server-modernized-dev  | 	at org.jboss.jts//com.arjuna.ats.jta.cdi.transactional.TransactionalInterceptorBase.invokeInOurTx(TransactionalInterceptorBase.java:181)
opendolphin-server-modernized-dev  | 	at org.jboss.jts//com.arjuna.ats.jta.cdi.transactional.TransactionalInterceptorBase.invokeInOurTx(TransactionalInterceptorBase.java:169)
opendolphin-server-modernized-dev  | 	at org.jboss.jts//com.arjuna.ats.jta.cdi.transactional.TransactionalInterceptorRequired.doIntercept(TransactionalInterceptorRequired.java:37)
opendolphin-server-modernized-dev  | 	at org.jboss.jts//com.arjuna.ats.jta.cdi.transactional.TransactionalInterceptorBase.intercept(TransactionalInterceptorBase.java:74)
opendolphin-server-modernized-dev  | 	at org.jboss.jts//com.arjuna.ats.jta.cdi.transactional.TransactionalInterceptorRequired.intercept(TransactionalInterceptorRequired.java:31)
opendolphin-server-modernized-dev  | 	at jdk.internal.reflect.GeneratedMethodAccessor68.invoke(Unknown Source)
opendolphin-server-modernized-dev  | 	at java.base/jdk.internal.reflect.DelegatingMethodAccessorImpl.invoke(DelegatingMethodAccessorImpl.java:43)
opendolphin-server-modernized-dev  | 	at java.base/java.lang.reflect.Method.invoke(Method.java:569)
opendolphin-server-modernized-dev  | 	at org.jboss.weld.core@5.1.2.Final//org.jboss.weld.interceptor.reader.SimpleInterceptorInvocation$SimpleMethodInvocation.invoke(SimpleInterceptorInvocation.java:75)
opendolphin-server-modernized-dev  | 	at org.jboss.weld.core@5.1.2.Final//org.jboss.weld.interceptor.proxy.InterceptorMethodHandler.executeAroundInvoke(InterceptorMethodHandler.java:90)
opendolphin-server-modernized-dev  | 	at org.jboss.weld.core@5.1.2.Final//org.jboss.weld.interceptor.proxy.InterceptorMethodHandler.executeInterception(InterceptorMethodHandler.java:73)
opendolphin-server-modernized-dev  | 	at org.jboss.weld.core@5.1.2.Final//org.jboss.weld.interceptor.proxy.InterceptorMethodHandler.invoke(InterceptorMethodHandler.java:56)
opendolphin-server-modernized-dev  | 	at org.jboss.weld.core@5.1.2.Final//org.jboss.weld.bean.proxy.CombinedInterceptorAndDecoratorStackMethodHandler.invoke(CombinedInterceptorAndDecoratorStackMethodHandler.java:80)
opendolphin-server-modernized-dev  | 	at org.jboss.weld.core@5.1.2.Final//org.jboss.weld.bean.proxy.CombinedInterceptorAndDecoratorStackMethodHandler.invoke(CombinedInterceptorAndDecoratorStackMethodHandler.java:68)
opendolphin-server-modernized-dev  | 	at deployment.opendolphin-server.war//open.dolphin.session.KarteServiceBean$Proxy$_$$_WeldSubclass.getKarte(Unknown Source)
opendolphin-server-modernized-dev  | 	at deployment.opendolphin-server.war//open.dolphin.session.KarteServiceBean$Proxy$_$$_WeldClientProxy.getKarte(Unknown Source)
opendolphin-server-modernized-dev  | 	at deployment.opendolphin-server.war//open.dolphin.rest.KarteResource.getKarte(KarteResource.java:70)
opendolphin-server-modernized-dev  | 	at deployment.opendolphin-server.war//open.dolphin.rest.KarteResource$Proxy$_$$_WeldClientProxy.getKarte(Unknown Source)
opendolphin-server-modernized-dev  | 	at java.base/jdk.internal.reflect.NativeMethodAccessorImpl.invoke0(Native Method)
opendolphin-server-modernized-dev  | 	at java.base/jdk.internal.reflect.NativeMethodAccessorImpl.invoke(NativeMethodAccessorImpl.java:77)
opendolphin-server-modernized-dev  | 	at java.base/jdk.internal.reflect.DelegatingMethodAccessorImpl.invoke(DelegatingMethodAccessorImpl.java:43)
opendolphin-server-modernized-dev  | 	at java.base/java.lang.reflect.Method.invoke(Method.java:569)
opendolphin-server-modernized-dev  | 	at org.jboss.resteasy.resteasy-core@6.2.10.Final//org.jboss.resteasy.core.MethodInjectorImpl.invoke(MethodInjectorImpl.java:154)
opendolphin-server-modernized-dev  | 	at org.jboss.resteasy.resteasy-core@6.2.10.Final//org.jboss.resteasy.core.MethodInjectorImpl.invoke(MethodInjectorImpl.java:118)
opendolphin-server-modernized-dev  | 	at org.jboss.resteasy.resteasy-core@6.2.10.Final//org.jboss.resteasy.core.ResourceMethodInvoker.internalInvokeOnTarget(ResourceMethodInvoker.java:560)
opendolphin-server-modernized-dev  | 	at org.jboss.resteasy.resteasy-core@6.2.10.Final//org.jboss.resteasy.core.ResourceMethodInvoker.invokeOnTargetAfterFilter(ResourceMethodInvoker.java:452)
opendolphin-server-modernized-dev  | 	at org.jboss.resteasy.resteasy-core@6.2.10.Final//org.jboss.resteasy.core.ResourceMethodInvoker.lambda$invokeOnTarget$2(ResourceMethodInvoker.java:413)
opendolphin-server-modernized-dev  | 	at org.jboss.resteasy.resteasy-core@6.2.10.Final//org.jboss.resteasy.core.interception.jaxrs.PreMatchContainerRequestContext.filter(PreMatchContainerRequestContext.java:321)
opendolphin-server-modernized-dev  | 	at org.jboss.resteasy.resteasy-core@6.2.10.Final//org.jboss.resteasy.core.ResourceMethodInvoker.invokeOnTarget(ResourceMethodInvoker.java:415)
opendolphin-server-modernized-dev  | 	at org.jboss.resteasy.resteasy-core@6.2.10.Final//org.jboss.resteasy.core.ResourceMethodInvoker.invoke(ResourceMethodInvoker.java:378)
opendolphin-server-modernized-dev  | 	at org.jboss.resteasy.resteasy-core@6.2.10.Final//org.jboss.resteasy.core.ResourceMethodInvoker.invoke(ResourceMethodInvoker.java:356)
opendolphin-server-modernized-dev  | 	at org.jboss.resteasy.resteasy-core@6.2.10.Final//org.jboss.resteasy.core.ResourceMethodInvoker.invoke(ResourceMethodInvoker.java:70)
opendolphin-server-modernized-dev  | 	at org.jboss.resteasy.resteasy-core@6.2.10.Final//org.jboss.resteasy.core.SynchronousDispatcher.invoke(SynchronousDispatcher.java:429)
opendolphin-server-modernized-dev  | 	at org.jboss.resteasy.resteasy-core@6.2.10.Final//org.jboss.resteasy.core.SynchronousDispatcher.lambda$invoke$4(SynchronousDispatcher.java:240)
opendolphin-server-modernized-dev  | 	at org.jboss.resteasy.resteasy-core@6.2.10.Final//org.jboss.resteasy.core.SynchronousDispatcher.lambda$preprocess$0(SynchronousDispatcher.java:154)
opendolphin-server-modernized-dev  | 	at org.jboss.resteasy.resteasy-core@6.2.10.Final//org.jboss.resteasy.core.interception.jaxrs.PreMatchContainerRequestContext.filter(PreMatchContainerRequestContext.java:321)
opendolphin-server-modernized-dev  | 	at org.jboss.resteasy.resteasy-core@6.2.10.Final//org.jboss.resteasy.core.SynchronousDispatcher.preprocess(SynchronousDispatcher.java:157)
opendolphin-server-modernized-dev  | 	at org.jboss.resteasy.resteasy-core@6.2.10.Final//org.jboss.resteasy.core.SynchronousDispatcher.invoke(SynchronousDispatcher.java:229)
opendolphin-server-modernized-dev  | 	at org.jboss.resteasy.resteasy-core@6.2.10.Final//org.jboss.resteasy.plugins.server.servlet.ServletContainerDispatcher.service(ServletContainerDispatcher.java:222)
opendolphin-server-modernized-dev  | 	at org.jboss.resteasy.resteasy-core@6.2.10.Final//org.jboss.resteasy.plugins.server.servlet.HttpServletDispatcher.service(HttpServletDispatcher.java:55)
opendolphin-server-modernized-dev  | 	at org.jboss.resteasy.resteasy-core@6.2.10.Final//org.jboss.resteasy.plugins.server.servlet.HttpServletDispatcher.service(HttpServletDispatcher.java:51)
opendolphin-server-modernized-dev  | 	at jakarta.servlet.api@6.0.0//jakarta.servlet.http.HttpServlet.service(HttpServlet.java:614)
opendolphin-server-modernized-dev  | 	at io.undertow.servlet@2.3.17.Final//io.undertow.servlet.handlers.ServletHandler.handleRequest(ServletHandler.java:74)
opendolphin-server-modernized-dev  | 	at io.undertow.servlet@2.3.17.Final//io.undertow.servlet.handlers.FilterHandler$FilterChainImpl.doFilter(FilterHandler.java:129)
opendolphin-server-modernized-dev  | 	at deployment.opendolphin-server.war//open.dolphin.rest.LogFilter.doFilter(LogFilter.java:144)
opendolphin-server-modernized-dev  | 	at io.undertow.servlet@2.3.17.Final//io.undertow.servlet.core.ManagedFilter.doFilter(ManagedFilter.java:67)
opendolphin-server-modernized-dev  | 	at io.undertow.servlet@2.3.17.Final//io.undertow.servlet.handlers.FilterHandler$FilterChainImpl.doFilter(FilterHandler.java:131)
opendolphin-server-modernized-dev  | 	at deployment.opendolphin-server.war//open.dolphin.rest.LogFilter.doFilter(LogFilter.java:144)
opendolphin-server-modernized-dev  | 	at io.undertow.servlet@2.3.17.Final//io.undertow.servlet.core.ManagedFilter.doFilter(ManagedFilter.java:67)
opendolphin-server-modernized-dev  | 	at io.undertow.servlet@2.3.17.Final//io.undertow.servlet.handlers.FilterHandler$FilterChainImpl.doFilter(FilterHandler.java:131)
opendolphin-server-modernized-dev  | 	at io.undertow.servlet@2.3.17.Final//io.undertow.servlet.handlers.FilterHandler.handleRequest(FilterHandler.java:84)
opendolphin-server-modernized-dev  | 	at io.undertow.servlet@2.3.17.Final//io.undertow.servlet.handlers.security.ServletSecurityRoleHandler.handleRequest(ServletSecurityRoleHandler.java:62)
opendolphin-server-modernized-dev  | 	at io.undertow.servlet@2.3.17.Final//io.undertow.servlet.handlers.ServletChain$1.handleRequest(ServletChain.java:68)
opendolphin-server-modernized-dev  | 	at io.undertow.servlet@2.3.17.Final//io.undertow.servlet.handlers.ServletDispatchingHandler.handleRequest(ServletDispatchingHandler.java:36)
opendolphin-server-modernized-dev  | 	at org.wildfly.security.elytron-web.undertow-server@4.1.0.Final//org.wildfly.elytron.web.undertow.server.ElytronRunAsHandler.lambda$handleRequest$1(ElytronRunAsHandler.java:68)
opendolphin-server-modernized-dev  | 	at org.wildfly.security.elytron-base@2.5.2.Final//org.wildfly.security.auth.server.FlexibleIdentityAssociation.runAsFunctionEx(FlexibleIdentityAssociation.java:103)
opendolphin-server-modernized-dev  | 	at org.wildfly.security.elytron-base@2.5.2.Final//org.wildfly.security.auth.server.Scoped.runAsFunctionEx(Scoped.java:161)
opendolphin-server-modernized-dev  | 	at org.wildfly.security.elytron-base@2.5.2.Final//org.wildfly.security.auth.server.Scoped.runAs(Scoped.java:73)
opendolphin-server-modernized-dev  | 	at org.wildfly.security.elytron-web.undertow-server@4.1.0.Final//org.wildfly.elytron.web.undertow.server.ElytronRunAsHandler.handleRequest(ElytronRunAsHandler.java:67)
opendolphin-server-modernized-dev  | 	at io.undertow.servlet@2.3.17.Final//io.undertow.servlet.handlers.RedirectDirHandler.handleRequest(RedirectDirHandler.java:68)
opendolphin-server-modernized-dev  | 	at io.undertow.servlet@2.3.17.Final//io.undertow.servlet.handlers.security.SSLInformationAssociationHandler.handleRequest(SSLInformationAssociationHandler.java:117)
opendolphin-server-modernized-dev  | 	at io.undertow.servlet@2.3.17.Final//io.undertow.servlet.handlers.security.ServletAuthenticationCallHandler.handleRequest(ServletAuthenticationCallHandler.java:57)
opendolphin-server-modernized-dev  | 	at io.undertow.core@2.3.17.Final//io.undertow.server.handlers.PredicateHandler.handleRequest(PredicateHandler.java:43)
opendolphin-server-modernized-dev  | 	at io.undertow.core@2.3.17.Final//io.undertow.security.handlers.AbstractConfidentialityHandler.handleRequest(AbstractConfidentialityHandler.java:46)
opendolphin-server-modernized-dev  | 	at io.undertow.servlet@2.3.17.Final//io.undertow.servlet.handlers.security.ServletConfidentialityConstraintHandler.handleRequest(ServletConfidentialityConstraintHandler.java:64)
opendolphin-server-modernized-dev  | 	at io.undertow.core@2.3.17.Final//io.undertow.security.handlers.AbstractSecurityContextAssociationHandler.handleRequest(AbstractSecurityContextAssociationHandler.java:43)
opendolphin-server-modernized-dev  | 	at org.wildfly.security.elytron-web.undertow-server-servlet@4.1.0.Final//org.wildfly.elytron.web.undertow.server.servlet.CleanUpHandler.handleRequest(CleanUpHandler.java:38)
opendolphin-server-modernized-dev  | 	at io.undertow.core@2.3.17.Final//io.undertow.server.handlers.PredicateHandler.handleRequest(PredicateHandler.java:43)
opendolphin-server-modernized-dev  | 	at org.wildfly.extension.undertow@33.0.2.Final//org.wildfly.extension.undertow.security.jacc.JACCContextIdHandler.handleRequest(JACCContextIdHandler.java:44)
opendolphin-server-modernized-dev  | 	at io.undertow.core@2.3.17.Final//io.undertow.server.handlers.PredicateHandler.handleRequest(PredicateHandler.java:43)
opendolphin-server-modernized-dev  | 	at org.wildfly.extension.undertow@33.0.2.Final//org.wildfly.extension.undertow.deployment.GlobalRequestControllerHandler.handleRequest(GlobalRequestControllerHandler.java:51)
opendolphin-server-modernized-dev  | 	at io.undertow.servlet@2.3.17.Final//io.undertow.servlet.handlers.SendErrorPageHandler.handleRequest(SendErrorPageHandler.java:52)
opendolphin-server-modernized-dev  | 	at io.undertow.core@2.3.17.Final//io.undertow.server.handlers.PredicateHandler.handleRequest(PredicateHandler.java:43)
opendolphin-server-modernized-dev  | 	at io.undertow.core@2.3.17.Final//io.undertow.server.handlers.MetricsHandler.handleRequest(MetricsHandler.java:64)
opendolphin-server-modernized-dev  | 	at io.undertow.servlet@2.3.17.Final//io.undertow.servlet.core.MetricsChainHandler.handleRequest(MetricsChainHandler.java:59)
opendolphin-server-modernized-dev  | 	at io.undertow.servlet@2.3.17.Final//io.undertow.servlet.handlers.ServletInitialHandler.handleFirstRequest(ServletInitialHandler.java:276)
opendolphin-server-modernized-dev  | 	at io.undertow.servlet@2.3.17.Final//io.undertow.servlet.handlers.ServletInitialHandler$2.call(ServletInitialHandler.java:135)
opendolphin-server-modernized-dev  | 	at io.undertow.servlet@2.3.17.Final//io.undertow.servlet.handlers.ServletInitialHandler$2.call(ServletInitialHandler.java:132)
opendolphin-server-modernized-dev  | 	at io.undertow.servlet@2.3.17.Final//io.undertow.servlet.core.ServletRequestContextThreadSetupAction$1.call(ServletRequestContextThreadSetupAction.java:48)
opendolphin-server-modernized-dev  | 	at io.undertow.servlet@2.3.17.Final//io.undertow.servlet.core.ContextClassLoaderSetupAction$1.call(ContextClassLoaderSetupAction.java:43)
opendolphin-server-modernized-dev  | 	at org.wildfly.extension.undertow@33.0.2.Final//org.wildfly.extension.undertow.deployment.UndertowDeploymentInfoService$UndertowThreadSetupAction.lambda$create$0(UndertowDeploymentInfoService.java:1421)
opendolphin-server-modernized-dev  | 	at org.wildfly.extension.undertow@33.0.2.Final//org.wildfly.extension.undertow.deployment.UndertowDeploymentInfoService$UndertowThreadSetupAction.lambda$create$0(UndertowDeploymentInfoService.java:1421)
opendolphin-server-modernized-dev  | 	at org.wildfly.extension.undertow@33.0.2.Final//org.wildfly.extension.undertow.deployment.UndertowDeploymentInfoService$UndertowThreadSetupAction.lambda$create$0(UndertowDeploymentInfoService.java:1421)
opendolphin-server-modernized-dev  | 	at org.wildfly.extension.undertow@33.0.2.Final//org.wildfly.extension.undertow.deployment.UndertowDeploymentInfoService$UndertowThreadSetupAction.lambda$create$0(UndertowDeploymentInfoService.java:1421)
opendolphin-server-modernized-dev  | 	at org.wildfly.extension.undertow@33.0.2.Final//org.wildfly.extension.undertow.deployment.UndertowDeploymentInfoService$UndertowThreadSetupAction.lambda$create$0(UndertowDeploymentInfoService.java:1421)
opendolphin-server-modernized-dev  | 	at io.undertow.servlet@2.3.17.Final//io.undertow.servlet.handlers.ServletInitialHandler.dispatchRequest(ServletInitialHandler.java:256)
opendolphin-server-modernized-dev  | 	at io.undertow.servlet@2.3.17.Final//io.undertow.servlet.handlers.ServletInitialHandler$1.handleRequest(ServletInitialHandler.java:101)
opendolphin-server-modernized-dev  | 	at io.undertow.core@2.3.17.Final//io.undertow.server.Connectors.executeRootHandler(Connectors.java:395)
opendolphin-server-modernized-dev  | 	at io.undertow.core@2.3.17.Final//io.undertow.server.HttpServerExchange$1.run(HttpServerExchange.java:859)
opendolphin-server-modernized-dev  | 	at org.jboss.threads@2.4.0.Final//org.jboss.threads.ContextClassLoaderSavingRunnable.run(ContextClassLoaderSavingRunnable.java:35)
opendolphin-server-modernized-dev  | 	at org.jboss.threads@2.4.0.Final//org.jboss.threads.EnhancedQueueExecutor.safeRun(EnhancedQueueExecutor.java:1990)
opendolphin-server-modernized-dev  | 	at org.jboss.threads@2.4.0.Final//org.jboss.threads.EnhancedQueueExecutor$ThreadBody.doRunTask(EnhancedQueueExecutor.java:1486)
opendolphin-server-modernized-dev  | 	at org.jboss.threads@2.4.0.Final//org.jboss.threads.EnhancedQueueExecutor$ThreadBody.run(EnhancedQueueExecutor.java:1377)
opendolphin-server-modernized-dev  | 	at org.jboss.xnio@3.8.16.Final//org.xnio.XnioWorker$WorkerThreadFactory$1$1.run(XnioWorker.java:1282)
opendolphin-server-modernized-dev  | 	at java.base/java.lang.Thread.run(Thread.java:840)
opendolphin-server-modernized-dev  | Caused by: java.lang.IllegalArgumentException: org.hibernate.query.sqm.UnknownEntityException: Could not resolve root entity 'ObservationModel'
opendolphin-server-modernized-dev  | 	at org.hibernate@6.4.4.Final//org.hibernate.internal.ExceptionConverterImpl.convert(ExceptionConverterImpl.java:143)
opendolphin-server-modernized-dev  | 	at org.hibernate@6.4.4.Final//org.hibernate.internal.ExceptionConverterImpl.convert(ExceptionConverterImpl.java:167)
opendolphin-server-modernized-dev  | 	at org.hibernate@6.4.4.Final//org.hibernate.internal.ExceptionConverterImpl.convert(ExceptionConverterImpl.java:173)
opendolphin-server-modernized-dev  | 	at org.hibernate@6.4.4.Final//org.hibernate.internal.AbstractSharedSessionContract.createQuery(AbstractSharedSessionContract.java:848)
opendolphin-server-modernized-dev  | 	at org.hibernate@6.4.4.Final//org.hibernate.internal.AbstractSharedSessionContract.createQuery(AbstractSharedSessionContract.java:753)
opendolphin-server-modernized-dev  | 	at org.hibernate@6.4.4.Final//org.hibernate.internal.SessionImpl.createQuery(SessionImpl.java:198)
opendolphin-server-modernized-dev  | 	at org.jboss.as.jpa@33.0.2.Final//org.jboss.as.jpa.container.AbstractEntityManager.createQuery(AbstractEntityManager.java:431)
opendolphin-server-modernized-dev  | 	at deployment.opendolphin-server.war//open.dolphin.session.KarteServiceBean.getKarte(KarteServiceBean.java:284)
opendolphin-server-modernized-dev  | 	at deployment.opendolphin-server.war//open.dolphin.session.KarteServiceBean$Proxy$_$$_WeldSubclass.getKarte$$super(Unknown Source)
opendolphin-server-modernized-dev  | 	at java.base/jdk.internal.reflect.NativeMethodAccessorImpl.invoke0(Native Method)
opendolphin-server-modernized-dev  | 	at java.base/jdk.internal.reflect.NativeMethodAccessorImpl.invoke(NativeMethodAccessorImpl.java:77)
opendolphin-server-modernized-dev  | 	at java.base/jdk.internal.reflect.DelegatingMethodAccessorImpl.invoke(DelegatingMethodAccessorImpl.java:43)
opendolphin-server-modernized-dev  | 	at java.base/java.lang.reflect.Method.invoke(Method.java:569)
opendolphin-server-modernized-dev  | 	at org.jboss.weld.core@5.1.2.Final//org.jboss.weld.interceptor.proxy.TerminalAroundInvokeInvocationContext.proceedInternal(TerminalAroundInvokeInvocationContext.java:55)
opendolphin-server-modernized-dev  | 	at org.jboss.weld.core@5.1.2.Final//org.jboss.weld.interceptor.proxy.AroundInvokeInvocationContext.proceed(AroundInvokeInvocationContext.java:86)
opendolphin-server-modernized-dev  | 	at deployment.opendolphin-server.war//open.dolphin.session.framework.SessionOperationInterceptor.aroundInvoke(SessionOperationInterceptor.java:41)
opendolphin-server-modernized-dev  | 	... 101 more
opendolphin-server-modernized-dev  | Caused by: org.hibernate.query.sqm.UnknownEntityException: Could not resolve root entity 'ObservationModel'
opendolphin-server-modernized-dev  | 	at org.hibernate@6.4.4.Final//org.hibernate.query.hql.internal.SemanticQueryBuilder.resolveRootEntity(SemanticQueryBuilder.java:2013)
opendolphin-server-modernized-dev  | 	at org.hibernate@6.4.4.Final//org.hibernate.query.hql.internal.SemanticQueryBuilder.visitRootEntity(SemanticQueryBuilder.java:1944)
opendolphin-server-modernized-dev  | 	at org.hibernate@6.4.4.Final//org.hibernate.query.hql.internal.SemanticQueryBuilder.visitRootEntity(SemanticQueryBuilder.java:269)
opendolphin-server-modernized-dev  | 	at org.hibernate@6.4.4.Final//org.hibernate.grammars.hql.HqlParser$RootEntityContext.accept(HqlParser.java:2549)
opendolphin-server-modernized-dev  | 	at org.hibernate@6.4.4.Final//org.hibernate.query.hql.internal.SemanticQueryBuilder.visitEntityWithJoins(SemanticQueryBuilder.java:1914)
opendolphin-server-modernized-dev  | 	at org.hibernate@6.4.4.Final//org.hibernate.query.hql.internal.SemanticQueryBuilder.visitFromClause(SemanticQueryBuilder.java:1901)
opendolphin-server-modernized-dev  | 	at org.hibernate@6.4.4.Final//org.hibernate.query.hql.internal.SemanticQueryBuilder.visitQuery(SemanticQueryBuilder.java:1148)
opendolphin-server-modernized-dev  | 	at org.hibernate@6.4.4.Final//org.hibernate.query.hql.internal.SemanticQueryBuilder.visitQuerySpecExpression(SemanticQueryBuilder.java:941)
opendolphin-server-modernized-dev  | 	at org.hibernate@6.4.4.Final//org.hibernate.query.hql.internal.SemanticQueryBuilder.visitQuerySpecExpression(SemanticQueryBuilder.java:269)
opendolphin-server-modernized-dev  | 	at org.hibernate@6.4.4.Final//org.hibernate.grammars.hql.HqlParser$QuerySpecExpressionContext.accept(HqlParser.java:1869)
opendolphin-server-modernized-dev  | 	at org.hibernate@6.4.4.Final//org.hibernate.query.hql.internal.SemanticQueryBuilder.visitSimpleQueryGroup(SemanticQueryBuilder.java:926)
opendolphin-server-modernized-dev  | 	at org.hibernate@6.4.4.Final//org.hibernate.query.hql.internal.SemanticQueryBuilder.visitSimpleQueryGroup(SemanticQueryBuilder.java:269)
opendolphin-server-modernized-dev  | 	at org.hibernate@6.4.4.Final//org.hibernate.grammars.hql.HqlParser$SimpleQueryGroupContext.accept(HqlParser.java:1740)
opendolphin-server-modernized-dev  | 	at org.hibernate@6.4.4.Final//org.hibernate.query.hql.internal.SemanticQueryBuilder.visitSelectStatement(SemanticQueryBuilder.java:443)
opendolphin-server-modernized-dev  | 	at org.hibernate@6.4.4.Final//org.hibernate.query.hql.internal.SemanticQueryBuilder.visitStatement(SemanticQueryBuilder.java:402)
opendolphin-server-modernized-dev  | 	at org.hibernate@6.4.4.Final//org.hibernate.query.hql.internal.SemanticQueryBuilder.buildSemanticModel(SemanticQueryBuilder.java:311)
opendolphin-server-modernized-dev  | 	at org.hibernate@6.4.4.Final//org.hibernate.query.hql.internal.StandardHqlTranslator.translate(StandardHqlTranslator.java:71)
opendolphin-server-modernized-dev  | 	at org.hibernate@6.4.4.Final//org.hibernate.query.internal.QueryInterpretationCacheStandardImpl.createHqlInterpretation(QueryInterpretationCacheStandardImpl.java:165)
opendolphin-server-modernized-dev  | 	at org.hibernate@6.4.4.Final//org.hibernate.query.internal.QueryInterpretationCacheStandardImpl.resolveHqlInterpretation(QueryInterpretationCacheStandardImpl.java:147)
opendolphin-server-modernized-dev  | 	at org.hibernate@6.4.4.Final//org.hibernate.internal.AbstractSharedSessionContract.interpretHql(AbstractSharedSessionContract.java:790)
opendolphin-server-modernized-dev  | 	at org.hibernate@6.4.4.Final//org.hibernate.internal.AbstractSharedSessionContract.createQuery(AbstractSharedSessionContract.java:840)
opendolphin-server-modernized-dev  | 	... 113 more
opendolphin-server-modernized-dev  | 
opendolphin-server-modernized-dev  | [0m[0m09:20:03,050 INFO  [open.dolphin] (default task-1) 127.0.0.1 dolphin GET /dolphin traceId=0827da50-93ab-4966-b473-a6a47c5e6541
opendolphin-server-modernized-dev  | [0m[0m09:20:03,051 INFO  [open.dolphin] (default task-1) 127.0.0.1 dolphin GET /dolphin traceId=591d352a-a7b1-44d7-912e-350729ae775e
