Connecting to 172.192.77.103
depth=2 C=GB, O=Sectigo Limited, CN=Sectigo Public Server Authentication Root R46
verify return:1
depth=1 C=GB, O=Sectigo Limited, CN=Sectigo Public Server Authentication CA OV R36
verify return:1
depth=0 C=JP, ST=Tokyo, O=ORCA Management Organization Co., Ltd., CN=*.orca.med.or.jp
verify return:1
CONNECTED(00000005)
---
Certificate chain
 0 s:C=JP, ST=Tokyo, O=ORCA Management Organization Co., Ltd., CN=*.orca.med.or.jp
   i:C=GB, O=Sectigo Limited, CN=Sectigo Public Server Authentication CA OV R36
   a:PKEY: RSA, 2048 (bit); sigalg: sha384WithRSAEncryption
   v:NotBefore: May 21 00:00:00 2025 GMT; NotAfter: Jun 21 23:59:59 2026 GMT
 1 s:C=GB, O=Sectigo Limited, CN=Sectigo Public Server Authentication CA OV R36
   i:C=GB, O=Sectigo Limited, CN=Sectigo Public Server Authentication Root R46
   a:PKEY: RSA, 3072 (bit); sigalg: sha384WithRSAEncryption
   v:NotBefore: Mar 22 00:00:00 2021 GMT; NotAfter: Mar 21 23:59:59 2036 GMT
 2 s:C=GB, O=Sectigo Limited, CN=Sectigo Public Server Authentication Root R46
   i:C=US, ST=New Jersey, L=Jersey City, O=The USERTRUST Network, CN=USERTrust RSA Certification Authority
   a:PKEY: RSA, 4096 (bit); sigalg: sha384WithRSAEncryption
   v:NotBefore: Mar 22 00:00:00 2021 GMT; NotAfter: Jan 18 23:59:59 2038 GMT
---
Server certificate
-----BEGIN CERTIFICATE-----
MIIHLzCCBZegAwIBAgIQXLrFzlykvjetxhPhxkzl8jANBgkqhkiG9w0BAQwFADBg
MQswCQYDVQQGEwJHQjEYMBYGA1UEChMPU2VjdGlnbyBMaW1pdGVkMTcwNQYDVQQD
Ey5TZWN0aWdvIFB1YmxpYyBTZXJ2ZXIgQXV0aGVudGljYXRpb24gQ0EgT1YgUjM2
MB4XDTI1MDUyMTAwMDAwMFoXDTI2MDYyMTIzNTk1OVowaTELMAkGA1UEBhMCSlAx
DjAMBgNVBAgTBVRva3lvMS8wLQYDVQQKEyZPUkNBIE1hbmFnZW1lbnQgT3JnYW5p
emF0aW9uIENvLiwgTHRkLjEZMBcGA1UEAwwQKi5vcmNhLm1lZC5vci5qcDCCASIw
DQYJKoZIhvcNAQEBBQADggEPADCCAQoCggEBALw/nWAnc8LPN3iyM2qnE1IwV+lC
hRXwvKNxWKnpo3fiU4gLqCr/CHhjHapGFY88AgvCQFyG0Dgp7UJZWYZIus8GBIlt
i5QIhfXhh2TdzLx6sY8lrMaexI2Ei94KqFDsB9Wu+Mx+cSmzPtIoDzwE96A+F82i
m+2j6rvua/t5YfHVD6Kj1S5dIQzzop4LA4Gz7HFSFibiLA7/lXJleQRjtQCXn5vS
UitVAQ6Aw5/VGNRy0lHb7pVy6qVF4z/sThs7LLKsA/tz866Xwom+6iULs/7igBcr
7PhAx6wSa7ezX74K0weCcwvqQFy59gbf1/885unWgK6gYtRng8zNNCyG2XcCAwEA
AaOCA1owggNWMB8GA1UdIwQYMBaAFONmdLtwaI0sXU4OpkqPmzcinIKSMB0GA1Ud
DgQWBBRBDlYd+oKy7Vc8T0nTGGqivwGkFjAOBgNVHQ8BAf8EBAMCBaAwDAYDVR0T
AQH/BAIwADAdBgNVHSUEFjAUBggrBgEFBQcDAQYIKwYBBQUHAwIwSgYDVR0gBEMw
QTA1BgwrBgEEAbIxAQIBAwQwJTAjBggrBgEFBQcCARYXaHR0cHM6Ly9zZWN0aWdv
LmNvbS9DUFMwCAYGZ4EMAQICMFQGA1UdHwRNMEswSaBHoEWGQ2h0dHA6Ly9jcmwu
c2VjdGlnby5jb20vU2VjdGlnb1B1YmxpY1NlcnZlckF1dGhlbnRpY2F0aW9uQ0FP
VlIzNi5jcmwwgYQGCCsGAQUFBwEBBHgwdjBPBggrBgEFBQcwAoZDaHR0cDovL2Ny
dC5zZWN0aWdvLmNvbS9TZWN0aWdvUHVibGljU2VydmVyQXV0aGVudGljYXRpb25D
QU9WUjM2LmNydDAjBggrBgEFBQcwAYYXaHR0cDovL29jc3Auc2VjdGlnby5jb20w
KwYDVR0RBCQwIoIQKi5vcmNhLm1lZC5vci5qcIIOb3JjYS5tZWQub3IuanAwggF/
BgorBgEEAdZ5AgQCBIIBbwSCAWsBaQB2AJaXZL9VWJet90OHaDcIQnfp8DrV9qTz
Nm5GpD8PyqnGAAABlvEpP7oAAAQDAEcwRQIhAKnAWsE30MvvCpBNHGSUZIAKC4u3
jWpc6HWIp3qKQZgsAiAY/4itizhntxEmhzGM2JDA2xlPqBL/MroiVsWoKXjycgB2
ABmG1Mcoqm/+ugNveCpNAZGqzi1yMQ+uzl1wQS0lTMfUAAABlvEpP5cAAAQDAEcw
RQIhAPTxi8ZE3t/2Z8FTL4cBbNmUcEBB0yWTKH9h909+JyiMAiAp4wlke3cUwexG
/xHOb3zY0bdr3wgj2hK7HEiEubVrYAB3AA5XlLzzrqk+MxssmQez95Dfm8I9cTIl
3SGpJaxhxU4hAAABlvEpP7oAAAQDAEgwRgIhAIH9jnYMXGX20JVsCprVejNF1tJ0
yvUVlYk67vHaV0OpAiEA04havRn0lBDyAUdMS1Mte3pmTYCyYvtmd4AUMbIQpOIw
DQYJKoZIhvcNAQEMBQADggGBAFVp6wnvBrlOezKuDkorRB6dqRXWqvJCbc9QNT2N
szUA/irGAmGPVlQWlvv1Q95RAE7lwVHKDy8dSAVu0LS7wazN/F95OqhTUdYIfIQP
gtWx10ww2UK6HYh2FuVRxluomoj5voxy4ZfO8Lo1ySgiDO3b60HMMJqEXI1VGH3C
a7hV5S6w3skOAh0mBCtb9smNtyX5DX3pUD4k/zYLQtgZ95qFvF7OvQC96RC1OFuA
15iJz/gEQErBWsoU2a2OFQGjYRlaTd/MOOulibHF5sRjF7GCF7ycgO/Es+jEH91n
fxe8ePT1XkzLowCO++CV+RUHcHITq7NZ/RMmVWTd6y7n+4ZRQMN25V41r1q+rDNT
L4vJVsAdzhjwDXjtIH9me4vnPa8ciS4EEWFc4+FcxOV7x7ZqChQ/e4zkausKdBFg
kxrk10y+yL2eqmTeoUdNfx2HZxT/5qZ3LBZgpKybKhhDgkDEefEk5WeT6ZrWqyYx
mYgyIFDVZbGUq4QbYftdS3D0dg==
-----END CERTIFICATE-----
subject=C=JP, ST=Tokyo, O=ORCA Management Organization Co., Ltd., CN=*.orca.med.or.jp
issuer=C=GB, O=Sectigo Limited, CN=Sectigo Public Server Authentication CA OV R36
---
No client certificate CA names sent
Peer signing digest: SHA256
Peer signature type: rsa_pss_rsae_sha256
Peer Temp Key: X25519, 253 bits
---
SSL handshake has read 5847 bytes and written 1654 bytes
Verification: OK
---
New, TLSv1.2, Cipher is ECDHE-RSA-AES256-GCM-SHA384
Protocol: TLSv1.2
Server public key is 2048 bit
Secure Renegotiation IS supported
Compression: NONE
Expansion: NONE
No ALPN negotiated
SSL-Session:
    Protocol  : TLSv1.2
    Cipher    : ECDHE-RSA-AES256-GCM-SHA384
    Session-ID: D136EA16FA1A5F155EA852FBA80EFEFFC325D6BF6F48A96BD657E25B7C205A9A
    Session-ID-ctx: 
    Master-Key: 62322F15150E82DEE38987D01F84335DA86292B70742859E4CD43C7AED647AD10CF5B40A70F2998B2DBA62C6C8EEC030
    PSK identity: None
    PSK identity hint: None
    SRP username: None
    TLS session ticket lifetime hint: 300 (seconds)
    TLS session ticket:
    0000 - cf 32 4d b9 ba cd 3c 91-6e 00 df 14 4c dd e7 31   .2M...<.n...L..1
    0010 - 42 7c 8f a8 ea fe b0 22-0f 8b 4c 89 a0 ef 87 9d   B|....."..L.....
    0020 - 6f 93 99 c3 78 fc 66 c7-8e 0c 1c 34 7f dc 8c ab   o...x.f....4....
    0030 - b5 51 72 8f cf 32 6a cd-ab a1 bd 9e d0 f6 d9 ac   .Qr..2j.........
    0040 - 6d 66 f2 17 37 8b 5b 22-18 b9 a8 8e 1e 70 8e 09   mf..7.[".....p..
    0050 - ff b2 fb 9f 62 a7 45 fc-e4 83 2c ca 68 25 a7 b9   ....b.E...,.h%..
    0060 - 2e 13 bf 92 cb f1 2d 25-57 dd 62 b9 ce 87 ee ea   ......-%W.b.....
    0070 - 0b 7f 51 ed e9 51 ab 33-14 06 a1 58 9f 19 02 01   ..Q..Q.3...X....
    0080 - fb 1d f9 97 d8 82 a8 36-2c 5d f5 94 52 8d 6b 4d   .......6,]..R.kM
    0090 - 0d 8c 93 7f d7 d0 89 4a-e6 e4 f0 c0 f3 2b 3d eb   .......J.....+=.
    00a0 - 20 fc c3 33 74 ea 4f 35-9c c7 1b 19 c6 3b 94 da    ..3t.O5.....;..
    00b0 - 47 5f 4e 42 f5 22 7f 52-47 40 21 02 57 2c 49 00   G_NB.".RG@!.W,I.
    00c0 - c3 00 a6 5c ed 49 81 ff-da 34 ff 19 b6 51 bb 64   ...\.I...4...Q.d
    00d0 - 96 b0 11 fb 1d 66 f2 7d-9e b2 66 1a 7c d3 d6 c6   .....f.}..f.|...

    Start Time: 1767519921
    Timeout   : 7200 (sec)
    Verify return code: 0 (ok)
    Extended master secret: yes
---
DONE
