[INFO] Scanning for projects...
[INFO] 
[INFO] -------------------< opendolphin:opendolphin-server >-------------------
[INFO] Building opendolphin-server 2.7.1
[INFO]   from pom.xml
[INFO] --------------------------------[ war ]---------------------------------
[WARNING] The artifact jdom:jdom:jar:1.1 has been relocated to org.jdom:jdom:jar:1.1
[INFO] 
[INFO] --- flyway:9.22.3:migrate (default-cli) @ opendolphin-server ---
[INFO] Flyway Community Edition 9.22.3 by Redgate
[INFO] See release notes here: https://rd.gt/416ObMi
[INFO] 
[INFO] Database: jdbc:postgresql://localhost:5432/opendolphin (PostgreSQL 14.19)
[INFO] Successfully validated 8 migrations (execution time 00:00.013s)
[INFO] Current version of schema "opendolphin": 0
[INFO] Migrating schema "opendolphin" to version "0001 - baseline tag"
[INFO] +----------+
| ?column? |
+----------+
| 1        |
+----------+

[INFO] Migrating schema "opendolphin" to version "0002 - performance indexes"
[INFO] Migrating schema "opendolphin" to version "0003 - security phase3 stage7"
[WARNING] DB: column "created_at" of relation "d_factor2_backupkey" already exists, skipping (SQL State: 42701 - Error Code: 0)
[WARNING] DB: column "hash_algorithm" of relation "d_factor2_backupkey" already exists, skipping (SQL State: 42701 - Error Code: 0)
[INFO] Migrating schema "opendolphin" to version "0220 - phr async job"
[INFO] Migrating schema "opendolphin" to version "0221 - doc module flag columns"
[WARNING] DB: column "admflag" of relation "d_document" already exists, skipping (SQL State: 42701 - Error Code: 0)
[WARNING] DB: column "performflag" of relation "d_module" already exists, skipping (SQL State: 42701 - Error Code: 0)
[INFO] Migrating schema "opendolphin" to version "0222 - diagnosis legacy tables"
[INFO] Successfully applied 6 migrations to schema "opendolphin", now at version v0222 (execution time 00:00.119s)
[INFO] ------------------------------------------------------------------------
[INFO] BUILD SUCCESS
[INFO] ------------------------------------------------------------------------
[INFO] Total time:  1.085 s
[INFO] Finished at: 2025-11-09T15:11:31+09:00
[INFO] ------------------------------------------------------------------------
