[INFO] Scanning for projects...
[INFO] 
[INFO] -------------------< opendolphin:opendolphin-server >-------------------
[INFO] Building opendolphin-server 2.7.1
[INFO]   from pom.xml
[INFO] --------------------------------[ war ]---------------------------------
[WARNING] The artifact jdom:jdom:jar:1.1 has been relocated to org.jdom:jdom:jar:1.1
[INFO] 
[INFO] --- flyway:9.22.3:migrate (default-cli) @ opendolphin-server ---
[INFO] Flyway Community Edition 9.22.3 by Redgate
[INFO] See release notes here: https://rd.gt/416ObMi
[INFO] 
[INFO] Database: jdbc:postgresql://localhost:55432/opendolphin_modern (PostgreSQL 14.19)
[INFO] Successfully validated 8 migrations (execution time 00:00.013s)
[INFO] Current version of schema "opendolphin": 0222
[INFO] Schema "opendolphin" is up to date. No migration necessary.
[INFO] ------------------------------------------------------------------------
[INFO] BUILD SUCCESS
[INFO] ------------------------------------------------------------------------
[INFO] Total time:  0.831 s
[INFO] Finished at: 2025-11-09T15:11:38+09:00
[INFO] ------------------------------------------------------------------------
