== Info: Host weborca.cloud.orcamo.jp:443 was resolved.
== Info: IPv6: (none)
== Info: IPv4: 54.178.230.126, 35.76.144.148
== Info:   Trying 54.178.230.126:443...
== Info: Connected to weborca.cloud.orcamo.jp (54.178.230.126) port 443
== Info: ALPN: curl offers h2,http/1.1
== Info: (304) (OUT), TLS handshake, Client hello (1):
=> Send SSL data, 328 bytes (0x148)
0000: ...D......H...=Udm4....(..&Oao...^..M. ...8f<5...$........bb.g.'
0040: z.......b.............0.,.(.$.......k.9...........=.5...../.+.'.
0080: #.......g.3...E...<./...A.......................+............3.&
00c0: .$... .j'..,......[%.|)E.:U$.}Q..A..A~.........weborca.cloud.orc
0100: amo.jp.......................................................h2.
0140: http/1.1
== Info:  CAfile: /etc/ssl/cert.pem
== Info:  CApath: none
== Info: (304) (IN), TLS handshake, Server hello (2):
<= Recv SSL data, 61 bytes (0x3d)
0000: ...9..67..$.t.#...t&....m.6..../.r..KR..0....................
== Info: TLSv1.2 (IN), TLS handshake, Certificate (11):
<= Recv SSL data, 3047 bytes (0xbe7)
0000: ..........0...0..........O.....B....Bur..0...*.H........0i1.0...
0040: U....JP1*0(..U...!Japan Registry Services Co., Ltd.1.0,..U...%JP
0080: RS Domain Validation Authority - G40...241204044259Z..2512311459
00c0: 59Z0.1.0...U....*.cloud.orcamo.jp0.."0...*.H.............0......
0100: ....H....6 ..S8.T.91..~c............H.6.G\...h.@.0A....;.9..gUm&
0140: .=.A...h...k6.NK .x?K.=C...t..J.Z..`g.|'........b?....:/n..r...0
0180: ..n..w....).O.7aM..|..6.AhV{....g.K.f.2u.9t..v.......x,..'...M..
01c0: Q*HAn.QYCO..?....1..".M...:.|..(..Kf_........>..D........0..s...
0200: T..........0...0...U.#..0...|$...8-..c^.xz..L...0....+..........
0240: 0..0O..+.....0..Chttp://repo.pubcert.jprs.jp/sppca/jprs/dvca_g4/
0280: JPRS_DVCA_G4_DER.cer0-..+.....0..!http://dv.g4.ocsp.pubcert.jprs
02c0: .jp0-..U...&0$..*.cloud.orcamo.jp..cloud.orcamo.jp0Y..U. .R0P0D.
0300: .+......C...0503..+........'http://jprs.jp/pubcert/info/reposito
0340: ry/0...g.....0...U.%..0...+.......0K..U...D0B0@.>.<.:http://repo
0380: .pubcert.jprs.jp/sppca/jprs/dvca_g4/fullcrl.crl0...U.......8....
03c0: .v.....m..`9.}0...U...........0.....+.....y..............v...N4.
0400: SrL.....?z....b...m0.....&:.............G0E.!........7W..|.:....
0440: #...1....YAU... ..Y.(r.c..e.@...b.....ggp...a.k..v....4.......2.
0480: ...=.P...:..v.,...*.......e.....G0E.!....._We..1..M....P...}...p
04c0: ...t... \..+.io.."......9.z....u..xd.Z|..v.}Y...x*{.ag|^....\..N
0500: ..../....y..............G0E.!..D5..s.Eg..H);.....]bJ]4..Ih..p.. 
0540: v........m.J."..Rz..\........'.'.u....j.q.e...S...|"..\.....~T..
0580: L...............F0D. {...v]J'..{..`\.....gx.y.)~(...I. '.9`.|K..
05c0: -Z..."~..y._........y..0...*.H.............,A...t..H.#.c..*bO...
0600: ...,r.....f&Edl.......U.ES....... .\O.V:......i.>/.....zf...s.wQ
0640: .6H.......tN.n....;..-....?.1..@....W.3..]e.....H..}b....+ ..W`R
0680: .....w.4.L..B.r.a...G..tP..I.w)...............^..G....vYWG.....)
06c0: H..\aq...-....g._L8.;.....}y)..5G^n.V.6.8.....0...0.........."..
0700: ....U........0...*.H........0]1.0...U....JP1%0#..U....SECOM Trus
0740: t Systems CO.,LTD.1'0%..U....Security Communication RootCA20...2
0780: 00722104053Z..290529050039Z0i1.0...U....JP1*0(..U...!Japan Regis
07c0: try Services Co., Ltd.1.0,..U...%JPRS Domain Validation Authorit
0800: y - G40.."0...*.H.............0..............mu..tz....w...O.sI.
0840: ..p^G.........q.....n.<..2.W.oM..............)..J_.g.a...*....{4
0880: .E.QD...Y......69.qgd.....5.:.|...AJ..4v...b.z.o....M..K..[....!
08c0: .".....6}:...3[.>...'+2.U.K........)...-....A].T.]Pk.!>f.....k..
0900: ?.F;.....E.]."S+l.I......'Kb8..1\1.j............0...0...U......|
0940: $...8-..c^.xz..L...0...U.#..0......we..|@....,8...<.0...U.......
0980: 0.......0...U...........0I..U...B0@0>.<.:.8http://repository.sec
09c0: omtrust.net/SC-Root2/SCRoot2CRL.crl0Q..U. .J0H0F..*.....d...0806
0a00: ..+........*http://repository.secomtrust.net/SC-Root2/0....+....
0a40: ....y0w00..+.....0..$http://scrootca2.ocsp.secomtrust.net0C..+..
0a80: ...0..7http://repository.secomtrust.net/SC-Root2/SCRoot2ca.cer0.
0ac0: ..U.%..0...+.......0...*.H................/.]...'.f......QQ..vT.
0b00: -..(.X..5.}..}...0...*z...}sL)co........e..R1.)....r.4!A.^..D$..
0b40: ....9.`..uZ........m.....6^.....&VQ.PP..AK.GF.bztz..9..u._"[....
0b80: ..|..f..p.<F>kC.....OFl...%.:.=...T..N........U.)z...>.....D...#
0bc0: .....*.c...tYog.....wK1..%..1c...o.A.^.
== Info: TLSv1.2 (IN), TLS handshake, Server key exchange (12):
<= Recv SSL data, 300 bytes (0x12c)
0000: ...(... ..=...o.......3....^..da......?8...........m.N;..@S.^..<
0040: .oy...P....W...%N9.;'.A.,.R.0]..=X...7..$...f...W.x{.m@..[.S.w.-
0080: ...+r...E6......=WyY=.JU.6._.`2b..r,H.<...(e.6...G".~.p.t'....J.
00c0: i6!v.7.F.ZJ...*l4.q`n..r........J...}...M0..0..K7......7........
0100: ~...-_.6.wX......U.;...y....8a..~~..(F.x....
== Info: TLSv1.2 (IN), TLS handshake, Request CERT (13):
<= Recv SSL data, 203 bytes (0xcb)
0000: .......@.(...........................................C0A1.0...U.
0040: ...JP1%0#..U....ORCA Management Organization1.0...U....ca.P0N1.0
0080: ...U....JP1%0#..U....ORCA Management Organization1.0...U....Inte
00c0: rmediate CA
== Info: TLSv1.2 (IN), TLS handshake, Server finished (14):
<= Recv SSL data, 4 bytes (0x4)
0000: ....
== Info: TLSv1.2 (OUT), TLS handshake, Certificate (11):
=> Send SSL data, 1421 bytes (0x58d)
0000: ..........0...0..g..........0...*.H........0N1.0...U....JP1%0#..
0040: U....ORCA Management Organization1.0...U....Intermediate CA0...2
0080: 50815235207Z..280814235207Z0M1.0...U....JP1.0...U....u000012941*
00c0: 0(..U...!client3948 (u00001294) 2028-08-150.."0...*.H...........
0100: ..0..........K..].Ie....v...c.V..;..*.P..S...w..O7.....`Y..W....
0140: FB.4..da.....C.l....2)WG...e.....c..3......h..Uv\aW..p:&.U.tr...
0180: NI...........s.2....K..I[.r.............{...:.)<_...|........U.M
01c0: S.X.<....v...!z..d.TV.]..(z@.........U.......oI..S_...85....24b.
0200: ...}...8i|...&w.F..Ph...>qM.......4E..71v....k.<eW'.r..O.f...G*.
0240: yT.k..v...M.&...|'t.....M.:.#...8![0Wz.;.Dfr..S. ...@+..DCb.....
0280: .a.A{U.R....a&.:.W.{......R(..@,C.2....I.l.~8....v>.#...p~.B,t.&
02c0: .@..S']B...RI..y...~.jk..0V,.(B...,a.....\.........#2)......S.m.
0300: ."...............g0e0...U...........0...U.%..0...+.......0...U..
0340: ....R.../....#...RXv....0...U.#..0.../u.*IY...b.%{"@.."=.0...*.H
0380: .............*.%./...-...z...5.......Xh...*.Z.....b-L...g.1.....
03c0: ...../.d^...B ..m..!.Bc....;..)._..M...a..a,.......wBw...-..xU..
0400: hgS..T%.....mN...P.....S..k#....o.....?uTKn.>.....3if8gu.....dT.
0440: .I!UV....a.C.......zW8^.d..}....lY8..q+]|G.)..<.G...Gw..7Gl"....
0480: |D.}....Fep.)A.MR....4..}....B.(Z...b.. ..u..|.~C.g./@..........
04c0: .e.....c..Y."...........h...4ZZ.....f......1.4.3]Sw.Z.-....$....
0500: .|f.....o.+..g(;....N.j..
051b: .....w.L.......9.m...E....n.Z~......!..Z...j..A...&+....-...I2.6
055b: 8..Y..xo.^j.F...9.T& .M.....Fr.w....Sb.r.C@.?...C.
== Info: TLSv1.2 (OUT), TLS handshake, Client key exchange (16):
=> Send SSL data, 37 bytes (0x25)
0000: ...! .3RG.]$.*.K...w.w.#.....##&.,..d
== Info: TLSv1.2 (OUT), TLS handshake, CERT verify (15):
=> Send SSL data, 520 bytes (0x208)
0000: .........$"...|.Lr.......|9....W.7.9,....)2...1.9...c.^....s..e.
0040: ...Mz..........KQ..5..s.P...q...f......&)-.~jX...y..............
0080: .W..X.D..`.lsn....5/............S.......yHkstS..LR.8H.T.......ZN
00c0: ..+..A.(#.e..=y....Cu.7.`X.c...........R.*....kl..}$...1.y_@....
0100: $..`..,g^.;.~.._\.........Z.:..l'....R..\2.I..D.S.....U.[..:^...
0140: .R..p..g.LD.w...........HV..q...9.....*......"....vC.$..c.`...Xv
0180: Z8..$g.<....5.d...-.Z.#.XF.GI:........b.. .K........En...&...f..
01c0: FP..n&..L.T0......c.2...`.v.{K...s....\jhO.I..........Al....Q.j.
0200: .-...hT4
== Info: TLSv1.2 (OUT), TLS change cipher, Change cipher spec (1):
=> Send SSL data, 1 bytes (0x1)
0000: .
== Info: TLSv1.2 (OUT), TLS handshake, Finished (20):
=> Send SSL data, 16 bytes (0x10)
0000: .........Rl.6'..
== Info: TLSv1.2 (IN), TLS change cipher, Change cipher spec (1):
<= Recv SSL data, 1 bytes (0x1)
0000: .
== Info: TLSv1.2 (IN), TLS handshake, Finished (20):
<= Recv SSL data, 16 bytes (0x10)
0000: ...........Cm...
== Info: SSL connection using TLSv1.2 / ECDHE-RSA-AES256-GCM-SHA384 / [blank] / UNDEF
== Info: ALPN: server did not agree on a protocol. Uses default.
== Info: Server certificate:
== Info:  subject: CN=*.cloud.orcamo.jp
== Info:  start date: Dec  4 04:42:59 2024 GMT
== Info:  expire date: Dec 31 14:59:59 2025 GMT
== Info:  subjectAltName: host "weborca.cloud.orcamo.jp" matched cert's "*.cloud.orcamo.jp"
== Info:  issuer: C=JP; O=Japan Registry Services Co., Ltd.; CN=JPRS Domain Validation Authority - G4
== Info:  SSL certificate verify ok.
== Info: using HTTP/1.x
== Info: Server auth using Basic with user ''
=> Send header, 407 bytes (0x197)
0000: PUT /20/adm/phr/accessKey HTTP/1.1
0024: Host: weborca.cloud.orcamo.jp
0043: Authorization: Basic OjFhY2RmOTkzOWU0ZjAwMTRhYTI1MGU4ZTBkZThkMjd
0083: lOGJhZjBlYjhjYjgxNjlhZmFiNTFjYjAwN2FiMGE5YWI=
00b2: User-Agent: curl/8.7.1
00ca: Accept: application/json
00e4: X-Facility-Id: LOCAL.FACILITY.0001
0108: X-Touch-TraceId: 20251115TorcaPHRSeqZ1
0130: X-Access-Reason: phr-key-upsert
0151: Content-Type: application/json; charset=UTF-8
0180: Content-Length: 158
0195: 
=> Send data, 158 bytes (0x9e)
0000: {.  "patientId": "WEB1001",.  "accessKey": "PHR-WEB1001-20251115
0040: ",.  "secretKey": "TEMP-SECRET-20251115",.  "registeredString": 
0080: "2025-11-15T09:00:00+09:00".}.
== Info: upload completely sent off: 158 bytes
<= Recv header, 24 bytes (0x18)
0000: HTTP/1.1 404 Not Found
<= Recv header, 19 bytes (0x13)
0000: Connection: Close
<= Recv header, 25 bytes (0x19)
0000: Content-Type: text/html
<= Recv header, 2 bytes (0x2)
0000: 
<= Recv data, 721 bytes (0x2d1)
0000:  <div style="border: 3px solid #4991C5; font:1.5em; font-family:
0040: tahoma,calibri,arial; font-weight:bold; color:#1A4369; padding:5
0080: px; margin:10px; text-align:center">  The specified URL cannot b
00c0: e found. </div><!--012345678901234567890123456789012345678901234
0100: 5678901234567890123456789012345678901234567890123456789012345678
0140: 9012345678901234567890123456789012345678901234567890123456789012
0180: 3456789012345678901234567890123456789012345678901234567890123456
01c0: 7890123456789012345678901234567890123456789012345678901234567890
0200: 1234567890123456789012345678901234567890123456789012345678901234
0240: 5678901234567890123456789012345678901234567890123456789012345678
0280: 9012345678901234567890123456789012345678901234567890123456789012
02c0: 345678901234-->
== Info: TLSv1.2 (IN), TLS alert, close notify (256):
<= Recv SSL data, 2 bytes (0x2)
0000: ..
<= Recv data, 0 bytes (0x0)
== Info: Closing connection
== Info: TLSv1.2 (OUT), TLS alert, close notify (256):
=> Send SSL data, 2 bytes (0x2)
0000: ..
