== Info: Host weborca.cloud.orcamo.jp:443 was resolved.
== Info: IPv6: (none)
== Info: IPv4: 54.178.230.126, 35.76.144.148
== Info:   Trying 54.178.230.126:443...
== Info: Connected to weborca.cloud.orcamo.jp (54.178.230.126) port 443
== Info: ALPN: curl offers h2,http/1.1
== Info: (304) (OUT), TLS handshake, Client hello (1):
=> Send SSL data, 328 bytes (0x148)
0000: ...D.....C....9U..#..".....u.,@.t>T... S...hz...5.mp.:.Y.......m
0040: $.mG..G.b.............0.,.(.$.......k.9...........=.5...../.+.'.
0080: #.......g.3...E...<./...A.......................+............3.&
00c0: .$... ......nQ.V..-<.J(..J$.Y...z...(4.........weborca.cloud.orc
0100: amo.jp.......................................................h2.
0140: http/1.1
== Info:  CAfile: /etc/ssl/cert.pem
== Info:  CApath: none
== Info: (304) (IN), TLS handshake, Server hello (2):
<= Recv SSL data, 61 bytes (0x3d)
0000: ...9.........^.H..mR.v.?.J..F.$:.Z..>...0....................
== Info: TLSv1.2 (IN), TLS handshake, Certificate (11):
<= Recv SSL data, 3049 bytes (0xbe9)
0000: ..........0...0...............^...@;....:0...*.H........0i1.0...
0040: U....JP1*0(..U...!Japan Registry Services Co., Ltd.1.0,..U...%JP
0080: RS Domain Validation Authority - G40...251205073401Z..2612311459
00c0: 59Z0.1.0...U....*.cloud.orcamo.jp0.."0...*.H.............0......
0100: ...9).....n..,.x.M......`O..p....^zIC......~..@=.r. 3.E..].n....
0140: .gH!Y..dL.......\>...t......,..)........VA..lOD.....C.....0..Wf.
0180: @&86y1@....n.K......qa^..pmrf.|.V."..0.;..0.JP..U?......p.......
01c0: ..h.`F.! .?^+..URiY.E../....(.e..YZG...5r..u*......{...y....y8.J
0200: 8..........0...0...U.#..0...|$...8-..c^.xz..L...0....+..........
0240: 0..0O..+.....0..Chttp://repo.pubcert.jprs.jp/sppca/jprs/dvca_g4/
0280: JPRS_DVCA_G4_DER.cer0-..+.....0..!http://dv.g4.ocsp.pubcert.jprs
02c0: .jp0-..U...&0$..*.cloud.orcamo.jp..cloud.orcamo.jp0Y..U. .R0P0D.
0300: .+......C...0503..+........'http://jprs.jp/pubcert/info/reposito
0340: ry/0...g.....0...U.%..0...+.......0K..U...D0B0@.>.<.:http://repo
0380: .pubcert.jprs.jp/sppca/jprs/dvca_g4/fullcrl.crl0...U.......f.h..
03c0: .......YN.S...0...U...........0.....+.....y..............v..m}..
0400: ..w..._......3Ze....s....iw.....w.x.....G0E. &~..T. .&.....{..If
0440: .+v...3.n.")..!..R.._A....|i..#..$..].d. q+1..._.v...U;.Oz....o.
0480: O.....^.U&....r.EK......w.......G0E.!....!..c.?......s.8...k#...
04c0: s.u@.,. ..}..4...J,..YT..P.....`=_>|..=..v..1~WE..E..8...A...!Z"
0500: .....v...R......w.......G0E.!..>..4..}..:Xiz.OP.p.........!.:.. 
0540: K.."..,..ZI...O....)..[DKHa...K..w..8...|..D_[....n..Y.G.i......
0580: .X......w.......H0F.!.......n.Q4a./e...v..I.6.f"&...#+.!.....O.A
05c0: .IL.V5.%!w....cn.....n..@0...*.H..............5d.B..^.o..s......
0600: .{.D..).^9."!...G....'+~.=.V.7..Ea5.$...w..^c..&.....e...0.I<...
0640: M.I.4. .._.L.-......y...._~..C....>T......i...'...*]....M.".6.F.
0680: ....z......s..U.Z.. L.W.....n..~0t6.;...m.2w.]5.g..j.d....a`1d..
06c0: ....K.d..)-c.M....G...Il....C....8......z.2.Y...0...0.........."
0700: ......U........0...*.H........0]1.0...U....JP1%0#..U....SECOM Tr
0740: ust Systems CO.,LTD.1'0%..U....Security Communication RootCA20..
0780: .200722104053Z..290529050039Z0i1.0...U....JP1*0(..U...!Japan Reg
07c0: istry Services Co., Ltd.1.0,..U...%JPRS Domain Validation Author
0800: ity - G40.."0...*.H.............0..............mu..tz....w...O.s
0840: I...p^G.........q.....n.<..2.W.oM..............)..J_.g.a...*....
0880: {4.E.QD...Y......69.qgd.....5.:.|...AJ..4v...b.z.o....M..K..[...
08c0: .!.".....6}:...3[.>...'+2.U.K........)...-....A].T.]Pk.!>f.....k
0900: ..?.F;.....E.]."S+l.I......'Kb8..1\1.j............0...0...U.....
0940: .|$...8-..c^.xz..L...0...U.#..0......we..|@....,8...<.0...U.....
0980: ..0.......0...U...........0I..U...B0@0>.<.:.8http://repository.s
09c0: ecomtrust.net/SC-Root2/SCRoot2CRL.crl0Q..U. .J0H0F..*.....d...08
0a00: 06..+........*http://repository.secomtrust.net/SC-Root2/0....+..
0a40: ......y0w00..+.....0..$http://scrootca2.ocsp.secomtrust.net0C..+
0a80: .....0..7http://repository.secomtrust.net/SC-Root2/SCRoot2ca.cer
0ac0: 0...U.%..0...+.......0...*.H................/.]...'.f......QQ..v
0b00: T.-..(.X..5.}..}...0...*z...}sL)co........e..R1.)....r.4!A.^..D$
0b40: ......9.`..uZ........m.....6^.....&VQ.PP..AK.GF.bztz..9..u._"[..
0b80: ....|..f..p.<F>kC.....OFl...%.:.=...T..N........U.)z...>.....D..
0bc0: .#.....*.c...tYog.....wK1..%..1c...o.A.^.
== Info: TLSv1.2 (IN), TLS handshake, Server key exchange (12):
<= Recv SSL data, 300 bytes (0x12c)
0000: ...(... M..v....h^@[..H....r.!..d....x.R.....|e.3...n....k.;.iFD
0040: .z3.E)....&..<e............%......}....}....&6.{...M.3.E.D.I.kZ.
0080: OAx.%Q.Qf....5.@...$.....Wt...fG.j....y.....M.e..J.x0=bL...$xD2*
00c0: pJD3.-.aV....-....`Lw.{..+.h....R.....I;......k..>u.b.`.wa......
0100: .TY8.)...SIg.........#f3.JPNn.7:@.]..Qf\Y...
== Info: TLSv1.2 (IN), TLS handshake, Request CERT (13):
<= Recv SSL data, 203 bytes (0xcb)
0000: .......@.(...........................................C0A1.0...U.
0040: ...JP1%0#..U....ORCA Management Organization1.0...U....ca.P0N1.0
0080: ...U....JP1%0#..U....ORCA Management Organization1.0...U....Inte
00c0: rmediate CA
== Info: TLSv1.2 (IN), TLS handshake, Server finished (14):
<= Recv SSL data, 4 bytes (0x4)
0000: ....
== Info: TLSv1.2 (OUT), TLS handshake, Certificate (11):
=> Send SSL data, 1421 bytes (0x58d)
0000: ..........0...0..g..........0...*.H........0N1.0...U....JP1%0#..
0040: U....ORCA Management Organization1.0...U....Intermediate CA0...2
0080: 50815235207Z..280814235207Z0M1.0...U....JP1.0...U....u000012941*
00c0: 0(..U...!client3948 (u00001294) 2028-08-150.."0...*.H...........
0100: ..0..........K..].Ie....v...c.V..;..*.P..S...w..O7.....`Y..W....
0140: FB.4..da.....C.l....2)WG...e.....c..3......h..Uv\aW..p:&.U.tr...
0180: NI...........s.2....K..I[.r.............{...:.)<_...|........U.M
01c0: S.X.<....v...!z..d.TV.]..(z@.........U.......oI..S_...85....24b.
0200: ...}...8i|...&w.F..Ph...>qM.......4E..71v....k.<eW'.r..O.f...G*.
0240: yT.k..v...M.&...|'t.....M.:.#...8![0Wz.;.Dfr..S. ...@+..DCb.....
0280: .a.A{U.R....a&.:.W.{......R(..@,C.2....I.l.~8....v>.#...p~.B,t.&
02c0: .@..S']B...RI..y...~.jk..0V,.(B...,a.....\.........#2)......S.m.
0300: ."...............g0e0...U...........0...U.%..0...+.......0...U..
0340: ....R.../....#...RXv....0...U.#..0.../u.*IY...b.%{"@.."=.0...*.H
0380: .............*.%./...-...z...5.......Xh...*.Z.....b-L...g.1.....
03c0: ...../.d^...B ..m..!.Bc....;..)._..M...a..a,.......wBw...-..xU..
0400: hgS..T%.....mN...P.....S..k#....o.....?uTKn.>.....3if8gu.....dT.
0440: .I!UV....a.C.......zW8^.d..}....lY8..q+]|G.)..<.G...Gw..7Gl"....
0480: |D.}....Fep.)A.MR....4..}....B.(Z...b.. ..u..|.~C.g./@..........
04c0: .e.....c..Y."...........h...4ZZ.....f......1.4.3]Sw.Z.-....$....
0500: .|f.....o.+..g(;....N.j..
051b: .....w.L.......9.m...E....n.Z~......!..Z...j..A...&+....-...I2.6
055b: 8..Y..xo.^j.F...9.T& .M.....Fr.w....Sb.r.C@.?...C.
== Info: TLSv1.2 (OUT), TLS handshake, Client key exchange (16):
=> Send SSL data, 37 bytes (0x25)
0000: ...! ...A~....,...U\"...X....n\...WN.
== Info: TLSv1.2 (OUT), TLS handshake, CERT verify (15):
=> Send SSL data, 520 bytes (0x208)
0000: ........(`kQ...o..O...b7...+.......Mo..n;4.......>=.^..Wp.<.....
0040: F.u..\X.............vt;.,....A.......7x.d(S5....>.V.i..E......z.
0080: .7......X.R-w]U.7..G......~....J.v.FA..3t].e.......?X....f..2!.c
00c0: 8..N...# >Q...A.-.....A.P............#.B. .!.....8Q.@>...b...`.R
0100: .h..L!.....z.:.....J.7.`.....F.Ep.........y........3...Kv.......
0140: ..)s..0..{.......x..........7..Oq.......wn.k~.....|.....n$....."
0180: 5f.......W......\..dZ..n....6"[.(...^..N0...&fE...H...?,'..._J\.
01c0: 5.......p.........~,L.....3.)..r....V&.G5f...e?.j...}........'..
0200: ...A...;
== Info: TLSv1.2 (OUT), TLS change cipher, Change cipher spec (1):
=> Send SSL data, 1 bytes (0x1)
0000: .
== Info: TLSv1.2 (OUT), TLS handshake, Finished (20):
=> Send SSL data, 16 bytes (0x10)
0000: .....]]Y.n">&...
== Info: TLSv1.2 (IN), TLS change cipher, Change cipher spec (1):
<= Recv SSL data, 1 bytes (0x1)
0000: .
== Info: TLSv1.2 (IN), TLS handshake, Finished (20):
<= Recv SSL data, 16 bytes (0x10)
0000: ........Ej......
== Info: SSL connection using TLSv1.2 / ECDHE-RSA-AES256-GCM-SHA384 / [blank] / UNDEF
== Info: ALPN: server did not agree on a protocol. Uses default.
== Info: Server certificate:
== Info:  subject: CN=*.cloud.orcamo.jp
== Info:  start date: Dec  5 07:34:01 2025 GMT
== Info:  expire date: Dec 31 14:59:59 2026 GMT
== Info:  subjectAltName: host "weborca.cloud.orcamo.jp" matched cert's "*.cloud.orcamo.jp"
== Info:  issuer: C=JP; O=Japan Registry Services Co., Ltd.; CN=JPRS Domain Validation Authority - G4
== Info:  SSL certificate verify ok.
== Info: using HTTP/1.x
== Info: Server auth using Basic with user 'jimu6482'
=> Send header, 332 bytes (0x14c)
0000: POST /api/api01rv2/system01dailyv2?class=00 HTTP/1.1
0036: Host: weborca.cloud.orcamo.jp
0055: Authorization: Basic <MASKED>
0095: lMGRlOGQyN2U4YmFmMGViOGNiODE2OWFmYWI1MWNiMDA3YWIwYTlhYg==
00d0: User-Agent: curl/8.7.1
00e8: Accept: application/json
0102: Content-Type: application/json; charset=Shift_JIS
0135: Content-Length: 809
014a: 
=> Send data, 809 bytes (0x329)
0000: // API 44 /api01rv2/system01dailyv2 (..................)
003a: {
003d:   "path": "/api01rv2/system01dailyv2",
0065:   // NOTE (W27): `scripts/tools/orca-curl-snippets.js` .........
00a5: ... Shift_JIS ........................UTF-8 XML ................
00e5: ..........................
0101:   "headers": {
0111:     "Content-Type": "application/xml; charset=UTF-8",
0148:     "Accept": "application/xml"
0169:   },
016f:   // NOTE (W19 2025-11-13): UTF-8 XML `<data><system01_dailyreq>
01af: ` .................. 200/Api_Result=00...
01da:   // Shift_JIS ............... Request_Number ............ (Api_
021a: Result=91) ............... UTF-8 .........
0246:   // Evidence: artifacts/orca-connectivity/20251113T002806Z/unce
0286: rtain-api/44_system01dailyv2_response.txt
02b1:   "data": {
02be:     "system01_dailyreq": {
02da:       "Request_Number": "01",
02f9:       "Base_Date": "2025-11-12"
031a:     }
0321:   }
0326: }
== Info: upload completely sent off: 809 bytes
<= Recv header, 26 bytes (0x1a)
0000: HTTP/1.1 502 Bad Gateway
<= Recv header, 37 bytes (0x25)
0000: Date: Sat, 27 Dec 2025 23:04:22 GMT
<= Recv header, 19 bytes (0x13)
0000: Content-Length: 0
<= Recv header, 2 bytes (0x2)
0000: 
== Info: Connection #0 to host weborca.cloud.orcamo.jp left intact
