2421:opendolphin-server-modernized-dev  | [0m[0m09:09:35,159 INFO  [open.dolphin] (default task-1) 172.19.0.7 doctor1 PUT /stamp/tree traceId=parity-stamp-20251110T234440Z
2422:opendolphin-server-modernized-dev  | [0m[0m09:09:35,159 INFO  [open.dolphin] (default task-1) 172.19.0.7 doctor1 PUT /stamp/tree traceId=parity-stamp-20251110T234440Z
2423-opendolphin-server-modernized-dev  | [0m[0m09:09:35,206 INFO  [stdout] (default task-1) Hibernate: select stm1_0.id,stm1_0.category,stm1_0.description,stm1_0.lastUpdated,stm1_0.tree_name,stm1_0.partyName,stm1_0.publishType,stm1_0.published,stm1_0.publishedDate,stm1_0.treeBytes,stm1_0.url,stm1_0.user_id,stm1_0.versionNumber from d_stamp_tree stm1_0 where stm1_0.user_id=?
2424-opendolphin-server-modernized-dev  | [0m[33m09:09:35,209 WARN  [org.hibernate.engine.jdbc.spi.SqlExceptionHelper] (default task-1) SQL Error: 0, SQLState: 42P01
2425-opendolphin-server-modernized-dev  | [0m[31m09:09:35,209 ERROR [org.hibernate.engine.jdbc.spi.SqlExceptionHelper] (default task-1) ERROR: relation "d_stamp_tree" does not exist
2426-opendolphin-server-modernized-dev  |   Position: 232
2427:opendolphin-server-modernized-dev  | [0m[31m09:09:35,210 ERROR [open.dolphin.session.framework.SessionOperationInterceptor] (default task-1) Session operation failed [traceId=parity-stamp-20251110T234440Z, operation=open.dolphin.session.StampServiceBean$Proxy$_$$_WeldSubclass#putTree]: open.dolphin.session.framework.SessionServiceException: Session layer failure in open.dolphin.session.StampServiceBean$Proxy$_$$_WeldSubclass#putTree
2428-opendolphin-server-modernized-dev  | 	at deployment.opendolphin-server.war//open.dolphin.session.framework.SessionOperationInterceptor.wrapException(SessionOperationInterceptor.java:54)
2429-opendolphin-server-modernized-dev  | 	at deployment.opendolphin-server.war//open.dolphin.session.framework.SessionOperationInterceptor.aroundInvoke(SessionOperationInterceptor.java:39)
2430-opendolphin-server-modernized-dev  | 	at java.base/jdk.internal.reflect.NativeMethodAccessorImpl.invoke0(Native Method)
2431-opendolphin-server-modernized-dev  | 	at java.base/jdk.internal.reflect.NativeMethodAccessorImpl.invoke(NativeMethodAccessorImpl.java:77)
2432-opendolphin-server-modernized-dev  | 	at java.base/jdk.internal.reflect.DelegatingMethodAccessorImpl.invoke(DelegatingMethodAccessorImpl.java:43)
2433-opendolphin-server-modernized-dev  | 	at java.base/java.lang.reflect.Method.invoke(Method.java:569)
2434-opendolphin-server-modernized-dev  | 	at org.jboss.weld.core@5.1.2.Final//org.jboss.weld.interceptor.reader.SimpleInterceptorInvocation$SimpleMethodInvocation.invoke(SimpleInterceptorInvocation.java:75)
2435-opendolphin-server-modernized-dev  | 	at org.jboss.weld.core@5.1.2.Final//org.jboss.weld.interceptor.proxy.NonTerminalAroundInvokeInvocationContext.proceedInternal(NonTerminalAroundInvokeInvocationContext.java:72)
2436-opendolphin-server-modernized-dev  | 	at org.jboss.weld.core@5.1.2.Final//org.jboss.weld.interceptor.proxy.AroundInvokeInvocationContext.proceed(AroundInvokeInvocationContext.java:86)
2437-opendolphin-server-modernized-dev  | 	at org.jboss.jts//com.arjuna.ats.jta.cdi.transactional.TransactionalInterceptorBase.invokeInOurTx(TransactionalInterceptorBase.java:181)
2438-opendolphin-server-modernized-dev  | 	at org.jboss.jts//com.arjuna.ats.jta.cdi.transactional.TransactionalInterceptorBase.invokeInOurTx(TransactionalInterceptorBase.java:169)
2439-opendolphin-server-modernized-dev  | 	at org.jboss.jts//com.arjuna.ats.jta.cdi.transactional.TransactionalInterceptorRequired.doIntercept(TransactionalInterceptorRequired.java:37)
2440-opendolphin-server-modernized-dev  | 	at org.jboss.jts//com.arjuna.ats.jta.cdi.transactional.TransactionalInterceptorBase.intercept(TransactionalInterceptorBase.java:74)
2441-opendolphin-server-modernized-dev  | 	at org.jboss.jts//com.arjuna.ats.jta.cdi.transactional.TransactionalInterceptorRequired.intercept(TransactionalInterceptorRequired.java:31)
2442-opendolphin-server-modernized-dev  | 	at java.base/jdk.internal.reflect.NativeMethodAccessorImpl.invoke0(Native Method)
2443-opendolphin-server-modernized-dev  | 	at java.base/jdk.internal.reflect.NativeMethodAccessorImpl.invoke(NativeMethodAccessorImpl.java:77)
2444-opendolphin-server-modernized-dev  | 	at java.base/jdk.internal.reflect.DelegatingMethodAccessorImpl.invoke(DelegatingMethodAccessorImpl.java:43)
2445-opendolphin-server-modernized-dev  | 	at java.base/java.lang.reflect.Method.invoke(Method.java:569)
2446-opendolphin-server-modernized-dev  | 	at org.jboss.weld.core@5.1.2.Final//org.jboss.weld.interceptor.reader.SimpleInterceptorInvocation$SimpleMethodInvocation.invoke(SimpleInterceptorInvocation.java:75)
2447-opendolphin-server-modernized-dev  | 	at org.jboss.weld.core@5.1.2.Final//org.jboss.weld.interceptor.proxy.InterceptorMethodHandler.executeAroundInvoke(InterceptorMethodHandler.java:90)
2448-opendolphin-server-modernized-dev  | 	at org.jboss.weld.core@5.1.2.Final//org.jboss.weld.interceptor.proxy.InterceptorMethodHandler.executeInterception(InterceptorMethodHandler.java:73)
2449-opendolphin-server-modernized-dev  | 	at org.jboss.weld.core@5.1.2.Final//org.jboss.weld.interceptor.proxy.InterceptorMethodHandler.invoke(InterceptorMethodHandler.java:56)
2450-opendolphin-server-modernized-dev  | 	at org.jboss.weld.core@5.1.2.Final//org.jboss.weld.bean.proxy.CombinedInterceptorAndDecoratorStackMethodHandler.invoke(CombinedInterceptorAndDecoratorStackMethodHandler.java:80)
2451-opendolphin-server-modernized-dev  | 	at org.jboss.weld.core@5.1.2.Final//org.jboss.weld.bean.proxy.CombinedInterceptorAndDecoratorStackMethodHandler.invoke(CombinedInterceptorAndDecoratorStackMethodHandler.java:68)
2452-opendolphin-server-modernized-dev  | 	at deployment.opendolphin-server.war//open.dolphin.session.StampServiceBean$Proxy$_$$_WeldSubclass.putTree(Unknown Source)
2453-opendolphin-server-modernized-dev  | 	at deployment.opendolphin-server.war//open.dolphin.session.StampServiceBean$Proxy$_$$_WeldClientProxy.putTree(Unknown Source)
2454-opendolphin-server-modernized-dev  | 	at deployment.opendolphin-server.war//open.dolphin.rest.StampResource.putTree(StampResource.java:81)
2455-opendolphin-server-modernized-dev  | 	at deployment.opendolphin-server.war//open.dolphin.rest.StampResource$Proxy$_$$_WeldClientProxy.putTree(Unknown Source)
2456-opendolphin-server-modernized-dev  | 	at java.base/jdk.internal.reflect.NativeMethodAccessorImpl.invoke0(Native Method)
2457-opendolphin-server-modernized-dev  | 	at java.base/jdk.internal.reflect.NativeMethodAccessorImpl.invoke(NativeMethodAccessorImpl.java:77)
