=========================================================================

  JBoss Bootstrap Environment

  JBOSS_HOME: /opt/jboss/wildfly

  JAVA: /usr/lib/jvm/java/bin/java

  JAVA_OPTS:  -server -Xms64m -Xmx512m -XX:MetaspaceSize=96M -XX:MaxMetaspaceSize=256m -Djava.net.preferIPv4Stack=true -Djboss.modules.system.pkgs=org.jboss.byteman -Djava.awt.headless=true

=========================================================================

[0m04:35:57,033 INFO  [org.jboss.modules] (main) JBoss Modules version 1.5.2.Final
[0m[0m04:35:57,528 INFO  [org.jboss.msc] (main) JBoss MSC version 1.2.6.Final
[0m[0m04:35:57,630 INFO  [org.jboss.as] (MSC service thread 1-6) WFLYSRV0049: WildFly Full 10.1.0.Final (WildFly Core 2.2.0.Final) starting
[0m[0m04:36:03,584 INFO  [org.jboss.as.repository] (ServerService Thread Pool -- 29) WFLYDR0001: Content added at location /opt/jboss/wildfly/standalone/data/content/1f/4a69d6dc8f41f378db2325691e4ebf9a8060f8/content
[0m[0m04:36:03,611 INFO  [org.jboss.as.server] (Controller Boot Thread) WFLYSRV0039: Creating http management service using socket-binding (management-http)
[0m[0m04:36:03,691 INFO  [org.xnio] (MSC service thread 1-3) XNIO version 3.4.0.Final
[0m[0m04:36:03,725 INFO  [org.xnio.nio] (MSC service thread 1-3) XNIO NIO Implementation Version 3.4.0.Final
[0m[0m04:36:03,835 INFO  [org.jboss.as.naming] (ServerService Thread Pool -- 52) WFLYNAM0001: Activating Naming Subsystem
[0m[0m04:36:03,836 INFO  [org.jboss.as.clustering.infinispan] (ServerService Thread Pool -- 41) WFLYCLINF0001: Activating Infinispan subsystem.
[0m[0m04:36:03,836 INFO  [org.wildfly.iiop.openjdk] (ServerService Thread Pool -- 42) WFLYIIOP0001: Activating IIOP Subsystem
[0m[33m04:36:03,836 WARN  [org.jboss.as.txn] (ServerService Thread Pool -- 60) WFLYTX0013: Node identifier property is set to the default value. Please make sure it is unique.
[0m[0m04:36:04,071 INFO  [org.jboss.as.security] (ServerService Thread Pool -- 59) WFLYSEC0002: Activating Security Subsystem
[0m[0m04:36:04,071 INFO  [org.jboss.as.webservices] (ServerService Thread Pool -- 62) WFLYWS0002: Activating WebServices Extension
[0m[0m04:36:04,102 INFO  [org.jboss.as.jsf] (ServerService Thread Pool -- 48) WFLYJSF0007: Activated the following JSF Implementations: [main]
[0m[0m04:36:04,246 INFO  [org.jboss.as.security] (MSC service thread 1-1) WFLYSEC0001: Current PicketBox version=4.9.6.Final
[0m[0m04:36:04,455 INFO  [org.jboss.as.connector] (MSC service thread 1-6) WFLYJCA0009: Starting JCA Subsystem (WildFly/IronJacamar 1.3.4.Final)
[0m[0m04:36:04,543 INFO  [org.jboss.as.naming] (MSC service thread 1-1) WFLYNAM0003: Starting Naming Service
[0m[0m04:36:04,678 INFO  [org.jboss.remoting] (MSC service thread 1-4) JBoss Remoting version 4.0.21.Final
[0m[0m04:36:04,704 INFO  [org.wildfly.extension.io] (ServerService Thread Pool -- 40) WFLYIO001: Worker 'default' has auto-configured to 16 core threads with 128 task threads based on your 8 available processors
[0m[0m04:36:04,803 INFO  [org.jboss.as.mail.extension] (MSC service thread 1-6) WFLYMAIL0001: Bound mail session [java:jboss/mail/Default]
[0m[0m04:36:04,822 INFO  [org.wildfly.extension.undertow] (MSC service thread 1-1) WFLYUT0003: Undertow 1.4.0.Final starting
[0m[0m04:36:05,112 INFO  [org.jboss.as.connector.subsystems.datasources] (ServerService Thread Pool -- 36) WFLYJCA0004: Deploying JDBC-compliant driver class org.h2.Driver (version 1.3)
[0m[0m04:36:05,207 INFO  [org.jboss.as.connector.deployers.jdbc] (MSC service thread 1-5) WFLYJCA0018: Started Driver service with driver-name = h2
[0m[0m04:36:05,391 INFO  [org.jboss.as.connector.subsystems.datasources] (ServerService Thread Pool -- 36) WFLYJCA0005: Deploying non-JDBC-compliant driver class org.postgresql.Driver (version 42.7)
[0m[0m04:36:05,470 INFO  [org.jboss.as.connector.deployers.jdbc] (MSC service thread 1-7) WFLYJCA0018: Started Driver service with driver-name = postgresql
[0m[0m04:36:05,800 INFO  [org.jboss.as.ejb3] (MSC service thread 1-6) WFLYEJB0481: Strict pool slsb-strict-max-pool is using a max instance size of 128 (per class), which is derived from thread worker pool sizing.
[0m[0m04:36:05,800 INFO  [org.jboss.as.ejb3] (MSC service thread 1-3) WFLYEJB0482: Strict pool mdb-strict-max-pool is using a max instance size of 32 (per class), which is derived from the number of CPUs on this host.
[0m[0m04:36:05,835 INFO  [org.wildfly.iiop.openjdk] (MSC service thread 1-8) WFLYIIOP0009: CORBA ORB Service started
[0m[0m04:36:06,079 INFO  [org.wildfly.extension.undertow] (MSC service thread 1-3) WFLYUT0012: Started server default-server.
[0m[0m04:36:06,051 INFO  [org.wildfly.extension.undertow] (ServerService Thread Pool -- 61) WFLYUT0014: Creating file handler for path '/opt/jboss/wildfly/welcome-content' with options [directory-listing: 'false', follow-symlink: 'false', case-sensitive: 'true', safe-symlink-paths: '[]']
[0m[0m04:36:06,154 INFO  [org.wildfly.extension.undertow] (MSC service thread 1-5) WFLYUT0018: Host default-host starting
[0m[0m04:36:06,787 INFO  [org.wildfly.extension.undertow] (MSC service thread 1-4) WFLYUT0006: Undertow HTTP listener default listening on 0.0.0.0:8080
[0m[0m04:36:07,181 INFO  [org.jboss.as.connector.subsystems.datasources] (MSC service thread 1-6) WFLYJCA0001: Bound data source [java:jboss/datasources/ORCADS]
[0m[0m04:36:07,181 INFO  [org.jboss.as.connector.subsystems.datasources] (MSC service thread 1-3) WFLYJCA0001: Bound data source [java:jboss/datasources/ExampleDS]
[0m[0m04:36:07,181 INFO  [org.jboss.as.connector.subsystems.datasources] (MSC service thread 1-7) WFLYJCA0001: Bound data source [java:jboss/datasources/PostgresDS]
[0m[0m04:36:07,579 INFO  [org.wildfly.extension.messaging-activemq] (MSC service thread 1-6) WFLYMSGAMQ0075: AIO wasn't located on this platform, it will fall back to using pure Java NIO. Your platform is Linux, install LibAIO to enable the AIO journal and achieve optimal performance.
[0m[0m04:36:07,808 INFO  [org.apache.activemq.artemis.core.server] (ServerService Thread Pool -- 64) AMQ221000: live Message Broker is starting with configuration Broker Configuration (clustered=false,journalDirectory=/opt/jboss/wildfly/standalone/data/activemq/journal,bindingsDirectory=/opt/jboss/wildfly/standalone/data/activemq/bindings,largeMessagesDirectory=/opt/jboss/wildfly/standalone/data/activemq/largemessages,pagingDirectory=/opt/jboss/wildfly/standalone/data/activemq/paging)
[0m[33m04:36:07,833 WARN  [org.jboss.as.domain.management.security] (MSC service thread 1-6) WFLYDM0111: Keystore /opt/jboss/wildfly/standalone/configuration/application.keystore not found, it will be auto generated on first use with a self signed certificate for host localhost
[0m[0m04:36:07,873 INFO  [org.apache.activemq.artemis.core.server] (ServerService Thread Pool -- 64) AMQ221013: Using NIO Journal
[0m[0m04:36:07,883 INFO  [org.jboss.as.server.deployment] (MSC service thread 1-6) WFLYSRV0027: Starting deployment of "opendolphin-server.war" (runtime-name: "opendolphin-server.war")
[0m[0m04:36:07,938 INFO  [org.jboss.as.server.deployment.scanner] (MSC service thread 1-3) WFLYDS0013: Started FileSystemDeploymentService for directory /opt/jboss/wildfly/standalone/deployments
[0m[0m04:36:08,293 INFO  [org.apache.activemq.artemis.core.server] (ServerService Thread Pool -- 64) AMQ221043: Protocol module found: [artemis-server]. Adding protocol support for: CORE
[0m[0m04:36:08,386 INFO  [org.apache.activemq.artemis.core.server] (ServerService Thread Pool -- 64) AMQ221043: Protocol module found: [artemis-amqp-protocol]. Adding protocol support for: AMQP
[0m[0m04:36:08,402 INFO  [org.apache.activemq.artemis.core.server] (ServerService Thread Pool -- 64) AMQ221043: Protocol module found: [artemis-hornetq-protocol]. Adding protocol support for: HORNETQ
[0m[0m04:36:08,407 INFO  [org.apache.activemq.artemis.core.server] (ServerService Thread Pool -- 64) AMQ221043: Protocol module found: [artemis-stomp-protocol]. Adding protocol support for: STOMP
[0m[0m04:36:08,581 INFO  [org.infinispan.factories.GlobalComponentRegistry] (MSC service thread 1-4) ISPN000128: Infinispan version: Infinispan 'Chakra' 8.2.4.Final
[0m[0m04:36:08,561 INFO  [org.wildfly.extension.undertow] (MSC service thread 1-3) WFLYUT0006: Undertow HTTPS listener https listening on 0.0.0.0:8443
[0m[0m04:36:09,212 INFO  [org.infinispan.configuration.cache.EvictionConfigurationBuilder] (ServerService Thread Pool -- 71) ISPN000152: Passivation configured without an eviction policy being selected. Only manually evicted entities will be passivated.
[0m[0m04:36:09,212 INFO  [org.infinispan.configuration.cache.EvictionConfigurationBuilder] (ServerService Thread Pool -- 65) ISPN000152: Passivation configured without an eviction policy being selected. Only manually evicted entities will be passivated.
[0m[0m04:36:09,212 INFO  [org.infinispan.configuration.cache.EvictionConfigurationBuilder] (ServerService Thread Pool -- 68) ISPN000152: Passivation configured without an eviction policy being selected. Only manually evicted entities will be passivated.
[0m[0m04:36:09,295 INFO  [org.infinispan.configuration.cache.EvictionConfigurationBuilder] (ServerService Thread Pool -- 65) ISPN000152: Passivation configured without an eviction policy being selected. Only manually evicted entities will be passivated.
[0m[0m04:36:09,295 INFO  [org.infinispan.configuration.cache.EvictionConfigurationBuilder] (ServerService Thread Pool -- 68) ISPN000152: Passivation configured without an eviction policy being selected. Only manually evicted entities will be passivated.
[0m[0m04:36:09,295 INFO  [org.infinispan.configuration.cache.EvictionConfigurationBuilder] (ServerService Thread Pool -- 71) ISPN000152: Passivation configured without an eviction policy being selected. Only manually evicted entities will be passivated.
[0m[0m04:36:09,537 INFO  [org.wildfly.extension.messaging-activemq] (MSC service thread 1-1) WFLYMSGAMQ0016: Registered HTTP upgrade for activemq-remoting protocol handled by http-acceptor-throughput acceptor
[0m[0m04:36:09,537 INFO  [org.wildfly.extension.messaging-activemq] (MSC service thread 1-7) WFLYMSGAMQ0016: Registered HTTP upgrade for activemq-remoting protocol handled by http-acceptor-throughput acceptor
[0m[0m04:36:09,538 INFO  [org.wildfly.extension.messaging-activemq] (MSC service thread 1-8) WFLYMSGAMQ0016: Registered HTTP upgrade for activemq-remoting protocol handled by http-acceptor acceptor
[0m[0m04:36:09,537 INFO  [org.wildfly.extension.messaging-activemq] (MSC service thread 1-2) WFLYMSGAMQ0016: Registered HTTP upgrade for activemq-remoting protocol handled by http-acceptor acceptor
[0m[0m04:36:09,695 INFO  [org.apache.activemq.artemis.core.server] (ServerService Thread Pool -- 64) AMQ221007: Server is now live
[0m[0m04:36:09,701 INFO  [org.apache.activemq.artemis.core.server] (ServerService Thread Pool -- 64) AMQ221001: Apache ActiveMQ Artemis Message Broker version 1.1.0.wildfly-017 [nodeID=2c226836-bcda-11f0-b1fe-775778b4e5db] 
[0m[0m04:36:09,706 INFO  [org.jboss.ws.common.management] (MSC service thread 1-5) JBWS022052: Starting JBossWS 5.1.5.Final (Apache CXF 3.1.6) 
[0m[0m04:36:09,778 INFO  [org.wildfly.extension.messaging-activemq] (ServerService Thread Pool -- 64) WFLYMSGAMQ0002: Bound messaging object to jndi name java:/ConnectionFactory
[0m[0m04:36:09,811 INFO  [org.apache.activemq.artemis.core.server] (ServerService Thread Pool -- 67) AMQ221003: trying to deploy queue jms.queue.DLQ
[0m[0m04:36:09,953 INFO  [org.apache.activemq.artemis.core.server] (ServerService Thread Pool -- 65) AMQ221003: trying to deploy queue jms.queue.dolphinQueue
[0m[0m04:36:09,941 INFO  [org.jboss.as.connector.deployment] (MSC service thread 1-2) WFLYJCA0007: Registered connection factory java:/JmsXA
[0m[0m04:36:09,986 INFO  [org.apache.activemq.artemis.core.server] (ServerService Thread Pool -- 71) AMQ221003: trying to deploy queue jms.queue.ExpiryQueue
[0m[0m04:36:10,004 INFO  [org.apache.activemq.artemis.jms.server] (ServerService Thread Pool -- 68) AMQ121005: Invalid "host" value "0.0.0.0" detected for "http-connector" connector. Switching to "b430d7fd4460". If this new address is incorrect please manually configure the connector to use the proper one.
[0m[0m04:36:10,011 INFO  [org.wildfly.extension.messaging-activemq] (ServerService Thread Pool -- 68) WFLYMSGAMQ0002: Bound messaging object to jndi name java:jboss/exported/jms/RemoteConnectionFactory
[0m[0m04:36:10,093 INFO  [org.apache.activemq.artemis.ra] (MSC service thread 1-2) Resource adaptor started
[0m[0m04:36:10,096 INFO  [org.jboss.as.connector.services.resourceadapters.ResourceAdapterActivatorService$ResourceAdapterActivator] (MSC service thread 1-2) IJ020002: Deployed: file://RaActivatoractivemq-ra
[0m[0m04:36:10,116 INFO  [org.wildfly.extension.messaging-activemq] (MSC service thread 1-3) WFLYMSGAMQ0002: Bound messaging object to jndi name java:jboss/DefaultJMSConnectionFactory
[0m[0m04:36:10,115 INFO  [org.jboss.as.connector.deployment] (MSC service thread 1-1) WFLYJCA0002: Bound JCA ConnectionFactory [java:/JmsXA]
[0m[33m04:36:10,196 WARN  [org.jboss.as.server.deployment] (MSC service thread 1-6) WFLYSRV0003: Could not index class META-INF/versions/9/module-info.class at /content/opendolphin-server.war/WEB-INF/lib/commons-codec-1.17.1.jar: java.lang.IllegalStateException: Unknown tag! pos=3 poolCount = 22
	at org.jboss.jandex.Indexer.processConstantPool(Indexer.java:1416)
	at org.jboss.jandex.Indexer.index(Indexer.java:1450)
	at org.jboss.as.server.deployment.annotation.ResourceRootIndexer.indexResourceRoot(ResourceRootIndexer.java:99)
	at org.jboss.as.server.deployment.annotation.AnnotationIndexProcessor.deploy(AnnotationIndexProcessor.java:51)
	at org.jboss.as.server.deployment.DeploymentUnitPhaseService.start(DeploymentUnitPhaseService.java:147)
	at org.jboss.msc.service.ServiceControllerImpl$StartTask.startService(ServiceControllerImpl.java:1948)
	at org.jboss.msc.service.ServiceControllerImpl$StartTask.run(ServiceControllerImpl.java:1881)
	at java.util.concurrent.ThreadPoolExecutor.runWorker(ThreadPoolExecutor.java:1149)
	at java.util.concurrent.ThreadPoolExecutor$Worker.run(ThreadPoolExecutor.java:624)
	at java.lang.Thread.run(Thread.java:748)

[0m[0m04:36:11,316 INFO  [org.jboss.as.jpa] (MSC service thread 1-5) WFLYJPA0002: Read persistence.xml for opendolphinPU
[0m[0m04:36:11,506 INFO  [org.jboss.as.jpa] (ServerService Thread Pool -- 68) WFLYJPA0010: Starting Persistence Unit (phase 1 of 2) Service 'opendolphin-server.war#opendolphinPU'
[0m[0m04:36:11,534 INFO  [org.hibernate.jpa.internal.util.LogHelper] (ServerService Thread Pool -- 68) HHH000204: Processing PersistenceUnitInfo [
	name: opendolphinPU
	...]
[0m[0m04:36:11,632 INFO  [org.hibernate.Version] (ServerService Thread Pool -- 68) HHH000412: Hibernate Core {5.0.10.Final}
[0m[0m04:36:11,641 INFO  [org.hibernate.cfg.Environment] (ServerService Thread Pool -- 68) HHH000206: hibernate.properties not found
[0m[0m04:36:11,648 INFO  [org.hibernate.cfg.Environment] (ServerService Thread Pool -- 68) HHH000021: Bytecode provider name : javassist
[0m[0m04:36:11,733 INFO  [org.jboss.weld.deployer] (MSC service thread 1-8) WFLYWELD0003: Processing weld deployment opendolphin-server.war
[0m[0m04:36:11,728 INFO  [org.hibernate.annotations.common.Version] (ServerService Thread Pool -- 68) HCANN000001: Hibernate Commons Annotations {5.0.1.Final}
[0m[0m04:36:11,881 INFO  [org.hibernate.validator.internal.util.Version] (MSC service thread 1-8) HV000001: Hibernate Validator 5.2.4.Final
[0m[0m04:36:11,983 INFO  [org.jboss.as.ejb3.deployment] (MSC service thread 1-8) WFLYEJB0473: JNDI bindings for session bean named 'ADM20_EHTServiceBean' in deployment unit 'deployment "opendolphin-server.war"' are as follows:

	java:global/opendolphin-server/ADM20_EHTServiceBean!open.dolphin.adm20.session.ADM20_EHTServiceBean
	java:app/opendolphin-server/ADM20_EHTServiceBean!open.dolphin.adm20.session.ADM20_EHTServiceBean
	java:module/ADM20_EHTServiceBean!open.dolphin.adm20.session.ADM20_EHTServiceBean
	java:global/opendolphin-server/ADM20_EHTServiceBean
	java:app/opendolphin-server/ADM20_EHTServiceBean
	java:module/ADM20_EHTServiceBean

[0m[0m04:36:11,984 INFO  [org.jboss.as.ejb3.deployment] (MSC service thread 1-8) WFLYEJB0473: JNDI bindings for session bean named 'PvtService' in deployment unit 'deployment "opendolphin-server.war"' are as follows:

	java:global/opendolphin-server/PvtService!java.lang.Runnable
	java:app/opendolphin-server/PvtService!java.lang.Runnable
	java:module/PvtService!java.lang.Runnable
	java:global/opendolphin-server/PvtService
	java:app/opendolphin-server/PvtService
	java:module/PvtService

[0m[0m04:36:11,985 INFO  [org.jboss.as.ejb3.deployment] (MSC service thread 1-8) WFLYEJB0473: JNDI bindings for session bean named 'IPhoneServiceBean' in deployment unit 'deployment "opendolphin-server.war"' are as follows:

	java:global/opendolphin-server/IPhoneServiceBean!open.dolphin.touch.session.IPhoneServiceBean
	java:app/opendolphin-server/IPhoneServiceBean!open.dolphin.touch.session.IPhoneServiceBean
	java:module/IPhoneServiceBean!open.dolphin.touch.session.IPhoneServiceBean
	java:global/opendolphin-server/IPhoneServiceBean
	java:app/opendolphin-server/IPhoneServiceBean
	java:module/IPhoneServiceBean

[0m[0m04:36:11,985 INFO  [org.jboss.as.ejb3.deployment] (MSC service thread 1-8) WFLYEJB0473: JNDI bindings for session bean named 'OrcaResource' in deployment unit 'deployment "opendolphin-server.war"' are as follows:

	java:global/opendolphin-server/OrcaResource!open.orca.rest.OrcaResource
	java:app/opendolphin-server/OrcaResource!open.orca.rest.OrcaResource
	java:module/OrcaResource!open.orca.rest.OrcaResource
	java:global/opendolphin-server/OrcaResource
	java:app/opendolphin-server/OrcaResource
	java:module/OrcaResource

[0m[0m04:36:11,986 INFO  [org.jboss.as.ejb3.deployment] (MSC service thread 1-8) WFLYEJB0473: JNDI bindings for session bean named 'KarteServiceBean' in deployment unit 'deployment "opendolphin-server.war"' are as follows:

	java:global/opendolphin-server/KarteServiceBean!open.dolphin.session.KarteServiceBean
	java:app/opendolphin-server/KarteServiceBean!open.dolphin.session.KarteServiceBean
	java:module/KarteServiceBean!open.dolphin.session.KarteServiceBean
	java:global/opendolphin-server/KarteServiceBean
	java:app/opendolphin-server/KarteServiceBean
	java:module/KarteServiceBean

[0m[0m04:36:11,987 INFO  [org.jboss.as.ejb3.deployment] (MSC service thread 1-8) WFLYEJB0473: JNDI bindings for session bean named 'IdentityService' in deployment unit 'deployment "opendolphin-server.war"' are as follows:

	java:global/opendolphin-server/IdentityService!open.dolphin.adm20.mbean.IdentityService
	java:app/opendolphin-server/IdentityService!open.dolphin.adm20.mbean.IdentityService
	java:module/IdentityService!open.dolphin.adm20.mbean.IdentityService
	java:global/opendolphin-server/IdentityService
	java:app/opendolphin-server/IdentityService
	java:module/IdentityService

[0m[0m04:36:11,987 INFO  [org.jboss.as.ejb3.deployment] (MSC service thread 1-8) WFLYEJB0473: JNDI bindings for session bean named 'StampServiceBean' in deployment unit 'deployment "opendolphin-server.war"' are as follows:

	java:global/opendolphin-server/StampServiceBean!open.dolphin.session.StampServiceBean
	java:app/opendolphin-server/StampServiceBean!open.dolphin.session.StampServiceBean
	java:module/StampServiceBean!open.dolphin.session.StampServiceBean
	java:global/opendolphin-server/StampServiceBean
	java:app/opendolphin-server/StampServiceBean
	java:module/StampServiceBean

[0m[0m04:36:11,987 INFO  [org.jboss.as.ejb3.deployment] (MSC service thread 1-8) WFLYEJB0473: JNDI bindings for session bean named 'ADM10_EHTServiceBean' in deployment unit 'deployment "opendolphin-server.war"' are as follows:

	java:global/opendolphin-server/ADM10_EHTServiceBean!open.dolphin.adm10.session.ADM10_EHTServiceBean
	java:app/opendolphin-server/ADM10_EHTServiceBean!open.dolphin.adm10.session.ADM10_EHTServiceBean
	java:module/ADM10_EHTServiceBean!open.dolphin.adm10.session.ADM10_EHTServiceBean
	java:global/opendolphin-server/ADM10_EHTServiceBean
	java:app/opendolphin-server/ADM10_EHTServiceBean
	java:module/ADM10_EHTServiceBean

[0m[0m04:36:11,987 INFO  [org.jboss.as.ejb3.deployment] (MSC service thread 1-8) WFLYEJB0473: JNDI bindings for session bean named 'MmlServiceBean' in deployment unit 'deployment "opendolphin-server.war"' are as follows:

	java:global/opendolphin-server/MmlServiceBean!open.dolphin.session.MmlServiceBean
	java:app/opendolphin-server/MmlServiceBean!open.dolphin.session.MmlServiceBean
	java:module/MmlServiceBean!open.dolphin.session.MmlServiceBean
	java:global/opendolphin-server/MmlServiceBean
	java:app/opendolphin-server/MmlServiceBean
	java:module/MmlServiceBean

[0m[0m04:36:11,987 INFO  [org.jboss.as.ejb3.deployment] (MSC service thread 1-8) WFLYEJB0473: JNDI bindings for session bean named 'PVTServiceBean' in deployment unit 'deployment "opendolphin-server.war"' are as follows:

	java:global/opendolphin-server/PVTServiceBean!open.dolphin.session.PVTServiceBean
	java:app/opendolphin-server/PVTServiceBean!open.dolphin.session.PVTServiceBean
	java:module/PVTServiceBean!open.dolphin.session.PVTServiceBean
	java:global/opendolphin-server/PVTServiceBean
	java:app/opendolphin-server/PVTServiceBean
	java:module/PVTServiceBean

[0m[0m04:36:11,988 INFO  [org.jboss.as.ejb3.deployment] (MSC service thread 1-8) WFLYEJB0473: JNDI bindings for session bean named 'ScheduleServiceBean' in deployment unit 'deployment "opendolphin-server.war"' are as follows:

	java:global/opendolphin-server/ScheduleServiceBean!open.dolphin.session.ScheduleServiceBean
	java:app/opendolphin-server/ScheduleServiceBean!open.dolphin.session.ScheduleServiceBean
	java:module/ScheduleServiceBean!open.dolphin.session.ScheduleServiceBean
	java:global/opendolphin-server/ScheduleServiceBean
	java:app/opendolphin-server/ScheduleServiceBean
	java:module/ScheduleServiceBean

[0m[0m04:36:11,988 INFO  [org.jboss.as.ejb3.deployment] (MSC service thread 1-8) WFLYEJB0473: JNDI bindings for session bean named 'AMD20_PHRServiceBean' in deployment unit 'deployment "opendolphin-server.war"' are as follows:

	java:global/opendolphin-server/AMD20_PHRServiceBean!open.dolphin.adm20.session.AMD20_PHRServiceBean
	java:app/opendolphin-server/AMD20_PHRServiceBean!open.dolphin.adm20.session.AMD20_PHRServiceBean
	java:module/AMD20_PHRServiceBean!open.dolphin.adm20.session.AMD20_PHRServiceBean
	java:global/opendolphin-server/AMD20_PHRServiceBean
	java:app/opendolphin-server/AMD20_PHRServiceBean
	java:module/AMD20_PHRServiceBean

[0m[0m04:36:11,988 INFO  [org.jboss.as.ejb3.deployment] (MSC service thread 1-8) WFLYEJB0473: JNDI bindings for session bean named 'ADM20_IPhoneServiceBean' in deployment unit 'deployment "opendolphin-server.war"' are as follows:

	java:global/opendolphin-server/ADM20_IPhoneServiceBean!open.dolphin.adm20.session.ADM20_IPhoneServiceBean
	java:app/opendolphin-server/ADM20_IPhoneServiceBean!open.dolphin.adm20.session.ADM20_IPhoneServiceBean
	java:module/ADM20_IPhoneServiceBean!open.dolphin.adm20.session.ADM20_IPhoneServiceBean
	java:global/opendolphin-server/ADM20_IPhoneServiceBean
	java:app/opendolphin-server/ADM20_IPhoneServiceBean
	java:module/ADM20_IPhoneServiceBean

[0m[0m04:36:11,988 INFO  [org.jboss.as.ejb3.deployment] (MSC service thread 1-8) WFLYEJB0473: JNDI bindings for session bean named 'AppoServiceBean' in deployment unit 'deployment "opendolphin-server.war"' are as follows:

	java:global/opendolphin-server/AppoServiceBean!open.dolphin.session.AppoServiceBean
	java:app/opendolphin-server/AppoServiceBean!open.dolphin.session.AppoServiceBean
	java:module/AppoServiceBean!open.dolphin.session.AppoServiceBean
	java:global/opendolphin-server/AppoServiceBean
	java:app/opendolphin-server/AppoServiceBean
	java:module/AppoServiceBean

[0m[0m04:36:11,989 INFO  [org.jboss.as.ejb3.deployment] (MSC service thread 1-8) WFLYEJB0473: JNDI bindings for session bean named 'ChartEventServiceBean' in deployment unit 'deployment "opendolphin-server.war"' are as follows:

	java:global/opendolphin-server/ChartEventServiceBean!open.dolphin.session.ChartEventServiceBean
	java:app/opendolphin-server/ChartEventServiceBean!open.dolphin.session.ChartEventServiceBean
	java:module/ChartEventServiceBean!open.dolphin.session.ChartEventServiceBean
	java:global/opendolphin-server/ChartEventServiceBean
	java:app/opendolphin-server/ChartEventServiceBean
	java:module/ChartEventServiceBean

[0m[0m04:36:11,989 INFO  [org.jboss.as.ejb3.deployment] (MSC service thread 1-8) WFLYEJB0473: JNDI bindings for session bean named 'ADM10_IPhoneServiceBean' in deployment unit 'deployment "opendolphin-server.war"' are as follows:

	java:global/opendolphin-server/ADM10_IPhoneServiceBean!open.dolphin.adm10.session.ADM10_IPhoneServiceBean
	java:app/opendolphin-server/ADM10_IPhoneServiceBean!open.dolphin.adm10.session.ADM10_IPhoneServiceBean
	java:module/ADM10_IPhoneServiceBean!open.dolphin.adm10.session.ADM10_IPhoneServiceBean
	java:global/opendolphin-server/ADM10_IPhoneServiceBean
	java:app/opendolphin-server/ADM10_IPhoneServiceBean
	java:module/ADM10_IPhoneServiceBean

[0m[0m04:36:11,989 INFO  [org.jboss.as.ejb3.deployment] (MSC service thread 1-8) WFLYEJB0473: JNDI bindings for session bean named 'ServletStartup' in deployment unit 'deployment "opendolphin-server.war"' are as follows:

	java:global/opendolphin-server/ServletStartup!open.dolphin.mbean.ServletStartup
	java:app/opendolphin-server/ServletStartup!open.dolphin.mbean.ServletStartup
	java:module/ServletStartup!open.dolphin.mbean.ServletStartup
	java:global/opendolphin-server/ServletStartup
	java:app/opendolphin-server/ServletStartup
	java:module/ServletStartup

[0m[0m04:36:11,989 INFO  [org.jboss.as.ejb3.deployment] (MSC service thread 1-8) WFLYEJB0473: JNDI bindings for session bean named 'UserServiceBean' in deployment unit 'deployment "opendolphin-server.war"' are as follows:

	java:global/opendolphin-server/UserServiceBean!open.dolphin.session.UserServiceBean
	java:app/opendolphin-server/UserServiceBean!open.dolphin.session.UserServiceBean
	java:module/UserServiceBean!open.dolphin.session.UserServiceBean
	java:global/opendolphin-server/UserServiceBean
	java:app/opendolphin-server/UserServiceBean
	java:module/UserServiceBean

[0m[0m04:36:11,989 INFO  [org.jboss.as.ejb3.deployment] (MSC service thread 1-8) WFLYEJB0473: JNDI bindings for session bean named 'PatientServiceBean' in deployment unit 'deployment "opendolphin-server.war"' are as follows:

	java:global/opendolphin-server/PatientServiceBean!open.dolphin.session.PatientServiceBean
	java:app/opendolphin-server/PatientServiceBean!open.dolphin.session.PatientServiceBean
	java:module/PatientServiceBean!open.dolphin.session.PatientServiceBean
	java:global/opendolphin-server/PatientServiceBean
	java:app/opendolphin-server/PatientServiceBean
	java:module/PatientServiceBean

[0m[0m04:36:11,990 INFO  [org.jboss.as.ejb3.deployment] (MSC service thread 1-8) WFLYEJB0473: JNDI bindings for session bean named 'ADM20_AdmissionServiceBean' in deployment unit 'deployment "opendolphin-server.war"' are as follows:

	java:global/opendolphin-server/ADM20_AdmissionServiceBean!open.dolphin.adm20.session.ADM20_AdmissionServiceBean
	java:app/opendolphin-server/ADM20_AdmissionServiceBean!open.dolphin.adm20.session.ADM20_AdmissionServiceBean
	java:module/ADM20_AdmissionServiceBean!open.dolphin.adm20.session.ADM20_AdmissionServiceBean
	java:global/opendolphin-server/ADM20_AdmissionServiceBean
	java:app/opendolphin-server/ADM20_AdmissionServiceBean
	java:module/ADM20_AdmissionServiceBean

[0m[0m04:36:11,990 INFO  [org.jboss.as.ejb3.deployment] (MSC service thread 1-8) WFLYEJB0473: JNDI bindings for session bean named 'EHTServiceBean' in deployment unit 'deployment "opendolphin-server.war"' are as follows:

	java:global/opendolphin-server/EHTServiceBean!open.dolphin.touch.session.EHTServiceBean
	java:app/opendolphin-server/EHTServiceBean!open.dolphin.touch.session.EHTServiceBean
	java:module/EHTServiceBean!open.dolphin.touch.session.EHTServiceBean
	java:global/opendolphin-server/EHTServiceBean
	java:app/opendolphin-server/EHTServiceBean
	java:module/EHTServiceBean

[0m[0m04:36:11,990 INFO  [org.jboss.as.ejb3.deployment] (MSC service thread 1-8) WFLYEJB0473: JNDI bindings for session bean named 'SystemServiceBean' in deployment unit 'deployment "opendolphin-server.war"' are as follows:

	java:global/opendolphin-server/SystemServiceBean!open.dolphin.session.SystemServiceBean
	java:app/opendolphin-server/SystemServiceBean!open.dolphin.session.SystemServiceBean
	java:module/SystemServiceBean!open.dolphin.session.SystemServiceBean
	java:global/opendolphin-server/SystemServiceBean
	java:app/opendolphin-server/SystemServiceBean
	java:module/SystemServiceBean

[0m[0m04:36:11,990 INFO  [org.jboss.as.ejb3.deployment] (MSC service thread 1-8) WFLYEJB0473: JNDI bindings for session bean named 'NLabServiceBean' in deployment unit 'deployment "opendolphin-server.war"' are as follows:

	java:global/opendolphin-server/NLabServiceBean!open.dolphin.session.NLabServiceBean
	java:app/opendolphin-server/NLabServiceBean!open.dolphin.session.NLabServiceBean
	java:module/NLabServiceBean!open.dolphin.session.NLabServiceBean
	java:global/opendolphin-server/NLabServiceBean
	java:app/opendolphin-server/NLabServiceBean
	java:module/NLabServiceBean

[0m[0m04:36:11,991 INFO  [org.jboss.as.ejb3.deployment] (MSC service thread 1-8) WFLYEJB0473: JNDI bindings for session bean named 'InitialAccountMaker' in deployment unit 'deployment "opendolphin-server.war"' are as follows:

	java:global/opendolphin-server/InitialAccountMaker!open.dolphin.mbean.InitialAccountMaker
	java:app/opendolphin-server/InitialAccountMaker!open.dolphin.mbean.InitialAccountMaker
	java:module/InitialAccountMaker!open.dolphin.mbean.InitialAccountMaker
	java:global/opendolphin-server/InitialAccountMaker
	java:app/opendolphin-server/InitialAccountMaker
	java:module/InitialAccountMaker

[0m[0m04:36:11,993 INFO  [org.jboss.as.ejb3.deployment] (MSC service thread 1-8) WFLYEJB0473: JNDI bindings for session bean named 'LetterServiceBean' in deployment unit 'deployment "opendolphin-server.war"' are as follows:

	java:global/opendolphin-server/LetterServiceBean!open.dolphin.session.LetterServiceBean
	java:app/opendolphin-server/LetterServiceBean!open.dolphin.session.LetterServiceBean
	java:module/LetterServiceBean!open.dolphin.session.LetterServiceBean
	java:global/opendolphin-server/LetterServiceBean
	java:app/opendolphin-server/LetterServiceBean
	java:module/LetterServiceBean

[0m[0m04:36:11,994 INFO  [org.jboss.as.ejb3.deployment] (MSC service thread 1-8) WFLYEJB0473: JNDI bindings for session bean named 'VitalServiceBean' in deployment unit 'deployment "opendolphin-server.war"' are as follows:

	java:global/opendolphin-server/VitalServiceBean!open.dolphin.session.VitalServiceBean
	java:app/opendolphin-server/VitalServiceBean!open.dolphin.session.VitalServiceBean
	java:module/VitalServiceBean!open.dolphin.session.VitalServiceBean
	java:global/opendolphin-server/VitalServiceBean
	java:app/opendolphin-server/VitalServiceBean
	java:module/VitalServiceBean

[0m[0m04:36:12,577 INFO  [org.infinispan.configuration.cache.EvictionConfigurationBuilder] (ServerService Thread Pool -- 68) ISPN000152: Passivation configured without an eviction policy being selected. Only manually evicted entities will be passivated.
[0m[0m04:36:12,592 INFO  [org.infinispan.configuration.cache.EvictionConfigurationBuilder] (ServerService Thread Pool -- 68) ISPN000152: Passivation configured without an eviction policy being selected. Only manually evicted entities will be passivated.
[0m[0m04:36:12,681 INFO  [org.jboss.as.connector.deployers.jdbc] (MSC service thread 1-6) WFLYJCA0005: Deploying non-JDBC-compliant driver class org.postgresql.Driver (version 9.2)
[0m[0m04:36:12,724 INFO  [org.jboss.weld.Version] (MSC service thread 1-6) WELD-000900: 2.3.5 (Final)
[0m[0m04:36:12,826 INFO  [org.jboss.as.connector.deployers.jdbc] (MSC service thread 1-5) WFLYJCA0018: Started Driver service with driver-name = opendolphin-server.war_org.postgresql.Driver_9_2
[0m[0m04:36:13,043 INFO  [org.jboss.as.clustering.infinispan] (ServerService Thread Pool -- 68) WFLYCLINF0002: Started client-mappings cache from ejb container
[0m[0m04:36:13,065 INFO  [org.jboss.as.jpa] (ServerService Thread Pool -- 71) WFLYJPA0010: Starting Persistence Unit (phase 2 of 2) Service 'opendolphin-server.war#opendolphinPU'
[0m[33m04:36:13,369 WARN  [org.jboss.jca.core.connectionmanager.pool.strategy.OnePool] (ServerService Thread Pool -- 71) IJ000407: No lazy enlistment available for PostgresDS
[0m[0m04:36:13,381 INFO  [org.hibernate.dialect.Dialect] (ServerService Thread Pool -- 71) HHH000400: Using dialect: org.hibernate.dialect.PostgreSQL81Dialect
[0m[0m04:36:13,474 INFO  [org.hibernate.engine.jdbc.env.internal.LobCreatorBuilderImpl] (ServerService Thread Pool -- 71) HHH000424: Disabling contextual LOB creation as createClob() method threw error : java.lang.reflect.InvocationTargetException
[0m[0m04:36:13,489 INFO  [org.hibernate.envers.boot.internal.EnversServiceImpl] (ServerService Thread Pool -- 71) Envers integration enabled? : true
[0m[0m04:36:16,149 INFO  [org.hibernate.tool.hbm2ddl.SchemaUpdate] (ServerService Thread Pool -- 71) HHH000228: Running hbm2ddl schema update
[0m[0m04:36:22,359 INFO  [open.dolphin] (ServerService Thread Pool -- 77) ChartEventServiceBean: start did call
[0m[0m04:36:22,370 INFO  [open.dolphin] (ServerService Thread Pool -- 77) ServerUUID=41741915-24e3-40c3-9efc-f6b862d3d2b4
[0m[0m04:36:22,411 INFO  [open.dolphin] (ServerService Thread Pool -- 73) pvt_idx3 exists
[0m[0m04:36:22,414 INFO  [open.dolphin] (ServerService Thread Pool -- 73) d_karte_idx exists
[0m[0m04:36:22,424 INFO  [open.dolphin] (ServerService Thread Pool -- 73) d_document_idx exists
[0m[0m04:36:22,432 INFO  [open.dolphin] (ServerService Thread Pool -- 73) d_diagnosis_idx exists
[0m[0m04:36:22,439 INFO  [open.dolphin] (ServerService Thread Pool -- 73) d_patient_memo_idx exists
[0m[0m04:36:22,445 INFO  [open.dolphin] (ServerService Thread Pool -- 73) d_letter_module_idx exists
[0m[0m04:36:22,452 INFO  [open.dolphin] (ServerService Thread Pool -- 73) d_observation_idx exists
[0m[0m04:36:22,455 INFO  [open.dolphin] (ServerService Thread Pool -- 73) d_module_idx exists
[0m[0m04:36:22,458 INFO  [open.dolphin] (ServerService Thread Pool -- 73) d_image_idx exists
[0m[0m04:36:22,459 INFO  [open.dolphin] (ServerService Thread Pool -- 73) d_attachment_idx exists
[0m[0m04:36:22,459 INFO  [open.dolphin] (ServerService Thread Pool -- 73) d_nlabo_module_idx exists
[0m[0m04:36:22,462 INFO  [open.dolphin] (ServerService Thread Pool -- 73) d_nlabo_item_idx exists
[0m[0m04:36:22,463 INFO  [open.dolphin] (ServerService Thread Pool -- 73) fid_pid_idx exists
[0m[0m04:36:22,463 INFO  [open.dolphin] (ServerService Thread Pool -- 73) pvt_idx1 exists
[0m[0m04:36:22,464 INFO  [open.dolphin] (ServerService Thread Pool -- 73) pub_tree_idx1 exists
[0m[0m04:36:22,464 INFO  [open.dolphin] (ServerService Thread Pool -- 73) patient_idx1 dose not exists
[0m[0m04:36:22,484 INFO  [org.hibernate.hql.internal.QueryTranslatorFactoryInitiator] (ServerService Thread Pool -- 77) HHH000397: Using ASTQueryTranslatorFactory
[0m[0m04:36:22,582 INFO  [stdout] (ServerService Thread Pool -- 77) Hibernate: select patientvis0_.id as id1_37_, patientvis0_.department as departme2_37_, patientvis0_.deptCode as deptCode3_37_, patientvis0_.deptName as deptName4_37_, patientvis0_.doctorId as doctorId5_37_, patientvis0_.doctorName as doctorNa6_37_, patientvis0_.facilityId as facility7_37_, patientvis0_.firstInsurance as firstIns8_37_, patientvis0_.insuranceUid as insuranc9_37_, patientvis0_.jmariNumber as jmariNu10_37_, patientvis0_.memo as memo11_37_, patientvis0_.patient_id as patient14_37_, patientvis0_.pvtDate as pvtDate12_37_, patientvis0_.status as status13_37_ from d_patient_visit patientvis0_ where patientvis0_.pvtDate>=? and patientvis0_.pvtDate<? order by patientvis0_.id
[0m[0m04:36:22,600 INFO  [open.dolphin] (ServerService Thread Pool -- 77) ChartEventService: initializePvtList did done
[0m[0m04:36:23,827 INFO  [javax.enterprise.resource.webcontainer.jsf.config] (ServerService Thread Pool -- 77) Initializing Mojarra 2.2.13.SP1 20160303-1204 for context '/openDolphin'
[0m[0m04:36:25,077 INFO  [org.wildfly.extension.undertow] (ServerService Thread Pool -- 77) WFLYUT0021: Registered web context: /openDolphin
[0m[0m04:36:25,322 INFO  [org.jboss.as.server] (ServerService Thread Pool -- 37) WFLYSRV0010: Deployed "opendolphin-server.war" (runtime-name : "opendolphin-server.war")
[0m[0m04:36:25,547 INFO  [open.dolphin] (default task-1) 127.0.0.1 dolphin GET /dolphin
[0m[0m04:36:25,553 INFO  [open.dolphin] (default task-1) 127.0.0.1 dolphin GET /dolphin
[0m[31m04:36:25,953 ERROR [org.jboss.as.controller] (Controller Boot Thread) WFLYCTL0056: Could not rename /opt/jboss/wildfly/standalone/configuration/standalone_xml_history/current to /opt/jboss/wildfly/standalone/configuration/standalone_xml_history/20251109-043625936: java.nio.file.DirectoryNotEmptyException: /opt/jboss/wildfly/standalone/configuration/standalone_xml_history/current
	at sun.nio.fs.UnixCopyFile.move(UnixCopyFile.java:498)
	at sun.nio.fs.UnixFileSystemProvider.move(UnixFileSystemProvider.java:262)
	at java.nio.file.Files.move(Files.java:1395)
	at org.jboss.as.controller.persistence.ConfigurationFile.forcedMove(ConfigurationFile.java:738)
	at org.jboss.as.controller.persistence.ConfigurationFile.createHistoryDirectory(ConfigurationFile.java:627)
	at org.jboss.as.controller.persistence.ConfigurationFile.successfulBoot(ConfigurationFile.java:471)
	at org.jboss.as.controller.persistence.BackupXmlConfigurationPersister.successfulBoot(BackupXmlConfigurationPersister.java:94)
	at org.jboss.as.controller.AbstractControllerService.finishBoot(AbstractControllerService.java:452)
	at org.jboss.as.server.ServerService.boot(ServerService.java:368)
	at org.jboss.as.controller.AbstractControllerService$1.run(AbstractControllerService.java:299)
	at java.lang.Thread.run(Thread.java:748)

[0m[33m04:36:25,963 WARN  [org.jboss.as.controller] (Controller Boot Thread) WFLYCTL0414: Could not create a timestamped backup of current history dir /opt/jboss/wildfly/standalone/configuration/standalone_xml_history/current, so it may still include versions from the previous boot.
[0m[0m04:36:25,976 INFO  [org.jboss.as] (Controller Boot Thread) WFLYSRV0060: Http management interface listening on http://0.0.0.0:9990/management
[0m[0m04:36:25,978 INFO  [org.jboss.as] (Controller Boot Thread) WFLYSRV0051: Admin console listening on http://0.0.0.0:9990
[0m[0m04:36:25,978 INFO  [org.jboss.as] (Controller Boot Thread) WFLYSRV0025: WildFly Full 10.1.0.Final (WildFly Core 2.2.0.Final) started in 29895ms - Started 964 of 1199 services (424 services are lazy, passive or on-demand)
