2109:opendolphin-server-modernized-dev  | [0m[0m09:09:28,537 INFO  [open.dolphin] (default task-1) 172.19.0.7 doctor1 GET /lab/module/WEB1001,0,5 traceId=parity-lab-20251110T234440Z
2110:opendolphin-server-modernized-dev  | [0m[0m09:09:28,537 INFO  [open.dolphin] (default task-1) 172.19.0.7 doctor1 GET /lab/module/WEB1001,0,5 traceId=parity-lab-20251110T234440Z
2111-opendolphin-server-modernized-dev  | [0m[0m09:09:28,554 INFO  [stdout] (default task-1) Hibernate: select nm1_0.id,nm1_0.laboCenterCode,nm1_0.moduleKey,nm1_0.numOfItems,nm1_0.patientId,nm1_0.patientName,nm1_0.patientSex,nm1_0.reportFormat,nm1_0.sampleDate from d_nlabo_module nm1_0 where nm1_0.patientId=? order by nm1_0.sampleDate desc offset ? rows fetch first ? rows only
2112-opendolphin-server-modernized-dev  | [0m[33m09:09:28,557 WARN  [org.hibernate.engine.jdbc.spi.SqlExceptionHelper] (default task-1) SQL Error: 0, SQLState: 42P01
2113-opendolphin-server-modernized-dev  | [0m[31m09:09:28,557 ERROR [org.hibernate.engine.jdbc.spi.SqlExceptionHelper] (default task-1) ERROR: relation "d_nlabo_module" does not exist
2114-opendolphin-server-modernized-dev  |   Position: 163
2115:opendolphin-server-modernized-dev  | [0m[31m09:09:28,557 ERROR [open.dolphin.session.framework.SessionOperationInterceptor] (default task-1) Session operation failed [traceId=parity-lab-20251110T234440Z, operation=open.dolphin.session.NLabServiceBean$Proxy$_$$_WeldSubclass#getLaboTest]: open.dolphin.session.framework.SessionServiceException: Session layer failure in open.dolphin.session.NLabServiceBean$Proxy$_$$_WeldSubclass#getLaboTest
2116-opendolphin-server-modernized-dev  | 	at deployment.opendolphin-server.war//open.dolphin.session.framework.SessionOperationInterceptor.wrapException(SessionOperationInterceptor.java:54)
2117-opendolphin-server-modernized-dev  | 	at deployment.opendolphin-server.war//open.dolphin.session.framework.SessionOperationInterceptor.aroundInvoke(SessionOperationInterceptor.java:39)
2118-opendolphin-server-modernized-dev  | 	at java.base/jdk.internal.reflect.NativeMethodAccessorImpl.invoke0(Native Method)
2119-opendolphin-server-modernized-dev  | 	at java.base/jdk.internal.reflect.NativeMethodAccessorImpl.invoke(NativeMethodAccessorImpl.java:77)
2120-opendolphin-server-modernized-dev  | 	at java.base/jdk.internal.reflect.DelegatingMethodAccessorImpl.invoke(DelegatingMethodAccessorImpl.java:43)
2121-opendolphin-server-modernized-dev  | 	at java.base/java.lang.reflect.Method.invoke(Method.java:569)
2122-opendolphin-server-modernized-dev  | 	at org.jboss.weld.core@5.1.2.Final//org.jboss.weld.interceptor.reader.SimpleInterceptorInvocation$SimpleMethodInvocation.invoke(SimpleInterceptorInvocation.java:75)
2123-opendolphin-server-modernized-dev  | 	at org.jboss.weld.core@5.1.2.Final//org.jboss.weld.interceptor.proxy.NonTerminalAroundInvokeInvocationContext.proceedInternal(NonTerminalAroundInvokeInvocationContext.java:72)
2124-opendolphin-server-modernized-dev  | 	at org.jboss.weld.core@5.1.2.Final//org.jboss.weld.interceptor.proxy.AroundInvokeInvocationContext.proceed(AroundInvokeInvocationContext.java:86)
2125-opendolphin-server-modernized-dev  | 	at org.jboss.jts//com.arjuna.ats.jta.cdi.transactional.TransactionalInterceptorBase.invokeInOurTx(TransactionalInterceptorBase.java:181)
2126-opendolphin-server-modernized-dev  | 	at org.jboss.jts//com.arjuna.ats.jta.cdi.transactional.TransactionalInterceptorBase.invokeInOurTx(TransactionalInterceptorBase.java:169)
2127-opendolphin-server-modernized-dev  | 	at org.jboss.jts//com.arjuna.ats.jta.cdi.transactional.TransactionalInterceptorRequired.doIntercept(TransactionalInterceptorRequired.java:37)
2128-opendolphin-server-modernized-dev  | 	at org.jboss.jts//com.arjuna.ats.jta.cdi.transactional.TransactionalInterceptorBase.intercept(TransactionalInterceptorBase.java:74)
2129-opendolphin-server-modernized-dev  | 	at org.jboss.jts//com.arjuna.ats.jta.cdi.transactional.TransactionalInterceptorRequired.intercept(TransactionalInterceptorRequired.java:31)
2130-opendolphin-server-modernized-dev  | 	at java.base/jdk.internal.reflect.NativeMethodAccessorImpl.invoke0(Native Method)
2131-opendolphin-server-modernized-dev  | 	at java.base/jdk.internal.reflect.NativeMethodAccessorImpl.invoke(NativeMethodAccessorImpl.java:77)
2132-opendolphin-server-modernized-dev  | 	at java.base/jdk.internal.reflect.DelegatingMethodAccessorImpl.invoke(DelegatingMethodAccessorImpl.java:43)
2133-opendolphin-server-modernized-dev  | 	at java.base/java.lang.reflect.Method.invoke(Method.java:569)
2134-opendolphin-server-modernized-dev  | 	at org.jboss.weld.core@5.1.2.Final//org.jboss.weld.interceptor.reader.SimpleInterceptorInvocation$SimpleMethodInvocation.invoke(SimpleInterceptorInvocation.java:75)
2135-opendolphin-server-modernized-dev  | 	at org.jboss.weld.core@5.1.2.Final//org.jboss.weld.interceptor.proxy.InterceptorMethodHandler.executeAroundInvoke(InterceptorMethodHandler.java:90)
2136-opendolphin-server-modernized-dev  | 	at org.jboss.weld.core@5.1.2.Final//org.jboss.weld.interceptor.proxy.InterceptorMethodHandler.executeInterception(InterceptorMethodHandler.java:73)
2137-opendolphin-server-modernized-dev  | 	at org.jboss.weld.core@5.1.2.Final//org.jboss.weld.interceptor.proxy.InterceptorMethodHandler.invoke(InterceptorMethodHandler.java:56)
2138-opendolphin-server-modernized-dev  | 	at org.jboss.weld.core@5.1.2.Final//org.jboss.weld.bean.proxy.CombinedInterceptorAndDecoratorStackMethodHandler.invoke(CombinedInterceptorAndDecoratorStackMethodHandler.java:80)
2139-opendolphin-server-modernized-dev  | 	at org.jboss.weld.core@5.1.2.Final//org.jboss.weld.bean.proxy.CombinedInterceptorAndDecoratorStackMethodHandler.invoke(CombinedInterceptorAndDecoratorStackMethodHandler.java:68)
2140-opendolphin-server-modernized-dev  | 	at deployment.opendolphin-server.war//open.dolphin.session.NLabServiceBean$Proxy$_$$_WeldSubclass.getLaboTest(Unknown Source)
2141-opendolphin-server-modernized-dev  | 	at deployment.opendolphin-server.war//open.dolphin.session.NLabServiceBean$Proxy$_$$_WeldClientProxy.getLaboTest(Unknown Source)
2142-opendolphin-server-modernized-dev  | 	at deployment.opendolphin-server.war//open.dolphin.rest.NLabResource.getLaboTest(NLabResource.java:48)
2143-opendolphin-server-modernized-dev  | 	at deployment.opendolphin-server.war//open.dolphin.rest.NLabResource$Proxy$_$$_WeldClientProxy.getLaboTest(Unknown Source)
2144-opendolphin-server-modernized-dev  | 	at java.base/jdk.internal.reflect.NativeMethodAccessorImpl.invoke0(Native Method)
2145-opendolphin-server-modernized-dev  | 	at java.base/jdk.internal.reflect.NativeMethodAccessorImpl.invoke(NativeMethodAccessorImpl.java:77)
