== Info: Host localhost:9085 was resolved.
== Info: IPv6: ::1
== Info: IPv4: 127.0.0.1
== Info:   Trying [::1]:9085...
== Info: Connected to localhost (::1) port 9085
=> Send header, 385 bytes (0x181)
0000: POST /openDolphin/resources/orca/disease HTTP/1.1
0033: Host: localhost:9085
0049: User-Agent: curl/8.7.1
0061: userName: <MASKED>
0088: password: <MASKED>
00b4: Accept: application/json
00ce: Content-Type: application/json
00ee: X-Trace-Id: orca-compat-20260105T142945Z-disease-empty-name
012b: X-Request-Id: orca-compat-20260105T142945Z-disease-empty-name
016a: Content-Length: 109
017f: 
=> Send data, 109 bytes (0x6d)
0000: {  "patientId": "000101",  "operations": [    {      "operation"
0040: : "create",      "diagnosisName": ""    }  ]}
== Info: upload completely sent off: 109 bytes
<= Recv header, 26 bytes (0x1a)
0000: HTTP/1.1 400 Bad Request
<= Recv header, 30 bytes (0x1e)
0000: Referrer-Policy: no-referrer
<= Recv header, 45 bytes (0x2d)
0000: Content-Security-Policy: default-src 'self'
<= Recv header, 61 bytes (0x3d)
0000: X-Trace-Id: orca-compat-20260105T142945Z-disease-empty-name
<= Recv header, 37 bytes (0x25)
0000: Date: Mon, 05 Jan 2026 14:37:19 GMT
<= Recv header, 24 bytes (0x18)
0000: Connection: keep-alive
<= Recv header, 33 bytes (0x21)
0000: X-Content-Type-Options: nosniff
<= Recv header, 64 bytes (0x40)
0000: Strict-Transport-Security: max-age=63072000; includeSubDomains
<= Recv header, 32 bytes (0x20)
0000: Content-Type: application/json
<= Recv header, 21 bytes (0x15)
0000: Content-Length: 255
<= Recv header, 2 bytes (0x2)
0000: 
<= Recv data, 255 bytes (0xff)
0000: {"error":"invalid_request","code":"invalid_request","message":"d
0040: iagnosisName is required","status":400,"traceId":"orca-compat-20
0080: 260105T142945Z-disease-empty-name","path":"/openDolphin/resource
00c0: s/orca/disease","field":"diagnosisName","validationError":true}
== Info: Connection #0 to host localhost left intact
