== Info: Host localhost:9085 was resolved.
== Info: IPv6: ::1
== Info: IPv4: 127.0.0.1
== Info:   Trying [::1]:9085...
== Info: Connected to localhost (::1) port 9085
=> Send header, 402 bytes (0x192)
0000: POST /openDolphin/resources/orca/medical/records HTTP/1.1
003b: Host: localhost:9085
0051: User-Agent: curl/8.7.1
0069: userName: <MASKED>
0090: password: <MASKED>
00bc: Accept: application/json
00d6: Content-Type: application/json
00f6: X-Trace-Id: orca-compat-20260105T142945Z-medical-missing-patient
0138: X-Request-Id: orca-compat-20260105T142945Z-medical-missing-patie
0178: nt
017c: Content-Length: 53
0190: 
=> Send data, 53 bytes (0x35)
0000: {  "fromDate": "2025-12-01",  "toDate": "2026-01-05"}
== Info: upload completely sent off: 53 bytes
<= Recv header, 26 bytes (0x1a)
0000: HTTP/1.1 400 Bad Request
<= Recv header, 30 bytes (0x1e)
0000: Referrer-Policy: no-referrer
<= Recv header, 45 bytes (0x2d)
0000: Content-Security-Policy: default-src 'self'
<= Recv header, 66 bytes (0x42)
0000: X-Trace-Id: orca-compat-20260105T142945Z-medical-missing-patient
<= Recv header, 37 bytes (0x25)
0000: Date: Mon, 05 Jan 2026 14:37:44 GMT
<= Recv header, 24 bytes (0x18)
0000: Connection: keep-alive
<= Recv header, 33 bytes (0x21)
0000: X-Content-Type-Options: nosniff
<= Recv header, 64 bytes (0x40)
0000: Strict-Transport-Security: max-age=63072000; includeSubDomains
<= Recv header, 32 bytes (0x20)
0000: Content-Type: application/json
<= Recv header, 21 bytes (0x15)
0000: Content-Length: 261
<= Recv header, 2 bytes (0x2)
0000: 
<= Recv data, 261 bytes (0x105)
0000: {"error":"invalid_request","code":"invalid_request","message":"P
0040: atient_ID is required","status":400,"traceId":"orca-compat-20260
0080: 105T142945Z-medical-missing-patient","path":"/openDolphin/resour
00c0: ces/orca/medical/records","field":"patientId","validationError":
0100: true}
== Info: Connection #0 to host localhost left intact
