== Info: Host localhost:9085 was resolved.
== Info: IPv6: ::1
== Info: IPv4: 127.0.0.1
== Info:   Trying [::1]:9085...
== Info: Connected to localhost (::1) port 9085
=> Send header, 373 bytes (0x175)
0000: GET /openDolphin/resources/orca/order/bundles?patientId=000101&e
0040: ntity=invalid HTTP/1.1
0058: Host: localhost:9085
006e: User-Agent: curl/8.7.1
0086: userName: <MASKED>
00ad: password: <MASKED>
00d9: Accept: application/json
00f3: X-Trace-Id: orca-compat-20260105T142945Z-order-entity-invalid
0132: X-Request-Id: orca-compat-20260105T142945Z-order-entity-invalid
0173: 
== Info: Request completely sent off
<= Recv header, 26 bytes (0x1a)
0000: HTTP/1.1 400 Bad Request
<= Recv header, 30 bytes (0x1e)
0000: Referrer-Policy: no-referrer
<= Recv header, 45 bytes (0x2d)
0000: Content-Security-Policy: default-src 'self'
<= Recv header, 63 bytes (0x3f)
0000: X-Trace-Id: orca-compat-20260105T142945Z-order-entity-invalid
<= Recv header, 37 bytes (0x25)
0000: Date: Mon, 05 Jan 2026 14:37:30 GMT
<= Recv header, 24 bytes (0x18)
0000: Connection: keep-alive
<= Recv header, 33 bytes (0x21)
0000: X-Content-Type-Options: nosniff
<= Recv header, 64 bytes (0x40)
0000: Strict-Transport-Security: max-age=63072000; includeSubDomains
<= Recv header, 32 bytes (0x20)
0000: Content-Type: application/json
<= Recv header, 21 bytes (0x15)
0000: Content-Length: 248
<= Recv header, 2 bytes (0x2)
0000: 
<= Recv data, 248 bytes (0xf8)
0000: {"error":"invalid_request","code":"invalid_request","message":"e
0040: ntity is invalid","status":400,"traceId":"orca-compat-20260105T1
0080: 42945Z-order-entity-invalid","path":"/openDolphin/resources/orca
00c0: /order/bundles","field":"entity","validationError":true}
== Info: Connection #0 to host localhost left intact
