== Info: Host localhost:9085 was resolved.
== Info: IPv6: ::1
== Info: IPv4: 127.0.0.1
== Info:   Trying [::1]:9085...
== Info: Connected to localhost (::1) port 9085
=> Send header, 393 bytes (0x189)
0000: POST /openDolphin/resources/orca/patient/mutation HTTP/1.1
003c: Host: localhost:9085
0052: User-Agent: curl/8.7.1
006a: userName: <MASKED>
0091: password: <MASKED>
00bd: Accept: application/json
00d7: Content-Type: application/json
00f7: X-Trace-Id: orca-compat-20260105T142945Z-patient-invalid-op
0134: X-Request-Id: orca-compat-20260105T142945Z-patient-invalid-op
0173: Content-Length: 98
0187: 
=> Send data, 98 bytes (0x62)
0000: {  "operation": "invalid",  "patient": {    "patientId": "000101
0040: ",    "wholeName": "Test Taro"  }}
== Info: upload completely sent off: 98 bytes
<= Recv header, 26 bytes (0x1a)
0000: HTTP/1.1 400 Bad Request
<= Recv header, 30 bytes (0x1e)
0000: Referrer-Policy: no-referrer
<= Recv header, 45 bytes (0x2d)
0000: Content-Security-Policy: default-src 'self'
<= Recv header, 61 bytes (0x3d)
0000: X-Trace-Id: orca-compat-20260105T142945Z-patient-invalid-op
<= Recv header, 37 bytes (0x25)
0000: Date: Mon, 05 Jan 2026 14:37:02 GMT
<= Recv header, 24 bytes (0x18)
0000: Connection: keep-alive
<= Recv header, 33 bytes (0x21)
0000: X-Content-Type-Options: nosniff
<= Recv header, 64 bytes (0x40)
0000: Strict-Transport-Security: max-age=63072000; includeSubDomains
<= Recv header, 32 bytes (0x20)
0000: Content-Type: application/json
<= Recv header, 21 bytes (0x15)
0000: Content-Length: 265
<= Recv header, 2 bytes (0x2)
0000: 
<= Recv data, 265 bytes (0x109)
0000: {"error":"invalid_request","code":"invalid_request","message":"U
0040: nsupported operation: invalid","status":400,"traceId":"orca-comp
0080: at-20260105T142945Z-patient-invalid-op","path":"/openDolphin/res
00c0: ources/orca/patient/mutation","field":"operation","validationErr
0100: or":true}
== Info: Connection #0 to host localhost left intact
