== Info: Host localhost:9085 was resolved.
== Info: IPv6: ::1
== Info: IPv4: 127.0.0.1
== Info:   Trying [::1]:9085...
== Info: Connected to localhost (::1) port 9085
=> Send header, 377 bytes (0x179)
0000: POST /openDolphin/resources/orca/disease HTTP/1.1
0033: Host: localhost:9085
0049: User-Agent: curl/8.7.1
0061: userName: <MASKED>
0088: password: <MASKED>
00b4: Accept: application/json
00ce: Content-Type: application/json
00ee: X-Trace-Id: orca-compat-20260105T142945Z-disease-create
0127: X-Request-Id: orca-compat-20260105T142945Z-disease-create
0162: Content-Length: 237
0177: 
=> Send data, 237 bytes (0xed)
0000: {  "patientId": "000101",  "operations": [    {      "operation"
0040: : "create",      "diagnosisName": "Common Cold",      "diagnosis
0080: Code": "J00",      "departmentCode": "01",      "startDate": "20
00c0: 26-01-05",      "outcome": "ongoing"    }  ]}
== Info: upload completely sent off: 237 bytes
<= Recv header, 36 bytes (0x24)
0000: HTTP/1.1 500 Internal Server Error
<= Recv header, 30 bytes (0x1e)
0000: Referrer-Policy: no-referrer
<= Recv header, 45 bytes (0x2d)
0000: Content-Security-Policy: default-src 'self'
<= Recv header, 57 bytes (0x39)
0000: X-Trace-Id: orca-compat-20260105T142945Z-disease-create
<= Recv header, 37 bytes (0x25)
0000: Date: Mon, 05 Jan 2026 14:35:59 GMT
<= Recv header, 24 bytes (0x18)
0000: Connection: keep-alive
<= Recv header, 33 bytes (0x21)
0000: X-Content-Type-Options: nosniff
<= Recv header, 64 bytes (0x40)
0000: Strict-Transport-Security: max-age=63072000; includeSubDomains
<= Recv header, 32 bytes (0x20)
0000: Content-Type: application/json
<= Recv header, 20 bytes (0x14)
0000: Content-Length: 98
<= Recv header, 2 bytes (0x2)
0000: 
<= Recv data, 98 bytes (0x62)
0000: Session layer failure in open.dolphin.session.KarteServiceBean$P
0040: roxy$_$$_WeldSubclass#addDiagnosis
== Info: Connection #0 to host localhost left intact
