== Info: Host localhost:9085 was resolved.
== Info: IPv6: ::1
== Info: IPv4: 127.0.0.1
== Info:   Trying [::1]:9085...
== Info: Connected to localhost (::1) port 9085
=> Send header, 392 bytes (0x188)
0000: POST /openDolphin/resources/orca21/medicalmodv2/outpatient HTTP/
0040: 1.1
0045: Host: localhost:9085
005b: User-Agent: curl/8.7.1
0073: userName: <MASKED>
009a: password: <MASKED>
00c6: Accept: application/json
00e0: Content-Type: application/json
0100: X-Trace-Id: orca-compat-20260105T142945Z-outpatient-ok
0138: X-Request-Id: orca-compat-20260105T142945Z-outpatient-ok
0172: Content-Length: 49
0186: 
=> Send data, 49 bytes (0x31)
0000: {  "Patient_ID": "000101",  "date": "2026-01-05"}
== Info: upload completely sent off: 49 bytes
<= Recv header, 17 bytes (0x11)
0000: HTTP/1.1 200 OK
<= Recv header, 30 bytes (0x1e)
0000: Referrer-Policy: no-referrer
<= Recv header, 45 bytes (0x2d)
0000: Content-Security-Policy: default-src 'self'
<= Recv header, 56 bytes (0x38)
0000: X-Trace-Id: orca-compat-20260105T142945Z-outpatient-ok
<= Recv header, 37 bytes (0x25)
0000: Date: Mon, 05 Jan 2026 14:41:36 GMT
<= Recv header, 24 bytes (0x18)
0000: Connection: keep-alive
<= Recv header, 33 bytes (0x21)
0000: X-Content-Type-Options: nosniff
<= Recv header, 64 bytes (0x40)
0000: Strict-Transport-Security: max-age=63072000; includeSubDomains
<= Recv header, 32 bytes (0x20)
0000: Content-Type: application/json
<= Recv header, 22 bytes (0x16)
0000: Content-Length: 2594
<= Recv header, 2 bytes (0x2)
0000: 
<= Recv data, 2594 bytes (0xa22)
0000: {"runId":"20260105T144136Z","traceId":"orca-compat-20260105T1429
0040: 45Z-outpatient-ok","requestId":"orca-compat-20260105T142945Z-out
0080: patient-ok","dataSource":"server","dataSourceTransition":"server
00c0: ","cacheHit":false,"missingMaster":false,"fallbackUsed":false,"f
0100: etchedAt":"2026-01-05T14:41:36.874573631Z","recordsReturned":2,"
0140: outcome":"SUCCESS","outpatientList":[{"voucherNumber":"20","appo
0180: intmentId":null,"department":"Internal","physician":"Dr One","ou
01c0: tcome":"MISSING","recordsReturned":null,"patient":{"patientId":"
0200: 000001","wholeName":"Test Taro","wholeNameKana":"TEST TARO","bir
0240: thDate":"1980-01-01","sex":"M"},"sections":{"diagnosis":{"outcom
0280: e":"MISSING","recordsReturned":0,"message":null,"items":[]},"pre
02c0: scription":{"outcome":"MISSING","recordsReturned":0,"message":nu
0300: ll,"items":[]},"lab":{"outcome":"MISSING","recordsReturned":0,"m
0340: essage":null,"items":[]},"procedure":{"outcome":"MISSING","recor
0380: dsReturned":0,"message":null,"items":[]},"memo":{"outcome":"MISS
03c0: ING","recordsReturned":0,"message":null,"items":[]}}},{"voucherN
0400: umber":"22","appointmentId":null,"department":"Internal","physic
0440: ian":"Dr One","outcome":"SUCCESS","recordsReturned":2,"patient":
0480: {"patientId":"000101","wholeName":"Test Taro","wholeNameKana":"T
04c0: EST TARO","birthDate":"1980-01-01","sex":"M"},"sections":{"diagn
0500: osis":{"outcome":"SUCCESS","recordsReturned":1,"message":null,"i
0540: tems":[{"name":"Common Cold","code":"J00","date":"2026-01-05","s
0580: tatus":"ongoing","dose":null,"frequency":null,"days":null,"resul
05c0: t":null,"value":null,"unit":null,"text":null}]},"prescription":{
0600: "outcome":"SUCCESS","recordsReturned":1,"message":null,"items":[
0640: {"name":"Amoxicillin","code":null,"date":null,"status":null,"dos
0680: e":"1TAB","frequency":null,"days":null,"result":null,"value":nul
06c0: l,"unit":null,"text":null}]},"lab":{"outcome":"MISSING","records
0700: Returned":0,"message":null,"items":[]},"procedure":{"outcome":"M
0740: ISSING","recordsReturned":0,"message":null,"items":[]},"memo":{"
0780: outcome":"MISSING","recordsReturned":0,"message":null,"items":[]
07c0: }}}],"auditEvent":{"action":"ORCA_MEDICAL_GET","resource":"/orca
0800: 21/medicalmodv2/outpatient","outcome":"SUCCESS","details":{"faci
0840: lityId":"LOCAL.FACILITY.0001","runId":"20260105T144136Z","dataSo
0880: urce":"server","dataSourceTransition":"server","cacheHit":false,
08c0: "missingMaster":false,"fallbackUsed":false,"fetchedAt":"2026-01-
0900: 05T14:41:36.874573631Z","recordsReturned":2,"outcome":"SUCCESS",
0940: "resource":"/orca21/medicalmodv2/outpatient","telemetryFunnelSta
0980: ge":"charts_orchestration","patientsReturned":2},"traceId":"orca
09c0: -compat-20260105T142945Z-outpatient-ok","requestId":"orca-compat
0a00: -20260105T142945Z-outpatient-ok"}}
== Info: Connection #0 to host localhost left intact
