== Info: Host localhost:9085 was resolved.
== Info: IPv6: ::1
== Info: IPv4: 127.0.0.1
== Info:   Trying [::1]:9085...
== Info: Connected to localhost (::1) port 9085
=> Send header, 386 bytes (0x182)
0000: POST /openDolphin/resources/orca21/medicalmodv2/outpatient HTTP/
0040: 1.1
0045: Host: localhost:9085
005b: User-Agent: curl/8.7.1
0073: userName: <MASKED>
009a: password: <MASKED>
00c6: Accept: application/json
00e0: Content-Type: application/json
0100: X-Trace-Id: orca-compat-20260105T142945Z-outpatient
0135: X-Request-Id: orca-compat-20260105T142945Z-outpatient
016c: Content-Length: 49
0180: 
=> Send data, 49 bytes (0x31)
0000: {  "Patient_ID": "000101",  "date": "2026-01-05"}
== Info: upload completely sent off: 49 bytes
<= Recv header, 17 bytes (0x11)
0000: HTTP/1.1 200 OK
<= Recv header, 30 bytes (0x1e)
0000: Referrer-Policy: no-referrer
<= Recv header, 45 bytes (0x2d)
0000: Content-Security-Policy: default-src 'self'
<= Recv header, 53 bytes (0x35)
0000: X-Trace-Id: orca-compat-20260105T142945Z-outpatient
<= Recv header, 37 bytes (0x25)
0000: Date: Mon, 05 Jan 2026 14:36:47 GMT
<= Recv header, 24 bytes (0x18)
0000: Connection: keep-alive
<= Recv header, 33 bytes (0x21)
0000: X-Content-Type-Options: nosniff
<= Recv header, 64 bytes (0x40)
0000: Strict-Transport-Security: max-age=63072000; includeSubDomains
<= Recv header, 32 bytes (0x20)
0000: Content-Type: application/json
<= Recv header, 22 bytes (0x16)
0000: Content-Length: 2265
<= Recv header, 2 bytes (0x2)
0000: 
<= Recv data, 2265 bytes (0x8d9)
0000: {"runId":"20260105T143647Z","traceId":"orca-compat-20260105T1429
0040: 45Z-outpatient","requestId":"orca-compat-20260105T142945Z-outpat
0080: ient","dataSource":"server","dataSourceTransition":"server","cac
00c0: heHit":false,"missingMaster":false,"fallbackUsed":false,"fetched
0100: At":"2026-01-05T14:36:47.574220636Z","recordsReturned":2,"outcom
0140: e":"SUCCESS","outpatientList":[{"voucherNumber":"20","appointmen
0180: tId":null,"department":"Internal","physician":"Dr One","outcome"
01c0: :"MISSING","recordsReturned":null,"patient":{"patientId":"000001
0200: ","wholeName":"Test Taro","wholeNameKana":"TEST TARO","birthDate
0240: ":"1980-01-01","sex":"M"},"sections":{"diagnosis":{"outcome":"MI
0280: SSING","recordsReturned":0,"message":null,"items":[]},"prescript
02c0: ion":{"outcome":"MISSING","recordsReturned":0,"message":null,"it
0300: ems":[]},"lab":{"outcome":"MISSING","recordsReturned":0,"message
0340: ":null,"items":[]},"procedure":{"outcome":"MISSING","recordsRetu
0380: rned":0,"message":null,"items":[]},"memo":{"outcome":"MISSING","
03c0: recordsReturned":0,"message":null,"items":[]}}},{"voucherNumber"
0400: :"22","appointmentId":null,"department":"Internal","physician":"
0440: Dr One","outcome":"MISSING","recordsReturned":null,"patient":{"p
0480: atientId":"000101","wholeName":"Test Taro","wholeNameKana":"TEST
04c0:  TARO","birthDate":"1980-01-01","sex":"M"},"sections":{"diagnosi
0500: s":{"outcome":"MISSING","recordsReturned":0,"message":null,"item
0540: s":[]},"prescription":{"outcome":"MISSING","recordsReturned":0,"
0580: message":null,"items":[]},"lab":{"outcome":"MISSING","recordsRet
05c0: urned":0,"message":null,"items":[]},"procedure":{"outcome":"MISS
0600: ING","recordsReturned":0,"message":null,"items":[]},"memo":{"out
0640: come":"MISSING","recordsReturned":0,"message":null,"items":[]}}}
0680: ],"auditEvent":{"action":"ORCA_MEDICAL_GET","resource":"/orca21/
06c0: medicalmodv2/outpatient","outcome":"SUCCESS","details":{"facilit
0700: yId":"LOCAL.FACILITY.0001","runId":"20260105T143647Z","dataSourc
0740: e":"server","dataSourceTransition":"server","cacheHit":false,"mi
0780: ssingMaster":false,"fallbackUsed":false,"fetchedAt":"2026-01-05T
07c0: 14:36:47.574220636Z","recordsReturned":2,"outcome":"SUCCESS","re
0800: source":"/orca21/medicalmodv2/outpatient","telemetryFunnelStage"
0840: :"charts_orchestration","patientsReturned":2},"traceId":"orca-co
0880: mpat-20260105T142945Z-outpatient","requestId":"orca-compat-20260
08c0: 105T142945Z-outpatient"}}
== Info: Connection #0 to host localhost left intact
