3-opendolphin-server  | [0m[0m21:45:43,011 INFO  [stdout] (default task-5) Hibernate: select patientmod0_.id as id1_34_, patientmod0_.address as address2_34_, patientmod0_.zipCode as zipCode3_34_, patientmod0_.appMemo as appMemo4_34_, patientmod0_.birthday as birthday5_34_, patientmod0_.email as email6_34_, patientmod0_.facilityId as facility7_34_, patientmod0_.familyName as familyNa8_34_, patientmod0_.fullName as fullName9_34_, patientmod0_.gender as gender10_34_, patientmod0_.genderDesc as genderD11_34_, patientmod0_.givenName as givenNa12_34_, patientmod0_.jpegPhoto as jpegPho13_34_, patientmod0_.kanaFamilyName as kanaFam14_34_, patientmod0_.kanaGivenName as kanaGiv15_34_, patientmod0_.kanaName as kanaNam16_34_, patientmod0_.maritalStatus as marital17_34_, patientmod0_.memo as memo18_34_, patientmod0_.mobilePhone as mobileP19_34_, patientmod0_.nationality as nationa20_34_, patientmod0_.ownerUUID as ownerUU21_34_, patientmod0_.patientId as patient22_34_, patientmod0_.relations as relatio23_34_, patientmod0_.reserve1 as reserve24_34_, patientmod0_.reserve2 as reserve25_34_, patientmod0_.reserve3 as reserve26_34_, patientmod0_.reserve4 as reserve27_34_, patientmod0_.reserve5 as reserve28_34_, patientmod0_.reserve6 as reserve29_34_, patientmod0_.romanFamilyName as romanFa30_34_, patientmod0_.romanGivenName as romanGi31_34_, patientmod0_.romanName as romanNa32_34_, patientmod0_.telephone as telepho33_34_ from d_patient patientmod0_ where patientmod0_.facilityId=? and (patientmod0_.patientId like ?)
4-opendolphin-server  | [0m[0m21:45:43,016 INFO  [stdout] (default task-5) Hibernate: select healthinsu0_.id as id1_16_, healthinsu0_.beanBytes as beanByte2_16_, healthinsu0_.patient_id as patient_3_16_ from d_health_insurance healthinsu0_ where healthinsu0_.patient_id=?
5:opendolphin-server  | [0m[0m21:45:43,713 INFO  [open.dolphin] (default task-6) 192.168.65.1 doctor1 GET /karte/pid/0000001,2024-01-01
6:opendolphin-server  | [0m[0m21:45:43,715 INFO  [open.dolphin] (default task-6) 192.168.65.1 doctor1 GET /karte/pid/0000001,2024-01-01
7-opendolphin-server  | [0m[31m21:45:43,724 ERROR [stderr] (default task-6) java.text.ParseException: Unparseable date: "2024-01-01"
8-opendolphin-server  | [0m[31m21:45:43,724 ERROR [stderr] (default task-6) 	at java.text.DateFormat.parse(DateFormat.java:366)
9-opendolphin-server  | [0m[31m21:45:43,724 ERROR [stderr] (default task-6) 	at open.dolphin.rest.AbstractResource.parseDate(AbstractResource.java:22)
10-opendolphin-server  | [0m[31m21:45:43,724 ERROR [stderr] (default task-6) 	at open.dolphin.rest.KarteResource.getKarteByPid(KarteResource.java:46)
11-opendolphin-server  | [0m[31m21:45:43,724 ERROR [stderr] (default task-6) 	at open.dolphin.rest.KarteResource$Proxy$_$$_WeldClientProxy.getKarteByPid(Unknown Source)
12-opendolphin-server  | [0m[31m21:45:43,724 ERROR [stderr] (default task-6) 	at sun.reflect.NativeMethodAccessorImpl.invoke0(Native Method)
13-opendolphin-server  | [0m[31m21:45:43,724 ERROR [stderr] (default task-6) 	at sun.reflect.NativeMethodAccessorImpl.invoke(NativeMethodAccessorImpl.java:62)
14-opendolphin-server  | [0m[31m21:45:43,724 ERROR [stderr] (default task-6) 	at sun.reflect.DelegatingMethodAccessorImpl.invoke(DelegatingMethodAccessorImpl.java:43)
15-opendolphin-server  | [0m[31m21:45:43,725 ERROR [stderr] (default task-6) 	at java.lang.reflect.Method.invoke(Method.java:498)
16-opendolphin-server  | [0m[31m21:45:43,725 ERROR [stderr] (default task-6) 	at org.jboss.resteasy.core.MethodInjectorImpl.invoke(MethodInjectorImpl.java:139)
17-opendolphin-server  | [0m[31m21:45:43,725 ERROR [stderr] (default task-6) 	at org.jboss.resteasy.core.ResourceMethodInvoker.invokeOnTarget(ResourceMethodInvoker.java:295)
18-opendolphin-server  | [0m[31m21:45:43,725 ERROR [stderr] (default task-6) 	at org.jboss.resteasy.core.ResourceMethodInvoker.invoke(ResourceMethodInvoker.java:249)
19-opendolphin-server  | [0m[31m21:45:43,725 ERROR [stderr] (default task-6) 	at org.jboss.resteasy.core.ResourceMethodInvoker.invoke(ResourceMethodInvoker.java:236)
20-opendolphin-server  | [0m[31m21:45:43,725 ERROR [stderr] (default task-6) 	at org.jboss.resteasy.core.SynchronousDispatcher.invoke(SynchronousDispatcher.java:402)
21-opendolphin-server  | [0m[31m21:45:43,725 ERROR [stderr] (default task-6) 	at org.jboss.resteasy.core.SynchronousDispatcher.invoke(SynchronousDispatcher.java:209)
22-opendolphin-server  | [0m[31m21:45:43,725 ERROR [stderr] (default task-6) 	at org.jboss.resteasy.plugins.server.servlet.ServletContainerDispatcher.service(ServletContainerDispatcher.java:221)
23-opendolphin-server  | [0m[31m21:45:43,725 ERROR [stderr] (default task-6) 	at org.jboss.resteasy.plugins.server.servlet.HttpServletDispatcher.service(HttpServletDispatcher.java:56)
24-opendolphin-server  | [0m[31m21:45:43,725 ERROR [stderr] (default task-6) 	at org.jboss.resteasy.plugins.server.servlet.HttpServletDispatcher.service(HttpServletDispatcher.java:51)
25-opendolphin-server  | [0m[31m21:45:43,725 ERROR [stderr] (default task-6) 	at javax.servlet.http.HttpServlet.service(HttpServlet.java:790)
26-opendolphin-server  | [0m[31m21:45:43,726 ERROR [stderr] (default task-6) 	at io.undertow.servlet.handlers.ServletHandler.handleRequest(ServletHandler.java:85)
27-opendolphin-server  | [0m[31m21:45:43,726 ERROR [stderr] (default task-6) 	at io.undertow.servlet.handlers.FilterHandler$FilterChainImpl.doFilter(FilterHandler.java:129)
28-opendolphin-server  | [0m[31m21:45:43,726 ERROR [stderr] (default task-6) 	at open.dolphin.rest.LogFilter.doFilter(LogFilter.java:98)
29-opendolphin-server  | [0m[31m21:45:43,726 ERROR [stderr] (default task-6) 	at io.undertow.servlet.core.ManagedFilter.doFilter(ManagedFilter.java:61)
30-opendolphin-server  | [0m[31m21:45:43,726 ERROR [stderr] (default task-6) 	at io.undertow.servlet.handlers.FilterHandler$FilterChainImpl.doFilter(FilterHandler.java:131)
31-opendolphin-server  | [0m[31m21:45:43,726 ERROR [stderr] (default task-6) 	at open.dolphin.rest.LogFilter.doFilter(LogFilter.java:98)
32-opendolphin-server  | [0m[31m21:45:43,726 ERROR [stderr] (default task-6) 	at io.undertow.servlet.core.ManagedFilter.doFilter(ManagedFilter.java:61)
33-opendolphin-server  | [0m[31m21:45:43,726 ERROR [stderr] (default task-6) 	at io.undertow.servlet.handlers.FilterHandler$FilterChainImpl.doFilter(FilterHandler.java:131)
34-opendolphin-server  | [0m[31m21:45:43,726 ERROR [stderr] (default task-6) 	at io.undertow.servlet.handlers.FilterHandler.handleRequest(FilterHandler.java:84)
35-opendolphin-server  | [0m[31m21:45:43,727 ERROR [stderr] (default task-6) 	at io.undertow.servlet.handlers.security.ServletSecurityRoleHandler.handleRequest(ServletSecurityRoleHandler.java:62)
36-opendolphin-server  | [0m[31m21:45:43,727 ERROR [stderr] (default task-6) 	at io.undertow.servlet.handlers.ServletDispatchingHandler.handleRequest(ServletDispatchingHandler.java:36)
37-opendolphin-server  | [0m[31m21:45:43,727 ERROR [stderr] (default task-6) 	at org.wildfly.extension.undertow.security.SecurityContextAssociationHandler.handleRequest(SecurityContextAssociationHandler.java:78)
38-opendolphin-server  | [0m[31m21:45:43,727 ERROR [stderr] (default task-6) 	at io.undertow.server.handlers.PredicateHandler.handleRequest(PredicateHandler.java:43)
39-opendolphin-server  | [0m[31m21:45:43,727 ERROR [stderr] (default task-6) 	at io.undertow.servlet.handlers.security.SSLInformationAssociationHandler.handleRequest(SSLInformationAssociationHandler.java:131)
40-opendolphin-server  | [0m[31m21:45:43,727 ERROR [stderr] (default task-6) 	at io.undertow.servlet.handlers.security.ServletAuthenticationCallHandler.handleRequest(ServletAuthenticationCallHandler.java:57)
41-opendolphin-server  | [0m[31m21:45:43,727 ERROR [stderr] (default task-6) 	at io.undertow.server.handlers.PredicateHandler.handleRequest(PredicateHandler.java:43)
42-opendolphin-server  | [0m[31m21:45:43,727 ERROR [stderr] (default task-6) 	at io.undertow.security.handlers.AbstractConfidentialityHandler.handleRequest(AbstractConfidentialityHandler.java:46)
43-opendolphin-server  | [0m[31m21:45:43,727 ERROR [stderr] (default task-6) 	at io.undertow.servlet.handlers.security.ServletConfidentialityConstraintHandler.handleRequest(ServletConfidentialityConstraintHandler.java:64)
44-opendolphin-server  | [0m[31m21:45:43,727 ERROR [stderr] (default task-6) 	at io.undertow.security.handlers.AuthenticationMechanismsHandler.handleRequest(AuthenticationMechanismsHandler.java:60)
45-opendolphin-server  | [0m[31m21:45:43,728 ERROR [stderr] (default task-6) 	at io.undertow.servlet.handlers.security.CachedAuthenticatedSessionHandler.handleRequest(CachedAuthenticatedSessionHandler.java:77)
46-opendolphin-server  | [0m[31m21:45:43,728 ERROR [stderr] (default task-6) 	at io.undertow.security.handlers.NotificationReceiverHandler.handleRequest(NotificationReceiverHandler.java:50)
