236-opendolphin-server-modernized-dev  | 	... 101 more
237-opendolphin-server-modernized-dev  | 
238:opendolphin-server-modernized-dev  | [0m[0m21:45:43,802 INFO  [open.dolphin] (default task-1) 192.168.65.1 anonymous GET /karte/pid/0000001,2024-01-01 traceId=jpql-karte-20251110T122417Z
239:opendolphin-server-modernized-dev  | [0m[0m21:45:43,802 INFO  [open.dolphin] (default task-1) 192.168.65.1 anonymous GET /karte/pid/0000001,2024-01-01 traceId=jpql-karte-20251110T122417Z
240-opendolphin-server-modernized-dev  | [0m[33m21:45:43,803 WARNING [open.dolphin.rest.KarteResource] (default task-1) Failed to parse date: 2024-01-01: java.text.ParseException: Unparseable date: "2024-01-01"
241-opendolphin-server-modernized-dev  | 	at java.base/java.text.DateFormat.parse(DateFormat.java:399)
242-opendolphin-server-modernized-dev  | 	at deployment.opendolphin-server.war//open.dolphin.rest.AbstractResource.parseDate(AbstractResource.java:23)
243-opendolphin-server-modernized-dev  | 	at deployment.opendolphin-server.war//open.dolphin.rest.KarteResource.getKarteByPid(KarteResource.java:46)
244-opendolphin-server-modernized-dev  | 	at deployment.opendolphin-server.war//open.dolphin.rest.KarteResource$Proxy$_$$_WeldClientProxy.getKarteByPid(Unknown Source)
245-opendolphin-server-modernized-dev  | 	at java.base/jdk.internal.reflect.NativeMethodAccessorImpl.invoke0(Native Method)
246-opendolphin-server-modernized-dev  | 	at java.base/jdk.internal.reflect.NativeMethodAccessorImpl.invoke(NativeMethodAccessorImpl.java:77)
247-opendolphin-server-modernized-dev  | 	at java.base/jdk.internal.reflect.DelegatingMethodAccessorImpl.invoke(DelegatingMethodAccessorImpl.java:43)
248-opendolphin-server-modernized-dev  | 	at java.base/java.lang.reflect.Method.invoke(Method.java:569)
249-opendolphin-server-modernized-dev  | 	at org.jboss.resteasy.resteasy-core@6.2.10.Final//org.jboss.resteasy.core.MethodInjectorImpl.invoke(MethodInjectorImpl.java:154)
250-opendolphin-server-modernized-dev  | 	at org.jboss.resteasy.resteasy-core@6.2.10.Final//org.jboss.resteasy.core.MethodInjectorImpl.invoke(MethodInjectorImpl.java:118)
251-opendolphin-server-modernized-dev  | 	at org.jboss.resteasy.resteasy-core@6.2.10.Final//org.jboss.resteasy.core.ResourceMethodInvoker.internalInvokeOnTarget(ResourceMethodInvoker.java:560)
252-opendolphin-server-modernized-dev  | 	at org.jboss.resteasy.resteasy-core@6.2.10.Final//org.jboss.resteasy.core.ResourceMethodInvoker.invokeOnTargetAfterFilter(ResourceMethodInvoker.java:452)
253-opendolphin-server-modernized-dev  | 	at org.jboss.resteasy.resteasy-core@6.2.10.Final//org.jboss.resteasy.core.ResourceMethodInvoker.lambda$invokeOnTarget$2(ResourceMethodInvoker.java:413)
254-opendolphin-server-modernized-dev  | 	at org.jboss.resteasy.resteasy-core@6.2.10.Final//org.jboss.resteasy.core.interception.jaxrs.PreMatchContainerRequestContext.filter(PreMatchContainerRequestContext.java:321)
255-opendolphin-server-modernized-dev  | 	at org.jboss.resteasy.resteasy-core@6.2.10.Final//org.jboss.resteasy.core.ResourceMethodInvoker.invokeOnTarget(ResourceMethodInvoker.java:415)
256-opendolphin-server-modernized-dev  | 	at org.jboss.resteasy.resteasy-core@6.2.10.Final//org.jboss.resteasy.core.ResourceMethodInvoker.invoke(ResourceMethodInvoker.java:378)
257-opendolphin-server-modernized-dev  | 	at org.jboss.resteasy.resteasy-core@6.2.10.Final//org.jboss.resteasy.core.ResourceMethodInvoker.invoke(ResourceMethodInvoker.java:356)
258-opendolphin-server-modernized-dev  | 	at org.jboss.resteasy.resteasy-core@6.2.10.Final//org.jboss.resteasy.core.ResourceMethodInvoker.invoke(ResourceMethodInvoker.java:70)
259-opendolphin-server-modernized-dev  | 	at org.jboss.resteasy.resteasy-core@6.2.10.Final//org.jboss.resteasy.core.SynchronousDispatcher.invoke(SynchronousDispatcher.java:429)
260-opendolphin-server-modernized-dev  | 	at org.jboss.resteasy.resteasy-core@6.2.10.Final//org.jboss.resteasy.core.SynchronousDispatcher.lambda$invoke$4(SynchronousDispatcher.java:240)
261-opendolphin-server-modernized-dev  | 	at org.jboss.resteasy.resteasy-core@6.2.10.Final//org.jboss.resteasy.core.SynchronousDispatcher.lambda$preprocess$0(SynchronousDispatcher.java:154)
262-opendolphin-server-modernized-dev  | 	at org.jboss.resteasy.resteasy-core@6.2.10.Final//org.jboss.resteasy.core.interception.jaxrs.PreMatchContainerRequestContext.filter(PreMatchContainerRequestContext.java:321)
263-opendolphin-server-modernized-dev  | 	at org.jboss.resteasy.resteasy-core@6.2.10.Final//org.jboss.resteasy.core.SynchronousDispatcher.preprocess(SynchronousDispatcher.java:157)
264-opendolphin-server-modernized-dev  | 	at org.jboss.resteasy.resteasy-core@6.2.10.Final//org.jboss.resteasy.core.SynchronousDispatcher.invoke(SynchronousDispatcher.java:229)
265-opendolphin-server-modernized-dev  | 	at org.jboss.resteasy.resteasy-core@6.2.10.Final//org.jboss.resteasy.plugins.server.servlet.ServletContainerDispatcher.service(ServletContainerDispatcher.java:222)
266-opendolphin-server-modernized-dev  | 	at org.jboss.resteasy.resteasy-core@6.2.10.Final//org.jboss.resteasy.plugins.server.servlet.HttpServletDispatcher.service(HttpServletDispatcher.java:55)
267-opendolphin-server-modernized-dev  | 	at org.jboss.resteasy.resteasy-core@6.2.10.Final//org.jboss.resteasy.plugins.server.servlet.HttpServletDispatcher.service(HttpServletDispatcher.java:51)
268-opendolphin-server-modernized-dev  | 	at jakarta.servlet.api@6.0.0//jakarta.servlet.http.HttpServlet.service(HttpServlet.java:614)
269-opendolphin-server-modernized-dev  | 	at io.undertow.servlet@2.3.17.Final//io.undertow.servlet.handlers.ServletHandler.handleRequest(ServletHandler.java:74)
270-opendolphin-server-modernized-dev  | 	at io.undertow.servlet@2.3.17.Final//io.undertow.servlet.handlers.FilterHandler$FilterChainImpl.doFilter(FilterHandler.java:129)
271-opendolphin-server-modernized-dev  | 	at deployment.opendolphin-server.war//open.dolphin.rest.LogFilter.doFilter(LogFilter.java:111)
272-opendolphin-server-modernized-dev  | 	at io.undertow.servlet@2.3.17.Final//io.undertow.servlet.core.ManagedFilter.doFilter(ManagedFilter.java:67)
273-opendolphin-server-modernized-dev  | 	at io.undertow.servlet@2.3.17.Final//io.undertow.servlet.handlers.FilterHandler$FilterChainImpl.doFilter(FilterHandler.java:131)
274-opendolphin-server-modernized-dev  | 	at deployment.opendolphin-server.war//open.dolphin.rest.LogFilter.doFilter(LogFilter.java:111)
275-opendolphin-server-modernized-dev  | 	at io.undertow.servlet@2.3.17.Final//io.undertow.servlet.core.ManagedFilter.doFilter(ManagedFilter.java:67)
276-opendolphin-server-modernized-dev  | 	at io.undertow.servlet@2.3.17.Final//io.undertow.servlet.handlers.FilterHandler$FilterChainImpl.doFilter(FilterHandler.java:131)
277-opendolphin-server-modernized-dev  | 	at io.undertow.servlet@2.3.17.Final//io.undertow.servlet.handlers.FilterHandler.handleRequest(FilterHandler.java:84)
278-opendolphin-server-modernized-dev  | 	at io.undertow.servlet@2.3.17.Final//io.undertow.servlet.handlers.security.ServletSecurityRoleHandler.handleRequest(ServletSecurityRoleHandler.java:62)
279-opendolphin-server-modernized-dev  | 	at io.undertow.servlet@2.3.17.Final//io.undertow.servlet.handlers.ServletChain$1.handleRequest(ServletChain.java:68)
280-opendolphin-server-modernized-dev  | 	at io.undertow.servlet@2.3.17.Final//io.undertow.servlet.handlers.ServletDispatchingHandler.handleRequest(ServletDispatchingHandler.java:36)
281-opendolphin-server-modernized-dev  | 	at org.wildfly.security.elytron-web.undertow-server@4.1.0.Final//org.wildfly.elytron.web.undertow.server.ElytronRunAsHandler.lambda$handleRequest$1(ElytronRunAsHandler.java:68)
282-opendolphin-server-modernized-dev  | 	at org.wildfly.security.elytron-base@2.5.2.Final//org.wildfly.security.auth.server.FlexibleIdentityAssociation.runAsFunctionEx(FlexibleIdentityAssociation.java:103)
283-opendolphin-server-modernized-dev  | 	at org.wildfly.security.elytron-base@2.5.2.Final//org.wildfly.security.auth.server.Scoped.runAsFunctionEx(Scoped.java:161)
284-opendolphin-server-modernized-dev  | 	at org.wildfly.security.elytron-base@2.5.2.Final//org.wildfly.security.auth.server.Scoped.runAs(Scoped.java:73)
285-opendolphin-server-modernized-dev  | 	at org.wildfly.security.elytron-web.undertow-server@4.1.0.Final//org.wildfly.elytron.web.undertow.server.ElytronRunAsHandler.handleRequest(ElytronRunAsHandler.java:67)
286-opendolphin-server-modernized-dev  | 	at io.undertow.servlet@2.3.17.Final//io.undertow.servlet.handlers.RedirectDirHandler.handleRequest(RedirectDirHandler.java:68)
287-opendolphin-server-modernized-dev  | 	at io.undertow.servlet@2.3.17.Final//io.undertow.servlet.handlers.security.SSLInformationAssociationHandler.handleRequest(SSLInformationAssociationHandler.java:117)
288-opendolphin-server-modernized-dev  | 	at io.undertow.servlet@2.3.17.Final//io.undertow.servlet.handlers.security.ServletAuthenticationCallHandler.handleRequest(ServletAuthenticationCallHandler.java:57)
289-opendolphin-server-modernized-dev  | 	at io.undertow.core@2.3.17.Final//io.undertow.server.handlers.PredicateHandler.handleRequest(PredicateHandler.java:43)
290-opendolphin-server-modernized-dev  | 	at io.undertow.core@2.3.17.Final//io.undertow.security.handlers.AbstractConfidentialityHandler.handleRequest(AbstractConfidentialityHandler.java:46)
291-opendolphin-server-modernized-dev  | 	at io.undertow.servlet@2.3.17.Final//io.undertow.servlet.handlers.security.ServletConfidentialityConstraintHandler.handleRequest(ServletConfidentialityConstraintHandler.java:64)
292-opendolphin-server-modernized-dev  | 	at io.undertow.core@2.3.17.Final//io.undertow.security.handlers.AbstractSecurityContextAssociationHandler.handleRequest(AbstractSecurityContextAssociationHandler.java:43)
293-opendolphin-server-modernized-dev  | 	at org.wildfly.security.elytron-web.undertow-server-servlet@4.1.0.Final//org.wildfly.elytron.web.undertow.server.servlet.CleanUpHandler.handleRequest(CleanUpHandler.java:38)
294-opendolphin-server-modernized-dev  | 	at io.undertow.core@2.3.17.Final//io.undertow.server.handlers.PredicateHandler.handleRequest(PredicateHandler.java:43)
295-opendolphin-server-modernized-dev  | 	at org.wildfly.extension.undertow@33.0.2.Final//org.wildfly.extension.undertow.security.jacc.JACCContextIdHandler.handleRequest(JACCContextIdHandler.java:44)
296-opendolphin-server-modernized-dev  | 	at io.undertow.core@2.3.17.Final//io.undertow.server.handlers.PredicateHandler.handleRequest(PredicateHandler.java:43)
297-opendolphin-server-modernized-dev  | 	at org.wildfly.extension.undertow@33.0.2.Final//org.wildfly.extension.undertow.deployment.GlobalRequestControllerHandler.handleRequest(GlobalRequestControllerHandler.java:51)
298-opendolphin-server-modernized-dev  | 	at io.undertow.servlet@2.3.17.Final//io.undertow.servlet.handlers.SendErrorPageHandler.handleRequest(SendErrorPageHandler.java:52)
299-opendolphin-server-modernized-dev  | 	at io.undertow.core@2.3.17.Final//io.undertow.server.handlers.PredicateHandler.handleRequest(PredicateHandler.java:43)
