BEGIN
NOTICE:  relation "facility_num" already exists, skipping
CREATE SEQUENCE
CREATE TABLE
NOTICE:  relation "d_roles" already exists, skipping
NOTICE:  relation "appointment_model" already exists, skipping
CREATE TABLE
CREATE TABLE
NOTICE:  relation "patient_visit_model" already exists, skipping
CREATE TABLE
NOTICE:  relation "document_model" already exists, skipping
NOTICE:  relation "nlabo_module" already exists, skipping
CREATE TABLE
NOTICE:  relation "registered_diagnosis_model" already exists, skipping
CREATE TABLE
NOTICE:  relation "patient_model" already exists, skipping
CREATE TABLE
NOTICE:  relation "d_factor2_backupkey" already exists, skipping
NOTICE:  relation "d_letter_module_seq" already exists, skipping
CREATE TABLE
CREATE SEQUENCE
NOTICE:  relation "d_letter_module" already exists, skipping
CREATE TABLE
NOTICE:  relation "d_letter_module_idx" already exists, skipping
CREATE INDEX
NOTICE:  relation "d_nlabo_module_seq" already exists, skipping
CREATE SEQUENCE
NOTICE:  relation "d_nlabo_module" already exists, skipping
CREATE TABLE
CREATE INDEX
NOTICE:  relation "d_nlabo_module_pid_idx" already exists, skipping
NOTICE:  relation "d_nlabo_item_seq" already exists, skipping
CREATE SEQUENCE
NOTICE:  relation "d_nlabo_item" already exists, skipping
CREATE TABLE
NOTICE:  relation "d_nlabo_item_module_idx" already exists, skipping
CREATE INDEX
NOTICE:  relation "d_nlabo_item_patient_idx" already exists, skipping
CREATE INDEX
NOTICE:  relation "d_stamp_tree_seq" already exists, skipping
CREATE SEQUENCE
NOTICE:  relation "d_stamp_tree" already exists, skipping
CREATE TABLE
NOTICE:  relation "d_stamp_tree_user_idx" already exists, skipping
CREATE INDEX
INSERT 0 1
INSERT 0 0
INSERT 0 1
INSERT 0 1
INSERT 0 0
 id 
----
  2
(1 row)

INSERT 0 1
INSERT 0 1
INSERT 0 1
COMMIT
