00:14:10,933 WARNING [io.micrometer.registry.otlp.OtlpMeterRegistry] (otlp-metrics-publisher) Failed to publish metrics to OTLP receiver: java.net.UnknownHostException: otel-collector
	at java.base/sun.nio.ch.NioSocketImpl.connect(NioSocketImpl.java:572)
	at java.base/java.net.Socket.connect(Socket.java:633)
	at java.base/sun.net.NetworkClient.doConnect(NetworkClient.java:178)
	at java.base/sun.net.www.http.HttpClient.openServer(HttpClient.java:533)
	at java.base/sun.net.www.http.HttpClient.openServer(HttpClient.java:638)
	at java.base/sun.net.www.http.HttpClient.<init>(HttpClient.java:281)
	at java.base/sun.net.www.http.HttpClient.New(HttpClient.java:386)
	at java.base/sun.net.www.http.HttpClient.New(HttpClient.java:408)
	at java.base/sun.net.www.protocol.http.HttpURLConnection.getNewHttpClient(HttpURLConnection.java:1308)
	at java.base/sun.net.www.protocol.http.HttpURLConnection.plainConnect0(HttpURLConnection.java:1241)
	at java.base/sun.net.www.protocol.http.HttpURLConnection.plainConnect(HttpURLConnection.java:1127)
	at java.base/sun.net.www.protocol.http.HttpURLConnection.connect(HttpURLConnection.java:1056)
	at java.base/sun.net.www.protocol.http.HttpURLConnection.getOutputStream0(HttpURLConnection.java:1450)
	at java.base/sun.net.www.protocol.http.HttpURLConnection.getOutputStream(HttpURLConnection.java:1421)
	at io.micrometer@1.12.4//io.micrometer.core.ipc.http.HttpUrlConnectionSender.send(HttpUrlConnectionSender.java:98)
	at io.micrometer@1.12.4//io.micrometer.core.ipc.http.HttpSender$Request$Builder.send(HttpSender.java:306)
	at io.micrometer@1.12.4//io.micrometer.registry.otlp.OtlpMeterRegistry.publish(OtlpMeterRegistry.java:168)
	at io.micrometer@1.12.4//io.micrometer.core.instrument.push.PushMeterRegistry.publishSafelyOrSkipIfInProgress(PushMeterRegistry.java:64)
	at java.base/java.util.concurrent.Executors$RunnableAdapter.call(Executors.java:539)
	at java.base/java.util.concurrent.FutureTask.runAndReset(FutureTask.java:305)
	at java.base/java.util.concurrent.ScheduledThreadPoolExecutor$ScheduledFutureTask.run(ScheduledThreadPoolExecutor.java:305)
	at java.base/java.util.concurrent.ThreadPoolExecutor.runWorker(ThreadPoolExecutor.java:1136)
	at java.base/java.util.concurrent.ThreadPoolExecutor$Worker.run(ThreadPoolExecutor.java:635)
	at java.base/java.lang.Thread.run(Thread.java:840)

00:14:12,431 INFO  [open.dolphin] (default task-1) 127.0.0.1 dolphin GET /dolphin traceId=79fa0510-ab8b-444f-a756-b0276de00394
00:14:12,431 INFO  [open.dolphin] (default task-1) 127.0.0.1 dolphin GET /dolphin traceId=8d7ae55f-e3d8-4953-96fa-9260d900a68f
00:14:42,482 INFO  [open.dolphin] (default task-1) 127.0.0.1 dolphin GET /dolphin traceId=7ef11845-93a2-42ee-8fbc-d2c011d5e984
00:14:42,483 INFO  [open.dolphin] (default task-1) 127.0.0.1 dolphin GET /dolphin traceId=a66ffdbc-8672-474d-8453-b0bbdd3c587f
00:15:10,953 WARNING [io.micrometer.registry.otlp.OtlpMeterRegistry] (otlp-metrics-publisher) Failed to publish metrics to OTLP receiver: java.net.UnknownHostException: otel-collector
	at java.base/sun.nio.ch.NioSocketImpl.connect(NioSocketImpl.java:572)
	at java.base/java.net.Socket.connect(Socket.java:633)
	at java.base/sun.net.NetworkClient.doConnect(NetworkClient.java:178)
	at java.base/sun.net.www.http.HttpClient.openServer(HttpClient.java:533)
	at java.base/sun.net.www.http.HttpClient.openServer(HttpClient.java:638)
	at java.base/sun.net.www.http.HttpClient.<init>(HttpClient.java:281)
	at java.base/sun.net.www.http.HttpClient.New(HttpClient.java:386)
	at java.base/sun.net.www.http.HttpClient.New(HttpClient.java:408)
	at java.base/sun.net.www.protocol.http.HttpURLConnection.getNewHttpClient(HttpURLConnection.java:1308)
	at java.base/sun.net.www.protocol.http.HttpURLConnection.plainConnect0(HttpURLConnection.java:1241)
	at java.base/sun.net.www.protocol.http.HttpURLConnection.plainConnect(HttpURLConnection.java:1127)
	at java.base/sun.net.www.protocol.http.HttpURLConnection.connect(HttpURLConnection.java:1056)
	at java.base/sun.net.www.protocol.http.HttpURLConnection.getOutputStream0(HttpURLConnection.java:1450)
	at java.base/sun.net.www.protocol.http.HttpURLConnection.getOutputStream(HttpURLConnection.java:1421)
	at io.micrometer@1.12.4//io.micrometer.core.ipc.http.HttpUrlConnectionSender.send(HttpUrlConnectionSender.java:98)
	at io.micrometer@1.12.4//io.micrometer.core.ipc.http.HttpSender$Request$Builder.send(HttpSender.java:306)
	at io.micrometer@1.12.4//io.micrometer.registry.otlp.OtlpMeterRegistry.publish(OtlpMeterRegistry.java:168)
	at io.micrometer@1.12.4//io.micrometer.core.instrument.push.PushMeterRegistry.publishSafelyOrSkipIfInProgress(PushMeterRegistry.java:64)
	at java.base/java.util.concurrent.Executors$RunnableAdapter.call(Executors.java:539)
	at java.base/java.util.concurrent.FutureTask.runAndReset(FutureTask.java:305)
	at java.base/java.util.concurrent.ScheduledThreadPoolExecutor$ScheduledFutureTask.run(ScheduledThreadPoolExecutor.java:305)
	at java.base/java.util.concurrent.ThreadPoolExecutor.runWorker(ThreadPoolExecutor.java:1136)
	at java.base/java.util.concurrent.ThreadPoolExecutor$Worker.run(ThreadPoolExecutor.java:635)
	at java.base/java.lang.Thread.run(Thread.java:840)

00:15:12,564 INFO  [open.dolphin] (default task-1) 127.0.0.1 dolphin GET /dolphin traceId=3cd4d7c8-d48e-4365-9eea-616482541917
00:15:12,564 INFO  [open.dolphin] (default task-1) 127.0.0.1 dolphin GET /dolphin traceId=af3c13d7-700a-4410-ba9b-e5297d856e1d
00:15:42,632 INFO  [open.dolphin] (default task-1) 127.0.0.1 dolphin GET /dolphin traceId=c04e01c3-0f67-4bba-a8f8-d5cbf8a2c9ff
00:15:42,633 INFO  [open.dolphin] (default task-1) 127.0.0.1 dolphin GET /dolphin traceId=7f593dd9-7b5c-4efd-942d-dafc2c781e3d
00:16:10,907 WARNING [io.micrometer.registry.otlp.OtlpMeterRegistry] (otlp-metrics-publisher) Failed to publish metrics to OTLP receiver: java.net.UnknownHostException: otel-collector
	at java.base/sun.nio.ch.NioSocketImpl.connect(NioSocketImpl.java:572)
	at java.base/java.net.Socket.connect(Socket.java:633)
	at java.base/sun.net.NetworkClient.doConnect(NetworkClient.java:178)
	at java.base/sun.net.www.http.HttpClient.openServer(HttpClient.java:533)
	at java.base/sun.net.www.http.HttpClient.openServer(HttpClient.java:638)
	at java.base/sun.net.www.http.HttpClient.<init>(HttpClient.java:281)
	at java.base/sun.net.www.http.HttpClient.New(HttpClient.java:386)
	at java.base/sun.net.www.http.HttpClient.New(HttpClient.java:408)
	at java.base/sun.net.www.protocol.http.HttpURLConnection.getNewHttpClient(HttpURLConnection.java:1308)
	at java.base/sun.net.www.protocol.http.HttpURLConnection.plainConnect0(HttpURLConnection.java:1241)
	at java.base/sun.net.www.protocol.http.HttpURLConnection.plainConnect(HttpURLConnection.java:1127)
	at java.base/sun.net.www.protocol.http.HttpURLConnection.connect(HttpURLConnection.java:1056)
	at java.base/sun.net.www.protocol.http.HttpURLConnection.getOutputStream0(HttpURLConnection.java:1450)
	at java.base/sun.net.www.protocol.http.HttpURLConnection.getOutputStream(HttpURLConnection.java:1421)
	at io.micrometer@1.12.4//io.micrometer.core.ipc.http.HttpUrlConnectionSender.send(HttpUrlConnectionSender.java:98)
	at io.micrometer@1.12.4//io.micrometer.core.ipc.http.HttpSender$Request$Builder.send(HttpSender.java:306)
	at io.micrometer@1.12.4//io.micrometer.registry.otlp.OtlpMeterRegistry.publish(OtlpMeterRegistry.java:168)
	at io.micrometer@1.12.4//io.micrometer.core.instrument.push.PushMeterRegistry.publishSafelyOrSkipIfInProgress(PushMeterRegistry.java:64)
	at java.base/java.util.concurrent.Executors$RunnableAdapter.call(Executors.java:539)
	at java.base/java.util.concurrent.FutureTask.runAndReset(FutureTask.java:305)
	at java.base/java.util.concurrent.ScheduledThreadPoolExecutor$ScheduledFutureTask.run(ScheduledThreadPoolExecutor.java:305)
	at java.base/java.util.concurrent.ThreadPoolExecutor.runWorker(ThreadPoolExecutor.java:1136)
	at java.base/java.util.concurrent.ThreadPoolExecutor$Worker.run(ThreadPoolExecutor.java:635)
	at java.base/java.lang.Thread.run(Thread.java:840)

00:16:12,685 INFO  [open.dolphin] (default task-1) 127.0.0.1 dolphin GET /dolphin traceId=5fbf7aa8-be8b-4e0a-bc35-25ee60413b11
00:16:12,686 INFO  [open.dolphin] (default task-1) 127.0.0.1 dolphin GET /dolphin traceId=39536914-5c84-4c23-8dea-8420d7bcc5b2
00:16:42,759 INFO  [open.dolphin] (default task-1) 127.0.0.1 dolphin GET /dolphin traceId=1f44e568-fe1c-488f-9fae-6221edfa8121
00:16:42,760 INFO  [open.dolphin] (default task-1) 127.0.0.1 dolphin GET /dolphin traceId=b9411896-7d2b-446a-8599-e0d61421720f
00:17:10,904 WARNING [io.micrometer.registry.otlp.OtlpMeterRegistry] (otlp-metrics-publisher) Failed to publish metrics to OTLP receiver: java.net.UnknownHostException: otel-collector
	at java.base/sun.nio.ch.NioSocketImpl.connect(NioSocketImpl.java:572)
	at java.base/java.net.Socket.connect(Socket.java:633)
	at java.base/sun.net.NetworkClient.doConnect(NetworkClient.java:178)
	at java.base/sun.net.www.http.HttpClient.openServer(HttpClient.java:533)
	at java.base/sun.net.www.http.HttpClient.openServer(HttpClient.java:638)
	at java.base/sun.net.www.http.HttpClient.<init>(HttpClient.java:281)
	at java.base/sun.net.www.http.HttpClient.New(HttpClient.java:386)
	at java.base/sun.net.www.http.HttpClient.New(HttpClient.java:408)
	at java.base/sun.net.www.protocol.http.HttpURLConnection.getNewHttpClient(HttpURLConnection.java:1308)
	at java.base/sun.net.www.protocol.http.HttpURLConnection.plainConnect0(HttpURLConnection.java:1241)
	at java.base/sun.net.www.protocol.http.HttpURLConnection.plainConnect(HttpURLConnection.java:1127)
	at java.base/sun.net.www.protocol.http.HttpURLConnection.connect(HttpURLConnection.java:1056)
	at java.base/sun.net.www.protocol.http.HttpURLConnection.getOutputStream0(HttpURLConnection.java:1450)
	at java.base/sun.net.www.protocol.http.HttpURLConnection.getOutputStream(HttpURLConnection.java:1421)
	at io.micrometer@1.12.4//io.micrometer.core.ipc.http.HttpUrlConnectionSender.send(HttpUrlConnectionSender.java:98)
	at io.micrometer@1.12.4//io.micrometer.core.ipc.http.HttpSender$Request$Builder.send(HttpSender.java:306)
	at io.micrometer@1.12.4//io.micrometer.registry.otlp.OtlpMeterRegistry.publish(OtlpMeterRegistry.java:168)
	at io.micrometer@1.12.4//io.micrometer.core.instrument.push.PushMeterRegistry.publishSafelyOrSkipIfInProgress(PushMeterRegistry.java:64)
	at java.base/java.util.concurrent.Executors$RunnableAdapter.call(Executors.java:539)
	at java.base/java.util.concurrent.FutureTask.runAndReset(FutureTask.java:305)
	at java.base/java.util.concurrent.ScheduledThreadPoolExecutor$ScheduledFutureTask.run(ScheduledThreadPoolExecutor.java:305)
	at java.base/java.util.concurrent.ThreadPoolExecutor.runWorker(ThreadPoolExecutor.java:1136)
	at java.base/java.util.concurrent.ThreadPoolExecutor$Worker.run(ThreadPoolExecutor.java:635)
	at java.base/java.lang.Thread.run(Thread.java:840)

00:17:12,834 INFO  [open.dolphin] (default task-1) 127.0.0.1 dolphin GET /dolphin traceId=5f8f33f5-50a3-4e89-91eb-fb6848fbddcf
00:17:12,835 INFO  [open.dolphin] (default task-1) 127.0.0.1 dolphin GET /dolphin traceId=f8e37bb6-8e89-4b56-8a01-f71cea32b3ab
00:17:42,906 INFO  [open.dolphin] (default task-1) 127.0.0.1 dolphin GET /dolphin traceId=67427945-c1b5-4af2-b519-3a5a9a4dabba
00:17:42,907 INFO  [open.dolphin] (default task-1) 127.0.0.1 dolphin GET /dolphin traceId=07c099da-f0f6-4513-9ed6-83816354f223
00:18:10,919 WARNING [io.micrometer.registry.otlp.OtlpMeterRegistry] (otlp-metrics-publisher) Failed to publish metrics to OTLP receiver: java.net.UnknownHostException: otel-collector
	at java.base/sun.nio.ch.NioSocketImpl.connect(NioSocketImpl.java:572)
	at java.base/java.net.Socket.connect(Socket.java:633)
	at java.base/sun.net.NetworkClient.doConnect(NetworkClient.java:178)
	at java.base/sun.net.www.http.HttpClient.openServer(HttpClient.java:533)
	at java.base/sun.net.www.http.HttpClient.openServer(HttpClient.java:638)
	at java.base/sun.net.www.http.HttpClient.<init>(HttpClient.java:281)
	at java.base/sun.net.www.http.HttpClient.New(HttpClient.java:386)
	at java.base/sun.net.www.http.HttpClient.New(HttpClient.java:408)
	at java.base/sun.net.www.protocol.http.HttpURLConnection.getNewHttpClient(HttpURLConnection.java:1308)
	at java.base/sun.net.www.protocol.http.HttpURLConnection.plainConnect0(HttpURLConnection.java:1241)
	at java.base/sun.net.www.protocol.http.HttpURLConnection.plainConnect(HttpURLConnection.java:1127)
	at java.base/sun.net.www.protocol.http.HttpURLConnection.connect(HttpURLConnection.java:1056)
	at java.base/sun.net.www.protocol.http.HttpURLConnection.getOutputStream0(HttpURLConnection.java:1450)
	at java.base/sun.net.www.protocol.http.HttpURLConnection.getOutputStream(HttpURLConnection.java:1421)
	at io.micrometer@1.12.4//io.micrometer.core.ipc.http.HttpUrlConnectionSender.send(HttpUrlConnectionSender.java:98)
	at io.micrometer@1.12.4//io.micrometer.core.ipc.http.HttpSender$Request$Builder.send(HttpSender.java:306)
	at io.micrometer@1.12.4//io.micrometer.registry.otlp.OtlpMeterRegistry.publish(OtlpMeterRegistry.java:168)
	at io.micrometer@1.12.4//io.micrometer.core.instrument.push.PushMeterRegistry.publishSafelyOrSkipIfInProgress(PushMeterRegistry.java:64)
	at java.base/java.util.concurrent.Executors$RunnableAdapter.call(Executors.java:539)
	at java.base/java.util.concurrent.FutureTask.runAndReset(FutureTask.java:305)
	at java.base/java.util.concurrent.ScheduledThreadPoolExecutor$ScheduledFutureTask.run(ScheduledThreadPoolExecutor.java:305)
	at java.base/java.util.concurrent.ThreadPoolExecutor.runWorker(ThreadPoolExecutor.java:1136)
	at java.base/java.util.concurrent.ThreadPoolExecutor$Worker.run(ThreadPoolExecutor.java:635)
	at java.base/java.lang.Thread.run(Thread.java:840)

00:18:12,977 INFO  [open.dolphin] (default task-1) 127.0.0.1 dolphin GET /dolphin traceId=69daa259-449c-4a7b-bff6-2885409058cf
00:18:12,977 INFO  [open.dolphin] (default task-1) 127.0.0.1 dolphin GET /dolphin traceId=0c598b47-92b9-4a0d-9486-89d4e60d9c5f
00:18:43,040 INFO  [open.dolphin] (default task-1) 127.0.0.1 dolphin GET /dolphin traceId=c3406656-0b5e-4635-b4ce-91800e80a55c
00:18:43,040 INFO  [open.dolphin] (default task-1) 127.0.0.1 dolphin GET /dolphin traceId=98e7f28d-92c2-4b2f-88a6-07a33d160f7b
00:19:10,895 WARNING [io.micrometer.registry.otlp.OtlpMeterRegistry] (otlp-metrics-publisher) Failed to publish metrics to OTLP receiver: java.net.UnknownHostException: otel-collector
	at java.base/sun.nio.ch.NioSocketImpl.connect(NioSocketImpl.java:572)
	at java.base/java.net.Socket.connect(Socket.java:633)
	at java.base/sun.net.NetworkClient.doConnect(NetworkClient.java:178)
	at java.base/sun.net.www.http.HttpClient.openServer(HttpClient.java:533)
	at java.base/sun.net.www.http.HttpClient.openServer(HttpClient.java:638)
	at java.base/sun.net.www.http.HttpClient.<init>(HttpClient.java:281)
	at java.base/sun.net.www.http.HttpClient.New(HttpClient.java:386)
	at java.base/sun.net.www.http.HttpClient.New(HttpClient.java:408)
	at java.base/sun.net.www.protocol.http.HttpURLConnection.getNewHttpClient(HttpURLConnection.java:1308)
	at java.base/sun.net.www.protocol.http.HttpURLConnection.plainConnect0(HttpURLConnection.java:1241)
	at java.base/sun.net.www.protocol.http.HttpURLConnection.plainConnect(HttpURLConnection.java:1127)
	at java.base/sun.net.www.protocol.http.HttpURLConnection.connect(HttpURLConnection.java:1056)
	at java.base/sun.net.www.protocol.http.HttpURLConnection.getOutputStream0(HttpURLConnection.java:1450)
	at java.base/sun.net.www.protocol.http.HttpURLConnection.getOutputStream(HttpURLConnection.java:1421)
	at io.micrometer@1.12.4//io.micrometer.core.ipc.http.HttpUrlConnectionSender.send(HttpUrlConnectionSender.java:98)
	at io.micrometer@1.12.4//io.micrometer.core.ipc.http.HttpSender$Request$Builder.send(HttpSender.java:306)
	at io.micrometer@1.12.4//io.micrometer.registry.otlp.OtlpMeterRegistry.publish(OtlpMeterRegistry.java:168)
	at io.micrometer@1.12.4//io.micrometer.core.instrument.push.PushMeterRegistry.publishSafelyOrSkipIfInProgress(PushMeterRegistry.java:64)
	at java.base/java.util.concurrent.Executors$RunnableAdapter.call(Executors.java:539)
	at java.base/java.util.concurrent.FutureTask.runAndReset(FutureTask.java:305)
	at java.base/java.util.concurrent.ScheduledThreadPoolExecutor$ScheduledFutureTask.run(ScheduledThreadPoolExecutor.java:305)
	at java.base/java.util.concurrent.ThreadPoolExecutor.runWorker(ThreadPoolExecutor.java:1136)
	at java.base/java.util.concurrent.ThreadPoolExecutor$Worker.run(ThreadPoolExecutor.java:635)
	at java.base/java.lang.Thread.run(Thread.java:840)

00:19:13,114 INFO  [open.dolphin] (default task-1) 127.0.0.1 dolphin GET /dolphin traceId=7bf911ca-0df6-4a15-be98-8504145b2860
00:19:13,115 INFO  [open.dolphin] (default task-1) 127.0.0.1 dolphin GET /dolphin traceId=face114c-89af-4964-963d-385d93da8884
00:19:43,178 INFO  [open.dolphin] (default task-1) 127.0.0.1 dolphin GET /dolphin traceId=a7074cb2-2b15-4c6f-a813-a729a6fd3d0e
00:19:43,178 INFO  [open.dolphin] (default task-1) 127.0.0.1 dolphin GET /dolphin traceId=a1843ec9-f7f9-483d-a6f6-1d7bc57f8c38
00:20:10,905 WARNING [io.micrometer.registry.otlp.OtlpMeterRegistry] (otlp-metrics-publisher) Failed to publish metrics to OTLP receiver: java.net.UnknownHostException: otel-collector
	at java.base/sun.nio.ch.NioSocketImpl.connect(NioSocketImpl.java:572)
	at java.base/java.net.Socket.connect(Socket.java:633)
	at java.base/sun.net.NetworkClient.doConnect(NetworkClient.java:178)
	at java.base/sun.net.www.http.HttpClient.openServer(HttpClient.java:533)
	at java.base/sun.net.www.http.HttpClient.openServer(HttpClient.java:638)
	at java.base/sun.net.www.http.HttpClient.<init>(HttpClient.java:281)
	at java.base/sun.net.www.http.HttpClient.New(HttpClient.java:386)
	at java.base/sun.net.www.http.HttpClient.New(HttpClient.java:408)
	at java.base/sun.net.www.protocol.http.HttpURLConnection.getNewHttpClient(HttpURLConnection.java:1308)
	at java.base/sun.net.www.protocol.http.HttpURLConnection.plainConnect0(HttpURLConnection.java:1241)
	at java.base/sun.net.www.protocol.http.HttpURLConnection.plainConnect(HttpURLConnection.java:1127)
	at java.base/sun.net.www.protocol.http.HttpURLConnection.connect(HttpURLConnection.java:1056)
	at java.base/sun.net.www.protocol.http.HttpURLConnection.getOutputStream0(HttpURLConnection.java:1450)
	at java.base/sun.net.www.protocol.http.HttpURLConnection.getOutputStream(HttpURLConnection.java:1421)
	at io.micrometer@1.12.4//io.micrometer.core.ipc.http.HttpUrlConnectionSender.send(HttpUrlConnectionSender.java:98)
	at io.micrometer@1.12.4//io.micrometer.core.ipc.http.HttpSender$Request$Builder.send(HttpSender.java:306)
	at io.micrometer@1.12.4//io.micrometer.registry.otlp.OtlpMeterRegistry.publish(OtlpMeterRegistry.java:168)
	at io.micrometer@1.12.4//io.micrometer.core.instrument.push.PushMeterRegistry.publishSafelyOrSkipIfInProgress(PushMeterRegistry.java:64)
	at java.base/java.util.concurrent.Executors$RunnableAdapter.call(Executors.java:539)
	at java.base/java.util.concurrent.FutureTask.runAndReset(FutureTask.java:305)
	at java.base/java.util.concurrent.ScheduledThreadPoolExecutor$ScheduledFutureTask.run(ScheduledThreadPoolExecutor.java:305)
	at java.base/java.util.concurrent.ThreadPoolExecutor.runWorker(ThreadPoolExecutor.java:1136)
	at java.base/java.util.concurrent.ThreadPoolExecutor$Worker.run(ThreadPoolExecutor.java:635)
	at java.base/java.lang.Thread.run(Thread.java:840)

00:20:13,246 INFO  [open.dolphin] (default task-1) 127.0.0.1 dolphin GET /dolphin traceId=0330cfda-a448-4f15-b45f-14a60f2b26ff
00:20:13,246 INFO  [open.dolphin] (default task-1) 127.0.0.1 dolphin GET /dolphin traceId=d3af507c-bc2d-45e2-a692-55eaaa556d69
00:20:43,317 INFO  [open.dolphin] (default task-1) 127.0.0.1 dolphin GET /dolphin traceId=ee8aa3e8-7431-4e93-bfff-5dbd92ec061e
00:20:43,318 INFO  [open.dolphin] (default task-1) 127.0.0.1 dolphin GET /dolphin traceId=b9ebcce7-0c5a-496b-911f-6b12e389bd91
00:21:10,234 WARNING [open.dolphin.rest.LogFilter] (default task-1) Missing credentials headers for request /openDolphin/resources/serverinfo/claim/conn. TODO: Replace header-based auth with Elytron HTTP authentication.
00:21:10,235 WARNING [open.dolphin] (default task-1) Unauthorized user: unknown: /openDolphin/resources/serverinfo/claim/conn traceId=40460050-32ce-4f72-8987-48e77e764cc2
00:21:10,418 INFO  [stdout] (default task-1) Hibernate: select ae1_0.event_hash from d_audit_event ae1_0 order by ae1_0.event_time desc fetch first ? rows only
00:21:10,438 INFO  [stdout] (default task-1) Hibernate: select nextval('d_audit_event_id_seq')
00:21:10,453 INFO  [stdout] (default task-1) Hibernate: insert into d_audit_event (action,actor_display_name,actor_id,actor_role,event_hash,event_time,ip_address,patient_id,payload,payload_hash,previous_hash,request_id,resource,trace_id,user_agent,id) values (?,?,?,?,?,?,?,?,?,?,?,?,?,?,?,?)
00:21:10,476 INFO  [stdout] (default task-1) Hibernate: update d_audit_event set trace_id = ?, payload = ? where id = ?
00:21:10,516 INFO  [open.dolphin.session.MessageSender] (Thread-3 (ActiveMQ-client-global-threads)) Audit envelope drained from JMS queue [traceId=40460050-32ce-4f72-8987-48e77e764cc2, action=REST_UNAUTHORIZED_GUARD, resource=/openDolphin/resources/serverinfo/claim/conn, outcome=FAILURE]
00:21:10,900 WARNING [io.micrometer.registry.otlp.OtlpMeterRegistry] (otlp-metrics-publisher) Failed to publish metrics to OTLP receiver: java.net.UnknownHostException: otel-collector
	at java.base/sun.nio.ch.NioSocketImpl.connect(NioSocketImpl.java:572)
	at java.base/java.net.Socket.connect(Socket.java:633)
	at java.base/sun.net.NetworkClient.doConnect(NetworkClient.java:178)
	at java.base/sun.net.www.http.HttpClient.openServer(HttpClient.java:533)
	at java.base/sun.net.www.http.HttpClient.openServer(HttpClient.java:638)
	at java.base/sun.net.www.http.HttpClient.<init>(HttpClient.java:281)
	at java.base/sun.net.www.http.HttpClient.New(HttpClient.java:386)
	at java.base/sun.net.www.http.HttpClient.New(HttpClient.java:408)
	at java.base/sun.net.www.protocol.http.HttpURLConnection.getNewHttpClient(HttpURLConnection.java:1308)
	at java.base/sun.net.www.protocol.http.HttpURLConnection.plainConnect0(HttpURLConnection.java:1241)
	at java.base/sun.net.www.protocol.http.HttpURLConnection.plainConnect(HttpURLConnection.java:1127)
	at java.base/sun.net.www.protocol.http.HttpURLConnection.connect(HttpURLConnection.java:1056)
	at java.base/sun.net.www.protocol.http.HttpURLConnection.getOutputStream0(HttpURLConnection.java:1450)
	at java.base/sun.net.www.protocol.http.HttpURLConnection.getOutputStream(HttpURLConnection.java:1421)
	at io.micrometer@1.12.4//io.micrometer.core.ipc.http.HttpUrlConnectionSender.send(HttpUrlConnectionSender.java:98)
	at io.micrometer@1.12.4//io.micrometer.core.ipc.http.HttpSender$Request$Builder.send(HttpSender.java:306)
	at io.micrometer@1.12.4//io.micrometer.registry.otlp.OtlpMeterRegistry.publish(OtlpMeterRegistry.java:168)
	at io.micrometer@1.12.4//io.micrometer.core.instrument.push.PushMeterRegistry.publishSafelyOrSkipIfInProgress(PushMeterRegistry.java:64)
	at java.base/java.util.concurrent.Executors$RunnableAdapter.call(Executors.java:539)
	at java.base/java.util.concurrent.FutureTask.runAndReset(FutureTask.java:305)
	at java.base/java.util.concurrent.ScheduledThreadPoolExecutor$ScheduledFutureTask.run(ScheduledThreadPoolExecutor.java:305)
	at java.base/java.util.concurrent.ThreadPoolExecutor.runWorker(ThreadPoolExecutor.java:1136)
	at java.base/java.util.concurrent.ThreadPoolExecutor$Worker.run(ThreadPoolExecutor.java:635)
	at java.base/java.lang.Thread.run(Thread.java:840)

00:21:13,382 INFO  [open.dolphin] (default task-1) 127.0.0.1 dolphin GET /dolphin traceId=9e0b7a35-c3dd-4417-8099-9a3b803014df
00:21:13,383 INFO  [open.dolphin] (default task-1) 127.0.0.1 dolphin GET /dolphin traceId=d9583a63-6b51-41b7-b3ef-2b403d6c8001
00:21:43,443 INFO  [open.dolphin] (default task-1) 127.0.0.1 dolphin GET /dolphin traceId=d5bdde32-6b99-481f-a9a0-53bf4310cdcd
00:21:43,443 INFO  [open.dolphin] (default task-1) 127.0.0.1 dolphin GET /dolphin traceId=9deadabe-2a50-4b4b-bd5b-50ac5ed79187
00:22:01,730 INFO  [stdout] (default task-1) Hibernate: select um1_0.id,um1_0.commonName,um1_0.department,um1_0.departmentCodeSys,um1_0.departmentDesc,um1_0.email,um1_0.facility_id,um1_0.factor2Auth,um1_0.givenName,um1_0.license,um1_0.licenseCodeSys,um1_0.licenseDesc,um1_0.mainMobile,um1_0.memberType,um1_0.memo,um1_0.orcaId,um1_0.password,um1_0.registeredDate,um1_0.sirName,um1_0.subMobile,um1_0.useDrugId,um1_0.userId from d_users um1_0 where um1_0.userId=?
00:22:01,736 WARNING [open.dolphin] (default task-1) Unauthorized user: 1.3.6.1.4.1.9414.10.1:dolphin: /openDolphin/resources/serverinfo/claim/conn traceId=aa14ca1a-501f-462e-add1-1227531c3dbd
00:22:01,737 INFO  [stdout] (default task-1) Hibernate: select ae1_0.event_hash from d_audit_event ae1_0 order by ae1_0.event_time desc fetch first ? rows only
00:22:01,739 INFO  [stdout] (default task-1) Hibernate: select nextval('d_audit_event_id_seq')
00:22:01,740 INFO  [stdout] (default task-1) Hibernate: insert into d_audit_event (action,actor_display_name,actor_id,actor_role,event_hash,event_time,ip_address,patient_id,payload,payload_hash,previous_hash,request_id,resource,trace_id,user_agent,id) values (?,?,?,?,?,?,?,?,?,?,?,?,?,?,?,?)
00:22:01,742 INFO  [stdout] (default task-1) Hibernate: update d_audit_event set trace_id = ?, payload = ? where id = ?
00:22:01,750 INFO  [open.dolphin.session.MessageSender] (Thread-3 (ActiveMQ-client-global-threads)) Audit envelope drained from JMS queue [traceId=aa14ca1a-501f-462e-add1-1227531c3dbd, action=REST_UNAUTHORIZED_GUARD, resource=/openDolphin/resources/serverinfo/claim/conn, outcome=FAILURE]
00:22:10,900 WARNING [io.micrometer.registry.otlp.OtlpMeterRegistry] (otlp-metrics-publisher) Failed to publish metrics to OTLP receiver: java.net.UnknownHostException: otel-collector
	at java.base/sun.nio.ch.NioSocketImpl.connect(NioSocketImpl.java:572)
	at java.base/java.net.Socket.connect(Socket.java:633)
	at java.base/sun.net.NetworkClient.doConnect(NetworkClient.java:178)
	at java.base/sun.net.www.http.HttpClient.openServer(HttpClient.java:533)
	at java.base/sun.net.www.http.HttpClient.openServer(HttpClient.java:638)
	at java.base/sun.net.www.http.HttpClient.<init>(HttpClient.java:281)
	at java.base/sun.net.www.http.HttpClient.New(HttpClient.java:386)
	at java.base/sun.net.www.http.HttpClient.New(HttpClient.java:408)
	at java.base/sun.net.www.protocol.http.HttpURLConnection.getNewHttpClient(HttpURLConnection.java:1308)
	at java.base/sun.net.www.protocol.http.HttpURLConnection.plainConnect0(HttpURLConnection.java:1241)
	at java.base/sun.net.www.protocol.http.HttpURLConnection.plainConnect(HttpURLConnection.java:1127)
	at java.base/sun.net.www.protocol.http.HttpURLConnection.connect(HttpURLConnection.java:1056)
	at java.base/sun.net.www.protocol.http.HttpURLConnection.getOutputStream0(HttpURLConnection.java:1450)
	at java.base/sun.net.www.protocol.http.HttpURLConnection.getOutputStream(HttpURLConnection.java:1421)
	at io.micrometer@1.12.4//io.micrometer.core.ipc.http.HttpUrlConnectionSender.send(HttpUrlConnectionSender.java:98)
	at io.micrometer@1.12.4//io.micrometer.core.ipc.http.HttpSender$Request$Builder.send(HttpSender.java:306)
	at io.micrometer@1.12.4//io.micrometer.registry.otlp.OtlpMeterRegistry.publish(OtlpMeterRegistry.java:168)
	at io.micrometer@1.12.4//io.micrometer.core.instrument.push.PushMeterRegistry.publishSafelyOrSkipIfInProgress(PushMeterRegistry.java:64)
	at java.base/java.util.concurrent.Executors$RunnableAdapter.call(Executors.java:539)
	at java.base/java.util.concurrent.FutureTask.runAndReset(FutureTask.java:305)
	at java.base/java.util.concurrent.ScheduledThreadPoolExecutor$ScheduledFutureTask.run(ScheduledThreadPoolExecutor.java:305)
	at java.base/java.util.concurrent.ThreadPoolExecutor.runWorker(ThreadPoolExecutor.java:1136)
	at java.base/java.util.concurrent.ThreadPoolExecutor$Worker.run(ThreadPoolExecutor.java:635)
	at java.base/java.lang.Thread.run(Thread.java:840)

00:22:13,509 INFO  [open.dolphin] (default task-1) 127.0.0.1 dolphin GET /dolphin traceId=dfe9ef06-b639-4bfd-a2dc-f174a5ae83d7
00:22:13,509 INFO  [open.dolphin] (default task-1) 127.0.0.1 dolphin GET /dolphin traceId=428c7d32-f726-4258-9d0e-4b9ac5cd7f09
00:22:43,579 INFO  [open.dolphin] (default task-1) 127.0.0.1 dolphin GET /dolphin traceId=203129b6-1eb3-4932-875c-dde687845864
00:22:43,579 INFO  [open.dolphin] (default task-1) 127.0.0.1 dolphin GET /dolphin traceId=deaaa556-3686-4fb5-b19e-d6b23dcf8919
00:23:10,895 WARNING [io.micrometer.registry.otlp.OtlpMeterRegistry] (otlp-metrics-publisher) Failed to publish metrics to OTLP receiver: java.net.UnknownHostException: otel-collector
	at java.base/sun.nio.ch.NioSocketImpl.connect(NioSocketImpl.java:572)
	at java.base/java.net.Socket.connect(Socket.java:633)
	at java.base/sun.net.NetworkClient.doConnect(NetworkClient.java:178)
	at java.base/sun.net.www.http.HttpClient.openServer(HttpClient.java:533)
	at java.base/sun.net.www.http.HttpClient.openServer(HttpClient.java:638)
	at java.base/sun.net.www.http.HttpClient.<init>(HttpClient.java:281)
	at java.base/sun.net.www.http.HttpClient.New(HttpClient.java:386)
	at java.base/sun.net.www.http.HttpClient.New(HttpClient.java:408)
	at java.base/sun.net.www.protocol.http.HttpURLConnection.getNewHttpClient(HttpURLConnection.java:1308)
	at java.base/sun.net.www.protocol.http.HttpURLConnection.plainConnect0(HttpURLConnection.java:1241)
	at java.base/sun.net.www.protocol.http.HttpURLConnection.plainConnect(HttpURLConnection.java:1127)
	at java.base/sun.net.www.protocol.http.HttpURLConnection.connect(HttpURLConnection.java:1056)
	at java.base/sun.net.www.protocol.http.HttpURLConnection.getOutputStream0(HttpURLConnection.java:1450)
	at java.base/sun.net.www.protocol.http.HttpURLConnection.getOutputStream(HttpURLConnection.java:1421)
	at io.micrometer@1.12.4//io.micrometer.core.ipc.http.HttpUrlConnectionSender.send(HttpUrlConnectionSender.java:98)
	at io.micrometer@1.12.4//io.micrometer.core.ipc.http.HttpSender$Request$Builder.send(HttpSender.java:306)
	at io.micrometer@1.12.4//io.micrometer.registry.otlp.OtlpMeterRegistry.publish(OtlpMeterRegistry.java:168)
	at io.micrometer@1.12.4//io.micrometer.core.instrument.push.PushMeterRegistry.publishSafelyOrSkipIfInProgress(PushMeterRegistry.java:64)
	at java.base/java.util.concurrent.Executors$RunnableAdapter.call(Executors.java:539)
	at java.base/java.util.concurrent.FutureTask.runAndReset(FutureTask.java:305)
	at java.base/java.util.concurrent.ScheduledThreadPoolExecutor$ScheduledFutureTask.run(ScheduledThreadPoolExecutor.java:305)
	at java.base/java.util.concurrent.ThreadPoolExecutor.runWorker(ThreadPoolExecutor.java:1136)
	at java.base/java.util.concurrent.ThreadPoolExecutor$Worker.run(ThreadPoolExecutor.java:635)
	at java.base/java.lang.Thread.run(Thread.java:840)

00:23:13,653 INFO  [open.dolphin] (default task-1) 127.0.0.1 dolphin GET /dolphin traceId=65f07d11-eec3-41f3-9339-b89d0da6ec54
00:23:13,653 INFO  [open.dolphin] (default task-1) 127.0.0.1 dolphin GET /dolphin traceId=0635235c-945b-4aa8-a40a-02bef3b14430
00:23:16,131 INFO  [stdout] (default task-1) Hibernate: select um1_0.id,um1_0.commonName,um1_0.department,um1_0.departmentCodeSys,um1_0.departmentDesc,um1_0.email,um1_0.facility_id,um1_0.factor2Auth,um1_0.givenName,um1_0.license,um1_0.licenseCodeSys,um1_0.licenseDesc,um1_0.mainMobile,um1_0.memberType,um1_0.memo,um1_0.orcaId,um1_0.password,um1_0.registeredDate,um1_0.sirName,um1_0.subMobile,um1_0.useDrugId,um1_0.userId from d_users um1_0 where um1_0.userId=?
00:23:16,146 INFO  [stdout] (default task-1) Hibernate: select fm1_0.id,fm1_0.address,fm1_0.facilityId,fm1_0.facilityName,fm1_0.facsimile,fm1_0.memberType,fm1_0.registeredDate,fm1_0.s3AccessKey,fm1_0.s3SecretKey,fm1_0.s3URL,fm1_0.telephone,fm1_0.url,fm1_0.zipCode from d_facility fm1_0 where fm1_0.id=?
00:23:16,152 INFO  [stdout] (default task-1) Hibernate: select r1_0.c_user,r1_0.id,r1_0.c_role,r1_0.user_id from d_roles r1_0 where r1_0.c_user=?
00:23:16,158 INFO  [open.dolphin] (default task-1) 172.24.0.1 dolphin GET /serverinfo/claim/conn traceId=serverinfo-20251119TorcaPHRSeqZ1
00:23:16,158 INFO  [open.dolphin] (default task-1) 172.24.0.1 dolphin GET /serverinfo/claim/conn traceId=serverinfo-20251119TorcaPHRSeqZ1
00:23:25,702 INFO  [open.dolphin] (default task-1) 172.24.0.1 dolphin GET /serverinfo/claim/conn traceId=serverinfo-20251119TorcaPHRSeqZ1
00:23:25,702 INFO  [open.dolphin] (default task-1) 172.24.0.1 dolphin GET /serverinfo/claim/conn traceId=serverinfo-20251119TorcaPHRSeqZ1
00:23:43,722 INFO  [open.dolphin] (default task-1) 127.0.0.1 dolphin GET /dolphin traceId=71f22f8f-2ca3-4a49-8b82-637e64bc38b0
00:23:43,722 INFO  [open.dolphin] (default task-1) 127.0.0.1 dolphin GET /dolphin traceId=9b65aba8-5b39-4833-aab5-05ad54efad90
