1:opendolphin-server-modernized-dev  | [0m[0m21:45:43,054 INFO  [open.dolphin] (default task-1) 192.168.65.1 anonymous GET /patient/id/0000001 traceId=jpql-patient-20251110T122417Z
2:opendolphin-server-modernized-dev  | [0m[0m21:45:43,054 INFO  [open.dolphin] (default task-1) 192.168.65.1 anonymous GET /patient/id/0000001 traceId=jpql-patient-20251110T122417Z
3-opendolphin-server-modernized-dev  | [0m[0m21:45:43,056 INFO  [stdout] (default task-1) Hibernate: select pm1_0.id,pm1_0.address,pm1_0.zipCode,pm1_0.appMemo,pm1_0.birthday,pm1_0.email,pm1_0.facilityId,pm1_0.familyName,pm1_0.fullName,pm1_0.gender,pm1_0.genderDesc,pm1_0.givenName,pm1_0.jpegPhoto,pm1_0.kanaFamilyName,pm1_0.kanaGivenName,pm1_0.kanaName,pm1_0.maritalStatus,pm1_0.memo,pm1_0.mobilePhone,pm1_0.nationality,pm1_0.ownerUUID,pm1_0.patientId,pm1_0.relations,pm1_0.reserve1,pm1_0.reserve2,pm1_0.reserve3,pm1_0.reserve4,pm1_0.reserve5,pm1_0.reserve6,pm1_0.romanFamilyName,pm1_0.romanGivenName,pm1_0.romanName,pm1_0.telephone from d_patient pm1_0 where pm1_0.facilityId=? and pm1_0.patientId like ? escape ''
4:opendolphin-server-modernized-dev  | [0m[31m21:45:43,058 ERROR [open.dolphin.session.framework.SessionOperationInterceptor] (default task-1) Session operation failed [traceId=jpql-patient-20251110T122417Z, operation=open.dolphin.session.PatientServiceBean$Proxy$_$$_WeldSubclass#getPatientById]: open.dolphin.session.framework.SessionServiceException: Session layer failure in open.dolphin.session.PatientServiceBean$Proxy$_$$_WeldSubclass#getPatientById
5-opendolphin-server-modernized-dev  | 	at deployment.opendolphin-server.war//open.dolphin.session.framework.SessionOperationInterceptor.wrapException(SessionOperationInterceptor.java:54)
6-opendolphin-server-modernized-dev  | 	at deployment.opendolphin-server.war//open.dolphin.session.framework.SessionOperationInterceptor.aroundInvoke(SessionOperationInterceptor.java:39)
7-opendolphin-server-modernized-dev  | 	at jdk.internal.reflect.GeneratedMethodAccessor66.invoke(Unknown Source)
8-opendolphin-server-modernized-dev  | 	at java.base/jdk.internal.reflect.DelegatingMethodAccessorImpl.invoke(DelegatingMethodAccessorImpl.java:43)
9-opendolphin-server-modernized-dev  | 	at java.base/java.lang.reflect.Method.invoke(Method.java:569)
10-opendolphin-server-modernized-dev  | 	at org.jboss.weld.core@5.1.2.Final//org.jboss.weld.interceptor.reader.SimpleInterceptorInvocation$SimpleMethodInvocation.invoke(SimpleInterceptorInvocation.java:75)
11-opendolphin-server-modernized-dev  | 	at org.jboss.weld.core@5.1.2.Final//org.jboss.weld.interceptor.proxy.NonTerminalAroundInvokeInvocationContext.proceedInternal(NonTerminalAroundInvokeInvocationContext.java:72)
12-opendolphin-server-modernized-dev  | 	at org.jboss.weld.core@5.1.2.Final//org.jboss.weld.interceptor.proxy.AroundInvokeInvocationContext.proceed(AroundInvokeInvocationContext.java:86)
13-opendolphin-server-modernized-dev  | 	at org.jboss.jts//com.arjuna.ats.jta.cdi.transactional.TransactionalInterceptorBase.invokeInOurTx(TransactionalInterceptorBase.java:181)
14-opendolphin-server-modernized-dev  | 	at org.jboss.jts//com.arjuna.ats.jta.cdi.transactional.TransactionalInterceptorBase.invokeInOurTx(TransactionalInterceptorBase.java:169)
15-opendolphin-server-modernized-dev  | 	at org.jboss.jts//com.arjuna.ats.jta.cdi.transactional.TransactionalInterceptorRequired.doIntercept(TransactionalInterceptorRequired.java:37)
16-opendolphin-server-modernized-dev  | 	at org.jboss.jts//com.arjuna.ats.jta.cdi.transactional.TransactionalInterceptorBase.intercept(TransactionalInterceptorBase.java:74)
17-opendolphin-server-modernized-dev  | 	at org.jboss.jts//com.arjuna.ats.jta.cdi.transactional.TransactionalInterceptorRequired.intercept(TransactionalInterceptorRequired.java:31)
18-opendolphin-server-modernized-dev  | 	at jdk.internal.reflect.GeneratedMethodAccessor64.invoke(Unknown Source)
19-opendolphin-server-modernized-dev  | 	at java.base/jdk.internal.reflect.DelegatingMethodAccessorImpl.invoke(DelegatingMethodAccessorImpl.java:43)
20-opendolphin-server-modernized-dev  | 	at java.base/java.lang.reflect.Method.invoke(Method.java:569)
21-opendolphin-server-modernized-dev  | 	at org.jboss.weld.core@5.1.2.Final//org.jboss.weld.interceptor.reader.SimpleInterceptorInvocation$SimpleMethodInvocation.invoke(SimpleInterceptorInvocation.java:75)
22-opendolphin-server-modernized-dev  | 	at org.jboss.weld.core@5.1.2.Final//org.jboss.weld.interceptor.proxy.InterceptorMethodHandler.executeAroundInvoke(InterceptorMethodHandler.java:90)
23-opendolphin-server-modernized-dev  | 	at org.jboss.weld.core@5.1.2.Final//org.jboss.weld.interceptor.proxy.InterceptorMethodHandler.executeInterception(InterceptorMethodHandler.java:73)
24-opendolphin-server-modernized-dev  | 	at org.jboss.weld.core@5.1.2.Final//org.jboss.weld.interceptor.proxy.InterceptorMethodHandler.invoke(InterceptorMethodHandler.java:56)
25-opendolphin-server-modernized-dev  | 	at org.jboss.weld.core@5.1.2.Final//org.jboss.weld.bean.proxy.CombinedInterceptorAndDecoratorStackMethodHandler.invoke(CombinedInterceptorAndDecoratorStackMethodHandler.java:80)
26-opendolphin-server-modernized-dev  | 	at org.jboss.weld.core@5.1.2.Final//org.jboss.weld.bean.proxy.CombinedInterceptorAndDecoratorStackMethodHandler.invoke(CombinedInterceptorAndDecoratorStackMethodHandler.java:68)
27-opendolphin-server-modernized-dev  | 	at deployment.opendolphin-server.war//open.dolphin.session.PatientServiceBean$Proxy$_$$_WeldSubclass.getPatientById(Unknown Source)
28-opendolphin-server-modernized-dev  | 	at deployment.opendolphin-server.war//open.dolphin.session.PatientServiceBean$Proxy$_$$_WeldClientProxy.getPatientById(Unknown Source)
29-opendolphin-server-modernized-dev  | 	at deployment.opendolphin-server.war//open.dolphin.rest.PatientResource.getPatientById(PatientResource.java:98)
30-opendolphin-server-modernized-dev  | 	at deployment.opendolphin-server.war//open.dolphin.rest.PatientResource$Proxy$_$$_WeldClientProxy.getPatientById(Unknown Source)
31-opendolphin-server-modernized-dev  | 	at java.base/jdk.internal.reflect.NativeMethodAccessorImpl.invoke0(Native Method)
32-opendolphin-server-modernized-dev  | 	at java.base/jdk.internal.reflect.NativeMethodAccessorImpl.invoke(NativeMethodAccessorImpl.java:77)
33-opendolphin-server-modernized-dev  | 	at java.base/jdk.internal.reflect.DelegatingMethodAccessorImpl.invoke(DelegatingMethodAccessorImpl.java:43)
34-opendolphin-server-modernized-dev  | 	at java.base/java.lang.reflect.Method.invoke(Method.java:569)
35-opendolphin-server-modernized-dev  | 	at org.jboss.resteasy.resteasy-core@6.2.10.Final//org.jboss.resteasy.core.MethodInjectorImpl.invoke(MethodInjectorImpl.java:154)
36-opendolphin-server-modernized-dev  | 	at org.jboss.resteasy.resteasy-core@6.2.10.Final//org.jboss.resteasy.core.MethodInjectorImpl.invoke(MethodInjectorImpl.java:118)
37-opendolphin-server-modernized-dev  | 	at org.jboss.resteasy.resteasy-core@6.2.10.Final//org.jboss.resteasy.core.ResourceMethodInvoker.internalInvokeOnTarget(ResourceMethodInvoker.java:560)
38-opendolphin-server-modernized-dev  | 	at org.jboss.resteasy.resteasy-core@6.2.10.Final//org.jboss.resteasy.core.ResourceMethodInvoker.invokeOnTargetAfterFilter(ResourceMethodInvoker.java:452)
39-opendolphin-server-modernized-dev  | 	at org.jboss.resteasy.resteasy-core@6.2.10.Final//org.jboss.resteasy.core.ResourceMethodInvoker.lambda$invokeOnTarget$2(ResourceMethodInvoker.java:413)
40-opendolphin-server-modernized-dev  | 	at org.jboss.resteasy.resteasy-core@6.2.10.Final//org.jboss.resteasy.core.interception.jaxrs.PreMatchContainerRequestContext.filter(PreMatchContainerRequestContext.java:321)
41-opendolphin-server-modernized-dev  | 	at org.jboss.resteasy.resteasy-core@6.2.10.Final//org.jboss.resteasy.core.ResourceMethodInvoker.invokeOnTarget(ResourceMethodInvoker.java:415)
42-opendolphin-server-modernized-dev  | 	at org.jboss.resteasy.resteasy-core@6.2.10.Final//org.jboss.resteasy.core.ResourceMethodInvoker.invoke(ResourceMethodInvoker.java:378)
43-opendolphin-server-modernized-dev  | 	at org.jboss.resteasy.resteasy-core@6.2.10.Final//org.jboss.resteasy.core.ResourceMethodInvoker.invoke(ResourceMethodInvoker.java:356)
44-opendolphin-server-modernized-dev  | 	at org.jboss.resteasy.resteasy-core@6.2.10.Final//org.jboss.resteasy.core.ResourceMethodInvoker.invoke(ResourceMethodInvoker.java:70)
45-opendolphin-server-modernized-dev  | 	at org.jboss.resteasy.resteasy-core@6.2.10.Final//org.jboss.resteasy.core.SynchronousDispatcher.invoke(SynchronousDispatcher.java:429)
46-opendolphin-server-modernized-dev  | 	at org.jboss.resteasy.resteasy-core@6.2.10.Final//org.jboss.resteasy.core.SynchronousDispatcher.lambda$invoke$4(SynchronousDispatcher.java:240)
47-opendolphin-server-modernized-dev  | 	at org.jboss.resteasy.resteasy-core@6.2.10.Final//org.jboss.resteasy.core.SynchronousDispatcher.lambda$preprocess$0(SynchronousDispatcher.java:154)
48-opendolphin-server-modernized-dev  | 	at org.jboss.resteasy.resteasy-core@6.2.10.Final//org.jboss.resteasy.core.interception.jaxrs.PreMatchContainerRequestContext.filter(PreMatchContainerRequestContext.java:321)
49-opendolphin-server-modernized-dev  | 	at org.jboss.resteasy.resteasy-core@6.2.10.Final//org.jboss.resteasy.core.SynchronousDispatcher.preprocess(SynchronousDispatcher.java:157)
50-opendolphin-server-modernized-dev  | 	at org.jboss.resteasy.resteasy-core@6.2.10.Final//org.jboss.resteasy.core.SynchronousDispatcher.invoke(SynchronousDispatcher.java:229)
51-opendolphin-server-modernized-dev  | 	at org.jboss.resteasy.resteasy-core@6.2.10.Final//org.jboss.resteasy.plugins.server.servlet.ServletContainerDispatcher.service(ServletContainerDispatcher.java:222)
52-opendolphin-server-modernized-dev  | 	at org.jboss.resteasy.resteasy-core@6.2.10.Final//org.jboss.resteasy.plugins.server.servlet.HttpServletDispatcher.service(HttpServletDispatcher.java:55)
53-opendolphin-server-modernized-dev  | 	at org.jboss.resteasy.resteasy-core@6.2.10.Final//org.jboss.resteasy.plugins.server.servlet.HttpServletDispatcher.service(HttpServletDispatcher.java:51)
54-opendolphin-server-modernized-dev  | 	at jakarta.servlet.api@6.0.0//jakarta.servlet.http.HttpServlet.service(HttpServlet.java:614)
55-opendolphin-server-modernized-dev  | 	at io.undertow.servlet@2.3.17.Final//io.undertow.servlet.handlers.ServletHandler.handleRequest(ServletHandler.java:74)
56-opendolphin-server-modernized-dev  | 	at io.undertow.servlet@2.3.17.Final//io.undertow.servlet.handlers.FilterHandler$FilterChainImpl.doFilter(FilterHandler.java:129)
57-opendolphin-server-modernized-dev  | 	at deployment.opendolphin-server.war//open.dolphin.rest.LogFilter.doFilter(LogFilter.java:111)
58-opendolphin-server-modernized-dev  | 	at io.undertow.servlet@2.3.17.Final//io.undertow.servlet.core.ManagedFilter.doFilter(ManagedFilter.java:67)
59-opendolphin-server-modernized-dev  | 	at io.undertow.servlet@2.3.17.Final//io.undertow.servlet.handlers.FilterHandler$FilterChainImpl.doFilter(FilterHandler.java:131)
60-opendolphin-server-modernized-dev  | 	at deployment.opendolphin-server.war//open.dolphin.rest.LogFilter.doFilter(LogFilter.java:111)
61-opendolphin-server-modernized-dev  | 	at io.undertow.servlet@2.3.17.Final//io.undertow.servlet.core.ManagedFilter.doFilter(ManagedFilter.java:67)
62-opendolphin-server-modernized-dev  | 	at io.undertow.servlet@2.3.17.Final//io.undertow.servlet.handlers.FilterHandler$FilterChainImpl.doFilter(FilterHandler.java:131)
63-opendolphin-server-modernized-dev  | 	at io.undertow.servlet@2.3.17.Final//io.undertow.servlet.handlers.FilterHandler.handleRequest(FilterHandler.java:84)
64-opendolphin-server-modernized-dev  | 	at io.undertow.servlet@2.3.17.Final//io.undertow.servlet.handlers.security.ServletSecurityRoleHandler.handleRequest(ServletSecurityRoleHandler.java:62)
