BEGIN
CREATE SEQUENCE
CREATE TABLE
CREATE TABLE
CREATE TABLE
CREATE TABLE
CREATE TABLE
CREATE TABLE
CREATE TABLE
CREATE TABLE
CREATE SEQUENCE
CREATE TABLE
CREATE INDEX
CREATE SEQUENCE
CREATE TABLE
CREATE INDEX
CREATE SEQUENCE
CREATE TABLE
CREATE INDEX
CREATE INDEX
CREATE SEQUENCE
CREATE TABLE
CREATE INDEX
INSERT 0 1
INSERT 0 0
INSERT 0 1
INSERT 0 1
INSERT 0 0
 id 
----
  3
(1 row)

INSERT 0 1
INSERT 0 1
INSERT 0 1
  id  
------
 7001
(1 row)

INSERT 0 1
INSERT 0 1
INSERT 0 1
INSERT 0 2
INSERT 0 1
 setval 
--------
     15
(1 row)

 setval 
--------
   9101
(1 row)

 setval 
--------
   9202
(1 row)

 setval 
--------
      9
(1 row)

COMMIT
